[INFO ] 2018-02-28 13:17:29.847 [main] RFBaseTest - Environment properties are not provided by the user ... loading the default properties
[INFO ] 2018-02-28 13:17:29.848 [main] RFBaseTest - Default Browser is  ------ chrome
[INFO ] 2018-02-28 13:17:29.848 [main] RFBaseTest - Default URL is  ------ https://skywalker.rodanandfields.com
[INFO ] 2018-02-28 13:17:29.848 [main] RFBaseTest - Default user password is  ------ 111Maiden$
[INFO ] 2018-02-28 13:17:29.848 [main] RFBaseTest - Default Country is  ------ us
[INFO ] 2018-02-28 13:17:29.848 [main] RFBaseTest - Default DB IP is  ------ 10.3.0.218
[INFO ] 2018-02-28 13:17:29.848 [main] RFBaseTest - Default DB Username is  ------ perftest
[INFO ] 2018-02-28 13:17:29.848 [main] RFBaseTest - Default DB Password is  ------ perftest
[INFO ] 2018-02-28 13:17:29.848 [main] RFBaseTest - Default DB Domain is  ------ RF
[INFO ] 2018-02-28 13:17:35.828 [main] RFWebsiteDriver - Window is maximized
[INFO ] 2018-02-28 13:17:35.828 [main] RFWebsiteDriver - All cookies deleted
[INFO ] 2018-02-28 13:17:35.828 [main] RFWebsiteDriver - URL opened is https://skywalker.rodanandfields.com
[INFO ] 2018-02-28 13:17:38.328 [main] RFLSDWebsiteBaseTest - Application loaded
[INFO ] 2018-02-28 13:17:38.346 [main] RFWebsiteDriver - DB connections are set
[INFO ] 2018-02-28 13:17:38.416 [main] DBUtil - QUERY TRIGGERED IS SELECT top 1 * FROM Commissions.[calcs].[vwQualificationSummary] where SV!=0 and PSQV!=0 and EClegs>2 and L1L2!=0 and L1L6!=0  and periodid= LEFT(CONVERT(varchar, GetDate(),112),6)  order by PeriodID desc

[INFO ] 2018-02-28 13:17:39.359 [main] RFLSDWebsiteBaseTest - Data returned by query: 2
[INFO ] 2018-02-28 13:17:39.360 [main] DBUtil - QUERY TRIGGERED IS SELECT  ab.AccountID ,ac.FirstName ,ac.LastName ,acs.Username FROM  RFOperations.RFO_Accounts.AccountBase ab JOIN RFOperations.RFO_Accounts.AccountRF rf ON rf.AccountID = ab.AccountID JOIN RFOperations.RFO_Accounts.AccountContacts ac ON ac.AccountId = ab.AccountID LEFT JOIN RFOperations.Security.AccountSecurity acs ON acs.AccountID = ab.AccountID LEFT JOIN RFOperations.RFO_Reference.AccountType t ON t.AccountTypeID = ab.AccountTypeID LEFT JOIN RFOperations.RFO_Reference.AccountStatus s ON s.AccountStatusID = ab.AccountStatusID LEFT JOIN RFOperations.RFO_Reference.Countries c ON c.CountryID = ab.CountryID WHERE   ab.AccountID = 2

[INFO ] 2018-02-28 13:17:39.445 [main] RFLSDWebsiteBaseTest - Data returned by query: 0
[INFO ] 2018-02-28 13:17:39.446 [main] DBUtil - QUERY TRIGGERED IS select EmailAddress from RFO_Accounts.AccountContacts acTB INNER JOIN RFO_Accounts.AccountEmails aeTB  on acTB.AccountContactId=aeTB.AccountContactId INNER JOIN RFO_Accounts.EmailAddresses aEMTB on aeTB.EmailAddressID=aEMTB.EmailAddressID WHERE acTB.AccountID='2' and aEMTB.EmailAddressTypeID=1 

[INFO ] 2018-02-28 13:17:39.527 [main] RFLSDWebsiteBaseTest - Data returned by query: noreply@rodanandfields.com
[INFO ] 2018-02-28 13:17:39.527 [main] RFWebsiteDriver - Waiting for LSD loading image to get disappear
[INFO ] 2018-02-28 13:17:40.554 [main] RFWebsiteDriver - waiting..
[INFO ] 2018-02-28 13:17:40.569 [main] RFWebsiteDriver - LSD loading image disappears
[INFO ] 2018-02-28 13:17:40.622 [main] RFWebsiteDriver - waiting for locator By.id: username
[INFO ] 2018-02-28 13:17:40.631 [main] RFWebsiteDriver - Element found
[INFO ] 2018-02-28 13:17:40.632 [main] RFWebsiteDriver - Taking Screenshot
[INFO ] 2018-02-28 13:17:41.221 [main] RFWebsiteDriver - wait started for By.id: username
[INFO ] 2018-02-28 13:17:41.221 [main] RFWebsiteDriver - waiting for locator By.id: username
[INFO ] 2018-02-28 13:17:41.231 [main] RFWebsiteDriver - Element found
[INFO ] 2018-02-28 13:17:41.396 [main] RFWebsiteDriver - TYPED text as = noreply@rodanandfields.com in  text field
[INFO ] 2018-02-28 13:17:41.396 [main] LSDLoginPage - username is noreply@rodanandfields.com
[INFO ] 2018-02-28 13:17:41.396 [main] RFWebsiteDriver - wait started for By.id: password
[INFO ] 2018-02-28 13:17:41.396 [main] RFWebsiteDriver - waiting for locator By.id: password
[INFO ] 2018-02-28 13:17:41.409 [main] RFWebsiteDriver - Element found
[INFO ] 2018-02-28 13:17:41.518 [main] RFWebsiteDriver - TYPED text as = 111Maiden$ in  text field
[INFO ] 2018-02-28 13:17:41.518 [main] LSDLoginPage - password is 111Maiden$
[INFO ] 2018-02-28 13:17:41.518 [main] RFWebsiteDriver - wait started for By.id: button-login
[INFO ] 2018-02-28 13:17:41.519 [main] RFWebsiteDriver - waiting for locator By.id: button-login
[INFO ] 2018-02-28 13:17:41.532 [main] RFWebsiteDriver - Element found
[INFO ] 2018-02-28 13:17:41.533 [main] RFWebsiteDriver -  ready to be clicked
[INFO ] 2018-02-28 13:17:41.601 [main] RFWebsiteDriver - CLICKED on 
[INFO ] 2018-02-28 13:18:03.731 [main] RFWebsiteDriver - URL opened is https://skywalker.rodanandfields.com
[INFO ] 2018-02-28 13:18:04.235 [main] RFWebsiteDriver - Waiting for LSD loading image to get disappear
[INFO ] 2018-02-28 13:18:04.785 [main] RFWebsiteDriver - LSD Animation image disappears
[INFO ] 2018-02-28 13:18:04.786 [main] RFWebsiteDriver - waiting for locator By.id: button-login
[INFO ] 2018-02-28 13:18:10.029 [main] RFWebsiteDriver - waiting for locator By.xpath: //div[text()='Hello,']/following-sibling::div[contains(@class,'text-uppercase')]
[INFO ] 2018-02-28 13:18:10.039 [main] RFWebsiteDriver - Element found
[INFO ] 2018-02-28 13:18:10.049 [main] RFWebsiteDriver - waiting for locator By.xpath: //div[text()='Hello,']/following-sibling::div[contains(@class,'text-uppercase')]
[INFO ] 2018-02-28 13:18:10.059 [main] RFWebsiteDriver - Element found
[INFO ] 2018-02-28 13:18:10.097 [main] RFWebsiteDriver - TEXT fetched for First name in overview section is=RF
[INFO ] 2018-02-28 13:18:10.097 [main] RFLSDWebsiteBaseTest - Data returned by query: RF
[INFO ] 2018-02-28 13:18:10.104 [main] RFWebsiteDriver - wait started for By.xpath: //div[@id='rf-nav-wrapper']/descendant::img[2]
[INFO ] 2018-02-28 13:18:10.105 [main] RFWebsiteDriver - waiting for locator By.xpath: //div[@id='rf-nav-wrapper']/descendant::img[2]
[INFO ] 2018-02-28 13:18:10.125 [main] RFWebsiteDriver - Element found
[INFO ] 2018-02-28 13:18:10.126 [main] RFWebsiteDriver - R+F logo ready to be clicked
[INFO ] 2018-02-28 13:18:10.208 [main] RFWebsiteDriver - CLICKED on R+F logo
[INFO ] 2018-02-28 13:18:10.319 [main] TestListner - 
******************************************************************************************************************************
					TEST CASE NAME:                  TotalNumberOfAllPCs_3349q
******************************************************************************************************************************
[INFO ] 2018-02-28 13:18:10.395 [main] RFWebsiteDriver - wait started for By.xpath: //div[@id='rf-nav-wrapper']/descendant::span[text()='Pulse'][1]
[INFO ] 2018-02-28 13:18:10.395 [main] RFWebsiteDriver - waiting for locator By.xpath: //div[@id='rf-nav-wrapper']/descendant::span[text()='Pulse'][1]
[INFO ] 2018-02-28 13:18:10.414 [main] RFWebsiteDriver - Element found
[INFO ] 2018-02-28 13:18:10.414 [main] RFWebsiteDriver -  ready to be clicked
[INFO ] 2018-02-28 13:18:10.503 [main] RFWebsiteDriver - CLICKED on 
[INFO ] 2018-02-28 13:18:10.504 [main] LSDHomePage - Clicked on Pulse Submenu from Top Navigation
[INFO ] 2018-02-28 13:18:10.572 [main] RFWebsiteDriver - wait started for By.xpath: //a[contains(text(),'Customers')]
[INFO ] 2018-02-28 13:18:10.572 [main] RFWebsiteDriver - waiting for locator By.xpath: //a[contains(text(),'Customers')]
[INFO ] 2018-02-28 13:18:10.585 [main] RFWebsiteDriver - Element found
[INFO ] 2018-02-28 13:18:10.585 [main] RFWebsiteDriver -  ready to be clicked
[INFO ] 2018-02-28 13:18:10.689 [main] RFWebsiteDriver - CLICKED on 
[INFO ] 2018-02-28 13:18:10.690 [main] LSDHomePage - SubMenu Link : Customers clicked
[INFO ] 2018-02-28 13:18:10.712 [main] RFWebsiteDriver - Waiting for spin image to get disappear1
[INFO ] 2018-02-28 13:18:11.725 [main] RFWebsiteDriver - waiting..
[INFO ] 2018-02-28 13:18:12.738 [main] RFWebsiteDriver - waiting..
[INFO ] 2018-02-28 13:18:13.749 [main] RFWebsiteDriver - waiting..
[INFO ] 2018-02-28 13:18:14.759 [main] RFWebsiteDriver - waiting..
[INFO ] 2018-02-28 13:18:15.771 [main] RFWebsiteDriver - waiting..
[INFO ] 2018-02-28 13:18:16.782 [main] RFWebsiteDriver - waiting..
[INFO ] 2018-02-28 13:18:17.794 [main] RFWebsiteDriver - waiting..
[INFO ] 2018-02-28 13:18:18.810 [main] RFWebsiteDriver - waiting..
[INFO ] 2018-02-28 13:18:19.820 [main] RFWebsiteDriver - waiting..
[INFO ] 2018-02-28 13:18:20.830 [main] RFWebsiteDriver - waiting..
[INFO ] 2018-02-28 13:18:20.868 [main] RFWebsiteDriver - Waiting for spin image to get disappear5
[INFO ] 2018-02-28 13:18:21.879 [main] RFWebsiteDriver - waiting..
[INFO ] 2018-02-28 13:18:22.893 [main] RFWebsiteDriver - waiting..
[INFO ] 2018-02-28 13:18:23.904 [main] RFWebsiteDriver - waiting..
[INFO ] 2018-02-28 13:18:24.915 [main] RFWebsiteDriver - waiting..
[INFO ] 2018-02-28 13:18:25.927 [main] RFWebsiteDriver - waiting..
[INFO ] 2018-02-28 13:18:26.938 [main] RFWebsiteDriver - waiting..
[INFO ] 2018-02-28 13:18:27.950 [main] RFWebsiteDriver - waiting..
[INFO ] 2018-02-28 13:18:28.975 [main] RFWebsiteDriver - waiting..
[INFO ] 2018-02-28 13:18:30.966 [main] RFWebsiteDriver - waiting..
[INFO ] 2018-02-28 13:18:32.854 [main] RFWebsiteDriver - waiting..
[INFO ] 2018-02-28 13:18:33.877 [main] RFWebsiteDriver - waiting..
[INFO ] 2018-02-28 13:18:34.992 [main] RFWebsiteDriver - waiting..
[INFO ] 2018-02-28 13:18:36.898 [main] RFWebsiteDriver - waiting..
[INFO ] 2018-02-28 13:18:37.923 [main] RFWebsiteDriver - waiting..
[INFO ] 2018-02-28 13:18:39.008 [main] RFWebsiteDriver - waiting..
[INFO ] 2018-02-28 13:18:40.028 [main] RFWebsiteDriver - waiting..
[INFO ] 2018-02-28 13:18:41.144 [main] RFWebsiteDriver - waiting..
[INFO ] 2018-02-28 13:18:42.164 [main] RFWebsiteDriver - waiting..
[INFO ] 2018-02-28 13:18:43.181 [main] RFWebsiteDriver - waiting..
[INFO ] 2018-02-28 13:18:44.204 [main] RFWebsiteDriver - waiting..
[INFO ] 2018-02-28 13:18:44.204 [main] RFWebsiteDriver - wait started for By.xpath: //h1[contains(text(),'Build Customer Loyalty')]/../preceding::span[1]
[INFO ] 2018-02-28 13:18:44.204 [main] RFWebsiteDriver - waiting for locator By.xpath: //h1[contains(text(),'Build Customer Loyalty')]/../preceding::span[1]
[INFO ] 2018-02-28 13:18:44.223 [main] RFWebsiteDriver - Element found
[INFO ] 2018-02-28 13:18:44.223 [main] RFWebsiteDriver - wait started for By.xpath: //h1[contains(text(),'Build Customer Loyalty')]/../preceding::span[1]
[INFO ] 2018-02-28 13:18:44.223 [main] RFWebsiteDriver - waiting for locator By.xpath: //h1[contains(text(),'Build Customer Loyalty')]/../preceding::span[1]
[INFO ] 2018-02-28 13:18:44.239 [main] RFWebsiteDriver - Element found
[INFO ] 2018-02-28 13:18:44.239 [main] RFWebsiteDriver - count of all pc customers ready to be clicked
[INFO ] 2018-02-28 13:18:44.335 [main] RFWebsiteDriver - CLICKED on count of all pc customers
[INFO ] 2018-02-28 13:18:44.336 [main] LSDCustomerPage - clicked in view PC customer link
[INFO ] 2018-02-28 13:18:44.337 [main] DBUtil - QUERY TRIGGERED IS  DECLARE @AccountId INT = 2 SELECT COUNT(DISTINCT sb.AccountID)[TotalPC] FROM RFOperations.RFO_Accounts.AccountBase ab JOIN RFOperations.RFO_Accounts.AccountRF rf ON rf.SponsorId = ab.AccountID AND ab.AccountID=@AccountId JOIN RFOperations.RFO_Accounts.AccountBase sb ON rf.AccountID = sb.AccountID WHERE sb.AccountTypeID = 2 AND rf.Active = 1 AND sb.AccountStatusID = 1 AND EXISTS (SELECT 1 FROM RFOperations.Hybris.Autoship a WHERE a.AccountID = sb.AccountID AND a.Active = 1 AND a.AutoshipTypeID = 1 AND CAST(a.NextRunDate AS DATE) BETWEEN DATEADD(DAY, 1, EOMONTH(DATEADD(MONTH,-1, GETDATE()))) AND EOMONTH(DATEADD(MONTH, 1, GETDATE())) ) GROUP BY ab.AccountID

[INFO ] 2018-02-28 13:18:49.212 [main] RFLSDWebsiteBaseTest - Data returned by query: 1170
[INFO ] 2018-02-28 13:18:49.228 [main] RFWebsiteDriver - Waiting for spin image to get disappear1
[INFO ] 2018-02-28 13:18:50.244 [main] RFWebsiteDriver - waiting..
[INFO ] 2018-02-28 13:18:51.264 [main] RFWebsiteDriver - waiting..
[INFO ] 2018-02-28 13:18:52.282 [main] RFWebsiteDriver - waiting..
[INFO ] 2018-02-28 13:18:53.305 [main] RFWebsiteDriver - waiting..
[INFO ] 2018-02-28 13:18:54.325 [main] RFWebsiteDriver - waiting..
[INFO ] 2018-02-28 13:18:55.876 [main] RFWebsiteDriver - waiting..
[INFO ] 2018-02-28 13:18:56.896 [main] RFWebsiteDriver - waiting..
[INFO ] 2018-02-28 13:18:57.911 [main] RFWebsiteDriver - waiting..
[INFO ] 2018-02-28 13:18:58.930 [main] RFWebsiteDriver - waiting..
[INFO ] 2018-02-28 13:18:59.947 [main] RFWebsiteDriver - waiting..
[INFO ] 2018-02-28 13:19:00.967 [main] RFWebsiteDriver - waiting..
[INFO ] 2018-02-28 13:19:01.985 [main] RFWebsiteDriver - waiting..
[INFO ] 2018-02-28 13:19:03.025 [main] RFWebsiteDriver - waiting..
[INFO ] 2018-02-28 13:19:04.062 [main] RFWebsiteDriver - waiting..
[INFO ] 2018-02-28 13:19:05.079 [main] RFWebsiteDriver - waiting..
[INFO ] 2018-02-28 13:19:06.095 [main] RFWebsiteDriver - waiting..
[INFO ] 2018-02-28 13:19:07.110 [main] RFWebsiteDriver - waiting..
[INFO ] 2018-02-28 13:19:08.132 [main] RFWebsiteDriver - waiting..
[INFO ] 2018-02-28 13:19:09.151 [main] RFWebsiteDriver - waiting..
[INFO ] 2018-02-28 13:19:10.170 [main] RFWebsiteDriver - waiting..
[INFO ] 2018-02-28 13:19:10.895 [main] RFWebsiteDriver - spin image disappears
[INFO ] 2018-02-28 13:19:10.895 [main] RFWebsiteDriver - waiting for locator By.xpath: //h1[contains(text(),'All Customers')]//preceding::span[1]
[INFO ] 2018-02-28 13:19:20.982 [main] TestListner - [TEST HAS FAILED-------- Test case TotalNumberOfAllPCs_3349q has failed] due to reason:-<br>  org.openqa.selenium.NoSuchElementException: no such element: Unable to locate element: {"method":"xpath","selector":"//h1[contains(text(),'All Customers')]//preceding::span[1]"}
  (Session info: chrome=64.0.3282.186)
  (Driver info: chromedriver=2.33.506120 (e3e53437346286c0bc2d2dc9aa4915ba81d9023f),platform=Windows NT 10.0.10586 x86_64) (WARNING: The server did not provide any stacktrace information)
Command duration or timeout: 0 milliseconds
For documentation on this error, please visit: http://seleniumhq.org/exceptions/no_such_element.html
Build info: version: '3.7.1', revision: '8a0099a', time: '2017-11-06T21:01:39.354Z'
System info: host: 'LD-4V2P3G2', ip: '10.6.64.235', os.name: 'Windows 10', os.arch: 'amd64', os.version: '10.0', java.version: '1.8.0_161'
Driver info: org.openqa.selenium.chrome.ChromeDriver
Capabilities {acceptSslCerts: true, applicationCacheEnabled: false, browserConnectionEnabled: false, browserName: chrome, chrome: {chromedriverVersion: 2.33.506120 (e3e53437346286..., userDataDir: C:\Users\BPKOTA~1\AppData\L...}, cssSelectorsEnabled: true, databaseEnabled: false, handlesAlerts: true, hasTouchScreen: false, javascriptEnabled: true, locationContextEnabled: true, mobileEmulationEnabled: false, nativeEvents: true, networkConnectionEnabled: false, pageLoadStrategy: normal, platform: XP, platformName: XP, rotatable: false, setWindowRect: true, takesHeapSnapshot: true, takesScreenshot: true, unexpectedAlertBehaviour: , unhandledPromptBehavior: , version: 64.0.3282.186, webStorageEnabled: true}
Session ID: 528941b826187c9e0dad3f09c7e51824
*** Element info: {Using=xpath, value=//h1[contains(text(),'All Customers')]//preceding::span[1]}
[INFO ] 2018-02-28 13:19:20.982 [main] RFWebsiteDriver - Taking Screenshot
[INFO ] 2018-02-28 13:19:21.388 [main] TestListner - Snapshot Path :<a href='C:\Users\bpkotamahanti\Bindu\Automation\qa-automation\output\Screenshots\TotalNumberOfAllPCs_3349q\TotalNumberOfAllPCs_3349q.png'>C:\Users\bpkotamahanti\Bindu\Automation\qa-automation\output\Screenshots\TotalNumberOfAllPCs_3349q\TotalNumberOfAllPCs_3349q.png</a>

[INFO ] 2018-02-28 13:19:21.414 [main] RFWebsiteDriver - URL opened is https://skywalker.rodanandfields.com
[INFO ] 2018-02-28 13:19:22.244 [main] RFWebsiteDriver - Waiting for LSD loading image to get disappear
[INFO ] 2018-02-28 13:19:22.975 [main] RFWebsiteDriver - LSD Animation image disappears
[INFO ] 2018-02-28 13:19:22.976 [main] RFWebsiteDriver - Waiting for LSD loading image to get disappear
[INFO ] 2018-02-28 13:19:24.010 [main] RFWebsiteDriver - waiting..
[INFO ] 2018-02-28 13:19:25.033 [main] RFWebsiteDriver - waiting..
[INFO ] 2018-02-28 13:19:25.057 [main] RFWebsiteDriver - LSD loading image disappears
[INFO ] 2018-02-28 13:19:25.057 [main] RFWebsiteDriver - waiting for locator By.xpath: //div[@id='rf-nav-wrapper']/descendant::span[text()='Pulse'][1]
[INFO ] 2018-02-28 13:19:25.074 [main] RFWebsiteDriver - Element found
[INFO ] 2018-02-28 13:19:25.074 [main] RFWebsiteDriver - wait started for By.xpath: //div[@id='rf-nav-wrapper']/descendant::span[text()='Pulse'][1]
[INFO ] 2018-02-28 13:19:25.074 [main] RFWebsiteDriver - waiting for locator By.xpath: //div[@id='rf-nav-wrapper']/descendant::span[text()='Pulse'][1]
[INFO ] 2018-02-28 13:19:25.092 [main] RFWebsiteDriver - Element found
[INFO ] 2018-02-28 13:19:25.092 [main] RFWebsiteDriver - Pulse in top navigation ready to be clicked
[INFO ] 2018-02-28 13:19:25.532 [main] RFWebsiteDriver - CLICKED on Pulse in top navigation
[INFO ] 2018-02-28 13:19:25.532 [main] LSDRFWebsiteBasePage - Pulse in top navigation clicked
[INFO ] 2018-02-28 13:19:25.532 [main] LSDRFWebsiteBasePage - Logging out from pulse application
[INFO ] 2018-02-28 13:19:25.652 [main] RFWebsiteDriver - CLICKED on 
[INFO ] 2018-02-28 13:19:25.653 [main] RFWebsiteDriver - Waiting for LSD loading image to get disappear
[INFO ] 2018-02-28 13:19:25.692 [main] RFWebsiteDriver - LSD loading image disappears
