[INFO ] 2018-03-02 17:11:47.167 [main] RFBaseTest - Environment properties are not provided by the user ... loading the default properties
[INFO ] 2018-03-02 17:11:47.170 [main] RFBaseTest - Default Browser is  ------ chrome
[INFO ] 2018-03-02 17:11:47.171 [main] RFBaseTest - Default URL is  ------ https://skywalker.rodanandfields.com
[INFO ] 2018-03-02 17:11:47.172 [main] RFBaseTest - Default user password is  ------ 111Maiden$
[INFO ] 2018-03-02 17:11:47.173 [main] RFBaseTest - Default Country is  ------ us
[INFO ] 2018-03-02 17:11:47.173 [main] RFBaseTest - Default DB IP is  ------ 10.3.0.218
[INFO ] 2018-03-02 17:11:47.173 [main] RFBaseTest - Default DB Username is  ------ perftest
[INFO ] 2018-03-02 17:11:47.174 [main] RFBaseTest - Default DB Password is  ------ perftest
[INFO ] 2018-03-02 17:11:47.174 [main] RFBaseTest - Default DB Domain is  ------ RF
[INFO ] 2018-03-02 17:11:53.514 [main] RFWebsiteDriver - Window is maximized
[INFO ] 2018-03-02 17:11:53.514 [main] RFWebsiteDriver - All cookies deleted
[INFO ] 2018-03-02 17:11:53.515 [main] RFWebsiteDriver - URL opened is https://skywalker.rodanandfields.com
[INFO ] 2018-03-02 17:11:55.129 [main] RFLSDWebsiteBaseTest - Application loaded
[INFO ] 2018-03-02 17:11:55.146 [main] RFWebsiteDriver - DB connections are set
[INFO ] 2018-03-02 17:12:05.914 [main] DBUtil - QUERY TRIGGERED IS SELECT top 1 * FROM Commissions.[calcs].[vwQualificationSummary] where SV!=0 and PSQV!=0 and L1L2!=0 and L1L6!=0 and ECLegs > 0 and periodid= LEFT(CONVERT(varchar, GetDate(),112),6)  order by NewID() desc

[INFO ] 2018-03-02 17:12:15.081 [main] RFLSDWebsiteBaseTest - Data returned by query: 2
[INFO ] 2018-03-02 17:12:16.042 [main] DBUtil - QUERY TRIGGERED IS SELECT  ab.AccountID ,ac.FirstName ,ac.LastName ,acs.Username FROM  RFOperations.RFO_Accounts.AccountBase ab JOIN RFOperations.RFO_Accounts.AccountRF rf ON rf.AccountID = ab.AccountID JOIN RFOperations.RFO_Accounts.AccountContacts ac ON ac.AccountId = ab.AccountID LEFT JOIN RFOperations.Security.AccountSecurity acs ON acs.AccountID = ab.AccountID LEFT JOIN RFOperations.RFO_Reference.AccountType t ON t.AccountTypeID = ab.AccountTypeID LEFT JOIN RFOperations.RFO_Reference.AccountStatus s ON s.AccountStatusID = ab.AccountStatusID LEFT JOIN RFOperations.RFO_Reference.Countries c ON c.CountryID = ab.CountryID WHERE   ab.AccountID = 2

[INFO ] 2018-03-02 17:12:17.218 [main] RFLSDWebsiteBaseTest - Data returned by query: 0
[INFO ] 2018-03-02 17:12:17.706 [main] DBUtil - QUERY TRIGGERED IS select EmailAddress from RFO_Accounts.AccountContacts acTB INNER JOIN RFO_Accounts.AccountEmails aeTB  on acTB.AccountContactId=aeTB.AccountContactId INNER JOIN RFO_Accounts.EmailAddresses aEMTB on aeTB.EmailAddressID=aEMTB.EmailAddressID WHERE acTB.AccountID='2' and aEMTB.EmailAddressTypeID=1 

[INFO ] 2018-03-02 17:12:19.184 [main] RFLSDWebsiteBaseTest - Data returned by query: noreply@rodanandfields.com
[INFO ] 2018-03-02 17:12:19.685 [main] RFWebsiteDriver - Waiting for LSD loading image to get disappear
[INFO ] 2018-03-02 17:12:19.808 [main] RFWebsiteDriver - LSD loading image disappears
[INFO ] 2018-03-02 17:12:21.651 [main] RFWebsiteDriver - waiting for locator By.id: username
[INFO ] 2018-03-02 17:12:21.737 [main] RFWebsiteDriver - Element found
[INFO ] 2018-03-02 17:12:21.743 [main] RFWebsiteDriver - Taking Screenshot
[INFO ] 2018-03-02 17:12:22.685 [main] RFWebsiteDriver - wait started for By.id: username
[INFO ] 2018-03-02 17:12:22.693 [main] RFWebsiteDriver - waiting for locator By.id: username
[INFO ] 2018-03-02 17:12:22.782 [main] RFWebsiteDriver - Element found
[INFO ] 2018-03-02 17:12:23.194 [main] RFWebsiteDriver - TYPED text as = noreply@rodanandfields.com in  text field
[INFO ] 2018-03-02 17:12:23.201 [main] LSDLoginPage - username is noreply@rodanandfields.com
[INFO ] 2018-03-02 17:12:25.613 [main] RFWebsiteDriver - wait started for By.id: password
[INFO ] 2018-03-02 17:12:25.614 [main] RFWebsiteDriver - waiting for locator By.id: password
[INFO ] 2018-03-02 17:12:25.644 [main] RFWebsiteDriver - Element found
[INFO ] 2018-03-02 17:12:25.781 [main] RFWebsiteDriver - TYPED text as = 111Maiden$ in  text field
[INFO ] 2018-03-02 17:12:25.782 [main] LSDLoginPage - password is 111Maiden$
[INFO ] 2018-03-02 17:12:25.783 [main] RFWebsiteDriver - wait started for By.id: button-login
[INFO ] 2018-03-02 17:12:25.784 [main] RFWebsiteDriver - waiting for locator By.id: button-login
[INFO ] 2018-03-02 17:12:25.804 [main] RFWebsiteDriver - Element found
[INFO ] 2018-03-02 17:12:25.804 [main] RFWebsiteDriver -  ready to be clicked
[INFO ] 2018-03-02 17:12:25.889 [main] RFWebsiteDriver - CLICKED on 
[INFO ] 2018-03-02 17:12:53.072 [main] RFWebsiteDriver - URL opened is https://skywalker.rodanandfields.com
[INFO ] 2018-03-02 17:12:53.628 [main] RFWebsiteDriver - Waiting for LSD loading image to get disappear
[INFO ] 2018-03-02 17:12:53.761 [main] RFWebsiteDriver - LSD Animation image disappears
[INFO ] 2018-03-02 17:12:53.762 [main] RFWebsiteDriver - waiting for locator By.id: button-login
[INFO ] 2018-03-02 17:12:54.893 [main] RFWebsiteDriver - Element found
[INFO ] 2018-03-02 17:12:54.916 [main] RFWebsiteDriver - waiting for locator By.id: username
[INFO ] 2018-03-02 17:12:54.926 [main] RFWebsiteDriver - Element found
[INFO ] 2018-03-02 17:12:54.926 [main] RFWebsiteDriver - Taking Screenshot
[INFO ] 2018-03-02 17:12:55.263 [main] RFWebsiteDriver - wait started for By.id: username
[INFO ] 2018-03-02 17:12:55.263 [main] RFWebsiteDriver - waiting for locator By.id: username
[INFO ] 2018-03-02 17:12:55.276 [main] RFWebsiteDriver - Element found
[INFO ] 2018-03-02 17:12:55.423 [main] RFWebsiteDriver - TYPED text as = noreply@rodanandfields.com in  text field
[INFO ] 2018-03-02 17:12:55.423 [main] LSDLoginPage - username is noreply@rodanandfields.com
[INFO ] 2018-03-02 17:12:55.423 [main] RFWebsiteDriver - wait started for By.id: password
[INFO ] 2018-03-02 17:12:55.424 [main] RFWebsiteDriver - waiting for locator By.id: password
[INFO ] 2018-03-02 17:12:55.433 [main] RFWebsiteDriver - Element found
[INFO ] 2018-03-02 17:12:55.538 [main] RFWebsiteDriver - TYPED text as = 111Maiden$ in  text field
[INFO ] 2018-03-02 17:12:55.538 [main] LSDLoginPage - password is 111Maiden$
[INFO ] 2018-03-02 17:12:55.538 [main] RFWebsiteDriver - wait started for By.id: button-login
[INFO ] 2018-03-02 17:12:55.538 [main] RFWebsiteDriver - waiting for locator By.id: button-login
[INFO ] 2018-03-02 17:12:55.552 [main] RFWebsiteDriver - Element found
[INFO ] 2018-03-02 17:12:55.552 [main] RFWebsiteDriver -  ready to be clicked
[INFO ] 2018-03-02 17:12:55.635 [main] RFWebsiteDriver - CLICKED on 
[INFO ] 2018-03-02 17:13:02.810 [main] RFWebsiteDriver - wait started for By.xpath: //div[@id='rf-nav-wrapper']/descendant::img[2]
[INFO ] 2018-03-02 17:13:02.811 [main] RFWebsiteDriver - waiting for locator By.xpath: //div[@id='rf-nav-wrapper']/descendant::img[2]
[INFO ] 2018-03-02 17:13:02.830 [main] RFWebsiteDriver - Element found
[INFO ] 2018-03-02 17:13:02.830 [main] RFWebsiteDriver - R+F logo ready to be clicked
[INFO ] 2018-03-02 17:13:02.917 [main] RFWebsiteDriver - CLICKED on R+F logo
[INFO ] 2018-03-02 17:13:03.022 [main] TestListner - 
******************************************************************************************************************************
					TEST CASE NAME:                  testTotalNumberOfPCsThisMonth_3013q
******************************************************************************************************************************
[INFO ] 2018-03-02 17:13:22.792 [main] RFWebsiteDriver - wait started for By.xpath: //div[@id='rf-nav-wrapper']/descendant::span[text()='Pulse'][1]
[INFO ] 2018-03-02 17:13:22.804 [main] RFWebsiteDriver - waiting for locator By.xpath: //div[@id='rf-nav-wrapper']/descendant::span[text()='Pulse'][1]
[INFO ] 2018-03-02 17:13:22.893 [main] RFWebsiteDriver - Element found
[INFO ] 2018-03-02 17:13:22.899 [main] RFWebsiteDriver -  ready to be clicked
[INFO ] 2018-03-02 17:13:23.105 [main] RFWebsiteDriver - CLICKED on 
[INFO ] 2018-03-02 17:13:23.111 [main] LSDHomePage - Clicked on Pulse Submenu from Top Navigation
[INFO ] 2018-03-02 17:13:23.332 [main] RFWebsiteDriver - wait started for By.xpath: //a[contains(text(),'Customers')]
[INFO ] 2018-03-02 17:13:23.340 [main] RFWebsiteDriver - waiting for locator By.xpath: //a[contains(text(),'Customers')]
[INFO ] 2018-03-02 17:13:23.419 [main] RFWebsiteDriver - Element found
[INFO ] 2018-03-02 17:13:23.425 [main] RFWebsiteDriver -  ready to be clicked
[INFO ] 2018-03-02 17:13:23.620 [main] RFWebsiteDriver - CLICKED on 
[INFO ] 2018-03-02 17:13:23.627 [main] LSDHomePage - SubMenu Link : Customers clicked
[INFO ] 2018-03-02 17:13:23.710 [main] RFWebsiteDriver - Waiting for spin image to get disappear0
[INFO ] 2018-03-02 17:13:23.787 [main] RFWebsiteDriver - spin image disappears
[INFO ] 2018-03-02 17:13:51.029 [main] DBUtil - QUERY TRIGGERED IS DECLARE @AccountID INT = 2 ;WITH PCAchievedOrders AS ( SELECT COUNT( ro.OrderID) Ocount , ro.ConsultantID FROM RFOperations.Hybris.orders (NOLOCK) ro JOIN RFOperations.RFO_Accounts.AccountBase ab ON ab.AccountID = ro.AccountID WHERE ro.ConsultantID = @AccountID AND ro.OrderStatusID IN ( 2, 4, 5 ) AND ab.AccountTypeID = 2 AND ro.CompletionDate BETWEEN CAST(DATEADD(DAY, 1, DATEADD(MONTH, -1, EOMONTH(GETDATE()))) AS DATE) AND GETDATE() AND ro.AutoShipID IS NOT NULL GROUP BY ro.ConsultantID ), PenddingPCTemplate AS ( SELECT COUNT( a.AutoshipID) PCount , a.ConsultantID FROM RFOperations.Hybris.Autoship (NOLOCK) a JOIN RFOperations.RFO_Accounts.AccountBase (NOLOCK) ab ON ab.AccountID = a.AccountID JOIN RFOperations.RFO_Accounts.AccountContacts ac ON ac.AccountId = ab.AccountID WHERE a.ConsultantID = @AccountID AND a.AutoshipTypeID = 1 AND ab.AccountTypeID = 2 AND a.Active = 1 AND CAST(a.NextRunDate AS DATE) BETWEEN CAST(DATEADD(DAY, 1, DATEADD(MONTH, -1, EOMONTH(GETDATE()))) AS DATE) AND EOMONTH(GETDATE()) GROUP BY a.ConsultantID ) SELECT ab.AccountID , ISNULL(p.PCount, 0) + ISNULL(o.Ocount, 0) AS [Totol PC Order Counts] FROM RFOperations.RFO_Accounts.AccountBase ab LEFT JOIN PCAchievedOrders o ON o.ConsultantID = ab.AccountID LEFT JOIN PenddingPCTemplate p ON p.ConsultantID = ab.AccountID WHERE ab.AccountID = @AccountID

[INFO ] 2018-03-02 17:14:00.008 [main] RFLSDWebsiteBaseTest - Data returned by query: 72
[INFO ] 2018-03-02 17:14:08.926 [main] RFWebsiteDriver - wait started for By.xpath: //div[@id='rf-nav-wrapper']/descendant::span[text()='Pulse'][1]
[INFO ] 2018-03-02 17:14:08.956 [main] RFWebsiteDriver - waiting for locator By.xpath: //div[@id='rf-nav-wrapper']/descendant::span[text()='Pulse'][1]
[INFO ] 2018-03-02 17:14:09.046 [main] RFWebsiteDriver - Element found
[INFO ] 2018-03-02 17:14:09.052 [main] RFWebsiteDriver -  ready to be clicked
[INFO ] 2018-03-02 17:14:09.213 [main] RFWebsiteDriver - CLICKED on 
[INFO ] 2018-03-02 17:14:09.218 [main] LSDHomePage - Clicked on Pulse Submenu from Top Navigation
[INFO ] 2018-03-02 17:14:09.415 [main] RFWebsiteDriver - wait started for By.xpath: //a[contains(text(),'Customers')]
[INFO ] 2018-03-02 17:14:09.424 [main] RFWebsiteDriver - waiting for locator By.xpath: //a[contains(text(),'Customers')]
[INFO ] 2018-03-02 17:14:09.501 [main] RFWebsiteDriver - Element found
[INFO ] 2018-03-02 17:14:09.507 [main] RFWebsiteDriver -  ready to be clicked
[INFO ] 2018-03-02 17:14:09.678 [main] RFWebsiteDriver - CLICKED on 
[INFO ] 2018-03-02 17:14:09.688 [main] LSDHomePage - SubMenu Link : Customers clicked
[INFO ] 2018-03-02 17:14:09.771 [main] RFWebsiteDriver - Waiting for spin image to get disappear0
[INFO ] 2018-03-02 17:14:09.838 [main] RFWebsiteDriver - spin image disappears
[INFO ] 2018-03-02 17:14:22.624 [main] RFWebsiteDriver - Waiting for spin image to get disappear0
[INFO ] 2018-03-02 17:14:22.693 [main] RFWebsiteDriver - spin image disappears
[INFO ] 2018-03-02 17:14:22.700 [main] RFWebsiteDriver - waiting for locator By.xpath: //div[contains(@class,'white-fb')]/descendant::a[1]/descendant::span[2]
[INFO ] 2018-03-02 17:14:22.788 [main] RFWebsiteDriver - Element found
[INFO ] 2018-03-02 17:14:23.928 [main] RFWebsiteDriver - TEXT fetched for count of pc autoship orders for this month is=71
[INFO ] 2018-03-02 17:15:19.803 [main] SoftAssert - VERIFICATION FAILED: Expected count of order is 72 actual on UI is 71 expected [true] but found [false]
[INFO ] 2018-03-02 17:15:19.810 [main] SoftAssert - Expected: true
[INFO ] 2018-03-02 17:15:19.817 [main] SoftAssert - Actual: false
[INFO ] 2018-03-02 17:15:19.823 [main] RFWebsiteDriver - Taking Screenshot
[INFO ] 2018-03-02 17:15:20.365 [main] SoftAssert - Snapshot Path :<a href='C:\Users\bpkotamahanti\Bindu\Automation\qa-automation\output\Screenshots\testTotalNumberOfPCsThisMonth_3013q\Expected count of order is 72 actual on UI is 71 expected [true] but found [false].png'>C:\Users\bpkotamahanti\Bindu\Automation\qa-automation\output\Screenshots\testTotalNumberOfPCsThisMonth_3013q\Expected count of order is 72 actual on UI is 71 expected [true] but found [false].png</a>

[INFO ] 2018-03-02 17:15:34.309 [main] RFWebsiteDriver - wait started for By.xpath: //div[contains(@class,'white-fb')]/descendant::a[1]/descendant::span[1]
[INFO ] 2018-03-02 17:15:34.317 [main] RFWebsiteDriver - waiting for locator By.xpath: //div[contains(@class,'white-fb')]/descendant::a[1]/descendant::span[1]
[INFO ] 2018-03-02 17:15:34.408 [main] RFWebsiteDriver - Element found
[INFO ] 2018-03-02 17:15:34.414 [main] RFWebsiteDriver - have orders for this month ready to be clicked
[INFO ] 2018-03-02 17:15:34.612 [main] RFWebsiteDriver - CLICKED on have orders for this month
[INFO ] 2018-03-02 17:15:35.347 [main] RFWebsiteDriver - CLICKED on 
[INFO ] 2018-03-02 17:15:49.408 [main] RFWebsiteDriver - wait started for By.xpath: //h1[contains(text(),'have orders this month')]/preceding::span[1]
[INFO ] 2018-03-02 17:15:49.418 [main] RFWebsiteDriver - waiting for locator By.xpath: //h1[contains(text(),'have orders this month')]/preceding::span[1]
[INFO ] 2018-03-02 17:15:49.517 [main] RFWebsiteDriver - Element found
[INFO ] 2018-03-02 17:15:49.526 [main] RFWebsiteDriver - waiting for locator By.xpath: //h1[contains(text(),'have orders this month')]/preceding::span[1]
[INFO ] 2018-03-02 17:15:49.616 [main] RFWebsiteDriver - Element found
[INFO ] 2018-03-02 17:15:49.786 [main] RFWebsiteDriver - TEXT fetched for count of pc autoship orders for this month at header is=71
[INFO ] 2018-03-02 17:16:06.341 [main] SoftAssert - VERIFICATION FAILED: Expected count of order at header is 72 actual on UI is 71 expected [true] but found [false]
[INFO ] 2018-03-02 17:16:06.348 [main] SoftAssert - Expected: true
[INFO ] 2018-03-02 17:16:06.353 [main] SoftAssert - Actual: false
[INFO ] 2018-03-02 17:16:06.360 [main] RFWebsiteDriver - Taking Screenshot
[INFO ] 2018-03-02 17:16:07.204 [main] SoftAssert - Snapshot Path :<a href='C:\Users\bpkotamahanti\Bindu\Automation\qa-automation\output\Screenshots\testTotalNumberOfPCsThisMonth_3013q\Expected count of order at header is 72 actual on UI is 71 expected [true] but found [false].png'>C:\Users\bpkotamahanti\Bindu\Automation\qa-automation\output\Screenshots\testTotalNumberOfPCsThisMonth_3013q\Expected count of order at header is 72 actual on UI is 71 expected [true] but found [false].png</a>

[INFO ] 2018-03-02 17:16:11.294 [main] TestListner - [TEST HAS FAILED-------- Test case testTotalNumberOfPCsThisMonth_3013q has failed] due to reason:-<br>  java.lang.AssertionError: 1.Expected count of order at header is 72 actual on UI is 71

 1.Expected count of order is 72 actual on UI is 71

[INFO ] 2018-03-02 17:16:11.334 [main] RFWebsiteDriver - URL opened is https://skywalker.rodanandfields.com
[INFO ] 2018-03-02 17:16:11.852 [main] RFWebsiteDriver - Waiting for LSD loading image to get disappear
[INFO ] 2018-03-02 17:16:11.971 [main] RFWebsiteDriver - LSD Animation image disappears
[INFO ] 2018-03-02 17:16:11.971 [main] RFWebsiteDriver - Waiting for LSD loading image to get disappear
[INFO ] 2018-03-02 17:16:13.120 [main] RFWebsiteDriver - waiting..
[INFO ] 2018-03-02 17:16:14.148 [main] RFWebsiteDriver - waiting..
[INFO ] 2018-03-02 17:16:14.194 [main] RFWebsiteDriver - LSD loading image disappears
[INFO ] 2018-03-02 17:16:14.195 [main] RFWebsiteDriver - waiting for locator By.xpath: //div[@id='rf-nav-wrapper']/descendant::span[text()='Pulse'][1]
[INFO ] 2018-03-02 17:16:14.229 [main] RFWebsiteDriver - Element found
[INFO ] 2018-03-02 17:16:14.229 [main] RFWebsiteDriver - wait started for By.xpath: //div[@id='rf-nav-wrapper']/descendant::span[text()='Pulse'][1]
[INFO ] 2018-03-02 17:16:14.229 [main] RFWebsiteDriver - waiting for locator By.xpath: //div[@id='rf-nav-wrapper']/descendant::span[text()='Pulse'][1]
[INFO ] 2018-03-02 17:16:14.250 [main] RFWebsiteDriver - Element found
[INFO ] 2018-03-02 17:16:14.251 [main] RFWebsiteDriver - Pulse in top navigation ready to be clicked
[INFO ] 2018-03-02 17:16:14.358 [main] RFWebsiteDriver - CLICKED on Pulse in top navigation
[INFO ] 2018-03-02 17:16:14.358 [main] LSDRFWebsiteBasePage - Pulse in top navigation clicked
[INFO ] 2018-03-02 17:16:14.359 [main] LSDRFWebsiteBasePage - Logging out from pulse application
[INFO ] 2018-03-02 17:16:14.490 [main] RFWebsiteDriver - CLICKED on 
[INFO ] 2018-03-02 17:16:14.490 [main] RFWebsiteDriver - Waiting for LSD loading image to get disappear
[INFO ] 2018-03-02 17:16:14.508 [main] RFWebsiteDriver - LSD loading image disappears
