[INFO ] 2018-03-05 12:40:52.855 [main] RFBaseTest - Environment properties are not provided by the user ... loading the default properties
[INFO ] 2018-03-05 12:40:52.855 [main] RFBaseTest - Default Browser is  ------ chrome
[INFO ] 2018-03-05 12:40:52.855 [main] RFBaseTest - Default URL is  ------ https://skywalker.rodanandfields.com
[INFO ] 2018-03-05 12:40:52.855 [main] RFBaseTest - Default user password is  ------ 111Maiden$
[INFO ] 2018-03-05 12:40:52.855 [main] RFBaseTest - Default Country is  ------ us
[INFO ] 2018-03-05 12:40:52.855 [main] RFBaseTest - Default DB IP is  ------ 10.3.0.218
[INFO ] 2018-03-05 12:40:52.855 [main] RFBaseTest - Default DB Username is  ------ perftest
[INFO ] 2018-03-05 12:40:52.855 [main] RFBaseTest - Default DB Password is  ------ perftest
[INFO ] 2018-03-05 12:40:52.856 [main] RFBaseTest - Default DB Domain is  ------ RF
[INFO ] 2018-03-05 12:40:57.994 [main] RFWebsiteDriver - Window is maximized
[INFO ] 2018-03-05 12:40:57.995 [main] RFWebsiteDriver - All cookies deleted
[INFO ] 2018-03-05 12:40:57.995 [main] RFWebsiteDriver - URL opened is https://skywalker.rodanandfields.com
[INFO ] 2018-03-05 12:40:59.410 [main] RFLSDWebsiteBaseTest - Application loaded
[INFO ] 2018-03-05 12:40:59.430 [main] RFWebsiteDriver - DB connections are set
[INFO ] 2018-03-05 12:40:59.502 [main] DBUtil - QUERY TRIGGERED IS SELECT top 1 * FROM Commissions.[calcs].[vwQualificationSummary] where SV!=0 and PSQV!=0 and L1L2!=0 and L1L6!=0 and ECLegs > 0 and periodid= LEFT(CONVERT(varchar, GetDate(),112),6)  order by NewID() desc

[INFO ] 2018-03-05 12:40:59.982 [main] RFLSDWebsiteBaseTest - Data returned by query: 1496
[INFO ] 2018-03-05 12:40:59.983 [main] DBUtil - QUERY TRIGGERED IS SELECT  ab.AccountID ,ac.FirstName ,ac.LastName ,acs.Username FROM  RFOperations.RFO_Accounts.AccountBase ab JOIN RFOperations.RFO_Accounts.AccountRF rf ON rf.AccountID = ab.AccountID JOIN RFOperations.RFO_Accounts.AccountContacts ac ON ac.AccountId = ab.AccountID LEFT JOIN RFOperations.Security.AccountSecurity acs ON acs.AccountID = ab.AccountID LEFT JOIN RFOperations.RFO_Reference.AccountType t ON t.AccountTypeID = ab.AccountTypeID LEFT JOIN RFOperations.RFO_Reference.AccountStatus s ON s.AccountStatusID = ab.AccountStatusID LEFT JOIN RFOperations.RFO_Reference.Countries c ON c.CountryID = ab.CountryID WHERE   ab.AccountID = 1496

[INFO ] 2018-03-05 12:41:00.083 [main] RFLSDWebsiteBaseTest - Data returned by query: skincareconsultants@gmail.com
[INFO ] 2018-03-05 12:41:00.084 [main] DBUtil - QUERY TRIGGERED IS select EmailAddress from RFO_Accounts.AccountContacts acTB INNER JOIN RFO_Accounts.AccountEmails aeTB  on acTB.AccountContactId=aeTB.AccountContactId INNER JOIN RFO_Accounts.EmailAddresses aEMTB on aeTB.EmailAddressID=aEMTB.EmailAddressID WHERE acTB.AccountID='1496' and aEMTB.EmailAddressTypeID=1 

[INFO ] 2018-03-05 12:41:00.175 [main] RFLSDWebsiteBaseTest - Data returned by query: skincareconsultants@gmail.com
[INFO ] 2018-03-05 12:41:00.176 [main] RFWebsiteDriver - Waiting for LSD loading image to get disappear
[INFO ] 2018-03-05 12:41:01.203 [main] RFWebsiteDriver - waiting..
[INFO ] 2018-03-05 12:41:01.228 [main] RFWebsiteDriver - LSD loading image disappears
[INFO ] 2018-03-05 12:41:01.292 [main] RFWebsiteDriver - waiting for locator By.id: username
[INFO ] 2018-03-05 12:41:01.301 [main] RFWebsiteDriver - Element found
[INFO ] 2018-03-05 12:41:01.301 [main] RFWebsiteDriver - Taking Screenshot
[INFO ] 2018-03-05 12:41:01.838 [main] RFWebsiteDriver - wait started for By.id: username
[INFO ] 2018-03-05 12:41:01.839 [main] RFWebsiteDriver - waiting for locator By.id: username
[INFO ] 2018-03-05 12:41:01.849 [main] RFWebsiteDriver - Element found
[INFO ] 2018-03-05 12:41:02.027 [main] RFWebsiteDriver - TYPED text as = skincareconsultants@gmail.com in  text field
[INFO ] 2018-03-05 12:41:02.027 [main] LSDLoginPage - username is skincareconsultants@gmail.com
[INFO ] 2018-03-05 12:41:02.027 [main] RFWebsiteDriver - wait started for By.id: password
[INFO ] 2018-03-05 12:41:02.027 [main] RFWebsiteDriver - waiting for locator By.id: password
[INFO ] 2018-03-05 12:41:02.044 [main] RFWebsiteDriver - Element found
[INFO ] 2018-03-05 12:41:02.162 [main] RFWebsiteDriver - TYPED text as = 111Maiden$ in  text field
[INFO ] 2018-03-05 12:41:02.163 [main] LSDLoginPage - password is 111Maiden$
[INFO ] 2018-03-05 12:41:02.163 [main] RFWebsiteDriver - wait started for By.id: button-login
[INFO ] 2018-03-05 12:41:02.163 [main] RFWebsiteDriver - waiting for locator By.id: button-login
[INFO ] 2018-03-05 12:41:02.177 [main] RFWebsiteDriver - Element found
[INFO ] 2018-03-05 12:41:02.177 [main] RFWebsiteDriver -  ready to be clicked
[INFO ] 2018-03-05 12:41:02.249 [main] RFWebsiteDriver - CLICKED on 
[INFO ] 2018-03-05 12:41:16.202 [main] RFWebsiteDriver - URL opened is https://skywalker.rodanandfields.com
[INFO ] 2018-03-05 12:41:16.666 [main] RFWebsiteDriver - Waiting for LSD loading image to get disappear
[INFO ] 2018-03-05 12:41:16.785 [main] RFWebsiteDriver - LSD Animation image disappears
[INFO ] 2018-03-05 12:41:16.785 [main] RFWebsiteDriver - waiting for locator By.id: button-login
[INFO ] 2018-03-05 12:41:22.234 [main] RFWebsiteDriver - waiting for locator By.xpath: //div[text()='Hello,']/following-sibling::div[contains(@class,'text-uppercase')]
[INFO ] 2018-03-05 12:41:22.242 [main] RFWebsiteDriver - Element found
[INFO ] 2018-03-05 12:41:22.253 [main] RFWebsiteDriver - waiting for locator By.xpath: //div[text()='Hello,']/following-sibling::div[contains(@class,'text-uppercase')]
[INFO ] 2018-03-05 12:41:22.262 [main] RFWebsiteDriver - Element found
[INFO ] 2018-03-05 12:41:22.297 [main] RFWebsiteDriver - TEXT fetched for First name in overview section is=SARAH
[INFO ] 2018-03-05 12:41:22.298 [main] RFLSDWebsiteBaseTest - Data returned by query: Sarah
[INFO ] 2018-03-05 12:41:22.303 [main] RFWebsiteDriver - wait started for By.xpath: //div[@id='rf-nav-wrapper']/descendant::img[2]
[INFO ] 2018-03-05 12:41:22.304 [main] RFWebsiteDriver - waiting for locator By.xpath: //div[@id='rf-nav-wrapper']/descendant::img[2]
[INFO ] 2018-03-05 12:41:22.323 [main] RFWebsiteDriver - Element found
[INFO ] 2018-03-05 12:41:22.323 [main] RFWebsiteDriver - R+F logo ready to be clicked
[INFO ] 2018-03-05 12:41:22.409 [main] RFWebsiteDriver - CLICKED on R+F logo
[INFO ] 2018-03-05 12:41:22.499 [main] TestListner - 
******************************************************************************************************************************
					TEST CASE NAME:                  testSortingMenuForThisMonth_3000q
******************************************************************************************************************************
[INFO ] 2018-03-05 12:41:22.540 [main] RFWebsiteDriver - wait started for By.xpath: //div[@id='rf-nav-wrapper']/descendant::span[text()='Pulse'][1]
[INFO ] 2018-03-05 12:41:22.540 [main] RFWebsiteDriver - waiting for locator By.xpath: //div[@id='rf-nav-wrapper']/descendant::span[text()='Pulse'][1]
[INFO ] 2018-03-05 12:41:22.558 [main] RFWebsiteDriver - Element found
[INFO ] 2018-03-05 12:41:22.558 [main] RFWebsiteDriver -  ready to be clicked
[INFO ] 2018-03-05 12:41:22.638 [main] RFWebsiteDriver - CLICKED on 
[INFO ] 2018-03-05 12:41:22.638 [main] LSDHomePage - Clicked on Pulse Submenu from Top Navigation
[INFO ] 2018-03-05 12:41:22.683 [main] RFWebsiteDriver - wait started for By.xpath: //a[contains(text(),'Customers')]
[INFO ] 2018-03-05 12:41:22.684 [main] RFWebsiteDriver - waiting for locator By.xpath: //a[contains(text(),'Customers')]
[INFO ] 2018-03-05 12:41:22.692 [main] RFWebsiteDriver - Element found
[INFO ] 2018-03-05 12:41:22.692 [main] RFWebsiteDriver -  ready to be clicked
[INFO ] 2018-03-05 12:41:22.774 [main] RFWebsiteDriver - CLICKED on 
[INFO ] 2018-03-05 12:41:22.774 [main] LSDHomePage - SubMenu Link : Customers clicked
[INFO ] 2018-03-05 12:41:22.795 [main] RFWebsiteDriver - Waiting for spin image to get disappear0
[INFO ] 2018-03-05 12:41:22.806 [main] RFWebsiteDriver - spin image disappears
[INFO ] 2018-03-05 12:41:33.807 [main] RFWebsiteDriver - wait started for By.xpath: //div[contains(@class,'white-fb')]/descendant::a[1]/descendant::span[1]
[INFO ] 2018-03-05 12:41:33.807 [main] RFWebsiteDriver - waiting for locator By.xpath: //div[contains(@class,'white-fb')]/descendant::a[1]/descendant::span[1]
[INFO ] 2018-03-05 12:41:33.840 [main] RFWebsiteDriver - Element found
[INFO ] 2018-03-05 12:41:33.840 [main] RFWebsiteDriver - have orders for this month ready to be clicked
[INFO ] 2018-03-05 12:41:33.918 [main] RFWebsiteDriver - CLICKED on have orders for this month
[INFO ] 2018-03-05 12:41:34.044 [main] RFWebsiteDriver - CLICKED on 
[INFO ] 2018-03-05 12:41:34.052 [main] RFWebsiteDriver - current URL is https://skywalker.rodanandfields.com/#/pcs/have-orders
[INFO ] 2018-03-05 12:41:34.054 [main] RFWebsiteDriver - wait started for By.xpath: //span[contains(text(),'Sorted by')]
[INFO ] 2018-03-05 12:41:34.055 [main] RFWebsiteDriver - waiting for locator By.xpath: //span[contains(text(),'Sorted by')]
[INFO ] 2018-03-05 12:41:34.597 [main] RFWebsiteDriver - Element found
[INFO ] 2018-03-05 12:41:34.598 [main] RFWebsiteDriver - filter ready to be clicked
[INFO ] 2018-03-05 12:41:34.669 [main] RFWebsiteDriver - CLICKED on filter
[INFO ] 2018-03-05 12:41:35.350 [main] TestListner - [TEST IS SUCCESSFUL -------- Test case testSortingMenuForThisMonth_3000q has passed]
[INFO ] 2018-03-05 12:41:35.365 [main] RFWebsiteDriver - URL opened is https://skywalker.rodanandfields.com
[INFO ] 2018-03-05 12:41:35.853 [main] RFWebsiteDriver - Waiting for LSD loading image to get disappear
[INFO ] 2018-03-05 12:41:35.943 [main] RFWebsiteDriver - LSD Animation image disappears
[INFO ] 2018-03-05 12:41:35.944 [main] RFWebsiteDriver - Waiting for LSD loading image to get disappear
[INFO ] 2018-03-05 12:41:37.028 [main] RFWebsiteDriver - waiting..
[INFO ] 2018-03-05 12:41:38.040 [main] RFWebsiteDriver - waiting..
[INFO ] 2018-03-05 12:41:39.062 [main] RFWebsiteDriver - waiting..
[INFO ] 2018-03-05 12:41:40.082 [main] RFWebsiteDriver - waiting..
[INFO ] 2018-03-05 12:41:40.106 [main] RFWebsiteDriver - LSD loading image disappears
[INFO ] 2018-03-05 12:41:40.107 [main] RFWebsiteDriver - waiting for locator By.xpath: //div[@id='rf-nav-wrapper']/descendant::span[text()='Pulse'][1]
[INFO ] 2018-03-05 12:41:40.139 [main] RFWebsiteDriver - Element found
[INFO ] 2018-03-05 12:41:40.139 [main] RFWebsiteDriver - wait started for By.xpath: //div[@id='rf-nav-wrapper']/descendant::span[text()='Pulse'][1]
[INFO ] 2018-03-05 12:41:40.139 [main] RFWebsiteDriver - waiting for locator By.xpath: //div[@id='rf-nav-wrapper']/descendant::span[text()='Pulse'][1]
[INFO ] 2018-03-05 12:41:40.148 [main] RFWebsiteDriver - Element found
[INFO ] 2018-03-05 12:41:40.149 [main] RFWebsiteDriver - Pulse in top navigation ready to be clicked
[INFO ] 2018-03-05 12:41:40.226 [main] RFWebsiteDriver - CLICKED on Pulse in top navigation
[INFO ] 2018-03-05 12:41:40.227 [main] LSDRFWebsiteBasePage - Pulse in top navigation clicked
[INFO ] 2018-03-05 12:41:40.227 [main] LSDRFWebsiteBasePage - Logging out from pulse application
[INFO ] 2018-03-05 12:41:40.357 [main] RFWebsiteDriver - CLICKED on 
[INFO ] 2018-03-05 12:41:40.358 [main] RFWebsiteDriver - Waiting for LSD loading image to get disappear
[INFO ] 2018-03-05 12:41:40.389 [main] RFWebsiteDriver - LSD loading image disappears
