[INFO ] 2018-03-15 16:32:41.840 [main] RFBaseTest - Environment properties are not provided by the user ... loading the default properties
[INFO ] 2018-03-15 16:32:41.840 [main] RFBaseTest - Default Browser is  ------ chrome
[INFO ] 2018-03-15 16:32:41.840 [main] RFBaseTest - Default URL is  ------ https://skywalker.rodanandfields.com
[INFO ] 2018-03-15 16:32:41.840 [main] RFBaseTest - Default user password is  ------ 111Maiden$
[INFO ] 2018-03-15 16:32:41.840 [main] RFBaseTest - Default Country is  ------ us
[INFO ] 2018-03-15 16:32:41.840 [main] RFBaseTest - Default DB IP is  ------ 10.3.0.218
[INFO ] 2018-03-15 16:32:41.840 [main] RFBaseTest - Default DB Username is  ------ perftest
[INFO ] 2018-03-15 16:32:41.840 [main] RFBaseTest - Default DB Password is  ------ perftest
[INFO ] 2018-03-15 16:32:41.841 [main] RFBaseTest - Default DB Domain is  ------ RF
[INFO ] 2018-03-15 16:32:47.262 [main] RFWebsiteDriver - Window is maximized
[INFO ] 2018-03-15 16:32:47.262 [main] RFWebsiteDriver - All cookies deleted
[INFO ] 2018-03-15 16:32:47.262 [main] RFWebsiteDriver - URL opened is https://skywalker.rodanandfields.com
[INFO ] 2018-03-15 16:32:48.791 [main] RFLSDWebsiteBaseTest - Application loaded
[INFO ] 2018-03-15 16:32:48.818 [main] RFWebsiteDriver - DB connections are set
[INFO ] 2018-03-15 16:32:48.886 [main] DBUtil - QUERY TRIGGERED IS DECLARE @CurrentOpenPeriod INT = ( SELECT TOP 1
                                            PeriodID
                                   FROM     Commissions.reference.Periods
                                   WHERE    ClosedDate IS NULL
                                   ORDER BY PeriodID ASC
                                 ) ,
    @AccountID INT ,
    @UserName NVARCHAR(225) ,
    @Country NVARCHAR(225)

SELECT TOP 1
        @AccountID = ab.AccountID ,
        @UserName = ac.Username ,
        @Country = co.Alpha2Code
FROM    RFOperations.RFO_Accounts.AccountBase (NOLOCK) ab
        JOIN RFOperations.RFO_Accounts.AccountRF (NOLOCK) rf ON rf.AccountID = ab.AccountID
        JOIN RFOperations.Security.AccountSecurity (NOLOCK) ac ON ac.AccountID = ab.AccountID
        JOIN RFOperations.RFO_Reference.Countries (NOLOCK) co ON co.CountryID = ab.CountryID
WHERE   ab.AccountTypeID = 1
        AND ab.AccountStatusID = 1
        AND co.Alpha2Code = 'US'
        AND rf.Active = 1
        AND EXISTS ( SELECT 1
                     FROM   RFOperations.Hybris.Autoship (NOLOCK) a
                     WHERE  a.AccountID = ab.AccountID
                            AND a.AutoshipTypeID = 3
                            AND a.Active = 1 )
        AND EXISTS ( SELECT 1
                     FROM   Commissions.calcs.vwQualificationSummary v
                     WHERE  ab.AccountID = v.AccountID
                            AND v.PeriodID = @CurrentOpenPeriod
                            AND v.SV >= 100
                            AND v.PSQV >= 600 )
ORDER BY NEWID()

SELECT  ISNULL(@AccountID, 1496) AccountID ,
        ISNULL(@UserName, 'skincareconsultants@gmail.com') UserName ,
        ISNULL(@Country, 'US') Country ,
        @CurrentOpenPeriod CurrentOpenPeriod

[INFO ] 2018-03-15 16:32:54.228 [main] RFLSDWebsiteBaseTest - randomConsultantDetailsList:[{AccountID=2704097, UserName=anna.horgen@gmail.com, Country=US, CurrentOpenPeriod=201710}]
[INFO ] 2018-03-15 16:32:54.228 [main] RFLSDWebsiteBaseTest - Data returned by query: 2704097
[INFO ] 2018-03-15 16:32:54.228 [main] RFLSDWebsiteBaseTest - Data returned by query: anna.horgen@gmail.com
[INFO ] 2018-03-15 16:32:54.229 [main] RFLSDWebsiteBaseTest - userName:[{AccountID=2704097, UserName=anna.horgen@gmail.com, Country=US, CurrentOpenPeriod=201710}]
[INFO ] 2018-03-15 16:32:54.229 [main] RFWebsiteDriver - Waiting for LSD loading image to get disappear
[INFO ] 2018-03-15 16:32:54.255 [main] RFWebsiteDriver - LSD loading image disappears
[INFO ] 2018-03-15 16:32:54.358 [main] RFWebsiteDriver - waiting for locator By.id: username
[INFO ] 2018-03-15 16:32:54.379 [main] RFWebsiteDriver - Element found
[INFO ] 2018-03-15 16:32:54.379 [main] RFWebsiteDriver - Taking Screenshot
[INFO ] 2018-03-15 16:32:55.024 [main] RFWebsiteDriver - wait started for By.id: username
[INFO ] 2018-03-15 16:32:55.025 [main] RFWebsiteDriver - waiting for locator By.id: username
[INFO ] 2018-03-15 16:32:55.037 [main] RFWebsiteDriver - Element found
[INFO ] 2018-03-15 16:32:55.272 [main] RFWebsiteDriver - TYPED text as = anna.horgen@gmail.com in  text field
[INFO ] 2018-03-15 16:32:55.272 [main] LSDLoginPage - username is anna.horgen@gmail.com
[INFO ] 2018-03-15 16:32:55.272 [main] RFWebsiteDriver - wait started for By.id: password
[INFO ] 2018-03-15 16:32:55.272 [main] RFWebsiteDriver - waiting for locator By.id: password
[INFO ] 2018-03-15 16:32:55.298 [main] RFWebsiteDriver - Element found
[INFO ] 2018-03-15 16:32:55.487 [main] RFWebsiteDriver - TYPED text as = 111Maiden$ in  text field
[INFO ] 2018-03-15 16:32:55.488 [main] LSDLoginPage - password is 111Maiden$
[INFO ] 2018-03-15 16:32:55.488 [main] RFWebsiteDriver - wait started for By.id: button-login
[INFO ] 2018-03-15 16:32:55.488 [main] RFWebsiteDriver - waiting for locator By.id: button-login
[INFO ] 2018-03-15 16:32:55.511 [main] RFWebsiteDriver - Element found
[INFO ] 2018-03-15 16:32:55.511 [main] RFWebsiteDriver -  ready to be clicked
[INFO ] 2018-03-15 16:32:55.599 [main] RFWebsiteDriver - CLICKED on 
[INFO ] 2018-03-15 16:33:06.380 [main] RFWebsiteDriver - URL opened is https://skywalker.rodanandfields.com
[INFO ] 2018-03-15 16:33:06.922 [main] RFWebsiteDriver - Waiting for LSD loading image to get disappear
[INFO ] 2018-03-15 16:33:07.938 [main] RFWebsiteDriver - LSD Animation image disappears
[INFO ] 2018-03-15 16:33:07.938 [main] RFWebsiteDriver - waiting for locator By.id: button-login
[INFO ] 2018-03-15 16:33:13.359 [main] RFWebsiteDriver - waiting for locator By.xpath: //div[text()='Hello,']/following-sibling::div[contains(@class,'text-uppercase')]
[INFO ] 2018-03-15 16:33:13.372 [main] RFWebsiteDriver - Element found
[INFO ] 2018-03-15 16:33:13.386 [main] RFWebsiteDriver - waiting for locator By.xpath: //div[text()='Hello,']/following-sibling::div[contains(@class,'text-uppercase')]
[INFO ] 2018-03-15 16:33:13.398 [main] RFWebsiteDriver - Element found
[INFO ] 2018-03-15 16:33:13.444 [main] RFWebsiteDriver - TEXT fetched for First name in overview section is=ANNA
[INFO ] 2018-03-15 16:33:13.445 [main] RFLSDWebsiteBaseTest - Data returned by query: null
[INFO ] 2018-03-15 16:33:13.452 [main] RFWebsiteDriver - wait started for By.xpath: //div[@id='rf-nav-wrapper']/descendant::img[2]
[INFO ] 2018-03-15 16:33:13.453 [main] RFWebsiteDriver - waiting for locator By.xpath: //div[@id='rf-nav-wrapper']/descendant::img[2]
[INFO ] 2018-03-15 16:33:13.473 [main] RFWebsiteDriver - Element found
[INFO ] 2018-03-15 16:33:13.473 [main] RFWebsiteDriver - R+F logo ready to be clicked
[INFO ] 2018-03-15 16:33:13.580 [main] RFWebsiteDriver - CLICKED on R+F logo
[INFO ] 2018-03-15 16:33:13.698 [main] TestListner - 
******************************************************************************************************************************
					TEST CASE NAME:                  testTotalNumberOfPCsThisMonth_3013q
******************************************************************************************************************************
[INFO ] 2018-03-15 16:33:13.750 [main] RFWebsiteDriver - wait started for By.xpath: //div[@id='rf-nav-wrapper']/descendant::span[text()='Pulse'][1]
[INFO ] 2018-03-15 16:33:13.750 [main] RFWebsiteDriver - waiting for locator By.xpath: //div[@id='rf-nav-wrapper']/descendant::span[text()='Pulse'][1]
[INFO ] 2018-03-15 16:33:13.776 [main] RFWebsiteDriver - Element found
[INFO ] 2018-03-15 16:33:13.777 [main] RFWebsiteDriver -  ready to be clicked
[INFO ] 2018-03-15 16:33:13.869 [main] RFWebsiteDriver - CLICKED on 
[INFO ] 2018-03-15 16:33:13.869 [main] LSDHomePage - Clicked on Pulse Submenu from Top Navigation
[INFO ] 2018-03-15 16:33:13.926 [main] RFWebsiteDriver - wait started for By.xpath: //a[contains(text(),'Customers')]
[INFO ] 2018-03-15 16:33:13.927 [main] RFWebsiteDriver - waiting for locator By.xpath: //a[contains(text(),'Customers')]
[INFO ] 2018-03-15 16:33:13.938 [main] RFWebsiteDriver - Element found
[INFO ] 2018-03-15 16:33:13.938 [main] RFWebsiteDriver -  ready to be clicked
[INFO ] 2018-03-15 16:33:14.039 [main] RFWebsiteDriver - CLICKED on 
[INFO ] 2018-03-15 16:33:14.040 [main] LSDHomePage - SubMenu Link : Customers clicked
[INFO ] 2018-03-15 16:33:14.067 [main] RFWebsiteDriver - Waiting for spin image to get disappear0
[INFO ] 2018-03-15 16:33:14.079 [main] RFWebsiteDriver - spin image disappears
[INFO ] 2018-03-15 16:33:18.080 [main] DBUtil - QUERY TRIGGERED IS 
        DECLARE @AccountID INT= 1496   -- You Just need to Pass Consultant's AccountID here . 


        
		
		  DECLARE  @PeriodID INT= NULL ,
            @View_All_Customer INT ,
            @Cust_have_Order INT ,
            @Cust_Sch_OrderNext_Month INT ,
            @Cust_Further_Out INT ,
            @New_Pcs INT ,
            @Deactivated_Pcs INT

          

        SET @PeriodID = ISNULL(@PeriodID,
                               ( SELECT MAX(PERIODID)
                                 FROM   commissions.reference.PERIODS
                                 WHERE  CLOSEDDATE IS NULL
                                        AND STARTDATE <= GETDATE()
                               ))
  
  
        SELECT  @View_All_Customer = COUNT(DISTINCT ab.AccountID)
        FROM    Commissions.calcs.vwPlacementTreePermutated AS v WITH ( NOEXPAND )
                JOIN RFOperations.RFO_Accounts.AccountBase(NOLOCK)  ab ON ab.AccountID = v.AccountID
                JOIN RFOperations.RFO_Accounts.AccountRF (NOLOCK)  rf ON rf.AccountID = ab.AccountID
                JOIN RFOperations.RFO_Accounts.AccountContacts (NOLOCK)  ac ON ac.AccountId = ab.AccountID
        WHERE   1 = 1
                AND rf.Active = 1
                AND ab.AccountTypeID = 2
                AND v.[SponsorID] = @AccountID
                AND v.DirectSponsorID = @AccountID
                AND v.[PeriodID] = @PeriodID
      
				
				
				
        SELECT  @Cust_have_Order = COUNT(DISTINCT ab.AccountID)
        FROM    Commissions.calcs.vwPlacementTreePermutated AS v WITH ( NOEXPAND )
                JOIN RFOperations.RFO_Accounts.AccountBase(NOLOCK)  ab ON ab.AccountID = v.AccountID
                JOIN RFOperations.RFO_Accounts.AccountRF (NOLOCK)  rf ON rf.AccountID = ab.AccountID
                JOIN RFOperations.RFO_Accounts.AccountContacts (NOLOCK)  ac ON ac.AccountId = ab.AccountID
        WHERE   1 = 1
                AND rf.Active = 1
                AND ab.AccountTypeID = 2
                AND v.[SponsorID] = @AccountID
                AND v.DirectSponsorID = @AccountID
                AND v.[PeriodID] = @PeriodID
                AND EXISTS ( SELECT 1
                             FROM   RFOperations.Hybris.orders (NOLOCK)  ro
                             WHERE  ro.AccountID = ab.AccountID
                                    AND ro.OrderTypeID = 9
                                    AND ro.OrderStatusID IN ( 2, 4 )
                                    AND LEFT(CONVERT(NVARCHAR(25), ro.CompletionDate, 112),
                                             6) = @PeriodID )
     
				
        SELECT  @Cust_Sch_OrderNext_Month = COUNT(1)
        FROM    Commissions.calcs.vwPlacementTreePermutated AS v WITH ( NOEXPAND )
                JOIN RFOperations.RFO_Accounts.AccountBase(NOLOCK)  ab ON ab.AccountID = v.AccountID
                JOIN RFOperations.RFO_Accounts.AccountRF (NOLOCK)  rf ON rf.AccountID = ab.AccountID
                JOIN RFOperations.RFO_Accounts.AccountContacts (NOLOCK)  ac ON ac.AccountId = ab.AccountID
        WHERE   1 = 1
                AND rf.Active = 1
                AND ab.AccountTypeID = 2
                AND v.[SponsorID] = @AccountID
                AND v.DirectSponsorID = @AccountID
                AND v.[PeriodID] = @PeriodID
                AND EXISTS ( SELECT 1
                             FROM   RFOperations.Hybris.Autoship(NOLOCK)  AU
                             WHERE  AU.AccountID = ab.AccountID
                                    AND AU.AutoshipTypeID = 1
                                    AND AU.Active = 1
                                    AND LEFT(CONVERT(NVARCHAR(25), DATEADD(MONTH,
                                                              -1,
                                                              Au.NextRunDate), 112),
                                             6) = @PeriodID )			
				 


        SELECT  @Cust_Further_Out = COUNT(1)
        FROM    Commissions.calcs.vwPlacementTreePermutated AS v WITH ( NOEXPAND )
                JOIN RFOperations.RFO_Accounts.AccountBase(NOLOCK)  ab ON ab.AccountID = v.AccountID
                JOIN RFOperations.RFO_Accounts.AccountRF (NOLOCK)  rf ON rf.AccountID = ab.AccountID
                JOIN RFOperations.RFO_Accounts.AccountContacts (NOLOCK)  ac ON ac.AccountId = ab.AccountID
        WHERE   1 = 1
                AND rf.Active = 1
                AND ab.AccountTypeID = 2
                AND v.[SponsorID] = @AccountID
                AND v.DirectSponsorID = @AccountID
                AND v.[PeriodID] = @PeriodID
                AND EXISTS ( SELECT 1
                             FROM   RFOperations.Hybris.Autoship(NOLOCK)  AU
                             WHERE  AU.AccountID = ab.AccountID
                                    AND AU.AutoshipTypeID = 1
                                    AND AU.Active = 1
                                    AND LEFT(CONVERT(NVARCHAR(25), DATEADD(MONTH,
                                                              -1,
                                                              Au.NextRunDate), 112),
                                             6) > @PeriodID )			
		
		
	
        SELECT  @Deactivated_Pcs = COUNT(1)
        FROM    Commissions.calcs.vwPlacementTreePermutated AS v WITH ( NOEXPAND )
                JOIN RFOperations.RFO_Accounts.AccountBase(NOLOCK)  ab ON ab.AccountID = v.AccountID
                JOIN RFOperations.RFO_Accounts.AccountRF (NOLOCK)  rf ON rf.AccountID = ab.AccountID
                JOIN RFOperations.RFO_Accounts.AccountContacts (NOLOCK)  ac ON ac.AccountId = ab.AccountID
        WHERE   1 = 1
                AND rf.Active = 0
                AND ab.AccountTypeID = 2
                AND v.[SponsorID] = @AccountID
                AND v.DirectSponsorID = @AccountID
                AND v.[PeriodID] = @PeriodID
                AND  rf.SoftTerminationDate > DATEADD( DAY,-60,GETDATE())



        SELECT  @New_Pcs = COUNT(1)
        FROM    commissions.calcs.vwPlacementTreePermutated AS v WITH ( NOEXPAND )
                JOIN RFOperations.RFO_Accounts.AccountBase(NOLOCK)  ab ON ab.AccountID = v.AccountID
                JOIN RFOperations.RFO_Accounts.AccountRF (NOLOCK)  rf ON rf.AccountID = ab.AccountID
                JOIN RFOperations.RFO_Accounts.AccountContacts (NOLOCK)  ac ON ac.AccountId = ab.AccountID
        WHERE   1 = 1
                AND rf.Active = 1
                AND ab.AccountTypeID = 2
                AND v.[SponsorID] = @AccountID
                AND v.DirectSponsorID = @AccountID
                AND v.[PeriodID] = @PeriodID
                AND rf.EnrollmentDate > DATEADD( DAY,-60,GETDATE())
				
        SELECT  @AccountID [AccountID] ,
                @View_All_Customer [TotalPCCustomersUnderLevel1] ,
                @Cust_have_Order [CustomersHaveOrdersThisMonth] ,
                @Cust_Sch_OrderNext_Month [CustomersHaveOrdersNextMonth] ,
                @Cust_Further_Out [CustomersHaveOrdersFurtherOut] ,
                @New_Pcs [NewPcs] ,
                @Deactivated_Pcs [DeActivatedPC] ,
                @PeriodID [Period]
				


[INFO ] 2018-03-15 16:33:28.846 [main] RFLSDWebsiteBaseTest - Data returned by query: 4
[INFO ] 2018-03-15 16:33:28.912 [main] RFWebsiteDriver - Waiting for spin image to get disappear0
[INFO ] 2018-03-15 16:33:28.937 [main] RFWebsiteDriver - spin image disappears
[INFO ] 2018-03-15 16:33:28.937 [main] RFWebsiteDriver - waiting for locator By.xpath: //div[contains(@class,'white-fb')]/descendant::a[1]/descendant::span[2]
[INFO ] 2018-03-15 16:33:28.964 [main] RFWebsiteDriver - Element found
[INFO ] 2018-03-15 16:33:29.008 [main] RFWebsiteDriver - TEXT fetched for count of pc autoship orders for this month is=0
[INFO ] 2018-03-15 16:33:29.011 [main] SoftAssert - VERIFICATION FAILED: Expected count of order is 4 actual on UI is 0 expected [true] but found [false]
[INFO ] 2018-03-15 16:33:29.012 [main] SoftAssert - Expected: true
[INFO ] 2018-03-15 16:33:29.012 [main] SoftAssert - Actual: false
[INFO ] 2018-03-15 16:33:29.012 [main] RFWebsiteDriver - Taking Screenshot
[INFO ] 2018-03-15 16:33:29.446 [main] SoftAssert - Snapshot Path :<a href='C:\Users\bpkotamahanti\Bindu\Automation\qa-automation\output\Screenshots\testTotalNumberOfPCsThisMonth_3013q\Expected count of order is 4 actual on UI is 0 expected [true] but found [false].png'>C:\Users\bpkotamahanti\Bindu\Automation\qa-automation\output\Screenshots\testTotalNumberOfPCsThisMonth_3013q\Expected count of order is 4 actual on UI is 0 expected [true] but found [false].png</a>

[INFO ] 2018-03-15 16:33:38.447 [main] RFWebsiteDriver - wait started for By.xpath: //div[contains(@class,'white-fb')]/descendant::a[1]/descendant::span[1]
[INFO ] 2018-03-15 16:33:38.448 [main] RFWebsiteDriver - waiting for locator By.xpath: //div[contains(@class,'white-fb')]/descendant::a[1]/descendant::span[1]
[INFO ] 2018-03-15 16:33:38.512 [main] RFWebsiteDriver - Element found
[INFO ] 2018-03-15 16:33:38.514 [main] RFWebsiteDriver - have orders for this month ready to be clicked
[INFO ] 2018-03-15 16:33:38.610 [main] RFWebsiteDriver - CLICKED on have orders for this month
[INFO ] 2018-03-15 16:33:38.732 [main] RFWebsiteDriver - CLICKED on 
[INFO ] 2018-03-15 16:33:38.732 [main] RFWebsiteDriver - wait started for By.xpath: //h1[contains(text(),'have orders this month')]/preceding::span[1]
[INFO ] 2018-03-15 16:33:38.732 [main] RFWebsiteDriver - waiting for locator By.xpath: //h1[contains(text(),'have orders this month')]/preceding::span[1]
[INFO ] 2018-03-15 16:33:39.268 [main] RFWebsiteDriver - Element found
[INFO ] 2018-03-15 16:33:39.268 [main] RFWebsiteDriver - waiting for locator By.xpath: //h1[contains(text(),'have orders this month')]/preceding::span[1]
[INFO ] 2018-03-15 16:33:39.285 [main] RFWebsiteDriver - Element found
[INFO ] 2018-03-15 16:33:39.341 [main] RFWebsiteDriver - TEXT fetched for count of pc autoship orders for this month at header is=0
[INFO ] 2018-03-15 16:33:39.341 [main] SoftAssert - VERIFICATION FAILED: Expected count of order at header is 4 actual on UI is 0 expected [true] but found [false]
[INFO ] 2018-03-15 16:33:39.341 [main] SoftAssert - Expected: true
[INFO ] 2018-03-15 16:33:39.342 [main] SoftAssert - Actual: false
[INFO ] 2018-03-15 16:33:39.342 [main] RFWebsiteDriver - Taking Screenshot
[INFO ] 2018-03-15 16:33:39.847 [main] SoftAssert - Snapshot Path :<a href='C:\Users\bpkotamahanti\Bindu\Automation\qa-automation\output\Screenshots\testTotalNumberOfPCsThisMonth_3013q\Expected count of order at header is 4 actual on UI is 0 expected [true] but found [false].png'>C:\Users\bpkotamahanti\Bindu\Automation\qa-automation\output\Screenshots\testTotalNumberOfPCsThisMonth_3013q\Expected count of order at header is 4 actual on UI is 0 expected [true] but found [false].png</a>

[INFO ] 2018-03-15 16:33:39.848 [main] TestListner - [TEST HAS FAILED-------- Test case testTotalNumberOfPCsThisMonth_3013q has failed] due to reason:-<br>  java.lang.AssertionError: 1.Expected count of order at header is 4 actual on UI is 0

 1.Expected count of order is 4 actual on UI is 0

[INFO ] 2018-03-15 16:33:39.885 [main] RFWebsiteDriver - URL opened is https://skywalker.rodanandfields.com
[INFO ] 2018-03-15 16:33:40.391 [main] RFWebsiteDriver - Waiting for LSD loading image to get disappear
[INFO ] 2018-03-15 16:33:40.448 [main] RFWebsiteDriver - LSD Animation image disappears
[INFO ] 2018-03-15 16:33:40.448 [main] RFWebsiteDriver - Waiting for LSD loading image to get disappear
[INFO ] 2018-03-15 16:33:41.508 [main] RFWebsiteDriver - waiting..
[INFO ] 2018-03-15 16:33:42.543 [main] RFWebsiteDriver - waiting..
[INFO ] 2018-03-15 16:33:42.676 [main] RFWebsiteDriver - LSD loading image disappears
[INFO ] 2018-03-15 16:33:42.676 [main] RFWebsiteDriver - waiting for locator By.xpath: //div[@id='rf-nav-wrapper']/descendant::span[text()='Pulse'][1]
[INFO ] 2018-03-15 16:33:42.688 [main] RFWebsiteDriver - Element found
[INFO ] 2018-03-15 16:33:42.689 [main] RFWebsiteDriver - wait started for By.xpath: //div[@id='rf-nav-wrapper']/descendant::span[text()='Pulse'][1]
[INFO ] 2018-03-15 16:33:42.689 [main] RFWebsiteDriver - waiting for locator By.xpath: //div[@id='rf-nav-wrapper']/descendant::span[text()='Pulse'][1]
[INFO ] 2018-03-15 16:33:42.704 [main] RFWebsiteDriver - Element found
[INFO ] 2018-03-15 16:33:42.705 [main] RFWebsiteDriver - Pulse in top navigation ready to be clicked
[INFO ] 2018-03-15 16:33:42.793 [main] RFWebsiteDriver - CLICKED on Pulse in top navigation
[INFO ] 2018-03-15 16:33:42.793 [main] LSDRFWebsiteBasePage - Pulse in top navigation clicked
[INFO ] 2018-03-15 16:33:42.794 [main] LSDRFWebsiteBasePage - Logging out from pulse application
[INFO ] 2018-03-15 16:33:42.901 [main] RFWebsiteDriver - CLICKED on 
[INFO ] 2018-03-15 16:33:42.902 [main] RFWebsiteDriver - Waiting for LSD loading image to get disappear
[INFO ] 2018-03-15 16:33:42.918 [main] RFWebsiteDriver - LSD loading image disappears
