[INFO ] 2018-04-02 17:53:32.976 [main] RFBaseTest - Environment properties are not provided by the user ... loading the default properties
[INFO ] 2018-04-02 17:53:32.976 [main] RFBaseTest - Default Browser is  ------ chrome
[INFO ] 2018-04-02 17:53:32.976 [main] RFBaseTest - Default URL is  ------ http://www.corprfo.tst4.rodanandfields.com
[INFO ] 2018-04-02 17:53:32.976 [main] RFBaseTest - Default user password is  ------ null
[INFO ] 2018-04-02 17:53:32.977 [main] RFBaseTest - Default Country is  ------ us
[INFO ] 2018-04-02 17:53:32.977 [main] RFBaseTest - Default DB IP is  ------ 10.3.0.218
[INFO ] 2018-04-02 17:53:32.977 [main] RFBaseTest - Default DB Username is  ------ perftest
[INFO ] 2018-04-02 17:53:32.977 [main] RFBaseTest - Default DB Password is  ------ perftest
[INFO ] 2018-04-02 17:53:32.977 [main] RFBaseTest - Default DB Domain is  ------ RF
[INFO ] 2018-04-02 17:53:32.998 [main] RFHeirloomWebsiteBaseTest - In the Before suite..
[INFO ] 2018-04-02 17:54:32.819 [main] RFHeirloomWebsiteBaseTest - Application loaded
[INFO ] 2018-04-02 17:54:32.825 [main] RFWebsiteDriver - DB connections are set
[INFO ] 2018-04-02 17:54:32.825 [main] RFHeirloomWebsiteBaseTest - out of Before suite..
[INFO ] 2018-04-02 17:54:32.873 [main] RFHeirloomWebsiteBaseTest - In Before method..
[INFO ] 2018-04-02 17:54:32.876 [main] RFWebsiteDriver - URL opened is http://www.corprfo.tst4.rodanandfields.com
[INFO ] 2018-04-02 17:54:44.674 [main] RFHeirloomWebsiteBaseTest - Out of Before method..
[INFO ] 2018-04-02 17:54:44.762 [main] TestListner - 
******************************************************************************************************************************
					TEST CASE NAME:                  testConsultantExpressEnrollment_505
******************************************************************************************************************************
[INFO ] 2018-04-02 17:54:44.858 [main] DBUtil - QUERY TRIGGERED IS select top 1 * from dbo.Accounts where AccountTypeID='1' AND Active='1' order by NEWID()

[INFO ] 2018-04-02 17:54:58.982 [main] TestListner - [TEST HAS FAILED-------- Test case testConsultantExpressEnrollment_505 has failed] due to reason:-<br>  org.springframework.jdbc.CannotGetJdbcConnectionException: Could not get JDBC Connection; nested exception is com.microsoft.sqlserver.jdbc.SQLServerException: Cannot open database "RodanFieldsLive" requested by the login. The login failed.
[INFO ] 2018-04-02 17:54:58.983 [main] RFWebsiteDriver - Taking Screenshot
[INFO ] 2018-04-02 17:55:10.927 [main] TestListner - Snapshot Path :<a href='C:\Users\bpkotamahanti\Bindu\Automation\qa-automation\output\Screenshots\testConsultantExpressEnrollment_505\testConsultantExpressEnrollment_505.png'>C:\Users\bpkotamahanti\Bindu\Automation\qa-automation\output\Screenshots\testConsultantExpressEnrollment_505\testConsultantExpressEnrollment_505.png</a>

