[DEBUG] 2018-02-28 13:22:54.960 [main] RFBaseTest - Started execution with  null
[INFO ] 2018-02-28 13:22:54.965 [main] RFBaseTest - Environment properties are not provided by the user ... loading the default properties
[INFO ] 2018-02-28 13:22:54.966 [main] RFBaseTest - Default Browser is  ------ chrome
[INFO ] 2018-02-28 13:22:54.966 [main] RFBaseTest - Default URL is  ------ https://skywalker.rodanandfields.com
[INFO ] 2018-02-28 13:22:54.966 [main] RFBaseTest - Default user password is  ------ 111Maiden$
[INFO ] 2018-02-28 13:22:54.966 [main] RFBaseTest - Default Country is  ------ us
[INFO ] 2018-02-28 13:22:54.966 [main] RFBaseTest - Default DB IP is  ------ 10.3.0.218
[INFO ] 2018-02-28 13:22:54.966 [main] RFBaseTest - Default DB Username is  ------ perftest
[INFO ] 2018-02-28 13:22:54.966 [main] RFBaseTest - Default DB Password is  ------ perftest
[INFO ] 2018-02-28 13:22:54.966 [main] RFBaseTest - Default DB Domain is  ------ RF
[INFO ] 2018-02-28 13:23:01.113 [main] RFWebsiteDriver - Window is maximized
[INFO ] 2018-02-28 13:23:01.113 [main] RFWebsiteDriver - All cookies deleted
[INFO ] 2018-02-28 13:23:01.113 [main] RFWebsiteDriver - URL opened is https://skywalker.rodanandfields.com
[INFO ] 2018-02-28 13:23:02.707 [main] RFLSDWebsiteBaseTest - Application loaded
[INFO ] 2018-02-28 13:23:02.726 [main] RFWebsiteDriver - DB connections are set
[INFO ] 2018-02-28 13:23:02.804 [main] DBUtil - QUERY TRIGGERED IS SELECT top 1 * FROM Commissions.[calcs].[vwQualificationSummary] where SV!=0 and PSQV!=0 and EClegs>2 and L1L2!=0 and L1L6!=0  and periodid= LEFT(CONVERT(varchar, GetDate(),112),6)  order by PeriodID desc

[INFO ] 2018-02-28 13:23:03.275 [main] RFLSDWebsiteBaseTest - Data returned by query: 2
[INFO ] 2018-02-28 13:23:03.276 [main] DBUtil - QUERY TRIGGERED IS SELECT  ab.AccountID ,ac.FirstName ,ac.LastName ,acs.Username FROM  RFOperations.RFO_Accounts.AccountBase ab JOIN RFOperations.RFO_Accounts.AccountRF rf ON rf.AccountID = ab.AccountID JOIN RFOperations.RFO_Accounts.AccountContacts ac ON ac.AccountId = ab.AccountID LEFT JOIN RFOperations.Security.AccountSecurity acs ON acs.AccountID = ab.AccountID LEFT JOIN RFOperations.RFO_Reference.AccountType t ON t.AccountTypeID = ab.AccountTypeID LEFT JOIN RFOperations.RFO_Reference.AccountStatus s ON s.AccountStatusID = ab.AccountStatusID LEFT JOIN RFOperations.RFO_Reference.Countries c ON c.CountryID = ab.CountryID WHERE   ab.AccountID = 2

[INFO ] 2018-02-28 13:23:03.509 [main] RFLSDWebsiteBaseTest - Data returned by query: 0
[INFO ] 2018-02-28 13:23:03.510 [main] DBUtil - QUERY TRIGGERED IS select EmailAddress from RFO_Accounts.AccountContacts acTB INNER JOIN RFO_Accounts.AccountEmails aeTB  on acTB.AccountContactId=aeTB.AccountContactId INNER JOIN RFO_Accounts.EmailAddresses aEMTB on aeTB.EmailAddressID=aEMTB.EmailAddressID WHERE acTB.AccountID='2' and aEMTB.EmailAddressTypeID=1 

[INFO ] 2018-02-28 13:23:03.725 [main] RFLSDWebsiteBaseTest - Data returned by query: noreply@rodanandfields.com
[INFO ] 2018-02-28 13:23:03.726 [main] RFWebsiteDriver - Waiting for LSD loading image to get disappear
[INFO ] 2018-02-28 13:23:04.766 [main] RFWebsiteDriver - waiting..
[INFO ] 2018-02-28 13:23:04.792 [main] RFWebsiteDriver - LSD loading image disappears
[INFO ] 2018-02-28 13:23:04.860 [main] RFWebsiteDriver - waiting for locator By.id: username
[INFO ] 2018-02-28 13:23:04.872 [main] RFWebsiteDriver - Element found
[INFO ] 2018-02-28 13:23:04.872 [main] RFWebsiteDriver - Taking Screenshot
[INFO ] 2018-02-28 13:23:05.485 [main] RFWebsiteDriver - wait started for By.id: username
[INFO ] 2018-02-28 13:23:05.485 [main] RFWebsiteDriver - waiting for locator By.id: username
[INFO ] 2018-02-28 13:23:05.497 [main] RFWebsiteDriver - Element found
[INFO ] 2018-02-28 13:23:05.716 [main] RFWebsiteDriver - TYPED text as = noreply@rodanandfields.com in  text field
[INFO ] 2018-02-28 13:23:05.717 [main] LSDLoginPage - username is noreply@rodanandfields.com
[INFO ] 2018-02-28 13:23:05.717 [main] RFWebsiteDriver - wait started for By.id: password
[INFO ] 2018-02-28 13:23:05.717 [main] RFWebsiteDriver - waiting for locator By.id: password
[INFO ] 2018-02-28 13:23:05.739 [main] RFWebsiteDriver - Element found
[INFO ] 2018-02-28 13:23:05.866 [main] RFWebsiteDriver - TYPED text as = 111Maiden$ in  text field
[INFO ] 2018-02-28 13:23:05.866 [main] LSDLoginPage - password is 111Maiden$
[INFO ] 2018-02-28 13:23:05.867 [main] RFWebsiteDriver - wait started for By.id: button-login
[INFO ] 2018-02-28 13:23:05.867 [main] RFWebsiteDriver - waiting for locator By.id: button-login
[INFO ] 2018-02-28 13:23:05.890 [main] RFWebsiteDriver - Element found
[INFO ] 2018-02-28 13:23:05.890 [main] RFWebsiteDriver -  ready to be clicked
[INFO ] 2018-02-28 13:23:05.991 [main] RFWebsiteDriver - CLICKED on 
[INFO ] 2018-02-28 13:23:29.501 [main] RFWebsiteDriver - URL opened is https://skywalker.rodanandfields.com
[INFO ] 2018-02-28 13:23:30.001 [main] RFWebsiteDriver - Waiting for LSD loading image to get disappear
[INFO ] 2018-02-28 13:23:30.133 [main] RFWebsiteDriver - LSD Animation image disappears
[INFO ] 2018-02-28 13:23:30.133 [main] RFWebsiteDriver - waiting for locator By.id: button-login
[INFO ] 2018-02-28 13:23:35.442 [main] RFWebsiteDriver - waiting for locator By.xpath: //div[text()='Hello,']/following-sibling::div[contains(@class,'text-uppercase')]
[INFO ] 2018-02-28 13:23:35.452 [main] RFWebsiteDriver - Element found
[INFO ] 2018-02-28 13:23:35.463 [main] RFWebsiteDriver - waiting for locator By.xpath: //div[text()='Hello,']/following-sibling::div[contains(@class,'text-uppercase')]
[INFO ] 2018-02-28 13:23:35.474 [main] RFWebsiteDriver - Element found
[INFO ] 2018-02-28 13:23:35.516 [main] RFWebsiteDriver - TEXT fetched for First name in overview section is=RF
[INFO ] 2018-02-28 13:23:35.517 [main] RFLSDWebsiteBaseTest - Data returned by query: RF
[INFO ] 2018-02-28 13:23:35.524 [main] RFWebsiteDriver - wait started for By.xpath: //div[@id='rf-nav-wrapper']/descendant::img[2]
[INFO ] 2018-02-28 13:23:35.524 [main] RFWebsiteDriver - waiting for locator By.xpath: //div[@id='rf-nav-wrapper']/descendant::img[2]
[INFO ] 2018-02-28 13:23:35.543 [main] RFWebsiteDriver - Element found
[INFO ] 2018-02-28 13:23:35.544 [main] RFWebsiteDriver - R+F logo ready to be clicked
[INFO ] 2018-02-28 13:23:35.620 [main] RFWebsiteDriver - CLICKED on R+F logo
[INFO ] 2018-02-28 13:23:35.730 [main] TestListner - 
******************************************************************************************************************************
					TEST CASE NAME:                  TotalNumberOfAllPCs_3349q
******************************************************************************************************************************
[INFO ] 2018-02-28 13:23:35.777 [main] RFWebsiteDriver - wait started for By.xpath: //div[@id='rf-nav-wrapper']/descendant::span[text()='Pulse'][1]
[INFO ] 2018-02-28 13:23:35.777 [main] RFWebsiteDriver - waiting for locator By.xpath: //div[@id='rf-nav-wrapper']/descendant::span[text()='Pulse'][1]
[INFO ] 2018-02-28 13:23:35.793 [main] RFWebsiteDriver - Element found
[INFO ] 2018-02-28 13:23:35.793 [main] RFWebsiteDriver -  ready to be clicked
[INFO ] 2018-02-28 13:23:35.873 [main] RFWebsiteDriver - CLICKED on 
[INFO ] 2018-02-28 13:23:35.873 [main] LSDHomePage - Clicked on Pulse Submenu from Top Navigation
[INFO ] 2018-02-28 13:23:35.940 [main] RFWebsiteDriver - wait started for By.xpath: //a[contains(text(),'Customers')]
[INFO ] 2018-02-28 13:23:35.941 [main] RFWebsiteDriver - waiting for locator By.xpath: //a[contains(text(),'Customers')]
[INFO ] 2018-02-28 13:23:35.960 [main] RFWebsiteDriver - Element found
[INFO ] 2018-02-28 13:23:35.960 [main] RFWebsiteDriver -  ready to be clicked
[INFO ] 2018-02-28 13:23:36.060 [main] RFWebsiteDriver - CLICKED on 
[INFO ] 2018-02-28 13:23:36.061 [main] LSDHomePage - SubMenu Link : Customers clicked
[INFO ] 2018-02-28 13:23:36.086 [main] RFWebsiteDriver - Waiting for spin image to get disappear1
[INFO ] 2018-02-28 13:23:37.096 [main] RFWebsiteDriver - waiting..
[INFO ] 2018-02-28 13:23:38.105 [main] RFWebsiteDriver - waiting..
[INFO ] 2018-02-28 13:23:39.119 [main] RFWebsiteDriver - waiting..
[INFO ] 2018-02-28 13:23:40.132 [main] RFWebsiteDriver - waiting..
[INFO ] 2018-02-28 13:23:41.142 [main] RFWebsiteDriver - waiting..
[INFO ] 2018-02-28 13:23:42.155 [main] RFWebsiteDriver - waiting..
[INFO ] 2018-02-28 13:23:43.164 [main] RFWebsiteDriver - waiting..
[INFO ] 2018-02-28 13:23:44.175 [main] RFWebsiteDriver - waiting..
[INFO ] 2018-02-28 13:23:45.185 [main] RFWebsiteDriver - waiting..
[INFO ] 2018-02-28 13:23:46.197 [main] RFWebsiteDriver - waiting..
[INFO ] 2018-02-28 13:23:46.207 [main] RFWebsiteDriver - Waiting for spin image to get disappear1
[INFO ] 2018-02-28 13:23:47.218 [main] RFWebsiteDriver - waiting..
[INFO ] 2018-02-28 13:23:48.229 [main] RFWebsiteDriver - waiting..
[INFO ] 2018-02-28 13:23:49.240 [main] RFWebsiteDriver - waiting..
[INFO ] 2018-02-28 13:23:50.250 [main] RFWebsiteDriver - waiting..
[INFO ] 2018-02-28 13:23:51.264 [main] RFWebsiteDriver - waiting..
[INFO ] 2018-02-28 13:23:52.274 [main] RFWebsiteDriver - waiting..
[INFO ] 2018-02-28 13:23:53.285 [main] RFWebsiteDriver - waiting..
[INFO ] 2018-02-28 13:23:54.295 [main] RFWebsiteDriver - waiting..
[INFO ] 2018-02-28 13:23:55.306 [main] RFWebsiteDriver - waiting..
[INFO ] 2018-02-28 13:23:56.319 [main] RFWebsiteDriver - waiting..
[INFO ] 2018-02-28 13:23:57.332 [main] RFWebsiteDriver - waiting..
[INFO ] 2018-02-28 13:23:58.343 [main] RFWebsiteDriver - waiting..
[INFO ] 2018-02-28 13:23:59.505 [main] RFWebsiteDriver - waiting..
[INFO ] 2018-02-28 13:24:00.517 [main] RFWebsiteDriver - waiting..
[INFO ] 2018-02-28 13:24:01.528 [main] RFWebsiteDriver - waiting..
[INFO ] 2018-02-28 13:24:02.539 [main] RFWebsiteDriver - waiting..
[INFO ] 2018-02-28 13:24:03.550 [main] RFWebsiteDriver - waiting..
[INFO ] 2018-02-28 13:24:04.561 [main] RFWebsiteDriver - waiting..
[INFO ] 2018-02-28 13:24:05.571 [main] RFWebsiteDriver - waiting..
[INFO ] 2018-02-28 13:24:06.582 [main] RFWebsiteDriver - waiting..
[INFO ] 2018-02-28 13:24:06.582 [main] RFWebsiteDriver - wait started for By.xpath: //h1[contains(text(),'Build Customer Loyalty')]/../preceding::span[1]
[INFO ] 2018-02-28 13:24:06.582 [main] RFWebsiteDriver - waiting for locator By.xpath: //h1[contains(text(),'Build Customer Loyalty')]/../preceding::span[1]
[INFO ] 2018-02-28 13:24:06.602 [main] RFWebsiteDriver - Element found
[INFO ] 2018-02-28 13:24:06.603 [main] RFWebsiteDriver - wait started for By.xpath: //h1[contains(text(),'Build Customer Loyalty')]/../preceding::span[1]
[INFO ] 2018-02-28 13:24:06.603 [main] RFWebsiteDriver - waiting for locator By.xpath: //h1[contains(text(),'Build Customer Loyalty')]/../preceding::span[1]
[INFO ] 2018-02-28 13:24:06.612 [main] RFWebsiteDriver - Element found
[INFO ] 2018-02-28 13:24:06.612 [main] RFWebsiteDriver - count of all pc customers ready to be clicked
[INFO ] 2018-02-28 13:24:06.704 [main] RFWebsiteDriver - CLICKED on count of all pc customers
[INFO ] 2018-02-28 13:24:06.705 [main] LSDCustomerPage - clicked in view PC customer link
[INFO ] 2018-02-28 13:24:06.705 [main] DBUtil - QUERY TRIGGERED IS  DECLARE @AccountId INT = 2 SELECT COUNT(DISTINCT sb.AccountID)[TotalPC] FROM RFOperations.RFO_Accounts.AccountBase ab JOIN RFOperations.RFO_Accounts.AccountRF rf ON rf.SponsorId = ab.AccountID AND ab.AccountID=@AccountId JOIN RFOperations.RFO_Accounts.AccountBase sb ON rf.AccountID = sb.AccountID WHERE sb.AccountTypeID = 2 AND rf.Active = 1 AND sb.AccountStatusID = 1 AND EXISTS (SELECT 1 FROM RFOperations.Hybris.Autoship a WHERE a.AccountID = sb.AccountID AND a.Active = 1 AND a.AutoshipTypeID = 1 AND CAST(a.NextRunDate AS DATE) BETWEEN DATEADD(DAY, 1, EOMONTH(DATEADD(MONTH,-1, GETDATE()))) AND EOMONTH(DATEADD(MONTH, 1, GETDATE())) ) GROUP BY ab.AccountID

[INFO ] 2018-02-28 13:24:11.746 [main] RFLSDWebsiteBaseTest - Data returned by query: 1170
[INFO ] 2018-02-28 13:24:11.755 [main] RFWebsiteDriver - Waiting for spin image to get disappear1
[INFO ] 2018-02-28 13:24:12.765 [main] RFWebsiteDriver - waiting..
[INFO ] 2018-02-28 13:24:13.775 [main] RFWebsiteDriver - waiting..
[INFO ] 2018-02-28 13:24:14.786 [main] RFWebsiteDriver - waiting..
[INFO ] 2018-02-28 13:24:15.797 [main] RFWebsiteDriver - waiting..
[INFO ] 2018-02-28 13:24:16.808 [main] RFWebsiteDriver - waiting..
[INFO ] 2018-02-28 13:24:18.551 [main] RFWebsiteDriver - waiting..
[INFO ] 2018-02-28 13:24:19.560 [main] RFWebsiteDriver - waiting..
[INFO ] 2018-02-28 13:24:20.574 [main] RFWebsiteDriver - waiting..
[INFO ] 2018-02-28 13:24:21.585 [main] RFWebsiteDriver - waiting..
[INFO ] 2018-02-28 13:24:22.596 [main] RFWebsiteDriver - waiting..
[INFO ] 2018-02-28 13:24:22.596 [main] RFWebsiteDriver - waiting for locator By.xpath: //h1[contains(text(),'All Customers')]//preceding::span[1]
[INFO ] 2018-02-28 13:24:32.831 [main] TestListner - [TEST HAS FAILED-------- Test case TotalNumberOfAllPCs_3349q has failed] due to reason:-<br>  org.openqa.selenium.NoSuchElementException: no such element: Unable to locate element: {"method":"xpath","selector":"//h1[contains(text(),'All Customers')]//preceding::span[1]"}
  (Session info: chrome=64.0.3282.186)
  (Driver info: chromedriver=2.33.506120 (e3e53437346286c0bc2d2dc9aa4915ba81d9023f),platform=Windows NT 10.0.10586 x86_64) (WARNING: The server did not provide any stacktrace information)
Command duration or timeout: 0 milliseconds
For documentation on this error, please visit: http://seleniumhq.org/exceptions/no_such_element.html
Build info: version: '3.7.1', revision: '8a0099a', time: '2017-11-06T21:01:39.354Z'
System info: host: 'LD-4V2P3G2', ip: '10.6.64.235', os.name: 'Windows 10', os.arch: 'amd64', os.version: '10.0', java.version: '1.8.0_161'
Driver info: org.openqa.selenium.chrome.ChromeDriver
Capabilities {acceptSslCerts: true, applicationCacheEnabled: false, browserConnectionEnabled: false, browserName: chrome, chrome: {chromedriverVersion: 2.33.506120 (e3e53437346286..., userDataDir: C:\Users\BPKOTA~1\AppData\L...}, cssSelectorsEnabled: true, databaseEnabled: false, handlesAlerts: true, hasTouchScreen: false, javascriptEnabled: true, locationContextEnabled: true, mobileEmulationEnabled: false, nativeEvents: true, networkConnectionEnabled: false, pageLoadStrategy: normal, platform: XP, platformName: XP, rotatable: false, setWindowRect: true, takesHeapSnapshot: true, takesScreenshot: true, unexpectedAlertBehaviour: , unhandledPromptBehavior: , version: 64.0.3282.186, webStorageEnabled: true}
Session ID: 22246dbe6a91c0d6ba1548c048b68406
*** Element info: {Using=xpath, value=//h1[contains(text(),'All Customers')]//preceding::span[1]}
[INFO ] 2018-02-28 13:24:32.832 [main] RFWebsiteDriver - Taking Screenshot
[INFO ] 2018-02-28 13:24:33.336 [main] TestListner - Snapshot Path :<a href='C:\Users\bpkotamahanti\Bindu\Automation\qa-automation\output\Screenshots\TotalNumberOfAllPCs_3349q\TotalNumberOfAllPCs_3349q.png'>C:\Users\bpkotamahanti\Bindu\Automation\qa-automation\output\Screenshots\TotalNumberOfAllPCs_3349q\TotalNumberOfAllPCs_3349q.png</a>

[INFO ] 2018-02-28 13:24:33.361 [main] RFWebsiteDriver - URL opened is https://skywalker.rodanandfields.com
[INFO ] 2018-02-28 13:24:34.071 [main] RFWebsiteDriver - Waiting for LSD loading image to get disappear
[INFO ] 2018-02-28 13:24:34.591 [main] RFWebsiteDriver - LSD Animation image disappears
[INFO ] 2018-02-28 13:24:34.591 [main] RFWebsiteDriver - Waiting for LSD loading image to get disappear
[INFO ] 2018-02-28 13:24:35.615 [main] RFWebsiteDriver - waiting..
[INFO ] 2018-02-28 13:24:36.626 [main] RFWebsiteDriver - waiting..
[INFO ] 2018-02-28 13:24:37.636 [main] RFWebsiteDriver - waiting..
[INFO ] 2018-02-28 13:24:38.645 [main] RFWebsiteDriver - waiting..
[INFO ] 2018-02-28 13:24:39.653 [main] RFWebsiteDriver - waiting..
[INFO ] 2018-02-28 13:24:40.663 [main] RFWebsiteDriver - waiting..
[INFO ] 2018-02-28 13:24:41.671 [main] RFWebsiteDriver - waiting..
[INFO ] 2018-02-28 13:24:42.681 [main] RFWebsiteDriver - waiting..
[INFO ] 2018-02-28 13:24:43.691 [main] RFWebsiteDriver - waiting..
[INFO ] 2018-02-28 13:24:44.702 [main] RFWebsiteDriver - waiting..
[INFO ] 2018-02-28 13:24:45.711 [main] RFWebsiteDriver - waiting..
[INFO ] 2018-02-28 13:24:46.720 [main] RFWebsiteDriver - waiting..
[INFO ] 2018-02-28 13:24:47.729 [main] RFWebsiteDriver - waiting..
[INFO ] 2018-02-28 13:24:48.742 [main] RFWebsiteDriver - waiting..
[INFO ] 2018-02-28 13:24:49.750 [main] RFWebsiteDriver - waiting..
[INFO ] 2018-02-28 13:24:50.764 [main] RFWebsiteDriver - waiting..
[INFO ] 2018-02-28 13:24:51.775 [main] RFWebsiteDriver - waiting..
[INFO ] 2018-02-28 13:24:52.788 [main] RFWebsiteDriver - waiting..
[INFO ] 2018-02-28 13:24:52.796 [main] RFWebsiteDriver - LSD loading image disappears
[INFO ] 2018-02-28 13:24:52.797 [main] RFWebsiteDriver - waiting for locator By.xpath: //div[@id='rf-nav-wrapper']/descendant::span[text()='Pulse'][1]
[INFO ] 2018-02-28 13:24:52.815 [main] RFWebsiteDriver - Element found
[INFO ] 2018-02-28 13:24:52.815 [main] RFWebsiteDriver - wait started for By.xpath: //div[@id='rf-nav-wrapper']/descendant::span[text()='Pulse'][1]
[INFO ] 2018-02-28 13:24:52.816 [main] RFWebsiteDriver - waiting for locator By.xpath: //div[@id='rf-nav-wrapper']/descendant::span[text()='Pulse'][1]
[INFO ] 2018-02-28 13:24:52.825 [main] RFWebsiteDriver - Element found
[INFO ] 2018-02-28 13:24:52.825 [main] RFWebsiteDriver - Pulse in top navigation ready to be clicked
[INFO ] 2018-02-28 13:24:52.946 [main] RFWebsiteDriver - CLICKED on Pulse in top navigation
[INFO ] 2018-02-28 13:24:52.946 [main] LSDRFWebsiteBasePage - Pulse in top navigation clicked
[INFO ] 2018-02-28 13:24:52.946 [main] LSDRFWebsiteBasePage - Logging out from pulse application
[INFO ] 2018-02-28 13:24:53.102 [main] RFWebsiteDriver - CLICKED on 
[INFO ] 2018-02-28 13:24:53.102 [main] RFWebsiteDriver - Waiting for LSD loading image to get disappear
[INFO ] 2018-02-28 13:24:53.118 [main] RFWebsiteDriver - LSD loading image disappears
