[DEBUG] 2018-03-02 19:45:35.588 [main] RFBaseTest - Started execution with  null
[INFO ] 2018-03-02 19:45:35.593 [main] RFBaseTest - Environment properties are not provided by the user ... loading the default properties
[INFO ] 2018-03-02 19:45:35.594 [main] RFBaseTest - Default Browser is  ------ chrome
[INFO ] 2018-03-02 19:45:35.594 [main] RFBaseTest - Default URL is  ------ https://skywalker.rodanandfields.com
[INFO ] 2018-03-02 19:45:35.594 [main] RFBaseTest - Default user password is  ------ 111Maiden$
[INFO ] 2018-03-02 19:45:35.594 [main] RFBaseTest - Default Country is  ------ us
[INFO ] 2018-03-02 19:45:35.594 [main] RFBaseTest - Default DB IP is  ------ 10.3.0.218
[INFO ] 2018-03-02 19:45:35.594 [main] RFBaseTest - Default DB Username is  ------ perftest
[INFO ] 2018-03-02 19:45:35.594 [main] RFBaseTest - Default DB Password is  ------ perftest
[INFO ] 2018-03-02 19:45:35.594 [main] RFBaseTest - Default DB Domain is  ------ RF
[INFO ] 2018-03-02 19:45:40.982 [main] RFWebsiteDriver - Window is maximized
[INFO ] 2018-03-02 19:45:40.983 [main] RFWebsiteDriver - All cookies deleted
[INFO ] 2018-03-02 19:45:40.983 [main] RFWebsiteDriver - URL opened is https://skywalker.rodanandfields.com
[INFO ] 2018-03-02 19:45:42.693 [main] RFLSDWebsiteBaseTest - Application loaded
[INFO ] 2018-03-02 19:45:42.709 [main] RFWebsiteDriver - DB connections are set
[INFO ] 2018-03-02 19:45:42.777 [main] DBUtil - QUERY TRIGGERED IS SELECT top 1 * FROM Commissions.[calcs].[vwQualificationSummary] where SV!=0 and PSQV!=0 and L1L2!=0 and L1L6!=0 and ECLegs > 0 and periodid= LEFT(CONVERT(varchar, GetDate(),112),6)  order by NewID() desc

[INFO ] 2018-03-02 19:45:57.530 [main] TestListner - 
******************************************************************************************************************************
					TEST CASE NAME:                  testTotalNumberOfPCsThisMonth_3013q
******************************************************************************************************************************
[INFO ] 2018-03-02 19:45:57.576 [main] TestListner - [TEST IS SKIPPED -------- Test case testTotalNumberOfPCsThisMonth_3013q skipped]
