[INFO ] 2018-03-06 20:24:33.247 [main] RFBaseTest - Environment properties are not provided by the user ... loading the default properties
[INFO ] 2018-03-06 20:24:33.248 [main] RFBaseTest - Default Browser is  ------ chrome
[INFO ] 2018-03-06 20:24:33.248 [main] RFBaseTest - Default URL is  ------ https://skywalker.rodanandfields.com
[INFO ] 2018-03-06 20:24:33.248 [main] RFBaseTest - Default user password is  ------ 111Maiden$
[INFO ] 2018-03-06 20:24:33.248 [main] RFBaseTest - Default Country is  ------ us
[INFO ] 2018-03-06 20:24:33.248 [main] RFBaseTest - Default DB IP is  ------ 10.3.0.218
[INFO ] 2018-03-06 20:24:33.248 [main] RFBaseTest - Default DB Username is  ------ perftest
[INFO ] 2018-03-06 20:24:33.248 [main] RFBaseTest - Default DB Password is  ------ perftest
[INFO ] 2018-03-06 20:24:33.248 [main] RFBaseTest - Default DB Domain is  ------ RF
[INFO ] 2018-03-06 20:24:38.034 [main] RFWebsiteDriver - Window is maximized
[INFO ] 2018-03-06 20:24:38.034 [main] RFWebsiteDriver - All cookies deleted
[INFO ] 2018-03-06 20:24:38.034 [main] RFWebsiteDriver - URL opened is https://skywalker.rodanandfields.com
[INFO ] 2018-03-06 20:24:40.313 [main] RFLSDWebsiteBaseTest - Application loaded
[INFO ] 2018-03-06 20:24:40.330 [main] RFWebsiteDriver - DB connections are set
[INFO ] 2018-03-06 20:24:40.404 [main] DBUtil - QUERY TRIGGERED IS SELECT top 1 * FROM Commissions.[calcs].[vwQualificationSummary] where SV!=0 and PSQV!=0 and L1L2!=0 and L1L6!=0 and ECLegs > 0 and periodid= LEFT(CONVERT(varchar, GetDate(),112),6)  order by NewID() desc

[INFO ] 2018-03-06 20:24:41.291 [main] RFLSDWebsiteBaseTest - Data returned by query: 6925217
[INFO ] 2018-03-06 20:24:41.292 [main] DBUtil - QUERY TRIGGERED IS SELECT  ab.AccountID ,ac.FirstName ,ac.LastName ,acs.Username FROM  RFOperations.RFO_Accounts.AccountBase ab JOIN RFOperations.RFO_Accounts.AccountRF rf ON rf.AccountID = ab.AccountID JOIN RFOperations.RFO_Accounts.AccountContacts ac ON ac.AccountId = ab.AccountID LEFT JOIN RFOperations.Security.AccountSecurity acs ON acs.AccountID = ab.AccountID LEFT JOIN RFOperations.RFO_Reference.AccountType t ON t.AccountTypeID = ab.AccountTypeID LEFT JOIN RFOperations.RFO_Reference.AccountStatus s ON s.AccountStatusID = ab.AccountStatusID LEFT JOIN RFOperations.RFO_Reference.Countries c ON c.CountryID = ab.CountryID WHERE   ab.AccountID = 6816233

[INFO ] 2018-03-06 20:24:41.498 [main] RFLSDWebsiteBaseTest - Data returned by query: janna@kirkup.ca
[INFO ] 2018-03-06 20:24:41.500 [main] DBUtil - QUERY TRIGGERED IS select EmailAddress from RFO_Accounts.AccountContacts acTB INNER JOIN RFO_Accounts.AccountEmails aeTB  on acTB.AccountContactId=aeTB.AccountContactId INNER JOIN RFO_Accounts.EmailAddresses aEMTB on aeTB.EmailAddressID=aEMTB.EmailAddressID WHERE acTB.AccountID='6816233' and aEMTB.EmailAddressTypeID=1 

[INFO ] 2018-03-06 20:24:41.696 [main] RFLSDWebsiteBaseTest - Data returned by query: janna@kirkup.ca
[INFO ] 2018-03-06 20:24:41.697 [main] RFWebsiteDriver - Waiting for LSD loading image to get disappear
[INFO ] 2018-03-06 20:24:42.750 [main] RFWebsiteDriver - waiting..
[INFO ] 2018-03-06 20:24:42.770 [main] RFWebsiteDriver - LSD loading image disappears
[INFO ] 2018-03-06 20:24:42.833 [main] RFWebsiteDriver - waiting for locator By.id: username
[INFO ] 2018-03-06 20:24:42.843 [main] RFWebsiteDriver - Element found
[INFO ] 2018-03-06 20:24:42.843 [main] RFWebsiteDriver - Taking Screenshot
[INFO ] 2018-03-06 20:24:43.429 [main] RFWebsiteDriver - wait started for By.id: username
[INFO ] 2018-03-06 20:24:43.429 [main] RFWebsiteDriver - waiting for locator By.id: username
[INFO ] 2018-03-06 20:24:43.439 [main] RFWebsiteDriver - Element found
[INFO ] 2018-03-06 20:24:43.578 [main] RFWebsiteDriver - TYPED text as = janna@kirkup.ca in  text field
[INFO ] 2018-03-06 20:24:43.578 [main] LSDLoginPage - username is janna@kirkup.ca
[INFO ] 2018-03-06 20:24:43.578 [main] RFWebsiteDriver - wait started for By.id: password
[INFO ] 2018-03-06 20:24:43.578 [main] RFWebsiteDriver - waiting for locator By.id: password
[INFO ] 2018-03-06 20:24:43.599 [main] RFWebsiteDriver - Element found
[INFO ] 2018-03-06 20:24:43.726 [main] RFWebsiteDriver - TYPED text as = 111Maiden$ in  text field
[INFO ] 2018-03-06 20:24:43.726 [main] LSDLoginPage - password is 111Maiden$
[INFO ] 2018-03-06 20:24:43.726 [main] RFWebsiteDriver - wait started for By.id: button-login
[INFO ] 2018-03-06 20:24:43.726 [main] RFWebsiteDriver - waiting for locator By.id: button-login
[INFO ] 2018-03-06 20:24:43.744 [main] RFWebsiteDriver - Element found
[INFO ] 2018-03-06 20:24:43.745 [main] RFWebsiteDriver -  ready to be clicked
[INFO ] 2018-03-06 20:24:43.826 [main] RFWebsiteDriver - CLICKED on 
[INFO ] 2018-03-06 20:24:55.449 [main] RFWebsiteDriver - URL opened is https://skywalker.rodanandfields.com
[INFO ] 2018-03-06 20:24:56.037 [main] RFWebsiteDriver - Waiting for LSD loading image to get disappear
[INFO ] 2018-03-06 20:24:56.180 [main] RFWebsiteDriver - LSD Animation image disappears
[INFO ] 2018-03-06 20:24:56.181 [main] RFWebsiteDriver - waiting for locator By.id: button-login
[INFO ] 2018-03-06 20:25:01.342 [main] RFWebsiteDriver - waiting for locator By.xpath: //div[text()='Hello,']/following-sibling::div[contains(@class,'text-uppercase')]
[INFO ] 2018-03-06 20:25:01.352 [main] RFWebsiteDriver - Element found
[INFO ] 2018-03-06 20:25:01.360 [main] RFWebsiteDriver - waiting for locator By.xpath: //div[text()='Hello,']/following-sibling::div[contains(@class,'text-uppercase')]
[INFO ] 2018-03-06 20:25:01.371 [main] RFWebsiteDriver - Element found
[INFO ] 2018-03-06 20:25:01.405 [main] RFWebsiteDriver - TEXT fetched for First name in overview section is=JANNA
[INFO ] 2018-03-06 20:25:01.405 [main] RFLSDWebsiteBaseTest - Data returned by query: Janna
[INFO ] 2018-03-06 20:25:01.412 [main] RFWebsiteDriver - wait started for By.xpath: //div[@id='rf-nav-wrapper']/descendant::img[2]
[INFO ] 2018-03-06 20:25:01.412 [main] RFWebsiteDriver - waiting for locator By.xpath: //div[@id='rf-nav-wrapper']/descendant::img[2]
[INFO ] 2018-03-06 20:25:01.431 [main] RFWebsiteDriver - Element found
[INFO ] 2018-03-06 20:25:01.431 [main] RFWebsiteDriver - R+F logo ready to be clicked
[INFO ] 2018-03-06 20:25:01.538 [main] RFWebsiteDriver - CLICKED on R+F logo
[INFO ] 2018-03-06 20:25:01.627 [main] TestListner - 
******************************************************************************************************************************
					TEST CASE NAME:                  TotalNumberOfAllPCs_3349q
******************************************************************************************************************************
[INFO ] 2018-03-06 20:25:01.670 [main] RFWebsiteDriver - wait started for By.xpath: //div[@id='rf-nav-wrapper']/descendant::span[text()='Pulse'][1]
[INFO ] 2018-03-06 20:25:01.670 [main] RFWebsiteDriver - waiting for locator By.xpath: //div[@id='rf-nav-wrapper']/descendant::span[text()='Pulse'][1]
[INFO ] 2018-03-06 20:25:01.692 [main] RFWebsiteDriver - Element found
[INFO ] 2018-03-06 20:25:01.693 [main] RFWebsiteDriver -  ready to be clicked
[INFO ] 2018-03-06 20:25:01.777 [main] RFWebsiteDriver - CLICKED on 
[INFO ] 2018-03-06 20:25:01.777 [main] LSDHomePage - Clicked on Pulse Submenu from Top Navigation
[INFO ] 2018-03-06 20:25:01.838 [main] RFWebsiteDriver - wait started for By.xpath: //a[contains(text(),'Customers')]
[INFO ] 2018-03-06 20:25:01.838 [main] RFWebsiteDriver - waiting for locator By.xpath: //a[contains(text(),'Customers')]
[INFO ] 2018-03-06 20:25:01.849 [main] RFWebsiteDriver - Element found
[INFO ] 2018-03-06 20:25:01.849 [main] RFWebsiteDriver -  ready to be clicked
[INFO ] 2018-03-06 20:25:01.933 [main] RFWebsiteDriver - CLICKED on 
[INFO ] 2018-03-06 20:25:01.934 [main] LSDHomePage - SubMenu Link : Customers clicked
[INFO ] 2018-03-06 20:25:01.961 [main] RFWebsiteDriver - Waiting for spin image to get disappear0
[INFO ] 2018-03-06 20:25:01.971 [main] RFWebsiteDriver - spin image disappears
[INFO ] 2018-03-06 20:25:05.997 [main] RFWebsiteDriver - Waiting for spin image to get disappear1
[INFO ] 2018-03-06 20:25:07.026 [main] RFWebsiteDriver - waiting..
[INFO ] 2018-03-06 20:25:08.055 [main] RFWebsiteDriver - waiting..
[INFO ] 2018-03-06 20:25:09.089 [main] RFWebsiteDriver - waiting..
[INFO ] 2018-03-06 20:25:10.126 [main] RFWebsiteDriver - waiting..
[INFO ] 2018-03-06 20:25:11.146 [main] RFWebsiteDriver - waiting..
[INFO ] 2018-03-06 20:25:12.175 [main] RFWebsiteDriver - waiting..
[INFO ] 2018-03-06 20:25:13.210 [main] RFWebsiteDriver - waiting..
[INFO ] 2018-03-06 20:25:14.230 [main] RFWebsiteDriver - waiting..
[INFO ] 2018-03-06 20:25:15.264 [main] RFWebsiteDriver - waiting..
[INFO ] 2018-03-06 20:25:16.293 [main] RFWebsiteDriver - waiting..
[INFO ] 2018-03-06 20:25:17.316 [main] RFWebsiteDriver - waiting..
[INFO ] 2018-03-06 20:25:18.344 [main] RFWebsiteDriver - waiting..
[INFO ] 2018-03-06 20:25:19.365 [main] RFWebsiteDriver - waiting..
[INFO ] 2018-03-06 20:25:20.394 [main] RFWebsiteDriver - waiting..
[INFO ] 2018-03-06 20:25:21.410 [main] RFWebsiteDriver - waiting..
[INFO ] 2018-03-06 20:25:22.423 [main] RFWebsiteDriver - waiting..
[INFO ] 2018-03-06 20:25:22.458 [main] RFWebsiteDriver - spin image disappears
[INFO ] 2018-03-06 20:25:26.459 [main] RFWebsiteDriver - wait started for By.xpath: //h1[contains(text(),'Build Customer Loyalty')]/../preceding::span[1]
[INFO ] 2018-03-06 20:25:26.459 [main] RFWebsiteDriver - waiting for locator By.xpath: //h1[contains(text(),'Build Customer Loyalty')]/../preceding::span[1]
[INFO ] 2018-03-06 20:25:26.495 [main] RFWebsiteDriver - Element found
[INFO ] 2018-03-06 20:25:26.495 [main] RFWebsiteDriver - wait started for By.xpath: //h1[contains(text(),'Build Customer Loyalty')]/../preceding::span[1]
[INFO ] 2018-03-06 20:25:26.495 [main] RFWebsiteDriver - waiting for locator By.xpath: //h1[contains(text(),'Build Customer Loyalty')]/../preceding::span[1]
[INFO ] 2018-03-06 20:25:26.516 [main] RFWebsiteDriver - Element found
[INFO ] 2018-03-06 20:25:26.517 [main] RFWebsiteDriver - count of all pc customers ready to be clicked
[INFO ] 2018-03-06 20:25:26.619 [main] RFWebsiteDriver - CLICKED on count of all pc customers
[INFO ] 2018-03-06 20:25:26.620 [main] LSDCustomerPage - clicked in view PC customer link
[INFO ] 2018-03-06 20:25:26.621 [main] DBUtil - QUERY TRIGGERED IS  DECLARE @AccountId INT = 6816233 SELECT COUNT(DISTINCT sb.AccountID)[TotalPC] FROM RFOperations.RFO_Accounts.AccountBase ab JOIN RFOperations.RFO_Accounts.AccountRF rf ON rf.SponsorId = ab.AccountID AND ab.AccountID=@AccountId JOIN RFOperations.RFO_Accounts.AccountBase sb ON rf.AccountID = sb.AccountID WHERE sb.AccountTypeID = 2 AND rf.Active = 1 AND sb.AccountStatusID = 1 AND EXISTS (SELECT 1 FROM RFOperations.Hybris.Autoship a WHERE a.AccountID = sb.AccountID AND a.Active = 1 AND a.AutoshipTypeID = 1 AND CAST(a.NextRunDate AS DATE) BETWEEN DATEADD(DAY, 1, EOMONTH(DATEADD(MONTH,-1, GETDATE()))) AND EOMONTH(DATEADD(MONTH, 1, GETDATE())) ) GROUP BY ab.AccountID

[INFO ] 2018-03-06 20:25:26.926 [main] RFLSDWebsiteBaseTest - Data returned by query: 9
[INFO ] 2018-03-06 20:25:26.969 [main] RFWebsiteDriver - Waiting for spin image to get disappear0
[INFO ] 2018-03-06 20:25:26.994 [main] RFWebsiteDriver - spin image disappears
[INFO ] 2018-03-06 20:25:30.994 [main] RFWebsiteDriver - waiting for locator By.xpath: //h1[contains(text(),'All Customers')]//preceding::span[1]
[INFO ] 2018-03-06 20:25:31.051 [main] RFWebsiteDriver - Element found
[INFO ] 2018-03-06 20:25:31.131 [main] RFWebsiteDriver - TEXT fetched for count of all PC customer for this month and next month is=11
[INFO ] 2018-03-06 20:25:31.136 [main] SoftAssert - VERIFICATION FAILED: Expected count of PC users are 9 actual on UI are 11 expected [true] but found [false]
[INFO ] 2018-03-06 20:25:31.136 [main] SoftAssert - Expected: true
[INFO ] 2018-03-06 20:25:31.136 [main] SoftAssert - Actual: false
[INFO ] 2018-03-06 20:25:31.137 [main] RFWebsiteDriver - Taking Screenshot
[INFO ] 2018-03-06 20:25:31.465 [main] SoftAssert - Snapshot Path :<a href='C:\Users\bpkotamahanti\Bindu\Automation\qa-automation\output\Screenshots\TotalNumberOfAllPCs_3349q\Expected count of PC users are 9 actual on UI are 11 expected [true] but found [false].png'>C:\Users\bpkotamahanti\Bindu\Automation\qa-automation\output\Screenshots\TotalNumberOfAllPCs_3349q\Expected count of PC users are 9 actual on UI are 11 expected [true] but found [false].png</a>

[INFO ] 2018-03-06 20:25:31.465 [main] TestListner - [TEST HAS FAILED-------- Test case TotalNumberOfAllPCs_3349q has failed] due to reason:-<br>  java.lang.AssertionError: 1.Expected count of PC users are 9 actual on UI are 11

[INFO ] 2018-03-06 20:25:31.502 [main] RFWebsiteDriver - URL opened is https://skywalker.rodanandfields.com
[INFO ] 2018-03-06 20:25:32.093 [main] RFWebsiteDriver - Waiting for LSD loading image to get disappear
[INFO ] 2018-03-06 20:25:32.213 [main] RFWebsiteDriver - LSD Animation image disappears
[INFO ] 2018-03-06 20:25:32.213 [main] RFWebsiteDriver - waiting for locator By.id: button-login
[INFO ] 2018-03-06 20:25:37.803 [main] RFWebsiteDriver - waiting for locator By.xpath: //div[text()='Hello,']/following-sibling::div[contains(@class,'text-uppercase')]
[INFO ] 2018-03-06 20:25:37.813 [main] RFWebsiteDriver - Element found
[INFO ] 2018-03-06 20:25:37.822 [main] RFWebsiteDriver - waiting for locator By.xpath: //div[text()='Hello,']/following-sibling::div[contains(@class,'text-uppercase')]
[INFO ] 2018-03-06 20:25:37.834 [main] RFWebsiteDriver - Element found
[INFO ] 2018-03-06 20:25:37.875 [main] RFWebsiteDriver - TEXT fetched for First name in overview section is=JANNA
[INFO ] 2018-03-06 20:25:37.875 [main] RFLSDWebsiteBaseTest - Data returned by query: Janna
[INFO ] 2018-03-06 20:25:37.880 [main] RFWebsiteDriver - wait started for By.xpath: //div[@id='rf-nav-wrapper']/descendant::img[2]
[INFO ] 2018-03-06 20:25:37.880 [main] RFWebsiteDriver - waiting for locator By.xpath: //div[@id='rf-nav-wrapper']/descendant::img[2]
[INFO ] 2018-03-06 20:25:37.897 [main] RFWebsiteDriver - Element found
[INFO ] 2018-03-06 20:25:37.897 [main] RFWebsiteDriver - R+F logo ready to be clicked
[INFO ] 2018-03-06 20:25:37.979 [main] RFWebsiteDriver - CLICKED on R+F logo
[INFO ] 2018-03-06 20:25:37.986 [main] TestListner - 
******************************************************************************************************************************
					TEST CASE NAME:                  testPCCardComponents_3240q
******************************************************************************************************************************
[INFO ] 2018-03-06 20:25:37.989 [main] RFWebsiteDriver - wait started for By.xpath: //div[@id='rf-nav-wrapper']/descendant::span[text()='Pulse'][1]
[INFO ] 2018-03-06 20:25:37.990 [main] RFWebsiteDriver - waiting for locator By.xpath: //div[@id='rf-nav-wrapper']/descendant::span[text()='Pulse'][1]
[INFO ] 2018-03-06 20:25:38.016 [main] RFWebsiteDriver - Element found
[INFO ] 2018-03-06 20:25:38.016 [main] RFWebsiteDriver -  ready to be clicked
[INFO ] 2018-03-06 20:25:38.100 [main] RFWebsiteDriver - CLICKED on 
[INFO ] 2018-03-06 20:25:38.100 [main] LSDHomePage - Clicked on Pulse Submenu from Top Navigation
[INFO ] 2018-03-06 20:25:38.151 [main] RFWebsiteDriver - wait started for By.xpath: //a[contains(text(),'Customers')]
[INFO ] 2018-03-06 20:25:38.151 [main] RFWebsiteDriver - waiting for locator By.xpath: //a[contains(text(),'Customers')]
[INFO ] 2018-03-06 20:25:38.161 [main] RFWebsiteDriver - Element found
[INFO ] 2018-03-06 20:25:38.161 [main] RFWebsiteDriver -  ready to be clicked
[INFO ] 2018-03-06 20:25:38.245 [main] RFWebsiteDriver - CLICKED on 
[INFO ] 2018-03-06 20:25:38.245 [main] LSDHomePage - SubMenu Link : Customers clicked
[INFO ] 2018-03-06 20:25:38.291 [main] RFWebsiteDriver - Waiting for spin image to get disappear1
[INFO ] 2018-03-06 20:25:39.310 [main] RFWebsiteDriver - waiting..
[INFO ] 2018-03-06 20:25:40.323 [main] RFWebsiteDriver - waiting..
[INFO ] 2018-03-06 20:25:40.333 [main] RFWebsiteDriver - spin image disappears
[INFO ] 2018-03-06 20:25:53.334 [main] RFWebsiteDriver - wait started for By.xpath: //div[contains(@class,'white-fb')]/descendant::a[1]/descendant::span[1]
[INFO ] 2018-03-06 20:25:53.334 [main] RFWebsiteDriver - waiting for locator By.xpath: //div[contains(@class,'white-fb')]/descendant::a[1]/descendant::span[1]
[INFO ] 2018-03-06 20:25:53.388 [main] RFWebsiteDriver - Element found
[INFO ] 2018-03-06 20:25:53.389 [main] RFWebsiteDriver - have orders for this month ready to be clicked
[INFO ] 2018-03-06 20:25:53.490 [main] RFWebsiteDriver - CLICKED on have orders for this month
[INFO ] 2018-03-06 20:26:03.655 [main] RFWebsiteDriver - wait started for By.xpath: //div[@id='sub-stage']/descendant::a[1]/descendant::span[1]
[INFO ] 2018-03-06 20:26:03.655 [main] RFWebsiteDriver - waiting for locator By.xpath: //div[@id='sub-stage']/descendant::a[1]/descendant::span[1]
[INFO ] 2018-03-06 20:26:03.684 [main] RFWebsiteDriver - Element found
[INFO ] 2018-03-06 20:26:03.720 [main] RFWebsiteDriver - wait started for By.xpath: //div[@id='sub-stage']/descendant::a[1]/descendant::span[2]
[INFO ] 2018-03-06 20:26:03.720 [main] RFWebsiteDriver - waiting for locator By.xpath: //div[@id='sub-stage']/descendant::a[1]/descendant::span[2]
[INFO ] 2018-03-06 20:26:03.735 [main] RFWebsiteDriver - Element found
[INFO ] 2018-03-06 20:26:03.768 [main] RFWebsiteDriver - wait started for By.xpath: //div[@id='sub-stage']/descendant::a[1]/descendant::span[3]
[INFO ] 2018-03-06 20:26:03.768 [main] RFWebsiteDriver - waiting for locator By.xpath: //div[@id='sub-stage']/descendant::a[1]/descendant::span[3]
[INFO ] 2018-03-06 20:26:03.785 [main] RFWebsiteDriver - Element found
[INFO ] 2018-03-06 20:26:03.823 [main] RFWebsiteDriver - wait started for By.xpath: //div[@id='sub-stage']/descendant::a[1]/descendant::span[4]
[INFO ] 2018-03-06 20:26:03.823 [main] RFWebsiteDriver - waiting for locator By.xpath: //div[@id='sub-stage']/descendant::a[1]/descendant::span[4]
[INFO ] 2018-03-06 20:26:03.838 [main] RFWebsiteDriver - Element found
[INFO ] 2018-03-06 20:26:03.872 [main] RFWebsiteDriver - wait started for By.xpath: //div[@id='sub-stage']/descendant::a[1]/descendant::span[5]
[INFO ] 2018-03-06 20:26:03.872 [main] RFWebsiteDriver - waiting for locator By.xpath: //div[@id='sub-stage']/descendant::a[1]/descendant::span[5]
[INFO ] 2018-03-06 20:26:03.887 [main] RFWebsiteDriver - Element found
[INFO ] 2018-03-06 20:26:03.922 [main] RFWebsiteDriver - wait started for By.xpath: //div[@id='sub-stage']/descendant::a[1]/descendant::span[6]
[INFO ] 2018-03-06 20:26:03.922 [main] RFWebsiteDriver - waiting for locator By.xpath: //div[@id='sub-stage']/descendant::a[1]/descendant::span[6]
[INFO ] 2018-03-06 20:26:03.937 [main] RFWebsiteDriver - Element found
[INFO ] 2018-03-06 20:26:03.974 [main] RFWebsiteDriver - waiting for locator By.xpath: //div[@id='sub-stage']/descendant::section[contains(@id,'pc-card')][1]//span[contains(@class,'icon-contact')]
[INFO ] 2018-03-06 20:26:03.992 [main] RFWebsiteDriver - Element found
[INFO ] 2018-03-06 20:26:04.003 [main] RFWebsiteDriver - wait started for By.xpath: //div[@id='sub-stage']/descendant::section[contains(@id,'pc-card')][1]//div[contains(@class,'rf-circle-bg-active')]
[INFO ] 2018-03-06 20:26:04.003 [main] RFWebsiteDriver - waiting for locator By.xpath: //div[@id='sub-stage']/descendant::section[contains(@id,'pc-card')][1]//div[contains(@class,'rf-circle-bg-active')]
[INFO ] 2018-03-06 20:26:04.027 [main] RFWebsiteDriver - Element found
[INFO ] 2018-03-06 20:26:04.079 [main] TestListner - [TEST IS SUCCESSFUL -------- Test case testPCCardComponents_3240q has passed]
[INFO ] 2018-03-06 20:26:04.090 [main] RFWebsiteDriver - URL opened is https://skywalker.rodanandfields.com
[INFO ] 2018-03-06 20:26:04.603 [main] RFWebsiteDriver - Waiting for LSD loading image to get disappear
[INFO ] 2018-03-06 20:26:04.770 [main] RFWebsiteDriver - LSD Animation image disappears
[INFO ] 2018-03-06 20:26:04.770 [main] RFWebsiteDriver - waiting for locator By.id: button-login
[INFO ] 2018-03-06 20:26:10.192 [main] RFWebsiteDriver - waiting for locator By.xpath: //div[text()='Hello,']/following-sibling::div[contains(@class,'text-uppercase')]
[INFO ] 2018-03-06 20:26:10.205 [main] RFWebsiteDriver - Element found
[INFO ] 2018-03-06 20:26:10.218 [main] RFWebsiteDriver - waiting for locator By.xpath: //div[text()='Hello,']/following-sibling::div[contains(@class,'text-uppercase')]
[INFO ] 2018-03-06 20:26:10.228 [main] RFWebsiteDriver - Element found
[INFO ] 2018-03-06 20:26:10.263 [main] RFWebsiteDriver - TEXT fetched for First name in overview section is=JANNA
[INFO ] 2018-03-06 20:26:10.263 [main] RFLSDWebsiteBaseTest - Data returned by query: Janna
[INFO ] 2018-03-06 20:26:10.268 [main] RFWebsiteDriver - wait started for By.xpath: //div[@id='rf-nav-wrapper']/descendant::img[2]
[INFO ] 2018-03-06 20:26:10.268 [main] RFWebsiteDriver - waiting for locator By.xpath: //div[@id='rf-nav-wrapper']/descendant::img[2]
[INFO ] 2018-03-06 20:26:10.285 [main] RFWebsiteDriver - Element found
[INFO ] 2018-03-06 20:26:10.285 [main] RFWebsiteDriver - R+F logo ready to be clicked
[INFO ] 2018-03-06 20:26:10.356 [main] RFWebsiteDriver - CLICKED on R+F logo
[INFO ] 2018-03-06 20:26:10.358 [main] TestListner - 
******************************************************************************************************************************
					TEST CASE NAME:                  testSortingByQVLowTohigh_3011q
******************************************************************************************************************************
[INFO ] 2018-03-06 20:26:10.362 [main] RFWebsiteDriver - wait started for By.xpath: //div[@id='rf-nav-wrapper']/descendant::span[text()='Pulse'][1]
[INFO ] 2018-03-06 20:26:10.362 [main] RFWebsiteDriver - waiting for locator By.xpath: //div[@id='rf-nav-wrapper']/descendant::span[text()='Pulse'][1]
[INFO ] 2018-03-06 20:26:10.384 [main] RFWebsiteDriver - Element found
[INFO ] 2018-03-06 20:26:10.384 [main] RFWebsiteDriver -  ready to be clicked
[INFO ] 2018-03-06 20:26:10.470 [main] RFWebsiteDriver - CLICKED on 
[INFO ] 2018-03-06 20:26:10.470 [main] LSDHomePage - Clicked on Pulse Submenu from Top Navigation
[INFO ] 2018-03-06 20:26:10.518 [main] RFWebsiteDriver - wait started for By.xpath: //a[contains(text(),'Customers')]
[INFO ] 2018-03-06 20:26:10.518 [main] RFWebsiteDriver - waiting for locator By.xpath: //a[contains(text(),'Customers')]
[INFO ] 2018-03-06 20:26:10.526 [main] RFWebsiteDriver - Element found
[INFO ] 2018-03-06 20:26:10.526 [main] RFWebsiteDriver -  ready to be clicked
[INFO ] 2018-03-06 20:26:10.598 [main] RFWebsiteDriver - CLICKED on 
[INFO ] 2018-03-06 20:26:10.598 [main] LSDHomePage - SubMenu Link : Customers clicked
[INFO ] 2018-03-06 20:26:10.651 [main] RFWebsiteDriver - Waiting for spin image to get disappear1
[INFO ] 2018-03-06 20:26:11.665 [main] RFWebsiteDriver - waiting..
[INFO ] 2018-03-06 20:26:11.709 [main] RFWebsiteDriver - spin image disappears
[INFO ] 2018-03-06 20:26:15.758 [main] RFWebsiteDriver - Waiting for spin image to get disappear0
[INFO ] 2018-03-06 20:26:15.783 [main] RFWebsiteDriver - spin image disappears
[INFO ] 2018-03-06 20:26:15.784 [main] RFWebsiteDriver - waiting for locator By.xpath: //div[contains(@class,'white-fb')]/descendant::a[1]/descendant::span[2]
[INFO ] 2018-03-06 20:26:15.808 [main] RFWebsiteDriver - Element found
[INFO ] 2018-03-06 20:26:15.856 [main] RFWebsiteDriver - TEXT fetched for count of pc autoship orders for this month is=1
[INFO ] 2018-03-06 20:26:15.867 [main] RFWebsiteDriver - Waiting for spin image to get disappear0
[INFO ] 2018-03-06 20:26:15.878 [main] RFWebsiteDriver - spin image disappears
[INFO ] 2018-03-06 20:26:15.878 [main] RFWebsiteDriver - waiting for locator By.xpath: //div[contains(@class,'white-fb')]/descendant::a[2]/descendant::span[2]
[INFO ] 2018-03-06 20:26:15.902 [main] RFWebsiteDriver - Element found
[INFO ] 2018-03-06 20:26:15.947 [main] RFWebsiteDriver - TEXT fetched for count of pc autoship orders for next month is=9
[INFO ] 2018-03-06 20:26:15.958 [main] RFWebsiteDriver - Waiting for spin image to get disappear0
[INFO ] 2018-03-06 20:26:15.969 [main] RFWebsiteDriver - spin image disappears
[INFO ] 2018-03-06 20:26:15.969 [main] RFWebsiteDriver - waiting for locator By.xpath: //div[contains(@class,'white-fb')]/descendant::a[3]/descendant::span[2]
[INFO ] 2018-03-06 20:26:15.995 [main] RFWebsiteDriver - Element found
[INFO ] 2018-03-06 20:26:16.031 [main] RFWebsiteDriver - TEXT fetched for count of pc autoship orders for further out is=1
[INFO ] 2018-03-06 20:26:16.047 [main] RFWebsiteDriver - Waiting for spin image to get disappear0
[INFO ] 2018-03-06 20:26:16.056 [main] RFWebsiteDriver - spin image disappears
[INFO ] 2018-03-06 20:26:16.056 [main] RFWebsiteDriver - wait started for By.xpath: //div[contains(@class,'white-fb')]/descendant::a[2]/descendant::span[1]
[INFO ] 2018-03-06 20:26:16.056 [main] RFWebsiteDriver - waiting for locator By.xpath: //div[contains(@class,'white-fb')]/descendant::a[2]/descendant::span[1]
[INFO ] 2018-03-06 20:26:16.074 [main] RFWebsiteDriver - Element found
[INFO ] 2018-03-06 20:26:16.075 [main] RFWebsiteDriver - have orders for this month ready to be clicked
[INFO ] 2018-03-06 20:26:16.138 [main] RFWebsiteDriver - CLICKED on have orders for this month
[INFO ] 2018-03-06 20:26:16.139 [main] RFWebsiteDriver - Waiting for LSD loading image to get disappear
[INFO ] 2018-03-06 20:26:17.222 [main] RFWebsiteDriver - waiting..
[INFO ] 2018-03-06 20:26:18.254 [main] RFWebsiteDriver - waiting..
[INFO ] 2018-03-06 20:26:19.282 [main] RFWebsiteDriver - waiting..
[INFO ] 2018-03-06 20:26:20.309 [main] RFWebsiteDriver - waiting..
[INFO ] 2018-03-06 20:26:21.337 [main] RFWebsiteDriver - waiting..
[INFO ] 2018-03-06 20:26:22.366 [main] RFWebsiteDriver - waiting..
[INFO ] 2018-03-06 20:26:23.400 [main] RFWebsiteDriver - waiting..
[INFO ] 2018-03-06 20:26:24.427 [main] RFWebsiteDriver - waiting..
[INFO ] 2018-03-06 20:26:25.453 [main] RFWebsiteDriver - waiting..
[INFO ] 2018-03-06 20:26:26.487 [main] RFWebsiteDriver - waiting..
[INFO ] 2018-03-06 20:26:27.513 [main] RFWebsiteDriver - waiting..
[INFO ] 2018-03-06 20:26:28.531 [main] RFWebsiteDriver - waiting..
[INFO ] 2018-03-06 20:26:29.562 [main] RFWebsiteDriver - waiting..
[INFO ] 2018-03-06 20:26:30.585 [main] RFWebsiteDriver - waiting..
[INFO ] 2018-03-06 20:26:31.615 [main] RFWebsiteDriver - waiting..
[INFO ] 2018-03-06 20:26:32.643 [main] RFWebsiteDriver - waiting..
[INFO ] 2018-03-06 20:26:33.676 [main] RFWebsiteDriver - waiting..
[INFO ] 2018-03-06 20:26:34.704 [main] RFWebsiteDriver - waiting..
[INFO ] 2018-03-06 20:26:35.734 [main] RFWebsiteDriver - waiting..
[INFO ] 2018-03-06 20:26:36.766 [main] RFWebsiteDriver - waiting..
[INFO ] 2018-03-06 20:26:36.767 [main] RFWebsiteDriver - wait started for By.xpath: //span[contains(text(),'Sorted by')]
[INFO ] 2018-03-06 20:26:36.767 [main] RFWebsiteDriver - waiting for locator By.xpath: //span[contains(text(),'Sorted by')]
[INFO ] 2018-03-06 20:26:36.818 [main] RFWebsiteDriver - Element found
[INFO ] 2018-03-06 20:26:36.819 [main] RFWebsiteDriver - filter ready to be clicked
[INFO ] 2018-03-06 20:26:36.908 [main] RFWebsiteDriver - CLICKED on filter
[INFO ] 2018-03-06 20:26:36.909 [main] RFWebsiteDriver - wait started for By.xpath: //span[contains(text(),'QV: Low to High')]
[INFO ] 2018-03-06 20:26:36.909 [main] RFWebsiteDriver - waiting for locator By.xpath: //span[contains(text(),'QV: Low to High')]
[INFO ] 2018-03-06 20:26:36.941 [main] RFWebsiteDriver - Element found
[INFO ] 2018-03-06 20:26:36.941 [main] RFWebsiteDriver - filter selected ready to be clicked
[INFO ] 2018-03-06 20:26:37.042 [main] RFWebsiteDriver - CLICKED on filter selected
[INFO ] 2018-03-06 20:26:37.451 [main] RFWebsiteDriver - Waiting For Page load via JS
[INFO ] 2018-03-06 20:26:37.462 [main] RFWebsiteDriver - page load complete..
[INFO ] 2018-03-06 20:26:37.463 [main] TestListner - [TEST IS SUCCESSFUL -------- Test case testSortingByQVLowTohigh_3011q has passed]
[INFO ] 2018-03-06 20:26:37.469 [main] RFWebsiteDriver - URL opened is https://skywalker.rodanandfields.com
[INFO ] 2018-03-06 20:26:38.054 [main] RFWebsiteDriver - Waiting for LSD loading image to get disappear
[INFO ] 2018-03-06 20:26:38.165 [main] RFWebsiteDriver - LSD Animation image disappears
[INFO ] 2018-03-06 20:26:38.165 [main] RFWebsiteDriver - waiting for locator By.id: button-login
[INFO ] 2018-03-06 20:26:43.283 [main] RFWebsiteDriver - waiting for locator By.xpath: //div[text()='Hello,']/following-sibling::div[contains(@class,'text-uppercase')]
[INFO ] 2018-03-06 20:26:43.296 [main] RFWebsiteDriver - Element found
[INFO ] 2018-03-06 20:26:43.309 [main] RFWebsiteDriver - waiting for locator By.xpath: //div[text()='Hello,']/following-sibling::div[contains(@class,'text-uppercase')]
[INFO ] 2018-03-06 20:26:43.322 [main] RFWebsiteDriver - Element found
[INFO ] 2018-03-06 20:26:43.356 [main] RFWebsiteDriver - TEXT fetched for First name in overview section is=JANNA
[INFO ] 2018-03-06 20:26:43.356 [main] RFLSDWebsiteBaseTest - Data returned by query: Janna
[INFO ] 2018-03-06 20:26:43.360 [main] RFWebsiteDriver - wait started for By.xpath: //div[@id='rf-nav-wrapper']/descendant::img[2]
[INFO ] 2018-03-06 20:26:43.361 [main] RFWebsiteDriver - waiting for locator By.xpath: //div[@id='rf-nav-wrapper']/descendant::img[2]
[INFO ] 2018-03-06 20:26:43.375 [main] RFWebsiteDriver - Element found
[INFO ] 2018-03-06 20:26:43.376 [main] RFWebsiteDriver - R+F logo ready to be clicked
[INFO ] 2018-03-06 20:26:43.455 [main] RFWebsiteDriver - CLICKED on R+F logo
[INFO ] 2018-03-06 20:26:43.457 [main] TestListner - 
******************************************************************************************************************************
					TEST CASE NAME:                  testSortingMenuForNextMonth_2999q
******************************************************************************************************************************
[INFO ] 2018-03-06 20:26:43.460 [main] RFWebsiteDriver - wait started for By.xpath: //div[@id='rf-nav-wrapper']/descendant::span[text()='Pulse'][1]
[INFO ] 2018-03-06 20:26:43.460 [main] RFWebsiteDriver - waiting for locator By.xpath: //div[@id='rf-nav-wrapper']/descendant::span[text()='Pulse'][1]
[INFO ] 2018-03-06 20:26:43.484 [main] RFWebsiteDriver - Element found
[INFO ] 2018-03-06 20:26:43.485 [main] RFWebsiteDriver -  ready to be clicked
[INFO ] 2018-03-06 20:26:43.569 [main] RFWebsiteDriver - CLICKED on 
[INFO ] 2018-03-06 20:26:43.569 [main] LSDHomePage - Clicked on Pulse Submenu from Top Navigation
[INFO ] 2018-03-06 20:26:43.610 [main] RFWebsiteDriver - wait started for By.xpath: //a[contains(text(),'Customers')]
[INFO ] 2018-03-06 20:26:43.610 [main] RFWebsiteDriver - waiting for locator By.xpath: //a[contains(text(),'Customers')]
[INFO ] 2018-03-06 20:26:43.618 [main] RFWebsiteDriver - Element found
[INFO ] 2018-03-06 20:26:43.618 [main] RFWebsiteDriver -  ready to be clicked
[INFO ] 2018-03-06 20:26:43.699 [main] RFWebsiteDriver - CLICKED on 
[INFO ] 2018-03-06 20:26:43.699 [main] LSDHomePage - SubMenu Link : Customers clicked
[INFO ] 2018-03-06 20:26:43.749 [main] RFWebsiteDriver - Waiting for spin image to get disappear1
[INFO ] 2018-03-06 20:26:44.763 [main] RFWebsiteDriver - waiting..
[INFO ] 2018-03-06 20:26:45.781 [main] RFWebsiteDriver - waiting..
[INFO ] 2018-03-06 20:26:45.808 [main] RFWebsiteDriver - spin image disappears
[INFO ] 2018-03-06 20:26:49.825 [main] RFWebsiteDriver - Waiting for spin image to get disappear0
[INFO ] 2018-03-06 20:26:49.835 [main] RFWebsiteDriver - spin image disappears
[INFO ] 2018-03-06 20:26:49.835 [main] RFWebsiteDriver - wait started for By.xpath: //div[contains(@class,'white-fb')]/descendant::a[2]/descendant::span[1]
[INFO ] 2018-03-06 20:26:49.835 [main] RFWebsiteDriver - waiting for locator By.xpath: //div[contains(@class,'white-fb')]/descendant::a[2]/descendant::span[1]
[INFO ] 2018-03-06 20:26:49.853 [main] RFWebsiteDriver - Element found
[INFO ] 2018-03-06 20:26:49.853 [main] RFWebsiteDriver - have orders for this month ready to be clicked
[INFO ] 2018-03-06 20:26:49.944 [main] RFWebsiteDriver - CLICKED on have orders for this month
[INFO ] 2018-03-06 20:26:49.944 [main] RFWebsiteDriver - Waiting for LSD loading image to get disappear
[INFO ] 2018-03-06 20:26:51.021 [main] RFWebsiteDriver - waiting..
[INFO ] 2018-03-06 20:26:52.032 [main] RFWebsiteDriver - waiting..
[INFO ] 2018-03-06 20:26:53.062 [main] RFWebsiteDriver - waiting..
[INFO ] 2018-03-06 20:26:54.106 [main] RFWebsiteDriver - waiting..
[INFO ] 2018-03-06 20:26:55.133 [main] RFWebsiteDriver - waiting..
[INFO ] 2018-03-06 20:26:56.160 [main] RFWebsiteDriver - waiting..
[INFO ] 2018-03-06 20:26:57.187 [main] RFWebsiteDriver - waiting..
[INFO ] 2018-03-06 20:26:58.196 [main] RFWebsiteDriver - waiting..
[INFO ] 2018-03-06 20:26:59.216 [main] RFWebsiteDriver - waiting..
[INFO ] 2018-03-06 20:27:00.227 [main] RFWebsiteDriver - waiting..
[INFO ] 2018-03-06 20:27:01.235 [main] RFWebsiteDriver - waiting..
[INFO ] 2018-03-06 20:27:02.263 [main] RFWebsiteDriver - waiting..
[INFO ] 2018-03-06 20:27:03.289 [main] RFWebsiteDriver - waiting..
[INFO ] 2018-03-06 20:27:04.318 [main] RFWebsiteDriver - waiting..
[INFO ] 2018-03-06 20:27:05.344 [main] RFWebsiteDriver - waiting..
[INFO ] 2018-03-06 20:27:06.361 [main] RFWebsiteDriver - waiting..
[INFO ] 2018-03-06 20:27:07.389 [main] RFWebsiteDriver - waiting..
[INFO ] 2018-03-06 20:27:08.418 [main] RFWebsiteDriver - waiting..
[INFO ] 2018-03-06 20:27:09.443 [main] RFWebsiteDriver - waiting..
[INFO ] 2018-03-06 20:27:10.472 [main] RFWebsiteDriver - waiting..
[INFO ] 2018-03-06 20:27:10.489 [main] RFWebsiteDriver - current URL is https://skywalker.rodanandfields.com/#/pcs/will-order
[INFO ] 2018-03-06 20:27:10.489 [main] RFWebsiteDriver - wait started for By.xpath: //span[contains(text(),'Sorted by')]
[INFO ] 2018-03-06 20:27:10.489 [main] RFWebsiteDriver - waiting for locator By.xpath: //span[contains(text(),'Sorted by')]
[INFO ] 2018-03-06 20:27:10.546 [main] RFWebsiteDriver - Element found
[INFO ] 2018-03-06 20:27:10.546 [main] RFWebsiteDriver - filter ready to be clicked
[INFO ] 2018-03-06 20:27:10.624 [main] RFWebsiteDriver - CLICKED on filter
[INFO ] 2018-03-06 20:27:11.294 [main] TestListner - [TEST IS SUCCESSFUL -------- Test case testSortingMenuForNextMonth_2999q has passed]
[INFO ] 2018-03-06 20:27:11.299 [main] RFWebsiteDriver - URL opened is https://skywalker.rodanandfields.com
[INFO ] 2018-03-06 20:27:11.782 [main] RFWebsiteDriver - Waiting for LSD loading image to get disappear
[INFO ] 2018-03-06 20:27:11.932 [main] RFWebsiteDriver - LSD Animation image disappears
[INFO ] 2018-03-06 20:27:11.933 [main] RFWebsiteDriver - waiting for locator By.id: button-login
[INFO ] 2018-03-06 20:27:17.409 [main] RFWebsiteDriver - waiting for locator By.xpath: //div[text()='Hello,']/following-sibling::div[contains(@class,'text-uppercase')]
[INFO ] 2018-03-06 20:27:17.422 [main] RFWebsiteDriver - Element found
[INFO ] 2018-03-06 20:27:17.437 [main] RFWebsiteDriver - waiting for locator By.xpath: //div[text()='Hello,']/following-sibling::div[contains(@class,'text-uppercase')]
[INFO ] 2018-03-06 20:27:17.446 [main] RFWebsiteDriver - Element found
[INFO ] 2018-03-06 20:27:17.483 [main] RFWebsiteDriver - TEXT fetched for First name in overview section is=JANNA
[INFO ] 2018-03-06 20:27:17.483 [main] RFLSDWebsiteBaseTest - Data returned by query: Janna
[INFO ] 2018-03-06 20:27:17.487 [main] RFWebsiteDriver - wait started for By.xpath: //div[@id='rf-nav-wrapper']/descendant::img[2]
[INFO ] 2018-03-06 20:27:17.487 [main] RFWebsiteDriver - waiting for locator By.xpath: //div[@id='rf-nav-wrapper']/descendant::img[2]
[INFO ] 2018-03-06 20:27:17.507 [main] RFWebsiteDriver - Element found
[INFO ] 2018-03-06 20:27:17.507 [main] RFWebsiteDriver - R+F logo ready to be clicked
[INFO ] 2018-03-06 20:27:17.580 [main] RFWebsiteDriver - CLICKED on R+F logo
[INFO ] 2018-03-06 20:27:17.586 [main] TestListner - 
******************************************************************************************************************************
					TEST CASE NAME:                  testSortingMenuForThisMonth_3000q
******************************************************************************************************************************
[INFO ] 2018-03-06 20:27:17.588 [main] RFWebsiteDriver - wait started for By.xpath: //div[@id='rf-nav-wrapper']/descendant::span[text()='Pulse'][1]
[INFO ] 2018-03-06 20:27:17.589 [main] RFWebsiteDriver - waiting for locator By.xpath: //div[@id='rf-nav-wrapper']/descendant::span[text()='Pulse'][1]
[INFO ] 2018-03-06 20:27:17.608 [main] RFWebsiteDriver - Element found
[INFO ] 2018-03-06 20:27:17.608 [main] RFWebsiteDriver -  ready to be clicked
[INFO ] 2018-03-06 20:27:17.686 [main] RFWebsiteDriver - CLICKED on 
[INFO ] 2018-03-06 20:27:17.686 [main] LSDHomePage - Clicked on Pulse Submenu from Top Navigation
[INFO ] 2018-03-06 20:27:17.739 [main] RFWebsiteDriver - wait started for By.xpath: //a[contains(text(),'Customers')]
[INFO ] 2018-03-06 20:27:17.739 [main] RFWebsiteDriver - waiting for locator By.xpath: //a[contains(text(),'Customers')]
[INFO ] 2018-03-06 20:27:17.750 [main] RFWebsiteDriver - Element found
[INFO ] 2018-03-06 20:27:17.750 [main] RFWebsiteDriver -  ready to be clicked
[INFO ] 2018-03-06 20:27:17.834 [main] RFWebsiteDriver - CLICKED on 
[INFO ] 2018-03-06 20:27:17.834 [main] LSDHomePage - SubMenu Link : Customers clicked
[INFO ] 2018-03-06 20:27:17.882 [main] RFWebsiteDriver - Waiting for spin image to get disappear1
[INFO ] 2018-03-06 20:27:18.898 [main] RFWebsiteDriver - waiting..
[INFO ] 2018-03-06 20:27:18.935 [main] RFWebsiteDriver - spin image disappears
[INFO ] 2018-03-06 20:27:31.936 [main] RFWebsiteDriver - wait started for By.xpath: //div[contains(@class,'white-fb')]/descendant::a[1]/descendant::span[1]
[INFO ] 2018-03-06 20:27:31.937 [main] RFWebsiteDriver - waiting for locator By.xpath: //div[contains(@class,'white-fb')]/descendant::a[1]/descendant::span[1]
[INFO ] 2018-03-06 20:27:31.987 [main] RFWebsiteDriver - Element found
[INFO ] 2018-03-06 20:27:31.988 [main] RFWebsiteDriver - have orders for this month ready to be clicked
[INFO ] 2018-03-06 20:27:32.085 [main] RFWebsiteDriver - CLICKED on have orders for this month
[INFO ] 2018-03-06 20:27:42.183 [main] RFWebsiteDriver - current URL is https://skywalker.rodanandfields.com/#/pcs/have-orders
[INFO ] 2018-03-06 20:27:42.184 [main] RFWebsiteDriver - wait started for By.xpath: //span[contains(text(),'Sorted by')]
[INFO ] 2018-03-06 20:27:42.184 [main] RFWebsiteDriver - waiting for locator By.xpath: //span[contains(text(),'Sorted by')]
[INFO ] 2018-03-06 20:27:42.225 [main] RFWebsiteDriver - Element found
[INFO ] 2018-03-06 20:27:42.225 [main] RFWebsiteDriver - filter ready to be clicked
[INFO ] 2018-03-06 20:27:42.290 [main] RFWebsiteDriver - CLICKED on filter
[INFO ] 2018-03-06 20:27:42.961 [main] TestListner - [TEST IS SUCCESSFUL -------- Test case testSortingMenuForThisMonth_3000q has passed]
[INFO ] 2018-03-06 20:27:42.970 [main] RFWebsiteDriver - URL opened is https://skywalker.rodanandfields.com
[INFO ] 2018-03-06 20:27:43.472 [main] RFWebsiteDriver - Waiting for LSD loading image to get disappear
[INFO ] 2018-03-06 20:27:43.593 [main] RFWebsiteDriver - LSD Animation image disappears
[INFO ] 2018-03-06 20:27:43.593 [main] RFWebsiteDriver - waiting for locator By.id: button-login
[INFO ] 2018-03-06 20:27:48.788 [main] RFWebsiteDriver - waiting for locator By.xpath: //div[text()='Hello,']/following-sibling::div[contains(@class,'text-uppercase')]
[INFO ] 2018-03-06 20:27:48.802 [main] RFWebsiteDriver - Element found
[INFO ] 2018-03-06 20:27:48.815 [main] RFWebsiteDriver - waiting for locator By.xpath: //div[text()='Hello,']/following-sibling::div[contains(@class,'text-uppercase')]
[INFO ] 2018-03-06 20:27:48.830 [main] RFWebsiteDriver - Element found
[INFO ] 2018-03-06 20:27:48.883 [main] RFWebsiteDriver - TEXT fetched for First name in overview section is=JANNA
[INFO ] 2018-03-06 20:27:48.883 [main] RFLSDWebsiteBaseTest - Data returned by query: Janna
[INFO ] 2018-03-06 20:27:48.888 [main] RFWebsiteDriver - wait started for By.xpath: //div[@id='rf-nav-wrapper']/descendant::img[2]
[INFO ] 2018-03-06 20:27:48.888 [main] RFWebsiteDriver - waiting for locator By.xpath: //div[@id='rf-nav-wrapper']/descendant::img[2]
[INFO ] 2018-03-06 20:27:48.902 [main] RFWebsiteDriver - Element found
[INFO ] 2018-03-06 20:27:48.902 [main] RFWebsiteDriver - R+F logo ready to be clicked
[INFO ] 2018-03-06 20:27:48.972 [main] RFWebsiteDriver - CLICKED on R+F logo
[INFO ] 2018-03-06 20:27:48.974 [main] TestListner - 
******************************************************************************************************************************
					TEST CASE NAME:                  testTotalNumberOfDeactivatedPCs_2985q
******************************************************************************************************************************
[INFO ] 2018-03-06 20:27:48.977 [main] RFWebsiteDriver - Waiting for LSD loading image to get disappear
[INFO ] 2018-03-06 20:27:48.996 [main] RFWebsiteDriver - LSD loading image disappears
[INFO ] 2018-03-06 20:27:48.997 [main] RFWebsiteDriver - waiting for locator By.xpath: //div[@id='rf-nav-wrapper']/descendant::span[text()='Pulse'][1]
[INFO ] 2018-03-06 20:27:49.014 [main] RFWebsiteDriver - Element found
[INFO ] 2018-03-06 20:27:49.014 [main] RFWebsiteDriver - wait started for By.xpath: //div[@id='rf-nav-wrapper']/descendant::span[text()='Pulse'][1]
[INFO ] 2018-03-06 20:27:49.014 [main] RFWebsiteDriver - waiting for locator By.xpath: //div[@id='rf-nav-wrapper']/descendant::span[text()='Pulse'][1]
[INFO ] 2018-03-06 20:27:49.025 [main] RFWebsiteDriver - Element found
[INFO ] 2018-03-06 20:27:49.025 [main] RFWebsiteDriver - Pulse in top navigation ready to be clicked
[INFO ] 2018-03-06 20:27:49.101 [main] RFWebsiteDriver - CLICKED on Pulse in top navigation
[INFO ] 2018-03-06 20:27:49.102 [main] LSDRFWebsiteBasePage - Pulse in top navigation clicked
[INFO ] 2018-03-06 20:27:49.102 [main] LSDRFWebsiteBasePage - Logging out from pulse application
[INFO ] 2018-03-06 20:27:49.183 [main] RFWebsiteDriver - CLICKED on 
[INFO ] 2018-03-06 20:27:49.183 [main] RFWebsiteDriver - Waiting for LSD loading image to get disappear
[INFO ] 2018-03-06 20:27:49.197 [main] RFWebsiteDriver - LSD loading image disappears
[INFO ] 2018-03-06 20:27:49.198 [main] DBUtil - QUERY TRIGGERED IS DECLARE @AccountID INT = ( SELECT TOP 1 a.accountID FROM     RFOperations.RFO_Accounts.AccountBase (NOLOCK) a WHERE    a.AccountTypeID = 1 AND a.AccountStatusID = 1 AND EXISTS ( SELECT 1 FROM   RFOperations.Hybris.Autoship (NOLOCK) aa WHERE  aa.AccountID = a.AccountID AND aa.AutoshipTypeID = 3 AND aa.Active = 1 ) AND EXISTS ( SELECT 1 FROM   RFOperations.RFO_Accounts.AccountBase (NOLOCK) ab JOIN RFOperations.RFO_Accounts.AccountRF (NOLOCK) rf ON rf.AccountID = ab.AccountID WHERE  rf.SponsorId = a.AccountID AND ab.AccountTypeID = 2 AND CAST(rf.SoftTerminationDate AS DATE) > CAST(DATEADD(DAY, -60, GETDATE()) AS DATE) AND rf.Active = 0 ) ORDER BY NEWID() ) SELECT  COUNT(1) PCTerm60DaysCount , rf.SponsorId [Consultant] , ac.Username FROM    RFOperations.RFO_Accounts.AccountBase (NOLOCK) ab JOIN RFOperations.RFO_Accounts.AccountRF (NOLOCK) rf ON rf.AccountID = ab.AccountID JOIN RFOperations.RFO_Accounts.AccountBase (NOLOCK) sb ON sb.AccountID = rf.SponsorId JOIN RFOperations.Security.AccountSecurity (NOLOCK) ac ON ac.AccountID = sb.AccountID JOIN RFOperations.RFO_Accounts.AccountContacts c ON c.AccountId = ab.AccountID WHERE   rf.SponsorId = @AccountID AND ab.AccountTypeID = 2 AND CAST(rf.SoftTerminationDate AS DATE) > CAST(DATEADD(DAY, -60, GETDATE()) AS DATE) AND rf.Active = 0 GROUP BY rf.SponsorId , ac.Username 

[INFO ] 2018-03-06 20:27:50.429 [main] RFLSDWebsiteBaseTest - Data returned by query: null
[INFO ] 2018-03-06 20:27:50.430 [main] RFLSDWebsiteBaseTest - Data returned by query: kwellon@crrstv.net
[INFO ] 2018-03-06 20:27:50.430 [main] RFLSDWebsiteBaseTest - Data returned by query: 1
[INFO ] 2018-03-06 20:27:50.430 [main] RFWebsiteDriver - waiting for locator By.id: username
[INFO ] 2018-03-06 20:27:50.477 [main] RFWebsiteDriver - Element found
[INFO ] 2018-03-06 20:27:50.478 [main] RFWebsiteDriver - Taking Screenshot
[INFO ] 2018-03-06 20:27:50.932 [main] RFWebsiteDriver - wait started for By.id: username
[INFO ] 2018-03-06 20:27:50.933 [main] RFWebsiteDriver - waiting for locator By.id: username
[INFO ] 2018-03-06 20:27:50.941 [main] RFWebsiteDriver - Element found
[INFO ] 2018-03-06 20:27:51.075 [main] RFWebsiteDriver - TYPED text as = kwellon@crrstv.net in  text field
[INFO ] 2018-03-06 20:27:51.075 [main] LSDLoginPage - username is kwellon@crrstv.net
[INFO ] 2018-03-06 20:27:51.075 [main] RFWebsiteDriver - wait started for By.id: password
[INFO ] 2018-03-06 20:27:51.075 [main] RFWebsiteDriver - waiting for locator By.id: password
[INFO ] 2018-03-06 20:27:51.090 [main] RFWebsiteDriver - Element found
[INFO ] 2018-03-06 20:27:51.205 [main] RFWebsiteDriver - TYPED text as = 111Maiden$ in  text field
[INFO ] 2018-03-06 20:27:51.205 [main] LSDLoginPage - password is 111Maiden$
[INFO ] 2018-03-06 20:27:51.205 [main] RFWebsiteDriver - wait started for By.id: button-login
[INFO ] 2018-03-06 20:27:51.205 [main] RFWebsiteDriver - waiting for locator By.id: button-login
[INFO ] 2018-03-06 20:27:51.215 [main] RFWebsiteDriver - Element found
[INFO ] 2018-03-06 20:27:51.215 [main] RFWebsiteDriver -  ready to be clicked
[INFO ] 2018-03-06 20:27:51.282 [main] RFWebsiteDriver - CLICKED on 
[INFO ] 2018-03-06 20:27:58.157 [main] RFWebsiteDriver - Waiting for login button to get disappear
[INFO ] 2018-03-06 20:27:58.200 [main] RFWebsiteDriver - login button disappears
[INFO ] 2018-03-06 20:27:58.249 [main] RFWebsiteDriver - waiting for locator By.xpath: //div[text()='Hello,']/following-sibling::div[contains(@class,'text-uppercase')]
[INFO ] 2018-03-06 20:27:58.263 [main] RFWebsiteDriver - Element found
[INFO ] 2018-03-06 20:27:58.276 [main] RFWebsiteDriver - wait started for By.xpath: //div[@id='rf-nav-wrapper']/descendant::span[text()='Pulse'][1]
[INFO ] 2018-03-06 20:27:58.276 [main] RFWebsiteDriver - waiting for locator By.xpath: //div[@id='rf-nav-wrapper']/descendant::span[text()='Pulse'][1]
[INFO ] 2018-03-06 20:27:58.291 [main] RFWebsiteDriver - Element found
[INFO ] 2018-03-06 20:27:58.292 [main] RFWebsiteDriver -  ready to be clicked
[INFO ] 2018-03-06 20:27:58.366 [main] RFWebsiteDriver - CLICKED on 
[INFO ] 2018-03-06 20:27:58.366 [main] LSDHomePage - Clicked on Pulse Submenu from Top Navigation
[INFO ] 2018-03-06 20:27:58.413 [main] RFWebsiteDriver - wait started for By.xpath: //a[contains(text(),'Customers')]
[INFO ] 2018-03-06 20:27:58.414 [main] RFWebsiteDriver - waiting for locator By.xpath: //a[contains(text(),'Customers')]
[INFO ] 2018-03-06 20:27:58.429 [main] RFWebsiteDriver - Element found
[INFO ] 2018-03-06 20:27:58.429 [main] RFWebsiteDriver -  ready to be clicked
[INFO ] 2018-03-06 20:27:58.501 [main] RFWebsiteDriver - CLICKED on 
[INFO ] 2018-03-06 20:27:58.502 [main] LSDHomePage - SubMenu Link : Customers clicked
[INFO ] 2018-03-06 20:27:58.549 [main] RFWebsiteDriver - Waiting for spin image to get disappear1
[INFO ] 2018-03-06 20:27:59.565 [main] RFWebsiteDriver - waiting..
[INFO ] 2018-03-06 20:28:00.579 [main] RFWebsiteDriver - waiting..
[INFO ] 2018-03-06 20:28:01.591 [main] RFWebsiteDriver - waiting..
[INFO ] 2018-03-06 20:28:02.615 [main] RFWebsiteDriver - waiting..
[INFO ] 2018-03-06 20:28:03.646 [main] RFWebsiteDriver - waiting..
[INFO ] 2018-03-06 20:28:04.673 [main] RFWebsiteDriver - waiting..
[INFO ] 2018-03-06 20:28:05.705 [main] RFWebsiteDriver - waiting..
[INFO ] 2018-03-06 20:28:06.731 [main] RFWebsiteDriver - waiting..
[INFO ] 2018-03-06 20:28:07.756 [main] RFWebsiteDriver - waiting..
[INFO ] 2018-03-06 20:28:08.786 [main] RFWebsiteDriver - waiting..
[INFO ] 2018-03-06 20:28:12.809 [main] RFWebsiteDriver - Waiting for spin image to get disappear0
[INFO ] 2018-03-06 20:28:12.837 [main] RFWebsiteDriver - spin image disappears
[INFO ] 2018-03-06 20:28:16.837 [main] RFWebsiteDriver - waiting for locator By.xpath: //h1[contains(text(),'View Your Customers')]/following::span[4]
[INFO ] 2018-03-06 20:28:16.892 [main] RFWebsiteDriver - Element found
[INFO ] 2018-03-06 20:28:16.979 [main] RFWebsiteDriver - TEXT fetched for count of deactivated pcs is=0
[INFO ] 2018-03-06 20:28:16.979 [main] SoftAssert - VERIFICATION FAILED: Expected count of deactivate PCs are1but actual on UI is 0 expected [true] but found [false]
[INFO ] 2018-03-06 20:28:16.979 [main] SoftAssert - Expected: true
[INFO ] 2018-03-06 20:28:16.979 [main] SoftAssert - Actual: false
[INFO ] 2018-03-06 20:28:16.979 [main] RFWebsiteDriver - Taking Screenshot
[INFO ] 2018-03-06 20:28:17.407 [main] SoftAssert - Snapshot Path :<a href='C:\Users\bpkotamahanti\Bindu\Automation\qa-automation\output\Screenshots\testTotalNumberOfDeactivatedPCs_2985q\Expected count of deactivate PCs are1but actual on UI is 0 expected [true] but found [false].png'>C:\Users\bpkotamahanti\Bindu\Automation\qa-automation\output\Screenshots\testTotalNumberOfDeactivatedPCs_2985q\Expected count of deactivate PCs are1but actual on UI is 0 expected [true] but found [false].png</a>

[INFO ] 2018-03-06 20:28:17.458 [main] RFWebsiteDriver - wait started for By.xpath: //h1[contains(text(),'View Your Customers')]/following::span[3]
[INFO ] 2018-03-06 20:28:17.458 [main] RFWebsiteDriver - waiting for locator By.xpath: //h1[contains(text(),'View Your Customers')]/following::span[3]
[INFO ] 2018-03-06 20:28:17.466 [main] RFWebsiteDriver - Element found
[INFO ] 2018-03-06 20:28:17.466 [main] RFWebsiteDriver - 3 category clicked ready to be clicked
[INFO ] 2018-03-06 20:28:17.538 [main] RFWebsiteDriver - CLICKED on 3 category clicked
[INFO ] 2018-03-06 20:28:17.538 [main] RFWebsiteDriver - wait started for By.xpath: //h1[contains(text(),'Deactivated PC')]/../descendant::span[1]
[INFO ] 2018-03-06 20:28:17.538 [main] RFWebsiteDriver - waiting for locator By.xpath: //h1[contains(text(),'Deactivated PC')]/../descendant::span[1]
[INFO ] 2018-03-06 20:28:18.075 [main] RFWebsiteDriver - Element found
[INFO ] 2018-03-06 20:28:18.075 [main] RFWebsiteDriver - waiting for locator By.xpath: //h1[contains(text(),'Deactivated PC')]/../descendant::span[1]
[INFO ] 2018-03-06 20:28:18.089 [main] RFWebsiteDriver - Element found
[INFO ] 2018-03-06 20:28:18.128 [main] RFWebsiteDriver - TEXT fetched for count of deactivated pc at header is=0
[INFO ] 2018-03-06 20:28:18.128 [main] SoftAssert - VERIFICATION FAILED: Expected count of deactivate PCs are1but actual on header is 0 expected [true] but found [false]
[INFO ] 2018-03-06 20:28:18.129 [main] SoftAssert - Expected: true
[INFO ] 2018-03-06 20:28:18.129 [main] SoftAssert - Actual: false
[INFO ] 2018-03-06 20:28:18.129 [main] RFWebsiteDriver - Taking Screenshot
[INFO ] 2018-03-06 20:28:18.638 [main] SoftAssert - Snapshot Path :<a href='C:\Users\bpkotamahanti\Bindu\Automation\qa-automation\output\Screenshots\testTotalNumberOfDeactivatedPCs_2985q\Expected count of deactivate PCs are1but actual on header is 0 expected [true] but found [false].png'>C:\Users\bpkotamahanti\Bindu\Automation\qa-automation\output\Screenshots\testTotalNumberOfDeactivatedPCs_2985q\Expected count of deactivate PCs are1but actual on header is 0 expected [true] but found [false].png</a>

[INFO ] 2018-03-06 20:28:18.639 [main] TestListner - [TEST HAS FAILED-------- Test case testTotalNumberOfDeactivatedPCs_2985q has failed] due to reason:-<br>  java.lang.AssertionError: 1.Expected count of deactivate PCs are1but actual on UI is 0

 1.Expected count of deactivate PCs are1but actual on header is 0

[INFO ] 2018-03-06 20:28:18.655 [main] RFWebsiteDriver - URL opened is https://skywalker.rodanandfields.com
[INFO ] 2018-03-06 20:28:19.212 [main] RFWebsiteDriver - Waiting for LSD loading image to get disappear
[INFO ] 2018-03-06 20:28:19.320 [main] RFWebsiteDriver - LSD Animation image disappears
[INFO ] 2018-03-06 20:28:19.320 [main] RFWebsiteDriver - waiting for locator By.id: button-login
[INFO ] 2018-03-06 20:28:24.859 [main] RFWebsiteDriver - waiting for locator By.xpath: //div[text()='Hello,']/following-sibling::div[contains(@class,'text-uppercase')]
[INFO ] 2018-03-06 20:28:24.872 [main] RFWebsiteDriver - Element found
[INFO ] 2018-03-06 20:28:24.886 [main] RFWebsiteDriver - waiting for locator By.xpath: //div[text()='Hello,']/following-sibling::div[contains(@class,'text-uppercase')]
[INFO ] 2018-03-06 20:28:24.903 [main] RFWebsiteDriver - Element found
[INFO ] 2018-03-06 20:28:24.936 [main] RFWebsiteDriver - TEXT fetched for First name in overview section is=KELLEY
[INFO ] 2018-03-06 20:28:24.937 [main] RFLSDWebsiteBaseTest - Data returned by query: Janna
[INFO ] 2018-03-06 20:28:24.937 [main] RFWebsiteDriver - Waiting for LSD loading image to get disappear
[INFO ] 2018-03-06 20:28:24.950 [main] RFWebsiteDriver - LSD loading image disappears
[INFO ] 2018-03-06 20:28:24.950 [main] RFWebsiteDriver - waiting for locator By.xpath: //div[@id='rf-nav-wrapper']/descendant::span[text()='Pulse'][1]
[INFO ] 2018-03-06 20:28:24.965 [main] RFWebsiteDriver - Element found
[INFO ] 2018-03-06 20:28:24.965 [main] RFWebsiteDriver - wait started for By.xpath: //div[@id='rf-nav-wrapper']/descendant::span[text()='Pulse'][1]
[INFO ] 2018-03-06 20:28:24.965 [main] RFWebsiteDriver - waiting for locator By.xpath: //div[@id='rf-nav-wrapper']/descendant::span[text()='Pulse'][1]
[INFO ] 2018-03-06 20:28:24.975 [main] RFWebsiteDriver - Element found
[INFO ] 2018-03-06 20:28:24.975 [main] RFWebsiteDriver - Pulse in top navigation ready to be clicked
[INFO ] 2018-03-06 20:28:25.065 [main] RFWebsiteDriver - CLICKED on Pulse in top navigation
[INFO ] 2018-03-06 20:28:25.066 [main] LSDRFWebsiteBasePage - Pulse in top navigation clicked
[INFO ] 2018-03-06 20:28:25.066 [main] LSDRFWebsiteBasePage - Logging out from pulse application
[INFO ] 2018-03-06 20:28:25.171 [main] RFWebsiteDriver - CLICKED on 
[INFO ] 2018-03-06 20:28:25.171 [main] RFWebsiteDriver - Waiting for LSD loading image to get disappear
[INFO ] 2018-03-06 20:28:25.194 [main] RFWebsiteDriver - LSD loading image disappears
[INFO ] 2018-03-06 20:28:25.194 [main] RFWebsiteDriver - waiting for locator By.id: username
[INFO ] 2018-03-06 20:28:25.747 [main] RFWebsiteDriver - Element found
[INFO ] 2018-03-06 20:28:25.748 [main] RFWebsiteDriver - Taking Screenshot
[INFO ] 2018-03-06 20:28:26.199 [main] RFWebsiteDriver - wait started for By.id: username
[INFO ] 2018-03-06 20:28:26.199 [main] RFWebsiteDriver - waiting for locator By.id: username
[INFO ] 2018-03-06 20:28:26.210 [main] RFWebsiteDriver - Element found
[INFO ] 2018-03-06 20:28:26.344 [main] RFWebsiteDriver - TYPED text as = janna@kirkup.ca in  text field
[INFO ] 2018-03-06 20:28:26.344 [main] LSDLoginPage - username is janna@kirkup.ca
[INFO ] 2018-03-06 20:28:26.344 [main] RFWebsiteDriver - wait started for By.id: password
[INFO ] 2018-03-06 20:28:26.344 [main] RFWebsiteDriver - waiting for locator By.id: password
[INFO ] 2018-03-06 20:28:26.359 [main] RFWebsiteDriver - Element found
[INFO ] 2018-03-06 20:28:26.473 [main] RFWebsiteDriver - TYPED text as = 111Maiden$ in  text field
[INFO ] 2018-03-06 20:28:26.473 [main] LSDLoginPage - password is 111Maiden$
[INFO ] 2018-03-06 20:28:26.473 [main] RFWebsiteDriver - wait started for By.id: button-login
[INFO ] 2018-03-06 20:28:26.473 [main] RFWebsiteDriver - waiting for locator By.id: button-login
[INFO ] 2018-03-06 20:28:26.487 [main] RFWebsiteDriver - Element found
[INFO ] 2018-03-06 20:28:26.487 [main] RFWebsiteDriver -  ready to be clicked
[INFO ] 2018-03-06 20:28:26.674 [main] RFWebsiteDriver - CLICKED on 
[INFO ] 2018-03-06 20:28:26.674 [main] RFWebsiteDriver - CLICKED on 
[INFO ] 2018-03-06 20:28:34.687 [main] RFWebsiteDriver - wait started for By.xpath: //div[@id='rf-nav-wrapper']/descendant::img[2]
[INFO ] 2018-03-06 20:28:34.688 [main] RFWebsiteDriver - waiting for locator By.xpath: //div[@id='rf-nav-wrapper']/descendant::img[2]
[INFO ] 2018-03-06 20:28:34.727 [main] RFWebsiteDriver - Element found
[INFO ] 2018-03-06 20:28:34.727 [main] RFWebsiteDriver - R+F logo ready to be clicked
[INFO ] 2018-03-06 20:28:34.816 [main] RFWebsiteDriver - CLICKED on R+F logo
[INFO ] 2018-03-06 20:28:34.819 [main] TestListner - 
******************************************************************************************************************************
					TEST CASE NAME:                  testTotalNumberOfPCsThisMonth_3013q
******************************************************************************************************************************
[INFO ] 2018-03-06 20:28:34.822 [main] DBUtil - QUERY TRIGGERED IS DECLARE @AccountID INT = null ;WITH PCAchievedOrders AS ( SELECT COUNT( ro.OrderID) Ocount , ro.ConsultantID FROM RFOperations.Hybris.orders (NOLOCK) ro JOIN RFOperations.RFO_Accounts.AccountBase ab ON ab.AccountID = ro.AccountID WHERE ro.ConsultantID = @AccountID AND ro.OrderStatusID IN ( 2, 4, 5 ) AND ab.AccountTypeID = 2 AND ro.CompletionDate BETWEEN CAST(DATEADD(DAY, 1, DATEADD(MONTH, -1, EOMONTH(GETDATE()))) AS DATE) AND GETDATE() AND ro.AutoShipID IS NOT NULL GROUP BY ro.ConsultantID ), PenddingPCTemplate AS ( SELECT COUNT( a.AutoshipID) PCount , a.ConsultantID FROM RFOperations.Hybris.Autoship (NOLOCK) a JOIN RFOperations.RFO_Accounts.AccountBase (NOLOCK) ab ON ab.AccountID = a.AccountID JOIN RFOperations.RFO_Accounts.AccountContacts ac ON ac.AccountId = ab.AccountID WHERE a.ConsultantID = @AccountID AND a.AutoshipTypeID = 1 AND ab.AccountTypeID = 2 AND a.Active = 1 AND CAST(a.NextRunDate AS DATE) BETWEEN CAST(DATEADD(DAY, 1, DATEADD(MONTH, -1, EOMONTH(GETDATE()))) AS DATE) AND EOMONTH(GETDATE()) GROUP BY a.ConsultantID ) SELECT ab.AccountID , ISNULL(p.PCount, 0) + ISNULL(o.Ocount, 0) AS [Totol PC Order Counts] FROM RFOperations.RFO_Accounts.AccountBase ab LEFT JOIN PCAchievedOrders o ON o.ConsultantID = ab.AccountID LEFT JOIN PenddingPCTemplate p ON p.ConsultantID = ab.AccountID WHERE ab.AccountID = @AccountID

[INFO ] 2018-03-06 20:28:35.042 [main] RFLSDWebsiteBaseTest - Data returned by query: null
[INFO ] 2018-03-06 20:28:35.042 [main] RFWebsiteDriver - wait started for By.xpath: //div[@id='rf-nav-wrapper']/descendant::span[text()='Pulse'][1]
[INFO ] 2018-03-06 20:28:35.042 [main] RFWebsiteDriver - waiting for locator By.xpath: //div[@id='rf-nav-wrapper']/descendant::span[text()='Pulse'][1]
[INFO ] 2018-03-06 20:28:35.088 [main] RFWebsiteDriver - Element found
[INFO ] 2018-03-06 20:28:35.088 [main] RFWebsiteDriver -  ready to be clicked
[INFO ] 2018-03-06 20:28:35.151 [main] RFWebsiteDriver - CLICKED on 
[INFO ] 2018-03-06 20:28:35.151 [main] LSDHomePage - Clicked on Pulse Submenu from Top Navigation
[INFO ] 2018-03-06 20:28:35.202 [main] RFWebsiteDriver - wait started for By.xpath: //a[contains(text(),'Customers')]
[INFO ] 2018-03-06 20:28:35.202 [main] RFWebsiteDriver - waiting for locator By.xpath: //a[contains(text(),'Customers')]
[INFO ] 2018-03-06 20:28:35.210 [main] RFWebsiteDriver - Element found
[INFO ] 2018-03-06 20:28:35.210 [main] RFWebsiteDriver -  ready to be clicked
[INFO ] 2018-03-06 20:28:35.288 [main] RFWebsiteDriver - CLICKED on 
[INFO ] 2018-03-06 20:28:35.289 [main] LSDHomePage - SubMenu Link : Customers clicked
[INFO ] 2018-03-06 20:28:35.335 [main] RFWebsiteDriver - Waiting for spin image to get disappear1
[INFO ] 2018-03-06 20:28:36.346 [main] RFWebsiteDriver - waiting..
[INFO ] 2018-03-06 20:28:36.399 [main] RFWebsiteDriver - spin image disappears
[INFO ] 2018-03-06 20:28:40.451 [main] RFWebsiteDriver - Waiting for spin image to get disappear0
[INFO ] 2018-03-06 20:28:40.466 [main] RFWebsiteDriver - spin image disappears
[INFO ] 2018-03-06 20:28:40.466 [main] RFWebsiteDriver - waiting for locator By.xpath: //div[contains(@class,'white-fb')]/descendant::a[1]/descendant::span[2]
[INFO ] 2018-03-06 20:28:40.487 [main] RFWebsiteDriver - Element found
[INFO ] 2018-03-06 20:28:40.530 [main] RFWebsiteDriver - TEXT fetched for count of pc autoship orders for this month is=1
[INFO ] 2018-03-06 20:28:40.530 [main] SoftAssert - VERIFICATION FAILED: Expected count of order is null actual on UI is 1 expected [true] but found [false]
[INFO ] 2018-03-06 20:28:40.531 [main] SoftAssert - Expected: true
[INFO ] 2018-03-06 20:28:40.531 [main] SoftAssert - Actual: false
[INFO ] 2018-03-06 20:28:40.531 [main] RFWebsiteDriver - Taking Screenshot
[INFO ] 2018-03-06 20:28:40.920 [main] SoftAssert - Snapshot Path :<a href='C:\Users\bpkotamahanti\Bindu\Automation\qa-automation\output\Screenshots\testTotalNumberOfPCsThisMonth_3013q\Expected count of order is null actual on UI is 1 expected [true] but found [false].png'>C:\Users\bpkotamahanti\Bindu\Automation\qa-automation\output\Screenshots\testTotalNumberOfPCsThisMonth_3013q\Expected count of order is null actual on UI is 1 expected [true] but found [false].png</a>

[INFO ] 2018-03-06 20:28:49.921 [main] RFWebsiteDriver - wait started for By.xpath: //div[contains(@class,'white-fb')]/descendant::a[1]/descendant::span[1]
[INFO ] 2018-03-06 20:28:49.921 [main] RFWebsiteDriver - waiting for locator By.xpath: //div[contains(@class,'white-fb')]/descendant::a[1]/descendant::span[1]
[INFO ] 2018-03-06 20:28:49.977 [main] RFWebsiteDriver - Element found
[INFO ] 2018-03-06 20:28:49.977 [main] RFWebsiteDriver - have orders for this month ready to be clicked
[INFO ] 2018-03-06 20:28:50.112 [main] RFWebsiteDriver - CLICKED on have orders for this month
[INFO ] 2018-03-06 20:29:00.613 [main] RFWebsiteDriver - wait started for By.xpath: //h1[contains(text(),'have orders this month')]/preceding::span[1]
[INFO ] 2018-03-06 20:29:00.613 [main] RFWebsiteDriver - waiting for locator By.xpath: //h1[contains(text(),'have orders this month')]/preceding::span[1]
[INFO ] 2018-03-06 20:29:00.627 [main] RFWebsiteDriver - Element found
[INFO ] 2018-03-06 20:29:00.627 [main] RFWebsiteDriver - waiting for locator By.xpath: //h1[contains(text(),'have orders this month')]/preceding::span[1]
[INFO ] 2018-03-06 20:29:00.635 [main] RFWebsiteDriver - Element found
[INFO ] 2018-03-06 20:29:00.669 [main] RFWebsiteDriver - TEXT fetched for count of pc autoship orders for this month at header is=1
[INFO ] 2018-03-06 20:29:00.670 [main] SoftAssert - VERIFICATION FAILED: Expected count of order at header is null actual on UI is 1 expected [true] but found [false]
[INFO ] 2018-03-06 20:29:00.670 [main] SoftAssert - Expected: true
[INFO ] 2018-03-06 20:29:00.670 [main] SoftAssert - Actual: false
[INFO ] 2018-03-06 20:29:00.670 [main] RFWebsiteDriver - Taking Screenshot
[INFO ] 2018-03-06 20:29:01.084 [main] SoftAssert - Snapshot Path :<a href='C:\Users\bpkotamahanti\Bindu\Automation\qa-automation\output\Screenshots\testTotalNumberOfPCsThisMonth_3013q\Expected count of order at header is null actual on UI is 1 expected [true] but found [false].png'>C:\Users\bpkotamahanti\Bindu\Automation\qa-automation\output\Screenshots\testTotalNumberOfPCsThisMonth_3013q\Expected count of order at header is null actual on UI is 1 expected [true] but found [false].png</a>

[INFO ] 2018-03-06 20:29:01.084 [main] TestListner - [TEST HAS FAILED-------- Test case testTotalNumberOfPCsThisMonth_3013q has failed] due to reason:-<br>  java.lang.AssertionError: 1.Expected count of order at header is null actual on UI is 1

 1.Expected count of order is null actual on UI is 1

[INFO ] 2018-03-06 20:29:01.094 [main] RFWebsiteDriver - URL opened is https://skywalker.rodanandfields.com
[INFO ] 2018-03-06 20:29:01.653 [main] RFWebsiteDriver - Waiting for LSD loading image to get disappear
[INFO ] 2018-03-06 20:29:01.779 [main] RFWebsiteDriver - LSD Animation image disappears
[INFO ] 2018-03-06 20:29:01.779 [main] RFWebsiteDriver - Waiting for LSD loading image to get disappear
[INFO ] 2018-03-06 20:29:02.799 [main] RFWebsiteDriver - waiting..
[INFO ] 2018-03-06 20:29:03.812 [main] RFWebsiteDriver - waiting..
[INFO ] 2018-03-06 20:29:03.962 [main] RFWebsiteDriver - LSD loading image disappears
[INFO ] 2018-03-06 20:29:03.962 [main] RFWebsiteDriver - waiting for locator By.xpath: //div[@id='rf-nav-wrapper']/descendant::span[text()='Pulse'][1]
[INFO ] 2018-03-06 20:29:03.982 [main] RFWebsiteDriver - Element found
[INFO ] 2018-03-06 20:29:03.982 [main] RFWebsiteDriver - wait started for By.xpath: //div[@id='rf-nav-wrapper']/descendant::span[text()='Pulse'][1]
[INFO ] 2018-03-06 20:29:03.982 [main] RFWebsiteDriver - waiting for locator By.xpath: //div[@id='rf-nav-wrapper']/descendant::span[text()='Pulse'][1]
[INFO ] 2018-03-06 20:29:03.992 [main] RFWebsiteDriver - Element found
[INFO ] 2018-03-06 20:29:03.993 [main] RFWebsiteDriver - Pulse in top navigation ready to be clicked
[INFO ] 2018-03-06 20:29:04.098 [main] RFWebsiteDriver - CLICKED on Pulse in top navigation
[INFO ] 2018-03-06 20:29:04.098 [main] LSDRFWebsiteBasePage - Pulse in top navigation clicked
[INFO ] 2018-03-06 20:29:04.098 [main] LSDRFWebsiteBasePage - Logging out from pulse application
[INFO ] 2018-03-06 20:29:04.266 [main] RFWebsiteDriver - CLICKED on 
[INFO ] 2018-03-06 20:29:04.266 [main] RFWebsiteDriver - Waiting for LSD loading image to get disappear
[INFO ] 2018-03-06 20:29:04.289 [main] RFWebsiteDriver - LSD loading image disappears
