[INFO ] 2018-03-05 12:32:24.718 [main] RFBaseTest - Environment properties are not provided by the user ... loading the default properties
[INFO ] 2018-03-05 12:32:24.718 [main] RFBaseTest - Default Browser is  ------ chrome
[INFO ] 2018-03-05 12:32:24.718 [main] RFBaseTest - Default URL is  ------ https://skywalker.rodanandfields.com
[INFO ] 2018-03-05 12:32:24.718 [main] RFBaseTest - Default user password is  ------ 111Maiden$
[INFO ] 2018-03-05 12:32:24.719 [main] RFBaseTest - Default Country is  ------ us
[INFO ] 2018-03-05 12:32:24.719 [main] RFBaseTest - Default DB IP is  ------ 10.3.0.218
[INFO ] 2018-03-05 12:32:24.719 [main] RFBaseTest - Default DB Username is  ------ perftest
[INFO ] 2018-03-05 12:32:24.719 [main] RFBaseTest - Default DB Password is  ------ perftest
[INFO ] 2018-03-05 12:32:24.719 [main] RFBaseTest - Default DB Domain is  ------ RF
[INFO ] 2018-03-05 12:32:32.713 [main] RFWebsiteDriver - Window is maximized
[INFO ] 2018-03-05 12:32:32.714 [main] RFWebsiteDriver - All cookies deleted
[INFO ] 2018-03-05 12:32:32.714 [main] RFWebsiteDriver - URL opened is https://skywalker.rodanandfields.com
[INFO ] 2018-03-05 12:32:34.543 [main] RFLSDWebsiteBaseTest - Application loaded
[INFO ] 2018-03-05 12:32:34.560 [main] RFWebsiteDriver - DB connections are set
[INFO ] 2018-03-05 12:32:34.634 [main] DBUtil - QUERY TRIGGERED IS SELECT top 1 * FROM Commissions.[calcs].[vwQualificationSummary] where SV!=0 and PSQV!=0 and L1L2!=0 and L1L6!=0 and ECLegs > 0 and periodid= LEFT(CONVERT(varchar, GetDate(),112),6)  order by NewID() desc

[INFO ] 2018-03-05 12:32:35.209 [main] RFLSDWebsiteBaseTest - Data returned by query: 6812515
[INFO ] 2018-03-05 12:32:39.610 [main] DBUtil - QUERY TRIGGERED IS SELECT  ab.AccountID ,ac.FirstName ,ac.LastName ,acs.Username FROM  RFOperations.RFO_Accounts.AccountBase ab JOIN RFOperations.RFO_Accounts.AccountRF rf ON rf.AccountID = ab.AccountID JOIN RFOperations.RFO_Accounts.AccountContacts ac ON ac.AccountId = ab.AccountID LEFT JOIN RFOperations.Security.AccountSecurity acs ON acs.AccountID = ab.AccountID LEFT JOIN RFOperations.RFO_Reference.AccountType t ON t.AccountTypeID = ab.AccountTypeID LEFT JOIN RFOperations.RFO_Reference.AccountStatus s ON s.AccountStatusID = ab.AccountStatusID LEFT JOIN RFOperations.RFO_Reference.Countries c ON c.CountryID = ab.CountryID WHERE   ab.AccountID = 6812515

[INFO ] 2018-03-05 12:32:39.701 [main] RFLSDWebsiteBaseTest - Data returned by query: smagence@gmail.com
[INFO ] 2018-03-05 12:32:39.702 [main] DBUtil - QUERY TRIGGERED IS select EmailAddress from RFO_Accounts.AccountContacts acTB INNER JOIN RFO_Accounts.AccountEmails aeTB  on acTB.AccountContactId=aeTB.AccountContactId INNER JOIN RFO_Accounts.EmailAddresses aEMTB on aeTB.EmailAddressID=aEMTB.EmailAddressID WHERE acTB.AccountID='6812515' and aEMTB.EmailAddressTypeID=1 

[INFO ] 2018-03-05 12:32:39.783 [main] RFLSDWebsiteBaseTest - Data returned by query: smagence@gmail.com
[INFO ] 2018-03-05 12:32:39.783 [main] RFWebsiteDriver - Waiting for LSD loading image to get disappear
[INFO ] 2018-03-05 12:32:39.804 [main] RFWebsiteDriver - LSD loading image disappears
[INFO ] 2018-03-05 12:32:39.857 [main] RFWebsiteDriver - waiting for locator By.id: username
[INFO ] 2018-03-05 12:32:39.867 [main] RFWebsiteDriver - Element found
[INFO ] 2018-03-05 12:32:39.868 [main] RFWebsiteDriver - Taking Screenshot
[INFO ] 2018-03-05 12:32:40.503 [main] RFWebsiteDriver - wait started for By.id: username
[INFO ] 2018-03-05 12:32:40.503 [main] RFWebsiteDriver - waiting for locator By.id: username
[INFO ] 2018-03-05 12:32:40.513 [main] RFWebsiteDriver - Element found
[INFO ] 2018-03-05 12:32:40.673 [main] RFWebsiteDriver - TYPED text as = smagence@gmail.com in  text field
[INFO ] 2018-03-05 12:32:40.674 [main] LSDLoginPage - username is smagence@gmail.com
[INFO ] 2018-03-05 12:32:40.674 [main] RFWebsiteDriver - wait started for By.id: password
[INFO ] 2018-03-05 12:32:40.674 [main] RFWebsiteDriver - waiting for locator By.id: password
[INFO ] 2018-03-05 12:32:40.694 [main] RFWebsiteDriver - Element found
[INFO ] 2018-03-05 12:32:40.811 [main] RFWebsiteDriver - TYPED text as = 111Maiden$ in  text field
[INFO ] 2018-03-05 12:32:40.812 [main] LSDLoginPage - password is 111Maiden$
[INFO ] 2018-03-05 12:32:40.812 [main] RFWebsiteDriver - wait started for By.id: button-login
[INFO ] 2018-03-05 12:32:40.812 [main] RFWebsiteDriver - waiting for locator By.id: button-login
[INFO ] 2018-03-05 12:32:40.831 [main] RFWebsiteDriver - Element found
[INFO ] 2018-03-05 12:32:40.831 [main] RFWebsiteDriver -  ready to be clicked
[INFO ] 2018-03-05 12:32:40.899 [main] RFWebsiteDriver - CLICKED on 
[INFO ] 2018-03-05 12:32:54.864 [main] RFWebsiteDriver - URL opened is https://skywalker.rodanandfields.com
[INFO ] 2018-03-05 12:32:55.340 [main] RFWebsiteDriver - Waiting for LSD loading image to get disappear
[INFO ] 2018-03-05 12:32:55.561 [main] RFWebsiteDriver - LSD Animation image disappears
[INFO ] 2018-03-05 12:32:55.562 [main] RFWebsiteDriver - waiting for locator By.id: button-login
[INFO ] 2018-03-05 12:33:00.914 [main] RFWebsiteDriver - waiting for locator By.xpath: //div[text()='Hello,']/following-sibling::div[contains(@class,'text-uppercase')]
[INFO ] 2018-03-05 12:33:00.922 [main] RFWebsiteDriver - Element found
[INFO ] 2018-03-05 12:33:00.937 [main] RFWebsiteDriver - waiting for locator By.xpath: //div[text()='Hello,']/following-sibling::div[contains(@class,'text-uppercase')]
[INFO ] 2018-03-05 12:33:00.946 [main] RFWebsiteDriver - Element found
[INFO ] 2018-03-05 12:33:00.977 [main] RFWebsiteDriver - TEXT fetched for First name in overview section is=SHAWNA
[INFO ] 2018-03-05 12:33:00.978 [main] RFLSDWebsiteBaseTest - Data returned by query: Shawna
[INFO ] 2018-03-05 12:33:00.984 [main] RFWebsiteDriver - wait started for By.xpath: //div[@id='rf-nav-wrapper']/descendant::img[2]
[INFO ] 2018-03-05 12:33:00.984 [main] RFWebsiteDriver - waiting for locator By.xpath: //div[@id='rf-nav-wrapper']/descendant::img[2]
[INFO ] 2018-03-05 12:33:01.001 [main] RFWebsiteDriver - Element found
[INFO ] 2018-03-05 12:33:01.002 [main] RFWebsiteDriver - R+F logo ready to be clicked
[INFO ] 2018-03-05 12:33:01.093 [main] RFWebsiteDriver - CLICKED on R+F logo
[INFO ] 2018-03-05 12:33:01.186 [main] TestListner - 
******************************************************************************************************************************
					TEST CASE NAME:                  testSortingMenuForThisMonth_3000q
******************************************************************************************************************************
[INFO ] 2018-03-05 12:33:01.230 [main] RFWebsiteDriver - wait started for By.xpath: //div[@id='rf-nav-wrapper']/descendant::span[text()='Pulse'][1]
[INFO ] 2018-03-05 12:33:01.230 [main] RFWebsiteDriver - waiting for locator By.xpath: //div[@id='rf-nav-wrapper']/descendant::span[text()='Pulse'][1]
[INFO ] 2018-03-05 12:33:01.247 [main] RFWebsiteDriver - Element found
[INFO ] 2018-03-05 12:33:01.247 [main] RFWebsiteDriver -  ready to be clicked
[INFO ] 2018-03-05 12:33:01.326 [main] RFWebsiteDriver - CLICKED on 
[INFO ] 2018-03-05 12:33:01.327 [main] LSDHomePage - Clicked on Pulse Submenu from Top Navigation
[INFO ] 2018-03-05 12:33:01.375 [main] RFWebsiteDriver - wait started for By.xpath: //a[contains(text(),'Customers')]
[INFO ] 2018-03-05 12:33:01.376 [main] RFWebsiteDriver - waiting for locator By.xpath: //a[contains(text(),'Customers')]
[INFO ] 2018-03-05 12:33:01.387 [main] RFWebsiteDriver - Element found
[INFO ] 2018-03-05 12:33:01.388 [main] RFWebsiteDriver -  ready to be clicked
[INFO ] 2018-03-05 12:33:01.462 [main] RFWebsiteDriver - CLICKED on 
[INFO ] 2018-03-05 12:33:01.462 [main] LSDHomePage - SubMenu Link : Customers clicked
[INFO ] 2018-03-05 12:33:01.484 [main] RFWebsiteDriver - Waiting for spin image to get disappear0
[INFO ] 2018-03-05 12:33:01.498 [main] RFWebsiteDriver - spin image disappears
[INFO ] 2018-03-05 12:33:12.499 [main] RFWebsiteDriver - wait started for By.xpath: //div[contains(@class,'white-fb')]/descendant::a[1]/descendant::span[1]
[INFO ] 2018-03-05 12:33:12.499 [main] RFWebsiteDriver - waiting for locator By.xpath: //div[contains(@class,'white-fb')]/descendant::a[1]/descendant::span[1]
[INFO ] 2018-03-05 12:33:12.517 [main] RFWebsiteDriver - Element found
[INFO ] 2018-03-05 12:33:12.517 [main] RFWebsiteDriver - have orders for this month ready to be clicked
[INFO ] 2018-03-05 12:33:12.600 [main] RFWebsiteDriver - CLICKED on have orders for this month
[INFO ] 2018-03-05 12:33:12.728 [main] RFWebsiteDriver - CLICKED on 
[INFO ] 2018-03-05 12:33:12.738 [main] RFWebsiteDriver - current URL is https://skywalker.rodanandfields.com/#/pcs/have-orders
[INFO ] 2018-03-05 12:33:12.741 [main] RFWebsiteDriver - wait started for By.xpath: //span[contains(text(),'Sorted by')]
[INFO ] 2018-03-05 12:33:12.741 [main] RFWebsiteDriver - waiting for locator By.xpath: //span[contains(text(),'Sorted by')]
[INFO ] 2018-03-05 12:33:13.289 [main] RFWebsiteDriver - Element found
[INFO ] 2018-03-05 12:33:13.289 [main] RFWebsiteDriver - filter ready to be clicked
[INFO ] 2018-03-05 12:33:13.382 [main] RFWebsiteDriver - CLICKED on filter
[INFO ] 2018-03-05 12:33:14.046 [main] TestListner - [TEST IS SUCCESSFUL -------- Test case testSortingMenuForThisMonth_3000q has passed]
[INFO ] 2018-03-05 12:33:14.065 [main] RFWebsiteDriver - URL opened is https://skywalker.rodanandfields.com
[INFO ] 2018-03-05 12:33:14.478 [main] RFWebsiteDriver - Waiting for LSD loading image to get disappear
[INFO ] 2018-03-05 12:33:15.112 [main] RFWebsiteDriver - LSD Animation image disappears
[INFO ] 2018-03-05 12:33:15.113 [main] RFWebsiteDriver - Waiting for LSD loading image to get disappear
[INFO ] 2018-03-05 12:33:16.133 [main] RFWebsiteDriver - waiting..
[INFO ] 2018-03-05 12:33:16.239 [main] RFWebsiteDriver - LSD loading image disappears
[INFO ] 2018-03-05 12:33:16.240 [main] RFWebsiteDriver - waiting for locator By.xpath: //div[@id='rf-nav-wrapper']/descendant::span[text()='Pulse'][1]
[INFO ] 2018-03-05 12:33:16.269 [main] RFWebsiteDriver - Element found
[INFO ] 2018-03-05 12:33:16.269 [main] RFWebsiteDriver - wait started for By.xpath: //div[@id='rf-nav-wrapper']/descendant::span[text()='Pulse'][1]
[INFO ] 2018-03-05 12:33:16.269 [main] RFWebsiteDriver - waiting for locator By.xpath: //div[@id='rf-nav-wrapper']/descendant::span[text()='Pulse'][1]
[INFO ] 2018-03-05 12:33:16.283 [main] RFWebsiteDriver - Element found
[INFO ] 2018-03-05 12:33:16.283 [main] RFWebsiteDriver - Pulse in top navigation ready to be clicked
[INFO ] 2018-03-05 12:33:16.394 [main] RFWebsiteDriver - CLICKED on Pulse in top navigation
[INFO ] 2018-03-05 12:33:16.394 [main] LSDRFWebsiteBasePage - Pulse in top navigation clicked
[INFO ] 2018-03-05 12:33:16.394 [main] LSDRFWebsiteBasePage - Logging out from pulse application
[INFO ] 2018-03-05 12:33:16.480 [main] RFWebsiteDriver - CLICKED on 
[INFO ] 2018-03-05 12:33:16.481 [main] RFWebsiteDriver - Waiting for LSD loading image to get disappear
[INFO ] 2018-03-05 12:33:16.494 [main] RFWebsiteDriver - LSD loading image disappears
