[INFO ] 2018-03-13 12:37:47.376 [main] RFBaseTest - Environment properties are not provided by the user ... loading the default properties
[INFO ] 2018-03-13 12:37:47.376 [main] RFBaseTest - Default Browser is  ------ chrome
[INFO ] 2018-03-13 12:37:47.377 [main] RFBaseTest - Default URL is  ------ http://www.corprfo.tst4.rodanandfields.com/ca
[INFO ] 2018-03-13 12:37:47.377 [main] RFBaseTest - Default user password is  ------ 111Maiden$
[INFO ] 2018-03-13 12:37:47.377 [main] RFBaseTest - Default Country is  ------ ca
[INFO ] 2018-03-13 12:37:47.377 [main] RFBaseTest - Default DB IP is  ------ 10.3.0.218
[INFO ] 2018-03-13 12:37:47.377 [main] RFBaseTest - Default DB Username is  ------ perftest
[INFO ] 2018-03-13 12:37:47.377 [main] RFBaseTest - Default DB Password is  ------ perftest
[INFO ] 2018-03-13 12:37:47.377 [main] RFBaseTest - Default DB Domain is  ------ RF
[INFO ] 2018-03-13 12:37:52.713 [main] RFWebsiteDriver - Window is maximized
[INFO ] 2018-03-13 12:37:52.714 [main] RFWebsiteDriver - All cookies deleted
[INFO ] 2018-03-13 12:37:52.714 [main] RFWebsiteBaseTest - Application loaded
[INFO ] 2018-03-13 12:37:52.727 [main] RFWebsiteDriver - DB connections are set
[INFO ] 2018-03-13 12:37:52.791 [main] DBUtil - QUERY TRIGGERED IS USE RFOperations SET TRANSACTION  ISOLATION LEVEL READ UNCOMMITTED; BEGIN TRANSACTION SELECT TOP 1 ab.AccountID , ab.AccountNumber , [as].Username FROM    RFO_Accounts.AccountBase AS ab JOIN    RFO_Accounts.AccountRF AS ar ON ar.AccountID = ab.AccountID JOIN    Security.AccountSecurity AS [as] ON ab.AccountID = [as].AccountID WHERE   ab.CountryID = 40 AND ab.AccountTypeID = 1 AND NOT EXISTS ( SELECT 1 FROM   RFO_Accounts.AccountRF AS ar WHERE  ar.Active = 0 AND ar.HardTerminationDate IS NOT NULL AND ar.AccountID = ab.AccountID ) AND EXISTS ( SELECT 1 FROM   Hybris.Orders AS o WHERE  o.OrderTypeID = 3 AND o.OrderStatusID = 2 ) AND EXISTS ( SELECT 1 FROM   Hybris.Autoship AS a WHERE  a.AccountID = ab.AccountID AND a.AutoshipTypeID = 2 AND a.Active = 1 ) ORDER BY NEWID()

[INFO ] 2018-03-13 12:38:15.398 [main] RFWebsiteBaseTest - The sie of map is 3
[INFO ] 2018-03-13 12:38:15.398 [main] RFWebsiteBaseTest - Data returned by query: 06391786
[INFO ] 2018-03-13 12:38:15.401 [main] RFWebsiteDriver - URL opened is http://www.corprfo.tst4.rodanandfields.com/ca/ca
[INFO ] 2018-03-13 12:38:19.860 [main] RFWebsiteBaseTest - Opened Base URL
[INFO ] 2018-03-13 12:38:19.916 [main] RFWebsiteDriver - current URL is https://www.corprfo.tst4.rodanandfields.com/ca/ca
[INFO ] 2018-03-13 12:38:19.995 [main] TestListner - 
******************************************************************************************************************************
					TEST CASE NAME:                  testLSDDataCreation
******************************************************************************************************************************
[INFO ] 2018-03-13 12:38:20.045 [main] RFWebsiteDriver - wait started for By.cssSelector: a[id='corp-opp']
[INFO ] 2018-03-13 12:38:20.050 [main] RFWebsiteDriver - waiting for locator By.cssSelector: a[id='corp-opp']
[INFO ] 2018-03-13 12:38:20.066 [main] RFWebsiteDriver - Element found
[INFO ] 2018-03-13 12:38:20.067 [main] RFWebsiteDriver - wait started for By.cssSelector: a[id='corp-opp']
[INFO ] 2018-03-13 12:38:20.067 [main] RFWebsiteDriver - waiting for locator By.cssSelector: a[id='corp-opp']
[INFO ] 2018-03-13 12:38:20.077 [main] RFWebsiteDriver - Element found
[INFO ] 2018-03-13 12:38:20.078 [main] RFWebsiteDriver -  ready to be clicked
[INFO ] 2018-03-13 12:38:20.158 [main] RFWebsiteDriver - CLICKED on 
[INFO ] 2018-03-13 12:38:20.158 [main] StoreFrontHomePage - Our business Link clicked
[INFO ] 2018-03-13 12:38:20.158 [main] RFWebsiteDriver - wait started for By.cssSelector: a[title='Enroll Now']
[INFO ] 2018-03-13 12:38:20.159 [main] RFWebsiteDriver - waiting for locator By.cssSelector: a[title='Enroll Now']
[INFO ] 2018-03-13 12:38:20.186 [main] RFWebsiteDriver - Element found
[INFO ] 2018-03-13 12:38:20.187 [main] RFWebsiteDriver - wait started for By.cssSelector: a[title='Enroll Now']
[INFO ] 2018-03-13 12:38:20.187 [main] RFWebsiteDriver - waiting for locator By.cssSelector: a[title='Enroll Now']
[INFO ] 2018-03-13 12:38:20.197 [main] RFWebsiteDriver - Element found
[INFO ] 2018-03-13 12:38:20.197 [main] RFWebsiteDriver -  ready to be clicked
[INFO ] 2018-03-13 12:38:21.202 [main] RFWebsiteDriver - CLICKED on 
[INFO ] 2018-03-13 12:38:21.203 [main] StoreFrontHomePage - Enroll Now Link clicked
[INFO ] 2018-03-13 12:38:22.340 [main] RFWebsiteDriver - wait started for By.xpath: //*[@id='sponserparam' or @id='sponsor-name-id']
[INFO ] 2018-03-13 12:38:22.341 [main] RFWebsiteDriver - waiting for locator By.xpath: //*[@id='sponserparam' or @id='sponsor-name-id']
[INFO ] 2018-03-13 12:38:22.365 [main] RFWebsiteDriver - Element found
[INFO ] 2018-03-13 12:38:22.461 [main] RFWebsiteDriver - TYPED text as = test in sponsor search text field
[INFO ] 2018-03-13 12:38:34.347 [main] RFWebsiteDriver - CLICKED on sponsor search button
[INFO ] 2018-03-13 12:38:46.269 [main] RFWebsiteDriver - CLICKED on first sponsor result
[INFO ] 2018-03-13 12:38:46.269 [main] RFWebsiteDriver - Waiting For Page load via JS
[INFO ] 2018-03-13 12:38:46.286 [main] RFWebsiteDriver - page load complete..
[INFO ] 2018-03-13 12:38:46.287 [main] RFWebsiteDriver - wait started for By.xpath: //div[@class='enrollment-kits row']/descendant::*[contains(text(),'RFx Express Business Kit')]
[INFO ] 2018-03-13 12:38:46.287 [main] RFWebsiteDriver - waiting for locator By.xpath: //div[@class='enrollment-kits row']/descendant::*[contains(text(),'RFx Express Business Kit')]
[INFO ] 2018-03-13 12:38:46.303 [main] RFWebsiteDriver - Element found
[INFO ] 2018-03-13 12:38:46.304 [main] RFWebsiteDriver - kitname= RFx Express Business Kit ready to be clicked
[INFO ] 2018-03-13 12:38:46.395 [main] RFWebsiteDriver - CLICKED on kitname= RFx Express Business Kit
[INFO ] 2018-03-13 12:38:46.395 [main] RFWebsiteDriver - wait started for By.xpath: //span[@id='regimen-name' and contains(text(),'REDEFINE')]
[INFO ] 2018-03-13 12:38:46.395 [main] RFWebsiteDriver - waiting for locator By.xpath: //span[@id='regimen-name' and contains(text(),'REDEFINE')]
[INFO ] 2018-03-13 12:38:46.938 [main] RFWebsiteDriver - Element found
[INFO ] 2018-03-13 12:38:46.938 [main] RFWebsiteDriver - regimen= REDEFINE ready to be clicked
[INFO ] 2018-03-13 12:38:46.999 [main] RFWebsiteDriver - CLICKED on regimen= REDEFINE
[INFO ] 2018-03-13 12:38:46.999 [main] RFWebsiteDriver - wait started for By.id: next-button
[INFO ] 2018-03-13 12:38:47.000 [main] RFWebsiteDriver - waiting for locator By.id: next-button
[INFO ] 2018-03-13 12:38:47.013 [main] RFWebsiteDriver - Element found
[INFO ] 2018-03-13 12:38:47.014 [main] RFWebsiteDriver - Next button after selecting regimen ready to be clicked
[INFO ] 2018-03-13 12:38:48.136 [main] RFWebsiteDriver - CLICKED on Next button after selecting regimen
[INFO ] 2018-03-13 12:38:48.137 [main] RFWebsiteDriver - wait started for By.id: standard-enrollment
[INFO ] 2018-03-13 12:38:48.137 [main] RFWebsiteDriver - waiting for locator By.id: standard-enrollment
[INFO ] 2018-03-13 12:38:48.156 [main] RFWebsiteDriver - Element found
[INFO ] 2018-03-13 12:38:48.156 [main] RFWebsiteDriver - STANDARD ENROLLMENT ready to be clicked
[INFO ] 2018-03-13 12:38:48.216 [main] RFWebsiteDriver - CLICKED on STANDARD ENROLLMENT
[INFO ] 2018-03-13 12:38:48.216 [main] RFWebsiteDriver - wait started for By.cssSelector: input[value='Next']
[INFO ] 2018-03-13 12:38:48.216 [main] RFWebsiteDriver - waiting for locator By.cssSelector: input[value='Next']
[INFO ] 2018-03-13 12:38:48.237 [main] RFWebsiteDriver - Element found
[INFO ] 2018-03-13 12:38:48.237 [main] RFWebsiteDriver - Next button after selecting enrolmnt type ready to be clicked
[INFO ] 2018-03-13 12:38:48.695 [main] RFWebsiteDriver - CLICKED on Next button after selecting enrolmnt type
[INFO ] 2018-03-13 12:38:48.695 [main] RFWebsiteDriver - wait started for By.id: first-name
[INFO ] 2018-03-13 12:38:48.695 [main] RFWebsiteDriver - waiting for locator By.id: first-name
[INFO ] 2018-03-13 12:38:48.713 [main] RFWebsiteDriver - Element found
[INFO ] 2018-03-13 12:38:48.821 [main] RFWebsiteDriver - TYPED text as = Mary in First Name text field
[INFO ] 2018-03-13 12:38:48.821 [main] RFWebsiteDriver - wait started for By.id: last-name
[INFO ] 2018-03-13 12:38:48.821 [main] RFWebsiteDriver - waiting for locator By.id: last-name
[INFO ] 2018-03-13 12:38:48.838 [main] RFWebsiteDriver - Element found
[INFO ] 2018-03-13 12:38:48.984 [main] RFWebsiteDriver - TYPED text as = McQueen in Last Name text field
[INFO ] 2018-03-13 12:38:48.984 [main] RFWebsiteDriver - wait started for By.id: email-account
[INFO ] 2018-03-13 12:38:48.984 [main] RFWebsiteDriver - waiting for locator By.id: email-account
[INFO ] 2018-03-13 12:38:48.997 [main] RFWebsiteDriver - Element found
[INFO ] 2018-03-13 12:38:49.186 [main] RFWebsiteDriver - TYPED text as = Mary@rodanandfields.com	 in Email Address text field
[INFO ] 2018-03-13 12:38:49.686 [main] RFWebsiteDriver - wait started for By.id: new-password-account
[INFO ] 2018-03-13 12:38:49.686 [main] RFWebsiteDriver - waiting for locator By.id: new-password-account
[INFO ] 2018-03-13 12:38:49.707 [main] RFWebsiteDriver - Element found
[INFO ] 2018-03-13 12:38:49.824 [main] RFWebsiteDriver - TYPED text as = 111Maiden$ in password text field
[INFO ] 2018-03-13 12:38:49.825 [main] RFWebsiteDriver - wait started for By.id: new-password-account2
[INFO ] 2018-03-13 12:38:49.825 [main] RFWebsiteDriver - waiting for locator By.id: new-password-account2
[INFO ] 2018-03-13 12:38:49.838 [main] RFWebsiteDriver - Element found
[INFO ] 2018-03-13 12:38:49.965 [main] RFWebsiteDriver - TYPED text as = 111Maiden$ in confirm password text field
[INFO ] 2018-03-13 12:38:49.965 [main] RFWebsiteDriver - wait started for By.id: address-1
[INFO ] 2018-03-13 12:38:49.966 [main] RFWebsiteDriver - waiting for locator By.id: address-1
[INFO ] 2018-03-13 12:38:49.979 [main] RFWebsiteDriver - Element found
[INFO ] 2018-03-13 12:38:50.107 [main] RFWebsiteDriver - TYPED text as = 5502 54 St in addressLine 1 text field
[INFO ] 2018-03-13 12:38:50.107 [main] RFWebsiteDriver - wait started for By.id: city
[INFO ] 2018-03-13 12:38:50.107 [main] RFWebsiteDriver - waiting for locator By.id: city
[INFO ] 2018-03-13 12:38:50.122 [main] RFWebsiteDriver - Element found
[INFO ] 2018-03-13 12:38:50.798 [main] RFWebsiteDriver - TYPED text as = Bonnyville in city text field
[INFO ] 2018-03-13 12:39:01.149 [main] RFWebsiteDriver - CLICKED on state dropdown
[INFO ] 2018-03-13 12:39:01.149 [main] RFWebsiteDriver - wait started for By.xpath: //*[@id='state']//option[contains(text(),'Alberta')]
[INFO ] 2018-03-13 12:39:01.149 [main] RFWebsiteDriver - waiting for locator By.xpath: //*[@id='state']//option[contains(text(),'Alberta')]
[INFO ] 2018-03-13 12:39:01.164 [main] RFWebsiteDriver - Element found
[INFO ] 2018-03-13 12:39:01.164 [main] RFWebsiteDriver - state= Alberta ready to be clicked
[INFO ] 2018-03-13 12:39:01.215 [main] RFWebsiteDriver - CLICKED on state= Alberta
[INFO ] 2018-03-13 12:39:01.216 [main] RFWebsiteDriver - wait started for By.id: postcode
[INFO ] 2018-03-13 12:39:01.216 [main] RFWebsiteDriver - waiting for locator By.id: postcode
[INFO ] 2018-03-13 12:39:01.234 [main] RFWebsiteDriver - Element found
[INFO ] 2018-03-13 12:39:21.717 [main] TestListner - [TEST HAS FAILED-------- Test case testLSDDataCreation has failed] due to reason:-<br>  org.openqa.selenium.NoSuchElementException: no such element: Unable to locate element: {"method":"id","selector":"postcode"}
  (Session info: chrome=64.0.3282.186)
  (Driver info: chromedriver=2.33.506120 (e3e53437346286c0bc2d2dc9aa4915ba81d9023f),platform=Windows NT 10.0.10586 x86_64) (WARNING: The server did not provide any stacktrace information)
Command duration or timeout: 0 milliseconds
For documentation on this error, please visit: http://seleniumhq.org/exceptions/no_such_element.html
Build info: version: '3.7.1', revision: '8a0099a', time: '2017-11-06T21:01:39.354Z'
System info: host: 'LD-4V2P3G2', ip: '192.168.121.135', os.name: 'Windows 10', os.arch: 'amd64', os.version: '10.0', java.version: '1.8.0_161'
Driver info: org.openqa.selenium.chrome.ChromeDriver
Capabilities {acceptSslCerts: true, applicationCacheEnabled: false, browserConnectionEnabled: false, browserName: chrome, chrome: {chromedriverVersion: 2.33.506120 (e3e53437346286..., userDataDir: C:\Users\BPKOTA~1\AppData\L...}, cssSelectorsEnabled: true, databaseEnabled: false, handlesAlerts: true, hasTouchScreen: false, javascriptEnabled: true, locationContextEnabled: true, mobileEmulationEnabled: false, nativeEvents: true, networkConnectionEnabled: false, pageLoadStrategy: normal, platform: XP, platformName: XP, rotatable: false, setWindowRect: true, takesHeapSnapshot: true, takesScreenshot: true, unexpectedAlertBehaviour: , unhandledPromptBehavior: , version: 64.0.3282.186, webStorageEnabled: true}
Session ID: 123002989e873dc65baa0eff9ee1a310
*** Element info: {Using=id, value=postcode}
[INFO ] 2018-03-13 12:39:21.717 [main] RFWebsiteDriver - Taking Screenshot
[INFO ] 2018-03-13 12:39:22.133 [main] TestListner - Snapshot Path :<a href='C:\Users\bpkotamahanti\Bindu\Automation\qa-automation\output\Screenshots\testLSDDataCreation\testLSDDataCreation.png'>C:\Users\bpkotamahanti\Bindu\Automation\qa-automation\output\Screenshots\testLSDDataCreation\testLSDDataCreation.png</a>

