[DEBUG] 2018-03-02 17:46:20.908 [main] RFBaseTest - Started execution with  null
[INFO ] 2018-03-02 17:46:20.913 [main] RFBaseTest - Environment properties are not provided by the user ... loading the default properties
[INFO ] 2018-03-02 17:46:20.914 [main] RFBaseTest - Default Browser is  ------ chrome
[INFO ] 2018-03-02 17:46:20.914 [main] RFBaseTest - Default URL is  ------ https://skywalker.rodanandfields.com
[INFO ] 2018-03-02 17:46:20.914 [main] RFBaseTest - Default user password is  ------ 111Maiden$
[INFO ] 2018-03-02 17:46:20.914 [main] RFBaseTest - Default Country is  ------ us
[INFO ] 2018-03-02 17:46:20.914 [main] RFBaseTest - Default DB IP is  ------ 10.3.0.218
[INFO ] 2018-03-02 17:46:20.914 [main] RFBaseTest - Default DB Username is  ------ perftest
[INFO ] 2018-03-02 17:46:20.915 [main] RFBaseTest - Default DB Password is  ------ perftest
[INFO ] 2018-03-02 17:46:20.915 [main] RFBaseTest - Default DB Domain is  ------ RF
[INFO ] 2018-03-02 17:46:25.374 [main] RFWebsiteDriver - Window is maximized
[INFO ] 2018-03-02 17:46:25.375 [main] RFWebsiteDriver - All cookies deleted
[INFO ] 2018-03-02 17:46:25.375 [main] RFWebsiteDriver - URL opened is https://skywalker.rodanandfields.com
[INFO ] 2018-03-02 17:46:30.099 [main] RFLSDWebsiteBaseTest - Application loaded
[INFO ] 2018-03-02 17:46:30.110 [main] RFWebsiteDriver - DB connections are set
[INFO ] 2018-03-02 17:46:30.168 [main] DBUtil - QUERY TRIGGERED IS SELECT top 1 * FROM Commissions.[calcs].[vwQualificationSummary] where SV!=0 and PSQV!=0 and L1L2!=0 and L1L6!=0 and ECLegs > 0 and periodid= LEFT(CONVERT(varchar, GetDate(),112),6)  order by NewID() desc

[INFO ] 2018-03-02 17:46:30.962 [main] RFLSDWebsiteBaseTest - Data returned by query: 1496
[INFO ] 2018-03-02 17:46:30.963 [main] DBUtil - QUERY TRIGGERED IS SELECT  ab.AccountID ,ac.FirstName ,ac.LastName ,acs.Username FROM  RFOperations.RFO_Accounts.AccountBase ab JOIN RFOperations.RFO_Accounts.AccountRF rf ON rf.AccountID = ab.AccountID JOIN RFOperations.RFO_Accounts.AccountContacts ac ON ac.AccountId = ab.AccountID LEFT JOIN RFOperations.Security.AccountSecurity acs ON acs.AccountID = ab.AccountID LEFT JOIN RFOperations.RFO_Reference.AccountType t ON t.AccountTypeID = ab.AccountTypeID LEFT JOIN RFOperations.RFO_Reference.AccountStatus s ON s.AccountStatusID = ab.AccountStatusID LEFT JOIN RFOperations.RFO_Reference.Countries c ON c.CountryID = ab.CountryID WHERE   ab.AccountID = 1496

[INFO ] 2018-03-02 17:46:31.052 [main] RFLSDWebsiteBaseTest - Data returned by query: skincareconsultants@gmail.com
[INFO ] 2018-03-02 17:46:31.053 [main] DBUtil - QUERY TRIGGERED IS select EmailAddress from RFO_Accounts.AccountContacts acTB INNER JOIN RFO_Accounts.AccountEmails aeTB  on acTB.AccountContactId=aeTB.AccountContactId INNER JOIN RFO_Accounts.EmailAddresses aEMTB on aeTB.EmailAddressID=aEMTB.EmailAddressID WHERE acTB.AccountID='1496' and aEMTB.EmailAddressTypeID=1 

[INFO ] 2018-03-02 17:46:31.138 [main] RFLSDWebsiteBaseTest - Data returned by query: skincareconsultants@gmail.com
[INFO ] 2018-03-02 17:46:31.139 [main] RFWebsiteDriver - Waiting for LSD loading image to get disappear
[INFO ] 2018-03-02 17:46:32.175 [main] RFWebsiteDriver - waiting..
[INFO ] 2018-03-02 17:46:32.185 [main] RFWebsiteDriver - LSD loading image disappears
[INFO ] 2018-03-02 17:46:32.245 [main] RFWebsiteDriver - waiting for locator By.id: username
[INFO ] 2018-03-02 17:46:32.254 [main] RFWebsiteDriver - Element found
[INFO ] 2018-03-02 17:46:32.255 [main] RFWebsiteDriver - Taking Screenshot
[INFO ] 2018-03-02 17:46:32.822 [main] RFWebsiteDriver - wait started for By.id: username
[INFO ] 2018-03-02 17:46:32.823 [main] RFWebsiteDriver - waiting for locator By.id: username
[INFO ] 2018-03-02 17:46:32.832 [main] RFWebsiteDriver - Element found
[INFO ] 2018-03-02 17:46:33.023 [main] RFWebsiteDriver - TYPED text as = skincareconsultants@gmail.com in  text field
[INFO ] 2018-03-02 17:46:33.024 [main] LSDLoginPage - username is skincareconsultants@gmail.com
[INFO ] 2018-03-02 17:46:33.024 [main] RFWebsiteDriver - wait started for By.id: password
[INFO ] 2018-03-02 17:46:33.024 [main] RFWebsiteDriver - waiting for locator By.id: password
[INFO ] 2018-03-02 17:46:33.037 [main] RFWebsiteDriver - Element found
[INFO ] 2018-03-02 17:46:33.156 [main] RFWebsiteDriver - TYPED text as = 111Maiden$ in  text field
[INFO ] 2018-03-02 17:46:33.156 [main] LSDLoginPage - password is 111Maiden$
[INFO ] 2018-03-02 17:46:33.156 [main] RFWebsiteDriver - wait started for By.id: button-login
[INFO ] 2018-03-02 17:46:33.156 [main] RFWebsiteDriver - waiting for locator By.id: button-login
[INFO ] 2018-03-02 17:46:33.176 [main] RFWebsiteDriver - Element found
[INFO ] 2018-03-02 17:46:33.176 [main] RFWebsiteDriver -  ready to be clicked
[INFO ] 2018-03-02 17:46:33.267 [main] RFWebsiteDriver - CLICKED on 
[INFO ] 2018-03-02 17:46:54.930 [main] RFWebsiteDriver - URL opened is https://skywalker.rodanandfields.com
[INFO ] 2018-03-02 17:46:55.318 [main] RFWebsiteDriver - Waiting for LSD loading image to get disappear
[INFO ] 2018-03-02 17:46:55.504 [main] RFWebsiteDriver - LSD Animation image disappears
[INFO ] 2018-03-02 17:46:55.504 [main] RFWebsiteDriver - waiting for locator By.id: button-login
[INFO ] 2018-03-02 17:47:00.765 [main] RFWebsiteDriver - waiting for locator By.xpath: //div[text()='Hello,']/following-sibling::div[contains(@class,'text-uppercase')]
[INFO ] 2018-03-02 17:47:00.774 [main] RFWebsiteDriver - Element found
[INFO ] 2018-03-02 17:47:00.782 [main] RFWebsiteDriver - waiting for locator By.xpath: //div[text()='Hello,']/following-sibling::div[contains(@class,'text-uppercase')]
[INFO ] 2018-03-02 17:47:00.793 [main] RFWebsiteDriver - Element found
[INFO ] 2018-03-02 17:47:00.825 [main] RFWebsiteDriver - TEXT fetched for First name in overview section is=SARAH
[INFO ] 2018-03-02 17:47:00.825 [main] RFLSDWebsiteBaseTest - Data returned by query: Sarah
[INFO ] 2018-03-02 17:47:00.831 [main] RFWebsiteDriver - wait started for By.xpath: //div[@id='rf-nav-wrapper']/descendant::img[2]
[INFO ] 2018-03-02 17:47:00.831 [main] RFWebsiteDriver - waiting for locator By.xpath: //div[@id='rf-nav-wrapper']/descendant::img[2]
[INFO ] 2018-03-02 17:47:00.846 [main] RFWebsiteDriver - Element found
[INFO ] 2018-03-02 17:47:00.847 [main] RFWebsiteDriver - R+F logo ready to be clicked
[INFO ] 2018-03-02 17:47:00.913 [main] RFWebsiteDriver - CLICKED on R+F logo
[INFO ] 2018-03-02 17:47:01.006 [main] TestListner - 
******************************************************************************************************************************
					TEST CASE NAME:                  testTotalNumberOfPCsThisMonth_3013q
******************************************************************************************************************************
[INFO ] 2018-03-02 17:47:01.047 [main] RFWebsiteDriver - wait started for By.xpath: //div[@id='rf-nav-wrapper']/descendant::span[text()='Pulse'][1]
[INFO ] 2018-03-02 17:47:01.048 [main] RFWebsiteDriver - waiting for locator By.xpath: //div[@id='rf-nav-wrapper']/descendant::span[text()='Pulse'][1]
[INFO ] 2018-03-02 17:47:01.061 [main] RFWebsiteDriver - Element found
[INFO ] 2018-03-02 17:47:01.062 [main] RFWebsiteDriver -  ready to be clicked
[INFO ] 2018-03-02 17:47:01.142 [main] RFWebsiteDriver - CLICKED on 
[INFO ] 2018-03-02 17:47:01.142 [main] LSDHomePage - Clicked on Pulse Submenu from Top Navigation
[INFO ] 2018-03-02 17:47:01.202 [main] RFWebsiteDriver - wait started for By.xpath: //a[contains(text(),'Customers')]
[INFO ] 2018-03-02 17:47:01.203 [main] RFWebsiteDriver - waiting for locator By.xpath: //a[contains(text(),'Customers')]
[INFO ] 2018-03-02 17:47:01.217 [main] RFWebsiteDriver - Element found
[INFO ] 2018-03-02 17:47:01.218 [main] RFWebsiteDriver -  ready to be clicked
[INFO ] 2018-03-02 17:47:01.318 [main] RFWebsiteDriver - CLICKED on 
[INFO ] 2018-03-02 17:47:01.318 [main] LSDHomePage - SubMenu Link : Customers clicked
[INFO ] 2018-03-02 17:47:01.342 [main] RFWebsiteDriver - Waiting for spin image to get disappear0
[INFO ] 2018-03-02 17:47:01.355 [main] RFWebsiteDriver - spin image disappears
[INFO ] 2018-03-02 17:47:05.356 [main] DBUtil - QUERY TRIGGERED IS DECLARE @AccountID INT = 1496 ;WITH PCAchievedOrders AS ( SELECT COUNT( ro.OrderID) Ocount , ro.ConsultantID FROM RFOperations.Hybris.orders (NOLOCK) ro JOIN RFOperations.RFO_Accounts.AccountBase ab ON ab.AccountID = ro.AccountID WHERE ro.ConsultantID = @AccountID AND ro.OrderStatusID IN ( 2, 4, 5 ) AND ab.AccountTypeID = 2 AND ro.CompletionDate BETWEEN CAST(DATEADD(DAY, 1, DATEADD(MONTH, -1, EOMONTH(GETDATE()))) AS DATE) AND GETDATE() AND ro.AutoShipID IS NOT NULL GROUP BY ro.ConsultantID ), PenddingPCTemplate AS ( SELECT COUNT( a.AutoshipID) PCount , a.ConsultantID FROM RFOperations.Hybris.Autoship (NOLOCK) a JOIN RFOperations.RFO_Accounts.AccountBase (NOLOCK) ab ON ab.AccountID = a.AccountID JOIN RFOperations.RFO_Accounts.AccountContacts ac ON ac.AccountId = ab.AccountID WHERE a.ConsultantID = @AccountID AND a.AutoshipTypeID = 1 AND ab.AccountTypeID = 2 AND a.Active = 1 AND CAST(a.NextRunDate AS DATE) BETWEEN CAST(DATEADD(DAY, 1, DATEADD(MONTH, -1, EOMONTH(GETDATE()))) AS DATE) AND EOMONTH(GETDATE()) GROUP BY a.ConsultantID ) SELECT ab.AccountID , ISNULL(p.PCount, 0) + ISNULL(o.Ocount, 0) AS [Totol PC Order Counts] FROM RFOperations.RFO_Accounts.AccountBase ab LEFT JOIN PCAchievedOrders o ON o.ConsultantID = ab.AccountID LEFT JOIN PenddingPCTemplate p ON p.ConsultantID = ab.AccountID WHERE ab.AccountID = @AccountID

[INFO ] 2018-03-02 17:47:05.449 [main] RFLSDWebsiteBaseTest - Data returned by query: 5
[INFO ] 2018-03-02 17:47:05.449 [main] RFWebsiteDriver - wait started for By.xpath: //div[@id='rf-nav-wrapper']/descendant::span[text()='Pulse'][1]
[INFO ] 2018-03-02 17:47:05.449 [main] RFWebsiteDriver - waiting for locator By.xpath: //div[@id='rf-nav-wrapper']/descendant::span[text()='Pulse'][1]
[INFO ] 2018-03-02 17:47:05.458 [main] RFWebsiteDriver - Element found
[INFO ] 2018-03-02 17:47:05.458 [main] RFWebsiteDriver -  ready to be clicked
[INFO ] 2018-03-02 17:47:05.495 [main] RFWebsiteDriver - CLICKED on 
[INFO ] 2018-03-02 17:47:05.495 [main] LSDHomePage - Clicked on Pulse Submenu from Top Navigation
[INFO ] 2018-03-02 17:47:05.525 [main] RFWebsiteDriver - wait started for By.xpath: //a[contains(text(),'Customers')]
[INFO ] 2018-03-02 17:47:05.525 [main] RFWebsiteDriver - waiting for locator By.xpath: //a[contains(text(),'Customers')]
[INFO ] 2018-03-02 17:47:05.534 [main] RFWebsiteDriver - Element found
[INFO ] 2018-03-02 17:47:05.534 [main] RFWebsiteDriver -  ready to be clicked
[INFO ] 2018-03-02 17:47:05.573 [main] RFWebsiteDriver - CLICKED on 
[INFO ] 2018-03-02 17:47:05.573 [main] LSDHomePage - SubMenu Link : Customers clicked
[INFO ] 2018-03-02 17:47:05.583 [main] RFWebsiteDriver - Waiting for spin image to get disappear0
[INFO ] 2018-03-02 17:47:05.598 [main] RFWebsiteDriver - spin image disappears
[INFO ] 2018-03-02 17:47:09.618 [main] RFWebsiteDriver - Waiting for spin image to get disappear0
[INFO ] 2018-03-02 17:47:09.629 [main] RFWebsiteDriver - spin image disappears
[INFO ] 2018-03-02 17:47:09.629 [main] RFWebsiteDriver - waiting for locator By.xpath: //div[contains(@class,'white-fb')]/descendant::a[1]/descendant::span[2]
[INFO ] 2018-03-02 17:47:09.649 [main] RFWebsiteDriver - Element found
[INFO ] 2018-03-02 17:47:09.688 [main] RFWebsiteDriver - TEXT fetched for count of pc autoship orders for this month is=5
[INFO ] 2018-03-02 17:47:16.692 [main] RFWebsiteDriver - wait started for By.xpath: //div[contains(@class,'white-fb')]/descendant::a[1]/descendant::span[1]
[INFO ] 2018-03-02 17:47:16.692 [main] RFWebsiteDriver - waiting for locator By.xpath: //div[contains(@class,'white-fb')]/descendant::a[1]/descendant::span[1]
[INFO ] 2018-03-02 17:47:16.710 [main] RFWebsiteDriver - Element found
[INFO ] 2018-03-02 17:47:16.710 [main] RFWebsiteDriver - have orders for this month ready to be clicked
[INFO ] 2018-03-02 17:47:16.777 [main] RFWebsiteDriver - CLICKED on have orders for this month
[INFO ] 2018-03-02 17:47:17.889 [main] TestListner - [TEST HAS FAILED-------- Test case testTotalNumberOfPCsThisMonth_3013q has failed] due to reason:-<br>  org.openqa.selenium.NoSuchElementException: no such element: Unable to locate element: {"method":"xpath","selector":"//div[contains(@class,'white-fb')]/descendant::a[1]/descendant::span[1]"}
  (Session info: chrome=64.0.3282.186)
  (Driver info: chromedriver=2.33.506120 (e3e53437346286c0bc2d2dc9aa4915ba81d9023f),platform=Windows NT 10.0.10586 x86_64) (WARNING: The server did not provide any stacktrace information)
Command duration or timeout: 0 milliseconds
For documentation on this error, please visit: http://seleniumhq.org/exceptions/no_such_element.html
Build info: version: '3.7.1', revision: '8a0099a', time: '2017-11-06T21:01:39.354Z'
System info: host: 'LD-4V2P3G2', ip: '10.6.64.235', os.name: 'Windows 10', os.arch: 'amd64', os.version: '10.0', java.version: '1.8.0_161'
Driver info: org.openqa.selenium.chrome.ChromeDriver
Capabilities {acceptSslCerts: true, applicationCacheEnabled: false, browserConnectionEnabled: false, browserName: chrome, chrome: {chromedriverVersion: 2.33.506120 (e3e53437346286..., userDataDir: C:\Users\BPKOTA~1\AppData\L...}, cssSelectorsEnabled: true, databaseEnabled: false, handlesAlerts: true, hasTouchScreen: false, javascriptEnabled: true, locationContextEnabled: true, mobileEmulationEnabled: false, nativeEvents: true, networkConnectionEnabled: false, pageLoadStrategy: normal, platform: XP, platformName: XP, rotatable: false, setWindowRect: true, takesHeapSnapshot: true, takesScreenshot: true, unexpectedAlertBehaviour: , unhandledPromptBehavior: , version: 64.0.3282.186, webStorageEnabled: true}
Session ID: 80dd477c3dd6f63709dd48c6d96f0edb
*** Element info: {Using=xpath, value=//div[contains(@class,'white-fb')]/descendant::a[1]/descendant::span[1]}
[INFO ] 2018-03-02 17:47:17.889 [main] RFWebsiteDriver - Taking Screenshot
[INFO ] 2018-03-02 17:47:18.349 [main] TestListner - Snapshot Path :<a href='C:\Users\bpkotamahanti\Bindu\Automation\qa-automation\output\Screenshots\testTotalNumberOfPCsThisMonth_3013q\testTotalNumberOfPCsThisMonth_3013q.png'>C:\Users\bpkotamahanti\Bindu\Automation\qa-automation\output\Screenshots\testTotalNumberOfPCsThisMonth_3013q\testTotalNumberOfPCsThisMonth_3013q.png</a>

[INFO ] 2018-03-02 17:47:18.372 [main] RFWebsiteDriver - URL opened is https://skywalker.rodanandfields.com
[INFO ] 2018-03-02 17:47:18.966 [main] RFWebsiteDriver - Waiting for LSD loading image to get disappear
[INFO ] 2018-03-02 17:47:19.091 [main] RFWebsiteDriver - LSD Animation image disappears
[INFO ] 2018-03-02 17:47:19.091 [main] RFWebsiteDriver - Waiting for LSD loading image to get disappear
[INFO ] 2018-03-02 17:47:20.232 [main] RFWebsiteDriver - waiting..
[INFO ] 2018-03-02 17:47:21.246 [main] RFWebsiteDriver - waiting..
[INFO ] 2018-03-02 17:47:21.261 [main] RFWebsiteDriver - LSD loading image disappears
[INFO ] 2018-03-02 17:47:21.261 [main] RFWebsiteDriver - waiting for locator By.xpath: //div[@id='rf-nav-wrapper']/descendant::span[text()='Pulse'][1]
[INFO ] 2018-03-02 17:47:21.276 [main] RFWebsiteDriver - Element found
[INFO ] 2018-03-02 17:47:21.276 [main] RFWebsiteDriver - wait started for By.xpath: //div[@id='rf-nav-wrapper']/descendant::span[text()='Pulse'][1]
[INFO ] 2018-03-02 17:47:21.276 [main] RFWebsiteDriver - waiting for locator By.xpath: //div[@id='rf-nav-wrapper']/descendant::span[text()='Pulse'][1]
[INFO ] 2018-03-02 17:47:21.285 [main] RFWebsiteDriver - Element found
[INFO ] 2018-03-02 17:47:21.285 [main] RFWebsiteDriver - Pulse in top navigation ready to be clicked
[INFO ] 2018-03-02 17:47:21.370 [main] RFWebsiteDriver - CLICKED on Pulse in top navigation
[INFO ] 2018-03-02 17:47:21.370 [main] LSDRFWebsiteBasePage - Pulse in top navigation clicked
[INFO ] 2018-03-02 17:47:21.371 [main] LSDRFWebsiteBasePage - Logging out from pulse application
[INFO ] 2018-03-02 17:47:21.497 [main] RFWebsiteDriver - CLICKED on 
[INFO ] 2018-03-02 17:47:21.497 [main] RFWebsiteDriver - Waiting for LSD loading image to get disappear
[INFO ] 2018-03-02 17:47:21.513 [main] RFWebsiteDriver - LSD loading image disappears
