[DEBUG] 2018-02-28 16:08:08.441 [main] RFBaseTest - Started execution with  null
[INFO ] 2018-02-28 16:08:08.451 [main] RFBaseTest - Environment properties are not provided by the user ... loading the default properties
[INFO ] 2018-02-28 16:08:08.452 [main] RFBaseTest - Default Browser is  ------ chrome
[INFO ] 2018-02-28 16:08:08.452 [main] RFBaseTest - Default URL is  ------ https://skywalker.rodanandfields.com
[INFO ] 2018-02-28 16:08:08.452 [main] RFBaseTest - Default user password is  ------ 111Maiden$
[INFO ] 2018-02-28 16:08:08.452 [main] RFBaseTest - Default Country is  ------ us
[INFO ] 2018-02-28 16:08:08.452 [main] RFBaseTest - Default DB IP is  ------ 10.3.0.218
[INFO ] 2018-02-28 16:08:08.452 [main] RFBaseTest - Default DB Username is  ------ perftest
[INFO ] 2018-02-28 16:08:08.452 [main] RFBaseTest - Default DB Password is  ------ perftest
[INFO ] 2018-02-28 16:08:08.455 [main] RFBaseTest - Default DB Domain is  ------ RF
[INFO ] 2018-02-28 16:08:16.079 [main] RFWebsiteDriver - Window is maximized
[INFO ] 2018-02-28 16:08:16.079 [main] RFWebsiteDriver - All cookies deleted
[INFO ] 2018-02-28 16:08:16.080 [main] RFWebsiteDriver - URL opened is https://skywalker.rodanandfields.com
[INFO ] 2018-02-28 16:08:17.606 [main] RFLSDWebsiteBaseTest - Application loaded
[INFO ] 2018-02-28 16:08:32.234 [main] RFWebsiteDriver - DB connections are set
[INFO ] 2018-02-28 16:08:42.994 [main] DBUtil - QUERY TRIGGERED IS SELECT TOP 1 FROM    Commissions.calcs.vwQualificationSummary WHERE SV <> 0 AND PSQV <> 0  AND ECLegs > 2 AND L1L2 <> 0  AND L1L6 <> 0 AND PeriodID = LEFT(CONVERT(VARCHAR, GETDATE(), 112), 6) ORDER BY NEWID()

[INFO ] 2018-02-28 16:08:55.526 [main] TestListner - 
******************************************************************************************************************************
					TEST CASE NAME:                  testConsultantCardComponents_2876q
******************************************************************************************************************************
[INFO ] 2018-02-28 16:08:55.602 [main] TestListner - 
******************************************************************************************************************************
					TEST CASE NAME:                  testConsultantCardComponents_2876q
******************************************************************************************************************************
[INFO ] 2018-02-28 16:08:55.603 [main] TestListner - [TEST IS SKIPPED -------- Test case testConsultantCardComponents_2876q skipped]
[INFO ] 2018-02-28 16:08:55.697 [main] TestListner - [TEST IS SKIPPED -------- Test case testConsultantCardComponents_2876q skipped]
[INFO ] 2018-02-28 16:08:55.700 [main] TestListner - 
******************************************************************************************************************************
					TEST CASE NAME:                  testFAQNavigation_2953q
******************************************************************************************************************************
[INFO ] 2018-02-28 16:08:55.704 [main] TestListner - 
******************************************************************************************************************************
					TEST CASE NAME:                  testFAQNavigation_2953q
******************************************************************************************************************************
[INFO ] 2018-02-28 16:08:55.704 [main] TestListner - [TEST IS SKIPPED -------- Test case testFAQNavigation_2953q skipped]
[INFO ] 2018-02-28 16:08:55.708 [main] TestListner - [TEST IS SKIPPED -------- Test case testFAQNavigation_2953q skipped]
[INFO ] 2018-02-28 16:08:55.713 [main] TestListner - 
******************************************************************************************************************************
					TEST CASE NAME:                  testMainMenuLinks_2631q
******************************************************************************************************************************
[INFO ] 2018-02-28 16:08:55.716 [main] TestListner - 
******************************************************************************************************************************
					TEST CASE NAME:                  testMainMenuLinks_2631q
******************************************************************************************************************************
[INFO ] 2018-02-28 16:08:55.717 [main] TestListner - [TEST IS SKIPPED -------- Test case testMainMenuLinks_2631q skipped]
[INFO ] 2018-02-28 16:08:55.721 [main] TestListner - [TEST IS SKIPPED -------- Test case testMainMenuLinks_2631q skipped]
[INFO ] 2018-02-28 16:08:55.723 [main] TestListner - 
******************************************************************************************************************************
					TEST CASE NAME:                  testSortingMenuForViewAllConsultants_3328q
******************************************************************************************************************************
[INFO ] 2018-02-28 16:08:55.726 [main] TestListner - 
******************************************************************************************************************************
					TEST CASE NAME:                  testSortingMenuForViewAllConsultants_3328q
******************************************************************************************************************************
[INFO ] 2018-02-28 16:08:55.726 [main] TestListner - [TEST IS SKIPPED -------- Test case testSortingMenuForViewAllConsultants_3328q skipped]
[INFO ] 2018-02-28 16:08:55.729 [main] TestListner - [TEST IS SKIPPED -------- Test case testSortingMenuForViewAllConsultants_3328q skipped]
[INFO ] 2018-02-28 16:08:55.732 [main] TestListner - 
******************************************************************************************************************************
					TEST CASE NAME:                  testVerifyTabsWith6Level_3238q
******************************************************************************************************************************
[INFO ] 2018-02-28 16:08:55.735 [main] TestListner - 
******************************************************************************************************************************
					TEST CASE NAME:                  testVerifyTabsWith6Level_3238q
******************************************************************************************************************************
[INFO ] 2018-02-28 16:08:55.735 [main] TestListner - [TEST IS SKIPPED -------- Test case testVerifyTabsWith6Level_3238q skipped]
[INFO ] 2018-02-28 16:08:55.738 [main] TestListner - [TEST IS SKIPPED -------- Test case testVerifyTabsWith6Level_3238q skipped]
[INFO ] 2018-02-28 16:08:55.741 [main] TestListner - 
******************************************************************************************************************************
					TEST CASE NAME:                  testVerifyLeadTheWayLink_1455q
******************************************************************************************************************************
[INFO ] 2018-02-28 16:08:55.743 [main] TestListner - 
******************************************************************************************************************************
					TEST CASE NAME:                  testVerifyLeadTheWayLink_1455q
******************************************************************************************************************************
[INFO ] 2018-02-28 16:08:55.744 [main] TestListner - [TEST IS SKIPPED -------- Test case testVerifyLeadTheWayLink_1455q skipped]
[INFO ] 2018-02-28 16:08:55.747 [main] TestListner - [TEST IS SKIPPED -------- Test case testVerifyLeadTheWayLink_1455q skipped]
[INFO ] 2018-02-28 16:08:55.749 [main] TestListner - 
******************************************************************************************************************************
					TEST CASE NAME:                  testVerifyRFConnectionLink_1456q
******************************************************************************************************************************
[INFO ] 2018-02-28 16:08:55.753 [main] TestListner - 
******************************************************************************************************************************
					TEST CASE NAME:                  testVerifyRFConnectionLink_1456q
******************************************************************************************************************************
[INFO ] 2018-02-28 16:08:55.753 [main] TestListner - [TEST IS SKIPPED -------- Test case testVerifyRFConnectionLink_1456q skipped]
[INFO ] 2018-02-28 16:08:55.757 [main] TestListner - [TEST IS SKIPPED -------- Test case testVerifyRFConnectionLink_1456q skipped]
[INFO ] 2018-02-28 16:08:55.759 [main] TestListner - 
******************************************************************************************************************************
					TEST CASE NAME:                  testVerifyRFJourneyLink_1457q
******************************************************************************************************************************
[INFO ] 2018-02-28 16:08:55.762 [main] TestListner - 
******************************************************************************************************************************
					TEST CASE NAME:                  testVerifyRFJourneyLink_1457q
******************************************************************************************************************************
[INFO ] 2018-02-28 16:08:55.763 [main] TestListner - [TEST IS SKIPPED -------- Test case testVerifyRFJourneyLink_1457q skipped]
[INFO ] 2018-02-28 16:08:55.766 [main] TestListner - [TEST IS SKIPPED -------- Test case testVerifyRFJourneyLink_1457q skipped]
[INFO ] 2018-02-28 16:08:55.770 [main] TestListner - 
******************************************************************************************************************************
					TEST CASE NAME:                  testVerifyRFMallLink_1458q
******************************************************************************************************************************
[INFO ] 2018-02-28 16:08:55.774 [main] TestListner - 
******************************************************************************************************************************
					TEST CASE NAME:                  testVerifyRFMallLink_1458q
******************************************************************************************************************************
[INFO ] 2018-02-28 16:08:55.774 [main] TestListner - [TEST IS SKIPPED -------- Test case testVerifyRFMallLink_1458q skipped]
[INFO ] 2018-02-28 16:08:55.780 [main] TestListner - [TEST IS SKIPPED -------- Test case testVerifyRFMallLink_1458q skipped]
[INFO ] 2018-02-28 16:08:55.785 [main] TestListner - 
******************************************************************************************************************************
					TEST CASE NAME:                  testVerifyRFPaydayLink_1459q
******************************************************************************************************************************
[INFO ] 2018-02-28 16:08:55.788 [main] TestListner - 
******************************************************************************************************************************
					TEST CASE NAME:                  testVerifyRFPaydayLink_1459q
******************************************************************************************************************************
[INFO ] 2018-02-28 16:08:55.788 [main] TestListner - [TEST IS SKIPPED -------- Test case testVerifyRFPaydayLink_1459q skipped]
[INFO ] 2018-02-28 16:08:55.795 [main] TestListner - [TEST IS SKIPPED -------- Test case testVerifyRFPaydayLink_1459q skipped]
[INFO ] 2018-02-28 16:08:55.797 [main] TestListner - 
******************************************************************************************************************************
					TEST CASE NAME:                  testVerifyLinkCommsCorner_1447q
******************************************************************************************************************************
[INFO ] 2018-02-28 16:08:55.806 [main] TestListner - 
******************************************************************************************************************************
					TEST CASE NAME:                  testVerifyLinkCommsCorner_1447q
******************************************************************************************************************************
[INFO ] 2018-02-28 16:08:55.807 [main] TestListner - [TEST IS SKIPPED -------- Test case testVerifyLinkCommsCorner_1447q skipped]
[INFO ] 2018-02-28 16:08:55.810 [main] TestListner - [TEST IS SKIPPED -------- Test case testVerifyLinkCommsCorner_1447q skipped]
[INFO ] 2018-02-28 16:08:55.812 [main] TestListner - 
******************************************************************************************************************************
					TEST CASE NAME:                  testVerifyLinkConsultantLEDEvents_1448
******************************************************************************************************************************
[INFO ] 2018-02-28 16:08:55.815 [main] TestListner - 
******************************************************************************************************************************
					TEST CASE NAME:                  testVerifyLinkConsultantLEDEvents_1448
******************************************************************************************************************************
[INFO ] 2018-02-28 16:08:55.816 [main] TestListner - [TEST IS SKIPPED -------- Test case testVerifyLinkConsultantLEDEvents_1448 skipped]
[INFO ] 2018-02-28 16:08:55.824 [main] TestListner - [TEST IS SKIPPED -------- Test case testVerifyLinkConsultantLEDEvents_1448 skipped]
[INFO ] 2018-02-28 16:08:55.826 [main] TestListner - 
******************************************************************************************************************************
					TEST CASE NAME:                  testVerifyLinkCorporateEvents_1449q
******************************************************************************************************************************
[INFO ] 2018-02-28 16:08:55.828 [main] TestListner - 
******************************************************************************************************************************
					TEST CASE NAME:                  testVerifyLinkCorporateEvents_1449q
******************************************************************************************************************************
[INFO ] 2018-02-28 16:08:55.829 [main] TestListner - [TEST IS SKIPPED -------- Test case testVerifyLinkCorporateEvents_1449q skipped]
[INFO ] 2018-02-28 16:08:55.832 [main] TestListner - [TEST IS SKIPPED -------- Test case testVerifyLinkCorporateEvents_1449q skipped]
[INFO ] 2018-02-28 16:08:55.834 [main] TestListner - 
******************************************************************************************************************************
					TEST CASE NAME:                  testVerifyLinkGettingStarted_1450q
******************************************************************************************************************************
[INFO ] 2018-02-28 16:08:55.837 [main] TestListner - 
******************************************************************************************************************************
					TEST CASE NAME:                  testVerifyLinkGettingStarted_1450q
******************************************************************************************************************************
[INFO ] 2018-02-28 16:08:55.837 [main] TestListner - [TEST IS SKIPPED -------- Test case testVerifyLinkGettingStarted_1450q skipped]
[INFO ] 2018-02-28 16:08:55.840 [main] TestListner - [TEST IS SKIPPED -------- Test case testVerifyLinkGettingStarted_1450q skipped]
[INFO ] 2018-02-28 16:08:55.853 [main] TestListner - 
******************************************************************************************************************************
					TEST CASE NAME:                  test2InitialIcon_2547q
******************************************************************************************************************************
[INFO ] 2018-02-28 16:08:55.857 [main] TestListner - 
******************************************************************************************************************************
					TEST CASE NAME:                  test2InitialIcon_2547q
******************************************************************************************************************************
[INFO ] 2018-02-28 16:08:55.857 [main] TestListner - [TEST IS SKIPPED -------- Test case test2InitialIcon_2547q skipped]
[INFO ] 2018-02-28 16:08:55.860 [main] TestListner - [TEST IS SKIPPED -------- Test case test2InitialIcon_2547q skipped]
[INFO ] 2018-02-28 16:08:55.864 [main] TestListner - 
******************************************************************************************************************************
					TEST CASE NAME:                  testCRPAutoshipProcessedInPastForThismonth_2522q
******************************************************************************************************************************
[INFO ] 2018-02-28 16:08:55.867 [main] TestListner - 
******************************************************************************************************************************
					TEST CASE NAME:                  testCRPAutoshipProcessedInPastForThismonth_2522q
******************************************************************************************************************************
[INFO ] 2018-02-28 16:08:55.868 [main] TestListner - [TEST IS SKIPPED -------- Test case testCRPAutoshipProcessedInPastForThismonth_2522q skipped]
[INFO ] 2018-02-28 16:08:55.873 [main] TestListner - [TEST IS SKIPPED -------- Test case testCRPAutoshipProcessedInPastForThismonth_2522q skipped]
[INFO ] 2018-02-28 16:08:55.886 [main] TestListner - 
******************************************************************************************************************************
					TEST CASE NAME:                  testColorOfPSQVValueAndPSQVRingEqualsTo0_2470q
******************************************************************************************************************************
[INFO ] 2018-02-28 16:08:55.889 [main] TestListner - 
******************************************************************************************************************************
					TEST CASE NAME:                  testColorOfPSQVValueAndPSQVRingEqualsTo0_2470q
******************************************************************************************************************************
[INFO ] 2018-02-28 16:08:55.896 [main] TestListner - [TEST IS SKIPPED -------- Test case testColorOfPSQVValueAndPSQVRingEqualsTo0_2470q skipped]
[INFO ] 2018-02-28 16:08:55.899 [main] TestListner - [TEST IS SKIPPED -------- Test case testColorOfPSQVValueAndPSQVRingEqualsTo0_2470q skipped]
[INFO ] 2018-02-28 16:08:55.902 [main] TestListner - 
******************************************************************************************************************************
					TEST CASE NAME:                  testColorOfPSQVValueAndPSQVRingGreaterThan600_3128q
******************************************************************************************************************************
[INFO ] 2018-02-28 16:08:55.905 [main] TestListner - 
******************************************************************************************************************************
					TEST CASE NAME:                  testColorOfPSQVValueAndPSQVRingGreaterThan600_3128q
******************************************************************************************************************************
[INFO ] 2018-02-28 16:08:55.905 [main] TestListner - [TEST IS SKIPPED -------- Test case testColorOfPSQVValueAndPSQVRingGreaterThan600_3128q skipped]
[INFO ] 2018-02-28 16:08:55.909 [main] TestListner - [TEST IS SKIPPED -------- Test case testColorOfPSQVValueAndPSQVRingGreaterThan600_3128q skipped]
[INFO ] 2018-02-28 16:08:55.913 [main] TestListner - 
******************************************************************************************************************************
					TEST CASE NAME:                  testColorOfPSQVValueAndPSQVRingLessThan600_3127q
******************************************************************************************************************************
[INFO ] 2018-02-28 16:08:55.915 [main] TestListner - 
******************************************************************************************************************************
					TEST CASE NAME:                  testColorOfPSQVValueAndPSQVRingLessThan600_3127q
******************************************************************************************************************************
[INFO ] 2018-02-28 16:08:55.915 [main] TestListner - [TEST IS SKIPPED -------- Test case testColorOfPSQVValueAndPSQVRingLessThan600_3127q skipped]
[INFO ] 2018-02-28 16:08:55.918 [main] TestListner - [TEST IS SKIPPED -------- Test case testColorOfPSQVValueAndPSQVRingLessThan600_3127q skipped]
[INFO ] 2018-02-28 16:08:55.922 [main] TestListner - 
******************************************************************************************************************************
					TEST CASE NAME:                  testColorOfSVValueAndSVRingForEqualsTo0_2469q
******************************************************************************************************************************
[INFO ] 2018-02-28 16:08:55.925 [main] TestListner - 
******************************************************************************************************************************
					TEST CASE NAME:                  testColorOfSVValueAndSVRingForEqualsTo0_2469q
******************************************************************************************************************************
[INFO ] 2018-02-28 16:08:55.925 [main] TestListner - [TEST IS SKIPPED -------- Test case testColorOfSVValueAndSVRingForEqualsTo0_2469q skipped]
[INFO ] 2018-02-28 16:08:55.929 [main] TestListner - [TEST IS SKIPPED -------- Test case testColorOfSVValueAndSVRingForEqualsTo0_2469q skipped]
[INFO ] 2018-02-28 16:08:55.931 [main] TestListner - 
******************************************************************************************************************************
					TEST CASE NAME:                  testColorOfSVValueAndSVRingGreaterThan100_3125q
******************************************************************************************************************************
[INFO ] 2018-02-28 16:08:55.934 [main] TestListner - 
******************************************************************************************************************************
					TEST CASE NAME:                  testColorOfSVValueAndSVRingGreaterThan100_3125q
******************************************************************************************************************************
[INFO ] 2018-02-28 16:08:55.935 [main] TestListner - [TEST IS SKIPPED -------- Test case testColorOfSVValueAndSVRingGreaterThan100_3125q skipped]
[INFO ] 2018-02-28 16:08:55.939 [main] TestListner - [TEST IS SKIPPED -------- Test case testColorOfSVValueAndSVRingGreaterThan100_3125q skipped]
[INFO ] 2018-02-28 16:08:55.942 [main] TestListner - 
******************************************************************************************************************************
					TEST CASE NAME:                  testColorOfSVValueAndSVRingLessThan100_3126q
******************************************************************************************************************************
[INFO ] 2018-02-28 16:08:55.944 [main] TestListner - 
******************************************************************************************************************************
					TEST CASE NAME:                  testColorOfSVValueAndSVRingLessThan100_3126q
******************************************************************************************************************************
[INFO ] 2018-02-28 16:08:55.945 [main] TestListner - [TEST IS SKIPPED -------- Test case testColorOfSVValueAndSVRingLessThan100_3126q skipped]
[INFO ] 2018-02-28 16:08:55.947 [main] TestListner - [TEST IS SKIPPED -------- Test case testColorOfSVValueAndSVRingLessThan100_3126q skipped]
[INFO ] 2018-02-28 16:08:55.949 [main] TestListner - 
******************************************************************************************************************************
					TEST CASE NAME:                  testConsultantOverviewDetails_2420q
******************************************************************************************************************************
[INFO ] 2018-02-28 16:08:55.952 [main] TestListner - 
******************************************************************************************************************************
					TEST CASE NAME:                  testConsultantOverviewDetails_2420q
******************************************************************************************************************************
[INFO ] 2018-02-28 16:08:55.952 [main] TestListner - [TEST IS SKIPPED -------- Test case testConsultantOverviewDetails_2420q skipped]
[INFO ] 2018-02-28 16:08:55.955 [main] TestListner - [TEST IS SKIPPED -------- Test case testConsultantOverviewDetails_2420q skipped]
[INFO ] 2018-02-28 16:08:55.957 [main] TestListner - 
******************************************************************************************************************************
					TEST CASE NAME:                  testConsultantsOnMyLevel1Value_2539q
******************************************************************************************************************************
[INFO ] 2018-02-28 16:08:55.959 [main] TestListner - 
******************************************************************************************************************************
					TEST CASE NAME:                  testConsultantsOnMyLevel1Value_2539q
******************************************************************************************************************************
[INFO ] 2018-02-28 16:08:55.959 [main] TestListner - [TEST IS SKIPPED -------- Test case testConsultantsOnMyLevel1Value_2539q skipped]
[INFO ] 2018-02-28 16:08:55.963 [main] TestListner - [TEST IS SKIPPED -------- Test case testConsultantsOnMyLevel1Value_2539q skipped]
[INFO ] 2018-02-28 16:08:55.965 [main] TestListner - 
******************************************************************************************************************************
					TEST CASE NAME:                  testCurrentProgressEstSVValue_2467q
******************************************************************************************************************************
[INFO ] 2018-02-28 16:08:55.968 [main] TestListner - 
******************************************************************************************************************************
					TEST CASE NAME:                  testCurrentProgressEstSVValue_2467q
******************************************************************************************************************************
[INFO ] 2018-02-28 16:08:55.968 [main] TestListner - [TEST IS SKIPPED -------- Test case testCurrentProgressEstSVValue_2467q skipped]
[INFO ] 2018-02-28 16:08:55.971 [main] TestListner - [TEST IS SKIPPED -------- Test case testCurrentProgressEstSVValue_2467q skipped]
[INFO ] 2018-02-28 16:08:55.973 [main] TestListner - 
******************************************************************************************************************************
					TEST CASE NAME:                  testDeactivatedPCCardDetails_2988q
******************************************************************************************************************************
[INFO ] 2018-02-28 16:08:55.975 [main] TestListner - 
******************************************************************************************************************************
					TEST CASE NAME:                  testDeactivatedPCCardDetails_2988q
******************************************************************************************************************************
[INFO ] 2018-02-28 16:08:55.976 [main] TestListner - [TEST IS SKIPPED -------- Test case testDeactivatedPCCardDetails_2988q skipped]
[INFO ] 2018-02-28 16:08:55.979 [main] TestListner - [TEST IS SKIPPED -------- Test case testDeactivatedPCCardDetails_2988q skipped]
[INFO ] 2018-02-28 16:08:55.981 [main] TestListner - 
******************************************************************************************************************************
					TEST CASE NAME:                  testDownlineReportLink_2561q
******************************************************************************************************************************
[INFO ] 2018-02-28 16:08:55.983 [main] TestListner - 
******************************************************************************************************************************
					TEST CASE NAME:                  testDownlineReportLink_2561q
******************************************************************************************************************************
[INFO ] 2018-02-28 16:08:55.983 [main] TestListner - [TEST IS SKIPPED -------- Test case testDownlineReportLink_2561q skipped]
[INFO ] 2018-02-28 16:08:55.986 [main] TestListner - [TEST IS SKIPPED -------- Test case testDownlineReportLink_2561q skipped]
[INFO ] 2018-02-28 16:08:55.988 [main] TestListner - 
******************************************************************************************************************************
					TEST CASE NAME:                  testECLegsValue_2476q
******************************************************************************************************************************
[INFO ] 2018-02-28 16:08:55.990 [main] TestListner - 
******************************************************************************************************************************
					TEST CASE NAME:                  testECLegsValue_2476q
******************************************************************************************************************************
[INFO ] 2018-02-28 16:08:55.991 [main] TestListner - [TEST IS SKIPPED -------- Test case testECLegsValue_2476q skipped]
[INFO ] 2018-02-28 16:08:55.993 [main] TestListner - [TEST IS SKIPPED -------- Test case testECLegsValue_2476q skipped]
[INFO ] 2018-02-28 16:08:55.996 [main] TestListner - 
******************************************************************************************************************************
					TEST CASE NAME:                  testEarningsStatementsReportLink_2562q
******************************************************************************************************************************
[INFO ] 2018-02-28 16:08:55.999 [main] TestListner - 
******************************************************************************************************************************
					TEST CASE NAME:                  testEarningsStatementsReportLink_2562q
******************************************************************************************************************************
[INFO ] 2018-02-28 16:08:55.999 [main] TestListner - [TEST IS SKIPPED -------- Test case testEarningsStatementsReportLink_2562q skipped]
[INFO ] 2018-02-28 16:08:56.003 [main] TestListner - [TEST IS SKIPPED -------- Test case testEarningsStatementsReportLink_2562q skipped]
[INFO ] 2018-02-28 16:08:56.006 [main] TestListner - 
******************************************************************************************************************************
					TEST CASE NAME:                  testEnrollmentDate_2545q_2626q
******************************************************************************************************************************
[INFO ] 2018-02-28 16:08:56.008 [main] TestListner - 
******************************************************************************************************************************
					TEST CASE NAME:                  testEnrollmentDate_2545q_2626q
******************************************************************************************************************************
[INFO ] 2018-02-28 16:08:56.008 [main] TestListner - [TEST IS SKIPPED -------- Test case testEnrollmentDate_2545q_2626q skipped]
[INFO ] 2018-02-28 16:08:56.011 [main] TestListner - [TEST IS SKIPPED -------- Test case testEnrollmentDate_2545q_2626q skipped]
[INFO ] 2018-02-28 16:08:56.014 [main] TestListner - 
******************************************************************************************************************************
					TEST CASE NAME:                  testEnrollmentSponsor_2535q
******************************************************************************************************************************
[INFO ] 2018-02-28 16:08:56.016 [main] TestListner - 
******************************************************************************************************************************
					TEST CASE NAME:                  testEnrollmentSponsor_2535q
******************************************************************************************************************************
[INFO ] 2018-02-28 16:08:56.016 [main] TestListner - [TEST IS SKIPPED -------- Test case testEnrollmentSponsor_2535q skipped]
[INFO ] 2018-02-28 16:08:56.020 [main] TestListner - [TEST IS SKIPPED -------- Test case testEnrollmentSponsor_2535q skipped]
[INFO ] 2018-02-28 16:08:56.022 [main] TestListner - 
******************************************************************************************************************************
					TEST CASE NAME:                  testEstPSQVValue_2468q
******************************************************************************************************************************
[INFO ] 2018-02-28 16:08:56.023 [main] TestListner - 
******************************************************************************************************************************
					TEST CASE NAME:                  testEstPSQVValue_2468q
******************************************************************************************************************************
[INFO ] 2018-02-28 16:08:56.024 [main] TestListner - [TEST IS SKIPPED -------- Test case testEstPSQVValue_2468q skipped]
[INFO ] 2018-02-28 16:08:56.027 [main] TestListner - [TEST IS SKIPPED -------- Test case testEstPSQVValue_2468q skipped]
[INFO ] 2018-02-28 16:08:56.029 [main] TestListner - 
******************************************************************************************************************************
					TEST CASE NAME:                  testFullNameFromCard_2634q
******************************************************************************************************************************
[INFO ] 2018-02-28 16:08:56.031 [main] TestListner - 
******************************************************************************************************************************
					TEST CASE NAME:                  testFullNameFromCard_2634q
******************************************************************************************************************************
[INFO ] 2018-02-28 16:08:56.031 [main] TestListner - [TEST IS SKIPPED -------- Test case testFullNameFromCard_2634q skipped]
[INFO ] 2018-02-28 16:08:56.034 [main] TestListner - [TEST IS SKIPPED -------- Test case testFullNameFromCard_2634q skipped]
[INFO ] 2018-02-28 16:08:56.035 [main] TestListner - 
******************************************************************************************************************************
					TEST CASE NAME:                  testGreetingAndFirstName_2546q
******************************************************************************************************************************
[INFO ] 2018-02-28 16:08:56.037 [main] TestListner - 
******************************************************************************************************************************
					TEST CASE NAME:                  testGreetingAndFirstName_2546q
******************************************************************************************************************************
[INFO ] 2018-02-28 16:08:56.037 [main] TestListner - [TEST IS SKIPPED -------- Test case testGreetingAndFirstName_2546q skipped]
[INFO ] 2018-02-28 16:08:56.040 [main] TestListner - [TEST IS SKIPPED -------- Test case testGreetingAndFirstName_2546q skipped]
[INFO ] 2018-02-28 16:08:56.042 [main] TestListner - 
******************************************************************************************************************************
					TEST CASE NAME:                  testL1L2QualifyingVolumeValue_2418q
******************************************************************************************************************************
[INFO ] 2018-02-28 16:08:56.044 [main] TestListner - 
******************************************************************************************************************************
					TEST CASE NAME:                  testL1L2QualifyingVolumeValue_2418q
******************************************************************************************************************************
[INFO ] 2018-02-28 16:08:56.044 [main] TestListner - [TEST IS SKIPPED -------- Test case testL1L2QualifyingVolumeValue_2418q skipped]
[INFO ] 2018-02-28 16:08:56.047 [main] TestListner - [TEST IS SKIPPED -------- Test case testL1L2QualifyingVolumeValue_2418q skipped]
[INFO ] 2018-02-28 16:08:56.050 [main] TestListner - 
******************************************************************************************************************************
					TEST CASE NAME:                  testL1L2QualifyingVolumeValue_2541q
******************************************************************************************************************************
[INFO ] 2018-02-28 16:08:56.052 [main] TestListner - 
******************************************************************************************************************************
					TEST CASE NAME:                  testL1L2QualifyingVolumeValue_2541q
******************************************************************************************************************************
[INFO ] 2018-02-28 16:08:56.053 [main] TestListner - [TEST IS SKIPPED -------- Test case testL1L2QualifyingVolumeValue_2541q skipped]
[INFO ] 2018-02-28 16:08:56.056 [main] TestListner - [TEST IS SKIPPED -------- Test case testL1L2QualifyingVolumeValue_2541q skipped]
[INFO ] 2018-02-28 16:08:56.058 [main] TestListner - 
******************************************************************************************************************************
					TEST CASE NAME:                  testL1L6QualifyingVolumeValue_2419q
******************************************************************************************************************************
[INFO ] 2018-02-28 16:08:56.060 [main] TestListner - 
******************************************************************************************************************************
					TEST CASE NAME:                  testL1L6QualifyingVolumeValue_2419q
******************************************************************************************************************************
[INFO ] 2018-02-28 16:08:56.060 [main] TestListner - [TEST IS SKIPPED -------- Test case testL1L6QualifyingVolumeValue_2419q skipped]
[INFO ] 2018-02-28 16:08:56.063 [main] TestListner - [TEST IS SKIPPED -------- Test case testL1L6QualifyingVolumeValue_2419q skipped]
[INFO ] 2018-02-28 16:08:56.064 [main] TestListner - 
******************************************************************************************************************************
					TEST CASE NAME:                  testL1L6QualifyingVolumeValue_2542q
******************************************************************************************************************************
[INFO ] 2018-02-28 16:08:56.066 [main] TestListner - 
******************************************************************************************************************************
					TEST CASE NAME:                  testL1L6QualifyingVolumeValue_2542q
******************************************************************************************************************************
[INFO ] 2018-02-28 16:08:56.066 [main] TestListner - [TEST IS SKIPPED -------- Test case testL1L6QualifyingVolumeValue_2542q skipped]
[INFO ] 2018-02-28 16:08:56.069 [main] TestListner - [TEST IS SKIPPED -------- Test case testL1L6QualifyingVolumeValue_2542q skipped]
[INFO ] 2018-02-28 16:08:56.070 [main] TestListner - 
******************************************************************************************************************************
					TEST CASE NAME:                  testPCAutoshipsThisMonthValue_2537q
******************************************************************************************************************************
[INFO ] 2018-02-28 16:08:56.072 [main] TestListner - 
******************************************************************************************************************************
					TEST CASE NAME:                  testPCAutoshipsThisMonthValue_2537q
******************************************************************************************************************************
[INFO ] 2018-02-28 16:08:56.073 [main] TestListner - [TEST IS SKIPPED -------- Test case testPCAutoshipsThisMonthValue_2537q skipped]
[INFO ] 2018-02-28 16:08:56.076 [main] TestListner - [TEST IS SKIPPED -------- Test case testPCAutoshipsThisMonthValue_2537q skipped]
[INFO ] 2018-02-28 16:08:56.079 [main] TestListner - 
******************************************************************************************************************************
					TEST CASE NAME:                  testPCWithOrdersValue_2536q
******************************************************************************************************************************
[INFO ] 2018-02-28 16:08:56.081 [main] TestListner - 
******************************************************************************************************************************
					TEST CASE NAME:                  testPCWithOrdersValue_2536q
******************************************************************************************************************************
[INFO ] 2018-02-28 16:08:56.081 [main] TestListner - [TEST IS SKIPPED -------- Test case testPCWithOrdersValue_2536q skipped]
[INFO ] 2018-02-28 16:08:56.084 [main] TestListner - [TEST IS SKIPPED -------- Test case testPCWithOrdersValue_2536q skipped]
[INFO ] 2018-02-28 16:08:56.087 [main] TestListner - 
******************************************************************************************************************************
					TEST CASE NAME:                  testPSQVValueFromCard_2635q
******************************************************************************************************************************
[INFO ] 2018-02-28 16:08:56.089 [main] TestListner - 
******************************************************************************************************************************
					TEST CASE NAME:                  testPSQVValueFromCard_2635q
******************************************************************************************************************************
[INFO ] 2018-02-28 16:08:56.089 [main] TestListner - [TEST IS SKIPPED -------- Test case testPSQVValueFromCard_2635q skipped]
[INFO ] 2018-02-28 16:08:56.092 [main] TestListner - [TEST IS SKIPPED -------- Test case testPSQVValueFromCard_2635q skipped]
[INFO ] 2018-02-28 16:08:56.095 [main] TestListner - 
******************************************************************************************************************************
					TEST CASE NAME:                  testPSQVValue_2395q
******************************************************************************************************************************
[INFO ] 2018-02-28 16:08:56.098 [main] TestListner - 
******************************************************************************************************************************
					TEST CASE NAME:                  testPSQVValue_2395q
******************************************************************************************************************************
[INFO ] 2018-02-28 16:08:56.098 [main] TestListner - [TEST IS SKIPPED -------- Test case testPSQVValue_2395q skipped]
[INFO ] 2018-02-28 16:08:56.102 [main] TestListner - [TEST IS SKIPPED -------- Test case testPSQVValue_2395q skipped]
[INFO ] 2018-02-28 16:08:56.104 [main] TestListner - 
******************************************************************************************************************************
					TEST CASE NAME:                  testPendingPCAutoships_3017q
******************************************************************************************************************************
[INFO ] 2018-02-28 16:08:56.108 [main] TestListner - 
******************************************************************************************************************************
					TEST CASE NAME:                  testPendingPCAutoships_3017q
******************************************************************************************************************************
[INFO ] 2018-02-28 16:08:56.108 [main] TestListner - [TEST IS SKIPPED -------- Test case testPendingPCAutoships_3017q skipped]
[INFO ] 2018-02-28 16:08:56.113 [main] TestListner - [TEST IS SKIPPED -------- Test case testPendingPCAutoships_3017q skipped]
[INFO ] 2018-02-28 16:08:56.117 [main] TestListner - 
******************************************************************************************************************************
					TEST CASE NAME:                  testPendingPCAutoships_3017q_3353q
******************************************************************************************************************************
[INFO ] 2018-02-28 16:08:56.119 [main] TestListner - 
******************************************************************************************************************************
					TEST CASE NAME:                  testPendingPCAutoships_3017q_3353q
******************************************************************************************************************************
[INFO ] 2018-02-28 16:08:56.119 [main] TestListner - [TEST IS SKIPPED -------- Test case testPendingPCAutoships_3017q_3353q skipped]
[INFO ] 2018-02-28 16:08:56.123 [main] TestListner - [TEST IS SKIPPED -------- Test case testPendingPCAutoships_3017q_3353q skipped]
[INFO ] 2018-02-28 16:08:56.127 [main] TestListner - 
******************************************************************************************************************************
					TEST CASE NAME:                  testPerformanceSponsorDetails_2534q
******************************************************************************************************************************
[INFO ] 2018-02-28 16:08:56.130 [main] TestListner - 
******************************************************************************************************************************
					TEST CASE NAME:                  testPerformanceSponsorDetails_2534q
******************************************************************************************************************************
[INFO ] 2018-02-28 16:08:56.130 [main] TestListner - [TEST IS SKIPPED -------- Test case testPerformanceSponsorDetails_2534q skipped]
[INFO ] 2018-02-28 16:08:56.132 [main] TestListner - [TEST IS SKIPPED -------- Test case testPerformanceSponsorDetails_2534q skipped]
[INFO ] 2018-02-28 16:08:56.134 [main] TestListner - 
******************************************************************************************************************************
					TEST CASE NAME:                  testProcessedPCAutoships_3015q_3351q
******************************************************************************************************************************
[INFO ] 2018-02-28 16:08:56.136 [main] TestListner - 
******************************************************************************************************************************
					TEST CASE NAME:                  testProcessedPCAutoships_3015q_3351q
******************************************************************************************************************************
[INFO ] 2018-02-28 16:08:56.137 [main] TestListner - [TEST IS SKIPPED -------- Test case testProcessedPCAutoships_3015q_3351q skipped]
[INFO ] 2018-02-28 16:08:56.140 [main] TestListner - [TEST IS SKIPPED -------- Test case testProcessedPCAutoships_3015q_3351q skipped]
[INFO ] 2018-02-28 16:08:56.144 [main] TestListner - 
******************************************************************************************************************************
					TEST CASE NAME:                  testPulseProAutoshipProcessedInPastForThisMonth_2530q_2529q
******************************************************************************************************************************
[INFO ] 2018-02-28 16:08:56.145 [main] TestListner - 
******************************************************************************************************************************
					TEST CASE NAME:                  testPulseProAutoshipProcessedInPastForThisMonth_2530q_2529q
******************************************************************************************************************************
[INFO ] 2018-02-28 16:08:56.146 [main] TestListner - [TEST IS SKIPPED -------- Test case testPulseProAutoshipProcessedInPastForThisMonth_2530q_2529q skipped]
[INFO ] 2018-02-28 16:08:56.151 [main] TestListner - [TEST IS SKIPPED -------- Test case testPulseProAutoshipProcessedInPastForThisMonth_2530q_2529q skipped]
[INFO ] 2018-02-28 16:08:56.153 [main] TestListner - 
******************************************************************************************************************************
					TEST CASE NAME:                  testQualificationTitleC_3217q
******************************************************************************************************************************
[INFO ] 2018-02-28 16:08:56.156 [main] TestListner - 
******************************************************************************************************************************
					TEST CASE NAME:                  testQualificationTitleC_3217q
******************************************************************************************************************************
[INFO ] 2018-02-28 16:08:56.156 [main] TestListner - [TEST IS SKIPPED -------- Test case testQualificationTitleC_3217q skipped]
[INFO ] 2018-02-28 16:08:56.159 [main] TestListner - [TEST IS SKIPPED -------- Test case testQualificationTitleC_3217q skipped]
[INFO ] 2018-02-28 16:08:56.161 [main] TestListner - 
******************************************************************************************************************************
					TEST CASE NAME:                  testQualificationTitleEC_3218q
******************************************************************************************************************************
[INFO ] 2018-02-28 16:08:56.164 [main] TestListner - 
******************************************************************************************************************************
					TEST CASE NAME:                  testQualificationTitleEC_3218q
******************************************************************************************************************************
[INFO ] 2018-02-28 16:08:56.164 [main] TestListner - [TEST IS SKIPPED -------- Test case testQualificationTitleEC_3218q skipped]
[INFO ] 2018-02-28 16:08:56.168 [main] TestListner - [TEST IS SKIPPED -------- Test case testQualificationTitleEC_3218q skipped]
[INFO ] 2018-02-28 16:08:56.170 [main] TestListner - 
******************************************************************************************************************************
					TEST CASE NAME:                  testSVValueFromCard_2634q
******************************************************************************************************************************
[INFO ] 2018-02-28 16:08:56.171 [main] TestListner - 
******************************************************************************************************************************
					TEST CASE NAME:                  testSVValueFromCard_2634q
******************************************************************************************************************************
[INFO ] 2018-02-28 16:08:56.172 [main] TestListner - [TEST IS SKIPPED -------- Test case testSVValueFromCard_2634q skipped]
[INFO ] 2018-02-28 16:08:56.175 [main] TestListner - [TEST IS SKIPPED -------- Test case testSVValueFromCard_2634q skipped]
[INFO ] 2018-02-28 16:08:56.177 [main] TestListner - 
******************************************************************************************************************************
					TEST CASE NAME:                  testSVValue_2394q
******************************************************************************************************************************
[INFO ] 2018-02-28 16:08:56.180 [main] TestListner - 
******************************************************************************************************************************
					TEST CASE NAME:                  testSVValue_2394q
******************************************************************************************************************************
[INFO ] 2018-02-28 16:08:56.180 [main] TestListner - [TEST IS SKIPPED -------- Test case testSVValue_2394q skipped]
[INFO ] 2018-02-28 16:08:56.183 [main] TestListner - [TEST IS SKIPPED -------- Test case testSVValue_2394q skipped]
[INFO ] 2018-02-28 16:08:56.185 [main] TestListner - 
******************************************************************************************************************************
					TEST CASE NAME:                  testSolutionToolReportLink_2563q
******************************************************************************************************************************
[INFO ] 2018-02-28 16:08:56.187 [main] TestListner - 
******************************************************************************************************************************
					TEST CASE NAME:                  testSolutionToolReportLink_2563q
******************************************************************************************************************************
[INFO ] 2018-02-28 16:08:56.187 [main] TestListner - [TEST IS SKIPPED -------- Test case testSolutionToolReportLink_2563q skipped]
[INFO ] 2018-02-28 16:08:56.190 [main] TestListner - [TEST IS SKIPPED -------- Test case testSolutionToolReportLink_2563q skipped]
[INFO ] 2018-02-28 16:08:56.192 [main] TestListner - 
******************************************************************************************************************************
					TEST CASE NAME:                  testTitleHistoryPage_2479q
******************************************************************************************************************************
[INFO ] 2018-02-28 16:08:56.195 [main] TestListner - 
******************************************************************************************************************************
					TEST CASE NAME:                  testTitleHistoryPage_2479q
******************************************************************************************************************************
[INFO ] 2018-02-28 16:08:56.195 [main] TestListner - [TEST IS SKIPPED -------- Test case testTitleHistoryPage_2479q skipped]
[INFO ] 2018-02-28 16:08:56.198 [main] TestListner - [TEST IS SKIPPED -------- Test case testTitleHistoryPage_2479q skipped]
[INFO ] 2018-02-28 16:08:56.200 [main] TestListner - 
******************************************************************************************************************************
					TEST CASE NAME:                  testUpcomingOrdersPendingAutoships_2531q
******************************************************************************************************************************
[INFO ] 2018-02-28 16:08:56.201 [main] TestListner - 
******************************************************************************************************************************
					TEST CASE NAME:                  testUpcomingOrdersPendingAutoships_2531q
******************************************************************************************************************************
[INFO ] 2018-02-28 16:08:56.202 [main] TestListner - [TEST IS SKIPPED -------- Test case testUpcomingOrdersPendingAutoships_2531q skipped]
[INFO ] 2018-02-28 16:08:56.205 [main] TestListner - [TEST IS SKIPPED -------- Test case testUpcomingOrdersPendingAutoships_2531q skipped]
[INFO ] 2018-02-28 16:08:56.206 [main] TestListner - 
******************************************************************************************************************************
					TEST CASE NAME:                  testVerifyRFLinkForLevelECIVOrMore_2956q
******************************************************************************************************************************
[INFO ] 2018-02-28 16:08:56.209 [main] TestListner - 
******************************************************************************************************************************
					TEST CASE NAME:                  testVerifyRFLinkForLevelECIVOrMore_2956q
******************************************************************************************************************************
[INFO ] 2018-02-28 16:08:56.210 [main] TestListner - [TEST IS SKIPPED -------- Test case testVerifyRFLinkForLevelECIVOrMore_2956q skipped]
[INFO ] 2018-02-28 16:08:56.212 [main] TestListner - [TEST IS SKIPPED -------- Test case testVerifyRFLinkForLevelECIVOrMore_2956q skipped]
[INFO ] 2018-02-28 16:08:56.214 [main] TestListner - 
******************************************************************************************************************************
					TEST CASE NAME:                  testVerifyRFLinkForPaidAsTitleLevelECIIIOrLess_3103q
******************************************************************************************************************************
[INFO ] 2018-02-28 16:08:56.215 [main] TestListner - 
******************************************************************************************************************************
					TEST CASE NAME:                  testVerifyRFLinkForPaidAsTitleLevelECIIIOrLess_3103q
******************************************************************************************************************************
[INFO ] 2018-02-28 16:08:56.215 [main] TestListner - [TEST IS SKIPPED -------- Test case testVerifyRFLinkForPaidAsTitleLevelECIIIOrLess_3103q skipped]
[INFO ] 2018-02-28 16:08:56.219 [main] TestListner - [TEST IS SKIPPED -------- Test case testVerifyRFLinkForPaidAsTitleLevelECIIIOrLess_3103q skipped]
[INFO ] 2018-02-28 16:08:56.220 [main] TestListner - 
******************************************************************************************************************************
					TEST CASE NAME:                  testViewPastOrderDetails_2895q
******************************************************************************************************************************
[INFO ] 2018-02-28 16:08:56.222 [main] TestListner - 
******************************************************************************************************************************
					TEST CASE NAME:                  testViewPastOrderDetails_2895q
******************************************************************************************************************************
[INFO ] 2018-02-28 16:08:56.222 [main] TestListner - [TEST IS SKIPPED -------- Test case testViewPastOrderDetails_2895q skipped]
[INFO ] 2018-02-28 16:08:56.224 [main] TestListner - [TEST IS SKIPPED -------- Test case testViewPastOrderDetails_2895q skipped]
[INFO ] 2018-02-28 16:08:56.226 [main] TestListner - 
******************************************************************************************************************************
					TEST CASE NAME:                  testVitalSignsPageNavigation_2560q
******************************************************************************************************************************
[INFO ] 2018-02-28 16:08:56.227 [main] TestListner - 
******************************************************************************************************************************
					TEST CASE NAME:                  testVitalSignsPageNavigation_2560q
******************************************************************************************************************************
[INFO ] 2018-02-28 16:08:56.228 [main] TestListner - [TEST IS SKIPPED -------- Test case testVitalSignsPageNavigation_2560q skipped]
[INFO ] 2018-02-28 16:08:56.230 [main] TestListner - [TEST IS SKIPPED -------- Test case testVitalSignsPageNavigation_2560q skipped]
[INFO ] 2018-02-28 16:08:56.233 [main] TestListner - 
******************************************************************************************************************************
					TEST CASE NAME:                  TotalNumberOfAllPCs_3349q
******************************************************************************************************************************
[INFO ] 2018-02-28 16:08:56.234 [main] TestListner - 
******************************************************************************************************************************
					TEST CASE NAME:                  TotalNumberOfAllPCs_3349q
******************************************************************************************************************************
[INFO ] 2018-02-28 16:08:56.234 [main] TestListner - [TEST IS SKIPPED -------- Test case TotalNumberOfAllPCs_3349q skipped]
[INFO ] 2018-02-28 16:08:56.237 [main] TestListner - [TEST IS SKIPPED -------- Test case TotalNumberOfAllPCs_3349q skipped]
[INFO ] 2018-02-28 16:08:56.238 [main] TestListner - 
******************************************************************************************************************************
					TEST CASE NAME:                  testPCCardComponents_3240q
******************************************************************************************************************************
[INFO ] 2018-02-28 16:08:56.239 [main] TestListner - 
******************************************************************************************************************************
					TEST CASE NAME:                  testPCCardComponents_3240q
******************************************************************************************************************************
[INFO ] 2018-02-28 16:08:56.240 [main] TestListner - [TEST IS SKIPPED -------- Test case testPCCardComponents_3240q skipped]
[INFO ] 2018-02-28 16:08:56.243 [main] TestListner - [TEST IS SKIPPED -------- Test case testPCCardComponents_3240q skipped]
[INFO ] 2018-02-28 16:08:56.248 [main] TestListner - 
******************************************************************************************************************************
					TEST CASE NAME:                  testSortingByQVLowTohigh_3011q
******************************************************************************************************************************
[INFO ] 2018-02-28 16:08:56.251 [main] TestListner - 
******************************************************************************************************************************
					TEST CASE NAME:                  testSortingByQVLowTohigh_3011q
******************************************************************************************************************************
[INFO ] 2018-02-28 16:08:56.251 [main] TestListner - [TEST IS SKIPPED -------- Test case testSortingByQVLowTohigh_3011q skipped]
[INFO ] 2018-02-28 16:08:56.256 [main] TestListner - [TEST IS SKIPPED -------- Test case testSortingByQVLowTohigh_3011q skipped]
[INFO ] 2018-02-28 16:08:56.260 [main] TestListner - 
******************************************************************************************************************************
					TEST CASE NAME:                  testSortingMenuForNextMonth_2999q
******************************************************************************************************************************
[INFO ] 2018-02-28 16:08:56.262 [main] TestListner - 
******************************************************************************************************************************
					TEST CASE NAME:                  testSortingMenuForNextMonth_2999q
******************************************************************************************************************************
[INFO ] 2018-02-28 16:08:56.262 [main] TestListner - [TEST IS SKIPPED -------- Test case testSortingMenuForNextMonth_2999q skipped]
[INFO ] 2018-02-28 16:08:56.266 [main] TestListner - [TEST IS SKIPPED -------- Test case testSortingMenuForNextMonth_2999q skipped]
[INFO ] 2018-02-28 16:08:56.268 [main] TestListner - 
******************************************************************************************************************************
					TEST CASE NAME:                  testSortingMenuForThisMonth_3000q
******************************************************************************************************************************
[INFO ] 2018-02-28 16:08:56.270 [main] TestListner - 
******************************************************************************************************************************
					TEST CASE NAME:                  testSortingMenuForThisMonth_3000q
******************************************************************************************************************************
[INFO ] 2018-02-28 16:08:56.271 [main] TestListner - [TEST IS SKIPPED -------- Test case testSortingMenuForThisMonth_3000q skipped]
[INFO ] 2018-02-28 16:08:56.273 [main] TestListner - [TEST IS SKIPPED -------- Test case testSortingMenuForThisMonth_3000q skipped]
[INFO ] 2018-02-28 16:08:56.275 [main] TestListner - 
******************************************************************************************************************************
					TEST CASE NAME:                  testTotalNumberOfDeactivatedPCs_2985q
******************************************************************************************************************************
[INFO ] 2018-02-28 16:08:56.276 [main] TestListner - 
******************************************************************************************************************************
					TEST CASE NAME:                  testTotalNumberOfDeactivatedPCs_2985q
******************************************************************************************************************************
[INFO ] 2018-02-28 16:08:56.277 [main] TestListner - [TEST IS SKIPPED -------- Test case testTotalNumberOfDeactivatedPCs_2985q skipped]
[INFO ] 2018-02-28 16:08:56.279 [main] TestListner - [TEST IS SKIPPED -------- Test case testTotalNumberOfDeactivatedPCs_2985q skipped]
[INFO ] 2018-02-28 16:08:56.281 [main] TestListner - 
******************************************************************************************************************************
					TEST CASE NAME:                  testTotalNumberOfPCsThisMonth_3013q
******************************************************************************************************************************
[INFO ] 2018-02-28 16:08:56.282 [main] TestListner - 
******************************************************************************************************************************
					TEST CASE NAME:                  testTotalNumberOfPCsThisMonth_3013q
******************************************************************************************************************************
[INFO ] 2018-02-28 16:08:56.283 [main] TestListner - [TEST IS SKIPPED -------- Test case testTotalNumberOfPCsThisMonth_3013q skipped]
[INFO ] 2018-02-28 16:08:56.285 [main] TestListner - [TEST IS SKIPPED -------- Test case testTotalNumberOfPCsThisMonth_3013q skipped]
[INFO ] 2018-02-28 16:08:56.287 [main] TestListner - 
******************************************************************************************************************************
					TEST CASE NAME:                  testConsultantAdhocOrderDetailsOnOrderCards_2848q
******************************************************************************************************************************
[INFO ] 2018-02-28 16:08:56.289 [main] TestListner - 
******************************************************************************************************************************
					TEST CASE NAME:                  testConsultantAdhocOrderDetailsOnOrderCards_2848q
******************************************************************************************************************************
[INFO ] 2018-02-28 16:08:56.289 [main] TestListner - [TEST IS SKIPPED -------- Test case testConsultantAdhocOrderDetailsOnOrderCards_2848q skipped]
[INFO ] 2018-02-28 16:08:56.291 [main] TestListner - [TEST IS SKIPPED -------- Test case testConsultantAdhocOrderDetailsOnOrderCards_2848q skipped]
[INFO ] 2018-02-28 16:08:56.292 [main] TestListner - 
******************************************************************************************************************************
					TEST CASE NAME:                  testLoadingOrdersScreen_2821q_2820q
******************************************************************************************************************************
[INFO ] 2018-02-28 16:08:56.293 [main] TestListner - 
******************************************************************************************************************************
					TEST CASE NAME:                  testLoadingOrdersScreen_2821q_2820q
******************************************************************************************************************************
[INFO ] 2018-02-28 16:08:56.294 [main] TestListner - [TEST IS SKIPPED -------- Test case testLoadingOrdersScreen_2821q_2820q skipped]
[INFO ] 2018-02-28 16:08:56.299 [main] TestListner - [TEST IS SKIPPED -------- Test case testLoadingOrdersScreen_2821q_2820q skipped]
[INFO ] 2018-02-28 16:08:56.300 [main] TestListner - 
******************************************************************************************************************************
					TEST CASE NAME:                  testOrderStatusOrderResultsBasedOnOrderFilter_2835q
******************************************************************************************************************************
[INFO ] 2018-02-28 16:08:56.301 [main] TestListner - 
******************************************************************************************************************************
					TEST CASE NAME:                  testOrderStatusOrderResultsBasedOnOrderFilter_2835q
******************************************************************************************************************************
[INFO ] 2018-02-28 16:08:56.302 [main] TestListner - [TEST IS SKIPPED -------- Test case testOrderStatusOrderResultsBasedOnOrderFilter_2835q skipped]
[INFO ] 2018-02-28 16:08:56.304 [main] TestListner - [TEST IS SKIPPED -------- Test case testOrderStatusOrderResultsBasedOnOrderFilter_2835q skipped]
[INFO ] 2018-02-28 16:08:56.305 [main] TestListner - 
******************************************************************************************************************************
					TEST CASE NAME:                  testOrderTypeOrderResultsBasedOnOrderFilter_2834q
******************************************************************************************************************************
[INFO ] 2018-02-28 16:08:56.307 [main] TestListner - 
******************************************************************************************************************************
					TEST CASE NAME:                  testOrderTypeOrderResultsBasedOnOrderFilter_2834q
******************************************************************************************************************************
[INFO ] 2018-02-28 16:08:56.307 [main] TestListner - [TEST IS SKIPPED -------- Test case testOrderTypeOrderResultsBasedOnOrderFilter_2834q skipped]
[INFO ] 2018-02-28 16:08:56.309 [main] TestListner - [TEST IS SKIPPED -------- Test case testOrderTypeOrderResultsBasedOnOrderFilter_2834q skipped]
[INFO ] 2018-02-28 16:08:56.310 [main] TestListner - 
******************************************************************************************************************************
					TEST CASE NAME:                  testPCAdhocOrderDetailsOnOrderCards_2844q
******************************************************************************************************************************
[INFO ] 2018-02-28 16:08:56.312 [main] TestListner - 
******************************************************************************************************************************
					TEST CASE NAME:                  testPCAdhocOrderDetailsOnOrderCards_2844q
******************************************************************************************************************************
[INFO ] 2018-02-28 16:08:56.312 [main] TestListner - [TEST IS SKIPPED -------- Test case testPCAdhocOrderDetailsOnOrderCards_2844q skipped]
[INFO ] 2018-02-28 16:08:56.314 [main] TestListner - [TEST IS SKIPPED -------- Test case testPCAdhocOrderDetailsOnOrderCards_2844q skipped]
[INFO ] 2018-02-28 16:08:56.315 [main] TestListner - 
******************************************************************************************************************************
					TEST CASE NAME:                  testPulseSubscriptionOrderDetailsOnOrderCards_2843q
******************************************************************************************************************************
[INFO ] 2018-02-28 16:08:56.317 [main] TestListner - 
******************************************************************************************************************************
					TEST CASE NAME:                  testPulseSubscriptionOrderDetailsOnOrderCards_2843q
******************************************************************************************************************************
[INFO ] 2018-02-28 16:08:56.317 [main] TestListner - [TEST IS SKIPPED -------- Test case testPulseSubscriptionOrderDetailsOnOrderCards_2843q skipped]
[INFO ] 2018-02-28 16:08:56.319 [main] TestListner - [TEST IS SKIPPED -------- Test case testPulseSubscriptionOrderDetailsOnOrderCards_2843q skipped]
[INFO ] 2018-02-28 16:08:56.320 [main] TestListner - 
******************************************************************************************************************************
					TEST CASE NAME:                  testRetailAdhocOrderDetailsOnOrderCards_2841q
******************************************************************************************************************************
[INFO ] 2018-02-28 16:08:56.322 [main] TestListner - 
******************************************************************************************************************************
					TEST CASE NAME:                  testRetailAdhocOrderDetailsOnOrderCards_2841q
******************************************************************************************************************************
[INFO ] 2018-02-28 16:08:56.322 [main] TestListner - [TEST IS SKIPPED -------- Test case testRetailAdhocOrderDetailsOnOrderCards_2841q skipped]
[INFO ] 2018-02-28 16:08:56.324 [main] TestListner - [TEST IS SKIPPED -------- Test case testRetailAdhocOrderDetailsOnOrderCards_2841q skipped]
[INFO ] 2018-02-28 16:08:56.325 [main] TestListner - 
******************************************************************************************************************************
					TEST CASE NAME:                  testVerifyCRPOrderDetailsOnOrderCards_2838q
******************************************************************************************************************************
[INFO ] 2018-02-28 16:08:56.326 [main] TestListner - 
******************************************************************************************************************************
					TEST CASE NAME:                  testVerifyCRPOrderDetailsOnOrderCards_2838q
******************************************************************************************************************************
[INFO ] 2018-02-28 16:08:56.326 [main] TestListner - [TEST IS SKIPPED -------- Test case testVerifyCRPOrderDetailsOnOrderCards_2838q skipped]
[INFO ] 2018-02-28 16:08:56.328 [main] TestListner - [TEST IS SKIPPED -------- Test case testVerifyCRPOrderDetailsOnOrderCards_2838q skipped]
[INFO ] 2018-02-28 16:08:56.329 [main] TestListner - 
******************************************************************************************************************************
					TEST CASE NAME:                  testVerifyCRPOrderDetailsWithConsultantPersonalOnOrderCards_2855q
******************************************************************************************************************************
[INFO ] 2018-02-28 16:08:56.331 [main] TestListner - 
******************************************************************************************************************************
					TEST CASE NAME:                  testVerifyCRPOrderDetailsWithConsultantPersonalOnOrderCards_2855q
******************************************************************************************************************************
[INFO ] 2018-02-28 16:08:56.331 [main] TestListner - [TEST IS SKIPPED -------- Test case testVerifyCRPOrderDetailsWithConsultantPersonalOnOrderCards_2855q skipped]
[INFO ] 2018-02-28 16:08:56.333 [main] TestListner - [TEST IS SKIPPED -------- Test case testVerifyCRPOrderDetailsWithConsultantPersonalOnOrderCards_2855q skipped]
[INFO ] 2018-02-28 16:08:56.334 [main] TestListner - 
******************************************************************************************************************************
					TEST CASE NAME:                  testVerifyOrderReceiptForFailedPCOrders_3430q
******************************************************************************************************************************
[INFO ] 2018-02-28 16:08:56.335 [main] TestListner - 
******************************************************************************************************************************
					TEST CASE NAME:                  testVerifyOrderReceiptForFailedPCOrders_3430q
******************************************************************************************************************************
[INFO ] 2018-02-28 16:08:56.336 [main] TestListner - [TEST IS SKIPPED -------- Test case testVerifyOrderReceiptForFailedPCOrders_3430q skipped]
[INFO ] 2018-02-28 16:08:56.338 [main] TestListner - [TEST IS SKIPPED -------- Test case testVerifyOrderReceiptForFailedPCOrders_3430q skipped]
[INFO ] 2018-02-28 16:08:56.339 [main] TestListner - 
******************************************************************************************************************************
					TEST CASE NAME:                  testVerifyOrderReceiptForProcessedPersonalAdhocOrders_3425q
******************************************************************************************************************************
[INFO ] 2018-02-28 16:08:56.340 [main] TestListner - 
******************************************************************************************************************************
					TEST CASE NAME:                  testVerifyOrderReceiptForProcessedPersonalAdhocOrders_3425q
******************************************************************************************************************************
[INFO ] 2018-02-28 16:08:56.340 [main] TestListner - [TEST IS SKIPPED -------- Test case testVerifyOrderReceiptForProcessedPersonalAdhocOrders_3425q skipped]
[INFO ] 2018-02-28 16:08:56.342 [main] TestListner - [TEST IS SKIPPED -------- Test case testVerifyOrderReceiptForProcessedPersonalAdhocOrders_3425q skipped]
[INFO ] 2018-02-28 16:08:56.344 [main] TestListner - 
******************************************************************************************************************************
					TEST CASE NAME:                  testSortingMenuForNewConsultant_3329q
******************************************************************************************************************************
[INFO ] 2018-02-28 16:08:56.346 [main] TestListner - 
******************************************************************************************************************************
					TEST CASE NAME:                  testSortingMenuForNewConsultant_3329q
******************************************************************************************************************************
[INFO ] 2018-02-28 16:08:56.346 [main] TestListner - [TEST IS SKIPPED -------- Test case testSortingMenuForNewConsultant_3329q skipped]
[INFO ] 2018-02-28 16:08:56.349 [main] TestListner - [TEST IS SKIPPED -------- Test case testSortingMenuForNewConsultant_3329q skipped]
