[DEBUG] 2018-03-20 14:03:03.223 [main] RFBaseTest - Started execution with  null
[INFO ] 2018-03-20 14:03:03.227 [main] RFBaseTest - Environment properties are not provided by the user ... loading the default properties
[INFO ] 2018-03-20 14:03:03.228 [main] RFBaseTest - Default Browser is  ------ chrome
[INFO ] 2018-03-20 14:03:03.228 [main] RFBaseTest - Default URL is  ------ https://nsc4rfo.tst4.rodanandfields.com
[INFO ] 2018-03-20 14:03:03.228 [main] RFBaseTest - Default user password is  ------ 111Maiden$
[INFO ] 2018-03-20 14:03:03.228 [main] RFBaseTest - Default Country is  ------ us
[INFO ] 2018-03-20 14:03:03.228 [main] RFBaseTest - Default DB IP is  ------ 10.3.0.162
[INFO ] 2018-03-20 14:03:03.228 [main] RFBaseTest - Default DB Username is  ------ perftest
[INFO ] 2018-03-20 14:03:03.229 [main] RFBaseTest - Default DB Password is  ------ perftest
[INFO ] 2018-03-20 14:03:03.229 [main] RFBaseTest - Default DB Domain is  ------ RF
[INFO ] 2018-03-20 14:03:12.385 [main] RFWebsiteDriver - URL opened is https://nsc4rfo.tst4.rodanandfields.com
[INFO ] 2018-03-20 14:03:12.955 [main] RFLSDWebsiteBaseTest - Application loaded
[INFO ] 2018-03-20 14:03:12.970 [main] RFWebsiteDriver - DB connections are set
[INFO ] 2018-03-20 14:03:13.023 [main] DBUtil - QUERY TRIGGERED IS DECLARE @CurrentOpenPeriod INT = ( SELECT TOP 1
                                            PeriodID
                                   FROM     Commissions.reference.Periods
                                   WHERE    ClosedDate IS NULL
                                   ORDER BY PeriodID ASC
                                 ) ,
    @AccountID INT ,
    @UserName NVARCHAR(225) ,
    @Country NVARCHAR(225)

SELECT TOP 1
        @AccountID = ab.AccountID ,
        @UserName = ac.Username ,
        @Country = co.Alpha2Code
FROM    RFOperations.RFO_Accounts.AccountBase (NOLOCK) ab
        JOIN RFOperations.RFO_Accounts.AccountRF (NOLOCK) rf ON rf.AccountID = ab.AccountID
        JOIN RFOperations.Security.AccountSecurity (NOLOCK) ac ON ac.AccountID = ab.AccountID
        JOIN RFOperations.RFO_Reference.Countries (NOLOCK) co ON co.CountryID = ab.CountryID
WHERE   ab.AccountTypeID = 1
        AND ab.AccountStatusID = 1
        AND co.Alpha2Code = 'US'
        AND rf.Active = 1
        AND EXISTS ( SELECT 1
                     FROM   RFOperations.Hybris.Autoship (NOLOCK) a
                     WHERE  a.AccountID = ab.AccountID
                            AND a.AutoshipTypeID = 3
                            AND a.Active = 1 )
        AND EXISTS ( SELECT 1
                     FROM   Commissions.calcs.vwQualificationSummary v
                     WHERE  ab.AccountID = v.AccountID
                            AND v.PeriodID = @CurrentOpenPeriod
                            AND v.SV >= 100
                            AND v.PSQV >= 600 )
ORDER BY NEWID()

SELECT  ISNULL(@AccountID, 1496) AccountID ,
        ISNULL(@UserName, 'skincareconsultants@gmail.com') UserName ,
        ISNULL(@Country, 'US') Country ,
        @CurrentOpenPeriod CurrentOpenPeriod

[INFO ] 2018-03-20 14:03:27.889 [main] TestListner - 
******************************************************************************************************************************
					TEST CASE NAME:                  TotalNumberOfAllPCs_3349q
******************************************************************************************************************************
[INFO ] 2018-03-20 14:03:27.938 [main] TestListner - [TEST IS SKIPPED -------- Test case TotalNumberOfAllPCs_3349q skipped]
[INFO ] 2018-03-20 14:03:28.021 [main] TestListner - 
******************************************************************************************************************************
					TEST CASE NAME:                  customerViewSubCategories_2448q
******************************************************************************************************************************
[INFO ] 2018-03-20 14:03:28.025 [main] TestListner - [TEST IS SKIPPED -------- Test case customerViewSubCategories_2448q skipped]
[INFO ] 2018-03-20 14:03:28.032 [main] TestListner - 
******************************************************************************************************************************
					TEST CASE NAME:                  testPCCardComponents_3240q
******************************************************************************************************************************
[INFO ] 2018-03-20 14:03:28.035 [main] TestListner - [TEST IS SKIPPED -------- Test case testPCCardComponents_3240q skipped]
[INFO ] 2018-03-20 14:03:28.040 [main] TestListner - 
******************************************************************************************************************************
					TEST CASE NAME:                  testSortingByQVLowTohigh_3011q
******************************************************************************************************************************
[INFO ] 2018-03-20 14:03:28.042 [main] TestListner - [TEST IS SKIPPED -------- Test case testSortingByQVLowTohigh_3011q skipped]
[INFO ] 2018-03-20 14:03:28.048 [main] TestListner - 
******************************************************************************************************************************
					TEST CASE NAME:                  testSortingMenuForNextMonth_2999q
******************************************************************************************************************************
[INFO ] 2018-03-20 14:03:28.051 [main] TestListner - [TEST IS SKIPPED -------- Test case testSortingMenuForNextMonth_2999q skipped]
[INFO ] 2018-03-20 14:03:28.057 [main] TestListner - 
******************************************************************************************************************************
					TEST CASE NAME:                  testSortingMenuForThisMonth_3000q
******************************************************************************************************************************
[INFO ] 2018-03-20 14:03:28.060 [main] TestListner - [TEST IS SKIPPED -------- Test case testSortingMenuForThisMonth_3000q skipped]
[INFO ] 2018-03-20 14:03:28.064 [main] TestListner - 
******************************************************************************************************************************
					TEST CASE NAME:                  testTotalNumberOfDeactivatedPCs_2985q
******************************************************************************************************************************
[INFO ] 2018-03-20 14:03:28.067 [main] TestListner - [TEST IS SKIPPED -------- Test case testTotalNumberOfDeactivatedPCs_2985q skipped]
[INFO ] 2018-03-20 14:03:28.071 [main] TestListner - 
******************************************************************************************************************************
					TEST CASE NAME:                  testTotalNumberOfNewPCs_3306q
******************************************************************************************************************************
[INFO ] 2018-03-20 14:03:28.074 [main] TestListner - [TEST IS SKIPPED -------- Test case testTotalNumberOfNewPCs_3306q skipped]
[INFO ] 2018-03-20 14:03:28.079 [main] TestListner - 
******************************************************************************************************************************
					TEST CASE NAME:                  testTotalNumberOfPCsNextMonth_3021q
******************************************************************************************************************************
[INFO ] 2018-03-20 14:03:28.082 [main] TestListner - [TEST IS SKIPPED -------- Test case testTotalNumberOfPCsNextMonth_3021q skipped]
[INFO ] 2018-03-20 14:03:28.090 [main] TestListner - 
******************************************************************************************************************************
					TEST CASE NAME:                  testTotalNumberOfPCsThisMonth_3013q
******************************************************************************************************************************
[INFO ] 2018-03-20 14:03:28.096 [main] TestListner - [TEST IS SKIPPED -------- Test case testTotalNumberOfPCsThisMonth_3013q skipped]
