[DEBUG] 2018-03-06 17:20:20.442 [main] RFBaseTest - Started execution with  null
[INFO ] 2018-03-06 17:20:20.473 [main] RFBaseTest - Environment properties are not provided by the user ... loading the default properties
[INFO ] 2018-03-06 17:20:20.474 [main] RFBaseTest - Default Browser is  ------ chrome
[INFO ] 2018-03-06 17:20:20.474 [main] RFBaseTest - Default URL is  ------ https://skywalker.rodanandfields.com
[INFO ] 2018-03-06 17:20:20.474 [main] RFBaseTest - Default user password is  ------ 111Maiden$
[INFO ] 2018-03-06 17:20:20.474 [main] RFBaseTest - Default Country is  ------ us
[INFO ] 2018-03-06 17:20:20.475 [main] RFBaseTest - Default DB IP is  ------ 10.3.0.218
[INFO ] 2018-03-06 17:20:20.475 [main] RFBaseTest - Default DB Username is  ------ perftest
[INFO ] 2018-03-06 17:20:20.475 [main] RFBaseTest - Default DB Password is  ------ perftest
[INFO ] 2018-03-06 17:20:20.475 [main] RFBaseTest - Default DB Domain is  ------ RF
[INFO ] 2018-03-06 17:20:27.821 [main] RFWebsiteDriver - Window is maximized
[INFO ] 2018-03-06 17:20:27.822 [main] RFWebsiteDriver - All cookies deleted
[INFO ] 2018-03-06 17:20:27.822 [main] RFWebsiteDriver - URL opened is https://skywalker.rodanandfields.com
[INFO ] 2018-03-06 17:20:29.256 [main] RFLSDWebsiteBaseTest - Application loaded
[INFO ] 2018-03-06 17:20:29.280 [main] RFWebsiteDriver - DB connections are set
[INFO ] 2018-03-06 17:20:29.387 [main] DBUtil - QUERY TRIGGERED IS SELECT top 1 * FROM Commissions.[calcs].[vwQualificationSummary] where SV!=0 and PSQV!=0 and L1L2!=0 and L1L6!=0 and ECLegs > 0 and periodid= LEFT(CONVERT(varchar, GetDate(),112),6)  order by NewID() desc

[INFO ] 2018-03-06 17:20:30.113 [main] RFLSDWebsiteBaseTest - Data returned by query: 6812688
[INFO ] 2018-03-06 17:20:37.607 [main] DBUtil - QUERY TRIGGERED IS SELECT  ab.AccountID ,ac.FirstName ,ac.LastName ,acs.Username FROM  RFOperations.RFO_Accounts.AccountBase ab JOIN RFOperations.RFO_Accounts.AccountRF rf ON rf.AccountID = ab.AccountID JOIN RFOperations.RFO_Accounts.AccountContacts ac ON ac.AccountId = ab.AccountID LEFT JOIN RFOperations.Security.AccountSecurity acs ON acs.AccountID = ab.AccountID LEFT JOIN RFOperations.RFO_Reference.AccountType t ON t.AccountTypeID = ab.AccountTypeID LEFT JOIN RFOperations.RFO_Reference.AccountStatus s ON s.AccountStatusID = ab.AccountStatusID LEFT JOIN RFOperations.RFO_Reference.Countries c ON c.CountryID = ab.CountryID WHERE   ab.AccountID = 6925217

[INFO ] 2018-03-06 17:20:37.862 [main] RFLSDWebsiteBaseTest - Data returned by query: sybilasner@gmail.com
[INFO ] 2018-03-06 17:20:37.863 [main] DBUtil - QUERY TRIGGERED IS select EmailAddress from RFO_Accounts.AccountContacts acTB INNER JOIN RFO_Accounts.AccountEmails aeTB  on acTB.AccountContactId=aeTB.AccountContactId INNER JOIN RFO_Accounts.EmailAddresses aEMTB on aeTB.EmailAddressID=aEMTB.EmailAddressID WHERE acTB.AccountID='6925217' and aEMTB.EmailAddressTypeID=1 

[INFO ] 2018-03-06 17:20:38.076 [main] RFLSDWebsiteBaseTest - Data returned by query: sybilasner@gmail.com
[INFO ] 2018-03-06 17:20:38.076 [main] RFWebsiteDriver - Waiting for LSD loading image to get disappear
[INFO ] 2018-03-06 17:20:38.100 [main] RFWebsiteDriver - LSD loading image disappears
[INFO ] 2018-03-06 17:20:38.160 [main] RFWebsiteDriver - waiting for locator By.id: username
[INFO ] 2018-03-06 17:20:38.171 [main] RFWebsiteDriver - Element found
[INFO ] 2018-03-06 17:20:38.171 [main] RFWebsiteDriver - Taking Screenshot
[INFO ] 2018-03-06 17:20:38.696 [main] RFWebsiteDriver - wait started for By.id: username
[INFO ] 2018-03-06 17:20:38.696 [main] RFWebsiteDriver - waiting for locator By.id: username
[INFO ] 2018-03-06 17:20:38.707 [main] RFWebsiteDriver - Element found
[INFO ] 2018-03-06 17:20:38.865 [main] RFWebsiteDriver - TYPED text as = sybilasner@gmail.com in  text field
[INFO ] 2018-03-06 17:20:38.865 [main] LSDLoginPage - username is sybilasner@gmail.com
[INFO ] 2018-03-06 17:20:38.865 [main] RFWebsiteDriver - wait started for By.id: password
[INFO ] 2018-03-06 17:20:38.866 [main] RFWebsiteDriver - waiting for locator By.id: password
[INFO ] 2018-03-06 17:20:38.881 [main] RFWebsiteDriver - Element found
[INFO ] 2018-03-06 17:20:38.986 [main] RFWebsiteDriver - TYPED text as = 111Maiden$ in  text field
[INFO ] 2018-03-06 17:20:38.986 [main] LSDLoginPage - password is 111Maiden$
[INFO ] 2018-03-06 17:20:38.986 [main] RFWebsiteDriver - wait started for By.id: button-login
[INFO ] 2018-03-06 17:20:38.986 [main] RFWebsiteDriver - waiting for locator By.id: button-login
[INFO ] 2018-03-06 17:20:39.001 [main] RFWebsiteDriver - Element found
[INFO ] 2018-03-06 17:20:39.001 [main] RFWebsiteDriver -  ready to be clicked
[INFO ] 2018-03-06 17:20:39.074 [main] RFWebsiteDriver - CLICKED on 
[INFO ] 2018-03-06 17:20:51.719 [main] RFWebsiteDriver - URL opened is https://skywalker.rodanandfields.com
[INFO ] 2018-03-06 17:20:52.233 [main] RFWebsiteDriver - Waiting for LSD loading image to get disappear
[INFO ] 2018-03-06 17:20:52.351 [main] RFWebsiteDriver - LSD Animation image disappears
[INFO ] 2018-03-06 17:20:52.351 [main] RFWebsiteDriver - waiting for locator By.id: button-login
[INFO ] 2018-03-06 17:20:57.719 [main] RFWebsiteDriver - waiting for locator By.xpath: //div[text()='Hello,']/following-sibling::div[contains(@class,'text-uppercase')]
[INFO ] 2018-03-06 17:20:57.734 [main] RFWebsiteDriver - Element found
[INFO ] 2018-03-06 17:20:57.748 [main] RFWebsiteDriver - waiting for locator By.xpath: //div[text()='Hello,']/following-sibling::div[contains(@class,'text-uppercase')]
[INFO ] 2018-03-06 17:20:57.761 [main] RFWebsiteDriver - Element found
[INFO ] 2018-03-06 17:20:57.802 [main] RFWebsiteDriver - TEXT fetched for First name in overview section is=SYBIL
[INFO ] 2018-03-06 17:20:57.802 [main] RFLSDWebsiteBaseTest - Data returned by query: Sybil
[INFO ] 2018-03-06 17:20:57.809 [main] RFWebsiteDriver - wait started for By.xpath: //div[@id='rf-nav-wrapper']/descendant::img[2]
[INFO ] 2018-03-06 17:20:57.809 [main] RFWebsiteDriver - waiting for locator By.xpath: //div[@id='rf-nav-wrapper']/descendant::img[2]
[INFO ] 2018-03-06 17:20:57.826 [main] RFWebsiteDriver - Element found
[INFO ] 2018-03-06 17:20:57.826 [main] RFWebsiteDriver - R+F logo ready to be clicked
[INFO ] 2018-03-06 17:20:57.889 [main] RFWebsiteDriver - CLICKED on R+F logo
[INFO ] 2018-03-06 17:20:57.979 [main] TestListner - 
******************************************************************************************************************************
					TEST CASE NAME:                  testTotalNumberOfDeactivatedPCs_2985q
******************************************************************************************************************************
[INFO ] 2018-03-06 17:20:58.037 [main] RFWebsiteDriver - Waiting for LSD loading image to get disappear
[INFO ] 2018-03-06 17:20:58.051 [main] RFWebsiteDriver - LSD loading image disappears
[INFO ] 2018-03-06 17:20:58.052 [main] RFWebsiteDriver - waiting for locator By.xpath: //div[@id='rf-nav-wrapper']/descendant::span[text()='Pulse'][1]
[INFO ] 2018-03-06 17:20:58.072 [main] RFWebsiteDriver - Element found
[INFO ] 2018-03-06 17:20:58.073 [main] RFWebsiteDriver - wait started for By.xpath: //div[@id='rf-nav-wrapper']/descendant::span[text()='Pulse'][1]
[INFO ] 2018-03-06 17:20:58.073 [main] RFWebsiteDriver - waiting for locator By.xpath: //div[@id='rf-nav-wrapper']/descendant::span[text()='Pulse'][1]
[INFO ] 2018-03-06 17:20:58.081 [main] RFWebsiteDriver - Element found
[INFO ] 2018-03-06 17:20:58.081 [main] RFWebsiteDriver - Pulse in top navigation ready to be clicked
[INFO ] 2018-03-06 17:20:58.164 [main] RFWebsiteDriver - CLICKED on Pulse in top navigation
[INFO ] 2018-03-06 17:20:58.164 [main] LSDRFWebsiteBasePage - Pulse in top navigation clicked
[INFO ] 2018-03-06 17:20:58.164 [main] LSDRFWebsiteBasePage - Logging out from pulse application
[INFO ] 2018-03-06 17:20:58.264 [main] RFWebsiteDriver - CLICKED on 
[INFO ] 2018-03-06 17:20:58.265 [main] RFWebsiteDriver - Waiting for LSD loading image to get disappear
[INFO ] 2018-03-06 17:20:58.287 [main] RFWebsiteDriver - LSD loading image disappears
[INFO ] 2018-03-06 17:20:58.288 [main] DBUtil - QUERY TRIGGERED IS DECLARE @AccountID INT = ( SELECT TOP 1 a.accountID FROM     RFOperations.RFO_Accounts.AccountBase (NOLOCK) a WHERE    a.AccountTypeID = 1 AND a.AccountStatusID = 1 AND EXISTS ( SELECT 1 FROM   RFOperations.Hybris.Autoship (NOLOCK) aa WHERE  aa.AccountID = a.AccountID AND aa.AutoshipTypeID = 3 AND aa.Active = 1 ) AND EXISTS ( SELECT 1 FROM   RFOperations.RFO_Accounts.AccountBase (NOLOCK) ab JOIN RFOperations.RFO_Accounts.AccountRF (NOLOCK) rf ON rf.AccountID = ab.AccountID WHERE  rf.SponsorId = a.AccountID AND ab.AccountTypeID = 2 AND CAST(rf.SoftTerminationDate AS DATE) > CAST(DATEADD(DAY, -60, GETDATE()) AS DATE) AND rf.Active = 0 ) ORDER BY NEWID() ) SELECT  COUNT(1) PCTerm60DaysCount , rf.SponsorId [Consultant] , ac.Username FROM    RFOperations.RFO_Accounts.AccountBase (NOLOCK) ab JOIN RFOperations.RFO_Accounts.AccountRF (NOLOCK) rf ON rf.AccountID = ab.AccountID JOIN RFOperations.RFO_Accounts.AccountBase (NOLOCK) sb ON sb.AccountID = rf.SponsorId JOIN RFOperations.Security.AccountSecurity (NOLOCK) ac ON ac.AccountID = sb.AccountID JOIN RFOperations.RFO_Accounts.AccountContacts c ON c.AccountId = ab.AccountID WHERE   rf.SponsorId = @AccountID AND ab.AccountTypeID = 2 AND CAST(rf.SoftTerminationDate AS DATE) > CAST(DATEADD(DAY, -60, GETDATE()) AS DATE) AND rf.Active = 0 GROUP BY rf.SponsorId , ac.Username 

[INFO ] 2018-03-06 17:20:58.915 [main] RFLSDWebsiteBaseTest - Data returned by query: null
[INFO ] 2018-03-06 17:20:58.916 [main] RFLSDWebsiteBaseTest - Data returned by query: mmdore@bigpond.com
[INFO ] 2018-03-06 17:20:58.916 [main] RFLSDWebsiteBaseTest - Data returned by query: 1
[INFO ] 2018-03-06 17:20:58.916 [main] RFWebsiteDriver - waiting for locator By.id: username
[INFO ] 2018-03-06 17:20:58.935 [main] RFWebsiteDriver - Element found
[INFO ] 2018-03-06 17:20:58.936 [main] RFWebsiteDriver - Taking Screenshot
[INFO ] 2018-03-06 17:20:59.414 [main] RFWebsiteDriver - wait started for By.id: username
[INFO ] 2018-03-06 17:20:59.414 [main] RFWebsiteDriver - waiting for locator By.id: username
[INFO ] 2018-03-06 17:20:59.428 [main] RFWebsiteDriver - Element found
[INFO ] 2018-03-06 17:20:59.558 [main] RFWebsiteDriver - TYPED text as = mmdore@bigpond.com in  text field
[INFO ] 2018-03-06 17:20:59.558 [main] LSDLoginPage - username is mmdore@bigpond.com
[INFO ] 2018-03-06 17:20:59.558 [main] RFWebsiteDriver - wait started for By.id: password
[INFO ] 2018-03-06 17:20:59.558 [main] RFWebsiteDriver - waiting for locator By.id: password
[INFO ] 2018-03-06 17:20:59.575 [main] RFWebsiteDriver - Element found
[INFO ] 2018-03-06 17:20:59.685 [main] RFWebsiteDriver - TYPED text as = 111Maiden$ in  text field
[INFO ] 2018-03-06 17:20:59.686 [main] LSDLoginPage - password is 111Maiden$
[INFO ] 2018-03-06 17:20:59.686 [main] RFWebsiteDriver - wait started for By.id: button-login
[INFO ] 2018-03-06 17:20:59.686 [main] RFWebsiteDriver - waiting for locator By.id: button-login
[INFO ] 2018-03-06 17:20:59.694 [main] RFWebsiteDriver - Element found
[INFO ] 2018-03-06 17:20:59.695 [main] RFWebsiteDriver -  ready to be clicked
[INFO ] 2018-03-06 17:20:59.756 [main] RFWebsiteDriver - CLICKED on 
[INFO ] 2018-03-06 17:21:06.558 [main] RFWebsiteDriver - Waiting for login button to get disappear
[INFO ] 2018-03-06 17:21:06.576 [main] RFWebsiteDriver - login button disappears
[INFO ] 2018-03-06 17:21:06.617 [main] RFWebsiteDriver - waiting for locator By.xpath: //div[text()='Hello,']/following-sibling::div[contains(@class,'text-uppercase')]
[INFO ] 2018-03-06 17:21:06.627 [main] RFWebsiteDriver - Element found
[INFO ] 2018-03-06 17:21:06.638 [main] RFWebsiteDriver - wait started for By.xpath: //div[@id='rf-nav-wrapper']/descendant::span[text()='Pulse'][1]
[INFO ] 2018-03-06 17:21:06.639 [main] RFWebsiteDriver - waiting for locator By.xpath: //div[@id='rf-nav-wrapper']/descendant::span[text()='Pulse'][1]
[INFO ] 2018-03-06 17:21:06.652 [main] RFWebsiteDriver - Element found
[INFO ] 2018-03-06 17:21:06.652 [main] RFWebsiteDriver -  ready to be clicked
[INFO ] 2018-03-06 17:21:06.730 [main] RFWebsiteDriver - CLICKED on 
[INFO ] 2018-03-06 17:21:06.731 [main] LSDHomePage - Clicked on Pulse Submenu from Top Navigation
[INFO ] 2018-03-06 17:21:06.800 [main] RFWebsiteDriver - wait started for By.xpath: //a[contains(text(),'Customers')]
[INFO ] 2018-03-06 17:21:06.801 [main] RFWebsiteDriver - waiting for locator By.xpath: //a[contains(text(),'Customers')]
[INFO ] 2018-03-06 17:21:06.811 [main] RFWebsiteDriver - Element found
[INFO ] 2018-03-06 17:21:06.811 [main] RFWebsiteDriver -  ready to be clicked
[INFO ] 2018-03-06 17:21:06.898 [main] RFWebsiteDriver - CLICKED on 
[INFO ] 2018-03-06 17:21:06.898 [main] LSDHomePage - SubMenu Link : Customers clicked
[INFO ] 2018-03-06 17:21:06.938 [main] RFWebsiteDriver - Waiting for spin image to get disappear1
[INFO ] 2018-03-06 17:21:07.954 [main] RFWebsiteDriver - waiting..
[INFO ] 2018-03-06 17:21:08.974 [main] RFWebsiteDriver - waiting..
[INFO ] 2018-03-06 17:21:09.994 [main] RFWebsiteDriver - waiting..
[INFO ] 2018-03-06 17:21:11.004 [main] RFWebsiteDriver - waiting..
[INFO ] 2018-03-06 17:21:12.015 [main] RFWebsiteDriver - waiting..
[INFO ] 2018-03-06 17:21:13.036 [main] RFWebsiteDriver - waiting..
[INFO ] 2018-03-06 17:21:14.072 [main] RFWebsiteDriver - waiting..
[INFO ] 2018-03-06 17:21:15.099 [main] RFWebsiteDriver - waiting..
[INFO ] 2018-03-06 17:21:16.141 [main] RFWebsiteDriver - waiting..
[INFO ] 2018-03-06 17:21:17.150 [main] RFWebsiteDriver - waiting..
[INFO ] 2018-03-06 17:21:53.241 [main] RFWebsiteDriver - Waiting for spin image to get disappear0
[INFO ] 2018-03-06 17:21:53.298 [main] RFWebsiteDriver - spin image disappears
[INFO ] 2018-03-06 17:28:01.016 [main] RFWebsiteDriver - waiting for locator By.xpath: //h1[contains(text(),'View Your Customers')]/following::span[4]
[INFO ] 2018-03-06 17:28:01.141 [main] RFWebsiteDriver - Element found
[INFO ] 2018-03-06 17:28:01.271 [main] RFWebsiteDriver - TEXT fetched for count of deactivated pcs is=0
[INFO ] 2018-03-06 17:48:19.373 [main] SoftAssert - VERIFICATION FAILED: Expected count of deactivate PCs are1but actual on UI is 0 expected [true] but found [false]
[INFO ] 2018-03-06 17:48:19.379 [main] SoftAssert - Expected: true
[INFO ] 2018-03-06 17:48:19.384 [main] SoftAssert - Actual: false
[INFO ] 2018-03-06 17:48:19.390 [main] RFWebsiteDriver - Taking Screenshot
[INFO ] 2018-03-06 17:48:20.278 [main] SoftAssert - Snapshot Path :<a href='C:\Users\bpkotamahanti\Bindu\Automation\qa-automation\output\Screenshots\testTotalNumberOfDeactivatedPCs_2985q\Expected count of deactivate PCs are1but actual on UI is 0 expected [true] but found [false].png'>C:\Users\bpkotamahanti\Bindu\Automation\qa-automation\output\Screenshots\testTotalNumberOfDeactivatedPCs_2985q\Expected count of deactivate PCs are1but actual on UI is 0 expected [true] but found [false].png</a>

[INFO ] 2018-03-06 17:48:22.019 [main] RFWebsiteDriver - wait started for By.xpath: //h1[contains(text(),'View Your Customers')]/following::span[3]
[INFO ] 2018-03-06 17:48:22.024 [main] RFWebsiteDriver - waiting for locator By.xpath: //h1[contains(text(),'View Your Customers')]/following::span[3]
[INFO ] 2018-03-06 17:48:22.097 [main] RFWebsiteDriver - Element found
[INFO ] 2018-03-06 17:48:22.102 [main] RFWebsiteDriver - 3 category clicked ready to be clicked
[INFO ] 2018-03-06 17:48:22.266 [main] RFWebsiteDriver - CLICKED on 3 category clicked
[INFO ] 2018-03-06 17:48:22.883 [main] RFWebsiteDriver - wait started for By.xpath: //h1[contains(text(),'Deactivated PC')]/../descendant::span[1]
[INFO ] 2018-03-06 17:48:22.924 [main] RFWebsiteDriver - waiting for locator By.xpath: //h1[contains(text(),'Deactivated PC')]/../descendant::span[1]
[INFO ] 2018-03-06 17:48:26.541 [main] RFWebsiteDriver - Element found
[INFO ] 2018-03-06 17:48:26.546 [main] RFWebsiteDriver - waiting for locator By.xpath: //h1[contains(text(),'Deactivated PC')]/../descendant::span[1]
[INFO ] 2018-03-06 17:48:26.618 [main] RFWebsiteDriver - Element found
[INFO ] 2018-03-06 17:48:26.750 [main] RFWebsiteDriver - TEXT fetched for count of deactivated pc at header is=0
[INFO ] 2018-03-06 17:48:29.757 [main] SoftAssert - VERIFICATION FAILED: Expected count of deactivate PCs are1but actual on header is 0 expected [true] but found [false]
[INFO ] 2018-03-06 17:48:29.764 [main] SoftAssert - Expected: true
[INFO ] 2018-03-06 17:48:29.770 [main] SoftAssert - Actual: false
[INFO ] 2018-03-06 17:48:29.776 [main] RFWebsiteDriver - Taking Screenshot
[INFO ] 2018-03-06 17:48:30.399 [main] SoftAssert - Snapshot Path :<a href='C:\Users\bpkotamahanti\Bindu\Automation\qa-automation\output\Screenshots\testTotalNumberOfDeactivatedPCs_2985q\Expected count of deactivate PCs are1but actual on header is 0 expected [true] but found [false].png'>C:\Users\bpkotamahanti\Bindu\Automation\qa-automation\output\Screenshots\testTotalNumberOfDeactivatedPCs_2985q\Expected count of deactivate PCs are1but actual on header is 0 expected [true] but found [false].png</a>

[INFO ] 2018-03-06 17:48:39.293 [main] TestListner - [TEST HAS FAILED-------- Test case testTotalNumberOfDeactivatedPCs_2985q has failed] due to reason:-<br>  java.lang.AssertionError: 1.Expected count of deactivate PCs are1but actual on UI is 0

 1.Expected count of deactivate PCs are1but actual on header is 0

[INFO ] 2018-03-06 17:48:39.398 [main] RFWebsiteDriver - URL opened is https://skywalker.rodanandfields.com
[INFO ] 2018-03-06 17:48:41.000 [main] RFWebsiteDriver - Waiting for LSD loading image to get disappear
[INFO ] 2018-03-06 17:48:41.189 [main] RFWebsiteDriver - LSD Animation image disappears
[INFO ] 2018-03-06 17:48:41.189 [main] RFWebsiteDriver - Waiting for LSD loading image to get disappear
[INFO ] 2018-03-06 17:48:42.410 [main] RFWebsiteDriver - waiting..
[INFO ] 2018-03-06 17:48:43.451 [main] RFWebsiteDriver - waiting..
[INFO ] 2018-03-06 17:48:44.469 [main] RFWebsiteDriver - waiting..
[INFO ] 2018-03-06 17:48:45.486 [main] RFWebsiteDriver - waiting..
[INFO ] 2018-03-06 17:48:46.510 [main] RFWebsiteDriver - waiting..
[INFO ] 2018-03-06 17:48:47.532 [main] RFWebsiteDriver - waiting..
[INFO ] 2018-03-06 17:48:47.564 [main] RFWebsiteDriver - LSD loading image disappears
[INFO ] 2018-03-06 17:48:47.565 [main] RFWebsiteDriver - waiting for locator By.xpath: //div[@id='rf-nav-wrapper']/descendant::span[text()='Pulse'][1]
[INFO ] 2018-03-06 17:48:47.580 [main] RFWebsiteDriver - Element found
[INFO ] 2018-03-06 17:48:47.580 [main] RFWebsiteDriver - wait started for By.xpath: //div[@id='rf-nav-wrapper']/descendant::span[text()='Pulse'][1]
[INFO ] 2018-03-06 17:48:47.580 [main] RFWebsiteDriver - waiting for locator By.xpath: //div[@id='rf-nav-wrapper']/descendant::span[text()='Pulse'][1]
[INFO ] 2018-03-06 17:48:47.598 [main] RFWebsiteDriver - Element found
[INFO ] 2018-03-06 17:48:47.598 [main] RFWebsiteDriver - Pulse in top navigation ready to be clicked
[INFO ] 2018-03-06 17:48:47.679 [main] RFWebsiteDriver - CLICKED on Pulse in top navigation
[INFO ] 2018-03-06 17:48:47.680 [main] LSDRFWebsiteBasePage - Pulse in top navigation clicked
[INFO ] 2018-03-06 17:48:47.680 [main] LSDRFWebsiteBasePage - Logging out from pulse application
[INFO ] 2018-03-06 17:48:47.841 [main] RFWebsiteDriver - CLICKED on 
[INFO ] 2018-03-06 17:48:47.841 [main] RFWebsiteDriver - Waiting for LSD loading image to get disappear
[INFO ] 2018-03-06 17:48:47.871 [main] RFWebsiteDriver - LSD loading image disappears
