[INFO ] 2018-03-15 11:26:59.064 [main] RFBaseTest - Environment properties are not provided by the user ... loading the default properties
[INFO ] 2018-03-15 11:26:59.064 [main] RFBaseTest - Default Browser is  ------ chrome
[INFO ] 2018-03-15 11:26:59.064 [main] RFBaseTest - Default URL is  ------ https://skywalker.rodanandfields.com
[INFO ] 2018-03-15 11:26:59.065 [main] RFBaseTest - Default user password is  ------ 111Maiden$
[INFO ] 2018-03-15 11:26:59.065 [main] RFBaseTest - Default Country is  ------ us
[INFO ] 2018-03-15 11:26:59.065 [main] RFBaseTest - Default DB IP is  ------ 10.3.0.218
[INFO ] 2018-03-15 11:26:59.065 [main] RFBaseTest - Default DB Username is  ------ perftest
[INFO ] 2018-03-15 11:26:59.065 [main] RFBaseTest - Default DB Password is  ------ perftest
[INFO ] 2018-03-15 11:26:59.065 [main] RFBaseTest - Default DB Domain is  ------ RF
[INFO ] 2018-03-15 11:27:07.659 [main] RFWebsiteDriver - Window is maximized
[INFO ] 2018-03-15 11:27:07.660 [main] RFWebsiteDriver - All cookies deleted
[INFO ] 2018-03-15 11:27:07.660 [main] RFWebsiteDriver - URL opened is https://skywalker.rodanandfields.com
[INFO ] 2018-03-15 11:27:10.897 [main] RFLSDWebsiteBaseTest - Application loaded
[INFO ] 2018-03-15 11:27:10.910 [main] RFWebsiteDriver - DB connections are set
[INFO ] 2018-03-15 11:27:10.969 [main] DBUtil - QUERY TRIGGERED IS DECLARE @CurrentOpenPeriod INT = ( SELECT TOP 1
                                            PeriodID
                                   FROM     Commissions.reference.Periods
                                   WHERE    ClosedDate IS NULL
                                   ORDER BY PeriodID ASC
                                 ) ,
    @AccountID INT ,
    @UserName NVARCHAR(225) ,
    @Country NVARCHAR(225)

SELECT TOP 1
        @AccountID = ab.AccountID ,
        @UserName = ac.Username ,
        @Country = co.Alpha2Code
FROM    RFOperations.RFO_Accounts.AccountBase (NOLOCK) ab
        JOIN RFOperations.RFO_Accounts.AccountRF (NOLOCK) rf ON rf.AccountID = ab.AccountID
        JOIN RFOperations.Security.AccountSecurity (NOLOCK) ac ON ac.AccountID = ab.AccountID
        JOIN RFOperations.RFO_Reference.Countries (NOLOCK) co ON co.CountryID = ab.CountryID
WHERE   ab.AccountTypeID = 1
        AND ab.AccountStatusID = 1
        AND co.Alpha2Code = 'US'
        AND rf.Active = 1
        AND EXISTS ( SELECT 1
                     FROM   RFOperations.Hybris.Autoship (NOLOCK) a
                     WHERE  a.AccountID = ab.AccountID
                            AND a.AutoshipTypeID = 3
                            AND a.Active = 1 )
        AND EXISTS ( SELECT 1
                     FROM   Commissions.calcs.vwQualificationSummary v
                     WHERE  ab.AccountID = v.AccountID
                            AND v.PeriodID = @CurrentOpenPeriod
                            AND v.SV >= 100
                            AND v.PSQV >= 600 )
ORDER BY NEWID()

SELECT  ISNULL(@AccountID, 1496) AccountID ,
        ISNULL(@UserName, 'skincareconsultants@gmail.com') UserName ,
        ISNULL(@Country, 'US') Country ,
        @CurrentOpenPeriod CurrentOpenPeriod

[INFO ] 2018-03-15 11:27:17.286 [main] RFLSDWebsiteBaseTest - randomConsultantDetailsList:[{AccountID=3371074, UserName=laurakost33@yahoo.com, Country=US, CurrentOpenPeriod=201710}]
[INFO ] 2018-03-15 11:27:17.286 [main] RFLSDWebsiteBaseTest - Data returned by query: 3371074
[INFO ] 2018-03-15 11:27:17.286 [main] RFLSDWebsiteBaseTest - Data returned by query: laurakost33@yahoo.com
[INFO ] 2018-03-15 11:27:17.286 [main] RFLSDWebsiteBaseTest - userName:[{AccountID=3371074, UserName=laurakost33@yahoo.com, Country=US, CurrentOpenPeriod=201710}]
[INFO ] 2018-03-15 11:27:17.287 [main] RFWebsiteDriver - Waiting for LSD loading image to get disappear
[INFO ] 2018-03-15 11:27:17.309 [main] RFWebsiteDriver - LSD loading image disappears
[INFO ] 2018-03-15 11:27:17.369 [main] RFWebsiteDriver - waiting for locator By.id: username
[INFO ] 2018-03-15 11:27:17.380 [main] RFWebsiteDriver - Element found
[INFO ] 2018-03-15 11:27:17.380 [main] RFWebsiteDriver - Taking Screenshot
[INFO ] 2018-03-15 11:27:17.805 [main] RFWebsiteDriver - wait started for By.id: username
[INFO ] 2018-03-15 11:27:17.805 [main] RFWebsiteDriver - waiting for locator By.id: username
[INFO ] 2018-03-15 11:27:17.819 [main] RFWebsiteDriver - Element found
[INFO ] 2018-03-15 11:27:17.989 [main] RFWebsiteDriver - TYPED text as = laurakost33@yahoo.com in  text field
[INFO ] 2018-03-15 11:27:17.989 [main] LSDLoginPage - username is laurakost33@yahoo.com
[INFO ] 2018-03-15 11:27:17.990 [main] RFWebsiteDriver - wait started for By.id: password
[INFO ] 2018-03-15 11:27:17.990 [main] RFWebsiteDriver - waiting for locator By.id: password
[INFO ] 2018-03-15 11:27:18.008 [main] RFWebsiteDriver - Element found
[INFO ] 2018-03-15 11:27:18.124 [main] RFWebsiteDriver - TYPED text as = 111Maiden$ in  text field
[INFO ] 2018-03-15 11:27:18.124 [main] LSDLoginPage - password is 111Maiden$
[INFO ] 2018-03-15 11:27:18.124 [main] RFWebsiteDriver - wait started for By.id: button-login
[INFO ] 2018-03-15 11:27:18.124 [main] RFWebsiteDriver - waiting for locator By.id: button-login
[INFO ] 2018-03-15 11:27:18.142 [main] RFWebsiteDriver - Element found
[INFO ] 2018-03-15 11:27:18.142 [main] RFWebsiteDriver -  ready to be clicked
[INFO ] 2018-03-15 11:27:18.225 [main] RFWebsiteDriver - CLICKED on 
[INFO ] 2018-03-15 11:27:30.050 [main] RFWebsiteDriver - URL opened is https://skywalker.rodanandfields.com
[INFO ] 2018-03-15 11:27:30.557 [main] RFWebsiteDriver - Waiting for LSD loading image to get disappear
[INFO ] 2018-03-15 11:27:30.771 [main] RFWebsiteDriver - LSD Animation image disappears
[INFO ] 2018-03-15 11:27:30.771 [main] RFWebsiteDriver - waiting for locator By.id: button-login
[INFO ] 2018-03-15 11:27:36.051 [main] RFWebsiteDriver - waiting for locator By.xpath: //div[text()='Hello,']/following-sibling::div[contains(@class,'text-uppercase')]
[INFO ] 2018-03-15 11:27:36.062 [main] RFWebsiteDriver - Element found
[INFO ] 2018-03-15 11:27:36.071 [main] RFWebsiteDriver - waiting for locator By.xpath: //div[text()='Hello,']/following-sibling::div[contains(@class,'text-uppercase')]
[INFO ] 2018-03-15 11:27:36.081 [main] RFWebsiteDriver - Element found
[INFO ] 2018-03-15 11:27:36.115 [main] RFWebsiteDriver - TEXT fetched for First name in overview section is=LAURA
[INFO ] 2018-03-15 11:27:36.115 [main] RFLSDWebsiteBaseTest - Data returned by query: null
[INFO ] 2018-03-15 11:27:36.120 [main] RFWebsiteDriver - wait started for By.xpath: //div[@id='rf-nav-wrapper']/descendant::img[2]
[INFO ] 2018-03-15 11:27:36.121 [main] RFWebsiteDriver - waiting for locator By.xpath: //div[@id='rf-nav-wrapper']/descendant::img[2]
[INFO ] 2018-03-15 11:27:36.138 [main] RFWebsiteDriver - Element found
[INFO ] 2018-03-15 11:27:36.139 [main] RFWebsiteDriver - R+F logo ready to be clicked
[INFO ] 2018-03-15 11:27:36.215 [main] RFWebsiteDriver - CLICKED on R+F logo
[INFO ] 2018-03-15 11:27:36.312 [main] TestListner - 
******************************************************************************************************************************
					TEST CASE NAME:                  TotalNumberOfAllPCs_3349q
******************************************************************************************************************************
[INFO ] 2018-03-15 11:27:36.365 [main] RFWebsiteDriver - wait started for By.xpath: //div[@id='rf-nav-wrapper']/descendant::span[text()='Pulse'][1]
[INFO ] 2018-03-15 11:27:36.365 [main] RFWebsiteDriver - waiting for locator By.xpath: //div[@id='rf-nav-wrapper']/descendant::span[text()='Pulse'][1]
[INFO ] 2018-03-15 11:27:36.385 [main] RFWebsiteDriver - Element found
[INFO ] 2018-03-15 11:27:36.385 [main] RFWebsiteDriver -  ready to be clicked
[INFO ] 2018-03-15 11:27:36.475 [main] RFWebsiteDriver - CLICKED on 
[INFO ] 2018-03-15 11:27:36.475 [main] LSDHomePage - Clicked on Pulse Submenu from Top Navigation
[INFO ] 2018-03-15 11:27:36.521 [main] RFWebsiteDriver - wait started for By.xpath: //a[contains(text(),'Customers')]
[INFO ] 2018-03-15 11:27:36.522 [main] RFWebsiteDriver - waiting for locator By.xpath: //a[contains(text(),'Customers')]
[INFO ] 2018-03-15 11:27:36.532 [main] RFWebsiteDriver - Element found
[INFO ] 2018-03-15 11:27:36.532 [main] RFWebsiteDriver -  ready to be clicked
[INFO ] 2018-03-15 11:27:36.604 [main] RFWebsiteDriver - CLICKED on 
[INFO ] 2018-03-15 11:27:36.604 [main] LSDHomePage - SubMenu Link : Customers clicked
[INFO ] 2018-03-15 11:27:36.632 [main] RFWebsiteDriver - Waiting for spin image to get disappear0
[INFO ] 2018-03-15 11:27:36.642 [main] RFWebsiteDriver - spin image disappears
[INFO ] 2018-03-15 11:27:40.664 [main] RFWebsiteDriver - Waiting for spin image to get disappear1
[INFO ] 2018-03-15 11:27:41.685 [main] RFWebsiteDriver - waiting..
[INFO ] 2018-03-15 11:27:42.707 [main] RFWebsiteDriver - waiting..
[INFO ] 2018-03-15 11:27:43.726 [main] RFWebsiteDriver - waiting..
[INFO ] 2018-03-15 11:27:44.766 [main] RFWebsiteDriver - waiting..
[INFO ] 2018-03-15 11:27:45.796 [main] RFWebsiteDriver - waiting..
[INFO ] 2018-03-15 11:27:46.818 [main] RFWebsiteDriver - waiting..
[INFO ] 2018-03-15 11:27:46.838 [main] RFWebsiteDriver - spin image disappears
[INFO ] 2018-03-15 11:27:50.839 [main] RFWebsiteDriver - wait started for By.xpath: //h1[contains(text(),'Build Customer Loyalty')]/../preceding::span[1]
[INFO ] 2018-03-15 11:27:50.840 [main] RFWebsiteDriver - waiting for locator By.xpath: //h1[contains(text(),'Build Customer Loyalty')]/../preceding::span[1]
[INFO ] 2018-03-15 11:27:50.886 [main] RFWebsiteDriver - Element found
[INFO ] 2018-03-15 11:27:50.886 [main] RFWebsiteDriver - wait started for By.xpath: //h1[contains(text(),'Build Customer Loyalty')]/../preceding::span[1]
[INFO ] 2018-03-15 11:27:50.887 [main] RFWebsiteDriver - waiting for locator By.xpath: //h1[contains(text(),'Build Customer Loyalty')]/../preceding::span[1]
[INFO ] 2018-03-15 11:27:50.898 [main] RFWebsiteDriver - Element found
[INFO ] 2018-03-15 11:27:50.899 [main] RFWebsiteDriver - count of all pc customers ready to be clicked
[INFO ] 2018-03-15 11:27:50.965 [main] RFWebsiteDriver - CLICKED on count of all pc customers
[INFO ] 2018-03-15 11:27:50.965 [main] LSDCustomerPage - clicked in view PC customer link
[INFO ] 2018-03-15 11:27:50.966 [main] DBUtil - QUERY TRIGGERED IS 
        DECLARE @AccountID INT= 3371074   -- You Just need to Pass Consultant's AccountID here . 


        
		
		  DECLARE  @PeriodID INT= NULL ,
            @View_All_Customer INT ,
            @Cust_have_Order INT ,
            @Cust_Sch_OrderNext_Month INT ,
            @Cust_Further_Out INT ,
            @New_Pcs INT ,
            @Deactivated_Pcs INT

          

        SET @PeriodID = ISNULL(@PeriodID,
                               ( SELECT MIN(PERIODID)
                                 FROM   commissions.reference.PERIODS
                                 WHERE  CLOSEDDATE IS NULL
                                        AND STARTDATE <= GETDATE()
                               ))
  
  
        SELECT  @View_All_Customer = COUNT(1)
        FROM    Commissions.calcs.vwPlacementTreePermutated AS v WITH ( NOEXPAND )
                JOIN RFOperations.RFO_Accounts.AccountBase(NOLOCK)  ab ON ab.AccountID = v.AccountID
                JOIN RFOperations.RFO_Accounts.AccountRF (NOLOCK)  rf ON rf.AccountID = ab.AccountID
                JOIN RFOperations.RFO_Accounts.AccountContacts (NOLOCK)  ac ON ac.AccountId = ab.AccountID
        WHERE   1 = 1
                AND rf.Active = 1
                AND ab.AccountTypeID = 2
                AND v.[SponsorID] = @AccountID
                AND v.DirectSponsorID = @AccountID
                AND v.[PeriodID] = @PeriodID
      
				
				
				
        SELECT  @Cust_have_Order = COUNT(1)
        FROM    Commissions.calcs.vwPlacementTreePermutated AS v WITH ( NOEXPAND )
                JOIN RFOperations.RFO_Accounts.AccountBase(NOLOCK)  ab ON ab.AccountID = v.AccountID
                JOIN RFOperations.RFO_Accounts.AccountRF (NOLOCK)  rf ON rf.AccountID = ab.AccountID
                JOIN RFOperations.RFO_Accounts.AccountContacts (NOLOCK)  ac ON ac.AccountId = ab.AccountID
        WHERE   1 = 1
                AND rf.Active = 1
                AND ab.AccountTypeID = 2
                AND v.[SponsorID] = @AccountID
                AND v.DirectSponsorID = @AccountID
                AND v.[PeriodID] = @PeriodID
                AND EXISTS ( SELECT 1
                             FROM   RFOperations.Hybris.orders (NOLOCK)  ro
                             WHERE  ro.AccountID = ab.AccountID
                                    AND ro.OrderTypeID = 9
                                    AND ro.OrderStatusID IN ( 2, 4 )
                                    AND LEFT(CONVERT(NVARCHAR(25), ro.CommissionDate, 112),
                                             6) = @PeriodID )
     
				
        SELECT  @Cust_Sch_OrderNext_Month = COUNT(1)
        FROM    Commissions.calcs.vwPlacementTreePermutated AS v WITH ( NOEXPAND )
                JOIN RFOperations.RFO_Accounts.AccountBase(NOLOCK)  ab ON ab.AccountID = v.AccountID
                JOIN RFOperations.RFO_Accounts.AccountRF (NOLOCK)  rf ON rf.AccountID = ab.AccountID
                JOIN RFOperations.RFO_Accounts.AccountContacts (NOLOCK)  ac ON ac.AccountId = ab.AccountID
        WHERE   1 = 1
                AND rf.Active = 1
                AND ab.AccountTypeID = 2
                AND v.[SponsorID] = @AccountID
                AND v.DirectSponsorID = @AccountID
                AND v.[PeriodID] = @PeriodID
                AND EXISTS ( SELECT 1
                             FROM   RFOperations.Hybris.Autoship(NOLOCK)  AU
                             WHERE  AU.AccountID = ab.AccountID
                                    AND AU.AutoshipTypeID = 1
                                    AND AU.Active = 1
                                    AND LEFT(CONVERT(NVARCHAR(25), DATEADD(MONTH,
                                                              1,
                                                              Au.NextRunDate), 112),
                                             6) = @PeriodID )			
				 


        SELECT  @Cust_Further_Out = COUNT(1)
        FROM    Commissions.calcs.vwPlacementTreePermutated AS v WITH ( NOEXPAND )
                JOIN RFOperations.RFO_Accounts.AccountBase(NOLOCK)  ab ON ab.AccountID = v.AccountID
                JOIN RFOperations.RFO_Accounts.AccountRF (NOLOCK)  rf ON rf.AccountID = ab.AccountID
                JOIN RFOperations.RFO_Accounts.AccountContacts (NOLOCK)  ac ON ac.AccountId = ab.AccountID
        WHERE   1 = 1
                AND rf.Active = 1
                AND ab.AccountTypeID = 2
                AND v.[SponsorID] = @AccountID
                AND v.DirectSponsorID = @AccountID
                AND v.[PeriodID] = @PeriodID
                AND EXISTS ( SELECT 1
                             FROM   RFOperations.Hybris.Autoship(NOLOCK)  AU
                             WHERE  AU.AccountID = ab.AccountID
                                    AND AU.AutoshipTypeID = 1
                                    AND AU.Active = 1
                                    AND LEFT(CONVERT(NVARCHAR(25), DATEADD(MONTH,
                                                              1,
                                                              Au.NextRunDate), 112),
                                             6) > @PeriodID )			
		
		
	
        SELECT  @Deactivated_Pcs = COUNT(1)
        FROM    Commissions.calcs.vwPlacementTreePermutated AS v WITH ( NOEXPAND )
                JOIN RFOperations.RFO_Accounts.AccountBase(NOLOCK)  ab ON ab.AccountID = v.AccountID
                JOIN RFOperations.RFO_Accounts.AccountRF (NOLOCK)  rf ON rf.AccountID = ab.AccountID
                JOIN RFOperations.RFO_Accounts.AccountContacts (NOLOCK)  ac ON ac.AccountId = ab.AccountID
        WHERE   1 = 1
                AND rf.Active = 0
                AND ab.AccountTypeID = 2
                AND v.[SponsorID] = @AccountID
                AND v.DirectSponsorID = @AccountID
                AND v.[PeriodID] = @PeriodID
                AND LEFT(CONVERT(NVARCHAR(25), DATEADD(MONTH, 1,
                                                       rf.SoftTerminationDate), 112),
                         6) = @PeriodID



        SELECT  @New_Pcs = COUNT(1)
        FROM    commissions.calcs.vwPlacementTreePermutated AS v WITH ( NOEXPAND )
                JOIN RFOperations.RFO_Accounts.AccountBase(NOLOCK)  ab ON ab.AccountID = v.AccountID
                JOIN RFOperations.RFO_Accounts.AccountRF (NOLOCK)  rf ON rf.AccountID = ab.AccountID
                JOIN RFOperations.RFO_Accounts.AccountContacts (NOLOCK)  ac ON ac.AccountId = ab.AccountID
        WHERE   1 = 1
                AND rf.Active = 1
                AND ab.AccountTypeID = 2
                AND v.[SponsorID] = @AccountID
                AND v.DirectSponsorID = @AccountID
                AND v.[PeriodID] = @PeriodID
                AND LEFT(CONVERT(NVARCHAR(25), DATEADD(MONTH, 1,
                                                       rf.EnrollmentDate), 112),
                         6) = @PeriodID
				
        SELECT  @AccountID [AccountID] ,
                @View_All_Customer [TotalPCsUnderLevel1] ,
                @Cust_have_Order [CustomersHaveOrdersThisMonth] ,
                @Cust_Sch_OrderNext_Month [CustomersHaveOrdersNextMonth] ,
                @Cust_Further_Out [CustomersHaveOrdersFurtherOut] ,
                @New_Pcs [NewPcs] ,
                @Deactivated_Pcs [DeActivatedPC] ,
                @PeriodID [Period]
				

[INFO ] 2018-03-15 11:27:51.540 [main] RFLSDWebsiteBaseTest - Data returned by query: 34
[INFO ] 2018-03-15 11:27:51.550 [main] RFWebsiteDriver - Waiting for spin image to get disappear0
[INFO ] 2018-03-15 11:27:51.559 [main] RFWebsiteDriver - spin image disappears
[INFO ] 2018-03-15 11:27:55.560 [main] RFWebsiteDriver - waiting for locator By.xpath: //h1[contains(text(),'All Customers')]//preceding::span[1]
[INFO ] 2018-03-15 11:27:55.606 [main] RFWebsiteDriver - Element found
[INFO ] 2018-03-15 11:27:55.648 [main] RFWebsiteDriver - TEXT fetched for count of all PC customer for this month and next month is=6
[INFO ] 2018-03-15 11:27:55.652 [main] SoftAssert - VERIFICATION FAILED: Expected count of PC users are 34 actual on UI are 6 expected [true] but found [false]
[INFO ] 2018-03-15 11:27:55.652 [main] SoftAssert - Expected: true
[INFO ] 2018-03-15 11:27:55.652 [main] SoftAssert - Actual: false
[INFO ] 2018-03-15 11:27:55.652 [main] RFWebsiteDriver - Taking Screenshot
[INFO ] 2018-03-15 11:27:56.008 [main] SoftAssert - Snapshot Path :<a href='C:\Users\bpkotamahanti\Bindu\Automation\qa-automation\output\Screenshots\TotalNumberOfAllPCs_3349q\Expected count of PC users are 34 actual on UI are 6 expected [true] but found [false].png'>C:\Users\bpkotamahanti\Bindu\Automation\qa-automation\output\Screenshots\TotalNumberOfAllPCs_3349q\Expected count of PC users are 34 actual on UI are 6 expected [true] but found [false].png</a>

[INFO ] 2018-03-15 11:27:56.008 [main] TestListner - [TEST HAS FAILED-------- Test case TotalNumberOfAllPCs_3349q has failed] due to reason:-<br>  java.lang.AssertionError: 1.Expected count of PC users are 34 actual on UI are 6

[INFO ] 2018-03-15 11:27:56.041 [main] RFWebsiteDriver - URL opened is https://skywalker.rodanandfields.com
[INFO ] 2018-03-15 11:27:56.668 [main] RFWebsiteDriver - Waiting for LSD loading image to get disappear
[INFO ] 2018-03-15 11:27:56.871 [main] RFWebsiteDriver - LSD Animation image disappears
[INFO ] 2018-03-15 11:27:56.872 [main] RFWebsiteDriver - Waiting for LSD loading image to get disappear
[INFO ] 2018-03-15 11:27:57.952 [main] RFWebsiteDriver - waiting..
[INFO ] 2018-03-15 11:27:58.975 [main] RFWebsiteDriver - waiting..
[INFO ] 2018-03-15 11:27:59.988 [main] RFWebsiteDriver - waiting..
[INFO ] 2018-03-15 11:28:00.002 [main] RFWebsiteDriver - LSD loading image disappears
[INFO ] 2018-03-15 11:28:00.002 [main] RFWebsiteDriver - waiting for locator By.xpath: //div[@id='rf-nav-wrapper']/descendant::span[text()='Pulse'][1]
[INFO ] 2018-03-15 11:28:00.037 [main] RFWebsiteDriver - Element found
[INFO ] 2018-03-15 11:28:00.037 [main] RFWebsiteDriver - wait started for By.xpath: //div[@id='rf-nav-wrapper']/descendant::span[text()='Pulse'][1]
[INFO ] 2018-03-15 11:28:00.037 [main] RFWebsiteDriver - waiting for locator By.xpath: //div[@id='rf-nav-wrapper']/descendant::span[text()='Pulse'][1]
[INFO ] 2018-03-15 11:28:00.049 [main] RFWebsiteDriver - Element found
[INFO ] 2018-03-15 11:28:00.049 [main] RFWebsiteDriver - Pulse in top navigation ready to be clicked
[INFO ] 2018-03-15 11:28:00.238 [main] RFWebsiteDriver - CLICKED on Pulse in top navigation
[INFO ] 2018-03-15 11:28:00.239 [main] LSDRFWebsiteBasePage - Pulse in top navigation clicked
[INFO ] 2018-03-15 11:28:00.239 [main] LSDRFWebsiteBasePage - Logging out from pulse application
[INFO ] 2018-03-15 11:28:00.327 [main] RFWebsiteDriver - CLICKED on 
[INFO ] 2018-03-15 11:28:00.328 [main] RFWebsiteDriver - Waiting for LSD loading image to get disappear
[INFO ] 2018-03-15 11:28:00.351 [main] RFWebsiteDriver - LSD loading image disappears
