[DEBUG] 2018-02-28 15:43:45.236 [main] RFBaseTest - Started execution with  null
[INFO ] 2018-02-28 15:43:45.241 [main] RFBaseTest - Environment properties are not provided by the user ... loading the default properties
[INFO ] 2018-02-28 15:43:45.242 [main] RFBaseTest - Default Browser is  ------ chrome
[INFO ] 2018-02-28 15:43:45.242 [main] RFBaseTest - Default URL is  ------ https://skywalker.rodanandfields.com
[INFO ] 2018-02-28 15:43:45.242 [main] RFBaseTest - Default user password is  ------ 111Maiden$
[INFO ] 2018-02-28 15:43:45.242 [main] RFBaseTest - Default Country is  ------ us
[INFO ] 2018-02-28 15:43:45.242 [main] RFBaseTest - Default DB IP is  ------ 10.3.0.218
[INFO ] 2018-02-28 15:43:45.242 [main] RFBaseTest - Default DB Username is  ------ perftest
[INFO ] 2018-02-28 15:43:45.242 [main] RFBaseTest - Default DB Password is  ------ perftest
[INFO ] 2018-02-28 15:43:45.243 [main] RFBaseTest - Default DB Domain is  ------ RF
[INFO ] 2018-02-28 15:43:51.116 [main] RFWebsiteDriver - Window is maximized
[INFO ] 2018-02-28 15:43:51.116 [main] RFWebsiteDriver - All cookies deleted
[INFO ] 2018-02-28 15:43:51.116 [main] RFWebsiteDriver - URL opened is https://skywalker.rodanandfields.com
[INFO ] 2018-02-28 15:43:54.378 [main] RFLSDWebsiteBaseTest - Application loaded
[INFO ] 2018-02-28 15:43:54.398 [main] RFWebsiteDriver - DB connections are set
[INFO ] 2018-02-28 15:43:54.498 [main] DBUtil - QUERY TRIGGERED IS SELECT TOP 1 FROM    Commissions.calcs.vwQualificationSummary WHERE SV <> 0 AND PSQV <> 0  AND ECLegs > 2 AND L1L2 <> 0  AND L1L6 <> 0 AND PeriodID = LEFT(CONVERT(VARCHAR, GETDATE(), 112), 6) ORDER BY NEWID()

[INFO ] 2018-02-28 15:43:55.819 [main] TestListner - 
******************************************************************************************************************************
					TEST CASE NAME:                  testConsultantCardComponents_2876q
******************************************************************************************************************************
[INFO ] 2018-02-28 15:43:55.891 [main] TestListner - 
******************************************************************************************************************************
					TEST CASE NAME:                  testConsultantCardComponents_2876q
******************************************************************************************************************************
[INFO ] 2018-02-28 15:43:55.892 [main] TestListner - [TEST IS SKIPPED -------- Test case testConsultantCardComponents_2876q skipped]
[INFO ] 2018-02-28 15:43:56.024 [main] TestListner - [TEST IS SKIPPED -------- Test case testConsultantCardComponents_2876q skipped]
[INFO ] 2018-02-28 15:43:56.028 [main] TestListner - 
******************************************************************************************************************************
					TEST CASE NAME:                  testFAQNavigation_2953q
******************************************************************************************************************************
[INFO ] 2018-02-28 15:43:56.032 [main] TestListner - 
******************************************************************************************************************************
					TEST CASE NAME:                  testFAQNavigation_2953q
******************************************************************************************************************************
[INFO ] 2018-02-28 15:43:56.033 [main] TestListner - [TEST IS SKIPPED -------- Test case testFAQNavigation_2953q skipped]
[INFO ] 2018-02-28 15:43:56.037 [main] TestListner - [TEST IS SKIPPED -------- Test case testFAQNavigation_2953q skipped]
[INFO ] 2018-02-28 15:43:56.043 [main] TestListner - 
******************************************************************************************************************************
					TEST CASE NAME:                  testMainMenuLinks_2631q
******************************************************************************************************************************
[INFO ] 2018-02-28 15:43:56.047 [main] TestListner - 
******************************************************************************************************************************
					TEST CASE NAME:                  testMainMenuLinks_2631q
******************************************************************************************************************************
[INFO ] 2018-02-28 15:43:56.048 [main] TestListner - [TEST IS SKIPPED -------- Test case testMainMenuLinks_2631q skipped]
[INFO ] 2018-02-28 15:43:56.052 [main] TestListner - [TEST IS SKIPPED -------- Test case testMainMenuLinks_2631q skipped]
[INFO ] 2018-02-28 15:43:56.056 [main] TestListner - 
******************************************************************************************************************************
					TEST CASE NAME:                  testSortingMenuForViewAllConsultants_3328q
******************************************************************************************************************************
[INFO ] 2018-02-28 15:43:56.060 [main] TestListner - 
******************************************************************************************************************************
					TEST CASE NAME:                  testSortingMenuForViewAllConsultants_3328q
******************************************************************************************************************************
[INFO ] 2018-02-28 15:43:56.060 [main] TestListner - [TEST IS SKIPPED -------- Test case testSortingMenuForViewAllConsultants_3328q skipped]
[INFO ] 2018-02-28 15:43:56.065 [main] TestListner - [TEST IS SKIPPED -------- Test case testSortingMenuForViewAllConsultants_3328q skipped]
[INFO ] 2018-02-28 15:43:56.071 [main] TestListner - 
******************************************************************************************************************************
					TEST CASE NAME:                  testVerifyTabsWith6Level_3238q
******************************************************************************************************************************
[INFO ] 2018-02-28 15:43:56.074 [main] TestListner - 
******************************************************************************************************************************
					TEST CASE NAME:                  testVerifyTabsWith6Level_3238q
******************************************************************************************************************************
[INFO ] 2018-02-28 15:43:56.074 [main] TestListner - [TEST IS SKIPPED -------- Test case testVerifyTabsWith6Level_3238q skipped]
[INFO ] 2018-02-28 15:43:56.079 [main] TestListner - [TEST IS SKIPPED -------- Test case testVerifyTabsWith6Level_3238q skipped]
[INFO ] 2018-02-28 15:43:56.083 [main] TestListner - 
******************************************************************************************************************************
					TEST CASE NAME:                  testVerifyLeadTheWayLink_1455q
******************************************************************************************************************************
[INFO ] 2018-02-28 15:43:56.086 [main] TestListner - 
******************************************************************************************************************************
					TEST CASE NAME:                  testVerifyLeadTheWayLink_1455q
******************************************************************************************************************************
[INFO ] 2018-02-28 15:43:56.087 [main] TestListner - [TEST IS SKIPPED -------- Test case testVerifyLeadTheWayLink_1455q skipped]
[INFO ] 2018-02-28 15:43:56.101 [main] TestListner - [TEST IS SKIPPED -------- Test case testVerifyLeadTheWayLink_1455q skipped]
[INFO ] 2018-02-28 15:43:56.105 [main] TestListner - 
******************************************************************************************************************************
					TEST CASE NAME:                  testVerifyRFConnectionLink_1456q
******************************************************************************************************************************
[INFO ] 2018-02-28 15:43:56.112 [main] TestListner - 
******************************************************************************************************************************
					TEST CASE NAME:                  testVerifyRFConnectionLink_1456q
******************************************************************************************************************************
[INFO ] 2018-02-28 15:43:56.113 [main] TestListner - [TEST IS SKIPPED -------- Test case testVerifyRFConnectionLink_1456q skipped]
[INFO ] 2018-02-28 15:43:56.124 [main] TestListner - [TEST IS SKIPPED -------- Test case testVerifyRFConnectionLink_1456q skipped]
[INFO ] 2018-02-28 15:43:56.141 [main] TestListner - 
******************************************************************************************************************************
					TEST CASE NAME:                  testVerifyRFJourneyLink_1457q
******************************************************************************************************************************
[INFO ] 2018-02-28 15:43:56.147 [main] TestListner - 
******************************************************************************************************************************
					TEST CASE NAME:                  testVerifyRFJourneyLink_1457q
******************************************************************************************************************************
[INFO ] 2018-02-28 15:43:56.147 [main] TestListner - [TEST IS SKIPPED -------- Test case testVerifyRFJourneyLink_1457q skipped]
[INFO ] 2018-02-28 15:43:56.153 [main] TestListner - [TEST IS SKIPPED -------- Test case testVerifyRFJourneyLink_1457q skipped]
[INFO ] 2018-02-28 15:43:56.158 [main] TestListner - 
******************************************************************************************************************************
					TEST CASE NAME:                  testVerifyRFMallLink_1458q
******************************************************************************************************************************
[INFO ] 2018-02-28 15:43:56.162 [main] TestListner - 
******************************************************************************************************************************
					TEST CASE NAME:                  testVerifyRFMallLink_1458q
******************************************************************************************************************************
[INFO ] 2018-02-28 15:43:56.163 [main] TestListner - [TEST IS SKIPPED -------- Test case testVerifyRFMallLink_1458q skipped]
[INFO ] 2018-02-28 15:43:56.172 [main] TestListner - [TEST IS SKIPPED -------- Test case testVerifyRFMallLink_1458q skipped]
[INFO ] 2018-02-28 15:43:56.174 [main] TestListner - 
******************************************************************************************************************************
					TEST CASE NAME:                  testVerifyRFPaydayLink_1459q
******************************************************************************************************************************
[INFO ] 2018-02-28 15:43:56.177 [main] TestListner - 
******************************************************************************************************************************
					TEST CASE NAME:                  testVerifyRFPaydayLink_1459q
******************************************************************************************************************************
[INFO ] 2018-02-28 15:43:56.178 [main] TestListner - [TEST IS SKIPPED -------- Test case testVerifyRFPaydayLink_1459q skipped]
[INFO ] 2018-02-28 15:43:56.190 [main] TestListner - [TEST IS SKIPPED -------- Test case testVerifyRFPaydayLink_1459q skipped]
[INFO ] 2018-02-28 15:43:56.194 [main] TestListner - 
******************************************************************************************************************************
					TEST CASE NAME:                  testVerifyLinkCommsCorner_1447q
******************************************************************************************************************************
[INFO ] 2018-02-28 15:43:56.199 [main] TestListner - 
******************************************************************************************************************************
					TEST CASE NAME:                  testVerifyLinkCommsCorner_1447q
******************************************************************************************************************************
[INFO ] 2018-02-28 15:43:56.199 [main] TestListner - [TEST IS SKIPPED -------- Test case testVerifyLinkCommsCorner_1447q skipped]
[INFO ] 2018-02-28 15:43:56.224 [main] TestListner - [TEST IS SKIPPED -------- Test case testVerifyLinkCommsCorner_1447q skipped]
[INFO ] 2018-02-28 15:43:56.226 [main] TestListner - 
******************************************************************************************************************************
					TEST CASE NAME:                  testVerifyLinkConsultantLEDEvents_1448
******************************************************************************************************************************
[INFO ] 2018-02-28 15:43:56.232 [main] TestListner - 
******************************************************************************************************************************
					TEST CASE NAME:                  testVerifyLinkConsultantLEDEvents_1448
******************************************************************************************************************************
[INFO ] 2018-02-28 15:43:56.233 [main] TestListner - [TEST IS SKIPPED -------- Test case testVerifyLinkConsultantLEDEvents_1448 skipped]
[INFO ] 2018-02-28 15:43:56.239 [main] TestListner - [TEST IS SKIPPED -------- Test case testVerifyLinkConsultantLEDEvents_1448 skipped]
[INFO ] 2018-02-28 15:43:56.247 [main] TestListner - 
******************************************************************************************************************************
					TEST CASE NAME:                  testVerifyLinkCorporateEvents_1449q
******************************************************************************************************************************
[INFO ] 2018-02-28 15:43:56.253 [main] TestListner - 
******************************************************************************************************************************
					TEST CASE NAME:                  testVerifyLinkCorporateEvents_1449q
******************************************************************************************************************************
[INFO ] 2018-02-28 15:43:56.254 [main] TestListner - [TEST IS SKIPPED -------- Test case testVerifyLinkCorporateEvents_1449q skipped]
[INFO ] 2018-02-28 15:43:56.260 [main] TestListner - [TEST IS SKIPPED -------- Test case testVerifyLinkCorporateEvents_1449q skipped]
[INFO ] 2018-02-28 15:43:56.275 [main] TestListner - 
******************************************************************************************************************************
					TEST CASE NAME:                  testVerifyLinkGettingStarted_1450q
******************************************************************************************************************************
[INFO ] 2018-02-28 15:43:56.280 [main] TestListner - 
******************************************************************************************************************************
					TEST CASE NAME:                  testVerifyLinkGettingStarted_1450q
******************************************************************************************************************************
[INFO ] 2018-02-28 15:43:56.280 [main] TestListner - [TEST IS SKIPPED -------- Test case testVerifyLinkGettingStarted_1450q skipped]
[INFO ] 2018-02-28 15:43:56.289 [main] TestListner - [TEST IS SKIPPED -------- Test case testVerifyLinkGettingStarted_1450q skipped]
[INFO ] 2018-02-28 15:43:56.308 [main] TestListner - 
******************************************************************************************************************************
					TEST CASE NAME:                  test2InitialIcon_2547q
******************************************************************************************************************************
[INFO ] 2018-02-28 15:43:56.311 [main] TestListner - 
******************************************************************************************************************************
					TEST CASE NAME:                  test2InitialIcon_2547q
******************************************************************************************************************************
[INFO ] 2018-02-28 15:43:56.312 [main] TestListner - [TEST IS SKIPPED -------- Test case test2InitialIcon_2547q skipped]
[INFO ] 2018-02-28 15:43:56.321 [main] TestListner - [TEST IS SKIPPED -------- Test case test2InitialIcon_2547q skipped]
[INFO ] 2018-02-28 15:43:56.325 [main] TestListner - 
******************************************************************************************************************************
					TEST CASE NAME:                  testCRPAutoshipProcessedInPastForThismonth_2522q
******************************************************************************************************************************
[INFO ] 2018-02-28 15:43:56.328 [main] TestListner - 
******************************************************************************************************************************
					TEST CASE NAME:                  testCRPAutoshipProcessedInPastForThismonth_2522q
******************************************************************************************************************************
[INFO ] 2018-02-28 15:43:56.328 [main] TestListner - [TEST IS SKIPPED -------- Test case testCRPAutoshipProcessedInPastForThismonth_2522q skipped]
[INFO ] 2018-02-28 15:43:56.341 [main] TestListner - [TEST IS SKIPPED -------- Test case testCRPAutoshipProcessedInPastForThismonth_2522q skipped]
[INFO ] 2018-02-28 15:43:56.350 [main] TestListner - 
******************************************************************************************************************************
					TEST CASE NAME:                  testColorOfPSQVValueAndPSQVRingEqualsTo0_2470q
******************************************************************************************************************************
[INFO ] 2018-02-28 15:43:56.354 [main] TestListner - 
******************************************************************************************************************************
					TEST CASE NAME:                  testColorOfPSQVValueAndPSQVRingEqualsTo0_2470q
******************************************************************************************************************************
[INFO ] 2018-02-28 15:43:56.354 [main] TestListner - [TEST IS SKIPPED -------- Test case testColorOfPSQVValueAndPSQVRingEqualsTo0_2470q skipped]
[INFO ] 2018-02-28 15:43:56.363 [main] TestListner - [TEST IS SKIPPED -------- Test case testColorOfPSQVValueAndPSQVRingEqualsTo0_2470q skipped]
[INFO ] 2018-02-28 15:43:56.368 [main] TestListner - 
******************************************************************************************************************************
					TEST CASE NAME:                  testColorOfPSQVValueAndPSQVRingGreaterThan600_3128q
******************************************************************************************************************************
[INFO ] 2018-02-28 15:43:56.371 [main] TestListner - 
******************************************************************************************************************************
					TEST CASE NAME:                  testColorOfPSQVValueAndPSQVRingGreaterThan600_3128q
******************************************************************************************************************************
[INFO ] 2018-02-28 15:43:56.372 [main] TestListner - [TEST IS SKIPPED -------- Test case testColorOfPSQVValueAndPSQVRingGreaterThan600_3128q skipped]
[INFO ] 2018-02-28 15:43:56.382 [main] TestListner - [TEST IS SKIPPED -------- Test case testColorOfPSQVValueAndPSQVRingGreaterThan600_3128q skipped]
[INFO ] 2018-02-28 15:43:56.392 [main] TestListner - 
******************************************************************************************************************************
					TEST CASE NAME:                  testColorOfPSQVValueAndPSQVRingLessThan600_3127q
******************************************************************************************************************************
[INFO ] 2018-02-28 15:43:56.397 [main] TestListner - 
******************************************************************************************************************************
					TEST CASE NAME:                  testColorOfPSQVValueAndPSQVRingLessThan600_3127q
******************************************************************************************************************************
[INFO ] 2018-02-28 15:43:56.397 [main] TestListner - [TEST IS SKIPPED -------- Test case testColorOfPSQVValueAndPSQVRingLessThan600_3127q skipped]
[INFO ] 2018-02-28 15:43:56.416 [main] TestListner - [TEST IS SKIPPED -------- Test case testColorOfPSQVValueAndPSQVRingLessThan600_3127q skipped]
[INFO ] 2018-02-28 15:43:56.419 [main] TestListner - 
******************************************************************************************************************************
					TEST CASE NAME:                  testColorOfSVValueAndSVRingForEqualsTo0_2469q
******************************************************************************************************************************
[INFO ] 2018-02-28 15:43:56.427 [main] TestListner - 
******************************************************************************************************************************
					TEST CASE NAME:                  testColorOfSVValueAndSVRingForEqualsTo0_2469q
******************************************************************************************************************************
[INFO ] 2018-02-28 15:43:56.427 [main] TestListner - [TEST IS SKIPPED -------- Test case testColorOfSVValueAndSVRingForEqualsTo0_2469q skipped]
[INFO ] 2018-02-28 15:43:56.432 [main] TestListner - [TEST IS SKIPPED -------- Test case testColorOfSVValueAndSVRingForEqualsTo0_2469q skipped]
[INFO ] 2018-02-28 15:43:56.437 [main] TestListner - 
******************************************************************************************************************************
					TEST CASE NAME:                  testColorOfSVValueAndSVRingGreaterThan100_3125q
******************************************************************************************************************************
[INFO ] 2018-02-28 15:43:56.448 [main] TestListner - 
******************************************************************************************************************************
					TEST CASE NAME:                  testColorOfSVValueAndSVRingGreaterThan100_3125q
******************************************************************************************************************************
[INFO ] 2018-02-28 15:43:56.448 [main] TestListner - [TEST IS SKIPPED -------- Test case testColorOfSVValueAndSVRingGreaterThan100_3125q skipped]
[INFO ] 2018-02-28 15:43:56.469 [main] TestListner - [TEST IS SKIPPED -------- Test case testColorOfSVValueAndSVRingGreaterThan100_3125q skipped]
[INFO ] 2018-02-28 15:43:56.475 [main] TestListner - 
******************************************************************************************************************************
					TEST CASE NAME:                  testColorOfSVValueAndSVRingLessThan100_3126q
******************************************************************************************************************************
[INFO ] 2018-02-28 15:43:56.477 [main] TestListner - 
******************************************************************************************************************************
					TEST CASE NAME:                  testColorOfSVValueAndSVRingLessThan100_3126q
******************************************************************************************************************************
[INFO ] 2018-02-28 15:43:56.477 [main] TestListner - [TEST IS SKIPPED -------- Test case testColorOfSVValueAndSVRingLessThan100_3126q skipped]
[INFO ] 2018-02-28 15:43:56.482 [main] TestListner - [TEST IS SKIPPED -------- Test case testColorOfSVValueAndSVRingLessThan100_3126q skipped]
[INFO ] 2018-02-28 15:43:56.490 [main] TestListner - 
******************************************************************************************************************************
					TEST CASE NAME:                  testConsultantOverviewDetails_2420q
******************************************************************************************************************************
[INFO ] 2018-02-28 15:43:56.493 [main] TestListner - 
******************************************************************************************************************************
					TEST CASE NAME:                  testConsultantOverviewDetails_2420q
******************************************************************************************************************************
[INFO ] 2018-02-28 15:43:56.493 [main] TestListner - [TEST IS SKIPPED -------- Test case testConsultantOverviewDetails_2420q skipped]
[INFO ] 2018-02-28 15:43:56.498 [main] TestListner - [TEST IS SKIPPED -------- Test case testConsultantOverviewDetails_2420q skipped]
[INFO ] 2018-02-28 15:43:56.508 [main] TestListner - 
******************************************************************************************************************************
					TEST CASE NAME:                  testConsultantsOnMyLevel1Value_2539q
******************************************************************************************************************************
[INFO ] 2018-02-28 15:43:56.514 [main] TestListner - 
******************************************************************************************************************************
					TEST CASE NAME:                  testConsultantsOnMyLevel1Value_2539q
******************************************************************************************************************************
[INFO ] 2018-02-28 15:43:56.514 [main] TestListner - [TEST IS SKIPPED -------- Test case testConsultantsOnMyLevel1Value_2539q skipped]
[INFO ] 2018-02-28 15:43:56.523 [main] TestListner - [TEST IS SKIPPED -------- Test case testConsultantsOnMyLevel1Value_2539q skipped]
[INFO ] 2018-02-28 15:43:56.526 [main] TestListner - 
******************************************************************************************************************************
					TEST CASE NAME:                  testCurrentProgressEstSVValue_2467q
******************************************************************************************************************************
[INFO ] 2018-02-28 15:43:56.530 [main] TestListner - 
******************************************************************************************************************************
					TEST CASE NAME:                  testCurrentProgressEstSVValue_2467q
******************************************************************************************************************************
[INFO ] 2018-02-28 15:43:56.530 [main] TestListner - [TEST IS SKIPPED -------- Test case testCurrentProgressEstSVValue_2467q skipped]
[INFO ] 2018-02-28 15:43:56.535 [main] TestListner - [TEST IS SKIPPED -------- Test case testCurrentProgressEstSVValue_2467q skipped]
[INFO ] 2018-02-28 15:43:56.537 [main] TestListner - 
******************************************************************************************************************************
					TEST CASE NAME:                  testDeactivatedPCCardDetails_2988q
******************************************************************************************************************************
[INFO ] 2018-02-28 15:43:56.540 [main] TestListner - 
******************************************************************************************************************************
					TEST CASE NAME:                  testDeactivatedPCCardDetails_2988q
******************************************************************************************************************************
[INFO ] 2018-02-28 15:43:56.540 [main] TestListner - [TEST IS SKIPPED -------- Test case testDeactivatedPCCardDetails_2988q skipped]
[INFO ] 2018-02-28 15:43:56.552 [main] TestListner - [TEST IS SKIPPED -------- Test case testDeactivatedPCCardDetails_2988q skipped]
[INFO ] 2018-02-28 15:43:56.554 [main] TestListner - 
******************************************************************************************************************************
					TEST CASE NAME:                  testDownlineReportLink_2561q
******************************************************************************************************************************
[INFO ] 2018-02-28 15:43:56.559 [main] TestListner - 
******************************************************************************************************************************
					TEST CASE NAME:                  testDownlineReportLink_2561q
******************************************************************************************************************************
[INFO ] 2018-02-28 15:43:56.559 [main] TestListner - [TEST IS SKIPPED -------- Test case testDownlineReportLink_2561q skipped]
[INFO ] 2018-02-28 15:43:56.564 [main] TestListner - [TEST IS SKIPPED -------- Test case testDownlineReportLink_2561q skipped]
[INFO ] 2018-02-28 15:43:56.570 [main] TestListner - 
******************************************************************************************************************************
					TEST CASE NAME:                  testECLegsValue_2476q
******************************************************************************************************************************
[INFO ] 2018-02-28 15:43:56.573 [main] TestListner - 
******************************************************************************************************************************
					TEST CASE NAME:                  testECLegsValue_2476q
******************************************************************************************************************************
[INFO ] 2018-02-28 15:43:56.573 [main] TestListner - [TEST IS SKIPPED -------- Test case testECLegsValue_2476q skipped]
[INFO ] 2018-02-28 15:43:56.578 [main] TestListner - [TEST IS SKIPPED -------- Test case testECLegsValue_2476q skipped]
[INFO ] 2018-02-28 15:43:56.584 [main] TestListner - 
******************************************************************************************************************************
					TEST CASE NAME:                  testEarningsStatementsReportLink_2562q
******************************************************************************************************************************
[INFO ] 2018-02-28 15:43:56.587 [main] TestListner - 
******************************************************************************************************************************
					TEST CASE NAME:                  testEarningsStatementsReportLink_2562q
******************************************************************************************************************************
[INFO ] 2018-02-28 15:43:56.587 [main] TestListner - [TEST IS SKIPPED -------- Test case testEarningsStatementsReportLink_2562q skipped]
[INFO ] 2018-02-28 15:43:56.635 [main] TestListner - [TEST IS SKIPPED -------- Test case testEarningsStatementsReportLink_2562q skipped]
[INFO ] 2018-02-28 15:43:56.637 [main] TestListner - 
******************************************************************************************************************************
					TEST CASE NAME:                  testEnrollmentDate_2545q_2626q
******************************************************************************************************************************
[INFO ] 2018-02-28 15:43:56.640 [main] TestListner - 
******************************************************************************************************************************
					TEST CASE NAME:                  testEnrollmentDate_2545q_2626q
******************************************************************************************************************************
[INFO ] 2018-02-28 15:43:56.641 [main] TestListner - [TEST IS SKIPPED -------- Test case testEnrollmentDate_2545q_2626q skipped]
[INFO ] 2018-02-28 15:43:56.652 [main] TestListner - [TEST IS SKIPPED -------- Test case testEnrollmentDate_2545q_2626q skipped]
[INFO ] 2018-02-28 15:43:56.673 [main] TestListner - 
******************************************************************************************************************************
					TEST CASE NAME:                  testEnrollmentSponsor_2535q
******************************************************************************************************************************
[INFO ] 2018-02-28 15:43:56.676 [main] TestListner - 
******************************************************************************************************************************
					TEST CASE NAME:                  testEnrollmentSponsor_2535q
******************************************************************************************************************************
[INFO ] 2018-02-28 15:43:56.676 [main] TestListner - [TEST IS SKIPPED -------- Test case testEnrollmentSponsor_2535q skipped]
[INFO ] 2018-02-28 15:43:56.713 [main] TestListner - [TEST IS SKIPPED -------- Test case testEnrollmentSponsor_2535q skipped]
[INFO ] 2018-02-28 15:43:56.718 [main] TestListner - 
******************************************************************************************************************************
					TEST CASE NAME:                  testEstPSQVValue_2468q
******************************************************************************************************************************
[INFO ] 2018-02-28 15:43:56.721 [main] TestListner - 
******************************************************************************************************************************
					TEST CASE NAME:                  testEstPSQVValue_2468q
******************************************************************************************************************************
[INFO ] 2018-02-28 15:43:56.721 [main] TestListner - [TEST IS SKIPPED -------- Test case testEstPSQVValue_2468q skipped]
[INFO ] 2018-02-28 15:43:56.725 [main] TestListner - [TEST IS SKIPPED -------- Test case testEstPSQVValue_2468q skipped]
[INFO ] 2018-02-28 15:43:56.733 [main] TestListner - 
******************************************************************************************************************************
					TEST CASE NAME:                  testFullNameFromCard_2634q
******************************************************************************************************************************
[INFO ] 2018-02-28 15:43:56.737 [main] TestListner - 
******************************************************************************************************************************
					TEST CASE NAME:                  testFullNameFromCard_2634q
******************************************************************************************************************************
[INFO ] 2018-02-28 15:43:56.737 [main] TestListner - [TEST IS SKIPPED -------- Test case testFullNameFromCard_2634q skipped]
[INFO ] 2018-02-28 15:43:56.749 [main] TestListner - [TEST IS SKIPPED -------- Test case testFullNameFromCard_2634q skipped]
[INFO ] 2018-02-28 15:43:56.753 [main] TestListner - 
******************************************************************************************************************************
					TEST CASE NAME:                  testGreetingAndFirstName_2546q
******************************************************************************************************************************
[INFO ] 2018-02-28 15:43:56.756 [main] TestListner - 
******************************************************************************************************************************
					TEST CASE NAME:                  testGreetingAndFirstName_2546q
******************************************************************************************************************************
[INFO ] 2018-02-28 15:43:56.756 [main] TestListner - [TEST IS SKIPPED -------- Test case testGreetingAndFirstName_2546q skipped]
[INFO ] 2018-02-28 15:43:56.764 [main] TestListner - [TEST IS SKIPPED -------- Test case testGreetingAndFirstName_2546q skipped]
[INFO ] 2018-02-28 15:43:56.766 [main] TestListner - 
******************************************************************************************************************************
					TEST CASE NAME:                  testL1L2QualifyingVolumeValue_2418q
******************************************************************************************************************************
[INFO ] 2018-02-28 15:43:56.770 [main] TestListner - 
******************************************************************************************************************************
					TEST CASE NAME:                  testL1L2QualifyingVolumeValue_2418q
******************************************************************************************************************************
[INFO ] 2018-02-28 15:43:56.770 [main] TestListner - [TEST IS SKIPPED -------- Test case testL1L2QualifyingVolumeValue_2418q skipped]
[INFO ] 2018-02-28 15:43:56.790 [main] TestListner - [TEST IS SKIPPED -------- Test case testL1L2QualifyingVolumeValue_2418q skipped]
[INFO ] 2018-02-28 15:43:56.796 [main] TestListner - 
******************************************************************************************************************************
					TEST CASE NAME:                  testL1L2QualifyingVolumeValue_2541q
******************************************************************************************************************************
[INFO ] 2018-02-28 15:43:56.799 [main] TestListner - 
******************************************************************************************************************************
					TEST CASE NAME:                  testL1L2QualifyingVolumeValue_2541q
******************************************************************************************************************************
[INFO ] 2018-02-28 15:43:56.801 [main] TestListner - [TEST IS SKIPPED -------- Test case testL1L2QualifyingVolumeValue_2541q skipped]
[INFO ] 2018-02-28 15:43:56.830 [main] TestListner - [TEST IS SKIPPED -------- Test case testL1L2QualifyingVolumeValue_2541q skipped]
[INFO ] 2018-02-28 15:43:56.832 [main] TestListner - 
******************************************************************************************************************************
					TEST CASE NAME:                  testL1L6QualifyingVolumeValue_2419q
******************************************************************************************************************************
[INFO ] 2018-02-28 15:43:56.838 [main] TestListner - 
******************************************************************************************************************************
					TEST CASE NAME:                  testL1L6QualifyingVolumeValue_2419q
******************************************************************************************************************************
[INFO ] 2018-02-28 15:43:56.838 [main] TestListner - [TEST IS SKIPPED -------- Test case testL1L6QualifyingVolumeValue_2419q skipped]
[INFO ] 2018-02-28 15:43:56.846 [main] TestListner - [TEST IS SKIPPED -------- Test case testL1L6QualifyingVolumeValue_2419q skipped]
[INFO ] 2018-02-28 15:43:56.848 [main] TestListner - 
******************************************************************************************************************************
					TEST CASE NAME:                  testL1L6QualifyingVolumeValue_2542q
******************************************************************************************************************************
[INFO ] 2018-02-28 15:43:56.850 [main] TestListner - 
******************************************************************************************************************************
					TEST CASE NAME:                  testL1L6QualifyingVolumeValue_2542q
******************************************************************************************************************************
[INFO ] 2018-02-28 15:43:56.851 [main] TestListner - [TEST IS SKIPPED -------- Test case testL1L6QualifyingVolumeValue_2542q skipped]
[INFO ] 2018-02-28 15:43:56.855 [main] TestListner - [TEST IS SKIPPED -------- Test case testL1L6QualifyingVolumeValue_2542q skipped]
[INFO ] 2018-02-28 15:43:56.856 [main] TestListner - 
******************************************************************************************************************************
					TEST CASE NAME:                  testPCAutoshipsThisMonthValue_2537q
******************************************************************************************************************************
[INFO ] 2018-02-28 15:43:56.867 [main] TestListner - 
******************************************************************************************************************************
					TEST CASE NAME:                  testPCAutoshipsThisMonthValue_2537q
******************************************************************************************************************************
[INFO ] 2018-02-28 15:43:56.867 [main] TestListner - [TEST IS SKIPPED -------- Test case testPCAutoshipsThisMonthValue_2537q skipped]
[INFO ] 2018-02-28 15:43:56.872 [main] TestListner - [TEST IS SKIPPED -------- Test case testPCAutoshipsThisMonthValue_2537q skipped]
[INFO ] 2018-02-28 15:43:56.875 [main] TestListner - 
******************************************************************************************************************************
					TEST CASE NAME:                  testPCWithOrdersValue_2536q
******************************************************************************************************************************
[INFO ] 2018-02-28 15:43:56.877 [main] TestListner - 
******************************************************************************************************************************
					TEST CASE NAME:                  testPCWithOrdersValue_2536q
******************************************************************************************************************************
[INFO ] 2018-02-28 15:43:56.878 [main] TestListner - [TEST IS SKIPPED -------- Test case testPCWithOrdersValue_2536q skipped]
[INFO ] 2018-02-28 15:43:56.883 [main] TestListner - [TEST IS SKIPPED -------- Test case testPCWithOrdersValue_2536q skipped]
[INFO ] 2018-02-28 15:43:56.887 [main] TestListner - 
******************************************************************************************************************************
					TEST CASE NAME:                  testPSQVValueFromCard_2635q
******************************************************************************************************************************
[INFO ] 2018-02-28 15:43:56.889 [main] TestListner - 
******************************************************************************************************************************
					TEST CASE NAME:                  testPSQVValueFromCard_2635q
******************************************************************************************************************************
[INFO ] 2018-02-28 15:43:56.889 [main] TestListner - [TEST IS SKIPPED -------- Test case testPSQVValueFromCard_2635q skipped]
[INFO ] 2018-02-28 15:43:56.893 [main] TestListner - [TEST IS SKIPPED -------- Test case testPSQVValueFromCard_2635q skipped]
[INFO ] 2018-02-28 15:43:56.896 [main] TestListner - 
******************************************************************************************************************************
					TEST CASE NAME:                  testPSQVValue_2395q
******************************************************************************************************************************
[INFO ] 2018-02-28 15:43:56.898 [main] TestListner - 
******************************************************************************************************************************
					TEST CASE NAME:                  testPSQVValue_2395q
******************************************************************************************************************************
[INFO ] 2018-02-28 15:43:56.898 [main] TestListner - [TEST IS SKIPPED -------- Test case testPSQVValue_2395q skipped]
[INFO ] 2018-02-28 15:43:56.905 [main] TestListner - [TEST IS SKIPPED -------- Test case testPSQVValue_2395q skipped]
[INFO ] 2018-02-28 15:43:56.907 [main] TestListner - 
******************************************************************************************************************************
					TEST CASE NAME:                  testPendingPCAutoships_3017q
******************************************************************************************************************************
[INFO ] 2018-02-28 15:43:56.909 [main] TestListner - 
******************************************************************************************************************************
					TEST CASE NAME:                  testPendingPCAutoships_3017q
******************************************************************************************************************************
[INFO ] 2018-02-28 15:43:56.910 [main] TestListner - [TEST IS SKIPPED -------- Test case testPendingPCAutoships_3017q skipped]
[INFO ] 2018-02-28 15:43:56.915 [main] TestListner - [TEST IS SKIPPED -------- Test case testPendingPCAutoships_3017q skipped]
[INFO ] 2018-02-28 15:43:56.917 [main] TestListner - 
******************************************************************************************************************************
					TEST CASE NAME:                  testPendingPCAutoships_3017q_3353q
******************************************************************************************************************************
[INFO ] 2018-02-28 15:43:56.920 [main] TestListner - 
******************************************************************************************************************************
					TEST CASE NAME:                  testPendingPCAutoships_3017q_3353q
******************************************************************************************************************************
[INFO ] 2018-02-28 15:43:56.920 [main] TestListner - [TEST IS SKIPPED -------- Test case testPendingPCAutoships_3017q_3353q skipped]
[INFO ] 2018-02-28 15:43:56.923 [main] TestListner - [TEST IS SKIPPED -------- Test case testPendingPCAutoships_3017q_3353q skipped]
[INFO ] 2018-02-28 15:43:56.925 [main] TestListner - 
******************************************************************************************************************************
					TEST CASE NAME:                  testPerformanceSponsorDetails_2534q
******************************************************************************************************************************
[INFO ] 2018-02-28 15:43:56.928 [main] TestListner - 
******************************************************************************************************************************
					TEST CASE NAME:                  testPerformanceSponsorDetails_2534q
******************************************************************************************************************************
[INFO ] 2018-02-28 15:43:56.928 [main] TestListner - [TEST IS SKIPPED -------- Test case testPerformanceSponsorDetails_2534q skipped]
[INFO ] 2018-02-28 15:43:56.932 [main] TestListner - [TEST IS SKIPPED -------- Test case testPerformanceSponsorDetails_2534q skipped]
[INFO ] 2018-02-28 15:43:56.934 [main] TestListner - 
******************************************************************************************************************************
					TEST CASE NAME:                  testProcessedPCAutoships_3015q_3351q
******************************************************************************************************************************
[INFO ] 2018-02-28 15:43:56.937 [main] TestListner - 
******************************************************************************************************************************
					TEST CASE NAME:                  testProcessedPCAutoships_3015q_3351q
******************************************************************************************************************************
[INFO ] 2018-02-28 15:43:56.938 [main] TestListner - [TEST IS SKIPPED -------- Test case testProcessedPCAutoships_3015q_3351q skipped]
[INFO ] 2018-02-28 15:43:56.942 [main] TestListner - [TEST IS SKIPPED -------- Test case testProcessedPCAutoships_3015q_3351q skipped]
[INFO ] 2018-02-28 15:43:56.944 [main] TestListner - 
******************************************************************************************************************************
					TEST CASE NAME:                  testPulseProAutoshipProcessedInPastForThisMonth_2530q_2529q
******************************************************************************************************************************
[INFO ] 2018-02-28 15:43:56.946 [main] TestListner - 
******************************************************************************************************************************
					TEST CASE NAME:                  testPulseProAutoshipProcessedInPastForThisMonth_2530q_2529q
******************************************************************************************************************************
[INFO ] 2018-02-28 15:43:56.947 [main] TestListner - [TEST IS SKIPPED -------- Test case testPulseProAutoshipProcessedInPastForThisMonth_2530q_2529q skipped]
[INFO ] 2018-02-28 15:43:56.951 [main] TestListner - [TEST IS SKIPPED -------- Test case testPulseProAutoshipProcessedInPastForThisMonth_2530q_2529q skipped]
[INFO ] 2018-02-28 15:43:56.956 [main] TestListner - 
******************************************************************************************************************************
					TEST CASE NAME:                  testQualificationTitleC_3217q
******************************************************************************************************************************
[INFO ] 2018-02-28 15:43:56.958 [main] TestListner - 
******************************************************************************************************************************
					TEST CASE NAME:                  testQualificationTitleC_3217q
******************************************************************************************************************************
[INFO ] 2018-02-28 15:43:56.958 [main] TestListner - [TEST IS SKIPPED -------- Test case testQualificationTitleC_3217q skipped]
[INFO ] 2018-02-28 15:43:56.963 [main] TestListner - [TEST IS SKIPPED -------- Test case testQualificationTitleC_3217q skipped]
[INFO ] 2018-02-28 15:43:56.964 [main] TestListner - 
******************************************************************************************************************************
					TEST CASE NAME:                  testQualificationTitleEC_3218q
******************************************************************************************************************************
[INFO ] 2018-02-28 15:43:56.966 [main] TestListner - 
******************************************************************************************************************************
					TEST CASE NAME:                  testQualificationTitleEC_3218q
******************************************************************************************************************************
[INFO ] 2018-02-28 15:43:56.966 [main] TestListner - [TEST IS SKIPPED -------- Test case testQualificationTitleEC_3218q skipped]
[INFO ] 2018-02-28 15:43:56.971 [main] TestListner - [TEST IS SKIPPED -------- Test case testQualificationTitleEC_3218q skipped]
[INFO ] 2018-02-28 15:43:56.972 [main] TestListner - 
******************************************************************************************************************************
					TEST CASE NAME:                  testSVValueFromCard_2634q
******************************************************************************************************************************
[INFO ] 2018-02-28 15:43:56.974 [main] TestListner - 
******************************************************************************************************************************
					TEST CASE NAME:                  testSVValueFromCard_2634q
******************************************************************************************************************************
[INFO ] 2018-02-28 15:43:56.974 [main] TestListner - [TEST IS SKIPPED -------- Test case testSVValueFromCard_2634q skipped]
[INFO ] 2018-02-28 15:43:56.977 [main] TestListner - [TEST IS SKIPPED -------- Test case testSVValueFromCard_2634q skipped]
[INFO ] 2018-02-28 15:43:56.979 [main] TestListner - 
******************************************************************************************************************************
					TEST CASE NAME:                  testSVValue_2394q
******************************************************************************************************************************
[INFO ] 2018-02-28 15:43:56.981 [main] TestListner - 
******************************************************************************************************************************
					TEST CASE NAME:                  testSVValue_2394q
******************************************************************************************************************************
[INFO ] 2018-02-28 15:43:56.982 [main] TestListner - [TEST IS SKIPPED -------- Test case testSVValue_2394q skipped]
[INFO ] 2018-02-28 15:43:56.985 [main] TestListner - [TEST IS SKIPPED -------- Test case testSVValue_2394q skipped]
[INFO ] 2018-02-28 15:43:56.987 [main] TestListner - 
******************************************************************************************************************************
					TEST CASE NAME:                  testSolutionToolReportLink_2563q
******************************************************************************************************************************
[INFO ] 2018-02-28 15:43:56.989 [main] TestListner - 
******************************************************************************************************************************
					TEST CASE NAME:                  testSolutionToolReportLink_2563q
******************************************************************************************************************************
[INFO ] 2018-02-28 15:43:56.989 [main] TestListner - [TEST IS SKIPPED -------- Test case testSolutionToolReportLink_2563q skipped]
[INFO ] 2018-02-28 15:43:56.993 [main] TestListner - [TEST IS SKIPPED -------- Test case testSolutionToolReportLink_2563q skipped]
[INFO ] 2018-02-28 15:43:56.996 [main] TestListner - 
******************************************************************************************************************************
					TEST CASE NAME:                  testTitleHistoryPage_2479q
******************************************************************************************************************************
[INFO ] 2018-02-28 15:43:56.998 [main] TestListner - 
******************************************************************************************************************************
					TEST CASE NAME:                  testTitleHistoryPage_2479q
******************************************************************************************************************************
[INFO ] 2018-02-28 15:43:56.998 [main] TestListner - [TEST IS SKIPPED -------- Test case testTitleHistoryPage_2479q skipped]
[INFO ] 2018-02-28 15:43:57.004 [main] TestListner - [TEST IS SKIPPED -------- Test case testTitleHistoryPage_2479q skipped]
[INFO ] 2018-02-28 15:43:57.005 [main] TestListner - 
******************************************************************************************************************************
					TEST CASE NAME:                  testUpcomingOrdersPendingAutoships_2531q
******************************************************************************************************************************
[INFO ] 2018-02-28 15:43:57.006 [main] TestListner - 
******************************************************************************************************************************
					TEST CASE NAME:                  testUpcomingOrdersPendingAutoships_2531q
******************************************************************************************************************************
[INFO ] 2018-02-28 15:43:57.006 [main] TestListner - [TEST IS SKIPPED -------- Test case testUpcomingOrdersPendingAutoships_2531q skipped]
[INFO ] 2018-02-28 15:43:57.009 [main] TestListner - [TEST IS SKIPPED -------- Test case testUpcomingOrdersPendingAutoships_2531q skipped]
[INFO ] 2018-02-28 15:43:57.011 [main] TestListner - 
******************************************************************************************************************************
					TEST CASE NAME:                  testVerifyRFLinkForLevelECIVOrMore_2956q
******************************************************************************************************************************
[INFO ] 2018-02-28 15:43:57.012 [main] TestListner - 
******************************************************************************************************************************
					TEST CASE NAME:                  testVerifyRFLinkForLevelECIVOrMore_2956q
******************************************************************************************************************************
[INFO ] 2018-02-28 15:43:57.013 [main] TestListner - [TEST IS SKIPPED -------- Test case testVerifyRFLinkForLevelECIVOrMore_2956q skipped]
[INFO ] 2018-02-28 15:43:57.019 [main] TestListner - [TEST IS SKIPPED -------- Test case testVerifyRFLinkForLevelECIVOrMore_2956q skipped]
[INFO ] 2018-02-28 15:43:57.020 [main] TestListner - 
******************************************************************************************************************************
					TEST CASE NAME:                  testVerifyRFLinkForPaidAsTitleLevelECIIIOrLess_3103q
******************************************************************************************************************************
[INFO ] 2018-02-28 15:43:57.022 [main] TestListner - 
******************************************************************************************************************************
					TEST CASE NAME:                  testVerifyRFLinkForPaidAsTitleLevelECIIIOrLess_3103q
******************************************************************************************************************************
[INFO ] 2018-02-28 15:43:57.022 [main] TestListner - [TEST IS SKIPPED -------- Test case testVerifyRFLinkForPaidAsTitleLevelECIIIOrLess_3103q skipped]
[INFO ] 2018-02-28 15:43:57.025 [main] TestListner - [TEST IS SKIPPED -------- Test case testVerifyRFLinkForPaidAsTitleLevelECIIIOrLess_3103q skipped]
[INFO ] 2018-02-28 15:43:57.026 [main] TestListner - 
******************************************************************************************************************************
					TEST CASE NAME:                  testViewPastOrderDetails_2895q
******************************************************************************************************************************
[INFO ] 2018-02-28 15:43:57.028 [main] TestListner - 
******************************************************************************************************************************
					TEST CASE NAME:                  testViewPastOrderDetails_2895q
******************************************************************************************************************************
[INFO ] 2018-02-28 15:43:57.028 [main] TestListner - [TEST IS SKIPPED -------- Test case testViewPastOrderDetails_2895q skipped]
[INFO ] 2018-02-28 15:43:57.030 [main] TestListner - [TEST IS SKIPPED -------- Test case testViewPastOrderDetails_2895q skipped]
[INFO ] 2018-02-28 15:43:57.037 [main] TestListner - 
******************************************************************************************************************************
					TEST CASE NAME:                  testVitalSignsPageNavigation_2560q
******************************************************************************************************************************
[INFO ] 2018-02-28 15:43:57.039 [main] TestListner - 
******************************************************************************************************************************
					TEST CASE NAME:                  testVitalSignsPageNavigation_2560q
******************************************************************************************************************************
[INFO ] 2018-02-28 15:43:57.039 [main] TestListner - [TEST IS SKIPPED -------- Test case testVitalSignsPageNavigation_2560q skipped]
[INFO ] 2018-02-28 15:43:57.042 [main] TestListner - [TEST IS SKIPPED -------- Test case testVitalSignsPageNavigation_2560q skipped]
[INFO ] 2018-02-28 15:43:57.056 [main] TestListner - 
******************************************************************************************************************************
					TEST CASE NAME:                  TotalNumberOfAllPCs_3349q
******************************************************************************************************************************
[INFO ] 2018-02-28 15:43:57.058 [main] TestListner - 
******************************************************************************************************************************
					TEST CASE NAME:                  TotalNumberOfAllPCs_3349q
******************************************************************************************************************************
[INFO ] 2018-02-28 15:43:57.058 [main] TestListner - [TEST IS SKIPPED -------- Test case TotalNumberOfAllPCs_3349q skipped]
[INFO ] 2018-02-28 15:43:57.090 [main] TestListner - [TEST IS SKIPPED -------- Test case TotalNumberOfAllPCs_3349q skipped]
[INFO ] 2018-02-28 15:43:57.093 [main] TestListner - 
******************************************************************************************************************************
					TEST CASE NAME:                  testPCCardComponents_3240q
******************************************************************************************************************************
[INFO ] 2018-02-28 15:43:57.096 [main] TestListner - 
******************************************************************************************************************************
					TEST CASE NAME:                  testPCCardComponents_3240q
******************************************************************************************************************************
[INFO ] 2018-02-28 15:43:57.096 [main] TestListner - [TEST IS SKIPPED -------- Test case testPCCardComponents_3240q skipped]
[INFO ] 2018-02-28 15:43:57.105 [main] TestListner - [TEST IS SKIPPED -------- Test case testPCCardComponents_3240q skipped]
[INFO ] 2018-02-28 15:43:57.112 [main] TestListner - 
******************************************************************************************************************************
					TEST CASE NAME:                  testSortingByQVLowTohigh_3011q
******************************************************************************************************************************
[INFO ] 2018-02-28 15:43:57.118 [main] TestListner - 
******************************************************************************************************************************
					TEST CASE NAME:                  testSortingByQVLowTohigh_3011q
******************************************************************************************************************************
[INFO ] 2018-02-28 15:43:57.118 [main] TestListner - [TEST IS SKIPPED -------- Test case testSortingByQVLowTohigh_3011q skipped]
[INFO ] 2018-02-28 15:43:57.127 [main] TestListner - [TEST IS SKIPPED -------- Test case testSortingByQVLowTohigh_3011q skipped]
[INFO ] 2018-02-28 15:43:57.128 [main] TestListner - 
******************************************************************************************************************************
					TEST CASE NAME:                  testSortingMenuForNextMonth_2999q
******************************************************************************************************************************
[INFO ] 2018-02-28 15:43:57.130 [main] TestListner - 
******************************************************************************************************************************
					TEST CASE NAME:                  testSortingMenuForNextMonth_2999q
******************************************************************************************************************************
[INFO ] 2018-02-28 15:43:57.130 [main] TestListner - [TEST IS SKIPPED -------- Test case testSortingMenuForNextMonth_2999q skipped]
[INFO ] 2018-02-28 15:43:57.132 [main] TestListner - [TEST IS SKIPPED -------- Test case testSortingMenuForNextMonth_2999q skipped]
[INFO ] 2018-02-28 15:43:57.134 [main] TestListner - 
******************************************************************************************************************************
					TEST CASE NAME:                  testSortingMenuForThisMonth_3000q
******************************************************************************************************************************
[INFO ] 2018-02-28 15:43:57.135 [main] TestListner - 
******************************************************************************************************************************
					TEST CASE NAME:                  testSortingMenuForThisMonth_3000q
******************************************************************************************************************************
[INFO ] 2018-02-28 15:43:57.136 [main] TestListner - [TEST IS SKIPPED -------- Test case testSortingMenuForThisMonth_3000q skipped]
[INFO ] 2018-02-28 15:43:57.138 [main] TestListner - [TEST IS SKIPPED -------- Test case testSortingMenuForThisMonth_3000q skipped]
[INFO ] 2018-02-28 15:43:57.140 [main] TestListner - 
******************************************************************************************************************************
					TEST CASE NAME:                  testTotalNumberOfDeactivatedPCs_2985q
******************************************************************************************************************************
[INFO ] 2018-02-28 15:43:57.141 [main] TestListner - 
******************************************************************************************************************************
					TEST CASE NAME:                  testTotalNumberOfDeactivatedPCs_2985q
******************************************************************************************************************************
[INFO ] 2018-02-28 15:43:57.142 [main] TestListner - [TEST IS SKIPPED -------- Test case testTotalNumberOfDeactivatedPCs_2985q skipped]
[INFO ] 2018-02-28 15:43:57.144 [main] TestListner - [TEST IS SKIPPED -------- Test case testTotalNumberOfDeactivatedPCs_2985q skipped]
[INFO ] 2018-02-28 15:43:57.146 [main] TestListner - 
******************************************************************************************************************************
					TEST CASE NAME:                  testTotalNumberOfPCsThisMonth_3013q
******************************************************************************************************************************
[INFO ] 2018-02-28 15:43:57.147 [main] TestListner - 
******************************************************************************************************************************
					TEST CASE NAME:                  testTotalNumberOfPCsThisMonth_3013q
******************************************************************************************************************************
[INFO ] 2018-02-28 15:43:57.147 [main] TestListner - [TEST IS SKIPPED -------- Test case testTotalNumberOfPCsThisMonth_3013q skipped]
[INFO ] 2018-02-28 15:43:57.150 [main] TestListner - [TEST IS SKIPPED -------- Test case testTotalNumberOfPCsThisMonth_3013q skipped]
[INFO ] 2018-02-28 15:43:57.153 [main] TestListner - 
******************************************************************************************************************************
					TEST CASE NAME:                  testConsultantAdhocOrderDetailsOnOrderCards_2848q
******************************************************************************************************************************
[INFO ] 2018-02-28 15:43:57.155 [main] TestListner - 
******************************************************************************************************************************
					TEST CASE NAME:                  testConsultantAdhocOrderDetailsOnOrderCards_2848q
******************************************************************************************************************************
[INFO ] 2018-02-28 15:43:57.155 [main] TestListner - [TEST IS SKIPPED -------- Test case testConsultantAdhocOrderDetailsOnOrderCards_2848q skipped]
[INFO ] 2018-02-28 15:43:57.158 [main] TestListner - [TEST IS SKIPPED -------- Test case testConsultantAdhocOrderDetailsOnOrderCards_2848q skipped]
[INFO ] 2018-02-28 15:43:57.160 [main] TestListner - 
******************************************************************************************************************************
					TEST CASE NAME:                  testLoadingOrdersScreen_2821q_2820q
******************************************************************************************************************************
[INFO ] 2018-02-28 15:43:57.161 [main] TestListner - 
******************************************************************************************************************************
					TEST CASE NAME:                  testLoadingOrdersScreen_2821q_2820q
******************************************************************************************************************************
[INFO ] 2018-02-28 15:43:57.161 [main] TestListner - [TEST IS SKIPPED -------- Test case testLoadingOrdersScreen_2821q_2820q skipped]
[INFO ] 2018-02-28 15:43:57.164 [main] TestListner - [TEST IS SKIPPED -------- Test case testLoadingOrdersScreen_2821q_2820q skipped]
[INFO ] 2018-02-28 15:43:57.165 [main] TestListner - 
******************************************************************************************************************************
					TEST CASE NAME:                  testOrderStatusOrderResultsBasedOnOrderFilter_2835q
******************************************************************************************************************************
[INFO ] 2018-02-28 15:43:57.166 [main] TestListner - 
******************************************************************************************************************************
					TEST CASE NAME:                  testOrderStatusOrderResultsBasedOnOrderFilter_2835q
******************************************************************************************************************************
[INFO ] 2018-02-28 15:43:57.166 [main] TestListner - [TEST IS SKIPPED -------- Test case testOrderStatusOrderResultsBasedOnOrderFilter_2835q skipped]
[INFO ] 2018-02-28 15:43:57.168 [main] TestListner - [TEST IS SKIPPED -------- Test case testOrderStatusOrderResultsBasedOnOrderFilter_2835q skipped]
[INFO ] 2018-02-28 15:43:57.170 [main] TestListner - 
******************************************************************************************************************************
					TEST CASE NAME:                  testOrderTypeOrderResultsBasedOnOrderFilter_2834q
******************************************************************************************************************************
[INFO ] 2018-02-28 15:43:57.171 [main] TestListner - 
******************************************************************************************************************************
					TEST CASE NAME:                  testOrderTypeOrderResultsBasedOnOrderFilter_2834q
******************************************************************************************************************************
[INFO ] 2018-02-28 15:43:57.171 [main] TestListner - [TEST IS SKIPPED -------- Test case testOrderTypeOrderResultsBasedOnOrderFilter_2834q skipped]
[INFO ] 2018-02-28 15:43:57.174 [main] TestListner - [TEST IS SKIPPED -------- Test case testOrderTypeOrderResultsBasedOnOrderFilter_2834q skipped]
[INFO ] 2018-02-28 15:43:57.175 [main] TestListner - 
******************************************************************************************************************************
					TEST CASE NAME:                  testPCAdhocOrderDetailsOnOrderCards_2844q
******************************************************************************************************************************
[INFO ] 2018-02-28 15:43:57.177 [main] TestListner - 
******************************************************************************************************************************
					TEST CASE NAME:                  testPCAdhocOrderDetailsOnOrderCards_2844q
******************************************************************************************************************************
[INFO ] 2018-02-28 15:43:57.177 [main] TestListner - [TEST IS SKIPPED -------- Test case testPCAdhocOrderDetailsOnOrderCards_2844q skipped]
[INFO ] 2018-02-28 15:43:57.180 [main] TestListner - [TEST IS SKIPPED -------- Test case testPCAdhocOrderDetailsOnOrderCards_2844q skipped]
[INFO ] 2018-02-28 15:43:57.181 [main] TestListner - 
******************************************************************************************************************************
					TEST CASE NAME:                  testPulseSubscriptionOrderDetailsOnOrderCards_2843q
******************************************************************************************************************************
[INFO ] 2018-02-28 15:43:57.182 [main] TestListner - 
******************************************************************************************************************************
					TEST CASE NAME:                  testPulseSubscriptionOrderDetailsOnOrderCards_2843q
******************************************************************************************************************************
[INFO ] 2018-02-28 15:43:57.182 [main] TestListner - [TEST IS SKIPPED -------- Test case testPulseSubscriptionOrderDetailsOnOrderCards_2843q skipped]
[INFO ] 2018-02-28 15:43:57.184 [main] TestListner - [TEST IS SKIPPED -------- Test case testPulseSubscriptionOrderDetailsOnOrderCards_2843q skipped]
[INFO ] 2018-02-28 15:43:57.186 [main] TestListner - 
******************************************************************************************************************************
					TEST CASE NAME:                  testRetailAdhocOrderDetailsOnOrderCards_2841q
******************************************************************************************************************************
[INFO ] 2018-02-28 15:43:57.187 [main] TestListner - 
******************************************************************************************************************************
					TEST CASE NAME:                  testRetailAdhocOrderDetailsOnOrderCards_2841q
******************************************************************************************************************************
[INFO ] 2018-02-28 15:43:57.187 [main] TestListner - [TEST IS SKIPPED -------- Test case testRetailAdhocOrderDetailsOnOrderCards_2841q skipped]
[INFO ] 2018-02-28 15:43:57.189 [main] TestListner - [TEST IS SKIPPED -------- Test case testRetailAdhocOrderDetailsOnOrderCards_2841q skipped]
[INFO ] 2018-02-28 15:43:57.190 [main] TestListner - 
******************************************************************************************************************************
					TEST CASE NAME:                  testVerifyCRPOrderDetailsOnOrderCards_2838q
******************************************************************************************************************************
[INFO ] 2018-02-28 15:43:57.192 [main] TestListner - 
******************************************************************************************************************************
					TEST CASE NAME:                  testVerifyCRPOrderDetailsOnOrderCards_2838q
******************************************************************************************************************************
[INFO ] 2018-02-28 15:43:57.192 [main] TestListner - [TEST IS SKIPPED -------- Test case testVerifyCRPOrderDetailsOnOrderCards_2838q skipped]
[INFO ] 2018-02-28 15:43:57.194 [main] TestListner - [TEST IS SKIPPED -------- Test case testVerifyCRPOrderDetailsOnOrderCards_2838q skipped]
[INFO ] 2018-02-28 15:43:57.195 [main] TestListner - 
******************************************************************************************************************************
					TEST CASE NAME:                  testVerifyCRPOrderDetailsWithConsultantPersonalOnOrderCards_2855q
******************************************************************************************************************************
[INFO ] 2018-02-28 15:43:57.197 [main] TestListner - 
******************************************************************************************************************************
					TEST CASE NAME:                  testVerifyCRPOrderDetailsWithConsultantPersonalOnOrderCards_2855q
******************************************************************************************************************************
[INFO ] 2018-02-28 15:43:57.197 [main] TestListner - [TEST IS SKIPPED -------- Test case testVerifyCRPOrderDetailsWithConsultantPersonalOnOrderCards_2855q skipped]
[INFO ] 2018-02-28 15:43:57.200 [main] TestListner - [TEST IS SKIPPED -------- Test case testVerifyCRPOrderDetailsWithConsultantPersonalOnOrderCards_2855q skipped]
[INFO ] 2018-02-28 15:43:57.201 [main] TestListner - 
******************************************************************************************************************************
					TEST CASE NAME:                  testVerifyOrderReceiptForFailedPCOrders_3430q
******************************************************************************************************************************
[INFO ] 2018-02-28 15:43:57.202 [main] TestListner - 
******************************************************************************************************************************
					TEST CASE NAME:                  testVerifyOrderReceiptForFailedPCOrders_3430q
******************************************************************************************************************************
[INFO ] 2018-02-28 15:43:57.202 [main] TestListner - [TEST IS SKIPPED -------- Test case testVerifyOrderReceiptForFailedPCOrders_3430q skipped]
[INFO ] 2018-02-28 15:43:57.205 [main] TestListner - [TEST IS SKIPPED -------- Test case testVerifyOrderReceiptForFailedPCOrders_3430q skipped]
[INFO ] 2018-02-28 15:43:57.206 [main] TestListner - 
******************************************************************************************************************************
					TEST CASE NAME:                  testVerifyOrderReceiptForProcessedPersonalAdhocOrders_3425q
******************************************************************************************************************************
[INFO ] 2018-02-28 15:43:57.210 [main] TestListner - 
******************************************************************************************************************************
					TEST CASE NAME:                  testVerifyOrderReceiptForProcessedPersonalAdhocOrders_3425q
******************************************************************************************************************************
[INFO ] 2018-02-28 15:43:57.210 [main] TestListner - [TEST IS SKIPPED -------- Test case testVerifyOrderReceiptForProcessedPersonalAdhocOrders_3425q skipped]
[INFO ] 2018-02-28 15:43:57.217 [main] TestListner - [TEST IS SKIPPED -------- Test case testVerifyOrderReceiptForProcessedPersonalAdhocOrders_3425q skipped]
[INFO ] 2018-02-28 15:43:57.220 [main] TestListner - 
******************************************************************************************************************************
					TEST CASE NAME:                  testSortingMenuForNewConsultant_3329q
******************************************************************************************************************************
[INFO ] 2018-02-28 15:43:57.222 [main] TestListner - 
******************************************************************************************************************************
					TEST CASE NAME:                  testSortingMenuForNewConsultant_3329q
******************************************************************************************************************************
[INFO ] 2018-02-28 15:43:57.223 [main] TestListner - [TEST IS SKIPPED -------- Test case testSortingMenuForNewConsultant_3329q skipped]
[INFO ] 2018-02-28 15:43:57.226 [main] TestListner - [TEST IS SKIPPED -------- Test case testSortingMenuForNewConsultant_3329q skipped]
