[DEBUG] 2018-03-18 19:10:04.578 [main] RFBaseTest - Started execution with  null
[INFO ] 2018-03-18 19:10:04.584 [main] RFBaseTest - Environment properties are not provided by the user ... loading the default properties
[INFO ] 2018-03-18 19:10:04.584 [main] RFBaseTest - Default Browser is  ------ chrome
[INFO ] 2018-03-18 19:10:04.584 [main] RFBaseTest - Default URL is  ------ https://skywalker.rodanandfields.com
[INFO ] 2018-03-18 19:10:04.584 [main] RFBaseTest - Default user password is  ------ 111Maiden$
[INFO ] 2018-03-18 19:10:04.584 [main] RFBaseTest - Default Country is  ------ us
[INFO ] 2018-03-18 19:10:04.585 [main] RFBaseTest - Default DB IP is  ------ 172.16.15.41
[INFO ] 2018-03-18 19:10:04.585 [main] RFBaseTest - Default DB Username is  ------ perftest
[INFO ] 2018-03-18 19:10:04.585 [main] RFBaseTest - Default DB Password is  ------ perftest
[INFO ] 2018-03-18 19:10:04.585 [main] RFBaseTest - Default DB Domain is  ------ RF
[INFO ] 2018-03-18 19:10:10.355 [main] RFWebsiteDriver - Window is maximized
[INFO ] 2018-03-18 19:10:10.355 [main] RFWebsiteDriver - All cookies deleted
[INFO ] 2018-03-18 19:10:10.356 [main] RFWebsiteDriver - URL opened is https://skywalker.rodanandfields.com
[INFO ] 2018-03-18 19:10:13.261 [main] RFLSDWebsiteBaseTest - Application loaded
[INFO ] 2018-03-18 19:10:13.273 [main] RFWebsiteDriver - DB connections are set
[INFO ] 2018-03-18 19:10:13.323 [main] DBUtil - QUERY TRIGGERED IS DECLARE @CurrentOpenPeriod INT = ( SELECT TOP 1
                                            PeriodID
                                   FROM     Commissions.reference.Periods
                                   WHERE    ClosedDate IS NULL
                                   ORDER BY PeriodID ASC
                                 ) ,
    @AccountID INT ,
    @UserName NVARCHAR(225) ,
    @Country NVARCHAR(225)

SELECT TOP 1
        @AccountID = ab.AccountID ,
        @UserName = ac.Username ,
        @Country = co.Alpha2Code
FROM    RFOperations.RFO_Accounts.AccountBase (NOLOCK) ab
        JOIN RFOperations.RFO_Accounts.AccountRF (NOLOCK) rf ON rf.AccountID = ab.AccountID
        JOIN RFOperations.Security.AccountSecurity (NOLOCK) ac ON ac.AccountID = ab.AccountID
        JOIN RFOperations.RFO_Reference.Countries (NOLOCK) co ON co.CountryID = ab.CountryID
WHERE   ab.AccountTypeID = 1
        AND ab.AccountStatusID = 1
        AND co.Alpha2Code = 'US'
        AND rf.Active = 1
        AND EXISTS ( SELECT 1
                     FROM   RFOperations.Hybris.Autoship (NOLOCK) a
                     WHERE  a.AccountID = ab.AccountID
                            AND a.AutoshipTypeID = 3
                            AND a.Active = 1 )
        AND EXISTS ( SELECT 1
                     FROM   Commissions.calcs.vwQualificationSummary v
                     WHERE  ab.AccountID = v.AccountID
                            AND v.PeriodID = @CurrentOpenPeriod
                            AND v.SV >= 100
                            AND v.PSQV >= 600 )
ORDER BY NEWID()

SELECT  ISNULL(@AccountID, 1496) AccountID ,
        ISNULL(@UserName, 'skincareconsultants@gmail.com') UserName ,
        ISNULL(@Country, 'US') Country ,
        @CurrentOpenPeriod CurrentOpenPeriod

[INFO ] 2018-03-18 19:10:16.307 [main] RFLSDWebsiteBaseTest - randomConsultantDetailsList:[{AccountID=1496, UserName=skincareconsultants@gmail.com, Country=US, CurrentOpenPeriod=201802}]
[INFO ] 2018-03-18 19:10:16.307 [main] RFLSDWebsiteBaseTest - Data returned by query: 1496
[INFO ] 2018-03-18 19:10:16.307 [main] RFLSDWebsiteBaseTest - Data returned by query: skincareconsultants@gmail.com
[INFO ] 2018-03-18 19:10:16.307 [main] RFLSDWebsiteBaseTest - userName:[{AccountID=1496, UserName=skincareconsultants@gmail.com, Country=US, CurrentOpenPeriod=201802}]
[INFO ] 2018-03-18 19:10:16.307 [main] RFWebsiteDriver - Waiting for LSD loading image to get disappear
[INFO ] 2018-03-18 19:10:16.329 [main] RFWebsiteDriver - LSD loading image disappears
[INFO ] 2018-03-18 19:10:16.382 [main] RFWebsiteDriver - waiting for locator By.id: username
[INFO ] 2018-03-18 19:10:16.392 [main] RFWebsiteDriver - Element found
[INFO ] 2018-03-18 19:10:16.392 [main] RFWebsiteDriver - Taking Screenshot
[INFO ] 2018-03-18 19:10:16.761 [main] RFWebsiteDriver - wait started for By.id: username
[INFO ] 2018-03-18 19:10:16.761 [main] RFWebsiteDriver - waiting for locator By.id: username
[INFO ] 2018-03-18 19:10:16.773 [main] RFWebsiteDriver - Element found
[INFO ] 2018-03-18 19:10:16.939 [main] RFWebsiteDriver - TYPED text as = skincareconsultants@gmail.com in  text field
[INFO ] 2018-03-18 19:10:16.940 [main] LSDLoginPage - username is skincareconsultants@gmail.com
[INFO ] 2018-03-18 19:10:16.940 [main] RFWebsiteDriver - wait started for By.id: password
[INFO ] 2018-03-18 19:10:16.940 [main] RFWebsiteDriver - waiting for locator By.id: password
[INFO ] 2018-03-18 19:10:16.959 [main] RFWebsiteDriver - Element found
[INFO ] 2018-03-18 19:10:17.080 [main] RFWebsiteDriver - TYPED text as = 111Maiden$ in  text field
[INFO ] 2018-03-18 19:10:17.080 [main] LSDLoginPage - password is 111Maiden$
[INFO ] 2018-03-18 19:10:17.080 [main] RFWebsiteDriver - wait started for By.id: button-login
[INFO ] 2018-03-18 19:10:17.081 [main] RFWebsiteDriver - waiting for locator By.id: button-login
[INFO ] 2018-03-18 19:10:17.103 [main] RFWebsiteDriver - Element found
[INFO ] 2018-03-18 19:10:17.104 [main] RFWebsiteDriver -  ready to be clicked
[INFO ] 2018-03-18 19:10:17.180 [main] RFWebsiteDriver - CLICKED on 
[INFO ] 2018-03-18 19:10:40.489 [main] RFWebsiteDriver - URL opened is https://skywalker.rodanandfields.com
[INFO ] 2018-03-18 19:10:41.085 [main] RFWebsiteDriver - Waiting for LSD loading image to get disappear
[INFO ] 2018-03-18 19:10:41.532 [main] RFWebsiteDriver - LSD Animation image disappears
[INFO ] 2018-03-18 19:10:41.532 [main] RFWebsiteDriver - waiting for locator By.id: button-login
[INFO ] 2018-03-18 19:10:46.661 [main] RFWebsiteDriver - waiting for locator By.xpath: //div[text()='Hello,']/following-sibling::div[contains(@class,'text-uppercase')]
[INFO ] 2018-03-18 19:10:46.670 [main] RFWebsiteDriver - Element found
[INFO ] 2018-03-18 19:10:46.679 [main] RFWebsiteDriver - waiting for locator By.xpath: //div[text()='Hello,']/following-sibling::div[contains(@class,'text-uppercase')]
[INFO ] 2018-03-18 19:10:46.688 [main] RFWebsiteDriver - Element found
[INFO ] 2018-03-18 19:10:46.731 [main] RFWebsiteDriver - TEXT fetched for First name in overview section is=SARAH
[INFO ] 2018-03-18 19:10:46.732 [main] RFLSDWebsiteBaseTest - Data returned by query: null
[INFO ] 2018-03-18 19:10:46.738 [main] RFWebsiteDriver - wait started for By.xpath: //div[@id='rf-nav-wrapper']/descendant::img[2]
[INFO ] 2018-03-18 19:10:46.738 [main] RFWebsiteDriver - waiting for locator By.xpath: //div[@id='rf-nav-wrapper']/descendant::img[2]
[INFO ] 2018-03-18 19:10:46.754 [main] RFWebsiteDriver - Element found
[INFO ] 2018-03-18 19:10:46.754 [main] RFWebsiteDriver - R+F logo ready to be clicked
[INFO ] 2018-03-18 19:10:46.832 [main] RFWebsiteDriver - CLICKED on R+F logo
[INFO ] 2018-03-18 19:10:46.914 [main] TestListner - 
******************************************************************************************************************************
					TEST CASE NAME:                  TotalNumberOfAllPCs_3349q
******************************************************************************************************************************
[INFO ] 2018-03-18 19:10:46.960 [main] RFWebsiteDriver - wait started for By.xpath: //div[@id='rf-nav-wrapper']/descendant::span[text()='Pulse'][1]
[INFO ] 2018-03-18 19:10:46.960 [main] RFWebsiteDriver - waiting for locator By.xpath: //div[@id='rf-nav-wrapper']/descendant::span[text()='Pulse'][1]
[INFO ] 2018-03-18 19:10:46.977 [main] RFWebsiteDriver - Element found
[INFO ] 2018-03-18 19:10:46.977 [main] RFWebsiteDriver -  ready to be clicked
[INFO ] 2018-03-18 19:10:47.055 [main] RFWebsiteDriver - CLICKED on 
[INFO ] 2018-03-18 19:10:47.056 [main] LSDHomePage - Clicked on Pulse Submenu from Top Navigation
[INFO ] 2018-03-18 19:10:47.102 [main] RFWebsiteDriver - wait started for By.xpath: //a[contains(text(),'Customers')]
[INFO ] 2018-03-18 19:10:47.102 [main] RFWebsiteDriver - waiting for locator By.xpath: //a[contains(text(),'Customers')]
[INFO ] 2018-03-18 19:10:47.112 [main] RFWebsiteDriver - Element found
[INFO ] 2018-03-18 19:10:47.112 [main] RFWebsiteDriver -  ready to be clicked
[INFO ] 2018-03-18 19:10:47.185 [main] RFWebsiteDriver - CLICKED on 
[INFO ] 2018-03-18 19:10:47.185 [main] LSDHomePage - SubMenu Link : Customers clicked
[INFO ] 2018-03-18 19:10:47.208 [main] RFWebsiteDriver - Waiting for spin image to get disappear0
[INFO ] 2018-03-18 19:10:47.217 [main] RFWebsiteDriver - spin image disappears
[INFO ] 2018-03-18 19:10:51.249 [main] RFWebsiteDriver - Waiting for spin image to get disappear1
[INFO ] 2018-03-18 19:10:52.260 [main] RFWebsiteDriver - waiting..
[INFO ] 2018-03-18 19:10:53.269 [main] RFWebsiteDriver - waiting..
[INFO ] 2018-03-18 19:10:54.281 [main] RFWebsiteDriver - waiting..
[INFO ] 2018-03-18 19:10:55.318 [main] RFWebsiteDriver - waiting..
[INFO ] 2018-03-18 19:10:56.351 [main] RFWebsiteDriver - waiting..
[INFO ] 2018-03-18 19:10:57.369 [main] RFWebsiteDriver - waiting..
[INFO ] 2018-03-18 19:10:58.385 [main] RFWebsiteDriver - waiting..
[INFO ] 2018-03-18 19:10:59.419 [main] RFWebsiteDriver - waiting..
[INFO ] 2018-03-18 19:11:00.437 [main] RFWebsiteDriver - waiting..
[INFO ] 2018-03-18 19:11:01.456 [main] RFWebsiteDriver - waiting..
[INFO ] 2018-03-18 19:11:02.480 [main] RFWebsiteDriver - waiting..
[INFO ] 2018-03-18 19:11:03.492 [main] RFWebsiteDriver - waiting..
[INFO ] 2018-03-18 19:11:04.501 [main] RFWebsiteDriver - waiting..
[INFO ] 2018-03-18 19:11:04.542 [main] RFWebsiteDriver - spin image disappears
[INFO ] 2018-03-18 19:11:08.542 [main] RFWebsiteDriver - wait started for By.xpath: //h1[contains(text(),'Build Customer Loyalty')]/../preceding::span[1]
[INFO ] 2018-03-18 19:11:08.543 [main] RFWebsiteDriver - waiting for locator By.xpath: //h1[contains(text(),'Build Customer Loyalty')]/../preceding::span[1]
[INFO ] 2018-03-18 19:11:08.588 [main] RFWebsiteDriver - Element found
[INFO ] 2018-03-18 19:11:08.588 [main] RFWebsiteDriver - wait started for By.xpath: //h1[contains(text(),'Build Customer Loyalty')]/../preceding::span[1]
[INFO ] 2018-03-18 19:11:08.588 [main] RFWebsiteDriver - waiting for locator By.xpath: //h1[contains(text(),'Build Customer Loyalty')]/../preceding::span[1]
[INFO ] 2018-03-18 19:11:08.598 [main] RFWebsiteDriver - Element found
[INFO ] 2018-03-18 19:11:08.598 [main] RFWebsiteDriver - count of all pc customers ready to be clicked
[INFO ] 2018-03-18 19:11:08.663 [main] RFWebsiteDriver - CLICKED on count of all pc customers
[INFO ] 2018-03-18 19:11:08.663 [main] LSDCustomerPage - clicked in view PC customer link
[INFO ] 2018-03-18 19:11:08.664 [main] DBUtil - QUERY TRIGGERED IS 
        DECLARE @AccountID INT= 1496   -- You Just need to Pass Consultant's AccountID here . 


        
		
		  DECLARE  @PeriodID INT= NULL ,
            @View_All_Customer INT ,
            @Cust_have_Order INT ,
            @Cust_Sch_OrderNext_Month INT ,
            @Cust_Further_Out INT ,
            @New_Pcs INT ,
            @Deactivated_Pcs INT

          

        SET @PeriodID = ISNULL(@PeriodID,
                               ( SELECT MAX(PERIODID)
                                 FROM   commissions.reference.PERIODS
                                 WHERE  CLOSEDDATE IS NULL
                                        AND STARTDATE <= GETDATE()
                               ))
  
  
        SELECT  @View_All_Customer = COUNT(DISTINCT ab.AccountID)
        FROM    Commissions.calcs.vwPlacementTreePermutated AS v WITH ( NOEXPAND )
                JOIN RFOperations.RFO_Accounts.AccountBase(NOLOCK)  ab ON ab.AccountID = v.AccountID
                JOIN RFOperations.RFO_Accounts.AccountRF (NOLOCK)  rf ON rf.AccountID = ab.AccountID
                JOIN RFOperations.RFO_Accounts.AccountContacts (NOLOCK)  ac ON ac.AccountId = ab.AccountID
        WHERE   1 = 1
                AND rf.Active = 1
                AND ab.AccountTypeID = 2
                AND v.[SponsorID] = @AccountID
                AND v.DirectSponsorID = @AccountID
                AND v.[PeriodID] = @PeriodID
      
				
				
				
        SELECT  @Cust_have_Order = COUNT(DISTINCT ab.AccountID)
        FROM    Commissions.calcs.vwPlacementTreePermutated AS v WITH ( NOEXPAND )
                JOIN RFOperations.RFO_Accounts.AccountBase(NOLOCK)  ab ON ab.AccountID = v.AccountID
                JOIN RFOperations.RFO_Accounts.AccountRF (NOLOCK)  rf ON rf.AccountID = ab.AccountID
                JOIN RFOperations.RFO_Accounts.AccountContacts (NOLOCK)  ac ON ac.AccountId = ab.AccountID
        WHERE   1 = 1
                AND rf.Active = 1
                AND ab.AccountTypeID = 2
                AND v.[SponsorID] = @AccountID
                AND v.DirectSponsorID = @AccountID
                AND v.[PeriodID] = @PeriodID
                AND EXISTS ( SELECT 1
                             FROM   RFOperations.Hybris.orders (NOLOCK)  ro
                             WHERE  ro.AccountID = ab.AccountID
                                    AND ro.OrderTypeID = 9
                                    AND ro.OrderStatusID IN ( 2, 4 )
                                    AND LEFT(CONVERT(NVARCHAR(25), ro.CompletionDate, 112),
                                             6) = @PeriodID )
     
				
        SELECT  @Cust_Sch_OrderNext_Month = COUNT(1)
        FROM    Commissions.calcs.vwPlacementTreePermutated AS v WITH ( NOEXPAND )
                JOIN RFOperations.RFO_Accounts.AccountBase(NOLOCK)  ab ON ab.AccountID = v.AccountID
                JOIN RFOperations.RFO_Accounts.AccountRF (NOLOCK)  rf ON rf.AccountID = ab.AccountID
                JOIN RFOperations.RFO_Accounts.AccountContacts (NOLOCK)  ac ON ac.AccountId = ab.AccountID
        WHERE   1 = 1
                AND rf.Active = 1
                AND ab.AccountTypeID = 2
                AND v.[SponsorID] = @AccountID
                AND v.DirectSponsorID = @AccountID
                AND v.[PeriodID] = @PeriodID
                AND EXISTS ( SELECT 1
                             FROM   RFOperations.Hybris.Autoship(NOLOCK)  AU
                             WHERE  AU.AccountID = ab.AccountID
                                    AND AU.AutoshipTypeID = 1
                                    AND AU.Active = 1
                                    AND LEFT(CONVERT(NVARCHAR(25), DATEADD(MONTH,
                                                              -1,
                                                              Au.NextRunDate), 112),
                                             6) = @PeriodID )			
				 


        SELECT  @Cust_Further_Out = COUNT(1)
        FROM    Commissions.calcs.vwPlacementTreePermutated AS v WITH ( NOEXPAND )
                JOIN RFOperations.RFO_Accounts.AccountBase(NOLOCK)  ab ON ab.AccountID = v.AccountID
                JOIN RFOperations.RFO_Accounts.AccountRF (NOLOCK)  rf ON rf.AccountID = ab.AccountID
                JOIN RFOperations.RFO_Accounts.AccountContacts (NOLOCK)  ac ON ac.AccountId = ab.AccountID
        WHERE   1 = 1
                AND rf.Active = 1
                AND ab.AccountTypeID = 2
                AND v.[SponsorID] = @AccountID
                AND v.DirectSponsorID = @AccountID
                AND v.[PeriodID] = @PeriodID
                AND EXISTS ( SELECT 1
                             FROM   RFOperations.Hybris.Autoship(NOLOCK)  AU
                             WHERE  AU.AccountID = ab.AccountID
                                    AND AU.AutoshipTypeID = 1
                                    AND AU.Active = 1
                                    AND LEFT(CONVERT(NVARCHAR(25), DATEADD(MONTH,
                                                              -1,
                                                              Au.NextRunDate), 112),
                                             6) > @PeriodID )			
		
		
	
        SELECT  @Deactivated_Pcs = COUNT(1)
        FROM    Commissions.calcs.vwPlacementTreePermutated AS v WITH ( NOEXPAND )
                JOIN RFOperations.RFO_Accounts.AccountBase(NOLOCK)  ab ON ab.AccountID = v.AccountID
                JOIN RFOperations.RFO_Accounts.AccountRF (NOLOCK)  rf ON rf.AccountID = ab.AccountID
                JOIN RFOperations.RFO_Accounts.AccountContacts (NOLOCK)  ac ON ac.AccountId = ab.AccountID
        WHERE   1 = 1
                AND rf.Active = 0
                AND ab.AccountTypeID = 2
                AND v.[SponsorID] = @AccountID
                AND v.DirectSponsorID = @AccountID
                AND v.[PeriodID] = @PeriodID
                AND  rf.SoftTerminationDate > DATEADD( DAY,-60,GETDATE())



        SELECT  @New_Pcs = COUNT(1)
        FROM    commissions.calcs.vwPlacementTreePermutated AS v WITH ( NOEXPAND )
                JOIN RFOperations.RFO_Accounts.AccountBase(NOLOCK)  ab ON ab.AccountID = v.AccountID
                JOIN RFOperations.RFO_Accounts.AccountRF (NOLOCK)  rf ON rf.AccountID = ab.AccountID
                JOIN RFOperations.RFO_Accounts.AccountContacts (NOLOCK)  ac ON ac.AccountId = ab.AccountID
        WHERE   1 = 1
                AND rf.Active = 1
                AND ab.AccountTypeID = 2
                AND v.[SponsorID] = @AccountID
                AND v.DirectSponsorID = @AccountID
                AND v.[PeriodID] = @PeriodID
                AND rf.EnrollmentDate > DATEADD( DAY,-60,GETDATE())
				
        SELECT  @AccountID [AccountID] ,
                @View_All_Customer [TotalPCCustomersUnderLevel1] ,
                @Cust_have_Order [CustomersHaveOrdersThisMonth] ,
                @Cust_Sch_OrderNext_Month [CustomersHaveOrdersNextMonth] ,
                @Cust_Further_Out [CustomersHaveOrdersFurtherOut] ,
                @New_Pcs [NewPcs] ,
                @Deactivated_Pcs [DeActivatedPC] ,
                @PeriodID [Period]
				


[INFO ] 2018-03-18 19:11:23.263 [main] RFLSDWebsiteBaseTest - Data returned by query: 133
[INFO ] 2018-03-18 19:11:23.294 [main] RFWebsiteDriver - Waiting for spin image to get disappear0
[INFO ] 2018-03-18 19:11:23.308 [main] RFWebsiteDriver - spin image disappears
[INFO ] 2018-03-18 19:11:27.308 [main] RFWebsiteDriver - waiting for locator By.xpath: //h1[contains(text(),'All Customers')]//preceding::span[1]
[INFO ] 2018-03-18 19:11:27.328 [main] RFWebsiteDriver - Element found
[INFO ] 2018-03-18 19:11:27.364 [main] RFWebsiteDriver - TEXT fetched for count of all PC customer for this month and next month is=19
[INFO ] 2018-03-18 19:11:27.367 [main] SoftAssert - VERIFICATION FAILED: Expected count of PC users are 133 actual on UI are 19 expected [true] but found [false]
[INFO ] 2018-03-18 19:11:27.367 [main] SoftAssert - Expected: true
[INFO ] 2018-03-18 19:11:27.367 [main] SoftAssert - Actual: false
[INFO ] 2018-03-18 19:11:27.368 [main] RFWebsiteDriver - Taking Screenshot
[INFO ] 2018-03-18 19:11:27.692 [main] SoftAssert - Snapshot Path :<a href='C:\Users\bpkotamahanti\Bindu\Automation\qa-automation\output\Screenshots\TotalNumberOfAllPCs_3349q\Expected count of PC users are 133 actual on UI are 19 expected [true] but found [false].png'>C:\Users\bpkotamahanti\Bindu\Automation\qa-automation\output\Screenshots\TotalNumberOfAllPCs_3349q\Expected count of PC users are 133 actual on UI are 19 expected [true] but found [false].png</a>

[INFO ] 2018-03-18 19:11:27.693 [main] TestListner - [TEST HAS FAILED-------- Test case TotalNumberOfAllPCs_3349q has failed] due to reason:-<br>  java.lang.AssertionError: 1.Expected count of PC users are 133 actual on UI are 19

[INFO ] 2018-03-18 19:11:27.719 [main] RFWebsiteDriver - URL opened is https://skywalker.rodanandfields.com
[INFO ] 2018-03-18 19:11:28.263 [main] RFWebsiteDriver - Waiting for LSD loading image to get disappear
[INFO ] 2018-03-18 19:11:28.779 [main] RFWebsiteDriver - LSD Animation image disappears
[INFO ] 2018-03-18 19:11:28.779 [main] RFWebsiteDriver - waiting for locator By.id: button-login
[INFO ] 2018-03-18 19:11:34.024 [main] RFWebsiteDriver - waiting for locator By.xpath: //div[text()='Hello,']/following-sibling::div[contains(@class,'text-uppercase')]
[INFO ] 2018-03-18 19:11:34.033 [main] RFWebsiteDriver - Element found
[INFO ] 2018-03-18 19:11:34.042 [main] RFWebsiteDriver - waiting for locator By.xpath: //div[text()='Hello,']/following-sibling::div[contains(@class,'text-uppercase')]
[INFO ] 2018-03-18 19:11:34.051 [main] RFWebsiteDriver - Element found
[INFO ] 2018-03-18 19:11:34.089 [main] RFWebsiteDriver - TEXT fetched for First name in overview section is=SARAH
[INFO ] 2018-03-18 19:11:34.089 [main] RFLSDWebsiteBaseTest - Data returned by query: null
[INFO ] 2018-03-18 19:11:34.097 [main] RFWebsiteDriver - wait started for By.xpath: //div[@id='rf-nav-wrapper']/descendant::img[2]
[INFO ] 2018-03-18 19:11:34.098 [main] RFWebsiteDriver - waiting for locator By.xpath: //div[@id='rf-nav-wrapper']/descendant::img[2]
[INFO ] 2018-03-18 19:11:34.112 [main] RFWebsiteDriver - Element found
[INFO ] 2018-03-18 19:11:34.112 [main] RFWebsiteDriver - R+F logo ready to be clicked
[INFO ] 2018-03-18 19:11:34.180 [main] RFWebsiteDriver - CLICKED on R+F logo
[INFO ] 2018-03-18 19:11:34.182 [main] TestListner - 
******************************************************************************************************************************
					TEST CASE NAME:                  customerViewSubCategories_2448q
******************************************************************************************************************************
[INFO ] 2018-03-18 19:11:34.185 [main] RFWebsiteDriver - wait started for By.xpath: //div[@id='rf-nav-wrapper']/descendant::span[text()='Pulse'][1]
[INFO ] 2018-03-18 19:11:34.186 [main] RFWebsiteDriver - waiting for locator By.xpath: //div[@id='rf-nav-wrapper']/descendant::span[text()='Pulse'][1]
[INFO ] 2018-03-18 19:11:34.207 [main] RFWebsiteDriver - Element found
[INFO ] 2018-03-18 19:11:34.207 [main] RFWebsiteDriver -  ready to be clicked
[INFO ] 2018-03-18 19:11:34.285 [main] RFWebsiteDriver - CLICKED on 
[INFO ] 2018-03-18 19:11:34.286 [main] LSDHomePage - Clicked on Pulse Submenu from Top Navigation
[INFO ] 2018-03-18 19:11:34.331 [main] RFWebsiteDriver - wait started for By.xpath: //a[contains(text(),'Customers')]
[INFO ] 2018-03-18 19:11:34.331 [main] RFWebsiteDriver - waiting for locator By.xpath: //a[contains(text(),'Customers')]
[INFO ] 2018-03-18 19:11:34.341 [main] RFWebsiteDriver - Element found
[INFO ] 2018-03-18 19:11:34.341 [main] RFWebsiteDriver -  ready to be clicked
[INFO ] 2018-03-18 19:11:34.421 [main] RFWebsiteDriver - CLICKED on 
[INFO ] 2018-03-18 19:11:34.421 [main] LSDHomePage - SubMenu Link : Customers clicked
[INFO ] 2018-03-18 19:11:34.469 [main] RFWebsiteDriver - Waiting for spin image to get disappear1
[INFO ] 2018-03-18 19:11:35.483 [main] RFWebsiteDriver - waiting..
[INFO ] 2018-03-18 19:11:35.503 [main] RFWebsiteDriver - spin image disappears
[INFO ] 2018-03-18 19:11:39.521 [main] RFWebsiteDriver - Waiting for spin image to get disappear0
[INFO ] 2018-03-18 19:11:39.538 [main] RFWebsiteDriver - spin image disappears
[INFO ] 2018-03-18 19:11:43.590 [main] RFWebsiteDriver - wait started for By.xpath: //h1[contains(text(),'Build')]/following::div[1]/descendant::a[1]/span
[INFO ] 2018-03-18 19:11:43.590 [main] RFWebsiteDriver - waiting for locator By.xpath: //h1[contains(text(),'Build')]/following::div[1]/descendant::a[1]/span
[INFO ] 2018-03-18 19:11:43.598 [main] RFWebsiteDriver - Element found
[INFO ] 2018-03-18 19:11:43.598 [main] RFWebsiteDriver - 1 category clicked ready to be clicked
[INFO ] 2018-03-18 19:11:43.677 [main] RFWebsiteDriver - CLICKED on 1 category clicked
[INFO ] 2018-03-18 19:11:43.682 [main] RFWebsiteDriver - waiting for locator By.xpath: //h1[contains(text(),'have orders this month')]
[INFO ] 2018-03-18 19:11:43.767 [main] RFWebsiteDriver - Element found
[INFO ] 2018-03-18 19:11:43.820 [main] RFWebsiteDriver - Waiting For Page load via JS
[INFO ] 2018-03-18 19:11:43.833 [main] RFWebsiteDriver - page load complete..
[INFO ] 2018-03-18 19:11:43.842 [main] RFWebsiteDriver - Waiting for spin image to get disappear0
[INFO ] 2018-03-18 19:11:43.851 [main] RFWebsiteDriver - spin image disappears
[INFO ] 2018-03-18 19:11:47.927 [main] RFWebsiteDriver - wait started for By.xpath: //h1[contains(text(),'Build')]/following::div[1]/descendant::a[2]/span
[INFO ] 2018-03-18 19:11:47.927 [main] RFWebsiteDriver - waiting for locator By.xpath: //h1[contains(text(),'Build')]/following::div[1]/descendant::a[2]/span
[INFO ] 2018-03-18 19:11:47.936 [main] RFWebsiteDriver - Element found
[INFO ] 2018-03-18 19:11:47.936 [main] RFWebsiteDriver - 2 category clicked ready to be clicked
[INFO ] 2018-03-18 19:11:48.028 [main] RFWebsiteDriver - CLICKED on 2 category clicked
[INFO ] 2018-03-18 19:11:48.036 [main] RFWebsiteDriver - current URL is https://skywalker.rodanandfields.com/#/pcs/will-order
[INFO ] 2018-03-18 19:11:48.077 [main] RFWebsiteDriver - Waiting For Page load via JS
[INFO ] 2018-03-18 19:11:48.086 [main] RFWebsiteDriver - page load complete..
[INFO ] 2018-03-18 19:11:48.106 [main] RFWebsiteDriver - Waiting for spin image to get disappear0
[INFO ] 2018-03-18 19:11:48.116 [main] RFWebsiteDriver - spin image disappears
[INFO ] 2018-03-18 19:11:52.154 [main] RFWebsiteDriver - wait started for By.xpath: //h1[contains(text(),'Build')]/following::div[1]/descendant::a[3]/span
[INFO ] 2018-03-18 19:11:52.155 [main] RFWebsiteDriver - waiting for locator By.xpath: //h1[contains(text(),'Build')]/following::div[1]/descendant::a[3]/span
[INFO ] 2018-03-18 19:11:52.163 [main] RFWebsiteDriver - Element found
[INFO ] 2018-03-18 19:11:52.163 [main] RFWebsiteDriver - 3 category clicked ready to be clicked
[INFO ] 2018-03-18 19:11:52.233 [main] RFWebsiteDriver - CLICKED on 3 category clicked
[INFO ] 2018-03-18 19:11:52.234 [main] RFWebsiteDriver - waiting for locator By.xpath: //h1[contains(text(),'are further out')]
[INFO ] 2018-03-18 19:11:52.254 [main] RFWebsiteDriver - Element found
[INFO ] 2018-03-18 19:11:52.303 [main] RFWebsiteDriver - Waiting For Page load via JS
[INFO ] 2018-03-18 19:11:52.310 [main] RFWebsiteDriver - page load complete..
[INFO ] 2018-03-18 19:11:52.351 [main] RFWebsiteDriver - wait started for By.xpath: //h1[contains(text(),'View Your Customers')]/following::span[1]
[INFO ] 2018-03-18 19:11:52.352 [main] RFWebsiteDriver - waiting for locator By.xpath: //h1[contains(text(),'View Your Customers')]/following::span[1]
[INFO ] 2018-03-18 19:11:52.371 [main] RFWebsiteDriver - Element found
[INFO ] 2018-03-18 19:11:52.371 [main] RFWebsiteDriver - 1 category clicked ready to be clicked
[INFO ] 2018-03-18 19:11:52.485 [main] RFWebsiteDriver - CLICKED on 1 category clicked
[INFO ] 2018-03-18 19:11:52.485 [main] RFWebsiteDriver - waiting for locator By.xpath: //h1[contains(text(),'Your new Customers')]
[INFO ] 2018-03-18 19:11:52.513 [main] RFWebsiteDriver - Element found
[INFO ] 2018-03-18 19:11:52.561 [main] RFWebsiteDriver - Waiting For Page load via JS
[INFO ] 2018-03-18 19:11:52.567 [main] RFWebsiteDriver - page load complete..
[INFO ] 2018-03-18 19:11:52.611 [main] RFWebsiteDriver - wait started for By.xpath: //h1[contains(text(),'View Your Customers')]/following::span[3]
[INFO ] 2018-03-18 19:11:52.611 [main] RFWebsiteDriver - waiting for locator By.xpath: //h1[contains(text(),'View Your Customers')]/following::span[3]
[INFO ] 2018-03-18 19:11:52.619 [main] RFWebsiteDriver - Element found
[INFO ] 2018-03-18 19:11:52.619 [main] RFWebsiteDriver - 3 category clicked ready to be clicked
[INFO ] 2018-03-18 19:11:52.682 [main] RFWebsiteDriver - CLICKED on 3 category clicked
[INFO ] 2018-03-18 19:11:52.682 [main] RFWebsiteDriver - waiting for locator By.xpath: //h1[contains(text(),'Deactivated PCs')]
[INFO ] 2018-03-18 19:11:53.216 [main] RFWebsiteDriver - Element found
[INFO ] 2018-03-18 19:11:53.227 [main] TestListner - [TEST IS SUCCESSFUL -------- Test case customerViewSubCategories_2448q has passed]
[INFO ] 2018-03-18 19:11:53.234 [main] RFWebsiteDriver - URL opened is https://skywalker.rodanandfields.com
[INFO ] 2018-03-18 19:11:53.755 [main] RFWebsiteDriver - Waiting for LSD loading image to get disappear
[INFO ] 2018-03-18 19:11:53.876 [main] RFWebsiteDriver - LSD Animation image disappears
[INFO ] 2018-03-18 19:11:53.876 [main] RFWebsiteDriver - waiting for locator By.id: button-login
[INFO ] 2018-03-18 19:11:59.263 [main] RFWebsiteDriver - waiting for locator By.xpath: //div[text()='Hello,']/following-sibling::div[contains(@class,'text-uppercase')]
[INFO ] 2018-03-18 19:11:59.273 [main] RFWebsiteDriver - Element found
[INFO ] 2018-03-18 19:11:59.280 [main] RFWebsiteDriver - waiting for locator By.xpath: //div[text()='Hello,']/following-sibling::div[contains(@class,'text-uppercase')]
[INFO ] 2018-03-18 19:11:59.289 [main] RFWebsiteDriver - Element found
[INFO ] 2018-03-18 19:11:59.321 [main] RFWebsiteDriver - TEXT fetched for First name in overview section is=SARAH
[INFO ] 2018-03-18 19:11:59.321 [main] RFLSDWebsiteBaseTest - Data returned by query: null
[INFO ] 2018-03-18 19:11:59.326 [main] RFWebsiteDriver - wait started for By.xpath: //div[@id='rf-nav-wrapper']/descendant::img[2]
[INFO ] 2018-03-18 19:11:59.326 [main] RFWebsiteDriver - waiting for locator By.xpath: //div[@id='rf-nav-wrapper']/descendant::img[2]
[INFO ] 2018-03-18 19:11:59.343 [main] RFWebsiteDriver - Element found
[INFO ] 2018-03-18 19:11:59.343 [main] RFWebsiteDriver - R+F logo ready to be clicked
[INFO ] 2018-03-18 19:11:59.424 [main] RFWebsiteDriver - CLICKED on R+F logo
[INFO ] 2018-03-18 19:11:59.426 [main] TestListner - 
******************************************************************************************************************************
					TEST CASE NAME:                  testPCCardComponents_3240q
******************************************************************************************************************************
[INFO ] 2018-03-18 19:11:59.430 [main] RFWebsiteDriver - wait started for By.xpath: //div[@id='rf-nav-wrapper']/descendant::span[text()='Pulse'][1]
[INFO ] 2018-03-18 19:11:59.430 [main] RFWebsiteDriver - waiting for locator By.xpath: //div[@id='rf-nav-wrapper']/descendant::span[text()='Pulse'][1]
[INFO ] 2018-03-18 19:11:59.460 [main] RFWebsiteDriver - Element found
[INFO ] 2018-03-18 19:11:59.461 [main] RFWebsiteDriver -  ready to be clicked
[INFO ] 2018-03-18 19:11:59.539 [main] RFWebsiteDriver - CLICKED on 
[INFO ] 2018-03-18 19:11:59.539 [main] LSDHomePage - Clicked on Pulse Submenu from Top Navigation
[INFO ] 2018-03-18 19:11:59.588 [main] RFWebsiteDriver - wait started for By.xpath: //a[contains(text(),'Customers')]
[INFO ] 2018-03-18 19:11:59.588 [main] RFWebsiteDriver - waiting for locator By.xpath: //a[contains(text(),'Customers')]
[INFO ] 2018-03-18 19:11:59.602 [main] RFWebsiteDriver - Element found
[INFO ] 2018-03-18 19:11:59.602 [main] RFWebsiteDriver -  ready to be clicked
[INFO ] 2018-03-18 19:11:59.668 [main] RFWebsiteDriver - CLICKED on 
[INFO ] 2018-03-18 19:11:59.668 [main] LSDHomePage - SubMenu Link : Customers clicked
[INFO ] 2018-03-18 19:11:59.732 [main] RFWebsiteDriver - Waiting for spin image to get disappear1
[INFO ] 2018-03-18 19:12:00.746 [main] RFWebsiteDriver - waiting..
[INFO ] 2018-03-18 19:12:00.755 [main] RFWebsiteDriver - spin image disappears
[INFO ] 2018-03-18 19:12:13.756 [main] RFWebsiteDriver - wait started for By.xpath: //div[contains(@class,'white-fb')]/descendant::a[1]/descendant::span[1]
[INFO ] 2018-03-18 19:12:13.756 [main] RFWebsiteDriver - waiting for locator By.xpath: //div[contains(@class,'white-fb')]/descendant::a[1]/descendant::span[1]
[INFO ] 2018-03-18 19:12:13.800 [main] RFWebsiteDriver - Element found
[INFO ] 2018-03-18 19:12:13.800 [main] RFWebsiteDriver - have orders for this month ready to be clicked
[INFO ] 2018-03-18 19:12:13.869 [main] RFWebsiteDriver - CLICKED on have orders for this month
[INFO ] 2018-03-18 19:12:24.902 [main] RFWebsiteDriver - wait started for By.xpath: //div[@id='sub-stage']/descendant::a[1]/descendant::span[1]
[INFO ] 2018-03-18 19:12:24.902 [main] RFWebsiteDriver - waiting for locator By.xpath: //div[@id='sub-stage']/descendant::a[1]/descendant::span[1]
[INFO ] 2018-03-18 19:12:24.921 [main] RFWebsiteDriver - Element found
[INFO ] 2018-03-18 19:12:24.951 [main] RFWebsiteDriver - wait started for By.xpath: //div[@id='sub-stage']/descendant::a[1]/descendant::span[2]
[INFO ] 2018-03-18 19:12:24.951 [main] RFWebsiteDriver - waiting for locator By.xpath: //div[@id='sub-stage']/descendant::a[1]/descendant::span[2]
[INFO ] 2018-03-18 19:12:24.966 [main] RFWebsiteDriver - Element found
[INFO ] 2018-03-18 19:12:24.995 [main] RFWebsiteDriver - wait started for By.xpath: //div[@id='sub-stage']/descendant::a[1]/descendant::span[3]
[INFO ] 2018-03-18 19:12:24.995 [main] RFWebsiteDriver - waiting for locator By.xpath: //div[@id='sub-stage']/descendant::a[1]/descendant::span[3]
[INFO ] 2018-03-18 19:12:25.008 [main] RFWebsiteDriver - Element found
[INFO ] 2018-03-18 19:12:25.044 [main] RFWebsiteDriver - wait started for By.xpath: //div[@id='sub-stage']/descendant::a[1]/descendant::span[4]
[INFO ] 2018-03-18 19:12:25.045 [main] RFWebsiteDriver - waiting for locator By.xpath: //div[@id='sub-stage']/descendant::a[1]/descendant::span[4]
[INFO ] 2018-03-18 19:12:25.059 [main] RFWebsiteDriver - Element found
[INFO ] 2018-03-18 19:12:25.095 [main] RFWebsiteDriver - wait started for By.xpath: //div[@id='sub-stage']/descendant::a[1]/descendant::span[5]
[INFO ] 2018-03-18 19:12:25.095 [main] RFWebsiteDriver - waiting for locator By.xpath: //div[@id='sub-stage']/descendant::a[1]/descendant::span[5]
[INFO ] 2018-03-18 19:12:25.109 [main] RFWebsiteDriver - Element found
[INFO ] 2018-03-18 19:12:25.140 [main] RFWebsiteDriver - wait started for By.xpath: //div[@id='sub-stage']/descendant::a[1]/descendant::span[6]
[INFO ] 2018-03-18 19:12:25.140 [main] RFWebsiteDriver - waiting for locator By.xpath: //div[@id='sub-stage']/descendant::a[1]/descendant::span[6]
[INFO ] 2018-03-18 19:12:25.157 [main] RFWebsiteDriver - Element found
[INFO ] 2018-03-18 19:12:25.192 [main] RFWebsiteDriver - waiting for locator By.xpath: //div[@id='sub-stage']/descendant::section[contains(@id,'pc-card')][1]//span[contains(@class,'icon-contact')]
[INFO ] 2018-03-18 19:12:25.209 [main] RFWebsiteDriver - Element found
[INFO ] 2018-03-18 19:12:25.217 [main] RFWebsiteDriver - wait started for By.xpath: //div[@id='sub-stage']/descendant::section[contains(@id,'pc-card')][1]//div[contains(@class,'rf-circle-bg-active')]
[INFO ] 2018-03-18 19:12:25.217 [main] RFWebsiteDriver - waiting for locator By.xpath: //div[@id='sub-stage']/descendant::section[contains(@id,'pc-card')][1]//div[contains(@class,'rf-circle-bg-active')]
[INFO ] 2018-03-18 19:12:25.234 [main] RFWebsiteDriver - Element found
[INFO ] 2018-03-18 19:12:25.279 [main] TestListner - [TEST IS SUCCESSFUL -------- Test case testPCCardComponents_3240q has passed]
[INFO ] 2018-03-18 19:12:25.284 [main] RFWebsiteDriver - URL opened is https://skywalker.rodanandfields.com
[INFO ] 2018-03-18 19:12:25.943 [main] RFWebsiteDriver - Waiting for LSD loading image to get disappear
[INFO ] 2018-03-18 19:12:26.039 [main] RFWebsiteDriver - LSD Animation image disappears
[INFO ] 2018-03-18 19:12:26.040 [main] RFWebsiteDriver - waiting for locator By.id: button-login
[INFO ] 2018-03-18 19:12:31.339 [main] RFWebsiteDriver - waiting for locator By.xpath: //div[text()='Hello,']/following-sibling::div[contains(@class,'text-uppercase')]
[INFO ] 2018-03-18 19:12:31.347 [main] RFWebsiteDriver - Element found
[INFO ] 2018-03-18 19:12:31.355 [main] RFWebsiteDriver - waiting for locator By.xpath: //div[text()='Hello,']/following-sibling::div[contains(@class,'text-uppercase')]
[INFO ] 2018-03-18 19:12:31.363 [main] RFWebsiteDriver - Element found
[INFO ] 2018-03-18 19:12:31.398 [main] RFWebsiteDriver - TEXT fetched for First name in overview section is=SARAH
[INFO ] 2018-03-18 19:12:31.398 [main] RFLSDWebsiteBaseTest - Data returned by query: null
[INFO ] 2018-03-18 19:12:31.403 [main] RFWebsiteDriver - wait started for By.xpath: //div[@id='rf-nav-wrapper']/descendant::img[2]
[INFO ] 2018-03-18 19:12:31.404 [main] RFWebsiteDriver - waiting for locator By.xpath: //div[@id='rf-nav-wrapper']/descendant::img[2]
[INFO ] 2018-03-18 19:12:31.424 [main] RFWebsiteDriver - Element found
[INFO ] 2018-03-18 19:12:31.424 [main] RFWebsiteDriver - R+F logo ready to be clicked
[INFO ] 2018-03-18 19:12:31.483 [main] RFWebsiteDriver - CLICKED on R+F logo
[INFO ] 2018-03-18 19:12:31.485 [main] TestListner - 
******************************************************************************************************************************
					TEST CASE NAME:                  testSortingByQVLowToHigh_3011q
******************************************************************************************************************************
[INFO ] 2018-03-18 19:12:31.488 [main] RFWebsiteDriver - wait started for By.xpath: //div[@id='rf-nav-wrapper']/descendant::span[text()='Pulse'][1]
[INFO ] 2018-03-18 19:12:31.488 [main] RFWebsiteDriver - waiting for locator By.xpath: //div[@id='rf-nav-wrapper']/descendant::span[text()='Pulse'][1]
[INFO ] 2018-03-18 19:12:31.509 [main] RFWebsiteDriver - Element found
[INFO ] 2018-03-18 19:12:31.509 [main] RFWebsiteDriver -  ready to be clicked
[INFO ] 2018-03-18 19:12:31.621 [main] RFWebsiteDriver - CLICKED on 
[INFO ] 2018-03-18 19:12:31.622 [main] LSDHomePage - Clicked on Pulse Submenu from Top Navigation
[INFO ] 2018-03-18 19:12:31.667 [main] RFWebsiteDriver - wait started for By.xpath: //a[contains(text(),'Customers')]
[INFO ] 2018-03-18 19:12:31.667 [main] RFWebsiteDriver - waiting for locator By.xpath: //a[contains(text(),'Customers')]
[INFO ] 2018-03-18 19:12:31.676 [main] RFWebsiteDriver - Element found
[INFO ] 2018-03-18 19:12:31.676 [main] RFWebsiteDriver -  ready to be clicked
[INFO ] 2018-03-18 19:12:31.753 [main] RFWebsiteDriver - CLICKED on 
[INFO ] 2018-03-18 19:12:31.753 [main] LSDHomePage - SubMenu Link : Customers clicked
[INFO ] 2018-03-18 19:12:31.812 [main] RFWebsiteDriver - Waiting for spin image to get disappear1
[INFO ] 2018-03-18 19:12:32.831 [main] RFWebsiteDriver - waiting..
[INFO ] 2018-03-18 19:12:32.838 [main] RFWebsiteDriver - spin image disappears
[INFO ] 2018-03-18 19:12:36.876 [main] RFWebsiteDriver - Waiting for spin image to get disappear0
[INFO ] 2018-03-18 19:12:37.856 [main] RFWebsiteDriver - spin image disappears
[INFO ] 2018-03-18 19:12:37.856 [main] RFWebsiteDriver - waiting for locator By.xpath: //div[contains(@class,'white-fb')]/descendant::a[1]/descendant::span[2]
[INFO ] 2018-03-18 19:12:37.878 [main] RFWebsiteDriver - Element found
[INFO ] 2018-03-18 19:12:37.909 [main] RFWebsiteDriver - TEXT fetched for count of pc autoship orders for this month is=12
[INFO ] 2018-03-18 19:12:37.916 [main] RFWebsiteDriver - Waiting for spin image to get disappear0
[INFO ] 2018-03-18 19:12:37.924 [main] RFWebsiteDriver - spin image disappears
[INFO ] 2018-03-18 19:12:37.924 [main] RFWebsiteDriver - waiting for locator By.xpath: //div[contains(@class,'white-fb')]/descendant::a[2]/descendant::span[2]
[INFO ] 2018-03-18 19:12:37.938 [main] RFWebsiteDriver - Element found
[INFO ] 2018-03-18 19:12:37.970 [main] RFWebsiteDriver - TEXT fetched for count of pc autoship orders for next month is=7
[INFO ] 2018-03-18 19:12:37.978 [main] RFWebsiteDriver - Waiting for spin image to get disappear0
[INFO ] 2018-03-18 19:12:37.985 [main] RFWebsiteDriver - spin image disappears
[INFO ] 2018-03-18 19:12:37.985 [main] RFWebsiteDriver - waiting for locator By.xpath: //div[contains(@class,'white-fb')]/descendant::a[3]/descendant::span[2]
[INFO ] 2018-03-18 19:12:37.999 [main] RFWebsiteDriver - Element found
[INFO ] 2018-03-18 19:12:38.029 [main] RFWebsiteDriver - TEXT fetched for count of pc autoship orders for further out is=0
[INFO ] 2018-03-18 19:12:47.030 [main] RFWebsiteDriver - wait started for By.xpath: //div[contains(@class,'white-fb')]/descendant::a[1]/descendant::span[1]
[INFO ] 2018-03-18 19:12:47.030 [main] RFWebsiteDriver - waiting for locator By.xpath: //div[contains(@class,'white-fb')]/descendant::a[1]/descendant::span[1]
[INFO ] 2018-03-18 19:12:47.069 [main] RFWebsiteDriver - Element found
[INFO ] 2018-03-18 19:12:47.070 [main] RFWebsiteDriver - have orders for this month ready to be clicked
[INFO ] 2018-03-18 19:12:47.135 [main] RFWebsiteDriver - CLICKED on have orders for this month
[INFO ] 2018-03-18 19:12:57.583 [main] RFWebsiteDriver - wait started for By.xpath: //span[contains(text(),'Sorted by')]
[INFO ] 2018-03-18 19:12:57.583 [main] RFWebsiteDriver - waiting for locator By.xpath: //span[contains(text(),'Sorted by')]
[INFO ] 2018-03-18 19:12:57.601 [main] RFWebsiteDriver - Element found
[INFO ] 2018-03-18 19:12:57.601 [main] RFWebsiteDriver - filter ready to be clicked
[INFO ] 2018-03-18 19:12:57.653 [main] RFWebsiteDriver - CLICKED on filter
[INFO ] 2018-03-18 19:12:57.653 [main] RFWebsiteDriver - wait started for By.xpath: //span[contains(text(),'QV: Low to High')]
[INFO ] 2018-03-18 19:12:57.653 [main] RFWebsiteDriver - waiting for locator By.xpath: //span[contains(text(),'QV: Low to High')]
[INFO ] 2018-03-18 19:12:57.676 [main] RFWebsiteDriver - Element found
[INFO ] 2018-03-18 19:12:57.676 [main] RFWebsiteDriver - filter selected ready to be clicked
[INFO ] 2018-03-18 19:12:57.755 [main] RFWebsiteDriver - CLICKED on filter selected
[INFO ] 2018-03-18 19:12:57.940 [main] RFWebsiteDriver - Waiting For Page load via JS
[INFO ] 2018-03-18 19:12:57.953 [main] RFWebsiteDriver - page load complete..
[INFO ] 2018-03-18 19:12:57.971 [main] RFWebsiteDriver - Waiting for spin image to get disappear0
[INFO ] 2018-03-18 19:12:57.980 [main] RFWebsiteDriver - spin image disappears
[INFO ] 2018-03-18 19:12:57.980 [main] RFWebsiteDriver - wait started for By.xpath: //div[contains(@class,'white-fb')]/descendant::a[2]/descendant::span[1]
[INFO ] 2018-03-18 19:12:57.980 [main] RFWebsiteDriver - waiting for locator By.xpath: //div[contains(@class,'white-fb')]/descendant::a[2]/descendant::span[1]
[INFO ] 2018-03-18 19:12:57.995 [main] RFWebsiteDriver - Element found
[INFO ] 2018-03-18 19:12:57.995 [main] RFWebsiteDriver - have orders for this month ready to be clicked
[INFO ] 2018-03-18 19:12:58.097 [main] RFWebsiteDriver - CLICKED on have orders for this month
[INFO ] 2018-03-18 19:12:58.098 [main] RFWebsiteDriver - Waiting for LSD loading image to get disappear
[INFO ] 2018-03-18 19:12:59.122 [main] RFWebsiteDriver - waiting..
[INFO ] 2018-03-18 19:13:00.142 [main] RFWebsiteDriver - waiting..
[INFO ] 2018-03-18 19:13:01.162 [main] RFWebsiteDriver - waiting..
[INFO ] 2018-03-18 19:13:02.174 [main] RFWebsiteDriver - waiting..
[INFO ] 2018-03-18 19:13:03.186 [main] RFWebsiteDriver - waiting..
[INFO ] 2018-03-18 19:13:04.204 [main] RFWebsiteDriver - waiting..
[INFO ] 2018-03-18 19:13:05.220 [main] RFWebsiteDriver - waiting..
[INFO ] 2018-03-18 19:13:06.244 [main] RFWebsiteDriver - waiting..
[INFO ] 2018-03-18 19:13:07.262 [main] RFWebsiteDriver - waiting..
[INFO ] 2018-03-18 19:13:08.288 [main] RFWebsiteDriver - waiting..
[INFO ] 2018-03-18 19:13:09.297 [main] RFWebsiteDriver - waiting..
[INFO ] 2018-03-18 19:13:10.304 [main] RFWebsiteDriver - waiting..
[INFO ] 2018-03-18 19:13:11.331 [main] RFWebsiteDriver - waiting..
[INFO ] 2018-03-18 19:13:12.354 [main] RFWebsiteDriver - waiting..
[INFO ] 2018-03-18 19:13:13.374 [main] RFWebsiteDriver - waiting..
[INFO ] 2018-03-18 19:13:14.402 [main] RFWebsiteDriver - waiting..
[INFO ] 2018-03-18 19:13:15.421 [main] RFWebsiteDriver - waiting..
[INFO ] 2018-03-18 19:13:16.435 [main] RFWebsiteDriver - waiting..
[INFO ] 2018-03-18 19:13:17.446 [main] RFWebsiteDriver - waiting..
[INFO ] 2018-03-18 19:13:18.466 [main] RFWebsiteDriver - waiting..
[INFO ] 2018-03-18 19:13:18.467 [main] RFWebsiteDriver - wait started for By.xpath: //span[contains(text(),'Sorted by')]
[INFO ] 2018-03-18 19:13:18.467 [main] RFWebsiteDriver - waiting for locator By.xpath: //span[contains(text(),'Sorted by')]
[INFO ] 2018-03-18 19:13:18.494 [main] RFWebsiteDriver - Element found
[INFO ] 2018-03-18 19:13:18.495 [main] RFWebsiteDriver - filter ready to be clicked
[INFO ] 2018-03-18 19:13:18.559 [main] RFWebsiteDriver - CLICKED on filter
[INFO ] 2018-03-18 19:13:18.559 [main] RFWebsiteDriver - wait started for By.xpath: //span[contains(text(),'QV: Low to High')]
[INFO ] 2018-03-18 19:13:18.559 [main] RFWebsiteDriver - waiting for locator By.xpath: //span[contains(text(),'QV: Low to High')]
[INFO ] 2018-03-18 19:13:18.571 [main] RFWebsiteDriver - Element found
[INFO ] 2018-03-18 19:13:18.571 [main] RFWebsiteDriver - filter selected ready to be clicked
[INFO ] 2018-03-18 19:13:18.624 [main] RFWebsiteDriver - CLICKED on filter selected
[INFO ] 2018-03-18 19:13:18.891 [main] RFWebsiteDriver - Waiting For Page load via JS
[INFO ] 2018-03-18 19:13:18.901 [main] RFWebsiteDriver - page load complete..
[INFO ] 2018-03-18 19:13:18.901 [main] TestListner - [TEST IS SUCCESSFUL -------- Test case testSortingByQVLowToHigh_3011q has passed]
[INFO ] 2018-03-18 19:13:18.907 [main] RFWebsiteDriver - URL opened is https://skywalker.rodanandfields.com
[INFO ] 2018-03-18 19:13:19.381 [main] RFWebsiteDriver - Waiting for LSD loading image to get disappear
[INFO ] 2018-03-18 19:13:19.491 [main] RFWebsiteDriver - LSD Animation image disappears
[INFO ] 2018-03-18 19:13:19.491 [main] RFWebsiteDriver - waiting for locator By.id: button-login
[INFO ] 2018-03-18 19:13:25.081 [main] RFWebsiteDriver - waiting for locator By.xpath: //div[text()='Hello,']/following-sibling::div[contains(@class,'text-uppercase')]
[INFO ] 2018-03-18 19:13:25.089 [main] RFWebsiteDriver - Element found
[INFO ] 2018-03-18 19:13:25.098 [main] RFWebsiteDriver - waiting for locator By.xpath: //div[text()='Hello,']/following-sibling::div[contains(@class,'text-uppercase')]
[INFO ] 2018-03-18 19:13:25.105 [main] RFWebsiteDriver - Element found
[INFO ] 2018-03-18 19:13:25.138 [main] RFWebsiteDriver - TEXT fetched for First name in overview section is=SARAH
[INFO ] 2018-03-18 19:13:25.138 [main] RFLSDWebsiteBaseTest - Data returned by query: null
[INFO ] 2018-03-18 19:13:25.143 [main] RFWebsiteDriver - wait started for By.xpath: //div[@id='rf-nav-wrapper']/descendant::img[2]
[INFO ] 2018-03-18 19:13:25.143 [main] RFWebsiteDriver - waiting for locator By.xpath: //div[@id='rf-nav-wrapper']/descendant::img[2]
[INFO ] 2018-03-18 19:13:25.157 [main] RFWebsiteDriver - Element found
[INFO ] 2018-03-18 19:13:25.157 [main] RFWebsiteDriver - R+F logo ready to be clicked
[INFO ] 2018-03-18 19:13:25.216 [main] RFWebsiteDriver - CLICKED on R+F logo
[INFO ] 2018-03-18 19:13:25.218 [main] TestListner - 
******************************************************************************************************************************
					TEST CASE NAME:                  testSortingMenuForNextMonth_2999q
******************************************************************************************************************************
[INFO ] 2018-03-18 19:13:25.221 [main] RFWebsiteDriver - wait started for By.xpath: //div[@id='rf-nav-wrapper']/descendant::span[text()='Pulse'][1]
[INFO ] 2018-03-18 19:13:25.222 [main] RFWebsiteDriver - waiting for locator By.xpath: //div[@id='rf-nav-wrapper']/descendant::span[text()='Pulse'][1]
[INFO ] 2018-03-18 19:13:25.242 [main] RFWebsiteDriver - Element found
[INFO ] 2018-03-18 19:13:25.242 [main] RFWebsiteDriver -  ready to be clicked
[INFO ] 2018-03-18 19:13:25.322 [main] RFWebsiteDriver - CLICKED on 
[INFO ] 2018-03-18 19:13:25.322 [main] LSDHomePage - Clicked on Pulse Submenu from Top Navigation
[INFO ] 2018-03-18 19:13:25.363 [main] RFWebsiteDriver - wait started for By.xpath: //a[contains(text(),'Customers')]
[INFO ] 2018-03-18 19:13:25.364 [main] RFWebsiteDriver - waiting for locator By.xpath: //a[contains(text(),'Customers')]
[INFO ] 2018-03-18 19:13:25.372 [main] RFWebsiteDriver - Element found
[INFO ] 2018-03-18 19:13:25.372 [main] RFWebsiteDriver -  ready to be clicked
[INFO ] 2018-03-18 19:13:25.435 [main] RFWebsiteDriver - CLICKED on 
[INFO ] 2018-03-18 19:13:25.436 [main] LSDHomePage - SubMenu Link : Customers clicked
[INFO ] 2018-03-18 19:13:25.491 [main] RFWebsiteDriver - Waiting for spin image to get disappear1
[INFO ] 2018-03-18 19:13:26.504 [main] RFWebsiteDriver - waiting..
[INFO ] 2018-03-18 19:13:26.523 [main] RFWebsiteDriver - spin image disappears
[INFO ] 2018-03-18 19:13:30.562 [main] RFWebsiteDriver - Waiting for spin image to get disappear0
[INFO ] 2018-03-18 19:13:30.575 [main] RFWebsiteDriver - spin image disappears
[INFO ] 2018-03-18 19:13:30.575 [main] RFWebsiteDriver - wait started for By.xpath: //div[contains(@class,'white-fb')]/descendant::a[2]/descendant::span[1]
[INFO ] 2018-03-18 19:13:30.575 [main] RFWebsiteDriver - waiting for locator By.xpath: //div[contains(@class,'white-fb')]/descendant::a[2]/descendant::span[1]
[INFO ] 2018-03-18 19:13:30.594 [main] RFWebsiteDriver - Element found
[INFO ] 2018-03-18 19:13:30.594 [main] RFWebsiteDriver - have orders for this month ready to be clicked
[INFO ] 2018-03-18 19:13:30.653 [main] RFWebsiteDriver - CLICKED on have orders for this month
[INFO ] 2018-03-18 19:13:30.653 [main] RFWebsiteDriver - Waiting for LSD loading image to get disappear
[INFO ] 2018-03-18 19:13:31.739 [main] RFWebsiteDriver - waiting..
[INFO ] 2018-03-18 19:13:32.747 [main] RFWebsiteDriver - waiting..
[INFO ] 2018-03-18 19:13:33.754 [main] RFWebsiteDriver - waiting..
[INFO ] 2018-03-18 19:13:34.761 [main] RFWebsiteDriver - waiting..
[INFO ] 2018-03-18 19:13:35.782 [main] RFWebsiteDriver - waiting..
[INFO ] 2018-03-18 19:13:36.800 [main] RFWebsiteDriver - waiting..
[INFO ] 2018-03-18 19:13:37.809 [main] RFWebsiteDriver - waiting..
[INFO ] 2018-03-18 19:13:38.827 [main] RFWebsiteDriver - waiting..
[INFO ] 2018-03-18 19:13:39.837 [main] RFWebsiteDriver - waiting..
[INFO ] 2018-03-18 19:13:40.845 [main] RFWebsiteDriver - waiting..
[INFO ] 2018-03-18 19:13:41.861 [main] RFWebsiteDriver - waiting..
[INFO ] 2018-03-18 19:13:42.874 [main] RFWebsiteDriver - waiting..
[INFO ] 2018-03-18 19:13:43.896 [main] RFWebsiteDriver - waiting..
[INFO ] 2018-03-18 19:13:44.927 [main] RFWebsiteDriver - waiting..
[INFO ] 2018-03-18 19:13:45.960 [main] RFWebsiteDriver - waiting..
[INFO ] 2018-03-18 19:13:46.972 [main] RFWebsiteDriver - waiting..
[INFO ] 2018-03-18 19:13:48.003 [main] RFWebsiteDriver - waiting..
[INFO ] 2018-03-18 19:13:49.018 [main] RFWebsiteDriver - waiting..
[INFO ] 2018-03-18 19:13:50.046 [main] RFWebsiteDriver - waiting..
[INFO ] 2018-03-18 19:13:51.077 [main] RFWebsiteDriver - waiting..
[INFO ] 2018-03-18 19:13:51.095 [main] RFWebsiteDriver - current URL is https://skywalker.rodanandfields.com/#/pcs/will-order
[INFO ] 2018-03-18 19:13:51.095 [main] RFWebsiteDriver - wait started for By.xpath: //span[contains(text(),'Sorted by')]
[INFO ] 2018-03-18 19:13:51.095 [main] RFWebsiteDriver - waiting for locator By.xpath: //span[contains(text(),'Sorted by')]
[INFO ] 2018-03-18 19:13:51.127 [main] RFWebsiteDriver - Element found
[INFO ] 2018-03-18 19:13:51.127 [main] RFWebsiteDriver - filter ready to be clicked
[INFO ] 2018-03-18 19:13:51.183 [main] RFWebsiteDriver - CLICKED on filter
[INFO ] 2018-03-18 19:13:51.666 [main] TestListner - [TEST IS SUCCESSFUL -------- Test case testSortingMenuForNextMonth_2999q has passed]
[INFO ] 2018-03-18 19:13:51.671 [main] RFWebsiteDriver - URL opened is https://skywalker.rodanandfields.com
[INFO ] 2018-03-18 19:13:52.384 [main] RFWebsiteDriver - Waiting for LSD loading image to get disappear
[INFO ] 2018-03-18 19:13:52.472 [main] RFWebsiteDriver - LSD Animation image disappears
[INFO ] 2018-03-18 19:13:52.472 [main] RFWebsiteDriver - waiting for locator By.id: button-login
[INFO ] 2018-03-18 19:13:57.829 [main] RFWebsiteDriver - waiting for locator By.xpath: //div[text()='Hello,']/following-sibling::div[contains(@class,'text-uppercase')]
[INFO ] 2018-03-18 19:13:57.836 [main] RFWebsiteDriver - Element found
[INFO ] 2018-03-18 19:13:57.844 [main] RFWebsiteDriver - waiting for locator By.xpath: //div[text()='Hello,']/following-sibling::div[contains(@class,'text-uppercase')]
[INFO ] 2018-03-18 19:13:57.852 [main] RFWebsiteDriver - Element found
[INFO ] 2018-03-18 19:13:57.885 [main] RFWebsiteDriver - TEXT fetched for First name in overview section is=SARAH
[INFO ] 2018-03-18 19:13:57.885 [main] RFLSDWebsiteBaseTest - Data returned by query: null
[INFO ] 2018-03-18 19:13:57.889 [main] RFWebsiteDriver - wait started for By.xpath: //div[@id='rf-nav-wrapper']/descendant::img[2]
[INFO ] 2018-03-18 19:13:57.890 [main] RFWebsiteDriver - waiting for locator By.xpath: //div[@id='rf-nav-wrapper']/descendant::img[2]
[INFO ] 2018-03-18 19:13:57.904 [main] RFWebsiteDriver - Element found
[INFO ] 2018-03-18 19:13:57.904 [main] RFWebsiteDriver - R+F logo ready to be clicked
[INFO ] 2018-03-18 19:13:57.966 [main] RFWebsiteDriver - CLICKED on R+F logo
[INFO ] 2018-03-18 19:13:57.968 [main] TestListner - 
******************************************************************************************************************************
					TEST CASE NAME:                  testSortingMenuForThisMonth_3000q
******************************************************************************************************************************
[INFO ] 2018-03-18 19:13:57.972 [main] RFWebsiteDriver - wait started for By.xpath: //div[@id='rf-nav-wrapper']/descendant::span[text()='Pulse'][1]
[INFO ] 2018-03-18 19:13:57.972 [main] RFWebsiteDriver - waiting for locator By.xpath: //div[@id='rf-nav-wrapper']/descendant::span[text()='Pulse'][1]
[INFO ] 2018-03-18 19:13:57.989 [main] RFWebsiteDriver - Element found
[INFO ] 2018-03-18 19:13:57.989 [main] RFWebsiteDriver -  ready to be clicked
[INFO ] 2018-03-18 19:13:58.055 [main] RFWebsiteDriver - CLICKED on 
[INFO ] 2018-03-18 19:13:58.055 [main] LSDHomePage - Clicked on Pulse Submenu from Top Navigation
[INFO ] 2018-03-18 19:13:58.102 [main] RFWebsiteDriver - wait started for By.xpath: //a[contains(text(),'Customers')]
[INFO ] 2018-03-18 19:13:58.102 [main] RFWebsiteDriver - waiting for locator By.xpath: //a[contains(text(),'Customers')]
[INFO ] 2018-03-18 19:13:58.110 [main] RFWebsiteDriver - Element found
[INFO ] 2018-03-18 19:13:58.110 [main] RFWebsiteDriver -  ready to be clicked
[INFO ] 2018-03-18 19:13:58.202 [main] RFWebsiteDriver - CLICKED on 
[INFO ] 2018-03-18 19:13:58.202 [main] LSDHomePage - SubMenu Link : Customers clicked
[INFO ] 2018-03-18 19:13:58.249 [main] RFWebsiteDriver - Waiting for spin image to get disappear1
[INFO ] 2018-03-18 19:13:59.258 [main] RFWebsiteDriver - waiting..
[INFO ] 2018-03-18 19:13:59.266 [main] RFWebsiteDriver - spin image disappears
[INFO ] 2018-03-18 19:14:12.267 [main] RFWebsiteDriver - wait started for By.xpath: //div[contains(@class,'white-fb')]/descendant::a[1]/descendant::span[1]
[INFO ] 2018-03-18 19:14:12.267 [main] RFWebsiteDriver - waiting for locator By.xpath: //div[contains(@class,'white-fb')]/descendant::a[1]/descendant::span[1]
[INFO ] 2018-03-18 19:14:12.314 [main] RFWebsiteDriver - Element found
[INFO ] 2018-03-18 19:14:12.314 [main] RFWebsiteDriver - have orders for this month ready to be clicked
[INFO ] 2018-03-18 19:14:12.388 [main] RFWebsiteDriver - CLICKED on have orders for this month
[INFO ] 2018-03-18 19:14:22.844 [main] RFWebsiteDriver - current URL is https://skywalker.rodanandfields.com/#/pcs/have-orders
[INFO ] 2018-03-18 19:14:22.844 [main] RFWebsiteDriver - wait started for By.xpath: //span[contains(text(),'Sorted by')]
[INFO ] 2018-03-18 19:14:22.844 [main] RFWebsiteDriver - waiting for locator By.xpath: //span[contains(text(),'Sorted by')]
[INFO ] 2018-03-18 19:14:22.858 [main] RFWebsiteDriver - Element found
[INFO ] 2018-03-18 19:14:22.858 [main] RFWebsiteDriver - filter ready to be clicked
[INFO ] 2018-03-18 19:14:22.916 [main] RFWebsiteDriver - CLICKED on filter
[INFO ] 2018-03-18 19:14:23.512 [main] TestListner - [TEST IS SUCCESSFUL -------- Test case testSortingMenuForThisMonth_3000q has passed]
[INFO ] 2018-03-18 19:14:23.517 [main] RFWebsiteDriver - URL opened is https://skywalker.rodanandfields.com
[INFO ] 2018-03-18 19:14:24.109 [main] RFWebsiteDriver - Waiting for LSD loading image to get disappear
[INFO ] 2018-03-18 19:14:24.205 [main] RFWebsiteDriver - LSD Animation image disappears
[INFO ] 2018-03-18 19:14:24.205 [main] RFWebsiteDriver - waiting for locator By.id: button-login
[INFO ] 2018-03-18 19:14:29.527 [main] RFWebsiteDriver - waiting for locator By.xpath: //div[text()='Hello,']/following-sibling::div[contains(@class,'text-uppercase')]
[INFO ] 2018-03-18 19:14:29.535 [main] RFWebsiteDriver - Element found
[INFO ] 2018-03-18 19:14:29.544 [main] RFWebsiteDriver - waiting for locator By.xpath: //div[text()='Hello,']/following-sibling::div[contains(@class,'text-uppercase')]
[INFO ] 2018-03-18 19:14:29.553 [main] RFWebsiteDriver - Element found
[INFO ] 2018-03-18 19:14:29.583 [main] RFWebsiteDriver - TEXT fetched for First name in overview section is=SARAH
[INFO ] 2018-03-18 19:14:29.583 [main] RFLSDWebsiteBaseTest - Data returned by query: null
[INFO ] 2018-03-18 19:14:29.587 [main] RFWebsiteDriver - wait started for By.xpath: //div[@id='rf-nav-wrapper']/descendant::img[2]
[INFO ] 2018-03-18 19:14:29.588 [main] RFWebsiteDriver - waiting for locator By.xpath: //div[@id='rf-nav-wrapper']/descendant::img[2]
[INFO ] 2018-03-18 19:14:29.601 [main] RFWebsiteDriver - Element found
[INFO ] 2018-03-18 19:14:29.601 [main] RFWebsiteDriver - R+F logo ready to be clicked
[INFO ] 2018-03-18 19:14:29.671 [main] RFWebsiteDriver - CLICKED on R+F logo
[INFO ] 2018-03-18 19:14:29.674 [main] TestListner - 
******************************************************************************************************************************
					TEST CASE NAME:                  testTotalNumberOfDeactivatedPCs_2985q
******************************************************************************************************************************
[INFO ] 2018-03-18 19:14:29.678 [main] RFWebsiteDriver - wait started for By.xpath: //div[@id='rf-nav-wrapper']/descendant::span[text()='Pulse'][1]
[INFO ] 2018-03-18 19:14:29.678 [main] RFWebsiteDriver - waiting for locator By.xpath: //div[@id='rf-nav-wrapper']/descendant::span[text()='Pulse'][1]
[INFO ] 2018-03-18 19:14:29.705 [main] RFWebsiteDriver - Element found
[INFO ] 2018-03-18 19:14:29.705 [main] RFWebsiteDriver -  ready to be clicked
[INFO ] 2018-03-18 19:14:29.799 [main] RFWebsiteDriver - CLICKED on 
[INFO ] 2018-03-18 19:14:29.799 [main] LSDHomePage - Clicked on Pulse Submenu from Top Navigation
[INFO ] 2018-03-18 19:14:29.852 [main] RFWebsiteDriver - wait started for By.xpath: //a[contains(text(),'Customers')]
[INFO ] 2018-03-18 19:14:29.852 [main] RFWebsiteDriver - waiting for locator By.xpath: //a[contains(text(),'Customers')]
[INFO ] 2018-03-18 19:14:29.863 [main] RFWebsiteDriver - Element found
[INFO ] 2018-03-18 19:14:29.863 [main] RFWebsiteDriver -  ready to be clicked
[INFO ] 2018-03-18 19:14:29.940 [main] RFWebsiteDriver - CLICKED on 
[INFO ] 2018-03-18 19:14:29.940 [main] LSDHomePage - SubMenu Link : Customers clicked
[INFO ] 2018-03-18 19:14:30.003 [main] RFWebsiteDriver - Waiting for spin image to get disappear1
[INFO ] 2018-03-18 19:14:31.018 [main] RFWebsiteDriver - waiting..
[INFO ] 2018-03-18 19:14:31.051 [main] RFWebsiteDriver - spin image disappears
[INFO ] 2018-03-18 19:14:35.051 [main] RFLSDWebsiteBaseTest - Data returned by query: 2
[INFO ] 2018-03-18 19:14:35.059 [main] RFWebsiteDriver - Waiting for spin image to get disappear0
[INFO ] 2018-03-18 19:14:35.068 [main] RFWebsiteDriver - spin image disappears
[INFO ] 2018-03-18 19:14:39.068 [main] RFWebsiteDriver - waiting for locator By.xpath: //h1[contains(text(),'View Your Customers')]/following::span[4]
[INFO ] 2018-03-18 19:14:39.089 [main] RFWebsiteDriver - Element found
[INFO ] 2018-03-18 19:14:39.129 [main] RFWebsiteDriver - TEXT fetched for count of deactivated pcs is=8
[INFO ] 2018-03-18 19:14:39.130 [main] SoftAssert - VERIFICATION FAILED: Expected count of deactivate PCs are 2 but actual on UI is 8 expected [true] but found [false]
[INFO ] 2018-03-18 19:14:39.130 [main] SoftAssert - Expected: true
[INFO ] 2018-03-18 19:14:39.130 [main] SoftAssert - Actual: false
[INFO ] 2018-03-18 19:14:39.130 [main] RFWebsiteDriver - Taking Screenshot
[INFO ] 2018-03-18 19:14:39.428 [main] SoftAssert - Snapshot Path :<a href='C:\Users\bpkotamahanti\Bindu\Automation\qa-automation\output\Screenshots\testTotalNumberOfDeactivatedPCs_2985q\Expected count of deactivate PCs are 2 but actual on UI is 8 expected [true] but found [false].png'>C:\Users\bpkotamahanti\Bindu\Automation\qa-automation\output\Screenshots\testTotalNumberOfDeactivatedPCs_2985q\Expected count of deactivate PCs are 2 but actual on UI is 8 expected [true] but found [false].png</a>

[INFO ] 2018-03-18 19:14:39.466 [main] RFWebsiteDriver - wait started for By.xpath: //h1[contains(text(),'View Your Customers')]/following::span[3]
[INFO ] 2018-03-18 19:14:39.466 [main] RFWebsiteDriver - waiting for locator By.xpath: //h1[contains(text(),'View Your Customers')]/following::span[3]
[INFO ] 2018-03-18 19:14:39.474 [main] RFWebsiteDriver - Element found
[INFO ] 2018-03-18 19:14:39.474 [main] RFWebsiteDriver - 3 category clicked ready to be clicked
[INFO ] 2018-03-18 19:14:39.540 [main] RFWebsiteDriver - CLICKED on 3 category clicked
[INFO ] 2018-03-18 19:14:39.540 [main] RFWebsiteDriver - wait started for By.xpath: //h1[contains(text(),'Deactivated PC')]/../descendant::span[1]
[INFO ] 2018-03-18 19:14:39.540 [main] RFWebsiteDriver - waiting for locator By.xpath: //h1[contains(text(),'Deactivated PC')]/../descendant::span[1]
[INFO ] 2018-03-18 19:14:39.613 [main] RFWebsiteDriver - Element found
[INFO ] 2018-03-18 19:14:39.614 [main] RFWebsiteDriver - waiting for locator By.xpath: //h1[contains(text(),'Deactivated PC')]/../descendant::span[1]
[INFO ] 2018-03-18 19:14:39.631 [main] RFWebsiteDriver - Element found
[INFO ] 2018-03-18 19:14:39.671 [main] RFWebsiteDriver - TEXT fetched for count of deactivated pc at header is=8
[INFO ] 2018-03-18 19:14:39.671 [main] SoftAssert - VERIFICATION FAILED: Expected count of deactivate PCs are 2 but actual on header is 8 expected [true] but found [false]
[INFO ] 2018-03-18 19:14:39.671 [main] SoftAssert - Expected: true
[INFO ] 2018-03-18 19:14:39.671 [main] SoftAssert - Actual: false
[INFO ] 2018-03-18 19:14:39.671 [main] RFWebsiteDriver - Taking Screenshot
[INFO ] 2018-03-18 19:14:39.986 [main] SoftAssert - Snapshot Path :<a href='C:\Users\bpkotamahanti\Bindu\Automation\qa-automation\output\Screenshots\testTotalNumberOfDeactivatedPCs_2985q\Expected count of deactivate PCs are 2 but actual on header is 8 expected [true] but found [false].png'>C:\Users\bpkotamahanti\Bindu\Automation\qa-automation\output\Screenshots\testTotalNumberOfDeactivatedPCs_2985q\Expected count of deactivate PCs are 2 but actual on header is 8 expected [true] but found [false].png</a>

[INFO ] 2018-03-18 19:14:39.986 [main] TestListner - [TEST HAS FAILED-------- Test case testTotalNumberOfDeactivatedPCs_2985q has failed] due to reason:-<br>  java.lang.AssertionError: 1.Expected count of deactivate PCs are 2 but actual on header is 8

 1.Expected count of deactivate PCs are 2 but actual on UI is 8

[INFO ] 2018-03-18 19:14:39.998 [main] RFWebsiteDriver - URL opened is https://skywalker.rodanandfields.com
[INFO ] 2018-03-18 19:14:40.529 [main] RFWebsiteDriver - Waiting for LSD loading image to get disappear
[INFO ] 2018-03-18 19:14:41.292 [main] RFWebsiteDriver - LSD Animation image disappears
[INFO ] 2018-03-18 19:14:41.292 [main] RFWebsiteDriver - waiting for locator By.id: button-login
[INFO ] 2018-03-18 19:14:46.828 [main] RFWebsiteDriver - waiting for locator By.xpath: //div[text()='Hello,']/following-sibling::div[contains(@class,'text-uppercase')]
[INFO ] 2018-03-18 19:14:46.835 [main] RFWebsiteDriver - Element found
[INFO ] 2018-03-18 19:14:46.846 [main] RFWebsiteDriver - waiting for locator By.xpath: //div[text()='Hello,']/following-sibling::div[contains(@class,'text-uppercase')]
[INFO ] 2018-03-18 19:14:46.856 [main] RFWebsiteDriver - Element found
[INFO ] 2018-03-18 19:14:46.885 [main] RFWebsiteDriver - TEXT fetched for First name in overview section is=SARAH
[INFO ] 2018-03-18 19:14:46.885 [main] RFLSDWebsiteBaseTest - Data returned by query: null
[INFO ] 2018-03-18 19:14:46.893 [main] RFWebsiteDriver - wait started for By.xpath: //div[@id='rf-nav-wrapper']/descendant::img[2]
[INFO ] 2018-03-18 19:14:46.893 [main] RFWebsiteDriver - waiting for locator By.xpath: //div[@id='rf-nav-wrapper']/descendant::img[2]
[INFO ] 2018-03-18 19:14:46.911 [main] RFWebsiteDriver - Element found
[INFO ] 2018-03-18 19:14:46.912 [main] RFWebsiteDriver - R+F logo ready to be clicked
[INFO ] 2018-03-18 19:14:47.017 [main] RFWebsiteDriver - CLICKED on R+F logo
[INFO ] 2018-03-18 19:14:47.019 [main] TestListner - 
******************************************************************************************************************************
					TEST CASE NAME:                  testTotalNumberOfNewPCs_3306q
******************************************************************************************************************************
[INFO ] 2018-03-18 19:14:47.022 [main] RFWebsiteDriver - wait started for By.xpath: //div[@id='rf-nav-wrapper']/descendant::span[text()='Pulse'][1]
[INFO ] 2018-03-18 19:14:47.022 [main] RFWebsiteDriver - waiting for locator By.xpath: //div[@id='rf-nav-wrapper']/descendant::span[text()='Pulse'][1]
[INFO ] 2018-03-18 19:14:47.051 [main] RFWebsiteDriver - Element found
[INFO ] 2018-03-18 19:14:47.052 [main] RFWebsiteDriver -  ready to be clicked
[INFO ] 2018-03-18 19:14:47.182 [main] RFWebsiteDriver - CLICKED on 
[INFO ] 2018-03-18 19:14:47.183 [main] LSDHomePage - Clicked on Pulse Submenu from Top Navigation
[INFO ] 2018-03-18 19:14:47.237 [main] RFWebsiteDriver - wait started for By.xpath: //a[contains(text(),'Customers')]
[INFO ] 2018-03-18 19:14:47.238 [main] RFWebsiteDriver - waiting for locator By.xpath: //a[contains(text(),'Customers')]
[INFO ] 2018-03-18 19:14:47.245 [main] RFWebsiteDriver - Element found
[INFO ] 2018-03-18 19:14:47.246 [main] RFWebsiteDriver -  ready to be clicked
[INFO ] 2018-03-18 19:14:47.303 [main] RFWebsiteDriver - CLICKED on 
[INFO ] 2018-03-18 19:14:47.303 [main] LSDHomePage - SubMenu Link : Customers clicked
[INFO ] 2018-03-18 19:14:47.362 [main] RFWebsiteDriver - Waiting for spin image to get disappear1
[INFO ] 2018-03-18 19:14:48.382 [main] RFWebsiteDriver - waiting..
[INFO ] 2018-03-18 19:14:48.405 [main] RFWebsiteDriver - spin image disappears
[INFO ] 2018-03-18 19:14:52.406 [main] RFLSDWebsiteBaseTest - Data returned by query: 0
[INFO ] 2018-03-18 19:14:52.423 [main] RFWebsiteDriver - Waiting for spin image to get disappear0
[INFO ] 2018-03-18 19:14:52.432 [main] RFWebsiteDriver - spin image disappears
[INFO ] 2018-03-18 19:14:52.432 [main] RFWebsiteDriver - waiting for locator By.xpath: //h1[contains(text(),'View Your Customers')]/../descendant::span[2]
[INFO ] 2018-03-18 19:14:52.445 [main] RFWebsiteDriver - Element found
[INFO ] 2018-03-18 19:14:52.478 [main] RFWebsiteDriver - TEXT fetched for count of new pc is=10
[INFO ] 2018-03-18 19:14:52.478 [main] SoftAssert - VERIFICATION FAILED: Expected count of order is 0 actual on UI is 10 expected [true] but found [false]
[INFO ] 2018-03-18 19:14:52.478 [main] SoftAssert - Expected: true
[INFO ] 2018-03-18 19:14:52.478 [main] SoftAssert - Actual: false
[INFO ] 2018-03-18 19:14:52.478 [main] RFWebsiteDriver - Taking Screenshot
[INFO ] 2018-03-18 19:14:52.815 [main] SoftAssert - Snapshot Path :<a href='C:\Users\bpkotamahanti\Bindu\Automation\qa-automation\output\Screenshots\testTotalNumberOfNewPCs_3306q\Expected count of order is 0 actual on UI is 10 expected [true] but found [false].png'>C:\Users\bpkotamahanti\Bindu\Automation\qa-automation\output\Screenshots\testTotalNumberOfNewPCs_3306q\Expected count of order is 0 actual on UI is 10 expected [true] but found [false].png</a>

[INFO ] 2018-03-18 19:14:52.815 [main] RFWebsiteDriver - wait started for By.xpath: //h1[contains(text(),'View Your Customers')]/../descendant::span[1]
[INFO ] 2018-03-18 19:14:52.815 [main] RFWebsiteDriver - waiting for locator By.xpath: //h1[contains(text(),'View Your Customers')]/../descendant::span[1]
[INFO ] 2018-03-18 19:14:52.845 [main] RFWebsiteDriver - Element found
[INFO ] 2018-03-18 19:14:52.847 [main] RFWebsiteDriver - New PC ready to be clicked
[INFO ] 2018-03-18 19:14:52.929 [main] RFWebsiteDriver - CLICKED on New PC
[INFO ] 2018-03-18 19:14:52.929 [main] RFWebsiteDriver - wait started for By.xpath: //h1[contains(text(),'new Customers')]/preceding::span[1]
[INFO ] 2018-03-18 19:14:52.929 [main] RFWebsiteDriver - waiting for locator By.xpath: //h1[contains(text(),'new Customers')]/preceding::span[1]
[INFO ] 2018-03-18 19:14:53.023 [main] RFWebsiteDriver - Element found
[INFO ] 2018-03-18 19:14:53.023 [main] RFWebsiteDriver - waiting for locator By.xpath: //h1[contains(text(),'new Customers')]/preceding::span[1]
[INFO ] 2018-03-18 19:14:53.035 [main] RFWebsiteDriver - Element found
[INFO ] 2018-03-18 19:14:53.069 [main] RFWebsiteDriver - TEXT fetched for count of new pc at header is=10
[INFO ] 2018-03-18 19:14:53.069 [main] SoftAssert - VERIFICATION FAILED: Expected count of order at header is 0 actual on UI is 10 expected [true] but found [false]
[INFO ] 2018-03-18 19:14:53.069 [main] SoftAssert - Expected: true
[INFO ] 2018-03-18 19:14:53.069 [main] SoftAssert - Actual: false
[INFO ] 2018-03-18 19:14:53.069 [main] RFWebsiteDriver - Taking Screenshot
[INFO ] 2018-03-18 19:14:53.383 [main] SoftAssert - Snapshot Path :<a href='C:\Users\bpkotamahanti\Bindu\Automation\qa-automation\output\Screenshots\testTotalNumberOfNewPCs_3306q\Expected count of order at header is 0 actual on UI is 10 expected [true] but found [false].png'>C:\Users\bpkotamahanti\Bindu\Automation\qa-automation\output\Screenshots\testTotalNumberOfNewPCs_3306q\Expected count of order at header is 0 actual on UI is 10 expected [true] but found [false].png</a>

[INFO ] 2018-03-18 19:14:53.383 [main] TestListner - [TEST HAS FAILED-------- Test case testTotalNumberOfNewPCs_3306q has failed] due to reason:-<br>  java.lang.AssertionError: 1.Expected count of order at header is 0 actual on UI is 10

 1.Expected count of order is 0 actual on UI is 10

[INFO ] 2018-03-18 19:14:53.391 [main] RFWebsiteDriver - URL opened is https://skywalker.rodanandfields.com
[INFO ] 2018-03-18 19:14:53.919 [main] RFWebsiteDriver - Waiting for LSD loading image to get disappear
[INFO ] 2018-03-18 19:14:53.984 [main] RFWebsiteDriver - LSD Animation image disappears
[INFO ] 2018-03-18 19:14:53.984 [main] RFWebsiteDriver - waiting for locator By.id: button-login
[INFO ] 2018-03-18 19:15:00.161 [main] RFWebsiteDriver - waiting for locator By.xpath: //div[text()='Hello,']/following-sibling::div[contains(@class,'text-uppercase')]
[INFO ] 2018-03-18 19:15:00.169 [main] RFWebsiteDriver - Element found
[INFO ] 2018-03-18 19:15:00.179 [main] RFWebsiteDriver - waiting for locator By.xpath: //div[text()='Hello,']/following-sibling::div[contains(@class,'text-uppercase')]
[INFO ] 2018-03-18 19:15:00.188 [main] RFWebsiteDriver - Element found
[INFO ] 2018-03-18 19:15:00.216 [main] RFWebsiteDriver - TEXT fetched for First name in overview section is=SARAH
[INFO ] 2018-03-18 19:15:00.216 [main] RFLSDWebsiteBaseTest - Data returned by query: null
[INFO ] 2018-03-18 19:15:00.220 [main] RFWebsiteDriver - wait started for By.xpath: //div[@id='rf-nav-wrapper']/descendant::img[2]
[INFO ] 2018-03-18 19:15:00.220 [main] RFWebsiteDriver - waiting for locator By.xpath: //div[@id='rf-nav-wrapper']/descendant::img[2]
[INFO ] 2018-03-18 19:15:00.229 [main] RFWebsiteDriver - Element found
[INFO ] 2018-03-18 19:15:00.229 [main] RFWebsiteDriver - R+F logo ready to be clicked
[INFO ] 2018-03-18 19:15:00.312 [main] RFWebsiteDriver - CLICKED on R+F logo
[INFO ] 2018-03-18 19:15:00.314 [main] TestListner - 
******************************************************************************************************************************
					TEST CASE NAME:                  testTotalNumberOfPCsNextMonth_3021q
******************************************************************************************************************************
[INFO ] 2018-03-18 19:15:00.316 [main] RFWebsiteDriver - wait started for By.xpath: //div[@id='rf-nav-wrapper']/descendant::span[text()='Pulse'][1]
[INFO ] 2018-03-18 19:15:00.316 [main] RFWebsiteDriver - waiting for locator By.xpath: //div[@id='rf-nav-wrapper']/descendant::span[text()='Pulse'][1]
[INFO ] 2018-03-18 19:15:00.331 [main] RFWebsiteDriver - Element found
[INFO ] 2018-03-18 19:15:00.332 [main] RFWebsiteDriver -  ready to be clicked
[INFO ] 2018-03-18 19:15:00.408 [main] RFWebsiteDriver - CLICKED on 
[INFO ] 2018-03-18 19:15:00.408 [main] LSDHomePage - Clicked on Pulse Submenu from Top Navigation
[INFO ] 2018-03-18 19:15:00.450 [main] RFWebsiteDriver - wait started for By.xpath: //a[contains(text(),'Customers')]
[INFO ] 2018-03-18 19:15:00.450 [main] RFWebsiteDriver - waiting for locator By.xpath: //a[contains(text(),'Customers')]
[INFO ] 2018-03-18 19:15:00.460 [main] RFWebsiteDriver - Element found
[INFO ] 2018-03-18 19:15:00.460 [main] RFWebsiteDriver -  ready to be clicked
[INFO ] 2018-03-18 19:15:00.523 [main] RFWebsiteDriver - CLICKED on 
[INFO ] 2018-03-18 19:15:00.523 [main] LSDHomePage - SubMenu Link : Customers clicked
[INFO ] 2018-03-18 19:15:00.579 [main] RFWebsiteDriver - Waiting for spin image to get disappear1
[INFO ] 2018-03-18 19:15:01.590 [main] RFWebsiteDriver - waiting..
[INFO ] 2018-03-18 19:15:02.600 [main] RFWebsiteDriver - waiting..
[INFO ] 2018-03-18 19:15:02.615 [main] RFWebsiteDriver - spin image disappears
[INFO ] 2018-03-18 19:15:06.615 [main] RFLSDWebsiteBaseTest - Data returned by query: 3
[INFO ] 2018-03-18 19:15:06.622 [main] RFWebsiteDriver - Waiting for spin image to get disappear0
[INFO ] 2018-03-18 19:15:06.632 [main] RFWebsiteDriver - spin image disappears
[INFO ] 2018-03-18 19:15:06.632 [main] RFWebsiteDriver - waiting for locator By.xpath: //div[contains(@class,'white-fb')]/descendant::a[2]/descendant::span[2]
[INFO ] 2018-03-18 19:15:06.646 [main] RFWebsiteDriver - Element found
[INFO ] 2018-03-18 19:15:06.677 [main] RFWebsiteDriver - TEXT fetched for count of pc autoship orders for next month is=7
[INFO ] 2018-03-18 19:15:06.677 [main] SoftAssert - VERIFICATION FAILED: Expected count of order is 3 actual on UI is 7 expected [true] but found [false]
[INFO ] 2018-03-18 19:15:06.677 [main] SoftAssert - Expected: true
[INFO ] 2018-03-18 19:15:06.677 [main] SoftAssert - Actual: false
[INFO ] 2018-03-18 19:15:06.677 [main] RFWebsiteDriver - Taking Screenshot
[INFO ] 2018-03-18 19:15:06.967 [main] SoftAssert - Snapshot Path :<a href='C:\Users\bpkotamahanti\Bindu\Automation\qa-automation\output\Screenshots\testTotalNumberOfPCsNextMonth_3021q\Expected count of order is 3 actual on UI is 7 expected [true] but found [false].png'>C:\Users\bpkotamahanti\Bindu\Automation\qa-automation\output\Screenshots\testTotalNumberOfPCsNextMonth_3021q\Expected count of order is 3 actual on UI is 7 expected [true] but found [false].png</a>

[INFO ] 2018-03-18 19:15:06.980 [main] RFWebsiteDriver - Waiting for spin image to get disappear0
[INFO ] 2018-03-18 19:15:06.988 [main] RFWebsiteDriver - spin image disappears
[INFO ] 2018-03-18 19:15:06.988 [main] RFWebsiteDriver - wait started for By.xpath: //div[contains(@class,'white-fb')]/descendant::a[2]/descendant::span[1]
[INFO ] 2018-03-18 19:15:06.988 [main] RFWebsiteDriver - waiting for locator By.xpath: //div[contains(@class,'white-fb')]/descendant::a[2]/descendant::span[1]
[INFO ] 2018-03-18 19:15:07.006 [main] RFWebsiteDriver - Element found
[INFO ] 2018-03-18 19:15:07.006 [main] RFWebsiteDriver - have orders for this month ready to be clicked
[INFO ] 2018-03-18 19:15:07.072 [main] RFWebsiteDriver - CLICKED on have orders for this month
[INFO ] 2018-03-18 19:15:07.073 [main] RFWebsiteDriver - Waiting for LSD loading image to get disappear
[INFO ] 2018-03-18 19:15:08.162 [main] RFWebsiteDriver - waiting..
[INFO ] 2018-03-18 19:15:09.185 [main] RFWebsiteDriver - waiting..
[INFO ] 2018-03-18 19:15:10.194 [main] RFWebsiteDriver - waiting..
[INFO ] 2018-03-18 19:15:11.202 [main] RFWebsiteDriver - waiting..
[INFO ] 2018-03-18 19:15:12.212 [main] RFWebsiteDriver - waiting..
[INFO ] 2018-03-18 19:15:13.220 [main] RFWebsiteDriver - waiting..
[INFO ] 2018-03-18 19:15:14.228 [main] RFWebsiteDriver - waiting..
[INFO ] 2018-03-18 19:15:15.237 [main] RFWebsiteDriver - waiting..
[INFO ] 2018-03-18 19:15:16.246 [main] RFWebsiteDriver - waiting..
[INFO ] 2018-03-18 19:15:17.265 [main] RFWebsiteDriver - waiting..
[INFO ] 2018-03-18 19:15:18.273 [main] RFWebsiteDriver - waiting..
[INFO ] 2018-03-18 19:15:19.281 [main] RFWebsiteDriver - waiting..
[INFO ] 2018-03-18 19:15:20.321 [main] RFWebsiteDriver - waiting..
[INFO ] 2018-03-18 19:15:21.337 [main] RFWebsiteDriver - waiting..
[INFO ] 2018-03-18 19:15:22.346 [main] RFWebsiteDriver - waiting..
[INFO ] 2018-03-18 19:15:23.359 [main] RFWebsiteDriver - waiting..
[INFO ] 2018-03-18 19:15:24.367 [main] RFWebsiteDriver - waiting..
[INFO ] 2018-03-18 19:15:25.374 [main] RFWebsiteDriver - waiting..
[INFO ] 2018-03-18 19:15:27.185 [main] RFWebsiteDriver - waiting..
[INFO ] 2018-03-18 19:15:28.195 [main] RFWebsiteDriver - waiting..
[INFO ] 2018-03-18 19:15:28.195 [main] RFWebsiteDriver - wait started for By.xpath: //h1[contains(text(),'orders next month')]/preceding::span[1]
[INFO ] 2018-03-18 19:15:28.195 [main] RFWebsiteDriver - waiting for locator By.xpath: //h1[contains(text(),'orders next month')]/preceding::span[1]
[INFO ] 2018-03-18 19:15:29.219 [main] RFWebsiteDriver - Element found
[INFO ] 2018-03-18 19:15:29.220 [main] RFWebsiteDriver - waiting for locator By.xpath: //h1[contains(text(),'orders next month')]/preceding::span[1]
[INFO ] 2018-03-18 19:15:29.232 [main] RFWebsiteDriver - Element found
[INFO ] 2018-03-18 19:15:29.261 [main] RFWebsiteDriver - TEXT fetched for count of pc orders for next month at header is=7
[INFO ] 2018-03-18 19:15:29.261 [main] SoftAssert - VERIFICATION FAILED: Expected count of order at header is 3 actual on UI is 7 expected [true] but found [false]
[INFO ] 2018-03-18 19:15:29.261 [main] SoftAssert - Expected: true
[INFO ] 2018-03-18 19:15:29.261 [main] SoftAssert - Actual: false
[INFO ] 2018-03-18 19:15:29.261 [main] RFWebsiteDriver - Taking Screenshot
[INFO ] 2018-03-18 19:15:29.558 [main] SoftAssert - Snapshot Path :<a href='C:\Users\bpkotamahanti\Bindu\Automation\qa-automation\output\Screenshots\testTotalNumberOfPCsNextMonth_3021q\Expected count of order at header is 3 actual on UI is 7 expected [true] but found [false].png'>C:\Users\bpkotamahanti\Bindu\Automation\qa-automation\output\Screenshots\testTotalNumberOfPCsNextMonth_3021q\Expected count of order at header is 3 actual on UI is 7 expected [true] but found [false].png</a>

[INFO ] 2018-03-18 19:15:29.558 [main] TestListner - [TEST HAS FAILED-------- Test case testTotalNumberOfPCsNextMonth_3021q has failed] due to reason:-<br>  java.lang.AssertionError: 1.Expected count of order at header is 3 actual on UI is 7

 1.Expected count of order is 3 actual on UI is 7

[INFO ] 2018-03-18 19:15:29.566 [main] RFWebsiteDriver - URL opened is https://skywalker.rodanandfields.com
[INFO ] 2018-03-18 19:15:30.106 [main] RFWebsiteDriver - Waiting for LSD loading image to get disappear
[INFO ] 2018-03-18 19:15:30.227 [main] RFWebsiteDriver - LSD Animation image disappears
[INFO ] 2018-03-18 19:15:30.227 [main] RFWebsiteDriver - waiting for locator By.id: button-login
[INFO ] 2018-03-18 19:15:35.459 [main] RFWebsiteDriver - waiting for locator By.xpath: //div[text()='Hello,']/following-sibling::div[contains(@class,'text-uppercase')]
[INFO ] 2018-03-18 19:15:35.466 [main] RFWebsiteDriver - Element found
[INFO ] 2018-03-18 19:15:35.474 [main] RFWebsiteDriver - waiting for locator By.xpath: //div[text()='Hello,']/following-sibling::div[contains(@class,'text-uppercase')]
[INFO ] 2018-03-18 19:15:35.481 [main] RFWebsiteDriver - Element found
[INFO ] 2018-03-18 19:15:35.514 [main] RFWebsiteDriver - TEXT fetched for First name in overview section is=SARAH
[INFO ] 2018-03-18 19:15:35.514 [main] RFLSDWebsiteBaseTest - Data returned by query: null
[INFO ] 2018-03-18 19:15:35.518 [main] RFWebsiteDriver - wait started for By.xpath: //div[@id='rf-nav-wrapper']/descendant::img[2]
[INFO ] 2018-03-18 19:15:35.518 [main] RFWebsiteDriver - waiting for locator By.xpath: //div[@id='rf-nav-wrapper']/descendant::img[2]
[INFO ] 2018-03-18 19:15:35.532 [main] RFWebsiteDriver - Element found
[INFO ] 2018-03-18 19:15:35.532 [main] RFWebsiteDriver - R+F logo ready to be clicked
[INFO ] 2018-03-18 19:15:35.603 [main] RFWebsiteDriver - CLICKED on R+F logo
[INFO ] 2018-03-18 19:15:35.605 [main] TestListner - 
******************************************************************************************************************************
					TEST CASE NAME:                  testTotalNumberOfPCsThisMonth_3013q
******************************************************************************************************************************
[INFO ] 2018-03-18 19:15:35.608 [main] RFWebsiteDriver - wait started for By.xpath: //div[@id='rf-nav-wrapper']/descendant::span[text()='Pulse'][1]
[INFO ] 2018-03-18 19:15:35.608 [main] RFWebsiteDriver - waiting for locator By.xpath: //div[@id='rf-nav-wrapper']/descendant::span[text()='Pulse'][1]
[INFO ] 2018-03-18 19:15:35.630 [main] RFWebsiteDriver - Element found
[INFO ] 2018-03-18 19:15:35.630 [main] RFWebsiteDriver -  ready to be clicked
[INFO ] 2018-03-18 19:15:35.707 [main] RFWebsiteDriver - CLICKED on 
[INFO ] 2018-03-18 19:15:35.708 [main] LSDHomePage - Clicked on Pulse Submenu from Top Navigation
[INFO ] 2018-03-18 19:15:35.751 [main] RFWebsiteDriver - wait started for By.xpath: //a[contains(text(),'Customers')]
[INFO ] 2018-03-18 19:15:35.752 [main] RFWebsiteDriver - waiting for locator By.xpath: //a[contains(text(),'Customers')]
[INFO ] 2018-03-18 19:15:35.760 [main] RFWebsiteDriver - Element found
[INFO ] 2018-03-18 19:15:35.760 [main] RFWebsiteDriver -  ready to be clicked
[INFO ] 2018-03-18 19:15:35.837 [main] RFWebsiteDriver - CLICKED on 
[INFO ] 2018-03-18 19:15:35.837 [main] LSDHomePage - SubMenu Link : Customers clicked
[INFO ] 2018-03-18 19:15:35.913 [main] RFWebsiteDriver - Waiting for spin image to get disappear1
[INFO ] 2018-03-18 19:15:36.924 [main] RFWebsiteDriver - waiting..
[INFO ] 2018-03-18 19:15:36.949 [main] RFWebsiteDriver - spin image disappears
[INFO ] 2018-03-18 19:15:40.950 [main] RFLSDWebsiteBaseTest - Data returned by query: 0
[INFO ] 2018-03-18 19:15:40.964 [main] RFWebsiteDriver - Waiting for spin image to get disappear0
[INFO ] 2018-03-18 19:15:40.971 [main] RFWebsiteDriver - spin image disappears
[INFO ] 2018-03-18 19:15:40.972 [main] RFWebsiteDriver - waiting for locator By.xpath: //div[contains(@class,'white-fb')]/descendant::a[1]/descendant::span[2]
[INFO ] 2018-03-18 19:15:40.984 [main] RFWebsiteDriver - Element found
[INFO ] 2018-03-18 19:15:41.012 [main] RFWebsiteDriver - TEXT fetched for count of pc autoship orders for this month is=12
[INFO ] 2018-03-18 19:15:41.012 [main] SoftAssert - VERIFICATION FAILED: Expected count of order is 0 actual on UI is 12 expected [true] but found [false]
[INFO ] 2018-03-18 19:15:41.012 [main] SoftAssert - Expected: true
[INFO ] 2018-03-18 19:15:41.012 [main] SoftAssert - Actual: false
[INFO ] 2018-03-18 19:15:41.012 [main] RFWebsiteDriver - Taking Screenshot
[INFO ] 2018-03-18 19:15:41.299 [main] SoftAssert - Snapshot Path :<a href='C:\Users\bpkotamahanti\Bindu\Automation\qa-automation\output\Screenshots\testTotalNumberOfPCsThisMonth_3013q\Expected count of order is 0 actual on UI is 12 expected [true] but found [false].png'>C:\Users\bpkotamahanti\Bindu\Automation\qa-automation\output\Screenshots\testTotalNumberOfPCsThisMonth_3013q\Expected count of order is 0 actual on UI is 12 expected [true] but found [false].png</a>

[INFO ] 2018-03-18 19:15:50.299 [main] RFWebsiteDriver - wait started for By.xpath: //div[contains(@class,'white-fb')]/descendant::a[1]/descendant::span[1]
[INFO ] 2018-03-18 19:15:50.299 [main] RFWebsiteDriver - waiting for locator By.xpath: //div[contains(@class,'white-fb')]/descendant::a[1]/descendant::span[1]
[INFO ] 2018-03-18 19:15:50.343 [main] RFWebsiteDriver - Element found
[INFO ] 2018-03-18 19:15:50.343 [main] RFWebsiteDriver - have orders for this month ready to be clicked
[INFO ] 2018-03-18 19:15:50.406 [main] RFWebsiteDriver - CLICKED on have orders for this month
[INFO ] 2018-03-18 19:16:00.792 [main] RFWebsiteDriver - wait started for By.xpath: //h1[contains(text(),'have orders this month')]/preceding::span[1]
[INFO ] 2018-03-18 19:16:00.792 [main] RFWebsiteDriver - waiting for locator By.xpath: //h1[contains(text(),'have orders this month')]/preceding::span[1]
[INFO ] 2018-03-18 19:16:00.806 [main] RFWebsiteDriver - Element found
[INFO ] 2018-03-18 19:16:00.806 [main] RFWebsiteDriver - waiting for locator By.xpath: //h1[contains(text(),'have orders this month')]/preceding::span[1]
[INFO ] 2018-03-18 19:16:00.814 [main] RFWebsiteDriver - Element found
[INFO ] 2018-03-18 19:16:00.846 [main] RFWebsiteDriver - TEXT fetched for count of pc autoship orders for this month at header is=12
[INFO ] 2018-03-18 19:16:00.846 [main] SoftAssert - VERIFICATION FAILED: Expected count of order at header is 0 actual on UI is 12 expected [true] but found [false]
[INFO ] 2018-03-18 19:16:00.846 [main] SoftAssert - Expected: true
[INFO ] 2018-03-18 19:16:00.846 [main] SoftAssert - Actual: false
[INFO ] 2018-03-18 19:16:00.846 [main] RFWebsiteDriver - Taking Screenshot
[INFO ] 2018-03-18 19:16:01.200 [main] SoftAssert - Snapshot Path :<a href='C:\Users\bpkotamahanti\Bindu\Automation\qa-automation\output\Screenshots\testTotalNumberOfPCsThisMonth_3013q\Expected count of order at header is 0 actual on UI is 12 expected [true] but found [false].png'>C:\Users\bpkotamahanti\Bindu\Automation\qa-automation\output\Screenshots\testTotalNumberOfPCsThisMonth_3013q\Expected count of order at header is 0 actual on UI is 12 expected [true] but found [false].png</a>

[INFO ] 2018-03-18 19:16:01.200 [main] TestListner - [TEST HAS FAILED-------- Test case testTotalNumberOfPCsThisMonth_3013q has failed] due to reason:-<br>  java.lang.AssertionError: 1.Expected count of order at header is 0 actual on UI is 12

 1.Expected count of order is 0 actual on UI is 12

[INFO ] 2018-03-18 19:16:01.208 [main] RFWebsiteDriver - URL opened is https://skywalker.rodanandfields.com
[INFO ] 2018-03-18 19:16:01.898 [main] RFWebsiteDriver - Waiting for LSD loading image to get disappear
[INFO ] 2018-03-18 19:16:01.918 [main] RFWebsiteDriver - LSD Animation image disappears
[INFO ] 2018-03-18 19:16:01.919 [main] RFWebsiteDriver - Waiting for LSD loading image to get disappear
[INFO ] 2018-03-18 19:16:03.052 [main] RFWebsiteDriver - waiting..
[INFO ] 2018-03-18 19:16:04.064 [main] RFWebsiteDriver - waiting..
[INFO ] 2018-03-18 19:16:05.263 [main] RFWebsiteDriver - waiting..
[INFO ] 2018-03-18 19:16:06.272 [main] RFWebsiteDriver - waiting..
[INFO ] 2018-03-18 19:16:07.308 [main] RFWebsiteDriver - waiting..
[INFO ] 2018-03-18 19:16:08.324 [main] RFWebsiteDriver - waiting..
[INFO ] 2018-03-18 19:16:09.343 [main] RFWebsiteDriver - waiting..
[INFO ] 2018-03-18 19:16:10.375 [main] RFWebsiteDriver - waiting..
[INFO ] 2018-03-18 19:16:11.401 [main] RFWebsiteDriver - waiting..
[INFO ] 2018-03-18 19:16:12.411 [main] RFWebsiteDriver - waiting..
[INFO ] 2018-03-18 19:16:13.427 [main] RFWebsiteDriver - waiting..
[INFO ] 2018-03-18 19:16:14.437 [main] RFWebsiteDriver - waiting..
[INFO ] 2018-03-18 19:16:15.450 [main] RFWebsiteDriver - waiting..
[INFO ] 2018-03-18 19:16:16.466 [main] RFWebsiteDriver - waiting..
[INFO ] 2018-03-18 19:16:17.484 [main] RFWebsiteDriver - waiting..
[INFO ] 2018-03-18 19:16:18.500 [main] RFWebsiteDriver - waiting..
[INFO ] 2018-03-18 19:16:19.525 [main] RFWebsiteDriver - waiting..
[INFO ] 2018-03-18 19:16:19.535 [main] RFWebsiteDriver - LSD loading image disappears
[INFO ] 2018-03-18 19:16:19.535 [main] RFWebsiteDriver - waiting for locator By.xpath: //div[@id='rf-nav-wrapper']/descendant::span[text()='Pulse'][1]
[INFO ] 2018-03-18 19:16:20.069 [main] RFWebsiteDriver - Element found
[INFO ] 2018-03-18 19:16:20.070 [main] RFWebsiteDriver - wait started for By.xpath: //div[@id='rf-nav-wrapper']/descendant::span[text()='Pulse'][1]
[INFO ] 2018-03-18 19:16:20.070 [main] RFWebsiteDriver - waiting for locator By.xpath: //div[@id='rf-nav-wrapper']/descendant::span[text()='Pulse'][1]
[INFO ] 2018-03-18 19:16:20.079 [main] RFWebsiteDriver - Element found
[INFO ] 2018-03-18 19:16:20.079 [main] RFWebsiteDriver - Pulse in top navigation ready to be clicked
[INFO ] 2018-03-18 19:16:20.151 [main] RFWebsiteDriver - CLICKED on Pulse in top navigation
[INFO ] 2018-03-18 19:16:20.152 [main] LSDRFWebsiteBasePage - Pulse in top navigation clicked
[INFO ] 2018-03-18 19:16:20.152 [main] LSDRFWebsiteBasePage - Logging out from pulse application
[INFO ] 2018-03-18 19:16:20.235 [main] RFWebsiteDriver - CLICKED on 
[INFO ] 2018-03-18 19:16:20.236 [main] RFWebsiteDriver - Waiting for LSD loading image to get disappear
[INFO ] 2018-03-18 19:16:20.247 [main] RFWebsiteDriver - LSD loading image disappears
