[DEBUG] 2018-03-06 19:15:19.212 [main] RFBaseTest - Started execution with  null
[INFO ] 2018-03-06 19:15:19.221 [main] RFBaseTest - Environment properties are not provided by the user ... loading the default properties
[INFO ] 2018-03-06 19:15:19.222 [main] RFBaseTest - Default Browser is  ------ chrome
[INFO ] 2018-03-06 19:15:19.222 [main] RFBaseTest - Default URL is  ------ https://skywalker.rodanandfields.com
[INFO ] 2018-03-06 19:15:19.222 [main] RFBaseTest - Default user password is  ------ 111Maiden$
[INFO ] 2018-03-06 19:15:19.222 [main] RFBaseTest - Default Country is  ------ us
[INFO ] 2018-03-06 19:15:19.223 [main] RFBaseTest - Default DB IP is  ------ 10.3.0.218
[INFO ] 2018-03-06 19:15:19.223 [main] RFBaseTest - Default DB Username is  ------ perftest
[INFO ] 2018-03-06 19:15:19.223 [main] RFBaseTest - Default DB Password is  ------ perftest
[INFO ] 2018-03-06 19:15:19.223 [main] RFBaseTest - Default DB Domain is  ------ RF
[INFO ] 2018-03-06 19:15:25.676 [main] RFWebsiteDriver - Window is maximized
[INFO ] 2018-03-06 19:15:25.676 [main] RFWebsiteDriver - All cookies deleted
[INFO ] 2018-03-06 19:15:25.676 [main] RFWebsiteDriver - URL opened is https://skywalker.rodanandfields.com
[INFO ] 2018-03-06 19:15:37.808 [main] RFLSDWebsiteBaseTest - Application loaded
[INFO ] 2018-03-06 19:15:37.836 [main] RFWebsiteDriver - DB connections are set
[INFO ] 2018-03-06 19:15:37.959 [main] DBUtil - QUERY TRIGGERED IS SELECT top 1 * FROM Commissions.[calcs].[vwQualificationSummary] where SV!=0 and PSQV!=0 and L1L2!=0 and L1L6!=0 and ECLegs > 0 and periodid= LEFT(CONVERT(varchar, GetDate(),112),6)  order by NewID() desc

[INFO ] 2018-03-06 19:15:38.753 [main] RFLSDWebsiteBaseTest - Data returned by query: 6816233
[INFO ] 2018-03-06 19:15:51.190 [main] DBUtil - QUERY TRIGGERED IS SELECT  ab.AccountID ,ac.FirstName ,ac.LastName ,acs.Username FROM  RFOperations.RFO_Accounts.AccountBase ab JOIN RFOperations.RFO_Accounts.AccountRF rf ON rf.AccountID = ab.AccountID JOIN RFOperations.RFO_Accounts.AccountContacts ac ON ac.AccountId = ab.AccountID LEFT JOIN RFOperations.Security.AccountSecurity acs ON acs.AccountID = ab.AccountID LEFT JOIN RFOperations.RFO_Reference.AccountType t ON t.AccountTypeID = ab.AccountTypeID LEFT JOIN RFOperations.RFO_Reference.AccountStatus s ON s.AccountStatusID = ab.AccountStatusID LEFT JOIN RFOperations.RFO_Reference.Countries c ON c.CountryID = ab.CountryID WHERE   ab.AccountID = 6816233

[INFO ] 2018-03-06 19:16:14.578 [main] RFLSDWebsiteBaseTest - Data returned by query: janna@kirkup.ca
[INFO ] 2018-03-06 19:16:14.580 [main] DBUtil - QUERY TRIGGERED IS select EmailAddress from RFO_Accounts.AccountContacts acTB INNER JOIN RFO_Accounts.AccountEmails aeTB  on acTB.AccountContactId=aeTB.AccountContactId INNER JOIN RFO_Accounts.EmailAddresses aEMTB on aeTB.EmailAddressID=aEMTB.EmailAddressID WHERE acTB.AccountID='6816233' and aEMTB.EmailAddressTypeID=1 

[INFO ] 2018-03-06 19:16:14.826 [main] RFLSDWebsiteBaseTest - Data returned by query: janna@kirkup.ca
[INFO ] 2018-03-06 19:16:14.827 [main] RFWebsiteDriver - Waiting for LSD loading image to get disappear
[INFO ] 2018-03-06 19:16:14.889 [main] RFWebsiteDriver - LSD loading image disappears
[INFO ] 2018-03-06 19:16:15.003 [main] RFWebsiteDriver - waiting for locator By.id: username
[INFO ] 2018-03-06 19:16:15.014 [main] RFWebsiteDriver - Element found
[INFO ] 2018-03-06 19:16:15.014 [main] RFWebsiteDriver - Taking Screenshot
[INFO ] 2018-03-06 19:16:15.485 [main] RFWebsiteDriver - wait started for By.id: username
[INFO ] 2018-03-06 19:16:15.486 [main] RFWebsiteDriver - waiting for locator By.id: username
[INFO ] 2018-03-06 19:16:15.502 [main] RFWebsiteDriver - Element found
[INFO ] 2018-03-06 19:16:15.640 [main] RFWebsiteDriver - TYPED text as = janna@kirkup.ca in  text field
[INFO ] 2018-03-06 19:16:15.641 [main] LSDLoginPage - username is janna@kirkup.ca
[INFO ] 2018-03-06 19:16:15.641 [main] RFWebsiteDriver - wait started for By.id: password
[INFO ] 2018-03-06 19:16:15.641 [main] RFWebsiteDriver - waiting for locator By.id: password
[INFO ] 2018-03-06 19:16:15.660 [main] RFWebsiteDriver - Element found
[INFO ] 2018-03-06 19:16:15.789 [main] RFWebsiteDriver - TYPED text as = 111Maiden$ in  text field
[INFO ] 2018-03-06 19:16:15.789 [main] LSDLoginPage - password is 111Maiden$
[INFO ] 2018-03-06 19:16:15.789 [main] RFWebsiteDriver - wait started for By.id: button-login
[INFO ] 2018-03-06 19:16:15.789 [main] RFWebsiteDriver - waiting for locator By.id: button-login
[INFO ] 2018-03-06 19:16:15.809 [main] RFWebsiteDriver - Element found
[INFO ] 2018-03-06 19:16:15.810 [main] RFWebsiteDriver -  ready to be clicked
[INFO ] 2018-03-06 19:16:15.905 [main] RFWebsiteDriver - CLICKED on 
[INFO ] 2018-03-06 19:16:29.871 [main] RFWebsiteDriver - URL opened is https://skywalker.rodanandfields.com
[INFO ] 2018-03-06 19:16:30.610 [main] RFWebsiteDriver - Waiting for LSD loading image to get disappear
[INFO ] 2018-03-06 19:16:30.738 [main] RFWebsiteDriver - LSD Animation image disappears
[INFO ] 2018-03-06 19:16:30.739 [main] RFWebsiteDriver - waiting for locator By.id: button-login
[INFO ] 2018-03-06 19:16:36.272 [main] RFWebsiteDriver - waiting for locator By.xpath: //div[text()='Hello,']/following-sibling::div[contains(@class,'text-uppercase')]
[INFO ] 2018-03-06 19:16:36.284 [main] RFWebsiteDriver - Element found
[INFO ] 2018-03-06 19:16:36.296 [main] RFWebsiteDriver - waiting for locator By.xpath: //div[text()='Hello,']/following-sibling::div[contains(@class,'text-uppercase')]
[INFO ] 2018-03-06 19:16:36.305 [main] RFWebsiteDriver - Element found
[INFO ] 2018-03-06 19:16:36.346 [main] RFWebsiteDriver - TEXT fetched for First name in overview section is=JANNA
[INFO ] 2018-03-06 19:16:36.346 [main] RFLSDWebsiteBaseTest - Data returned by query: Janna
[INFO ] 2018-03-06 19:16:36.352 [main] RFWebsiteDriver - wait started for By.xpath: //div[@id='rf-nav-wrapper']/descendant::img[2]
[INFO ] 2018-03-06 19:16:36.352 [main] RFWebsiteDriver - waiting for locator By.xpath: //div[@id='rf-nav-wrapper']/descendant::img[2]
[INFO ] 2018-03-06 19:16:36.370 [main] RFWebsiteDriver - Element found
[INFO ] 2018-03-06 19:16:36.370 [main] RFWebsiteDriver - R+F logo ready to be clicked
[INFO ] 2018-03-06 19:16:36.458 [main] RFWebsiteDriver - CLICKED on R+F logo
[INFO ] 2018-03-06 19:16:36.572 [main] TestListner - 
******************************************************************************************************************************
					TEST CASE NAME:                  TotalNumberOfAllPCs_3349q
******************************************************************************************************************************
[INFO ] 2018-03-06 19:16:36.634 [main] RFWebsiteDriver - wait started for By.xpath: //div[@id='rf-nav-wrapper']/descendant::span[text()='Pulse'][1]
[INFO ] 2018-03-06 19:16:36.634 [main] RFWebsiteDriver - waiting for locator By.xpath: //div[@id='rf-nav-wrapper']/descendant::span[text()='Pulse'][1]
[INFO ] 2018-03-06 19:16:36.653 [main] RFWebsiteDriver - Element found
[INFO ] 2018-03-06 19:16:36.654 [main] RFWebsiteDriver -  ready to be clicked
[INFO ] 2018-03-06 19:16:36.736 [main] RFWebsiteDriver - CLICKED on 
[INFO ] 2018-03-06 19:16:36.736 [main] LSDHomePage - Clicked on Pulse Submenu from Top Navigation
[INFO ] 2018-03-06 19:16:36.786 [main] RFWebsiteDriver - wait started for By.xpath: //a[contains(text(),'Customers')]
[INFO ] 2018-03-06 19:16:36.787 [main] RFWebsiteDriver - waiting for locator By.xpath: //a[contains(text(),'Customers')]
[INFO ] 2018-03-06 19:16:36.797 [main] RFWebsiteDriver - Element found
[INFO ] 2018-03-06 19:16:36.797 [main] RFWebsiteDriver -  ready to be clicked
[INFO ] 2018-03-06 19:16:36.881 [main] RFWebsiteDriver - CLICKED on 
[INFO ] 2018-03-06 19:16:36.881 [main] LSDHomePage - SubMenu Link : Customers clicked
[INFO ] 2018-03-06 19:16:36.908 [main] RFWebsiteDriver - Waiting for spin image to get disappear0
[INFO ] 2018-03-06 19:16:36.919 [main] RFWebsiteDriver - spin image disappears
[INFO ] 2018-03-06 19:16:40.950 [main] RFWebsiteDriver - Waiting for spin image to get disappear1
[INFO ] 2018-03-06 19:16:41.961 [main] RFWebsiteDriver - waiting..
[INFO ] 2018-03-06 19:16:42.982 [main] RFWebsiteDriver - waiting..
[INFO ] 2018-03-06 19:16:44.022 [main] RFWebsiteDriver - waiting..
[INFO ] 2018-03-06 19:16:45.048 [main] RFWebsiteDriver - waiting..
[INFO ] 2018-03-06 19:16:46.081 [main] RFWebsiteDriver - waiting..
[INFO ] 2018-03-06 19:16:47.111 [main] RFWebsiteDriver - waiting..
[INFO ] 2018-03-06 19:16:47.136 [main] RFWebsiteDriver - spin image disappears
[INFO ] 2018-03-06 19:16:51.137 [main] RFWebsiteDriver - wait started for By.xpath: //h1[contains(text(),'Build Customer Loyalty')]/../preceding::span[1]
[INFO ] 2018-03-06 19:16:51.138 [main] RFWebsiteDriver - waiting for locator By.xpath: //h1[contains(text(),'Build Customer Loyalty')]/../preceding::span[1]
[INFO ] 2018-03-06 19:16:51.172 [main] RFWebsiteDriver - Element found
[INFO ] 2018-03-06 19:16:51.172 [main] RFWebsiteDriver - wait started for By.xpath: //h1[contains(text(),'Build Customer Loyalty')]/../preceding::span[1]
[INFO ] 2018-03-06 19:16:51.172 [main] RFWebsiteDriver - waiting for locator By.xpath: //h1[contains(text(),'Build Customer Loyalty')]/../preceding::span[1]
[INFO ] 2018-03-06 19:16:51.191 [main] RFWebsiteDriver - Element found
[INFO ] 2018-03-06 19:16:51.192 [main] RFWebsiteDriver - count of all pc customers ready to be clicked
[INFO ] 2018-03-06 19:16:51.293 [main] RFWebsiteDriver - CLICKED on count of all pc customers
[INFO ] 2018-03-06 19:16:51.294 [main] LSDCustomerPage - clicked in view PC customer link
[INFO ] 2018-03-06 19:16:56.880 [main] DBUtil - QUERY TRIGGERED IS  DECLARE @AccountId INT = 6816233 SELECT COUNT(DISTINCT sb.AccountID)[TotalPC] FROM RFOperations.RFO_Accounts.AccountBase ab JOIN RFOperations.RFO_Accounts.AccountRF rf ON rf.SponsorId = ab.AccountID AND ab.AccountID=@AccountId JOIN RFOperations.RFO_Accounts.AccountBase sb ON rf.AccountID = sb.AccountID WHERE sb.AccountTypeID = 2 AND rf.Active = 1 AND sb.AccountStatusID = 1 AND EXISTS (SELECT 1 FROM RFOperations.Hybris.Autoship a WHERE a.AccountID = sb.AccountID AND a.Active = 1 AND a.AutoshipTypeID = 1 AND CAST(a.NextRunDate AS DATE) BETWEEN DATEADD(DAY, 1, EOMONTH(DATEADD(MONTH,-1, GETDATE()))) AND EOMONTH(DATEADD(MONTH, 1, GETDATE())) ) GROUP BY ab.AccountID

[INFO ] 2018-03-06 19:17:08.815 [main] RFLSDWebsiteBaseTest - Data returned by query: 9
[INFO ] 2018-03-06 19:17:33.689 [main] RFWebsiteDriver - Waiting for spin image to get disappear0
[INFO ] 2018-03-06 19:17:33.776 [main] RFWebsiteDriver - spin image disappears
[INFO ] 2018-03-06 19:17:37.783 [main] RFWebsiteDriver - waiting for locator By.xpath: //h1[contains(text(),'All Customers')]//preceding::span[1]
[INFO ] 2018-03-06 19:17:38.008 [main] RFWebsiteDriver - Element found
[INFO ] 2018-03-06 19:17:38.342 [main] RFWebsiteDriver - TEXT fetched for count of all PC customer for this month and next month is=11
[INFO ] 2018-03-06 19:17:44.772 [main] SoftAssert - VERIFICATION FAILED: Expected count of PC users are 9 actual on UI are 11 expected [true] but found [false]
[INFO ] 2018-03-06 19:17:44.772 [main] SoftAssert - Expected: true
[INFO ] 2018-03-06 19:17:44.772 [main] SoftAssert - Actual: false
[INFO ] 2018-03-06 19:17:44.772 [main] RFWebsiteDriver - Taking Screenshot
[INFO ] 2018-03-06 19:17:45.331 [main] SoftAssert - Snapshot Path :<a href='C:\Users\bpkotamahanti\Bindu\Automation\qa-automation\output\Screenshots\TotalNumberOfAllPCs_3349q\Expected count of PC users are 9 actual on UI are 11 expected [true] but found [false].png'>C:\Users\bpkotamahanti\Bindu\Automation\qa-automation\output\Screenshots\TotalNumberOfAllPCs_3349q\Expected count of PC users are 9 actual on UI are 11 expected [true] but found [false].png</a>

[INFO ] 2018-03-06 19:17:45.332 [main] TestListner - [TEST HAS FAILED-------- Test case TotalNumberOfAllPCs_3349q has failed] due to reason:-<br>  java.lang.AssertionError: 1.Expected count of PC users are 9 actual on UI are 11

[INFO ] 2018-03-06 19:17:45.373 [main] RFWebsiteDriver - URL opened is https://skywalker.rodanandfields.com
[INFO ] 2018-03-06 19:17:46.019 [main] RFWebsiteDriver - Waiting for LSD loading image to get disappear
[INFO ] 2018-03-06 19:17:46.152 [main] RFWebsiteDriver - LSD Animation image disappears
[INFO ] 2018-03-06 19:17:46.152 [main] RFWebsiteDriver - Waiting for LSD loading image to get disappear
[INFO ] 2018-03-06 19:17:47.293 [main] RFWebsiteDriver - waiting..
[INFO ] 2018-03-06 19:17:48.307 [main] RFWebsiteDriver - waiting..
[INFO ] 2018-03-06 19:17:48.410 [main] RFWebsiteDriver - LSD loading image disappears
[INFO ] 2018-03-06 19:17:48.410 [main] RFWebsiteDriver - waiting for locator By.xpath: //div[@id='rf-nav-wrapper']/descendant::span[text()='Pulse'][1]
[INFO ] 2018-03-06 19:17:48.429 [main] RFWebsiteDriver - Element found
[INFO ] 2018-03-06 19:17:48.430 [main] RFWebsiteDriver - wait started for By.xpath: //div[@id='rf-nav-wrapper']/descendant::span[text()='Pulse'][1]
[INFO ] 2018-03-06 19:17:48.430 [main] RFWebsiteDriver - waiting for locator By.xpath: //div[@id='rf-nav-wrapper']/descendant::span[text()='Pulse'][1]
[INFO ] 2018-03-06 19:17:48.440 [main] RFWebsiteDriver - Element found
[INFO ] 2018-03-06 19:17:48.440 [main] RFWebsiteDriver - Pulse in top navigation ready to be clicked
[INFO ] 2018-03-06 19:17:48.508 [main] RFWebsiteDriver - CLICKED on Pulse in top navigation
[INFO ] 2018-03-06 19:17:48.508 [main] LSDRFWebsiteBasePage - Pulse in top navigation clicked
[INFO ] 2018-03-06 19:17:48.508 [main] LSDRFWebsiteBasePage - Logging out from pulse application
[INFO ] 2018-03-06 19:17:48.683 [main] RFWebsiteDriver - CLICKED on 
[INFO ] 2018-03-06 19:17:48.684 [main] RFWebsiteDriver - Waiting for LSD loading image to get disappear
[INFO ] 2018-03-06 19:17:48.739 [main] RFWebsiteDriver - LSD loading image disappears
