[DEBUG] 2018-02-28 13:26:26.672 [main] RFBaseTest - Started execution with  null
[INFO ] 2018-02-28 13:26:26.677 [main] RFBaseTest - Environment properties are not provided by the user ... loading the default properties
[INFO ] 2018-02-28 13:26:26.677 [main] RFBaseTest - Default Browser is  ------ chrome
[INFO ] 2018-02-28 13:26:26.678 [main] RFBaseTest - Default URL is  ------ https://skywalker.rodanandfields.com
[INFO ] 2018-02-28 13:26:26.678 [main] RFBaseTest - Default user password is  ------ 111Maiden$
[INFO ] 2018-02-28 13:26:26.678 [main] RFBaseTest - Default Country is  ------ us
[INFO ] 2018-02-28 13:26:26.678 [main] RFBaseTest - Default DB IP is  ------ 10.3.0.218
[INFO ] 2018-02-28 13:26:26.678 [main] RFBaseTest - Default DB Username is  ------ perftest
[INFO ] 2018-02-28 13:26:26.678 [main] RFBaseTest - Default DB Password is  ------ perftest
[INFO ] 2018-02-28 13:26:26.678 [main] RFBaseTest - Default DB Domain is  ------ RF
[INFO ] 2018-02-28 13:26:31.237 [main] RFWebsiteDriver - Window is maximized
[INFO ] 2018-02-28 13:26:31.238 [main] RFWebsiteDriver - All cookies deleted
[INFO ] 2018-02-28 13:26:31.239 [main] RFWebsiteDriver - URL opened is https://skywalker.rodanandfields.com
[INFO ] 2018-02-28 13:26:33.457 [main] RFLSDWebsiteBaseTest - Application loaded
[INFO ] 2018-02-28 13:26:33.472 [main] RFWebsiteDriver - DB connections are set
[INFO ] 2018-02-28 13:26:33.533 [main] DBUtil - QUERY TRIGGERED IS SELECT top 1 * FROM Commissions.[calcs].[vwQualificationSummary] where SV!=0 and PSQV!=0 and EClegs>2 and L1L2!=0 and L1L6!=0  and periodid= LEFT(CONVERT(varchar, GetDate(),112),6)  order by PeriodID desc

[INFO ] 2018-02-28 13:26:33.878 [main] RFLSDWebsiteBaseTest - Data returned by query: 2
[INFO ] 2018-02-28 13:26:33.879 [main] DBUtil - QUERY TRIGGERED IS SELECT  ab.AccountID ,ac.FirstName ,ac.LastName ,acs.Username FROM  RFOperations.RFO_Accounts.AccountBase ab JOIN RFOperations.RFO_Accounts.AccountRF rf ON rf.AccountID = ab.AccountID JOIN RFOperations.RFO_Accounts.AccountContacts ac ON ac.AccountId = ab.AccountID LEFT JOIN RFOperations.Security.AccountSecurity acs ON acs.AccountID = ab.AccountID LEFT JOIN RFOperations.RFO_Reference.AccountType t ON t.AccountTypeID = ab.AccountTypeID LEFT JOIN RFOperations.RFO_Reference.AccountStatus s ON s.AccountStatusID = ab.AccountStatusID LEFT JOIN RFOperations.RFO_Reference.Countries c ON c.CountryID = ab.CountryID WHERE   ab.AccountID = 2

[INFO ] 2018-02-28 13:26:33.965 [main] RFLSDWebsiteBaseTest - Data returned by query: 0
[INFO ] 2018-02-28 13:26:33.966 [main] DBUtil - QUERY TRIGGERED IS select EmailAddress from RFO_Accounts.AccountContacts acTB INNER JOIN RFO_Accounts.AccountEmails aeTB  on acTB.AccountContactId=aeTB.AccountContactId INNER JOIN RFO_Accounts.EmailAddresses aEMTB on aeTB.EmailAddressID=aEMTB.EmailAddressID WHERE acTB.AccountID='2' and aEMTB.EmailAddressTypeID=1 

[INFO ] 2018-02-28 13:26:34.055 [main] RFLSDWebsiteBaseTest - Data returned by query: noreply@rodanandfields.com
[INFO ] 2018-02-28 13:26:34.056 [main] RFWebsiteDriver - Waiting for LSD loading image to get disappear
[INFO ] 2018-02-28 13:26:35.089 [main] RFWebsiteDriver - waiting..
[INFO ] 2018-02-28 13:26:35.116 [main] RFWebsiteDriver - LSD loading image disappears
[INFO ] 2018-02-28 13:26:35.184 [main] RFWebsiteDriver - waiting for locator By.id: username
[INFO ] 2018-02-28 13:26:35.194 [main] RFWebsiteDriver - Element found
[INFO ] 2018-02-28 13:26:35.194 [main] RFWebsiteDriver - Taking Screenshot
[INFO ] 2018-02-28 13:26:35.740 [main] RFWebsiteDriver - wait started for By.id: username
[INFO ] 2018-02-28 13:26:35.740 [main] RFWebsiteDriver - waiting for locator By.id: username
[INFO ] 2018-02-28 13:26:35.750 [main] RFWebsiteDriver - Element found
[INFO ] 2018-02-28 13:26:35.952 [main] RFWebsiteDriver - TYPED text as = noreply@rodanandfields.com in  text field
[INFO ] 2018-02-28 13:26:35.953 [main] LSDLoginPage - username is noreply@rodanandfields.com
[INFO ] 2018-02-28 13:26:35.953 [main] RFWebsiteDriver - wait started for By.id: password
[INFO ] 2018-02-28 13:26:35.953 [main] RFWebsiteDriver - waiting for locator By.id: password
[INFO ] 2018-02-28 13:26:35.971 [main] RFWebsiteDriver - Element found
[INFO ] 2018-02-28 13:26:36.092 [main] RFWebsiteDriver - TYPED text as = 111Maiden$ in  text field
[INFO ] 2018-02-28 13:26:36.092 [main] LSDLoginPage - password is 111Maiden$
[INFO ] 2018-02-28 13:26:36.092 [main] RFWebsiteDriver - wait started for By.id: button-login
[INFO ] 2018-02-28 13:26:36.092 [main] RFWebsiteDriver - waiting for locator By.id: button-login
[INFO ] 2018-02-28 13:26:36.111 [main] RFWebsiteDriver - Element found
[INFO ] 2018-02-28 13:26:36.111 [main] RFWebsiteDriver -  ready to be clicked
[INFO ] 2018-02-28 13:26:36.192 [main] RFWebsiteDriver - CLICKED on 
[INFO ] 2018-02-28 13:26:51.484 [main] RFWebsiteDriver - URL opened is https://skywalker.rodanandfields.com
[INFO ] 2018-02-28 13:26:52.043 [main] RFWebsiteDriver - Waiting for LSD loading image to get disappear
[INFO ] 2018-02-28 13:26:52.164 [main] RFWebsiteDriver - LSD Animation image disappears
[INFO ] 2018-02-28 13:26:52.164 [main] RFWebsiteDriver - waiting for locator By.id: button-login
[INFO ] 2018-02-28 13:26:57.425 [main] RFWebsiteDriver - waiting for locator By.xpath: //div[text()='Hello,']/following-sibling::div[contains(@class,'text-uppercase')]
[INFO ] 2018-02-28 13:26:57.437 [main] RFWebsiteDriver - Element found
[INFO ] 2018-02-28 13:26:57.447 [main] RFWebsiteDriver - waiting for locator By.xpath: //div[text()='Hello,']/following-sibling::div[contains(@class,'text-uppercase')]
[INFO ] 2018-02-28 13:26:57.463 [main] RFWebsiteDriver - Element found
[INFO ] 2018-02-28 13:26:57.507 [main] RFWebsiteDriver - TEXT fetched for First name in overview section is=RF
[INFO ] 2018-02-28 13:26:57.507 [main] RFLSDWebsiteBaseTest - Data returned by query: RF
[INFO ] 2018-02-28 13:26:57.513 [main] RFWebsiteDriver - wait started for By.xpath: //div[@id='rf-nav-wrapper']/descendant::img[2]
[INFO ] 2018-02-28 13:26:57.514 [main] RFWebsiteDriver - waiting for locator By.xpath: //div[@id='rf-nav-wrapper']/descendant::img[2]
[INFO ] 2018-02-28 13:26:57.529 [main] RFWebsiteDriver - Element found
[INFO ] 2018-02-28 13:26:57.529 [main] RFWebsiteDriver - R+F logo ready to be clicked
[INFO ] 2018-02-28 13:26:57.598 [main] RFWebsiteDriver - CLICKED on R+F logo
[INFO ] 2018-02-28 13:26:57.701 [main] TestListner - 
******************************************************************************************************************************
					TEST CASE NAME:                  TotalNumberOfAllPCs_3349q
******************************************************************************************************************************
[INFO ] 2018-02-28 13:26:57.743 [main] RFWebsiteDriver - wait started for By.xpath: //div[@id='rf-nav-wrapper']/descendant::span[text()='Pulse'][1]
[INFO ] 2018-02-28 13:26:57.744 [main] RFWebsiteDriver - waiting for locator By.xpath: //div[@id='rf-nav-wrapper']/descendant::span[text()='Pulse'][1]
[INFO ] 2018-02-28 13:26:57.760 [main] RFWebsiteDriver - Element found
[INFO ] 2018-02-28 13:26:57.760 [main] RFWebsiteDriver -  ready to be clicked
[INFO ] 2018-02-28 13:26:57.847 [main] RFWebsiteDriver - CLICKED on 
[INFO ] 2018-02-28 13:26:57.847 [main] LSDHomePage - Clicked on Pulse Submenu from Top Navigation
[INFO ] 2018-02-28 13:26:57.905 [main] RFWebsiteDriver - wait started for By.xpath: //a[contains(text(),'Customers')]
[INFO ] 2018-02-28 13:26:57.906 [main] RFWebsiteDriver - waiting for locator By.xpath: //a[contains(text(),'Customers')]
[INFO ] 2018-02-28 13:26:57.922 [main] RFWebsiteDriver - Element found
[INFO ] 2018-02-28 13:26:57.922 [main] RFWebsiteDriver -  ready to be clicked
[INFO ] 2018-02-28 13:26:58.001 [main] RFWebsiteDriver - CLICKED on 
[INFO ] 2018-02-28 13:26:58.001 [main] LSDHomePage - SubMenu Link : Customers clicked
[INFO ] 2018-02-28 13:26:58.025 [main] RFWebsiteDriver - Waiting for spin image to get disappear1
[INFO ] 2018-02-28 13:26:59.050 [main] RFWebsiteDriver - waiting..
[INFO ] 2018-02-28 13:27:00.077 [main] RFWebsiteDriver - waiting..
[INFO ] 2018-02-28 13:27:01.086 [main] RFWebsiteDriver - waiting..
[INFO ] 2018-02-28 13:27:02.098 [main] RFWebsiteDriver - waiting..
[INFO ] 2018-02-28 13:27:03.107 [main] RFWebsiteDriver - waiting..
[INFO ] 2018-02-28 13:27:04.119 [main] RFWebsiteDriver - waiting..
[INFO ] 2018-02-28 13:27:05.128 [main] RFWebsiteDriver - waiting..
[INFO ] 2018-02-28 13:27:06.150 [main] RFWebsiteDriver - waiting..
[INFO ] 2018-02-28 13:27:07.163 [main] RFWebsiteDriver - waiting..
[INFO ] 2018-02-28 13:27:08.172 [main] RFWebsiteDriver - waiting..
[INFO ] 2018-02-28 13:27:08.184 [main] RFWebsiteDriver - Waiting for spin image to get disappear1
[INFO ] 2018-02-28 13:27:09.197 [main] RFWebsiteDriver - waiting..
[INFO ] 2018-02-28 13:27:10.206 [main] RFWebsiteDriver - waiting..
[INFO ] 2018-02-28 13:27:11.217 [main] RFWebsiteDriver - waiting..
[INFO ] 2018-02-28 13:27:12.227 [main] RFWebsiteDriver - waiting..
[INFO ] 2018-02-28 13:27:13.240 [main] RFWebsiteDriver - waiting..
[INFO ] 2018-02-28 13:27:14.249 [main] RFWebsiteDriver - waiting..
[INFO ] 2018-02-28 13:27:15.262 [main] RFWebsiteDriver - waiting..
[INFO ] 2018-02-28 13:27:16.273 [main] RFWebsiteDriver - waiting..
[INFO ] 2018-02-28 13:27:17.283 [main] RFWebsiteDriver - waiting..
[INFO ] 2018-02-28 13:27:18.293 [main] RFWebsiteDriver - waiting..
[INFO ] 2018-02-28 13:27:19.315 [main] RFWebsiteDriver - waiting..
[INFO ] 2018-02-28 13:27:20.327 [main] RFWebsiteDriver - waiting..
[INFO ] 2018-02-28 13:27:21.339 [main] RFWebsiteDriver - waiting..
[INFO ] 2018-02-28 13:27:22.350 [main] RFWebsiteDriver - waiting..
[INFO ] 2018-02-28 13:27:23.364 [main] RFWebsiteDriver - waiting..
[INFO ] 2018-02-28 13:27:24.385 [main] RFWebsiteDriver - waiting..
[INFO ] 2018-02-28 13:27:25.394 [main] RFWebsiteDriver - waiting..
[INFO ] 2018-02-28 13:27:26.406 [main] RFWebsiteDriver - waiting..
[INFO ] 2018-02-28 13:27:28.137 [main] RFWebsiteDriver - waiting..
[INFO ] 2018-02-28 13:27:29.150 [main] RFWebsiteDriver - waiting..
[INFO ] 2018-02-28 13:27:29.150 [main] RFWebsiteDriver - wait started for By.xpath: //h1[contains(text(),'Build Customer Loyalty')]/../preceding::span[1]
[INFO ] 2018-02-28 13:27:29.150 [main] RFWebsiteDriver - waiting for locator By.xpath: //h1[contains(text(),'Build Customer Loyalty')]/../preceding::span[1]
[INFO ] 2018-02-28 13:27:29.169 [main] RFWebsiteDriver - Element found
[INFO ] 2018-02-28 13:27:29.169 [main] RFWebsiteDriver - wait started for By.xpath: //h1[contains(text(),'Build Customer Loyalty')]/../preceding::span[1]
[INFO ] 2018-02-28 13:27:29.169 [main] RFWebsiteDriver - waiting for locator By.xpath: //h1[contains(text(),'Build Customer Loyalty')]/../preceding::span[1]
[INFO ] 2018-02-28 13:27:29.178 [main] RFWebsiteDriver - Element found
[INFO ] 2018-02-28 13:27:29.178 [main] RFWebsiteDriver - count of all pc customers ready to be clicked
[INFO ] 2018-02-28 13:27:29.265 [main] RFWebsiteDriver - CLICKED on count of all pc customers
[INFO ] 2018-02-28 13:27:29.265 [main] LSDCustomerPage - clicked in view PC customer link
[INFO ] 2018-02-28 13:27:29.266 [main] DBUtil - QUERY TRIGGERED IS  DECLARE @AccountId INT = 2 SELECT COUNT(DISTINCT sb.AccountID)[TotalPC] FROM RFOperations.RFO_Accounts.AccountBase ab JOIN RFOperations.RFO_Accounts.AccountRF rf ON rf.SponsorId = ab.AccountID AND ab.AccountID=@AccountId JOIN RFOperations.RFO_Accounts.AccountBase sb ON rf.AccountID = sb.AccountID WHERE sb.AccountTypeID = 2 AND rf.Active = 1 AND sb.AccountStatusID = 1 AND EXISTS (SELECT 1 FROM RFOperations.Hybris.Autoship a WHERE a.AccountID = sb.AccountID AND a.Active = 1 AND a.AutoshipTypeID = 1 AND CAST(a.NextRunDate AS DATE) BETWEEN DATEADD(DAY, 1, EOMONTH(DATEADD(MONTH,-1, GETDATE()))) AND EOMONTH(DATEADD(MONTH, 1, GETDATE())) ) GROUP BY ab.AccountID

[INFO ] 2018-02-28 13:27:33.264 [main] RFLSDWebsiteBaseTest - Data returned by query: 1170
[INFO ] 2018-02-28 13:27:33.274 [main] RFWebsiteDriver - Waiting for spin image to get disappear1
[INFO ] 2018-02-28 13:27:34.289 [main] RFWebsiteDriver - waiting..
[INFO ] 2018-02-28 13:27:35.298 [main] RFWebsiteDriver - waiting..
[INFO ] 2018-02-28 13:27:36.309 [main] RFWebsiteDriver - waiting..
[INFO ] 2018-02-28 13:27:37.318 [main] RFWebsiteDriver - waiting..
[INFO ] 2018-02-28 13:27:38.329 [main] RFWebsiteDriver - waiting..
[INFO ] 2018-02-28 13:27:39.338 [main] RFWebsiteDriver - waiting..
[INFO ] 2018-02-28 13:27:40.348 [main] RFWebsiteDriver - waiting..
[INFO ] 2018-02-28 13:27:41.357 [main] RFWebsiteDriver - waiting..
[INFO ] 2018-02-28 13:27:42.367 [main] RFWebsiteDriver - waiting..
[INFO ] 2018-02-28 13:27:43.376 [main] RFWebsiteDriver - waiting..
[INFO ] 2018-02-28 13:27:43.376 [main] RFWebsiteDriver - waiting for locator By.xpath: //h1[contains(text(),'All Customers')]//preceding::span[1]
[INFO ] 2018-02-28 13:27:53.733 [main] TestListner - [TEST HAS FAILED-------- Test case TotalNumberOfAllPCs_3349q has failed] due to reason:-<br>  org.openqa.selenium.NoSuchElementException: no such element: Unable to locate element: {"method":"xpath","selector":"//h1[contains(text(),'All Customers')]//preceding::span[1]"}
  (Session info: chrome=64.0.3282.186)
  (Driver info: chromedriver=2.33.506120 (e3e53437346286c0bc2d2dc9aa4915ba81d9023f),platform=Windows NT 10.0.10586 x86_64) (WARNING: The server did not provide any stacktrace information)
Command duration or timeout: 0 milliseconds
For documentation on this error, please visit: http://seleniumhq.org/exceptions/no_such_element.html
Build info: version: '3.7.1', revision: '8a0099a', time: '2017-11-06T21:01:39.354Z'
System info: host: 'LD-4V2P3G2', ip: '10.6.64.235', os.name: 'Windows 10', os.arch: 'amd64', os.version: '10.0', java.version: '1.8.0_161'
Driver info: org.openqa.selenium.chrome.ChromeDriver
Capabilities {acceptSslCerts: true, applicationCacheEnabled: false, browserConnectionEnabled: false, browserName: chrome, chrome: {chromedriverVersion: 2.33.506120 (e3e53437346286..., userDataDir: C:\Users\BPKOTA~1\AppData\L...}, cssSelectorsEnabled: true, databaseEnabled: false, handlesAlerts: true, hasTouchScreen: false, javascriptEnabled: true, locationContextEnabled: true, mobileEmulationEnabled: false, nativeEvents: true, networkConnectionEnabled: false, pageLoadStrategy: normal, platform: XP, platformName: XP, rotatable: false, setWindowRect: true, takesHeapSnapshot: true, takesScreenshot: true, unexpectedAlertBehaviour: , unhandledPromptBehavior: , version: 64.0.3282.186, webStorageEnabled: true}
Session ID: bd460a1847447483137d84c17043da41
*** Element info: {Using=xpath, value=//h1[contains(text(),'All Customers')]//preceding::span[1]}
[INFO ] 2018-02-28 13:27:53.734 [main] RFWebsiteDriver - Taking Screenshot
[INFO ] 2018-02-28 13:27:54.190 [main] TestListner - Snapshot Path :<a href='C:\Users\bpkotamahanti\Bindu\Automation\qa-automation\output\Screenshots\TotalNumberOfAllPCs_3349q\TotalNumberOfAllPCs_3349q.png'>C:\Users\bpkotamahanti\Bindu\Automation\qa-automation\output\Screenshots\TotalNumberOfAllPCs_3349q\TotalNumberOfAllPCs_3349q.png</a>

[INFO ] 2018-02-28 13:27:54.218 [main] RFWebsiteDriver - URL opened is https://skywalker.rodanandfields.com
[INFO ] 2018-02-28 13:27:54.709 [main] RFWebsiteDriver - Waiting for LSD loading image to get disappear
[INFO ] 2018-02-28 13:27:54.816 [main] RFWebsiteDriver - LSD Animation image disappears
[INFO ] 2018-02-28 13:27:54.816 [main] RFWebsiteDriver - Waiting for LSD loading image to get disappear
[INFO ] 2018-02-28 13:27:55.933 [main] RFWebsiteDriver - waiting..
[INFO ] 2018-02-28 13:27:56.944 [main] RFWebsiteDriver - waiting..
[INFO ] 2018-02-28 13:27:57.952 [main] RFWebsiteDriver - waiting..
[INFO ] 2018-02-28 13:27:58.964 [main] RFWebsiteDriver - waiting..
[INFO ] 2018-02-28 13:27:59.975 [main] RFWebsiteDriver - waiting..
[INFO ] 2018-02-28 13:28:00.986 [main] RFWebsiteDriver - waiting..
[INFO ] 2018-02-28 13:28:01.998 [main] RFWebsiteDriver - waiting..
[INFO ] 2018-02-28 13:28:03.010 [main] RFWebsiteDriver - waiting..
[INFO ] 2018-02-28 13:28:04.021 [main] RFWebsiteDriver - waiting..
[INFO ] 2018-02-28 13:28:05.032 [main] RFWebsiteDriver - waiting..
[INFO ] 2018-02-28 13:28:06.043 [main] RFWebsiteDriver - waiting..
[INFO ] 2018-02-28 13:28:07.055 [main] RFWebsiteDriver - waiting..
[INFO ] 2018-02-28 13:28:08.067 [main] RFWebsiteDriver - waiting..
[INFO ] 2018-02-28 13:28:09.085 [main] RFWebsiteDriver - waiting..
[INFO ] 2018-02-28 13:28:10.094 [main] RFWebsiteDriver - waiting..
[INFO ] 2018-02-28 13:28:10.108 [main] RFWebsiteDriver - LSD loading image disappears
[INFO ] 2018-02-28 13:28:10.108 [main] RFWebsiteDriver - waiting for locator By.xpath: //div[@id='rf-nav-wrapper']/descendant::span[text()='Pulse'][1]
[INFO ] 2018-02-28 13:28:10.136 [main] RFWebsiteDriver - Element found
[INFO ] 2018-02-28 13:28:10.136 [main] RFWebsiteDriver - wait started for By.xpath: //div[@id='rf-nav-wrapper']/descendant::span[text()='Pulse'][1]
[INFO ] 2018-02-28 13:28:10.136 [main] RFWebsiteDriver - waiting for locator By.xpath: //div[@id='rf-nav-wrapper']/descendant::span[text()='Pulse'][1]
[INFO ] 2018-02-28 13:28:10.145 [main] RFWebsiteDriver - Element found
[INFO ] 2018-02-28 13:28:10.146 [main] RFWebsiteDriver - Pulse in top navigation ready to be clicked
[INFO ] 2018-02-28 13:28:10.264 [main] RFWebsiteDriver - CLICKED on Pulse in top navigation
[INFO ] 2018-02-28 13:28:10.264 [main] LSDRFWebsiteBasePage - Pulse in top navigation clicked
[INFO ] 2018-02-28 13:28:10.264 [main] LSDRFWebsiteBasePage - Logging out from pulse application
[INFO ] 2018-02-28 13:28:10.368 [main] RFWebsiteDriver - CLICKED on 
[INFO ] 2018-02-28 13:28:10.369 [main] RFWebsiteDriver - Waiting for LSD loading image to get disappear
[INFO ] 2018-02-28 13:28:10.382 [main] RFWebsiteDriver - LSD loading image disappears
