[DEBUG] 2018-03-06 19:21:07.294 [main] RFBaseTest - Started execution with  null
[INFO ] 2018-03-06 19:21:07.299 [main] RFBaseTest - Environment properties are not provided by the user ... loading the default properties
[INFO ] 2018-03-06 19:21:07.299 [main] RFBaseTest - Default Browser is  ------ chrome
[INFO ] 2018-03-06 19:21:07.300 [main] RFBaseTest - Default URL is  ------ https://skywalker.rodanandfields.com
[INFO ] 2018-03-06 19:21:07.300 [main] RFBaseTest - Default user password is  ------ 111Maiden$
[INFO ] 2018-03-06 19:21:07.300 [main] RFBaseTest - Default Country is  ------ us
[INFO ] 2018-03-06 19:21:07.300 [main] RFBaseTest - Default DB IP is  ------ 10.3.0.218
[INFO ] 2018-03-06 19:21:07.300 [main] RFBaseTest - Default DB Username is  ------ perftest
[INFO ] 2018-03-06 19:21:07.300 [main] RFBaseTest - Default DB Password is  ------ perftest
[INFO ] 2018-03-06 19:21:07.300 [main] RFBaseTest - Default DB Domain is  ------ RF
[INFO ] 2018-03-06 19:21:11.961 [main] RFWebsiteDriver - Window is maximized
[INFO ] 2018-03-06 19:21:11.962 [main] RFWebsiteDriver - All cookies deleted
[INFO ] 2018-03-06 19:21:11.962 [main] RFWebsiteDriver - URL opened is https://skywalker.rodanandfields.com
[INFO ] 2018-03-06 19:21:15.058 [main] RFLSDWebsiteBaseTest - Application loaded
[INFO ] 2018-03-06 19:21:15.071 [main] RFWebsiteDriver - DB connections are set
[INFO ] 2018-03-06 19:21:15.127 [main] DBUtil - QUERY TRIGGERED IS SELECT top 1 * FROM Commissions.[calcs].[vwQualificationSummary] where SV!=0 and PSQV!=0 and L1L2!=0 and L1L6!=0 and ECLegs > 0 and periodid= LEFT(CONVERT(varchar, GetDate(),112),6)  order by NewID() desc

[INFO ] 2018-03-06 19:21:15.856 [main] RFLSDWebsiteBaseTest - Data returned by query: 75002378
[INFO ] 2018-03-06 19:21:15.856 [main] DBUtil - QUERY TRIGGERED IS SELECT  ab.AccountID ,ac.FirstName ,ac.LastName ,acs.Username FROM  RFOperations.RFO_Accounts.AccountBase ab JOIN RFOperations.RFO_Accounts.AccountRF rf ON rf.AccountID = ab.AccountID JOIN RFOperations.RFO_Accounts.AccountContacts ac ON ac.AccountId = ab.AccountID LEFT JOIN RFOperations.Security.AccountSecurity acs ON acs.AccountID = ab.AccountID LEFT JOIN RFOperations.RFO_Reference.AccountType t ON t.AccountTypeID = ab.AccountTypeID LEFT JOIN RFOperations.RFO_Reference.AccountStatus s ON s.AccountStatusID = ab.AccountStatusID LEFT JOIN RFOperations.RFO_Reference.Countries c ON c.CountryID = ab.CountryID WHERE   ab.AccountID = 6925217

[INFO ] 2018-03-06 19:21:16.028 [main] RFLSDWebsiteBaseTest - Data returned by query: sybilasner@gmail.com
[INFO ] 2018-03-06 19:21:16.031 [main] DBUtil - QUERY TRIGGERED IS select EmailAddress from RFO_Accounts.AccountContacts acTB INNER JOIN RFO_Accounts.AccountEmails aeTB  on acTB.AccountContactId=aeTB.AccountContactId INNER JOIN RFO_Accounts.EmailAddresses aEMTB on aeTB.EmailAddressID=aEMTB.EmailAddressID WHERE acTB.AccountID='6925217' and aEMTB.EmailAddressTypeID=1 

[INFO ] 2018-03-06 19:21:16.218 [main] RFLSDWebsiteBaseTest - Data returned by query: sybilasner@gmail.com
[INFO ] 2018-03-06 19:21:16.219 [main] RFWebsiteDriver - Waiting for LSD loading image to get disappear
[INFO ] 2018-03-06 19:21:17.285 [main] RFWebsiteDriver - waiting..
[INFO ] 2018-03-06 19:21:17.320 [main] RFWebsiteDriver - LSD loading image disappears
[INFO ] 2018-03-06 19:21:17.421 [main] RFWebsiteDriver - waiting for locator By.id: username
[INFO ] 2018-03-06 19:21:17.437 [main] RFWebsiteDriver - Element found
[INFO ] 2018-03-06 19:21:17.437 [main] RFWebsiteDriver - Taking Screenshot
[INFO ] 2018-03-06 19:21:17.936 [main] RFWebsiteDriver - wait started for By.id: username
[INFO ] 2018-03-06 19:21:17.936 [main] RFWebsiteDriver - waiting for locator By.id: username
[INFO ] 2018-03-06 19:21:17.949 [main] RFWebsiteDriver - Element found
[INFO ] 2018-03-06 19:21:18.118 [main] RFWebsiteDriver - TYPED text as = sybilasner@gmail.com in  text field
[INFO ] 2018-03-06 19:21:18.119 [main] LSDLoginPage - username is sybilasner@gmail.com
[INFO ] 2018-03-06 19:21:18.119 [main] RFWebsiteDriver - wait started for By.id: password
[INFO ] 2018-03-06 19:21:18.119 [main] RFWebsiteDriver - waiting for locator By.id: password
[INFO ] 2018-03-06 19:21:18.136 [main] RFWebsiteDriver - Element found
[INFO ] 2018-03-06 19:21:18.256 [main] RFWebsiteDriver - TYPED text as = 111Maiden$ in  text field
[INFO ] 2018-03-06 19:21:18.257 [main] LSDLoginPage - password is 111Maiden$
[INFO ] 2018-03-06 19:21:18.257 [main] RFWebsiteDriver - wait started for By.id: button-login
[INFO ] 2018-03-06 19:21:18.257 [main] RFWebsiteDriver - waiting for locator By.id: button-login
[INFO ] 2018-03-06 19:21:18.275 [main] RFWebsiteDriver - Element found
[INFO ] 2018-03-06 19:21:18.276 [main] RFWebsiteDriver -  ready to be clicked
[INFO ] 2018-03-06 19:21:18.375 [main] RFWebsiteDriver - CLICKED on 
[INFO ] 2018-03-06 19:21:30.965 [main] RFWebsiteDriver - URL opened is https://skywalker.rodanandfields.com
[INFO ] 2018-03-06 19:21:31.571 [main] RFWebsiteDriver - Waiting for LSD loading image to get disappear
[INFO ] 2018-03-06 19:21:31.695 [main] RFWebsiteDriver - LSD Animation image disappears
[INFO ] 2018-03-06 19:21:31.696 [main] RFWebsiteDriver - waiting for locator By.id: button-login
[INFO ] 2018-03-06 19:21:37.265 [main] RFWebsiteDriver - waiting for locator By.xpath: //div[text()='Hello,']/following-sibling::div[contains(@class,'text-uppercase')]
[INFO ] 2018-03-06 19:21:37.276 [main] RFWebsiteDriver - Element found
[INFO ] 2018-03-06 19:21:37.292 [main] RFWebsiteDriver - waiting for locator By.xpath: //div[text()='Hello,']/following-sibling::div[contains(@class,'text-uppercase')]
[INFO ] 2018-03-06 19:21:37.304 [main] RFWebsiteDriver - Element found
[INFO ] 2018-03-06 19:21:37.347 [main] RFWebsiteDriver - TEXT fetched for First name in overview section is=SYBIL
[INFO ] 2018-03-06 19:21:37.348 [main] RFLSDWebsiteBaseTest - Data returned by query: Sybil
[INFO ] 2018-03-06 19:21:37.355 [main] RFWebsiteDriver - wait started for By.xpath: //div[@id='rf-nav-wrapper']/descendant::img[2]
[INFO ] 2018-03-06 19:21:37.355 [main] RFWebsiteDriver - waiting for locator By.xpath: //div[@id='rf-nav-wrapper']/descendant::img[2]
[INFO ] 2018-03-06 19:21:37.381 [main] RFWebsiteDriver - Element found
[INFO ] 2018-03-06 19:21:37.381 [main] RFWebsiteDriver - R+F logo ready to be clicked
[INFO ] 2018-03-06 19:21:37.480 [main] RFWebsiteDriver - CLICKED on R+F logo
[INFO ] 2018-03-06 19:21:37.588 [main] TestListner - 
******************************************************************************************************************************
					TEST CASE NAME:                  testTotalNumberOfPCsThisMonth_3013q
******************************************************************************************************************************
[INFO ] 2018-03-06 19:21:37.646 [main] RFWebsiteDriver - wait started for By.xpath: //div[@id='rf-nav-wrapper']/descendant::span[text()='Pulse'][1]
[INFO ] 2018-03-06 19:21:37.646 [main] RFWebsiteDriver - waiting for locator By.xpath: //div[@id='rf-nav-wrapper']/descendant::span[text()='Pulse'][1]
[INFO ] 2018-03-06 19:21:37.669 [main] RFWebsiteDriver - Element found
[INFO ] 2018-03-06 19:21:37.670 [main] RFWebsiteDriver -  ready to be clicked
[INFO ] 2018-03-06 19:21:37.780 [main] RFWebsiteDriver - CLICKED on 
[INFO ] 2018-03-06 19:21:37.780 [main] LSDHomePage - Clicked on Pulse Submenu from Top Navigation
[INFO ] 2018-03-06 19:21:37.832 [main] RFWebsiteDriver - wait started for By.xpath: //a[contains(text(),'Customers')]
[INFO ] 2018-03-06 19:21:37.832 [main] RFWebsiteDriver - waiting for locator By.xpath: //a[contains(text(),'Customers')]
[INFO ] 2018-03-06 19:21:37.842 [main] RFWebsiteDriver - Element found
[INFO ] 2018-03-06 19:21:37.843 [main] RFWebsiteDriver -  ready to be clicked
[INFO ] 2018-03-06 19:21:37.926 [main] RFWebsiteDriver - CLICKED on 
[INFO ] 2018-03-06 19:21:37.926 [main] LSDHomePage - SubMenu Link : Customers clicked
[INFO ] 2018-03-06 19:21:37.954 [main] RFWebsiteDriver - Waiting for spin image to get disappear0
[INFO ] 2018-03-06 19:21:37.965 [main] RFWebsiteDriver - spin image disappears
[INFO ] 2018-03-06 19:21:41.966 [main] DBUtil - QUERY TRIGGERED IS DECLARE @AccountID INT = 6925217 ;WITH PCAchievedOrders AS ( SELECT COUNT( ro.OrderID) Ocount , ro.ConsultantID FROM RFOperations.Hybris.orders (NOLOCK) ro JOIN RFOperations.RFO_Accounts.AccountBase ab ON ab.AccountID = ro.AccountID WHERE ro.ConsultantID = @AccountID AND ro.OrderStatusID IN ( 2, 4, 5 ) AND ab.AccountTypeID = 2 AND ro.CompletionDate BETWEEN CAST(DATEADD(DAY, 1, DATEADD(MONTH, -1, EOMONTH(GETDATE()))) AS DATE) AND GETDATE() AND ro.AutoShipID IS NOT NULL GROUP BY ro.ConsultantID ), PenddingPCTemplate AS ( SELECT COUNT( a.AutoshipID) PCount , a.ConsultantID FROM RFOperations.Hybris.Autoship (NOLOCK) a JOIN RFOperations.RFO_Accounts.AccountBase (NOLOCK) ab ON ab.AccountID = a.AccountID JOIN RFOperations.RFO_Accounts.AccountContacts ac ON ac.AccountId = ab.AccountID WHERE a.ConsultantID = @AccountID AND a.AutoshipTypeID = 1 AND ab.AccountTypeID = 2 AND a.Active = 1 AND CAST(a.NextRunDate AS DATE) BETWEEN CAST(DATEADD(DAY, 1, DATEADD(MONTH, -1, EOMONTH(GETDATE()))) AS DATE) AND EOMONTH(GETDATE()) GROUP BY a.ConsultantID ) SELECT ab.AccountID , ISNULL(p.PCount, 0) + ISNULL(o.Ocount, 0) AS [Totol PC Order Counts] FROM RFOperations.RFO_Accounts.AccountBase ab LEFT JOIN PCAchievedOrders o ON o.ConsultantID = ab.AccountID LEFT JOIN PenddingPCTemplate p ON p.ConsultantID = ab.AccountID WHERE ab.AccountID = @AccountID

[INFO ] 2018-03-06 19:21:42.803 [main] RFLSDWebsiteBaseTest - Data returned by query: 3
[INFO ] 2018-03-06 19:21:42.804 [main] RFWebsiteDriver - wait started for By.xpath: //div[@id='rf-nav-wrapper']/descendant::span[text()='Pulse'][1]
[INFO ] 2018-03-06 19:21:42.804 [main] RFWebsiteDriver - waiting for locator By.xpath: //div[@id='rf-nav-wrapper']/descendant::span[text()='Pulse'][1]
[INFO ] 2018-03-06 19:21:42.813 [main] RFWebsiteDriver - Element found
[INFO ] 2018-03-06 19:21:42.813 [main] RFWebsiteDriver -  ready to be clicked
[INFO ] 2018-03-06 19:21:42.855 [main] RFWebsiteDriver - CLICKED on 
[INFO ] 2018-03-06 19:21:42.856 [main] LSDHomePage - Clicked on Pulse Submenu from Top Navigation
[INFO ] 2018-03-06 19:21:42.888 [main] RFWebsiteDriver - wait started for By.xpath: //a[contains(text(),'Customers')]
[INFO ] 2018-03-06 19:21:42.888 [main] RFWebsiteDriver - waiting for locator By.xpath: //a[contains(text(),'Customers')]
[INFO ] 2018-03-06 19:21:42.897 [main] RFWebsiteDriver - Element found
[INFO ] 2018-03-06 19:21:42.898 [main] RFWebsiteDriver -  ready to be clicked
[INFO ] 2018-03-06 19:21:42.935 [main] RFWebsiteDriver - CLICKED on 
[INFO ] 2018-03-06 19:21:42.935 [main] LSDHomePage - SubMenu Link : Customers clicked
[INFO ] 2018-03-06 19:21:42.950 [main] RFWebsiteDriver - Waiting for spin image to get disappear0
[INFO ] 2018-03-06 19:21:42.961 [main] RFWebsiteDriver - spin image disappears
[INFO ] 2018-03-06 19:21:47.019 [main] RFWebsiteDriver - Waiting for spin image to get disappear0
[INFO ] 2018-03-06 19:21:47.041 [main] RFWebsiteDriver - spin image disappears
[INFO ] 2018-03-06 19:21:47.042 [main] RFWebsiteDriver - waiting for locator By.xpath: //div[contains(@class,'white-fb')]/descendant::a[1]/descendant::span[2]
[INFO ] 2018-03-06 19:21:47.073 [main] RFWebsiteDriver - Element found
[INFO ] 2018-03-06 19:21:47.116 [main] RFWebsiteDriver - TEXT fetched for count of pc autoship orders for this month is=3
[INFO ] 2018-03-06 19:21:54.121 [main] RFWebsiteDriver - wait started for By.xpath: //div[contains(@class,'white-fb')]/descendant::a[1]/descendant::span[1]
[INFO ] 2018-03-06 19:21:54.121 [main] RFWebsiteDriver - waiting for locator By.xpath: //div[contains(@class,'white-fb')]/descendant::a[1]/descendant::span[1]
[INFO ] 2018-03-06 19:21:54.151 [main] RFWebsiteDriver - Element found
[INFO ] 2018-03-06 19:21:54.151 [main] RFWebsiteDriver - have orders for this month ready to be clicked
[INFO ] 2018-03-06 19:21:54.231 [main] RFWebsiteDriver - CLICKED on have orders for this month
[INFO ] 2018-03-06 19:21:54.350 [main] RFWebsiteDriver - CLICKED on 
[INFO ] 2018-03-06 19:21:54.350 [main] RFWebsiteDriver - wait started for By.xpath: //h1[contains(text(),'have orders this month')]/preceding::span[1]
[INFO ] 2018-03-06 19:21:54.351 [main] RFWebsiteDriver - waiting for locator By.xpath: //h1[contains(text(),'have orders this month')]/preceding::span[1]
[INFO ] 2018-03-06 19:21:54.889 [main] RFWebsiteDriver - Element found
[INFO ] 2018-03-06 19:21:54.889 [main] RFWebsiteDriver - waiting for locator By.xpath: //h1[contains(text(),'have orders this month')]/preceding::span[1]
[INFO ] 2018-03-06 19:21:54.902 [main] RFWebsiteDriver - Element found
[INFO ] 2018-03-06 19:21:54.948 [main] RFWebsiteDriver - TEXT fetched for count of pc autoship orders for this month at header is=3
[INFO ] 2018-03-06 19:21:54.949 [main] TestListner - [TEST IS SUCCESSFUL -------- Test case testTotalNumberOfPCsThisMonth_3013q has passed]
[INFO ] 2018-03-06 19:21:54.975 [main] RFWebsiteDriver - URL opened is https://skywalker.rodanandfields.com
[INFO ] 2018-03-06 19:21:55.726 [main] RFWebsiteDriver - Waiting for LSD loading image to get disappear
[INFO ] 2018-03-06 19:21:55.877 [main] RFWebsiteDriver - LSD Animation image disappears
[INFO ] 2018-03-06 19:21:55.878 [main] RFWebsiteDriver - Waiting for LSD loading image to get disappear
[INFO ] 2018-03-06 19:21:56.993 [main] RFWebsiteDriver - waiting..
[INFO ] 2018-03-06 19:21:58.034 [main] RFWebsiteDriver - waiting..
[INFO ] 2018-03-06 19:21:58.153 [main] RFWebsiteDriver - LSD loading image disappears
[INFO ] 2018-03-06 19:21:58.153 [main] RFWebsiteDriver - waiting for locator By.xpath: //div[@id='rf-nav-wrapper']/descendant::span[text()='Pulse'][1]
[INFO ] 2018-03-06 19:21:58.257 [main] RFWebsiteDriver - Element found
[INFO ] 2018-03-06 19:21:58.257 [main] RFWebsiteDriver - wait started for By.xpath: //div[@id='rf-nav-wrapper']/descendant::span[text()='Pulse'][1]
[INFO ] 2018-03-06 19:21:58.257 [main] RFWebsiteDriver - waiting for locator By.xpath: //div[@id='rf-nav-wrapper']/descendant::span[text()='Pulse'][1]
[INFO ] 2018-03-06 19:21:58.274 [main] RFWebsiteDriver - Element found
[INFO ] 2018-03-06 19:21:58.274 [main] RFWebsiteDriver - Pulse in top navigation ready to be clicked
[INFO ] 2018-03-06 19:21:58.375 [main] RFWebsiteDriver - CLICKED on Pulse in top navigation
[INFO ] 2018-03-06 19:21:58.375 [main] LSDRFWebsiteBasePage - Pulse in top navigation clicked
[INFO ] 2018-03-06 19:21:58.376 [main] LSDRFWebsiteBasePage - Logging out from pulse application
[INFO ] 2018-03-06 19:21:58.464 [main] RFWebsiteDriver - CLICKED on 
[INFO ] 2018-03-06 19:21:58.465 [main] RFWebsiteDriver - Waiting for LSD loading image to get disappear
[INFO ] 2018-03-06 19:21:58.486 [main] RFWebsiteDriver - LSD loading image disappears
