[DEBUG] 2018-03-05 13:38:51.195 [main] RFBaseTest - Started execution with  null
[INFO ] 2018-03-05 13:38:51.200 [main] RFBaseTest - Environment properties are not provided by the user ... loading the default properties
[INFO ] 2018-03-05 13:38:51.200 [main] RFBaseTest - Default Browser is  ------ chrome
[INFO ] 2018-03-05 13:38:51.200 [main] RFBaseTest - Default URL is  ------ https://skywalker.rodanandfields.com
[INFO ] 2018-03-05 13:38:51.200 [main] RFBaseTest - Default user password is  ------ 111Maiden$
[INFO ] 2018-03-05 13:38:51.200 [main] RFBaseTest - Default Country is  ------ us
[INFO ] 2018-03-05 13:38:51.200 [main] RFBaseTest - Default DB IP is  ------ 10.3.0.218
[INFO ] 2018-03-05 13:38:51.200 [main] RFBaseTest - Default DB Username is  ------ perftest
[INFO ] 2018-03-05 13:38:51.200 [main] RFBaseTest - Default DB Password is  ------ perftest
[INFO ] 2018-03-05 13:38:51.201 [main] RFBaseTest - Default DB Domain is  ------ RF
[INFO ] 2018-03-05 13:38:55.507 [main] RFWebsiteDriver - Window is maximized
[INFO ] 2018-03-05 13:38:55.508 [main] RFWebsiteDriver - All cookies deleted
[INFO ] 2018-03-05 13:38:55.508 [main] RFWebsiteDriver - URL opened is https://skywalker.rodanandfields.com
[INFO ] 2018-03-05 13:38:56.983 [main] RFLSDWebsiteBaseTest - Application loaded
[INFO ] 2018-03-05 13:38:57.000 [main] RFWebsiteDriver - DB connections are set
[INFO ] 2018-03-05 13:38:57.065 [main] DBUtil - QUERY TRIGGERED IS SELECT top 1 * FROM Commissions.[calcs].[vwQualificationSummary] where SV!=0 and PSQV!=0 and L1L2!=0 and L1L6!=0 and ECLegs > 0 and periodid= LEFT(CONVERT(varchar, GetDate(),112),6)  order by NewID() desc

[INFO ] 2018-03-05 13:38:57.598 [main] RFLSDWebsiteBaseTest - Data returned by query: 6925217
[INFO ] 2018-03-05 13:38:57.599 [main] DBUtil - QUERY TRIGGERED IS SELECT  ab.AccountID ,ac.FirstName ,ac.LastName ,acs.Username FROM  RFOperations.RFO_Accounts.AccountBase ab JOIN RFOperations.RFO_Accounts.AccountRF rf ON rf.AccountID = ab.AccountID JOIN RFOperations.RFO_Accounts.AccountContacts ac ON ac.AccountId = ab.AccountID LEFT JOIN RFOperations.Security.AccountSecurity acs ON acs.AccountID = ab.AccountID LEFT JOIN RFOperations.RFO_Reference.AccountType t ON t.AccountTypeID = ab.AccountTypeID LEFT JOIN RFOperations.RFO_Reference.AccountStatus s ON s.AccountStatusID = ab.AccountStatusID LEFT JOIN RFOperations.RFO_Reference.Countries c ON c.CountryID = ab.CountryID WHERE   ab.AccountID = 6925217

[INFO ] 2018-03-05 13:38:57.693 [main] RFLSDWebsiteBaseTest - Data returned by query: sybilasner@gmail.com
[INFO ] 2018-03-05 13:38:57.693 [main] DBUtil - QUERY TRIGGERED IS select EmailAddress from RFO_Accounts.AccountContacts acTB INNER JOIN RFO_Accounts.AccountEmails aeTB  on acTB.AccountContactId=aeTB.AccountContactId INNER JOIN RFO_Accounts.EmailAddresses aEMTB on aeTB.EmailAddressID=aEMTB.EmailAddressID WHERE acTB.AccountID='6925217' and aEMTB.EmailAddressTypeID=1 

[INFO ] 2018-03-05 13:38:57.782 [main] RFLSDWebsiteBaseTest - Data returned by query: sybilasner@gmail.com
[INFO ] 2018-03-05 13:38:57.783 [main] RFWebsiteDriver - Waiting for LSD loading image to get disappear
[INFO ] 2018-03-05 13:38:58.811 [main] RFWebsiteDriver - waiting..
[INFO ] 2018-03-05 13:38:59.822 [main] RFWebsiteDriver - waiting..
[INFO ] 2018-03-05 13:39:00.847 [main] RFWebsiteDriver - waiting..
[INFO ] 2018-03-05 13:39:01.858 [main] RFWebsiteDriver - waiting..
[INFO ] 2018-03-05 13:39:02.880 [main] RFWebsiteDriver - waiting..
[INFO ] 2018-03-05 13:39:03.891 [main] RFWebsiteDriver - waiting..
[INFO ] 2018-03-05 13:39:04.918 [main] RFWebsiteDriver - waiting..
[INFO ] 2018-03-05 13:39:05.928 [main] RFWebsiteDriver - waiting..
[INFO ] 2018-03-05 13:39:06.945 [main] RFWebsiteDriver - waiting..
[INFO ] 2018-03-05 13:39:07.956 [main] RFWebsiteDriver - waiting..
[INFO ] 2018-03-05 13:39:08.973 [main] RFWebsiteDriver - waiting..
[INFO ] 2018-03-05 13:39:09.985 [main] RFWebsiteDriver - waiting..
[INFO ] 2018-03-05 13:39:11.044 [main] RFWebsiteDriver - waiting..
[INFO ] 2018-03-05 13:39:12.073 [main] RFWebsiteDriver - waiting..
[INFO ] 2018-03-05 13:39:13.105 [main] RFWebsiteDriver - waiting..
[INFO ] 2018-03-05 13:39:14.130 [main] RFWebsiteDriver - waiting..
[INFO ] 2018-03-05 13:39:15.158 [main] RFWebsiteDriver - waiting..
[INFO ] 2018-03-05 13:39:16.177 [main] RFWebsiteDriver - waiting..
[INFO ] 2018-03-05 13:39:17.940 [main] RFWebsiteDriver - waiting..
[INFO ] 2018-03-05 13:39:18.984 [main] RFWebsiteDriver - waiting..
[INFO ] 2018-03-05 13:39:59.336 [main] RFWebsiteDriver - waiting for locator By.id: username
[INFO ] 2018-03-05 13:40:19.481 [main] RFWebsiteDriver - Taking Screenshot
[INFO ] 2018-03-05 13:40:19.943 [main] RFWebsiteDriver - wait started for By.id: username
[INFO ] 2018-03-05 13:40:19.943 [main] RFWebsiteDriver - waiting for locator By.id: username
[INFO ] 2018-03-05 13:41:00.607 [main] TestListner - 
******************************************************************************************************************************
					TEST CASE NAME:                  testSortingByQVLowTohigh_3011q
******************************************************************************************************************************
[INFO ] 2018-03-05 13:41:00.673 [main] TestListner - [TEST IS SKIPPED -------- Test case testSortingByQVLowTohigh_3011q skipped]
