[INFO ] 2018-03-02 17:42:52.164 [main] RFBaseTest - Environment properties are not provided by the user ... loading the default properties
[INFO ] 2018-03-02 17:42:52.164 [main] RFBaseTest - Default Browser is  ------ chrome
[INFO ] 2018-03-02 17:42:52.164 [main] RFBaseTest - Default URL is  ------ https://skywalker.rodanandfields.com
[INFO ] 2018-03-02 17:42:52.164 [main] RFBaseTest - Default user password is  ------ 111Maiden$
[INFO ] 2018-03-02 17:42:52.165 [main] RFBaseTest - Default Country is  ------ us
[INFO ] 2018-03-02 17:42:52.165 [main] RFBaseTest - Default DB IP is  ------ 10.3.0.218
[INFO ] 2018-03-02 17:42:52.165 [main] RFBaseTest - Default DB Username is  ------ perftest
[INFO ] 2018-03-02 17:42:52.165 [main] RFBaseTest - Default DB Password is  ------ perftest
[INFO ] 2018-03-02 17:42:52.165 [main] RFBaseTest - Default DB Domain is  ------ RF
[INFO ] 2018-03-02 17:42:56.514 [main] RFWebsiteDriver - Window is maximized
[INFO ] 2018-03-02 17:42:56.515 [main] RFWebsiteDriver - All cookies deleted
[INFO ] 2018-03-02 17:42:56.515 [main] RFWebsiteDriver - URL opened is https://skywalker.rodanandfields.com
[INFO ] 2018-03-02 17:42:59.100 [main] RFLSDWebsiteBaseTest - Application loaded
[INFO ] 2018-03-02 17:42:59.115 [main] RFWebsiteDriver - DB connections are set
[INFO ] 2018-03-02 17:42:59.180 [main] DBUtil - QUERY TRIGGERED IS SELECT top 1 * FROM Commissions.[calcs].[vwQualificationSummary] where SV!=0 and PSQV!=0 and L1L2!=0 and L1L6!=0 and ECLegs > 0 and periodid= LEFT(CONVERT(varchar, GetDate(),112),6)  order by NewID() desc

[INFO ] 2018-03-02 17:42:59.630 [main] RFLSDWebsiteBaseTest - Data returned by query: 1496
[INFO ] 2018-03-02 17:42:59.631 [main] DBUtil - QUERY TRIGGERED IS SELECT  ab.AccountID ,ac.FirstName ,ac.LastName ,acs.Username FROM  RFOperations.RFO_Accounts.AccountBase ab JOIN RFOperations.RFO_Accounts.AccountRF rf ON rf.AccountID = ab.AccountID JOIN RFOperations.RFO_Accounts.AccountContacts ac ON ac.AccountId = ab.AccountID LEFT JOIN RFOperations.Security.AccountSecurity acs ON acs.AccountID = ab.AccountID LEFT JOIN RFOperations.RFO_Reference.AccountType t ON t.AccountTypeID = ab.AccountTypeID LEFT JOIN RFOperations.RFO_Reference.AccountStatus s ON s.AccountStatusID = ab.AccountStatusID LEFT JOIN RFOperations.RFO_Reference.Countries c ON c.CountryID = ab.CountryID WHERE   ab.AccountID = 1496

[INFO ] 2018-03-02 17:42:59.718 [main] RFLSDWebsiteBaseTest - Data returned by query: skincareconsultants@gmail.com
[INFO ] 2018-03-02 17:42:59.719 [main] DBUtil - QUERY TRIGGERED IS select EmailAddress from RFO_Accounts.AccountContacts acTB INNER JOIN RFO_Accounts.AccountEmails aeTB  on acTB.AccountContactId=aeTB.AccountContactId INNER JOIN RFO_Accounts.EmailAddresses aEMTB on aeTB.EmailAddressID=aEMTB.EmailAddressID WHERE acTB.AccountID='1496' and aEMTB.EmailAddressTypeID=1 

[INFO ] 2018-03-02 17:42:59.827 [main] RFLSDWebsiteBaseTest - Data returned by query: skincareconsultants@gmail.com
[INFO ] 2018-03-02 17:42:59.828 [main] RFWebsiteDriver - Waiting for LSD loading image to get disappear
[INFO ] 2018-03-02 17:43:00.883 [main] RFWebsiteDriver - waiting..
[INFO ] 2018-03-02 17:43:00.899 [main] RFWebsiteDriver - LSD loading image disappears
[INFO ] 2018-03-02 17:43:00.962 [main] RFWebsiteDriver - waiting for locator By.id: username
[INFO ] 2018-03-02 17:43:00.972 [main] RFWebsiteDriver - Element found
[INFO ] 2018-03-02 17:43:00.972 [main] RFWebsiteDriver - Taking Screenshot
[INFO ] 2018-03-02 17:43:01.548 [main] RFWebsiteDriver - wait started for By.id: username
[INFO ] 2018-03-02 17:43:01.548 [main] RFWebsiteDriver - waiting for locator By.id: username
[INFO ] 2018-03-02 17:43:01.559 [main] RFWebsiteDriver - Element found
[INFO ] 2018-03-02 17:43:01.751 [main] RFWebsiteDriver - TYPED text as = skincareconsultants@gmail.com in  text field
[INFO ] 2018-03-02 17:43:01.751 [main] LSDLoginPage - username is skincareconsultants@gmail.com
[INFO ] 2018-03-02 17:43:01.751 [main] RFWebsiteDriver - wait started for By.id: password
[INFO ] 2018-03-02 17:43:01.752 [main] RFWebsiteDriver - waiting for locator By.id: password
[INFO ] 2018-03-02 17:43:01.770 [main] RFWebsiteDriver - Element found
[INFO ] 2018-03-02 17:43:01.892 [main] RFWebsiteDriver - TYPED text as = 111Maiden$ in  text field
[INFO ] 2018-03-02 17:43:01.892 [main] LSDLoginPage - password is 111Maiden$
[INFO ] 2018-03-02 17:43:01.892 [main] RFWebsiteDriver - wait started for By.id: button-login
[INFO ] 2018-03-02 17:43:01.893 [main] RFWebsiteDriver - waiting for locator By.id: button-login
[INFO ] 2018-03-02 17:43:01.910 [main] RFWebsiteDriver - Element found
[INFO ] 2018-03-02 17:43:01.911 [main] RFWebsiteDriver -  ready to be clicked
[INFO ] 2018-03-02 17:43:01.994 [main] RFWebsiteDriver - CLICKED on 
[INFO ] 2018-03-02 17:43:21.164 [main] RFWebsiteDriver - URL opened is https://skywalker.rodanandfields.com
[INFO ] 2018-03-02 17:43:21.716 [main] RFWebsiteDriver - Waiting for LSD loading image to get disappear
[INFO ] 2018-03-02 17:43:21.810 [main] RFWebsiteDriver - LSD Animation image disappears
[INFO ] 2018-03-02 17:43:21.811 [main] RFWebsiteDriver - waiting for locator By.id: button-login
[INFO ] 2018-03-02 17:43:27.336 [main] RFWebsiteDriver - waiting for locator By.xpath: //div[text()='Hello,']/following-sibling::div[contains(@class,'text-uppercase')]
[INFO ] 2018-03-02 17:43:27.347 [main] RFWebsiteDriver - Element found
[INFO ] 2018-03-02 17:43:27.361 [main] RFWebsiteDriver - waiting for locator By.xpath: //div[text()='Hello,']/following-sibling::div[contains(@class,'text-uppercase')]
[INFO ] 2018-03-02 17:43:27.373 [main] RFWebsiteDriver - Element found
[INFO ] 2018-03-02 17:43:27.408 [main] RFWebsiteDriver - TEXT fetched for First name in overview section is=SARAH
[INFO ] 2018-03-02 17:43:27.409 [main] RFLSDWebsiteBaseTest - Data returned by query: Sarah
[INFO ] 2018-03-02 17:43:27.414 [main] RFWebsiteDriver - wait started for By.xpath: //div[@id='rf-nav-wrapper']/descendant::img[2]
[INFO ] 2018-03-02 17:43:27.414 [main] RFWebsiteDriver - waiting for locator By.xpath: //div[@id='rf-nav-wrapper']/descendant::img[2]
[INFO ] 2018-03-02 17:43:27.432 [main] RFWebsiteDriver - Element found
[INFO ] 2018-03-02 17:43:27.432 [main] RFWebsiteDriver - R+F logo ready to be clicked
[INFO ] 2018-03-02 17:43:27.517 [main] RFWebsiteDriver - CLICKED on R+F logo
[INFO ] 2018-03-02 17:43:27.617 [main] TestListner - 
******************************************************************************************************************************
					TEST CASE NAME:                  testTotalNumberOfPCsThisMonth_3013q
******************************************************************************************************************************
[INFO ] 2018-03-02 17:43:27.665 [main] RFWebsiteDriver - wait started for By.xpath: //div[@id='rf-nav-wrapper']/descendant::span[text()='Pulse'][1]
[INFO ] 2018-03-02 17:43:27.666 [main] RFWebsiteDriver - waiting for locator By.xpath: //div[@id='rf-nav-wrapper']/descendant::span[text()='Pulse'][1]
[INFO ] 2018-03-02 17:43:27.685 [main] RFWebsiteDriver - Element found
[INFO ] 2018-03-02 17:43:27.685 [main] RFWebsiteDriver -  ready to be clicked
[INFO ] 2018-03-02 17:43:27.764 [main] RFWebsiteDriver - CLICKED on 
[INFO ] 2018-03-02 17:43:27.764 [main] LSDHomePage - Clicked on Pulse Submenu from Top Navigation
[INFO ] 2018-03-02 17:43:27.825 [main] RFWebsiteDriver - wait started for By.xpath: //a[contains(text(),'Customers')]
[INFO ] 2018-03-02 17:43:27.825 [main] RFWebsiteDriver - waiting for locator By.xpath: //a[contains(text(),'Customers')]
[INFO ] 2018-03-02 17:43:27.846 [main] RFWebsiteDriver - Element found
[INFO ] 2018-03-02 17:43:27.846 [main] RFWebsiteDriver -  ready to be clicked
[INFO ] 2018-03-02 17:43:27.989 [main] RFWebsiteDriver - CLICKED on 
[INFO ] 2018-03-02 17:43:27.990 [main] LSDHomePage - SubMenu Link : Customers clicked
[INFO ] 2018-03-02 17:43:28.022 [main] RFWebsiteDriver - Waiting for spin image to get disappear0
[INFO ] 2018-03-02 17:43:28.031 [main] RFWebsiteDriver - spin image disappears
[INFO ] 2018-03-02 17:43:32.034 [main] DBUtil - QUERY TRIGGERED IS DECLARE @AccountID INT = 1496 ;WITH PCAchievedOrders AS ( SELECT COUNT( ro.OrderID) Ocount , ro.ConsultantID FROM RFOperations.Hybris.orders (NOLOCK) ro JOIN RFOperations.RFO_Accounts.AccountBase ab ON ab.AccountID = ro.AccountID WHERE ro.ConsultantID = @AccountID AND ro.OrderStatusID IN ( 2, 4, 5 ) AND ab.AccountTypeID = 2 AND ro.CompletionDate BETWEEN CAST(DATEADD(DAY, 1, DATEADD(MONTH, -1, EOMONTH(GETDATE()))) AS DATE) AND GETDATE() AND ro.AutoShipID IS NOT NULL GROUP BY ro.ConsultantID ), PenddingPCTemplate AS ( SELECT COUNT( a.AutoshipID) PCount , a.ConsultantID FROM RFOperations.Hybris.Autoship (NOLOCK) a JOIN RFOperations.RFO_Accounts.AccountBase (NOLOCK) ab ON ab.AccountID = a.AccountID JOIN RFOperations.RFO_Accounts.AccountContacts ac ON ac.AccountId = ab.AccountID WHERE a.ConsultantID = @AccountID AND a.AutoshipTypeID = 1 AND ab.AccountTypeID = 2 AND a.Active = 1 AND CAST(a.NextRunDate AS DATE) BETWEEN CAST(DATEADD(DAY, 1, DATEADD(MONTH, -1, EOMONTH(GETDATE()))) AS DATE) AND EOMONTH(GETDATE()) GROUP BY a.ConsultantID ) SELECT ab.AccountID , ISNULL(p.PCount, 0) + ISNULL(o.Ocount, 0) AS [Totol PC Order Counts] FROM RFOperations.RFO_Accounts.AccountBase ab LEFT JOIN PCAchievedOrders o ON o.ConsultantID = ab.AccountID LEFT JOIN PenddingPCTemplate p ON p.ConsultantID = ab.AccountID WHERE ab.AccountID = @AccountID

[INFO ] 2018-03-02 17:43:32.124 [main] RFLSDWebsiteBaseTest - Data returned by query: 5
[INFO ] 2018-03-02 17:43:32.124 [main] RFWebsiteDriver - wait started for By.xpath: //div[@id='rf-nav-wrapper']/descendant::span[text()='Pulse'][1]
[INFO ] 2018-03-02 17:43:32.125 [main] RFWebsiteDriver - waiting for locator By.xpath: //div[@id='rf-nav-wrapper']/descendant::span[text()='Pulse'][1]
[INFO ] 2018-03-02 17:43:32.155 [main] RFWebsiteDriver - Element found
[INFO ] 2018-03-02 17:43:32.155 [main] RFWebsiteDriver -  ready to be clicked
[INFO ] 2018-03-02 17:43:32.194 [main] RFWebsiteDriver - CLICKED on 
[INFO ] 2018-03-02 17:43:32.194 [main] LSDHomePage - Clicked on Pulse Submenu from Top Navigation
[INFO ] 2018-03-02 17:43:32.230 [main] RFWebsiteDriver - wait started for By.xpath: //a[contains(text(),'Customers')]
[INFO ] 2018-03-02 17:43:32.230 [main] RFWebsiteDriver - waiting for locator By.xpath: //a[contains(text(),'Customers')]
[INFO ] 2018-03-02 17:43:32.241 [main] RFWebsiteDriver - Element found
[INFO ] 2018-03-02 17:43:32.241 [main] RFWebsiteDriver -  ready to be clicked
[INFO ] 2018-03-02 17:43:32.279 [main] RFWebsiteDriver - CLICKED on 
[INFO ] 2018-03-02 17:43:32.280 [main] LSDHomePage - SubMenu Link : Customers clicked
[INFO ] 2018-03-02 17:43:32.293 [main] RFWebsiteDriver - Waiting for spin image to get disappear0
[INFO ] 2018-03-02 17:43:32.303 [main] RFWebsiteDriver - spin image disappears
[INFO ] 2018-03-02 17:43:36.353 [main] RFWebsiteDriver - Waiting for spin image to get disappear0
[INFO ] 2018-03-02 17:43:36.362 [main] RFWebsiteDriver - spin image disappears
[INFO ] 2018-03-02 17:43:36.363 [main] RFWebsiteDriver - waiting for locator By.xpath: //div[contains(@class,'white-fb')]/descendant::a[1]/descendant::span[2]
[INFO ] 2018-03-02 17:43:36.379 [main] RFWebsiteDriver - Element found
[INFO ] 2018-03-02 17:43:36.415 [main] RFWebsiteDriver - TEXT fetched for count of pc autoship orders for this month is=5
[INFO ] 2018-03-02 17:43:43.417 [main] RFWebsiteDriver - wait started for By.xpath: //div[contains(@class,'white-fb')]/descendant::a[1]/descendant::span[1]
[INFO ] 2018-03-02 17:43:43.417 [main] RFWebsiteDriver - waiting for locator By.xpath: //div[contains(@class,'white-fb')]/descendant::a[1]/descendant::span[1]
[INFO ] 2018-03-02 17:43:43.434 [main] RFWebsiteDriver - Element found
[INFO ] 2018-03-02 17:43:43.435 [main] RFWebsiteDriver - have orders for this month ready to be clicked
[INFO ] 2018-03-02 17:43:43.501 [main] RFWebsiteDriver - CLICKED on have orders for this month
[INFO ] 2018-03-02 17:43:43.630 [main] RFWebsiteDriver - CLICKED on 
[INFO ] 2018-03-02 17:43:43.630 [main] RFWebsiteDriver - wait started for By.xpath: //h1[contains(text(),'have orders this month')]/preceding::span[1]
[INFO ] 2018-03-02 17:43:43.630 [main] RFWebsiteDriver - waiting for locator By.xpath: //h1[contains(text(),'have orders this month')]/preceding::span[1]
[INFO ] 2018-03-02 17:43:44.171 [main] RFWebsiteDriver - Element found
[INFO ] 2018-03-02 17:43:44.172 [main] RFWebsiteDriver - waiting for locator By.xpath: //h1[contains(text(),'have orders this month')]/preceding::span[1]
[INFO ] 2018-03-02 17:43:44.192 [main] RFWebsiteDriver - Element found
[INFO ] 2018-03-02 17:43:44.228 [main] RFWebsiteDriver - TEXT fetched for count of pc autoship orders for this month at header is=5
[INFO ] 2018-03-02 17:43:44.228 [main] TestListner - [TEST IS SUCCESSFUL -------- Test case testTotalNumberOfPCsThisMonth_3013q has passed]
[INFO ] 2018-03-02 17:43:44.242 [main] RFWebsiteDriver - URL opened is https://skywalker.rodanandfields.com
[INFO ] 2018-03-02 17:43:44.763 [main] RFWebsiteDriver - Waiting for LSD loading image to get disappear
[INFO ] 2018-03-02 17:43:44.862 [main] RFWebsiteDriver - LSD Animation image disappears
[INFO ] 2018-03-02 17:43:44.862 [main] RFWebsiteDriver - Waiting for LSD loading image to get disappear
[INFO ] 2018-03-02 17:43:45.949 [main] RFWebsiteDriver - waiting..
[INFO ] 2018-03-02 17:43:46.960 [main] RFWebsiteDriver - waiting..
[INFO ] 2018-03-02 17:43:47.970 [main] RFWebsiteDriver - waiting..
[INFO ] 2018-03-02 17:43:47.984 [main] RFWebsiteDriver - LSD loading image disappears
[INFO ] 2018-03-02 17:43:47.985 [main] RFWebsiteDriver - waiting for locator By.xpath: //div[@id='rf-nav-wrapper']/descendant::span[text()='Pulse'][1]
[INFO ] 2018-03-02 17:43:47.999 [main] RFWebsiteDriver - Element found
[INFO ] 2018-03-02 17:43:47.999 [main] RFWebsiteDriver - wait started for By.xpath: //div[@id='rf-nav-wrapper']/descendant::span[text()='Pulse'][1]
[INFO ] 2018-03-02 17:43:47.999 [main] RFWebsiteDriver - waiting for locator By.xpath: //div[@id='rf-nav-wrapper']/descendant::span[text()='Pulse'][1]
[INFO ] 2018-03-02 17:43:48.008 [main] RFWebsiteDriver - Element found
[INFO ] 2018-03-02 17:43:48.008 [main] RFWebsiteDriver - Pulse in top navigation ready to be clicked
[INFO ] 2018-03-02 17:43:48.089 [main] RFWebsiteDriver - CLICKED on Pulse in top navigation
[INFO ] 2018-03-02 17:43:48.090 [main] LSDRFWebsiteBasePage - Pulse in top navigation clicked
[INFO ] 2018-03-02 17:43:48.090 [main] LSDRFWebsiteBasePage - Logging out from pulse application
[INFO ] 2018-03-02 17:43:48.174 [main] RFWebsiteDriver - CLICKED on 
[INFO ] 2018-03-02 17:43:48.175 [main] RFWebsiteDriver - Waiting for LSD loading image to get disappear
[INFO ] 2018-03-02 17:43:48.192 [main] RFWebsiteDriver - LSD loading image disappears
