[DEBUG] 2018-03-19 14:15:20.462 [main] RFBaseTest - Started execution with  null
[INFO ] 2018-03-19 14:15:20.470 [main] RFBaseTest - Environment properties are not provided by the user ... loading the default properties
[INFO ] 2018-03-19 14:15:20.470 [main] RFBaseTest - Default Browser is  ------ chrome
[INFO ] 2018-03-19 14:15:20.470 [main] RFBaseTest - Default URL is  ------ https://skywalker.rodanandfields.com
[INFO ] 2018-03-19 14:15:20.470 [main] RFBaseTest - Default user password is  ------ 111Maiden$
[INFO ] 2018-03-19 14:15:20.471 [main] RFBaseTest - Default Country is  ------ us
[INFO ] 2018-03-19 14:15:20.471 [main] RFBaseTest - Default DB IP is  ------ 10.3.0.218
[INFO ] 2018-03-19 14:15:20.471 [main] RFBaseTest - Default DB Username is  ------ perftest
[INFO ] 2018-03-19 14:15:20.471 [main] RFBaseTest - Default DB Password is  ------ perftest
[INFO ] 2018-03-19 14:15:20.471 [main] RFBaseTest - Default DB Domain is  ------ RF
[INFO ] 2018-03-19 14:15:25.625 [main] RFWebsiteDriver - Window is maximized
[INFO ] 2018-03-19 14:15:25.626 [main] RFWebsiteDriver - All cookies deleted
[INFO ] 2018-03-19 14:15:25.629 [main] RFWebsiteDriver - URL opened is https://skywalker.rodanandfields.com
[INFO ] 2018-03-19 14:15:27.250 [main] RFLSDWebsiteBaseTest - Application loaded
[INFO ] 2018-03-19 14:15:27.260 [main] RFWebsiteDriver - DB connections are set
[INFO ] 2018-03-19 14:15:27.326 [main] DBUtil - QUERY TRIGGERED IS DECLARE @CurrentOpenPeriod INT = ( SELECT TOP 1
                                            PeriodID
                                   FROM     Commissions.reference.Periods
                                   WHERE    ClosedDate IS NULL
                                   ORDER BY PeriodID ASC
                                 ) ,
    @AccountID INT ,
    @UserName NVARCHAR(225) ,
    @Country NVARCHAR(225)

SELECT TOP 1
        @AccountID = ab.AccountID ,
        @UserName = ac.Username ,
        @Country = co.Alpha2Code
FROM    RFOperations.RFO_Accounts.AccountBase (NOLOCK) ab
        JOIN RFOperations.RFO_Accounts.AccountRF (NOLOCK) rf ON rf.AccountID = ab.AccountID
        JOIN RFOperations.Security.AccountSecurity (NOLOCK) ac ON ac.AccountID = ab.AccountID
        JOIN RFOperations.RFO_Reference.Countries (NOLOCK) co ON co.CountryID = ab.CountryID
WHERE   ab.AccountTypeID = 1
        AND ab.AccountStatusID = 1
        AND co.Alpha2Code = 'US'
        AND rf.Active = 1
        AND EXISTS ( SELECT 1
                     FROM   RFOperations.Hybris.Autoship (NOLOCK) a
                     WHERE  a.AccountID = ab.AccountID
                            AND a.AutoshipTypeID = 3
                            AND a.Active = 1 )
        AND EXISTS ( SELECT 1
                     FROM   Commissions.calcs.vwQualificationSummary v
                     WHERE  ab.AccountID = v.AccountID
                            AND v.PeriodID = @CurrentOpenPeriod
                            AND v.SV >= 100
                            AND v.PSQV >= 600 )
ORDER BY NEWID()

SELECT  ISNULL(@AccountID, 1496) AccountID ,
        ISNULL(@UserName, 'skincareconsultants@gmail.com') UserName ,
        ISNULL(@Country, 'US') Country ,
        @CurrentOpenPeriod CurrentOpenPeriod

[INFO ] 2018-03-19 14:15:31.015 [main] RFLSDWebsiteBaseTest - randomConsultantDetailsList:[{AccountID=4034589, UserName=christinewolfrom@gmail.net, Country=US, CurrentOpenPeriod=201710}]
[INFO ] 2018-03-19 14:15:31.016 [main] RFLSDWebsiteBaseTest - Data returned by query: 4034589
[INFO ] 2018-03-19 14:15:31.016 [main] RFLSDWebsiteBaseTest - Data returned by query: christinewolfrom@gmail.net
[INFO ] 2018-03-19 14:15:31.016 [main] RFLSDWebsiteBaseTest - userName:[{AccountID=4034589, UserName=christinewolfrom@gmail.net, Country=US, CurrentOpenPeriod=201710}]
[INFO ] 2018-03-19 14:15:31.016 [main] RFWebsiteDriver - Waiting for LSD loading image to get disappear
[INFO ] 2018-03-19 14:15:31.038 [main] RFWebsiteDriver - LSD loading image disappears
[INFO ] 2018-03-19 14:15:31.091 [main] RFWebsiteDriver - waiting for locator By.id: username
[INFO ] 2018-03-19 14:15:31.102 [main] RFWebsiteDriver - Element found
[INFO ] 2018-03-19 14:15:31.102 [main] RFWebsiteDriver - Taking Screenshot
[INFO ] 2018-03-19 14:15:31.646 [main] RFWebsiteDriver - wait started for By.id: username
[INFO ] 2018-03-19 14:15:31.647 [main] RFWebsiteDriver - waiting for locator By.id: username
[INFO ] 2018-03-19 14:15:31.666 [main] RFWebsiteDriver - Element found
[INFO ] 2018-03-19 14:15:31.888 [main] RFWebsiteDriver - TYPED text as = christinewolfrom@gmail.net in  text field
[INFO ] 2018-03-19 14:15:31.888 [main] LSDLoginPage - username is christinewolfrom@gmail.net
[INFO ] 2018-03-19 14:15:31.888 [main] RFWebsiteDriver - wait started for By.id: password
[INFO ] 2018-03-19 14:15:31.889 [main] RFWebsiteDriver - waiting for locator By.id: password
[INFO ] 2018-03-19 14:15:31.914 [main] RFWebsiteDriver - Element found
[INFO ] 2018-03-19 14:15:32.040 [main] RFWebsiteDriver - TYPED text as = 111Maiden$ in  text field
[INFO ] 2018-03-19 14:15:32.040 [main] LSDLoginPage - password is 111Maiden$
[INFO ] 2018-03-19 14:15:32.040 [main] RFWebsiteDriver - wait started for By.id: button-login
[INFO ] 2018-03-19 14:15:32.040 [main] RFWebsiteDriver - waiting for locator By.id: button-login
[INFO ] 2018-03-19 14:15:32.066 [main] RFWebsiteDriver - Element found
[INFO ] 2018-03-19 14:15:32.066 [main] RFWebsiteDriver -  ready to be clicked
[INFO ] 2018-03-19 14:15:32.178 [main] RFWebsiteDriver - CLICKED on 
[INFO ] 2018-03-19 14:15:41.432 [main] RFWebsiteDriver - URL opened is https://skywalker.rodanandfields.com
[INFO ] 2018-03-19 14:15:42.018 [main] RFWebsiteDriver - Waiting for LSD loading image to get disappear
[INFO ] 2018-03-19 14:15:42.125 [main] RFWebsiteDriver - LSD Animation image disappears
[INFO ] 2018-03-19 14:15:42.126 [main] RFWebsiteDriver - waiting for locator By.id: button-login
[INFO ] 2018-03-19 14:15:47.481 [main] RFWebsiteDriver - waiting for locator By.xpath: //div[text()='Hello,']/following-sibling::div[contains(@class,'text-uppercase')]
[INFO ] 2018-03-19 14:15:47.491 [main] RFWebsiteDriver - Element found
[INFO ] 2018-03-19 14:15:47.501 [main] RFWebsiteDriver - waiting for locator By.xpath: //div[text()='Hello,']/following-sibling::div[contains(@class,'text-uppercase')]
[INFO ] 2018-03-19 14:15:47.510 [main] RFWebsiteDriver - Element found
[INFO ] 2018-03-19 14:15:47.551 [main] RFWebsiteDriver - TEXT fetched for First name in overview section is=CHRISTINE
[INFO ] 2018-03-19 14:15:47.551 [main] RFLSDWebsiteBaseTest - Data returned by query: null
[INFO ] 2018-03-19 14:15:47.561 [main] RFWebsiteDriver - wait started for By.xpath: //div[@id='rf-nav-wrapper']/descendant::img[2]
[INFO ] 2018-03-19 14:15:47.561 [main] RFWebsiteDriver - waiting for locator By.xpath: //div[@id='rf-nav-wrapper']/descendant::img[2]
[INFO ] 2018-03-19 14:15:47.577 [main] RFWebsiteDriver - Element found
[INFO ] 2018-03-19 14:15:47.577 [main] RFWebsiteDriver - R+F logo ready to be clicked
[INFO ] 2018-03-19 14:15:47.651 [main] RFWebsiteDriver - CLICKED on R+F logo
[INFO ] 2018-03-19 14:15:47.747 [main] TestListner - 
******************************************************************************************************************************
					TEST CASE NAME:                  TotalNumberOfAllPCs_3349q
******************************************************************************************************************************
[INFO ] 2018-03-19 14:15:47.788 [main] RFWebsiteDriver - wait started for By.xpath: //div[@id='rf-nav-wrapper']/descendant::span[text()='Pulse'][1]
[INFO ] 2018-03-19 14:15:47.789 [main] RFWebsiteDriver - waiting for locator By.xpath: //div[@id='rf-nav-wrapper']/descendant::span[text()='Pulse'][1]
[INFO ] 2018-03-19 14:15:47.804 [main] RFWebsiteDriver - Element found
[INFO ] 2018-03-19 14:15:47.805 [main] RFWebsiteDriver -  ready to be clicked
[INFO ] 2018-03-19 14:15:47.877 [main] RFWebsiteDriver - CLICKED on 
[INFO ] 2018-03-19 14:15:47.877 [main] LSDHomePage - Clicked on Pulse Submenu from Top Navigation
[INFO ] 2018-03-19 14:15:47.956 [main] RFWebsiteDriver - wait started for By.xpath: //a[contains(text(),'Customers')]
[INFO ] 2018-03-19 14:15:47.956 [main] RFWebsiteDriver - waiting for locator By.xpath: //a[contains(text(),'Customers')]
[INFO ] 2018-03-19 14:15:47.973 [main] RFWebsiteDriver - Element found
[INFO ] 2018-03-19 14:15:47.973 [main] RFWebsiteDriver -  ready to be clicked
[INFO ] 2018-03-19 14:15:48.056 [main] RFWebsiteDriver - CLICKED on 
[INFO ] 2018-03-19 14:15:48.056 [main] LSDHomePage - SubMenu Link : Customers clicked
[INFO ] 2018-03-19 14:15:48.084 [main] RFWebsiteDriver - Waiting for spin image to get disappear0
[INFO ] 2018-03-19 14:15:48.097 [main] RFWebsiteDriver - spin image disappears
[INFO ] 2018-03-19 14:15:52.108 [main] RFWebsiteDriver - Waiting for spin image to get disappear1
[INFO ] 2018-03-19 14:15:53.120 [main] RFWebsiteDriver - waiting..
[INFO ] 2018-03-19 14:15:54.129 [main] RFWebsiteDriver - waiting..
[INFO ] 2018-03-19 14:15:55.138 [main] RFWebsiteDriver - waiting..
[INFO ] 2018-03-19 14:15:56.147 [main] RFWebsiteDriver - waiting..
[INFO ] 2018-03-19 14:15:57.159 [main] RFWebsiteDriver - waiting..
[INFO ] 2018-03-19 14:15:58.169 [main] RFWebsiteDriver - waiting..
[INFO ] 2018-03-19 14:15:59.183 [main] RFWebsiteDriver - waiting..
[INFO ] 2018-03-19 14:15:59.199 [main] RFWebsiteDriver - spin image disappears
[INFO ] 2018-03-19 14:16:03.199 [main] RFWebsiteDriver - wait started for By.xpath: //h1[contains(text(),'Build Customer Loyalty')]/../preceding::span[1]
[INFO ] 2018-03-19 14:16:03.199 [main] RFWebsiteDriver - waiting for locator By.xpath: //h1[contains(text(),'Build Customer Loyalty')]/../preceding::span[1]
[INFO ] 2018-03-19 14:16:03.217 [main] RFWebsiteDriver - Element found
[INFO ] 2018-03-19 14:16:03.217 [main] RFWebsiteDriver - wait started for By.xpath: //h1[contains(text(),'Build Customer Loyalty')]/../preceding::span[1]
[INFO ] 2018-03-19 14:16:03.217 [main] RFWebsiteDriver - waiting for locator By.xpath: //h1[contains(text(),'Build Customer Loyalty')]/../preceding::span[1]
[INFO ] 2018-03-19 14:16:03.228 [main] RFWebsiteDriver - Element found
[INFO ] 2018-03-19 14:16:03.228 [main] RFWebsiteDriver - count of all pc customers ready to be clicked
[INFO ] 2018-03-19 14:16:03.310 [main] RFWebsiteDriver - CLICKED on count of all pc customers
[INFO ] 2018-03-19 14:16:03.311 [main] LSDCustomerPage - clicked in view PC customer link
[INFO ] 2018-03-19 14:16:03.314 [main] DBUtil - QUERY TRIGGERED IS 
        DECLARE @AccountID INT= 4034589   -- You Just need to Pass Consultant's AccountID here . 


        
		
		  DECLARE  @PeriodID INT= NULL ,
            @View_All_Customer INT ,
            @Cust_have_Order INT ,
            @Cust_Sch_OrderNext_Month INT ,
            @Cust_Further_Out INT ,
            @New_Pcs INT ,
            @Deactivated_Pcs INT

          

        SET @PeriodID = ISNULL(@PeriodID,
                               ( SELECT MAX(PERIODID)
                                 FROM   commissions.reference.PERIODS
                                 WHERE  CLOSEDDATE IS NULL
                                        AND STARTDATE <= GETDATE()
                               ))
  
  
        SELECT  @View_All_Customer = COUNT(DISTINCT ab.AccountID)
        FROM    Commissions.calcs.vwPlacementTreePermutated AS v WITH ( NOEXPAND )
                JOIN RFOperations.RFO_Accounts.AccountBase(NOLOCK)  ab ON ab.AccountID = v.AccountID
                JOIN RFOperations.RFO_Accounts.AccountRF (NOLOCK)  rf ON rf.AccountID = ab.AccountID
                JOIN RFOperations.RFO_Accounts.AccountContacts (NOLOCK)  ac ON ac.AccountId = ab.AccountID
        WHERE   1 = 1
                AND rf.Active = 1
                AND ab.AccountTypeID = 2
                AND v.[SponsorID] = @AccountID
                AND v.DirectSponsorID = @AccountID
                AND v.[PeriodID] = @PeriodID
      
				
				
				
        SELECT  @Cust_have_Order = COUNT(DISTINCT ab.AccountID)
        FROM    Commissions.calcs.vwPlacementTreePermutated AS v WITH ( NOEXPAND )
                JOIN RFOperations.RFO_Accounts.AccountBase(NOLOCK)  ab ON ab.AccountID = v.AccountID
                JOIN RFOperations.RFO_Accounts.AccountRF (NOLOCK)  rf ON rf.AccountID = ab.AccountID
                JOIN RFOperations.RFO_Accounts.AccountContacts (NOLOCK)  ac ON ac.AccountId = ab.AccountID
        WHERE   1 = 1
                AND rf.Active = 1
                AND ab.AccountTypeID = 2
                AND v.[SponsorID] = @AccountID
                AND v.DirectSponsorID = @AccountID
                AND v.[PeriodID] = @PeriodID
                AND EXISTS ( SELECT 1
                             FROM   RFOperations.Hybris.orders (NOLOCK)  ro
                             WHERE  ro.AccountID = ab.AccountID
                                    AND ro.OrderTypeID = 9
                                    AND ro.OrderStatusID IN ( 2, 4 )
                                    AND LEFT(CONVERT(NVARCHAR(25), ro.CompletionDate, 112),
                                             6) = @PeriodID )
     
				
        SELECT  @Cust_Sch_OrderNext_Month = COUNT(1)
        FROM    Commissions.calcs.vwPlacementTreePermutated AS v WITH ( NOEXPAND )
                JOIN RFOperations.RFO_Accounts.AccountBase(NOLOCK)  ab ON ab.AccountID = v.AccountID
                JOIN RFOperations.RFO_Accounts.AccountRF (NOLOCK)  rf ON rf.AccountID = ab.AccountID
                JOIN RFOperations.RFO_Accounts.AccountContacts (NOLOCK)  ac ON ac.AccountId = ab.AccountID
        WHERE   1 = 1
                AND rf.Active = 1
                AND ab.AccountTypeID = 2
                AND v.[SponsorID] = @AccountID
                AND v.DirectSponsorID = @AccountID
                AND v.[PeriodID] = @PeriodID
                AND EXISTS ( SELECT 1
                             FROM   RFOperations.Hybris.Autoship(NOLOCK)  AU
                             WHERE  AU.AccountID = ab.AccountID
                                    AND AU.AutoshipTypeID = 1
                                    AND AU.Active = 1
                                    AND LEFT(CONVERT(NVARCHAR(25), DATEADD(MONTH,
                                                              -1,
                                                              Au.NextRunDate), 112),
                                             6) = @PeriodID )			
				 


        SELECT  @Cust_Further_Out = COUNT(1)
        FROM    Commissions.calcs.vwPlacementTreePermutated AS v WITH ( NOEXPAND )
                JOIN RFOperations.RFO_Accounts.AccountBase(NOLOCK)  ab ON ab.AccountID = v.AccountID
                JOIN RFOperations.RFO_Accounts.AccountRF (NOLOCK)  rf ON rf.AccountID = ab.AccountID
                JOIN RFOperations.RFO_Accounts.AccountContacts (NOLOCK)  ac ON ac.AccountId = ab.AccountID
        WHERE   1 = 1
                AND rf.Active = 1
                AND ab.AccountTypeID = 2
                AND v.[SponsorID] = @AccountID
                AND v.DirectSponsorID = @AccountID
                AND v.[PeriodID] = @PeriodID
                AND EXISTS ( SELECT 1
                             FROM   RFOperations.Hybris.Autoship(NOLOCK)  AU
                             WHERE  AU.AccountID = ab.AccountID
                                    AND AU.AutoshipTypeID = 1
                                    AND AU.Active = 1
                                    AND LEFT(CONVERT(NVARCHAR(25), DATEADD(MONTH,
                                                              -1,
                                                              Au.NextRunDate), 112),
                                             6) > @PeriodID )			
		
		
	
        SELECT  @Deactivated_Pcs = COUNT(1)
        FROM    Commissions.calcs.vwPlacementTreePermutated AS v WITH ( NOEXPAND )
                JOIN RFOperations.RFO_Accounts.AccountBase(NOLOCK)  ab ON ab.AccountID = v.AccountID
                JOIN RFOperations.RFO_Accounts.AccountRF (NOLOCK)  rf ON rf.AccountID = ab.AccountID
                JOIN RFOperations.RFO_Accounts.AccountContacts (NOLOCK)  ac ON ac.AccountId = ab.AccountID
        WHERE   1 = 1
                AND rf.Active = 0
                AND ab.AccountTypeID = 2
                AND v.[SponsorID] = @AccountID
                AND v.DirectSponsorID = @AccountID
                AND v.[PeriodID] = @PeriodID
                AND  rf.SoftTerminationDate > DATEADD( DAY,-60,GETDATE())



        SELECT  @New_Pcs = COUNT(1)
        FROM    commissions.calcs.vwPlacementTreePermutated AS v WITH ( NOEXPAND )
                JOIN RFOperations.RFO_Accounts.AccountBase(NOLOCK)  ab ON ab.AccountID = v.AccountID
                JOIN RFOperations.RFO_Accounts.AccountRF (NOLOCK)  rf ON rf.AccountID = ab.AccountID
                JOIN RFOperations.RFO_Accounts.AccountContacts (NOLOCK)  ac ON ac.AccountId = ab.AccountID
        WHERE   1 = 1
                AND rf.Active = 1
                AND ab.AccountTypeID = 2
                AND v.[SponsorID] = @AccountID
                AND v.DirectSponsorID = @AccountID
                AND v.[PeriodID] = @PeriodID
                AND rf.EnrollmentDate > DATEADD( DAY,-60,GETDATE())
				
        SELECT  @AccountID [AccountID] ,
                @View_All_Customer [TotalPCCustomersUnderLevel1] ,
                @Cust_have_Order [CustomersHaveOrdersThisMonth] ,
                @Cust_Sch_OrderNext_Month [CustomersHaveOrdersNextMonth] ,
                @Cust_Further_Out [CustomersHaveOrdersFurtherOut] ,
                @New_Pcs [NewPcs] ,
                @Deactivated_Pcs [DeActivatedPC] ,
                @PeriodID [Period]
				


[INFO ] 2018-03-19 14:16:03.956 [main] RFLSDWebsiteBaseTest - Data returned by query: 13
[INFO ] 2018-03-19 14:16:03.968 [main] RFWebsiteDriver - Waiting for spin image to get disappear0
[INFO ] 2018-03-19 14:16:03.978 [main] RFWebsiteDriver - spin image disappears
[INFO ] 2018-03-19 14:16:07.979 [main] RFWebsiteDriver - waiting for locator By.xpath: //h1[contains(text(),'All Customers')]//preceding::span[1]
[INFO ] 2018-03-19 14:16:08.006 [main] RFWebsiteDriver - Element found
[INFO ] 2018-03-19 14:16:08.062 [main] RFWebsiteDriver - TEXT fetched for count of all PC customer for this month and next month is=1
[INFO ] 2018-03-19 14:16:08.066 [main] SoftAssert - VERIFICATION FAILED: Expected count of PC users are 13 actual on UI are 1 expected [true] but found [false]
[INFO ] 2018-03-19 14:16:08.067 [main] SoftAssert - Expected: true
[INFO ] 2018-03-19 14:16:08.067 [main] SoftAssert - Actual: false
[INFO ] 2018-03-19 14:16:08.067 [main] RFWebsiteDriver - Taking Screenshot
[INFO ] 2018-03-19 14:16:08.604 [main] SoftAssert - Snapshot Path :<a href='C:\Users\bpkotamahanti\Bindu\Automation\qa-automation\output\Screenshots\TotalNumberOfAllPCs_3349q\Expected count of PC users are 13 actual on UI are 1 expected [true] but found [false].png'>C:\Users\bpkotamahanti\Bindu\Automation\qa-automation\output\Screenshots\TotalNumberOfAllPCs_3349q\Expected count of PC users are 13 actual on UI are 1 expected [true] but found [false].png</a>

[INFO ] 2018-03-19 14:16:08.605 [main] TestListner - [TEST HAS FAILED-------- Test case TotalNumberOfAllPCs_3349q has failed] due to reason:-<br>  java.lang.AssertionError: 1.Expected count of PC users are 13 actual on UI are 1

[INFO ] 2018-03-19 14:16:08.638 [main] RFWebsiteDriver - URL opened is https://skywalker.rodanandfields.com
[INFO ] 2018-03-19 14:16:09.454 [main] RFWebsiteDriver - Waiting for LSD loading image to get disappear
[INFO ] 2018-03-19 14:16:09.667 [main] RFWebsiteDriver - LSD Animation image disappears
[INFO ] 2018-03-19 14:16:09.667 [main] RFWebsiteDriver - waiting for locator By.id: button-login
[INFO ] 2018-03-19 14:16:14.972 [main] RFWebsiteDriver - waiting for locator By.xpath: //div[text()='Hello,']/following-sibling::div[contains(@class,'text-uppercase')]
[INFO ] 2018-03-19 14:16:14.982 [main] RFWebsiteDriver - Element found
[INFO ] 2018-03-19 14:16:14.994 [main] RFWebsiteDriver - waiting for locator By.xpath: //div[text()='Hello,']/following-sibling::div[contains(@class,'text-uppercase')]
[INFO ] 2018-03-19 14:16:15.006 [main] RFWebsiteDriver - Element found
[INFO ] 2018-03-19 14:16:15.049 [main] RFWebsiteDriver - TEXT fetched for First name in overview section is=CHRISTINE
[INFO ] 2018-03-19 14:16:15.049 [main] RFLSDWebsiteBaseTest - Data returned by query: null
[INFO ] 2018-03-19 14:16:15.060 [main] RFWebsiteDriver - wait started for By.xpath: //div[@id='rf-nav-wrapper']/descendant::img[2]
[INFO ] 2018-03-19 14:16:15.060 [main] RFWebsiteDriver - waiting for locator By.xpath: //div[@id='rf-nav-wrapper']/descendant::img[2]
[INFO ] 2018-03-19 14:16:15.085 [main] RFWebsiteDriver - Element found
[INFO ] 2018-03-19 14:16:15.085 [main] RFWebsiteDriver - R+F logo ready to be clicked
[INFO ] 2018-03-19 14:16:15.173 [main] RFWebsiteDriver - CLICKED on R+F logo
[INFO ] 2018-03-19 14:16:15.181 [main] TestListner - 
******************************************************************************************************************************
					TEST CASE NAME:                  testPCCardComponents_3240q
******************************************************************************************************************************
[INFO ] 2018-03-19 14:16:15.185 [main] RFWebsiteDriver - wait started for By.xpath: //div[@id='rf-nav-wrapper']/descendant::span[text()='Pulse'][1]
[INFO ] 2018-03-19 14:16:15.186 [main] RFWebsiteDriver - waiting for locator By.xpath: //div[@id='rf-nav-wrapper']/descendant::span[text()='Pulse'][1]
[INFO ] 2018-03-19 14:16:15.214 [main] RFWebsiteDriver - Element found
[INFO ] 2018-03-19 14:16:15.214 [main] RFWebsiteDriver -  ready to be clicked
[INFO ] 2018-03-19 14:16:15.297 [main] RFWebsiteDriver - CLICKED on 
[INFO ] 2018-03-19 14:16:15.297 [main] LSDHomePage - Clicked on Pulse Submenu from Top Navigation
[INFO ] 2018-03-19 14:16:15.346 [main] RFWebsiteDriver - wait started for By.xpath: //a[contains(text(),'Customers')]
[INFO ] 2018-03-19 14:16:15.346 [main] RFWebsiteDriver - waiting for locator By.xpath: //a[contains(text(),'Customers')]
[INFO ] 2018-03-19 14:16:15.354 [main] RFWebsiteDriver - Element found
[INFO ] 2018-03-19 14:16:15.354 [main] RFWebsiteDriver -  ready to be clicked
[INFO ] 2018-03-19 14:16:15.427 [main] RFWebsiteDriver - CLICKED on 
[INFO ] 2018-03-19 14:16:15.428 [main] LSDHomePage - SubMenu Link : Customers clicked
[INFO ] 2018-03-19 14:16:15.478 [main] RFWebsiteDriver - Waiting for spin image to get disappear1
[INFO ] 2018-03-19 14:16:16.493 [main] RFWebsiteDriver - waiting..
[INFO ] 2018-03-19 14:16:16.526 [main] RFWebsiteDriver - spin image disappears
[INFO ] 2018-03-19 14:16:29.527 [main] RFWebsiteDriver - wait started for By.xpath: //div[contains(@class,'white-fb')]/descendant::a[1]/descendant::span[1]
[INFO ] 2018-03-19 14:16:29.528 [main] RFWebsiteDriver - waiting for locator By.xpath: //div[contains(@class,'white-fb')]/descendant::a[1]/descendant::span[1]
[INFO ] 2018-03-19 14:16:29.575 [main] RFWebsiteDriver - Element found
[INFO ] 2018-03-19 14:16:29.575 [main] RFWebsiteDriver - have orders for this month ready to be clicked
[INFO ] 2018-03-19 14:16:29.643 [main] RFWebsiteDriver - CLICKED on have orders for this month
[INFO ] 2018-03-19 14:16:40.095 [main] RFWebsiteDriver - wait started for By.xpath: //div[@id='sub-stage']/descendant::a[1]/descendant::span[1]
[INFO ] 2018-03-19 14:16:40.095 [main] RFWebsiteDriver - waiting for locator By.xpath: //div[@id='sub-stage']/descendant::a[1]/descendant::span[1]
[INFO ] 2018-03-19 14:17:00.408 [main] TestListner - [TEST HAS FAILED-------- Test case testPCCardComponents_3240q has failed] due to reason:-<br>  org.openqa.selenium.NoSuchElementException: no such element: Unable to locate element: {"method":"xpath","selector":"//div[@id='sub-stage']/descendant::a[1]/descendant::span[1]"}
  (Session info: chrome=64.0.3282.186)
  (Driver info: chromedriver=2.33.506120 (e3e53437346286c0bc2d2dc9aa4915ba81d9023f),platform=Windows NT 10.0.10586 x86_64) (WARNING: The server did not provide any stacktrace information)
Command duration or timeout: 0 milliseconds
For documentation on this error, please visit: http://seleniumhq.org/exceptions/no_such_element.html
Build info: version: '3.7.1', revision: '8a0099a', time: '2017-11-06T21:01:39.354Z'
System info: host: 'LD-4V2P3G2', ip: '10.6.65.21', os.name: 'Windows 10', os.arch: 'amd64', os.version: '10.0', java.version: '1.8.0_161'
Driver info: org.openqa.selenium.chrome.ChromeDriver
Capabilities {acceptSslCerts: true, applicationCacheEnabled: false, browserConnectionEnabled: false, browserName: chrome, chrome: {chromedriverVersion: 2.33.506120 (e3e53437346286..., userDataDir: C:\Users\BPKOTA~1\AppData\L...}, cssSelectorsEnabled: true, databaseEnabled: false, handlesAlerts: true, hasTouchScreen: false, javascriptEnabled: true, locationContextEnabled: true, mobileEmulationEnabled: false, nativeEvents: true, networkConnectionEnabled: false, pageLoadStrategy: normal, platform: XP, platformName: XP, rotatable: false, setWindowRect: true, takesHeapSnapshot: true, takesScreenshot: true, unexpectedAlertBehaviour: , unhandledPromptBehavior: , version: 64.0.3282.186, webStorageEnabled: true}
Session ID: f7cafc64afa0d3f679412c2f3f7b56f7
*** Element info: {Using=xpath, value=//div[@id='sub-stage']/descendant::a[1]/descendant::span[1]}
[INFO ] 2018-03-19 14:17:00.409 [main] RFWebsiteDriver - Taking Screenshot
[INFO ] 2018-03-19 14:17:00.842 [main] TestListner - Snapshot Path :<a href='C:\Users\bpkotamahanti\Bindu\Automation\qa-automation\output\Screenshots\testPCCardComponents_3240q\testPCCardComponents_3240q.png'>C:\Users\bpkotamahanti\Bindu\Automation\qa-automation\output\Screenshots\testPCCardComponents_3240q\testPCCardComponents_3240q.png</a>

[INFO ] 2018-03-19 14:17:00.856 [main] RFWebsiteDriver - URL opened is https://skywalker.rodanandfields.com
[INFO ] 2018-03-19 14:17:01.494 [main] RFWebsiteDriver - Waiting for LSD loading image to get disappear
[INFO ] 2018-03-19 14:17:01.602 [main] RFWebsiteDriver - LSD Animation image disappears
[INFO ] 2018-03-19 14:17:01.603 [main] RFWebsiteDriver - waiting for locator By.id: button-login
[INFO ] 2018-03-19 14:17:06.925 [main] RFWebsiteDriver - waiting for locator By.xpath: //div[text()='Hello,']/following-sibling::div[contains(@class,'text-uppercase')]
[INFO ] 2018-03-19 14:17:06.933 [main] RFWebsiteDriver - Element found
[INFO ] 2018-03-19 14:17:06.942 [main] RFWebsiteDriver - waiting for locator By.xpath: //div[text()='Hello,']/following-sibling::div[contains(@class,'text-uppercase')]
[INFO ] 2018-03-19 14:17:06.952 [main] RFWebsiteDriver - Element found
[INFO ] 2018-03-19 14:17:06.984 [main] RFWebsiteDriver - TEXT fetched for First name in overview section is=CHRISTINE
[INFO ] 2018-03-19 14:17:06.984 [main] RFLSDWebsiteBaseTest - Data returned by query: null
[INFO ] 2018-03-19 14:17:06.989 [main] RFWebsiteDriver - wait started for By.xpath: //div[@id='rf-nav-wrapper']/descendant::img[2]
[INFO ] 2018-03-19 14:17:06.989 [main] RFWebsiteDriver - waiting for locator By.xpath: //div[@id='rf-nav-wrapper']/descendant::img[2]
[INFO ] 2018-03-19 14:17:07.005 [main] RFWebsiteDriver - Element found
[INFO ] 2018-03-19 14:17:07.006 [main] RFWebsiteDriver - R+F logo ready to be clicked
[INFO ] 2018-03-19 14:17:07.083 [main] RFWebsiteDriver - CLICKED on R+F logo
[INFO ] 2018-03-19 14:17:07.085 [main] TestListner - 
******************************************************************************************************************************
					TEST CASE NAME:                  testSortingByQVLowToHigh_3011q
******************************************************************************************************************************
[INFO ] 2018-03-19 14:17:07.088 [main] RFWebsiteDriver - wait started for By.xpath: //div[@id='rf-nav-wrapper']/descendant::span[text()='Pulse'][1]
[INFO ] 2018-03-19 14:17:07.088 [main] RFWebsiteDriver - waiting for locator By.xpath: //div[@id='rf-nav-wrapper']/descendant::span[text()='Pulse'][1]
[INFO ] 2018-03-19 14:17:07.111 [main] RFWebsiteDriver - Element found
[INFO ] 2018-03-19 14:17:07.111 [main] RFWebsiteDriver -  ready to be clicked
[INFO ] 2018-03-19 14:17:07.206 [main] RFWebsiteDriver - CLICKED on 
[INFO ] 2018-03-19 14:17:07.207 [main] LSDHomePage - Clicked on Pulse Submenu from Top Navigation
[INFO ] 2018-03-19 14:17:07.262 [main] RFWebsiteDriver - wait started for By.xpath: //a[contains(text(),'Customers')]
[INFO ] 2018-03-19 14:17:07.262 [main] RFWebsiteDriver - waiting for locator By.xpath: //a[contains(text(),'Customers')]
[INFO ] 2018-03-19 14:17:07.270 [main] RFWebsiteDriver - Element found
[INFO ] 2018-03-19 14:17:07.270 [main] RFWebsiteDriver -  ready to be clicked
[INFO ] 2018-03-19 14:17:07.353 [main] RFWebsiteDriver - CLICKED on 
[INFO ] 2018-03-19 14:17:07.353 [main] LSDHomePage - SubMenu Link : Customers clicked
[INFO ] 2018-03-19 14:17:07.414 [main] RFWebsiteDriver - Waiting for spin image to get disappear0
[INFO ] 2018-03-19 14:17:08.431 [main] RFWebsiteDriver - waiting..
[INFO ] 2018-03-19 14:17:08.446 [main] RFWebsiteDriver - spin image disappears
[INFO ] 2018-03-19 14:17:12.467 [main] RFWebsiteDriver - Waiting for spin image to get disappear0
[INFO ] 2018-03-19 14:17:12.476 [main] RFWebsiteDriver - spin image disappears
[INFO ] 2018-03-19 14:17:12.477 [main] RFWebsiteDriver - waiting for locator By.xpath: //div[contains(@class,'white-fb')]/descendant::a[1]/descendant::span[2]
[INFO ] 2018-03-19 14:17:12.495 [main] RFWebsiteDriver - Element found
[INFO ] 2018-03-19 14:17:12.528 [main] RFWebsiteDriver - TEXT fetched for count of pc autoship orders for this month is=0
[INFO ] 2018-03-19 14:17:12.537 [main] RFWebsiteDriver - Waiting for spin image to get disappear0
[INFO ] 2018-03-19 14:17:12.545 [main] RFWebsiteDriver - spin image disappears
[INFO ] 2018-03-19 14:17:12.545 [main] RFWebsiteDriver - waiting for locator By.xpath: //div[contains(@class,'white-fb')]/descendant::a[2]/descendant::span[2]
[INFO ] 2018-03-19 14:17:12.558 [main] RFWebsiteDriver - Element found
[INFO ] 2018-03-19 14:17:12.596 [main] RFWebsiteDriver - TEXT fetched for count of pc autoship orders for next month is=1
[INFO ] 2018-03-19 14:17:12.607 [main] RFWebsiteDriver - Waiting for spin image to get disappear0
[INFO ] 2018-03-19 14:17:12.615 [main] RFWebsiteDriver - spin image disappears
[INFO ] 2018-03-19 14:17:12.616 [main] RFWebsiteDriver - waiting for locator By.xpath: //div[contains(@class,'white-fb')]/descendant::a[3]/descendant::span[2]
[INFO ] 2018-03-19 14:17:12.629 [main] RFWebsiteDriver - Element found
[INFO ] 2018-03-19 14:17:12.682 [main] RFWebsiteDriver - TEXT fetched for count of pc autoship orders for further out is=0
[INFO ] 2018-03-19 14:17:12.684 [main] TestListner - [TEST IS SUCCESSFUL -------- Test case testSortingByQVLowToHigh_3011q has passed]
[INFO ] 2018-03-19 14:17:12.696 [main] RFWebsiteDriver - URL opened is https://skywalker.rodanandfields.com
[INFO ] 2018-03-19 14:17:13.187 [main] RFWebsiteDriver - Waiting for LSD loading image to get disappear
[INFO ] 2018-03-19 14:17:13.306 [main] RFWebsiteDriver - LSD Animation image disappears
[INFO ] 2018-03-19 14:17:13.306 [main] RFWebsiteDriver - waiting for locator By.id: button-login
[INFO ] 2018-03-19 14:17:18.674 [main] RFWebsiteDriver - waiting for locator By.xpath: //div[text()='Hello,']/following-sibling::div[contains(@class,'text-uppercase')]
[INFO ] 2018-03-19 14:17:18.683 [main] RFWebsiteDriver - Element found
[INFO ] 2018-03-19 14:17:18.693 [main] RFWebsiteDriver - waiting for locator By.xpath: //div[text()='Hello,']/following-sibling::div[contains(@class,'text-uppercase')]
[INFO ] 2018-03-19 14:17:18.701 [main] RFWebsiteDriver - Element found
[INFO ] 2018-03-19 14:17:18.726 [main] RFWebsiteDriver - TEXT fetched for First name in overview section is=CHRISTINE
[INFO ] 2018-03-19 14:17:18.726 [main] RFLSDWebsiteBaseTest - Data returned by query: null
[INFO ] 2018-03-19 14:17:18.731 [main] RFWebsiteDriver - wait started for By.xpath: //div[@id='rf-nav-wrapper']/descendant::img[2]
[INFO ] 2018-03-19 14:17:18.731 [main] RFWebsiteDriver - waiting for locator By.xpath: //div[@id='rf-nav-wrapper']/descendant::img[2]
[INFO ] 2018-03-19 14:17:18.739 [main] RFWebsiteDriver - Element found
[INFO ] 2018-03-19 14:17:18.739 [main] RFWebsiteDriver - R+F logo ready to be clicked
[INFO ] 2018-03-19 14:17:18.797 [main] RFWebsiteDriver - CLICKED on R+F logo
[INFO ] 2018-03-19 14:17:18.803 [main] TestListner - 
******************************************************************************************************************************
					TEST CASE NAME:                  testSortingMenuForNextMonth_2999q
******************************************************************************************************************************
[INFO ] 2018-03-19 14:17:18.809 [main] RFWebsiteDriver - wait started for By.xpath: //div[@id='rf-nav-wrapper']/descendant::span[text()='Pulse'][1]
[INFO ] 2018-03-19 14:17:18.809 [main] RFWebsiteDriver - waiting for locator By.xpath: //div[@id='rf-nav-wrapper']/descendant::span[text()='Pulse'][1]
[INFO ] 2018-03-19 14:17:18.829 [main] RFWebsiteDriver - Element found
[INFO ] 2018-03-19 14:17:18.829 [main] RFWebsiteDriver -  ready to be clicked
[INFO ] 2018-03-19 14:17:18.904 [main] RFWebsiteDriver - CLICKED on 
[INFO ] 2018-03-19 14:17:18.904 [main] LSDHomePage - Clicked on Pulse Submenu from Top Navigation
[INFO ] 2018-03-19 14:17:18.952 [main] RFWebsiteDriver - wait started for By.xpath: //a[contains(text(),'Customers')]
[INFO ] 2018-03-19 14:17:18.952 [main] RFWebsiteDriver - waiting for locator By.xpath: //a[contains(text(),'Customers')]
[INFO ] 2018-03-19 14:17:18.962 [main] RFWebsiteDriver - Element found
[INFO ] 2018-03-19 14:17:18.963 [main] RFWebsiteDriver -  ready to be clicked
[INFO ] 2018-03-19 14:17:19.039 [main] RFWebsiteDriver - CLICKED on 
[INFO ] 2018-03-19 14:17:19.040 [main] LSDHomePage - SubMenu Link : Customers clicked
[INFO ] 2018-03-19 14:17:19.104 [main] RFWebsiteDriver - Waiting for spin image to get disappear1
[INFO ] 2018-03-19 14:17:20.122 [main] RFWebsiteDriver - waiting..
[INFO ] 2018-03-19 14:17:20.137 [main] RFWebsiteDriver - spin image disappears
[INFO ] 2018-03-19 14:17:24.179 [main] RFWebsiteDriver - Waiting for spin image to get disappear0
[INFO ] 2018-03-19 14:17:24.190 [main] RFWebsiteDriver - spin image disappears
[INFO ] 2018-03-19 14:17:24.190 [main] RFWebsiteDriver - wait started for By.xpath: //div[contains(@class,'white-fb')]/descendant::a[2]/descendant::span[1]
[INFO ] 2018-03-19 14:17:24.190 [main] RFWebsiteDriver - waiting for locator By.xpath: //div[contains(@class,'white-fb')]/descendant::a[2]/descendant::span[1]
[INFO ] 2018-03-19 14:17:24.204 [main] RFWebsiteDriver - Element found
[INFO ] 2018-03-19 14:17:24.204 [main] RFWebsiteDriver - have orders for this month ready to be clicked
[INFO ] 2018-03-19 14:17:24.272 [main] RFWebsiteDriver - CLICKED on have orders for this month
[INFO ] 2018-03-19 14:17:24.272 [main] RFWebsiteDriver - Waiting for LSD loading image to get disappear
[INFO ] 2018-03-19 14:17:25.336 [main] RFWebsiteDriver - waiting..
[INFO ] 2018-03-19 14:17:26.355 [main] RFWebsiteDriver - waiting..
[INFO ] 2018-03-19 14:17:27.364 [main] RFWebsiteDriver - waiting..
[INFO ] 2018-03-19 14:17:28.373 [main] RFWebsiteDriver - waiting..
[INFO ] 2018-03-19 14:17:29.382 [main] RFWebsiteDriver - waiting..
[INFO ] 2018-03-19 14:17:30.393 [main] RFWebsiteDriver - waiting..
[INFO ] 2018-03-19 14:17:31.417 [main] RFWebsiteDriver - waiting..
[INFO ] 2018-03-19 14:17:32.426 [main] RFWebsiteDriver - waiting..
[INFO ] 2018-03-19 14:17:33.449 [main] RFWebsiteDriver - waiting..
[INFO ] 2018-03-19 14:17:34.471 [main] RFWebsiteDriver - waiting..
[INFO ] 2018-03-19 14:17:35.480 [main] RFWebsiteDriver - waiting..
[INFO ] 2018-03-19 14:17:36.491 [main] RFWebsiteDriver - waiting..
[INFO ] 2018-03-19 14:17:37.499 [main] RFWebsiteDriver - waiting..
[INFO ] 2018-03-19 14:17:38.510 [main] RFWebsiteDriver - waiting..
[INFO ] 2018-03-19 14:17:39.520 [main] RFWebsiteDriver - waiting..
[INFO ] 2018-03-19 14:17:40.529 [main] RFWebsiteDriver - waiting..
[INFO ] 2018-03-19 14:17:41.539 [main] RFWebsiteDriver - waiting..
[INFO ] 2018-03-19 14:17:42.550 [main] RFWebsiteDriver - waiting..
[INFO ] 2018-03-19 14:17:43.568 [main] RFWebsiteDriver - waiting..
[INFO ] 2018-03-19 14:17:44.592 [main] RFWebsiteDriver - waiting..
[INFO ] 2018-03-19 14:17:44.605 [main] RFWebsiteDriver - current URL is https://skywalker.rodanandfields.com/#/pcs/will-order
[INFO ] 2018-03-19 14:17:44.606 [main] RFWebsiteDriver - wait started for By.xpath: //span[contains(text(),'Sorted by')]
[INFO ] 2018-03-19 14:17:44.606 [main] RFWebsiteDriver - waiting for locator By.xpath: //span[contains(text(),'Sorted by')]
[INFO ] 2018-03-19 14:17:44.634 [main] RFWebsiteDriver - Element found
[INFO ] 2018-03-19 14:17:44.635 [main] RFWebsiteDriver - filter ready to be clicked
[INFO ] 2018-03-19 14:17:44.699 [main] RFWebsiteDriver - CLICKED on filter
[INFO ] 2018-03-19 14:17:45.247 [main] TestListner - [TEST IS SUCCESSFUL -------- Test case testSortingMenuForNextMonth_2999q has passed]
[INFO ] 2018-03-19 14:17:45.253 [main] RFWebsiteDriver - URL opened is https://skywalker.rodanandfields.com
[INFO ] 2018-03-19 14:17:45.753 [main] RFWebsiteDriver - Waiting for LSD loading image to get disappear
[INFO ] 2018-03-19 14:17:45.872 [main] RFWebsiteDriver - LSD Animation image disappears
[INFO ] 2018-03-19 14:17:45.873 [main] RFWebsiteDriver - waiting for locator By.id: button-login
[INFO ] 2018-03-19 14:17:51.284 [main] RFWebsiteDriver - waiting for locator By.xpath: //div[text()='Hello,']/following-sibling::div[contains(@class,'text-uppercase')]
[INFO ] 2018-03-19 14:17:51.292 [main] RFWebsiteDriver - Element found
[INFO ] 2018-03-19 14:17:51.300 [main] RFWebsiteDriver - waiting for locator By.xpath: //div[text()='Hello,']/following-sibling::div[contains(@class,'text-uppercase')]
[INFO ] 2018-03-19 14:17:51.310 [main] RFWebsiteDriver - Element found
[INFO ] 2018-03-19 14:17:51.342 [main] RFWebsiteDriver - TEXT fetched for First name in overview section is=CHRISTINE
[INFO ] 2018-03-19 14:17:51.342 [main] RFLSDWebsiteBaseTest - Data returned by query: null
[INFO ] 2018-03-19 14:17:51.348 [main] RFWebsiteDriver - wait started for By.xpath: //div[@id='rf-nav-wrapper']/descendant::img[2]
[INFO ] 2018-03-19 14:17:51.348 [main] RFWebsiteDriver - waiting for locator By.xpath: //div[@id='rf-nav-wrapper']/descendant::img[2]
[INFO ] 2018-03-19 14:17:51.363 [main] RFWebsiteDriver - Element found
[INFO ] 2018-03-19 14:17:51.364 [main] RFWebsiteDriver - R+F logo ready to be clicked
[INFO ] 2018-03-19 14:17:51.430 [main] RFWebsiteDriver - CLICKED on R+F logo
[INFO ] 2018-03-19 14:17:51.436 [main] TestListner - 
******************************************************************************************************************************
					TEST CASE NAME:                  testSortingMenuForThisMonth_3000q
******************************************************************************************************************************
[INFO ] 2018-03-19 14:17:51.441 [main] RFWebsiteDriver - wait started for By.xpath: //div[@id='rf-nav-wrapper']/descendant::span[text()='Pulse'][1]
[INFO ] 2018-03-19 14:17:51.441 [main] RFWebsiteDriver - waiting for locator By.xpath: //div[@id='rf-nav-wrapper']/descendant::span[text()='Pulse'][1]
[INFO ] 2018-03-19 14:17:51.463 [main] RFWebsiteDriver - Element found
[INFO ] 2018-03-19 14:17:51.464 [main] RFWebsiteDriver -  ready to be clicked
[INFO ] 2018-03-19 14:17:51.539 [main] RFWebsiteDriver - CLICKED on 
[INFO ] 2018-03-19 14:17:51.539 [main] LSDHomePage - Clicked on Pulse Submenu from Top Navigation
[INFO ] 2018-03-19 14:17:51.586 [main] RFWebsiteDriver - wait started for By.xpath: //a[contains(text(),'Customers')]
[INFO ] 2018-03-19 14:17:51.586 [main] RFWebsiteDriver - waiting for locator By.xpath: //a[contains(text(),'Customers')]
[INFO ] 2018-03-19 14:17:51.594 [main] RFWebsiteDriver - Element found
[INFO ] 2018-03-19 14:17:51.595 [main] RFWebsiteDriver -  ready to be clicked
[INFO ] 2018-03-19 14:17:51.665 [main] RFWebsiteDriver - CLICKED on 
[INFO ] 2018-03-19 14:17:51.666 [main] LSDHomePage - SubMenu Link : Customers clicked
[INFO ] 2018-03-19 14:17:51.727 [main] RFWebsiteDriver - Waiting for spin image to get disappear1
[INFO ] 2018-03-19 14:17:52.739 [main] RFWebsiteDriver - waiting..
[INFO ] 2018-03-19 14:17:52.755 [main] RFWebsiteDriver - spin image disappears
[INFO ] 2018-03-19 14:18:05.755 [main] RFWebsiteDriver - wait started for By.xpath: //div[contains(@class,'white-fb')]/descendant::a[1]/descendant::span[1]
[INFO ] 2018-03-19 14:18:05.755 [main] RFWebsiteDriver - waiting for locator By.xpath: //div[contains(@class,'white-fb')]/descendant::a[1]/descendant::span[1]
[INFO ] 2018-03-19 14:18:05.797 [main] RFWebsiteDriver - Element found
[INFO ] 2018-03-19 14:18:05.797 [main] RFWebsiteDriver - have orders for this month ready to be clicked
[INFO ] 2018-03-19 14:18:05.879 [main] RFWebsiteDriver - CLICKED on have orders for this month
[INFO ] 2018-03-19 14:18:16.284 [main] RFWebsiteDriver - current URL is https://skywalker.rodanandfields.com/#/pcs/have-orders
[INFO ] 2018-03-19 14:18:16.284 [main] RFWebsiteDriver - wait started for By.xpath: //span[contains(text(),'Sorted by')]
[INFO ] 2018-03-19 14:18:16.284 [main] RFWebsiteDriver - waiting for locator By.xpath: //span[contains(text(),'Sorted by')]
[INFO ] 2018-03-19 14:18:16.307 [main] RFWebsiteDriver - Element found
[INFO ] 2018-03-19 14:18:16.307 [main] RFWebsiteDriver - filter ready to be clicked
[INFO ] 2018-03-19 14:18:16.397 [main] RFWebsiteDriver - CLICKED on filter
[INFO ] 2018-03-19 14:18:17.588 [main] TestListner - [TEST IS SUCCESSFUL -------- Test case testSortingMenuForThisMonth_3000q has passed]
[INFO ] 2018-03-19 14:18:17.597 [main] RFWebsiteDriver - URL opened is https://skywalker.rodanandfields.com
[INFO ] 2018-03-19 14:18:18.227 [main] RFWebsiteDriver - Waiting for LSD loading image to get disappear
[INFO ] 2018-03-19 14:18:18.561 [main] RFWebsiteDriver - LSD Animation image disappears
[INFO ] 2018-03-19 14:18:18.561 [main] RFWebsiteDriver - waiting for locator By.id: button-login
[INFO ] 2018-03-19 14:18:23.882 [main] RFWebsiteDriver - waiting for locator By.xpath: //div[text()='Hello,']/following-sibling::div[contains(@class,'text-uppercase')]
[INFO ] 2018-03-19 14:18:23.891 [main] RFWebsiteDriver - Element found
[INFO ] 2018-03-19 14:18:23.900 [main] RFWebsiteDriver - waiting for locator By.xpath: //div[text()='Hello,']/following-sibling::div[contains(@class,'text-uppercase')]
[INFO ] 2018-03-19 14:18:23.907 [main] RFWebsiteDriver - Element found
[INFO ] 2018-03-19 14:18:23.937 [main] RFWebsiteDriver - TEXT fetched for First name in overview section is=CHRISTINE
[INFO ] 2018-03-19 14:18:23.937 [main] RFLSDWebsiteBaseTest - Data returned by query: null
[INFO ] 2018-03-19 14:18:23.941 [main] RFWebsiteDriver - wait started for By.xpath: //div[@id='rf-nav-wrapper']/descendant::img[2]
[INFO ] 2018-03-19 14:18:23.941 [main] RFWebsiteDriver - waiting for locator By.xpath: //div[@id='rf-nav-wrapper']/descendant::img[2]
[INFO ] 2018-03-19 14:18:23.957 [main] RFWebsiteDriver - Element found
[INFO ] 2018-03-19 14:18:23.957 [main] RFWebsiteDriver - R+F logo ready to be clicked
[INFO ] 2018-03-19 14:18:24.026 [main] RFWebsiteDriver - CLICKED on R+F logo
[INFO ] 2018-03-19 14:18:24.028 [main] TestListner - 
******************************************************************************************************************************
					TEST CASE NAME:                  testTotalNumberOfDeactivatedPCs_2985q
******************************************************************************************************************************
[INFO ] 2018-03-19 14:18:24.031 [main] RFWebsiteDriver - wait started for By.xpath: //div[@id='rf-nav-wrapper']/descendant::span[text()='Pulse'][1]
[INFO ] 2018-03-19 14:18:24.031 [main] RFWebsiteDriver - waiting for locator By.xpath: //div[@id='rf-nav-wrapper']/descendant::span[text()='Pulse'][1]
[INFO ] 2018-03-19 14:18:24.052 [main] RFWebsiteDriver - Element found
[INFO ] 2018-03-19 14:18:24.052 [main] RFWebsiteDriver -  ready to be clicked
[INFO ] 2018-03-19 14:18:24.175 [main] RFWebsiteDriver - CLICKED on 
[INFO ] 2018-03-19 14:18:24.175 [main] LSDHomePage - Clicked on Pulse Submenu from Top Navigation
[INFO ] 2018-03-19 14:18:24.239 [main] RFWebsiteDriver - wait started for By.xpath: //a[contains(text(),'Customers')]
[INFO ] 2018-03-19 14:18:24.239 [main] RFWebsiteDriver - waiting for locator By.xpath: //a[contains(text(),'Customers')]
[INFO ] 2018-03-19 14:18:24.253 [main] RFWebsiteDriver - Element found
[INFO ] 2018-03-19 14:18:24.253 [main] RFWebsiteDriver -  ready to be clicked
[INFO ] 2018-03-19 14:18:24.340 [main] RFWebsiteDriver - CLICKED on 
[INFO ] 2018-03-19 14:18:24.341 [main] LSDHomePage - SubMenu Link : Customers clicked
[INFO ] 2018-03-19 14:18:24.407 [main] RFWebsiteDriver - Waiting for spin image to get disappear1
[INFO ] 2018-03-19 14:18:25.421 [main] RFWebsiteDriver - waiting..
[INFO ] 2018-03-19 14:18:25.448 [main] RFWebsiteDriver - spin image disappears
[INFO ] 2018-03-19 14:18:29.448 [main] RFLSDWebsiteBaseTest - Data returned by query: 0
[INFO ] 2018-03-19 14:18:29.463 [main] RFWebsiteDriver - Waiting for spin image to get disappear0
[INFO ] 2018-03-19 14:18:29.482 [main] RFWebsiteDriver - spin image disappears
[INFO ] 2018-03-19 14:18:33.483 [main] RFWebsiteDriver - waiting for locator By.xpath: //h1[contains(text(),'View Your Customers')]/following::span[4]
[INFO ] 2018-03-19 14:18:33.526 [main] RFWebsiteDriver - Element found
[INFO ] 2018-03-19 14:18:33.565 [main] RFWebsiteDriver - TEXT fetched for count of deactivated pcs is=0
[INFO ] 2018-03-19 14:18:33.602 [main] RFWebsiteDriver - wait started for By.xpath: //h1[contains(text(),'View Your Customers')]/following::span[3]
[INFO ] 2018-03-19 14:18:33.602 [main] RFWebsiteDriver - waiting for locator By.xpath: //h1[contains(text(),'View Your Customers')]/following::span[3]
[INFO ] 2018-03-19 14:18:33.610 [main] RFWebsiteDriver - Element found
[INFO ] 2018-03-19 14:18:33.610 [main] RFWebsiteDriver - 3 category clicked ready to be clicked
[INFO ] 2018-03-19 14:18:33.679 [main] RFWebsiteDriver - CLICKED on 3 category clicked
[INFO ] 2018-03-19 14:18:33.679 [main] RFWebsiteDriver - wait started for By.xpath: //h1[contains(text(),'Deactivated PC')]/../descendant::span[1]
[INFO ] 2018-03-19 14:18:33.679 [main] RFWebsiteDriver - waiting for locator By.xpath: //h1[contains(text(),'Deactivated PC')]/../descendant::span[1]
[INFO ] 2018-03-19 14:18:34.216 [main] RFWebsiteDriver - Element found
[INFO ] 2018-03-19 14:18:34.216 [main] RFWebsiteDriver - waiting for locator By.xpath: //h1[contains(text(),'Deactivated PC')]/../descendant::span[1]
[INFO ] 2018-03-19 14:18:34.226 [main] RFWebsiteDriver - Element found
[INFO ] 2018-03-19 14:18:34.257 [main] RFWebsiteDriver - TEXT fetched for count of deactivated pc at header is=0
[INFO ] 2018-03-19 14:18:34.258 [main] TestListner - [TEST IS SUCCESSFUL -------- Test case testTotalNumberOfDeactivatedPCs_2985q has passed]
[INFO ] 2018-03-19 14:18:34.262 [main] RFWebsiteDriver - URL opened is https://skywalker.rodanandfields.com
[INFO ] 2018-03-19 14:18:34.983 [main] RFWebsiteDriver - Waiting for LSD loading image to get disappear
[INFO ] 2018-03-19 14:18:35.087 [main] RFWebsiteDriver - LSD Animation image disappears
[INFO ] 2018-03-19 14:18:35.088 [main] RFWebsiteDriver - waiting for locator By.id: button-login
[INFO ] 2018-03-19 14:18:40.393 [main] RFWebsiteDriver - waiting for locator By.xpath: //div[text()='Hello,']/following-sibling::div[contains(@class,'text-uppercase')]
[INFO ] 2018-03-19 14:18:40.402 [main] RFWebsiteDriver - Element found
[INFO ] 2018-03-19 14:18:40.410 [main] RFWebsiteDriver - waiting for locator By.xpath: //div[text()='Hello,']/following-sibling::div[contains(@class,'text-uppercase')]
[INFO ] 2018-03-19 14:18:40.419 [main] RFWebsiteDriver - Element found
[INFO ] 2018-03-19 14:18:40.449 [main] RFWebsiteDriver - TEXT fetched for First name in overview section is=CHRISTINE
[INFO ] 2018-03-19 14:18:40.450 [main] RFLSDWebsiteBaseTest - Data returned by query: null
[INFO ] 2018-03-19 14:18:40.457 [main] RFWebsiteDriver - wait started for By.xpath: //div[@id='rf-nav-wrapper']/descendant::img[2]
[INFO ] 2018-03-19 14:18:40.457 [main] RFWebsiteDriver - waiting for locator By.xpath: //div[@id='rf-nav-wrapper']/descendant::img[2]
[INFO ] 2018-03-19 14:18:40.473 [main] RFWebsiteDriver - Element found
[INFO ] 2018-03-19 14:18:40.474 [main] RFWebsiteDriver - R+F logo ready to be clicked
[INFO ] 2018-03-19 14:18:40.566 [main] RFWebsiteDriver - CLICKED on R+F logo
[INFO ] 2018-03-19 14:18:40.574 [main] TestListner - 
******************************************************************************************************************************
					TEST CASE NAME:                  testTotalNumberOfPCsThisMonth_3013q
******************************************************************************************************************************
[INFO ] 2018-03-19 14:18:40.577 [main] RFWebsiteDriver - wait started for By.xpath: //div[@id='rf-nav-wrapper']/descendant::span[text()='Pulse'][1]
[INFO ] 2018-03-19 14:18:40.577 [main] RFWebsiteDriver - waiting for locator By.xpath: //div[@id='rf-nav-wrapper']/descendant::span[text()='Pulse'][1]
[INFO ] 2018-03-19 14:18:40.605 [main] RFWebsiteDriver - Element found
[INFO ] 2018-03-19 14:18:40.605 [main] RFWebsiteDriver -  ready to be clicked
[INFO ] 2018-03-19 14:18:40.676 [main] RFWebsiteDriver - CLICKED on 
[INFO ] 2018-03-19 14:18:40.676 [main] LSDHomePage - Clicked on Pulse Submenu from Top Navigation
[INFO ] 2018-03-19 14:18:40.724 [main] RFWebsiteDriver - wait started for By.xpath: //a[contains(text(),'Customers')]
[INFO ] 2018-03-19 14:18:40.725 [main] RFWebsiteDriver - waiting for locator By.xpath: //a[contains(text(),'Customers')]
[INFO ] 2018-03-19 14:18:40.733 [main] RFWebsiteDriver - Element found
[INFO ] 2018-03-19 14:18:40.733 [main] RFWebsiteDriver -  ready to be clicked
[INFO ] 2018-03-19 14:18:40.804 [main] RFWebsiteDriver - CLICKED on 
[INFO ] 2018-03-19 14:18:40.805 [main] LSDHomePage - SubMenu Link : Customers clicked
[INFO ] 2018-03-19 14:18:40.862 [main] RFWebsiteDriver - Waiting for spin image to get disappear1
[INFO ] 2018-03-19 14:18:41.876 [main] RFWebsiteDriver - waiting..
[INFO ] 2018-03-19 14:18:41.891 [main] RFWebsiteDriver - spin image disappears
[INFO ] 2018-03-19 14:18:45.892 [main] RFLSDWebsiteBaseTest - Data returned by query: 0
[INFO ] 2018-03-19 14:18:45.920 [main] RFWebsiteDriver - Waiting for spin image to get disappear0
[INFO ] 2018-03-19 14:18:45.932 [main] RFWebsiteDriver - spin image disappears
[INFO ] 2018-03-19 14:18:45.932 [main] RFWebsiteDriver - waiting for locator By.xpath: //div[contains(@class,'white-fb')]/descendant::a[1]/descendant::span[2]
[INFO ] 2018-03-19 14:18:45.954 [main] RFWebsiteDriver - Element found
[INFO ] 2018-03-19 14:18:46.012 [main] RFWebsiteDriver - TEXT fetched for count of pc autoship orders for this month is=0
[INFO ] 2018-03-19 14:18:55.013 [main] RFWebsiteDriver - wait started for By.xpath: //div[contains(@class,'white-fb')]/descendant::a[1]/descendant::span[1]
[INFO ] 2018-03-19 14:18:55.014 [main] RFWebsiteDriver - waiting for locator By.xpath: //div[contains(@class,'white-fb')]/descendant::a[1]/descendant::span[1]
[INFO ] 2018-03-19 14:18:55.040 [main] RFWebsiteDriver - Element found
[INFO ] 2018-03-19 14:18:55.040 [main] RFWebsiteDriver - have orders for this month ready to be clicked
[INFO ] 2018-03-19 14:18:55.117 [main] RFWebsiteDriver - CLICKED on have orders for this month
[INFO ] 2018-03-19 14:19:05.429 [main] RFWebsiteDriver - wait started for By.xpath: //h1[contains(text(),'have orders this month')]/preceding::span[1]
[INFO ] 2018-03-19 14:19:05.429 [main] RFWebsiteDriver - waiting for locator By.xpath: //h1[contains(text(),'have orders this month')]/preceding::span[1]
[INFO ] 2018-03-19 14:19:05.441 [main] RFWebsiteDriver - Element found
[INFO ] 2018-03-19 14:19:05.441 [main] RFWebsiteDriver - waiting for locator By.xpath: //h1[contains(text(),'have orders this month')]/preceding::span[1]
[INFO ] 2018-03-19 14:19:05.450 [main] RFWebsiteDriver - Element found
[INFO ] 2018-03-19 14:19:05.482 [main] RFWebsiteDriver - TEXT fetched for count of pc autoship orders for this month at header is=0
[INFO ] 2018-03-19 14:19:05.482 [main] TestListner - [TEST IS SUCCESSFUL -------- Test case testTotalNumberOfPCsThisMonth_3013q has passed]
[INFO ] 2018-03-19 14:19:05.490 [main] RFWebsiteDriver - URL opened is https://skywalker.rodanandfields.com
[INFO ] 2018-03-19 14:19:06.089 [main] RFWebsiteDriver - Waiting for LSD loading image to get disappear
[INFO ] 2018-03-19 14:19:06.195 [main] RFWebsiteDriver - LSD Animation image disappears
[INFO ] 2018-03-19 14:19:06.195 [main] RFWebsiteDriver - Waiting for LSD loading image to get disappear
[INFO ] 2018-03-19 14:19:07.286 [main] RFWebsiteDriver - waiting..
[INFO ] 2018-03-19 14:19:08.309 [main] RFWebsiteDriver - waiting..
[INFO ] 2018-03-19 14:19:08.322 [main] RFWebsiteDriver - LSD loading image disappears
[INFO ] 2018-03-19 14:19:08.322 [main] RFWebsiteDriver - waiting for locator By.xpath: //div[@id='rf-nav-wrapper']/descendant::span[text()='Pulse'][1]
[INFO ] 2018-03-19 14:19:08.341 [main] RFWebsiteDriver - Element found
[INFO ] 2018-03-19 14:19:08.341 [main] RFWebsiteDriver - wait started for By.xpath: //div[@id='rf-nav-wrapper']/descendant::span[text()='Pulse'][1]
[INFO ] 2018-03-19 14:19:08.341 [main] RFWebsiteDriver - waiting for locator By.xpath: //div[@id='rf-nav-wrapper']/descendant::span[text()='Pulse'][1]
[INFO ] 2018-03-19 14:19:08.349 [main] RFWebsiteDriver - Element found
[INFO ] 2018-03-19 14:19:08.349 [main] RFWebsiteDriver - Pulse in top navigation ready to be clicked
[INFO ] 2018-03-19 14:19:08.442 [main] RFWebsiteDriver - CLICKED on Pulse in top navigation
[INFO ] 2018-03-19 14:19:08.442 [main] LSDRFWebsiteBasePage - Pulse in top navigation clicked
[INFO ] 2018-03-19 14:19:08.443 [main] LSDRFWebsiteBasePage - Logging out from pulse application
[INFO ] 2018-03-19 14:19:08.540 [main] RFWebsiteDriver - CLICKED on 
[INFO ] 2018-03-19 14:19:08.540 [main] RFWebsiteDriver - Waiting for LSD loading image to get disappear
[INFO ] 2018-03-19 14:19:08.554 [main] RFWebsiteDriver - LSD loading image disappears
