[INFO ] 2018-03-01 11:07:39.463 [main] RFBaseTest - Environment properties are not provided by the user ... loading the default properties
[INFO ] 2018-03-01 11:07:39.464 [main] RFBaseTest - Default Browser is  ------ chrome
[INFO ] 2018-03-01 11:07:39.464 [main] RFBaseTest - Default URL is  ------ https://skywalker.rodanandfields.com
[INFO ] 2018-03-01 11:07:39.464 [main] RFBaseTest - Default user password is  ------ 111Maiden$
[INFO ] 2018-03-01 11:07:39.465 [main] RFBaseTest - Default Country is  ------ us
[INFO ] 2018-03-01 11:07:39.465 [main] RFBaseTest - Default DB IP is  ------ 10.3.0.218
[INFO ] 2018-03-01 11:07:39.465 [main] RFBaseTest - Default DB Username is  ------ perftest
[INFO ] 2018-03-01 11:07:39.465 [main] RFBaseTest - Default DB Password is  ------ perftest
[INFO ] 2018-03-01 11:07:39.465 [main] RFBaseTest - Default DB Domain is  ------ RF
[INFO ] 2018-03-01 11:07:52.902 [main] RFWebsiteDriver - Window is maximized
[INFO ] 2018-03-01 11:07:52.902 [main] RFWebsiteDriver - All cookies deleted
[INFO ] 2018-03-01 11:07:52.902 [main] RFWebsiteDriver - URL opened is https://skywalker.rodanandfields.com
[INFO ] 2018-03-01 11:07:54.746 [main] RFLSDWebsiteBaseTest - Application loaded
[INFO ] 2018-03-01 11:07:54.773 [main] RFWebsiteDriver - DB connections are set
[INFO ] 2018-03-01 11:07:54.849 [main] DBUtil - QUERY TRIGGERED IS SELECT top 1 * FROM Commissions.[calcs].[vwQualificationSummary] where SV!=0 and PSQV!=0 and EClegs>2 and L1L2!=0 and L1L6!=0  and periodid= LEFT(CONVERT(varchar, GetDate(),112),6)  order by PeriodID desc

[INFO ] 2018-03-01 11:07:55.379 [main] RFLSDWebsiteBaseTest - Data returned by query: null
[INFO ] 2018-03-01 11:07:55.380 [main] DBUtil - QUERY TRIGGERED IS SELECT  ab.AccountID ,ac.FirstName ,ac.LastName ,acs.Username FROM  RFOperations.RFO_Accounts.AccountBase ab JOIN RFOperations.RFO_Accounts.AccountRF rf ON rf.AccountID = ab.AccountID JOIN RFOperations.RFO_Accounts.AccountContacts ac ON ac.AccountId = ab.AccountID LEFT JOIN RFOperations.Security.AccountSecurity acs ON acs.AccountID = ab.AccountID LEFT JOIN RFOperations.RFO_Reference.AccountType t ON t.AccountTypeID = ab.AccountTypeID LEFT JOIN RFOperations.RFO_Reference.AccountStatus s ON s.AccountStatusID = ab.AccountStatusID LEFT JOIN RFOperations.RFO_Reference.Countries c ON c.CountryID = ab.CountryID WHERE   ab.AccountID = null

[INFO ] 2018-03-01 11:07:55.463 [main] RFLSDWebsiteBaseTest - Data returned by query: null
[INFO ] 2018-03-01 11:07:55.464 [main] DBUtil - QUERY TRIGGERED IS select EmailAddress from RFO_Accounts.AccountContacts acTB INNER JOIN RFO_Accounts.AccountEmails aeTB  on acTB.AccountContactId=aeTB.AccountContactId INNER JOIN RFO_Accounts.EmailAddresses aEMTB on aeTB.EmailAddressID=aEMTB.EmailAddressID WHERE acTB.AccountID='null' and aEMTB.EmailAddressTypeID=1 

[INFO ] 2018-03-01 11:07:55.930 [main] TestListner - 
******************************************************************************************************************************
					TEST CASE NAME:                  TotalNumberOfAllPCs_3349q
******************************************************************************************************************************
[INFO ] 2018-03-01 11:07:55.979 [main] TestListner - [TEST IS SKIPPED -------- Test case TotalNumberOfAllPCs_3349q skipped]
