[INFO ] 2018-03-25 17:36:27.568 [main] RFBaseTest - Environment properties are not provided by the user ... loading the default properties
[INFO ] 2018-03-25 17:36:27.568 [main] RFBaseTest - Default Browser is  ------ chrome
[INFO ] 2018-03-25 17:36:27.568 [main] RFBaseTest - Default URL is  ------ https://skywalker.rodanandfields.com
[INFO ] 2018-03-25 17:36:27.568 [main] RFBaseTest - Default user password is  ------ null
[INFO ] 2018-03-25 17:36:27.568 [main] RFBaseTest - Default Country is  ------ us
[INFO ] 2018-03-25 17:36:27.569 [main] RFBaseTest - Default DB IP is  ------ 10.3.0.218
[INFO ] 2018-03-25 17:36:27.569 [main] RFBaseTest - Default DB Username is  ------ perftest
[INFO ] 2018-03-25 17:36:27.569 [main] RFBaseTest - Default DB Password is  ------ perftest
[INFO ] 2018-03-25 17:36:27.569 [main] RFBaseTest - Default DB Domain is  ------ RF
[INFO ] 2018-03-25 17:36:33.070 [main] RFWebsiteDriver - URL opened is https://skywalker.rodanandfields.com
[INFO ] 2018-03-25 17:36:35.367 [main] RFLSDWebsiteBaseTest - Application loaded
[INFO ] 2018-03-25 17:36:35.383 [main] RFWebsiteDriver - DB connections are set
[INFO ] 2018-03-25 17:36:35.433 [main] DBUtil - QUERY TRIGGERED IS DECLARE @CurrentOpenPeriod INT = ( SELECT TOP 1    PeriodID FROM     Commissions.reference.Periods WHERE    ClosedDate IS NULL   ORDER BY PeriodID ASC ) ,  @AccountID INT , @UserName NVARCHAR(225) , @Country NVARCHAR(225), @FirstName nvarchar(255), @LastName nvarchar(255) SELECT TOP 1 @AccountID = ab.AccountID , @UserName = ac.Username , @Country = co.Alpha2Code, @firstname=act.FirstName, @LastName= act. LAstName  FROM    RFOperations.RFO_Accounts.AccountBase (NOLOCK) ab JOIN RFOperations.RFO_Accounts.AccountRF (NOLOCK) rf ON rf.AccountID = ab.AccountID  JOIN RFOperations.Security.AccountSecurity (NOLOCK) ac ON ac.AccountID = ab.AccountID    JOIN RFOperations.RFO_Accounts.AccountContacts (NOLOCK) act ON act.AccountID = ab.AccountID  JOIN RFOperations.RFO_Reference.Countries (NOLOCK) co ON co.CountryID = ab.CountryID WHERE   ab.AccountTypeID = 1 AND ab.AccountStatusID = 1 AND co.Alpha2Code = 'US' AND rf.Active = 1  AND EXISTS ( SELECT 1 FROM   RFOperations.Hybris.Autoship (NOLOCK) a WHERE  a.AccountID = ab.AccountID  AND a.AutoshipTypeID = 3  AND a.Active = 1 )  AND EXISTS ( SELECT 1 FROM   Commissions.calcs.vwQualificationSummary v WHERE  ab.AccountID = v.AccountID  AND v.PeriodID = @CurrentOpenPeriod AND v.SV >= 100 AND v.PSQV >= 600 ) ORDER BY NEWID() SELECT  ISNULL(@AccountID, 1496) AccountID , ISNULL(@UserName, 'skincareconsultants@gmail.com') UserName , Isnull(@FirstName,'Sarah') [FirstName], Isnull(@LastName,'Robbins') [LastName], ISNULL(@Country, 'US') Country ,  @CurrentOpenPeriod CurrentOpenPeriod

[INFO ] 2018-03-25 17:36:38.896 [main] RFLSDWebsiteBaseTest - randomConsultantDetailsList:[{AccountID=1274091, UserName=arizgina@cox.net, FirstName=Gina and Adam, LastName=Hamblen, Country=US, CurrentOpenPeriod=201710}]
[INFO ] 2018-03-25 17:36:38.896 [main] RFLSDWebsiteBaseTest - Data returned by query: 1274091
[INFO ] 2018-03-25 17:36:38.896 [main] RFLSDWebsiteBaseTest - Data returned by query: arizgina@cox.net
[INFO ] 2018-03-25 17:36:38.896 [main] RFLSDWebsiteBaseTest - userName:[{AccountID=1274091, UserName=arizgina@cox.net, FirstName=Gina and Adam, LastName=Hamblen, Country=US, CurrentOpenPeriod=201710}]
[INFO ] 2018-03-25 17:36:38.896 [main] RFWebsiteDriver - Waiting for LSD loading image to get disappear
[INFO ] 2018-03-25 17:36:38.918 [main] RFWebsiteDriver - LSD loading image disappears
[INFO ] 2018-03-25 17:36:38.963 [main] RFWebsiteDriver - waiting for locator By.id: username
[INFO ] 2018-03-25 17:36:38.973 [main] RFWebsiteDriver - Element found
[INFO ] 2018-03-25 17:36:38.973 [main] RFWebsiteDriver - wait started for By.id: username
[INFO ] 2018-03-25 17:36:38.973 [main] RFWebsiteDriver - waiting for locator By.id: username
[INFO ] 2018-03-25 17:36:38.982 [main] RFWebsiteDriver - Element found
[INFO ] 2018-03-25 17:36:39.118 [main] RFWebsiteDriver - TYPED text as = arizgina@cox.net in  text field
[INFO ] 2018-03-25 17:36:39.118 [main] LSDLoginPage - username is arizgina@cox.net
[INFO ] 2018-03-25 17:36:39.118 [main] RFWebsiteDriver - wait started for By.id: password
[INFO ] 2018-03-25 17:36:39.118 [main] RFWebsiteDriver - waiting for locator By.id: password
[INFO ] 2018-03-25 17:36:39.133 [main] RFWebsiteDriver - Element found
[INFO ] 2018-03-25 17:36:39.233 [main] RFWebsiteDriver - TYPED text as = 111Maiden$ in  text field
[INFO ] 2018-03-25 17:36:39.233 [main] LSDLoginPage - password is 111Maiden$
[INFO ] 2018-03-25 17:36:39.263 [main] RFWebsiteDriver -  ready to be clicked
[INFO ] 2018-03-25 17:36:39.331 [main] RFWebsiteDriver - CLICKED on 
[INFO ] 2018-03-25 17:36:51.036 [main] RFWebsiteDriver - URL opened is https://skywalker.rodanandfields.com
[INFO ] 2018-03-25 17:36:51.653 [main] RFWebsiteDriver - Waiting for LSD loading image to get disappear
[INFO ] 2018-03-25 17:36:51.765 [main] RFWebsiteDriver - LSD Animation image disappears
[INFO ] 2018-03-25 17:36:51.766 [main] RFWebsiteDriver - waiting for locator By.id: button-login
[INFO ] 2018-03-25 17:36:57.109 [main] RFWebsiteDriver - waiting for locator By.xpath: //div[text()='Hello,']/following-sibling::div[contains(@class,'text-uppercase')]
[INFO ] 2018-03-25 17:36:57.120 [main] RFWebsiteDriver - Element found
[INFO ] 2018-03-25 17:36:57.181 [main] RFWebsiteDriver - TEXT fetched for First name in overview section is=GINA AND ADAM
[INFO ] 2018-03-25 17:36:57.181 [main] RFLSDWebsiteBaseTest - Data returned by query: Gina and Adam
[INFO ] 2018-03-25 17:36:57.184 [main] RFLSDWebsiteBaseTest - Total windows opened are 1
[INFO ] 2018-03-25 17:36:57.218 [main] RFWebsiteDriver - R+F logo ready to be clicked
[INFO ] 2018-03-25 17:36:57.282 [main] RFWebsiteDriver - CLICKED on R+F logo
[INFO ] 2018-03-25 17:36:57.283 [main] RFWebsiteDriver - Waiting For Page load via JS
[INFO ] 2018-03-25 17:36:57.293 [main] RFWebsiteDriver - page load complete..
[INFO ] 2018-03-25 17:36:57.399 [main] TestListner - 
******************************************************************************************************************************
					TEST CASE NAME:                  TotalNumberOfAllPCs_3349q
******************************************************************************************************************************
[INFO ] 2018-03-25 17:36:57.460 [main] RFWebsiteDriver -  ready to be clicked
[INFO ] 2018-03-25 17:36:57.540 [main] RFWebsiteDriver - CLICKED on 
[INFO ] 2018-03-25 17:36:57.541 [main] LSDHomePage - Clicked on Pulse Submenu from Top Navigation
[INFO ] 2018-03-25 17:36:57.591 [main] RFWebsiteDriver -  ready to be clicked
[INFO ] 2018-03-25 17:36:57.652 [main] RFWebsiteDriver - CLICKED on 
[INFO ] 2018-03-25 17:36:57.652 [main] LSDHomePage - SubMenu Link : Customers clicked
[INFO ] 2018-03-25 17:36:57.670 [main] RFWebsiteDriver - Waiting for spin image to get disappear0
[INFO ] 2018-03-25 17:36:57.680 [main] RFWebsiteDriver - spin image disappears
[INFO ] 2018-03-25 17:37:01.692 [main] RFWebsiteDriver - Waiting for spin image to get disappear1
[INFO ] 2018-03-25 17:37:02.701 [main] RFWebsiteDriver - waiting..
[INFO ] 2018-03-25 17:37:03.711 [main] RFWebsiteDriver - waiting..
[INFO ] 2018-03-25 17:37:04.720 [main] RFWebsiteDriver - waiting..
[INFO ] 2018-03-25 17:37:05.732 [main] RFWebsiteDriver - waiting..
[INFO ] 2018-03-25 17:37:06.743 [main] RFWebsiteDriver - waiting..
[INFO ] 2018-03-25 17:37:07.754 [main] RFWebsiteDriver - waiting..
[INFO ] 2018-03-25 17:37:08.766 [main] RFWebsiteDriver - waiting..
[INFO ] 2018-03-25 17:37:08.778 [main] RFWebsiteDriver - spin image disappears
[INFO ] 2018-03-25 17:37:12.779 [main] RFWebsiteDriver - wait started for By.xpath: //h1[contains(text(),'Build Customer Loyalty')]/../preceding::span[1]
[INFO ] 2018-03-25 17:37:12.780 [main] RFWebsiteDriver - waiting for locator By.xpath: //h1[contains(text(),'Build Customer Loyalty')]/../preceding::span[1]
[INFO ] 2018-03-25 17:37:12.822 [main] RFWebsiteDriver - Element found
[INFO ] 2018-03-25 17:37:12.847 [main] RFWebsiteDriver - count of all pc customers ready to be clicked
[INFO ] 2018-03-25 17:37:12.935 [main] RFWebsiteDriver - CLICKED on count of all pc customers
[INFO ] 2018-03-25 17:37:12.935 [main] LSDCustomerPage - clicked in view PC customer link
[INFO ] 2018-03-25 17:37:12.940 [main] DBUtil - QUERY TRIGGERED IS DECLARE @AccountID INT= 1274091   DECLARE  @PeriodID INT= NULL , @View_All_Customer INT , @Cust_have_Order INT ,@Cust_Sch_OrderNext_Month INT ,@Cust_Further_Out INT ,@New_Pcs INT ,@Deactivated_Pcs INT SET @PeriodID = ISNULL(@PeriodID, ( SELECT MAX(PERIODID)FROM   commissions.reference.PERIODS WHERE  CLOSEDDATE IS NULL AND STARTDATE <= GETDATE() )) SELECT  @View_All_Customer = COUNT(DISTINCT ab.AccountID)FROM    Commissions.calcs.vwPlacementTreePermutated AS v WITH ( NOEXPAND )JOIN RFOperations.RFO_Accounts.AccountBase(NOLOCK)  ab ON ab.AccountID = v.AccountID JOIN RFOperations.RFO_Accounts.AccountRF (NOLOCK)  rf ON rf.AccountID = ab.AccountID JOIN RFOperations.RFO_Accounts.AccountContacts (NOLOCK)  ac ON ac.AccountId = ab.AccountID WHERE   1 = 1  AND rf.Active = 1 AND ab.AccountTypeID = 2  AND v.[SponsorID] = @AccountID AND v.DirectSponsorID = @AccountID AND v.[PeriodID] = @PeriodID SELECT  @Cust_have_Order = COUNT(DISTINCT ab.AccountID) FROM    Commissions.calcs.vwPlacementTreePermutated AS v WITH ( NOEXPAND )JOIN RFOperations.RFO_Accounts.AccountBase(NOLOCK)  ab ON ab.AccountID = v.AccountID JOIN RFOperations.RFO_Accounts.AccountRF (NOLOCK)  rf ON rf.AccountID = ab.AccountID JOIN RFOperations.RFO_Accounts.AccountContacts (NOLOCK)  ac ON ac.AccountId = ab.AccountID WHERE   1 = 1 AND rf.Active = 1 AND ab.AccountTypeID = 2 AND v.[SponsorID] = @AccountID     AND v.DirectSponsorID = @AccountID  AND v.[PeriodID] = @PeriodID  AND EXISTS ( SELECT 1 FROM   RFOperations.Hybris.orders (NOLOCK)  ro WHERE  ro.AccountID = ab.AccountID   AND ro.OrderTypeID = 9  AND ro.OrderStatusID IN ( 2, 4 ) AND LEFT(CONVERT(NVARCHAR(25), ro.CompletionDate, 112),  6) = @PeriodID )  SELECT  @Cust_Sch_OrderNext_Month = COUNT(1) FROM    Commissions.calcs.vwPlacementTreePermutated AS v WITH ( NOEXPAND ) JOIN RFOperations.RFO_Accounts.AccountBase(NOLOCK)  ab ON ab.AccountID = v.AccountID  JOIN RFOperations.RFO_Accounts.AccountRF (NOLOCK)  rf ON rf.AccountID = ab.AccountID  JOIN RFOperations.RFO_Accounts.AccountContacts (NOLOCK)  ac ON ac.AccountId = ab.AccountID WHERE   1 = 1   AND rf.Active = 1 AND ab.AccountTypeID = 2 AND v.[SponsorID] = @AccountID AND v.DirectSponsorID = @AccountID AND v.[PeriodID] = @PeriodID  AND EXISTS ( SELECT 1 FROM   RFOperations.Hybris.Autoship(NOLOCK)  AU WHERE  AU.AccountID = ab.AccountID  AND AU.AutoshipTypeID = 1  AND AU.Active = 1 AND LEFT(CONVERT(NVARCHAR(25), DATEADD(MONTH,-1,Au.NextRunDate), 112), 6) = @PeriodID )	SELECT  @Cust_Further_Out = COUNT(1)   FROM    Commissions.calcs.vwPlacementTreePermutated AS v WITH ( NOEXPAND ) JOIN RFOperations.RFO_Accounts.AccountBase(NOLOCK)  ab ON ab.AccountID = v.AccountID JOIN RFOperations.RFO_Accounts.AccountRF (NOLOCK)  rf ON rf.AccountID = ab.AccountID  JOIN RFOperations.RFO_Accounts.AccountContacts (NOLOCK)  ac ON ac.AccountId = ab.AccountID  WHERE   1 = 1  AND rf.Active = 1 AND ab.AccountTypeID = 2  AND v.[SponsorID] = @AccountID   AND v.DirectSponsorID = @AccountID   AND v.[PeriodID] = @PeriodID AND EXISTS ( SELECT 1  FROM   RFOperations.Hybris.Autoship(NOLOCK)  AU    WHERE  AU.AccountID = ab.AccountID  AND AU.AutoshipTypeID = 1     AND AU.Active = 1 AND LEFT(CONVERT(NVARCHAR(25), DATEADD(MONTH,     -1,   Au.NextRunDate), 112),  6) > @PeriodID )	SELECT  @Deactivated_Pcs = COUNT(1)FROM    Commissions.calcs.vwPlacementTreePermutated AS v WITH ( NOEXPAND )  JOIN RFOperations.RFO_Accounts.AccountBase(NOLOCK)  ab ON ab.AccountID = v.AccountID JOIN RFOperations.RFO_Accounts.AccountRF (NOLOCK)  rf ON rf.AccountID = ab.AccountID JOIN RFOperations.RFO_Accounts.AccountContacts (NOLOCK)  ac ON ac.AccountId = ab.AccountID  WHERE   1 = 1 AND rf.Active = 0 AND ab.AccountTypeID = 2  AND v.[SponsorID] = @AccountID AND v.DirectSponsorID = @AccountID AND v.[PeriodID] = @PeriodID AND  rf.SoftTerminationDate > DATEADD( DAY,-60,GETDATE()) SELECT  @New_Pcs = COUNT(1)  FROM    commissions.calcs.vwPlacementTreePermutated AS v WITH ( NOEXPAND ) JOIN RFOperations.RFO_Accounts.AccountBase(NOLOCK)  ab ON ab.AccountID = v.AccountID JOIN RFOperations.RFO_Accounts.AccountRF (NOLOCK)  rf ON rf.AccountID = ab.AccountID  JOIN RFOperations.RFO_Accounts.AccountContacts (NOLOCK)  ac ON ac.AccountId = ab.AccountID WHERE   1 = 1 AND rf.Active = 1 AND ab.AccountTypeID = 2 AND v.[SponsorID] = @AccountID AND v.DirectSponsorID = @AccountID  AND v.[PeriodID] = @PeriodID AND rf.EnrollmentDate > DATEADD( DAY,-60,GETDATE()) SELECT  @AccountID [AccountID] , @View_All_Customer [TotalPCCustomersUnderLevel1] ,  @Cust_have_Order [CustomersHaveOrdersThisMonth] ,@Cust_Sch_OrderNext_Month [CustomersHaveOrdersNextMonth] , @Cust_Further_Out [CustomersHaveOrdersFurtherOut] ,@New_Pcs [NewPcs] , @Deactivated_Pcs [DeActivatedPC] , @PeriodID [Period]

[INFO ] 2018-03-25 17:37:14.272 [main] RFLSDWebsiteBaseTest - Data returned by query: 36
[INFO ] 2018-03-25 17:37:14.273 [main] RFWebsiteDriver - waiting for locator By.xpath: //h1[contains(text(),'All Customers')]//preceding::span[1]
[INFO ] 2018-03-25 17:37:14.321 [main] RFWebsiteDriver - Element found
[INFO ] 2018-03-25 17:37:14.336 [main] RFWebsiteDriver - Waiting for spin image to get disappear0
[INFO ] 2018-03-25 17:37:14.350 [main] RFWebsiteDriver - spin image disappears
[INFO ] 2018-03-25 17:37:28.454 [main] RFWebsiteDriver - TEXT fetched for count of all PC customer for this month and next month is=7
[INFO ] 2018-03-25 17:37:28.457 [main] SoftAssert - VERIFICATION FAILED: Expected count of PC users are 36 actual on UI are 7 expected [true] but found [false]
[INFO ] 2018-03-25 17:37:28.458 [main] SoftAssert - Expected: true
[INFO ] 2018-03-25 17:37:28.458 [main] SoftAssert - Actual: false
[INFO ] 2018-03-25 17:37:28.458 [main] RFWebsiteDriver - Taking Screenshot
[INFO ] 2018-03-25 17:37:28.808 [main] SoftAssert - Snapshot Path :<a href='C:\Users\bpkotamahanti\Bindu\Automation\qa-automation\output\Screenshots\TotalNumberOfAllPCs_3349q\Expected count of PC users are 36 actual on UI are 7 expected [true] but found [false].png'>C:\Users\bpkotamahanti\Bindu\Automation\qa-automation\output\Screenshots\TotalNumberOfAllPCs_3349q\Expected count of PC users are 36 actual on UI are 7 expected [true] but found [false].png</a>

[INFO ] 2018-03-25 17:37:28.809 [main] TestListner - [TEST HAS FAILED-------- Test case TotalNumberOfAllPCs_3349q has failed] due to reason:-<br>  java.lang.AssertionError: 1.Expected count of PC users are 36 actual on UI are 7

[INFO ] 2018-03-25 17:37:28.845 [main] RFWebsiteDriver - URL opened is https://skywalker.rodanandfields.com
[INFO ] 2018-03-25 17:37:29.413 [main] RFWebsiteDriver - Waiting for LSD loading image to get disappear
[INFO ] 2018-03-25 17:37:29.531 [main] RFWebsiteDriver - LSD Animation image disappears
[INFO ] 2018-03-25 17:37:29.532 [main] RFWebsiteDriver - waiting for locator By.id: button-login
[INFO ] 2018-03-25 17:37:34.925 [main] RFWebsiteDriver - waiting for locator By.xpath: //div[text()='Hello,']/following-sibling::div[contains(@class,'text-uppercase')]
[INFO ] 2018-03-25 17:37:34.935 [main] RFWebsiteDriver - Element found
[INFO ] 2018-03-25 17:37:34.995 [main] RFWebsiteDriver - TEXT fetched for First name in overview section is=GINA AND ADAM
[INFO ] 2018-03-25 17:37:34.995 [main] RFLSDWebsiteBaseTest - Data returned by query: Gina and Adam
[INFO ] 2018-03-25 17:37:34.998 [main] RFLSDWebsiteBaseTest - Total windows opened are 1
[INFO ] 2018-03-25 17:37:35.033 [main] RFWebsiteDriver - R+F logo ready to be clicked
[INFO ] 2018-03-25 17:37:35.100 [main] RFWebsiteDriver - CLICKED on R+F logo
[INFO ] 2018-03-25 17:37:35.100 [main] RFWebsiteDriver - Waiting For Page load via JS
[INFO ] 2018-03-25 17:37:35.108 [main] RFWebsiteDriver - page load complete..
[INFO ] 2018-03-25 17:37:35.150 [main] TestListner - 
******************************************************************************************************************************
					TEST CASE NAME:                  customerViewSubCategories_2448q
******************************************************************************************************************************
[INFO ] 2018-03-25 17:37:35.170 [main] RFWebsiteDriver -  ready to be clicked
[INFO ] 2018-03-25 17:37:35.237 [main] RFWebsiteDriver - CLICKED on 
[INFO ] 2018-03-25 17:37:35.238 [main] LSDHomePage - Clicked on Pulse Submenu from Top Navigation
[INFO ] 2018-03-25 17:37:35.289 [main] RFWebsiteDriver -  ready to be clicked
[INFO ] 2018-03-25 17:37:35.370 [main] RFWebsiteDriver - CLICKED on 
[INFO ] 2018-03-25 17:37:35.370 [main] LSDHomePage - SubMenu Link : Customers clicked
[INFO ] 2018-03-25 17:37:35.410 [main] RFWebsiteDriver - Waiting for spin image to get disappear1
[INFO ] 2018-03-25 17:37:36.422 [main] RFWebsiteDriver - waiting..
[INFO ] 2018-03-25 17:37:36.432 [main] RFWebsiteDriver - spin image disappears
[INFO ] 2018-03-25 17:37:40.488 [main] RFWebsiteDriver - 1 category clicked ready to be clicked
[INFO ] 2018-03-25 17:37:40.563 [main] RFWebsiteDriver - CLICKED on 1 category clicked
[INFO ] 2018-03-25 17:37:40.563 [main] RFWebsiteDriver - waiting for locator By.xpath: //h1[contains(text(),'have orders this month')]
[INFO ] 2018-03-25 17:37:41.135 [main] RFWebsiteDriver - Element found
[INFO ] 2018-03-25 17:37:41.181 [main] RFWebsiteDriver - Waiting For Page load via JS
[INFO ] 2018-03-25 17:37:41.187 [main] RFWebsiteDriver - page load complete..
[INFO ] 2018-03-25 17:37:41.241 [main] RFWebsiteDriver - 2 category clicked ready to be clicked
[INFO ] 2018-03-25 17:37:41.339 [main] RFWebsiteDriver - CLICKED on 2 category clicked
[INFO ] 2018-03-25 17:37:41.348 [main] RFWebsiteDriver - current URL is https://skywalker.rodanandfields.com/#/pcs/will-order
[INFO ] 2018-03-25 17:37:41.384 [main] RFWebsiteDriver - Waiting For Page load via JS
[INFO ] 2018-03-25 17:37:41.389 [main] RFWebsiteDriver - page load complete..
[INFO ] 2018-03-25 17:37:41.438 [main] RFWebsiteDriver - 3 category clicked ready to be clicked
[INFO ] 2018-03-25 17:37:41.516 [main] RFWebsiteDriver - CLICKED on 3 category clicked
[INFO ] 2018-03-25 17:37:41.516 [main] RFWebsiteDriver - waiting for locator By.xpath: //h1[contains(text(),'are further out')]
[INFO ] 2018-03-25 17:37:41.536 [main] RFWebsiteDriver - Element found
[INFO ] 2018-03-25 17:37:41.573 [main] RFWebsiteDriver - Waiting For Page load via JS
[INFO ] 2018-03-25 17:37:41.579 [main] RFWebsiteDriver - page load complete..
[INFO ] 2018-03-25 17:37:41.624 [main] RFWebsiteDriver - 1 category clicked ready to be clicked
[INFO ] 2018-03-25 17:37:41.687 [main] RFWebsiteDriver - CLICKED on 1 category clicked
[INFO ] 2018-03-25 17:37:41.688 [main] RFWebsiteDriver - waiting for locator By.xpath: //h1[contains(text(),'Your new Customers')]
[INFO ] 2018-03-25 17:37:41.703 [main] RFWebsiteDriver - Element found
[INFO ] 2018-03-25 17:37:41.735 [main] RFWebsiteDriver - Waiting For Page load via JS
[INFO ] 2018-03-25 17:37:41.740 [main] RFWebsiteDriver - page load complete..
[INFO ] 2018-03-25 17:37:41.785 [main] RFWebsiteDriver - 3 category clicked ready to be clicked
[INFO ] 2018-03-25 17:37:41.850 [main] RFWebsiteDriver - CLICKED on 3 category clicked
[INFO ] 2018-03-25 17:37:41.850 [main] RFWebsiteDriver - waiting for locator By.xpath: //h1[contains(text(),'Deactivated PCs')]
[INFO ] 2018-03-25 17:37:42.387 [main] RFWebsiteDriver - Element found
[INFO ] 2018-03-25 17:37:42.408 [main] TestListner - [TEST IS SUCCESSFUL -------- Test case customerViewSubCategories_2448q has passed]
[INFO ] 2018-03-25 17:37:42.423 [main] RFWebsiteDriver - URL opened is https://skywalker.rodanandfields.com
[INFO ] 2018-03-25 17:37:42.969 [main] RFWebsiteDriver - Waiting for LSD loading image to get disappear
[INFO ] 2018-03-25 17:37:43.063 [main] RFWebsiteDriver - LSD Animation image disappears
[INFO ] 2018-03-25 17:37:43.064 [main] RFWebsiteDriver - waiting for locator By.id: button-login
[INFO ] 2018-03-25 17:37:48.302 [main] RFWebsiteDriver - waiting for locator By.xpath: //div[text()='Hello,']/following-sibling::div[contains(@class,'text-uppercase')]
[INFO ] 2018-03-25 17:37:48.312 [main] RFWebsiteDriver - Element found
[INFO ] 2018-03-25 17:37:48.373 [main] RFWebsiteDriver - TEXT fetched for First name in overview section is=GINA AND ADAM
[INFO ] 2018-03-25 17:37:48.373 [main] RFLSDWebsiteBaseTest - Data returned by query: Gina and Adam
[INFO ] 2018-03-25 17:37:48.376 [main] RFLSDWebsiteBaseTest - Total windows opened are 1
[INFO ] 2018-03-25 17:37:48.406 [main] RFWebsiteDriver - R+F logo ready to be clicked
[INFO ] 2018-03-25 17:37:48.466 [main] RFWebsiteDriver - CLICKED on R+F logo
[INFO ] 2018-03-25 17:37:48.466 [main] RFWebsiteDriver - Waiting For Page load via JS
[INFO ] 2018-03-25 17:37:48.473 [main] RFWebsiteDriver - page load complete..
[INFO ] 2018-03-25 17:37:48.511 [main] TestListner - 
******************************************************************************************************************************
					TEST CASE NAME:                  testPCCardComponents_3240q
******************************************************************************************************************************
[INFO ] 2018-03-25 17:37:48.532 [main] RFWebsiteDriver -  ready to be clicked
[INFO ] 2018-03-25 17:37:48.602 [main] RFWebsiteDriver - CLICKED on 
[INFO ] 2018-03-25 17:37:48.603 [main] LSDHomePage - Clicked on Pulse Submenu from Top Navigation
[INFO ] 2018-03-25 17:37:48.654 [main] RFWebsiteDriver -  ready to be clicked
[INFO ] 2018-03-25 17:37:48.717 [main] RFWebsiteDriver - CLICKED on 
[INFO ] 2018-03-25 17:37:48.718 [main] LSDHomePage - SubMenu Link : Customers clicked
[INFO ] 2018-03-25 17:37:48.763 [main] RFWebsiteDriver - Waiting for spin image to get disappear1
[INFO ] 2018-03-25 17:37:49.774 [main] RFWebsiteDriver - waiting..
[INFO ] 2018-03-25 17:37:49.792 [main] RFWebsiteDriver - spin image disappears
[INFO ] 2018-03-25 17:37:53.827 [main] RFWebsiteDriver - Waiting for spin image to get disappear0
[INFO ] 2018-03-25 17:37:53.839 [main] RFWebsiteDriver - spin image disappears
[INFO ] 2018-03-25 17:37:53.900 [main] RFWebsiteDriver - TEXT fetched for count of pc autoship orders for this month is=0
[INFO ] 2018-03-25 17:37:53.900 [main] RFLSDWebsiteBaseTest - There are no PCs present in this month for the user: [{AccountID=1274091, UserName=arizgina@cox.net, FirstName=Gina and Adam, LastName=Hamblen, Country=US, CurrentOpenPeriod=201710}] Hence nothing to check in this test.
[INFO ] 2018-03-25 17:37:53.900 [main] TestListner - [TEST IS SUCCESSFUL -------- Test case testPCCardComponents_3240q has passed]
[INFO ] 2018-03-25 17:37:53.906 [main] RFWebsiteDriver - URL opened is https://skywalker.rodanandfields.com
[INFO ] 2018-03-25 17:37:54.376 [main] RFWebsiteDriver - Waiting for LSD loading image to get disappear
[INFO ] 2018-03-25 17:37:54.421 [main] RFWebsiteDriver - LSD Animation image disappears
[INFO ] 2018-03-25 17:37:54.421 [main] RFWebsiteDriver - waiting for locator By.id: button-login
[INFO ] 2018-03-25 17:37:59.676 [main] RFWebsiteDriver - waiting for locator By.xpath: //div[text()='Hello,']/following-sibling::div[contains(@class,'text-uppercase')]
[INFO ] 2018-03-25 17:37:59.685 [main] RFWebsiteDriver - Element found
[INFO ] 2018-03-25 17:37:59.737 [main] RFWebsiteDriver - TEXT fetched for First name in overview section is=GINA AND ADAM
[INFO ] 2018-03-25 17:37:59.737 [main] RFLSDWebsiteBaseTest - Data returned by query: Gina and Adam
[INFO ] 2018-03-25 17:37:59.740 [main] RFLSDWebsiteBaseTest - Total windows opened are 1
[INFO ] 2018-03-25 17:37:59.766 [main] RFWebsiteDriver - R+F logo ready to be clicked
[INFO ] 2018-03-25 17:37:59.834 [main] RFWebsiteDriver - CLICKED on R+F logo
[INFO ] 2018-03-25 17:37:59.834 [main] RFWebsiteDriver - Waiting For Page load via JS
[INFO ] 2018-03-25 17:37:59.844 [main] RFWebsiteDriver - page load complete..
[INFO ] 2018-03-25 17:37:59.880 [main] TestListner - 
******************************************************************************************************************************
					TEST CASE NAME:                  testSortingByQVLowTohigh_3011q
******************************************************************************************************************************
[INFO ] 2018-03-25 17:37:59.900 [main] RFWebsiteDriver -  ready to be clicked
[INFO ] 2018-03-25 17:37:59.969 [main] RFWebsiteDriver - CLICKED on 
[INFO ] 2018-03-25 17:37:59.969 [main] LSDHomePage - Clicked on Pulse Submenu from Top Navigation
[INFO ] 2018-03-25 17:38:00.011 [main] RFWebsiteDriver -  ready to be clicked
[INFO ] 2018-03-25 17:38:00.067 [main] RFWebsiteDriver - CLICKED on 
[INFO ] 2018-03-25 17:38:00.067 [main] LSDHomePage - SubMenu Link : Customers clicked
[INFO ] 2018-03-25 17:38:00.105 [main] RFWebsiteDriver - Waiting for spin image to get disappear1
[INFO ] 2018-03-25 17:38:01.116 [main] RFWebsiteDriver - waiting..
[INFO ] 2018-03-25 17:38:02.137 [main] RFWebsiteDriver - waiting..
[INFO ] 2018-03-25 17:38:02.151 [main] RFWebsiteDriver - spin image disappears
[INFO ] 2018-03-25 17:38:06.162 [main] RFWebsiteDriver - Waiting for spin image to get disappear0
[INFO ] 2018-03-25 17:38:06.171 [main] RFWebsiteDriver - spin image disappears
[INFO ] 2018-03-25 17:38:06.219 [main] RFWebsiteDriver - TEXT fetched for count of pc autoship orders for this month is=0
[INFO ] 2018-03-25 17:38:06.228 [main] RFWebsiteDriver - Waiting for spin image to get disappear0
[INFO ] 2018-03-25 17:38:06.236 [main] RFWebsiteDriver - spin image disappears
[INFO ] 2018-03-25 17:38:06.296 [main] RFWebsiteDriver - TEXT fetched for count of pc autoship orders for next month is=7
[INFO ] 2018-03-25 17:38:06.305 [main] RFWebsiteDriver - Waiting for spin image to get disappear0
[INFO ] 2018-03-25 17:38:06.314 [main] RFWebsiteDriver - spin image disappears
[INFO ] 2018-03-25 17:38:06.372 [main] RFWebsiteDriver - TEXT fetched for count of pc autoship orders for further out is=0
[INFO ] 2018-03-25 17:38:06.381 [main] RFWebsiteDriver - Waiting for spin image to get disappear0
[INFO ] 2018-03-25 17:38:06.389 [main] RFWebsiteDriver - spin image disappears
[INFO ] 2018-03-25 17:38:06.417 [main] RFWebsiteDriver - have orders for this month ready to be clicked
[INFO ] 2018-03-25 17:38:06.478 [main] RFWebsiteDriver - CLICKED on have orders for this month
[INFO ] 2018-03-25 17:38:06.479 [main] RFWebsiteDriver - Waiting for LSD loading image to get disappear
[INFO ] 2018-03-25 17:38:07.538 [main] RFWebsiteDriver - waiting..
[INFO ] 2018-03-25 17:38:08.547 [main] RFWebsiteDriver - waiting..
[INFO ] 2018-03-25 17:38:09.564 [main] RFWebsiteDriver - waiting..
[INFO ] 2018-03-25 17:38:10.582 [main] RFWebsiteDriver - waiting..
[INFO ] 2018-03-25 17:38:11.592 [main] RFWebsiteDriver - waiting..
[INFO ] 2018-03-25 17:38:12.608 [main] RFWebsiteDriver - waiting..
[INFO ] 2018-03-25 17:38:13.619 [main] RFWebsiteDriver - waiting..
[INFO ] 2018-03-25 17:38:14.629 [main] RFWebsiteDriver - waiting..
[INFO ] 2018-03-25 17:38:15.639 [main] RFWebsiteDriver - waiting..
[INFO ] 2018-03-25 17:38:16.654 [main] RFWebsiteDriver - waiting..
[INFO ] 2018-03-25 17:38:17.662 [main] RFWebsiteDriver - waiting..
[INFO ] 2018-03-25 17:38:18.680 [main] RFWebsiteDriver - waiting..
[INFO ] 2018-03-25 17:38:19.707 [main] RFWebsiteDriver - waiting..
[INFO ] 2018-03-25 17:38:20.716 [main] RFWebsiteDriver - waiting..
[INFO ] 2018-03-25 17:38:21.750 [main] RFWebsiteDriver - waiting..
[INFO ] 2018-03-25 17:38:22.773 [main] RFWebsiteDriver - waiting..
[INFO ] 2018-03-25 17:38:23.786 [main] RFWebsiteDriver - waiting..
[INFO ] 2018-03-25 17:38:24.795 [main] RFWebsiteDriver - waiting..
[INFO ] 2018-03-25 17:38:25.808 [main] RFWebsiteDriver - waiting..
[INFO ] 2018-03-25 17:38:26.816 [main] RFWebsiteDriver - waiting..
[INFO ] 2018-03-25 17:38:26.865 [main] RFWebsiteDriver - filter ready to be clicked
[INFO ] 2018-03-25 17:38:26.927 [main] RFWebsiteDriver - CLICKED on filter
[INFO ] 2018-03-25 17:38:26.966 [main] RFWebsiteDriver - filter selected ready to be clicked
[INFO ] 2018-03-25 17:38:27.028 [main] RFWebsiteDriver - CLICKED on filter selected
[INFO ] 2018-03-25 17:38:27.278 [main] RFWebsiteDriver - Waiting For Page load via JS
[INFO ] 2018-03-25 17:38:27.285 [main] RFWebsiteDriver - page load complete..
[INFO ] 2018-03-25 17:38:27.285 [main] TestListner - [TEST IS SUCCESSFUL -------- Test case testSortingByQVLowTohigh_3011q has passed]
[INFO ] 2018-03-25 17:38:27.296 [main] RFWebsiteDriver - URL opened is https://skywalker.rodanandfields.com
[INFO ] 2018-03-25 17:38:27.835 [main] RFWebsiteDriver - Waiting for LSD loading image to get disappear
[INFO ] 2018-03-25 17:38:27.917 [main] RFWebsiteDriver - LSD Animation image disappears
[INFO ] 2018-03-25 17:38:27.917 [main] RFWebsiteDriver - waiting for locator By.id: button-login
[INFO ] 2018-03-25 17:38:33.225 [main] RFWebsiteDriver - waiting for locator By.xpath: //div[text()='Hello,']/following-sibling::div[contains(@class,'text-uppercase')]
[INFO ] 2018-03-25 17:38:33.235 [main] RFWebsiteDriver - Element found
[INFO ] 2018-03-25 17:38:33.290 [main] RFWebsiteDriver - TEXT fetched for First name in overview section is=GINA AND ADAM
[INFO ] 2018-03-25 17:38:33.291 [main] RFLSDWebsiteBaseTest - Data returned by query: Gina and Adam
[INFO ] 2018-03-25 17:38:33.294 [main] RFLSDWebsiteBaseTest - Total windows opened are 1
[INFO ] 2018-03-25 17:38:33.324 [main] RFWebsiteDriver - R+F logo ready to be clicked
[INFO ] 2018-03-25 17:38:33.382 [main] RFWebsiteDriver - CLICKED on R+F logo
[INFO ] 2018-03-25 17:38:33.382 [main] RFWebsiteDriver - Waiting For Page load via JS
[INFO ] 2018-03-25 17:38:33.387 [main] RFWebsiteDriver - page load complete..
[INFO ] 2018-03-25 17:38:33.424 [main] TestListner - 
******************************************************************************************************************************
					TEST CASE NAME:                  testSortingMenuForNextMonth_2999q
******************************************************************************************************************************
[INFO ] 2018-03-25 17:38:33.444 [main] RFWebsiteDriver -  ready to be clicked
[INFO ] 2018-03-25 17:38:33.519 [main] RFWebsiteDriver - CLICKED on 
[INFO ] 2018-03-25 17:38:33.519 [main] LSDHomePage - Clicked on Pulse Submenu from Top Navigation
[INFO ] 2018-03-25 17:38:33.570 [main] RFWebsiteDriver -  ready to be clicked
[INFO ] 2018-03-25 17:38:33.633 [main] RFWebsiteDriver - CLICKED on 
[INFO ] 2018-03-25 17:38:33.634 [main] LSDHomePage - SubMenu Link : Customers clicked
[INFO ] 2018-03-25 17:38:33.673 [main] RFWebsiteDriver - Waiting for spin image to get disappear1
[INFO ] 2018-03-25 17:38:34.684 [main] RFWebsiteDriver - waiting..
[INFO ] 2018-03-25 17:38:34.716 [main] RFWebsiteDriver - spin image disappears
[INFO ] 2018-03-25 17:38:38.759 [main] RFWebsiteDriver - Waiting for spin image to get disappear0
[INFO ] 2018-03-25 17:38:38.774 [main] RFWebsiteDriver - spin image disappears
[INFO ] 2018-03-25 17:38:38.803 [main] RFWebsiteDriver - have orders for this month ready to be clicked
[INFO ] 2018-03-25 17:38:38.868 [main] RFWebsiteDriver - CLICKED on have orders for this month
[INFO ] 2018-03-25 17:38:38.868 [main] RFWebsiteDriver - Waiting for LSD loading image to get disappear
[INFO ] 2018-03-25 17:38:39.925 [main] RFWebsiteDriver - waiting..
[INFO ] 2018-03-25 17:38:40.947 [main] RFWebsiteDriver - waiting..
[INFO ] 2018-03-25 17:38:41.964 [main] RFWebsiteDriver - waiting..
[INFO ] 2018-03-25 17:38:42.985 [main] RFWebsiteDriver - waiting..
[INFO ] 2018-03-25 17:38:44.002 [main] RFWebsiteDriver - waiting..
[INFO ] 2018-03-25 17:38:45.012 [main] RFWebsiteDriver - waiting..
[INFO ] 2018-03-25 17:38:46.037 [main] RFWebsiteDriver - waiting..
[INFO ] 2018-03-25 17:38:47.055 [main] RFWebsiteDriver - waiting..
[INFO ] 2018-03-25 17:38:48.062 [main] RFWebsiteDriver - waiting..
[INFO ] 2018-03-25 17:38:49.072 [main] RFWebsiteDriver - waiting..
[INFO ] 2018-03-25 17:38:50.088 [main] RFWebsiteDriver - waiting..
[INFO ] 2018-03-25 17:38:51.114 [main] RFWebsiteDriver - waiting..
[INFO ] 2018-03-25 17:38:52.129 [main] RFWebsiteDriver - waiting..
[INFO ] 2018-03-25 17:38:53.145 [main] RFWebsiteDriver - waiting..
[INFO ] 2018-03-25 17:38:54.160 [main] RFWebsiteDriver - waiting..
[INFO ] 2018-03-25 17:38:55.181 [main] RFWebsiteDriver - waiting..
[INFO ] 2018-03-25 17:38:56.191 [main] RFWebsiteDriver - waiting..
[INFO ] 2018-03-25 17:38:57.199 [main] RFWebsiteDriver - waiting..
[INFO ] 2018-03-25 17:38:58.209 [main] RFWebsiteDriver - waiting..
[INFO ] 2018-03-25 17:38:59.225 [main] RFWebsiteDriver - waiting..
[INFO ] 2018-03-25 17:38:59.235 [main] RFWebsiteDriver - current URL is https://skywalker.rodanandfields.com/#/pcs/will-order
[INFO ] 2018-03-25 17:38:59.281 [main] RFWebsiteDriver - filter ready to be clicked
[INFO ] 2018-03-25 17:38:59.333 [main] RFWebsiteDriver - CLICKED on filter
[INFO ] 2018-03-25 17:38:59.744 [main] TestListner - [TEST IS SUCCESSFUL -------- Test case testSortingMenuForNextMonth_2999q has passed]
[INFO ] 2018-03-25 17:38:59.753 [main] RFWebsiteDriver - URL opened is https://skywalker.rodanandfields.com
[INFO ] 2018-03-25 17:39:00.319 [main] RFWebsiteDriver - Waiting for LSD loading image to get disappear
[INFO ] 2018-03-25 17:39:00.403 [main] RFWebsiteDriver - LSD Animation image disappears
[INFO ] 2018-03-25 17:39:00.403 [main] RFWebsiteDriver - waiting for locator By.id: button-login
[INFO ] 2018-03-25 17:39:05.694 [main] RFWebsiteDriver - waiting for locator By.xpath: //div[text()='Hello,']/following-sibling::div[contains(@class,'text-uppercase')]
[INFO ] 2018-03-25 17:39:05.705 [main] RFWebsiteDriver - Element found
[INFO ] 2018-03-25 17:39:05.762 [main] RFWebsiteDriver - TEXT fetched for First name in overview section is=GINA AND ADAM
[INFO ] 2018-03-25 17:39:05.762 [main] RFLSDWebsiteBaseTest - Data returned by query: Gina and Adam
[INFO ] 2018-03-25 17:39:05.765 [main] RFLSDWebsiteBaseTest - Total windows opened are 1
[INFO ] 2018-03-25 17:39:05.795 [main] RFWebsiteDriver - R+F logo ready to be clicked
[INFO ] 2018-03-25 17:39:05.866 [main] RFWebsiteDriver - CLICKED on R+F logo
[INFO ] 2018-03-25 17:39:05.866 [main] RFWebsiteDriver - Waiting For Page load via JS
[INFO ] 2018-03-25 17:39:05.873 [main] RFWebsiteDriver - page load complete..
[INFO ] 2018-03-25 17:39:05.911 [main] TestListner - 
******************************************************************************************************************************
					TEST CASE NAME:                  testSortingMenuForThisMonth_3000q
******************************************************************************************************************************
[INFO ] 2018-03-25 17:39:05.930 [main] RFWebsiteDriver -  ready to be clicked
[INFO ] 2018-03-25 17:39:06.006 [main] RFWebsiteDriver - CLICKED on 
[INFO ] 2018-03-25 17:39:06.006 [main] LSDHomePage - Clicked on Pulse Submenu from Top Navigation
[INFO ] 2018-03-25 17:39:06.060 [main] RFWebsiteDriver -  ready to be clicked
[INFO ] 2018-03-25 17:39:06.135 [main] RFWebsiteDriver - CLICKED on 
[INFO ] 2018-03-25 17:39:06.135 [main] LSDHomePage - SubMenu Link : Customers clicked
[INFO ] 2018-03-25 17:39:06.178 [main] RFWebsiteDriver - Waiting for spin image to get disappear1
[INFO ] 2018-03-25 17:39:07.188 [main] RFWebsiteDriver - waiting..
[INFO ] 2018-03-25 17:39:07.195 [main] RFWebsiteDriver - spin image disappears
[INFO ] 2018-03-25 17:39:18.259 [main] RFWebsiteDriver - have orders for this month ready to be clicked
[INFO ] 2018-03-25 17:39:18.322 [main] RFWebsiteDriver - CLICKED on have orders for this month
[INFO ] 2018-03-25 17:39:23.516 [main] RFWebsiteDriver - current URL is https://skywalker.rodanandfields.com/#/pcs/have-orders
[INFO ] 2018-03-25 17:39:23.565 [main] RFWebsiteDriver - filter ready to be clicked
[INFO ] 2018-03-25 17:39:23.632 [main] RFWebsiteDriver - CLICKED on filter
[INFO ] 2018-03-25 17:39:24.128 [main] TestListner - [TEST IS SUCCESSFUL -------- Test case testSortingMenuForThisMonth_3000q has passed]
[INFO ] 2018-03-25 17:39:24.137 [main] RFWebsiteDriver - URL opened is https://skywalker.rodanandfields.com
[INFO ] 2018-03-25 17:39:24.512 [main] RFWebsiteDriver - Waiting for LSD loading image to get disappear
[INFO ] 2018-03-25 17:39:24.649 [main] RFWebsiteDriver - LSD Animation image disappears
[INFO ] 2018-03-25 17:39:24.649 [main] RFWebsiteDriver - waiting for locator By.id: button-login
[INFO ] 2018-03-25 17:39:29.971 [main] RFWebsiteDriver - waiting for locator By.xpath: //div[text()='Hello,']/following-sibling::div[contains(@class,'text-uppercase')]
[INFO ] 2018-03-25 17:39:29.985 [main] RFWebsiteDriver - Element found
[INFO ] 2018-03-25 17:39:30.041 [main] RFWebsiteDriver - TEXT fetched for First name in overview section is=GINA AND ADAM
[INFO ] 2018-03-25 17:39:30.041 [main] RFLSDWebsiteBaseTest - Data returned by query: Gina and Adam
[INFO ] 2018-03-25 17:39:30.045 [main] RFLSDWebsiteBaseTest - Total windows opened are 1
[INFO ] 2018-03-25 17:39:30.079 [main] RFWebsiteDriver - R+F logo ready to be clicked
[INFO ] 2018-03-25 17:39:30.149 [main] RFWebsiteDriver - CLICKED on R+F logo
[INFO ] 2018-03-25 17:39:30.150 [main] RFWebsiteDriver - Waiting For Page load via JS
[INFO ] 2018-03-25 17:39:30.157 [main] RFWebsiteDriver - page load complete..
[INFO ] 2018-03-25 17:39:30.197 [main] TestListner - 
******************************************************************************************************************************
					TEST CASE NAME:                  testTotalNumberOfDeactivatedPCs_2985q
******************************************************************************************************************************
[INFO ] 2018-03-25 17:39:30.216 [main] RFWebsiteDriver -  ready to be clicked
[INFO ] 2018-03-25 17:39:30.289 [main] RFWebsiteDriver - CLICKED on 
[INFO ] 2018-03-25 17:39:30.289 [main] LSDHomePage - Clicked on Pulse Submenu from Top Navigation
[INFO ] 2018-03-25 17:39:30.335 [main] RFWebsiteDriver -  ready to be clicked
[INFO ] 2018-03-25 17:39:30.402 [main] RFWebsiteDriver - CLICKED on 
[INFO ] 2018-03-25 17:39:30.402 [main] LSDHomePage - SubMenu Link : Customers clicked
[INFO ] 2018-03-25 17:39:30.461 [main] RFWebsiteDriver - Waiting for spin image to get disappear1
[INFO ] 2018-03-25 17:39:31.471 [main] RFWebsiteDriver - waiting..
[INFO ] 2018-03-25 17:39:31.482 [main] RFWebsiteDriver - spin image disappears
[INFO ] 2018-03-25 17:39:35.483 [main] RFLSDWebsiteBaseTest - Data returned by query: 0
[INFO ] 2018-03-25 17:39:35.497 [main] RFWebsiteDriver - Waiting for spin image to get disappear0
[INFO ] 2018-03-25 17:39:35.511 [main] RFWebsiteDriver - spin image disappears
[INFO ] 2018-03-25 17:39:39.601 [main] RFWebsiteDriver - TEXT fetched for count of deactivated pcs is=0
[INFO ] 2018-03-25 17:39:39.643 [main] RFWebsiteDriver - 3 category clicked ready to be clicked
[INFO ] 2018-03-25 17:39:39.702 [main] RFWebsiteDriver - CLICKED on 3 category clicked
[INFO ] 2018-03-25 17:39:39.702 [main] RFWebsiteDriver - wait started for By.xpath: //h1[contains(text(),'Deactivated PC')]/../descendant::span[1]
[INFO ] 2018-03-25 17:39:39.702 [main] RFWebsiteDriver - waiting for locator By.xpath: //h1[contains(text(),'Deactivated PC')]/../descendant::span[1]
[INFO ] 2018-03-25 17:39:39.730 [main] RFWebsiteDriver - Element found
[INFO ] 2018-03-25 17:39:39.781 [main] RFWebsiteDriver - TEXT fetched for count of deactivated pc at header is=0
[INFO ] 2018-03-25 17:39:39.782 [main] TestListner - [TEST IS SUCCESSFUL -------- Test case testTotalNumberOfDeactivatedPCs_2985q has passed]
[INFO ] 2018-03-25 17:39:39.790 [main] RFWebsiteDriver - URL opened is https://skywalker.rodanandfields.com
[INFO ] 2018-03-25 17:39:40.384 [main] RFWebsiteDriver - Waiting for LSD loading image to get disappear
[INFO ] 2018-03-25 17:39:40.480 [main] RFWebsiteDriver - LSD Animation image disappears
[INFO ] 2018-03-25 17:39:40.480 [main] RFWebsiteDriver - waiting for locator By.id: button-login
[INFO ] 2018-03-25 17:39:45.744 [main] RFWebsiteDriver - waiting for locator By.xpath: //div[text()='Hello,']/following-sibling::div[contains(@class,'text-uppercase')]
[INFO ] 2018-03-25 17:39:45.753 [main] RFWebsiteDriver - Element found
[INFO ] 2018-03-25 17:39:45.801 [main] RFWebsiteDriver - TEXT fetched for First name in overview section is=GINA AND ADAM
[INFO ] 2018-03-25 17:39:45.802 [main] RFLSDWebsiteBaseTest - Data returned by query: Gina and Adam
[INFO ] 2018-03-25 17:39:45.804 [main] RFLSDWebsiteBaseTest - Total windows opened are 1
[INFO ] 2018-03-25 17:39:45.827 [main] RFWebsiteDriver - R+F logo ready to be clicked
[INFO ] 2018-03-25 17:39:45.882 [main] RFWebsiteDriver - CLICKED on R+F logo
[INFO ] 2018-03-25 17:39:45.882 [main] RFWebsiteDriver - Waiting For Page load via JS
[INFO ] 2018-03-25 17:39:45.887 [main] RFWebsiteDriver - page load complete..
[INFO ] 2018-03-25 17:39:45.919 [main] TestListner - 
******************************************************************************************************************************
					TEST CASE NAME:                  testTotalNumberOfPCsNextMonth_3021q
******************************************************************************************************************************
[INFO ] 2018-03-25 17:39:45.938 [main] RFWebsiteDriver -  ready to be clicked
[INFO ] 2018-03-25 17:39:46.021 [main] RFWebsiteDriver - CLICKED on 
[INFO ] 2018-03-25 17:39:46.022 [main] LSDHomePage - Clicked on Pulse Submenu from Top Navigation
[INFO ] 2018-03-25 17:39:46.069 [main] RFWebsiteDriver -  ready to be clicked
[INFO ] 2018-03-25 17:39:46.134 [main] RFWebsiteDriver - CLICKED on 
[INFO ] 2018-03-25 17:39:46.135 [main] LSDHomePage - SubMenu Link : Customers clicked
[INFO ] 2018-03-25 17:39:46.167 [main] RFWebsiteDriver - Waiting for spin image to get disappear1
[INFO ] 2018-03-25 17:39:47.176 [main] RFWebsiteDriver - waiting..
[INFO ] 2018-03-25 17:39:47.191 [main] RFWebsiteDriver - spin image disappears
[INFO ] 2018-03-25 17:39:51.191 [main] RFLSDWebsiteBaseTest - Data returned by query: 7
[INFO ] 2018-03-25 17:39:51.234 [main] RFWebsiteDriver - Waiting for spin image to get disappear0
[INFO ] 2018-03-25 17:39:51.249 [main] RFWebsiteDriver - spin image disappears
[INFO ] 2018-03-25 17:39:51.325 [main] RFWebsiteDriver - TEXT fetched for count of pc autoship orders for next month is=7
[INFO ] 2018-03-25 17:39:51.334 [main] RFWebsiteDriver - Waiting for spin image to get disappear0
[INFO ] 2018-03-25 17:39:51.342 [main] RFWebsiteDriver - spin image disappears
[INFO ] 2018-03-25 17:39:51.370 [main] RFWebsiteDriver - have orders for this month ready to be clicked
[INFO ] 2018-03-25 17:39:51.428 [main] RFWebsiteDriver - CLICKED on have orders for this month
[INFO ] 2018-03-25 17:39:51.428 [main] RFWebsiteDriver - Waiting for LSD loading image to get disappear
[INFO ] 2018-03-25 17:39:52.487 [main] RFWebsiteDriver - waiting..
[INFO ] 2018-03-25 17:39:53.504 [main] RFWebsiteDriver - waiting..
[INFO ] 2018-03-25 17:39:54.530 [main] RFWebsiteDriver - waiting..
[INFO ] 2018-03-25 17:39:55.551 [main] RFWebsiteDriver - waiting..
[INFO ] 2018-03-25 17:39:56.559 [main] RFWebsiteDriver - waiting..
[INFO ] 2018-03-25 17:39:57.571 [main] RFWebsiteDriver - waiting..
[INFO ] 2018-03-25 17:39:58.590 [main] RFWebsiteDriver - waiting..
[INFO ] 2018-03-25 17:39:59.612 [main] RFWebsiteDriver - waiting..
[INFO ] 2018-03-25 17:40:00.631 [main] RFWebsiteDriver - waiting..
[INFO ] 2018-03-25 17:40:01.639 [main] RFWebsiteDriver - waiting..
[INFO ] 2018-03-25 17:40:02.655 [main] RFWebsiteDriver - waiting..
[INFO ] 2018-03-25 17:40:03.685 [main] RFWebsiteDriver - waiting..
[INFO ] 2018-03-25 17:40:04.704 [main] RFWebsiteDriver - waiting..
[INFO ] 2018-03-25 17:40:05.719 [main] RFWebsiteDriver - waiting..
[INFO ] 2018-03-25 17:40:06.734 [main] RFWebsiteDriver - waiting..
[INFO ] 2018-03-25 17:40:07.760 [main] RFWebsiteDriver - waiting..
[INFO ] 2018-03-25 17:40:08.772 [main] RFWebsiteDriver - waiting..
[INFO ] 2018-03-25 17:40:09.792 [main] RFWebsiteDriver - waiting..
[INFO ] 2018-03-25 17:40:10.816 [main] RFWebsiteDriver - waiting..
[INFO ] 2018-03-25 17:40:11.837 [main] RFWebsiteDriver - waiting..
[INFO ] 2018-03-25 17:40:11.865 [main] RFWebsiteDriver - Waiting for spin image to get disappear0
[INFO ] 2018-03-25 17:40:11.892 [main] RFWebsiteDriver - spin image disappears
[INFO ] 2018-03-25 17:40:11.892 [main] RFWebsiteDriver - wait started for By.xpath: //h1[contains(text(),'orders next month')]/preceding::span[1]
[INFO ] 2018-03-25 17:40:11.893 [main] RFWebsiteDriver - waiting for locator By.xpath: //h1[contains(text(),'orders next month')]/preceding::span[1]
[INFO ] 2018-03-25 17:40:11.921 [main] RFWebsiteDriver - Element found
[INFO ] 2018-03-25 17:40:11.976 [main] RFWebsiteDriver - TEXT fetched for count of pc orders for next month at header is=7
[INFO ] 2018-03-25 17:40:11.976 [main] TestListner - [TEST IS SUCCESSFUL -------- Test case testTotalNumberOfPCsNextMonth_3021q has passed]
[INFO ] 2018-03-25 17:40:11.985 [main] RFWebsiteDriver - URL opened is https://skywalker.rodanandfields.com
[INFO ] 2018-03-25 17:40:12.491 [main] RFWebsiteDriver - Waiting for LSD loading image to get disappear
[INFO ] 2018-03-25 17:40:12.614 [main] RFWebsiteDriver - LSD Animation image disappears
[INFO ] 2018-03-25 17:40:12.614 [main] RFWebsiteDriver - waiting for locator By.id: button-login
[INFO ] 2018-03-25 17:40:18.014 [main] RFWebsiteDriver - waiting for locator By.xpath: //div[text()='Hello,']/following-sibling::div[contains(@class,'text-uppercase')]
[INFO ] 2018-03-25 17:40:18.022 [main] RFWebsiteDriver - Element found
[INFO ] 2018-03-25 17:40:18.079 [main] RFWebsiteDriver - TEXT fetched for First name in overview section is=GINA AND ADAM
[INFO ] 2018-03-25 17:40:18.080 [main] RFLSDWebsiteBaseTest - Data returned by query: Gina and Adam
[INFO ] 2018-03-25 17:40:18.082 [main] RFLSDWebsiteBaseTest - Total windows opened are 1
[INFO ] 2018-03-25 17:40:18.111 [main] RFWebsiteDriver - R+F logo ready to be clicked
[INFO ] 2018-03-25 17:40:18.182 [main] RFWebsiteDriver - CLICKED on R+F logo
[INFO ] 2018-03-25 17:40:18.182 [main] RFWebsiteDriver - Waiting For Page load via JS
[INFO ] 2018-03-25 17:40:18.189 [main] RFWebsiteDriver - page load complete..
[INFO ] 2018-03-25 17:40:18.224 [main] TestListner - 
******************************************************************************************************************************
					TEST CASE NAME:                  testTotalNumberOfPCsThisMonth_3013q
******************************************************************************************************************************
[INFO ] 2018-03-25 17:40:18.244 [main] RFWebsiteDriver -  ready to be clicked
[INFO ] 2018-03-25 17:40:18.304 [main] RFWebsiteDriver - CLICKED on 
[INFO ] 2018-03-25 17:40:18.304 [main] LSDHomePage - Clicked on Pulse Submenu from Top Navigation
[INFO ] 2018-03-25 17:40:18.354 [main] RFWebsiteDriver -  ready to be clicked
[INFO ] 2018-03-25 17:40:18.419 [main] RFWebsiteDriver - CLICKED on 
[INFO ] 2018-03-25 17:40:18.419 [main] LSDHomePage - SubMenu Link : Customers clicked
[INFO ] 2018-03-25 17:40:18.463 [main] RFWebsiteDriver - Waiting for spin image to get disappear1
[INFO ] 2018-03-25 17:40:19.474 [main] RFWebsiteDriver - waiting..
[INFO ] 2018-03-25 17:40:19.486 [main] RFWebsiteDriver - spin image disappears
[INFO ] 2018-03-25 17:40:23.486 [main] RFLSDWebsiteBaseTest - Data returned by query: 0
[INFO ] 2018-03-25 17:40:23.542 [main] RFWebsiteDriver - Waiting for spin image to get disappear0
[INFO ] 2018-03-25 17:40:23.555 [main] RFWebsiteDriver - spin image disappears
[INFO ] 2018-03-25 17:40:23.630 [main] RFWebsiteDriver - TEXT fetched for count of pc autoship orders for this month is=0
[INFO ] 2018-03-25 17:40:30.677 [main] RFWebsiteDriver - have orders for this month ready to be clicked
[INFO ] 2018-03-25 17:40:30.773 [main] RFWebsiteDriver - CLICKED on have orders for this month
[INFO ] 2018-03-25 17:40:35.986 [main] RFWebsiteDriver - wait started for By.xpath: //h1[contains(text(),'have orders this month')]/preceding::span[1]
[INFO ] 2018-03-25 17:40:35.986 [main] RFWebsiteDriver - waiting for locator By.xpath: //h1[contains(text(),'have orders this month')]/preceding::span[1]
[INFO ] 2018-03-25 17:40:36.011 [main] RFWebsiteDriver - Element found
[INFO ] 2018-03-25 17:40:36.064 [main] RFWebsiteDriver - TEXT fetched for count of pc autoship orders for this month at header is=0
[INFO ] 2018-03-25 17:40:36.064 [main] TestListner - [TEST IS SUCCESSFUL -------- Test case testTotalNumberOfPCsThisMonth_3013q has passed]
[INFO ] 2018-03-25 17:40:36.069 [main] RFWebsiteDriver - URL opened is https://skywalker.rodanandfields.com
[INFO ] 2018-03-25 17:40:36.592 [main] RFWebsiteDriver - Waiting for LSD loading image to get disappear
[INFO ] 2018-03-25 17:40:36.678 [main] RFWebsiteDriver - LSD Animation image disappears
[INFO ] 2018-03-25 17:40:36.678 [main] RFWebsiteDriver - Waiting for LSD loading image to get disappear
[INFO ] 2018-03-25 17:40:37.744 [main] RFWebsiteDriver - waiting..
[INFO ] 2018-03-25 17:40:37.761 [main] RFWebsiteDriver - LSD loading image disappears
[INFO ] 2018-03-25 17:40:37.761 [main] RFWebsiteDriver - waiting for locator By.xpath: //div[@id='rf-nav-wrapper']/descendant::span[text()='Pulse'][1]
[INFO ] 2018-03-25 17:40:38.298 [main] RFWebsiteDriver - Element found
[INFO ] 2018-03-25 17:40:38.320 [main] RFWebsiteDriver - Pulse in top navigation ready to be clicked
[INFO ] 2018-03-25 17:40:38.388 [main] RFWebsiteDriver - CLICKED on Pulse in top navigation
[INFO ] 2018-03-25 17:40:38.388 [main] LSDRFWebsiteBasePage - Pulse in top navigation clicked
[INFO ] 2018-03-25 17:40:38.388 [main] LSDRFWebsiteBasePage - Logging out from pulse application
[INFO ] 2018-03-25 17:40:38.453 [main] RFWebsiteDriver - CLICKED by JS on 
[INFO ] 2018-03-25 17:40:38.453 [main] RFWebsiteDriver - Waiting for LSD loading image to get disappear
[INFO ] 2018-03-25 17:40:38.463 [main] RFWebsiteDriver - LSD loading image disappears
