[INFO ] 2018-03-01 13:33:12.450 [main] RFBaseTest - Environment properties are not provided by the user ... loading the default properties
[INFO ] 2018-03-01 13:33:12.450 [main] RFBaseTest - Default Browser is  ------ chrome
[INFO ] 2018-03-01 13:33:12.450 [main] RFBaseTest - Default URL is  ------ https://skywalker.rodanandfields.com
[INFO ] 2018-03-01 13:33:12.450 [main] RFBaseTest - Default user password is  ------ 111Maiden$
[INFO ] 2018-03-01 13:33:12.451 [main] RFBaseTest - Default Country is  ------ us
[INFO ] 2018-03-01 13:33:12.451 [main] RFBaseTest - Default DB IP is  ------ 10.3.0.218
[INFO ] 2018-03-01 13:33:12.451 [main] RFBaseTest - Default DB Username is  ------ perftest
[INFO ] 2018-03-01 13:33:12.451 [main] RFBaseTest - Default DB Password is  ------ perftest
[INFO ] 2018-03-01 13:33:12.451 [main] RFBaseTest - Default DB Domain is  ------ RF
[INFO ] 2018-03-01 13:33:19.837 [main] RFWebsiteDriver - Window is maximized
[INFO ] 2018-03-01 13:33:19.838 [main] RFWebsiteDriver - All cookies deleted
[INFO ] 2018-03-01 13:33:19.839 [main] RFWebsiteDriver - URL opened is https://skywalker.rodanandfields.com
[INFO ] 2018-03-01 13:33:32.075 [main] RFLSDWebsiteBaseTest - Application loaded
[INFO ] 2018-03-01 13:33:32.087 [main] RFWebsiteDriver - DB connections are set
[INFO ] 2018-03-01 13:33:48.571 [main] DBUtil - QUERY TRIGGERED IS SELECT top 1 * FROM Commissions.[calcs].[vwQualificationSummary] where SV!=0 and PSQV!=0 and L1L2!=0 and L1L6!=0 and ECLegs > 0 and periodid= LEFT(CONVERT(varchar, GetDate(),112),6)  order by NewID() desc

[INFO ] 2018-03-01 13:33:49.071 [main] RFLSDWebsiteBaseTest - Data returned by query: 2
[INFO ] 2018-03-01 13:33:49.072 [main] DBUtil - QUERY TRIGGERED IS SELECT  ab.AccountID ,ac.FirstName ,ac.LastName ,acs.Username FROM  RFOperations.RFO_Accounts.AccountBase ab JOIN RFOperations.RFO_Accounts.AccountRF rf ON rf.AccountID = ab.AccountID JOIN RFOperations.RFO_Accounts.AccountContacts ac ON ac.AccountId = ab.AccountID LEFT JOIN RFOperations.Security.AccountSecurity acs ON acs.AccountID = ab.AccountID LEFT JOIN RFOperations.RFO_Reference.AccountType t ON t.AccountTypeID = ab.AccountTypeID LEFT JOIN RFOperations.RFO_Reference.AccountStatus s ON s.AccountStatusID = ab.AccountStatusID LEFT JOIN RFOperations.RFO_Reference.Countries c ON c.CountryID = ab.CountryID WHERE   ab.AccountID = 2

[INFO ] 2018-03-01 13:33:49.277 [main] RFLSDWebsiteBaseTest - Data returned by query: 0
[INFO ] 2018-03-01 13:33:49.279 [main] DBUtil - QUERY TRIGGERED IS select EmailAddress from RFO_Accounts.AccountContacts acTB INNER JOIN RFO_Accounts.AccountEmails aeTB  on acTB.AccountContactId=aeTB.AccountContactId INNER JOIN RFO_Accounts.EmailAddresses aEMTB on aeTB.EmailAddressID=aEMTB.EmailAddressID WHERE acTB.AccountID='2' and aEMTB.EmailAddressTypeID=1 

[INFO ] 2018-03-01 13:33:49.493 [main] RFLSDWebsiteBaseTest - Data returned by query: noreply@rodanandfields.com
[INFO ] 2018-03-01 13:33:49.494 [main] RFWebsiteDriver - Waiting for LSD loading image to get disappear
[INFO ] 2018-03-01 13:33:49.542 [main] RFWebsiteDriver - LSD loading image disappears
[INFO ] 2018-03-01 13:33:49.601 [main] RFWebsiteDriver - waiting for locator By.id: username
[INFO ] 2018-03-01 13:33:49.610 [main] RFWebsiteDriver - Element found
[INFO ] 2018-03-01 13:33:49.610 [main] RFWebsiteDriver - Taking Screenshot
[INFO ] 2018-03-01 13:33:50.154 [main] RFWebsiteDriver - wait started for By.id: username
[INFO ] 2018-03-01 13:33:50.154 [main] RFWebsiteDriver - waiting for locator By.id: username
[INFO ] 2018-03-01 13:33:50.165 [main] RFWebsiteDriver - Element found
[INFO ] 2018-03-01 13:33:50.358 [main] RFWebsiteDriver - TYPED text as = noreply@rodanandfields.com in  text field
[INFO ] 2018-03-01 13:33:50.358 [main] LSDLoginPage - username is noreply@rodanandfields.com
[INFO ] 2018-03-01 13:33:50.358 [main] RFWebsiteDriver - wait started for By.id: password
[INFO ] 2018-03-01 13:33:50.358 [main] RFWebsiteDriver - waiting for locator By.id: password
[INFO ] 2018-03-01 13:33:50.375 [main] RFWebsiteDriver - Element found
[INFO ] 2018-03-01 13:33:50.495 [main] RFWebsiteDriver - TYPED text as = 111Maiden$ in  text field
[INFO ] 2018-03-01 13:33:50.495 [main] LSDLoginPage - password is 111Maiden$
[INFO ] 2018-03-01 13:33:50.496 [main] RFWebsiteDriver - wait started for By.id: button-login
[INFO ] 2018-03-01 13:33:50.496 [main] RFWebsiteDriver - waiting for locator By.id: button-login
[INFO ] 2018-03-01 13:33:50.518 [main] RFWebsiteDriver - Element found
[INFO ] 2018-03-01 13:33:50.518 [main] RFWebsiteDriver -  ready to be clicked
[INFO ] 2018-03-01 13:33:50.606 [main] RFWebsiteDriver - CLICKED on 
[INFO ] 2018-03-01 13:34:02.071 [main] RFWebsiteDriver - URL opened is https://skywalker.rodanandfields.com
[INFO ] 2018-03-01 13:34:02.686 [main] RFWebsiteDriver - Waiting for LSD loading image to get disappear
[INFO ] 2018-03-01 13:34:02.876 [main] RFWebsiteDriver - LSD Animation image disappears
[INFO ] 2018-03-01 13:34:02.876 [main] RFWebsiteDriver - waiting for locator By.id: button-login
[INFO ] 2018-03-01 13:34:08.224 [main] RFWebsiteDriver - waiting for locator By.xpath: //div[text()='Hello,']/following-sibling::div[contains(@class,'text-uppercase')]
[INFO ] 2018-03-01 13:34:08.232 [main] RFWebsiteDriver - Element found
[INFO ] 2018-03-01 13:34:08.243 [main] RFWebsiteDriver - waiting for locator By.xpath: //div[text()='Hello,']/following-sibling::div[contains(@class,'text-uppercase')]
[INFO ] 2018-03-01 13:34:08.253 [main] RFWebsiteDriver - Element found
[INFO ] 2018-03-01 13:34:08.284 [main] RFWebsiteDriver - TEXT fetched for First name in overview section is=RF
[INFO ] 2018-03-01 13:34:08.284 [main] RFLSDWebsiteBaseTest - Data returned by query: RF
[INFO ] 2018-03-01 13:34:08.290 [main] RFWebsiteDriver - wait started for By.xpath: //div[@id='rf-nav-wrapper']/descendant::img[2]
[INFO ] 2018-03-01 13:34:08.290 [main] RFWebsiteDriver - waiting for locator By.xpath: //div[@id='rf-nav-wrapper']/descendant::img[2]
[INFO ] 2018-03-01 13:34:08.307 [main] RFWebsiteDriver - Element found
[INFO ] 2018-03-01 13:34:08.307 [main] RFWebsiteDriver - R+F logo ready to be clicked
[INFO ] 2018-03-01 13:34:08.404 [main] RFWebsiteDriver - CLICKED on R+F logo
[INFO ] 2018-03-01 13:34:08.495 [main] TestListner - 
******************************************************************************************************************************
					TEST CASE NAME:                  testSortingByQVLowTohigh_3011q
******************************************************************************************************************************
[INFO ] 2018-03-01 13:34:08.548 [main] RFWebsiteDriver - wait started for By.xpath: //div[@id='rf-nav-wrapper']/descendant::span[text()='Pulse'][1]
[INFO ] 2018-03-01 13:34:08.549 [main] RFWebsiteDriver - waiting for locator By.xpath: //div[@id='rf-nav-wrapper']/descendant::span[text()='Pulse'][1]
[INFO ] 2018-03-01 13:34:08.568 [main] RFWebsiteDriver - Element found
[INFO ] 2018-03-01 13:34:08.568 [main] RFWebsiteDriver -  ready to be clicked
[INFO ] 2018-03-01 13:34:08.635 [main] RFWebsiteDriver - CLICKED on 
[INFO ] 2018-03-01 13:34:08.636 [main] LSDHomePage - Clicked on Pulse Submenu from Top Navigation
[INFO ] 2018-03-01 13:34:08.686 [main] RFWebsiteDriver - wait started for By.xpath: //a[contains(text(),'Customers')]
[INFO ] 2018-03-01 13:34:08.686 [main] RFWebsiteDriver - waiting for locator By.xpath: //a[contains(text(),'Customers')]
[INFO ] 2018-03-01 13:34:08.697 [main] RFWebsiteDriver - Element found
[INFO ] 2018-03-01 13:34:08.697 [main] RFWebsiteDriver -  ready to be clicked
[INFO ] 2018-03-01 13:34:08.773 [main] RFWebsiteDriver - CLICKED on 
[INFO ] 2018-03-01 13:34:08.774 [main] LSDHomePage - SubMenu Link : Customers clicked
[INFO ] 2018-03-01 13:34:08.801 [main] RFWebsiteDriver - Waiting for spin image to get disappear0
[INFO ] 2018-03-01 13:34:08.808 [main] RFWebsiteDriver - spin image disappears
[INFO ] 2018-03-01 13:35:03.369 [main] RFWebsiteDriver - Waiting for spin image to get disappear0
[INFO ] 2018-03-01 13:35:03.425 [main] RFWebsiteDriver - spin image disappears
[INFO ] 2018-03-01 13:35:03.430 [main] RFWebsiteDriver - waiting for locator By.xpath: //div[contains(@class,'white-fb')]/descendant::a[1]/descendant::span[2]
[INFO ] 2018-03-01 13:35:03.501 [main] RFWebsiteDriver - Element found
[INFO ] 2018-03-01 13:35:03.627 [main] RFWebsiteDriver - TEXT fetched for count of pc autoship orders for this month is=43
[INFO ] 2018-03-01 13:35:09.177 [main] RFWebsiteDriver - Waiting for spin image to get disappear0
[INFO ] 2018-03-01 13:35:09.233 [main] RFWebsiteDriver - spin image disappears
[INFO ] 2018-03-01 13:35:09.239 [main] RFWebsiteDriver - waiting for locator By.xpath: //div[contains(@class,'white-fb')]/descendant::a[2]/descendant::span[2]
[INFO ] 2018-03-01 13:35:09.319 [main] RFWebsiteDriver - Element found
[INFO ] 2018-03-01 13:35:09.442 [main] RFWebsiteDriver - TEXT fetched for count of pc autoship orders for next month is=432
[INFO ] 2018-03-01 13:35:12.435 [main] RFWebsiteDriver - Waiting for spin image to get disappear0
[INFO ] 2018-03-01 13:35:12.487 [main] RFWebsiteDriver - spin image disappears
[INFO ] 2018-03-01 13:35:12.492 [main] RFWebsiteDriver - waiting for locator By.xpath: //div[contains(@class,'white-fb')]/descendant::a[3]/descendant::span[2]
[INFO ] 2018-03-01 13:35:12.562 [main] RFWebsiteDriver - Element found
[INFO ] 2018-03-01 13:35:12.679 [main] RFWebsiteDriver - TEXT fetched for count of pc autoship orders for further out is=9
[INFO ] 2018-03-01 13:35:43.676 [main] RFWebsiteDriver - wait started for By.xpath: //div[contains(@class,'white-fb')]/descendant::a[1]/descendant::span[1]
[INFO ] 2018-03-01 13:35:43.700 [main] RFWebsiteDriver - waiting for locator By.xpath: //div[contains(@class,'white-fb')]/descendant::a[1]/descendant::span[1]
[INFO ] 2018-03-01 13:35:43.786 [main] RFWebsiteDriver - Element found
[INFO ] 2018-03-01 13:35:43.791 [main] RFWebsiteDriver - have orders for this month ready to be clicked
[INFO ] 2018-03-01 13:35:43.944 [main] RFWebsiteDriver - CLICKED on have orders for this month
[INFO ] 2018-03-01 13:35:56.286 [main] TestListner - [TEST HAS FAILED-------- Test case testSortingByQVLowTohigh_3011q has failed] due to reason:-<br>  org.openqa.selenium.NoSuchElementException: no such element: Unable to locate element: {"method":"xpath","selector":"//div[contains(@class,'white-fb')]/descendant::a[1]/descendant::span[1]"}
  (Session info: chrome=64.0.3282.186)
  (Driver info: chromedriver=2.33.506120 (e3e53437346286c0bc2d2dc9aa4915ba81d9023f),platform=Windows NT 10.0.10586 x86_64) (WARNING: The server did not provide any stacktrace information)
Command duration or timeout: 0 milliseconds
For documentation on this error, please visit: http://seleniumhq.org/exceptions/no_such_element.html
Build info: version: '3.7.1', revision: '8a0099a', time: '2017-11-06T21:01:39.354Z'
System info: host: 'LD-4V2P3G2', ip: '10.6.64.235', os.name: 'Windows 10', os.arch: 'amd64', os.version: '10.0', java.version: '1.8.0_161'
Driver info: org.openqa.selenium.chrome.ChromeDriver
Capabilities {acceptSslCerts: true, applicationCacheEnabled: false, browserConnectionEnabled: false, browserName: chrome, chrome: {chromedriverVersion: 2.33.506120 (e3e53437346286..., userDataDir: C:\Users\BPKOTA~1\AppData\L...}, cssSelectorsEnabled: true, databaseEnabled: false, handlesAlerts: true, hasTouchScreen: false, javascriptEnabled: true, locationContextEnabled: true, mobileEmulationEnabled: false, nativeEvents: true, networkConnectionEnabled: false, pageLoadStrategy: normal, platform: XP, platformName: XP, rotatable: false, setWindowRect: true, takesHeapSnapshot: true, takesScreenshot: true, unexpectedAlertBehaviour: , unhandledPromptBehavior: , version: 64.0.3282.186, webStorageEnabled: true}
Session ID: cc998cb14712a06668fb9e5de3a2fb28
*** Element info: {Using=xpath, value=//div[contains(@class,'white-fb')]/descendant::a[1]/descendant::span[1]}
[INFO ] 2018-03-01 13:35:56.286 [main] RFWebsiteDriver - Taking Screenshot
[INFO ] 2018-03-01 13:35:56.635 [main] TestListner - Snapshot Path :<a href='C:\Users\bpkotamahanti\Bindu\Automation\qa-automation\output\Screenshots\testSortingByQVLowTohigh_3011q\testSortingByQVLowTohigh_3011q.png'>C:\Users\bpkotamahanti\Bindu\Automation\qa-automation\output\Screenshots\testSortingByQVLowTohigh_3011q\testSortingByQVLowTohigh_3011q.png</a>

[INFO ] 2018-03-01 13:35:56.662 [main] RFWebsiteDriver - URL opened is https://skywalker.rodanandfields.com
[INFO ] 2018-03-01 13:35:57.121 [main] RFWebsiteDriver - Waiting for LSD loading image to get disappear
[INFO ] 2018-03-01 13:35:57.262 [main] RFWebsiteDriver - LSD Animation image disappears
[INFO ] 2018-03-01 13:35:57.262 [main] RFWebsiteDriver - Waiting for LSD loading image to get disappear
[INFO ] 2018-03-01 13:35:58.426 [main] RFWebsiteDriver - waiting..
[INFO ] 2018-03-01 13:35:59.440 [main] RFWebsiteDriver - waiting..
[INFO ] 2018-03-01 13:35:59.462 [main] RFWebsiteDriver - LSD loading image disappears
[INFO ] 2018-03-01 13:35:59.462 [main] RFWebsiteDriver - waiting for locator By.xpath: //div[@id='rf-nav-wrapper']/descendant::span[text()='Pulse'][1]
[INFO ] 2018-03-01 13:35:59.481 [main] RFWebsiteDriver - Element found
[INFO ] 2018-03-01 13:35:59.481 [main] RFWebsiteDriver - wait started for By.xpath: //div[@id='rf-nav-wrapper']/descendant::span[text()='Pulse'][1]
[INFO ] 2018-03-01 13:35:59.482 [main] RFWebsiteDriver - waiting for locator By.xpath: //div[@id='rf-nav-wrapper']/descendant::span[text()='Pulse'][1]
[INFO ] 2018-03-01 13:35:59.493 [main] RFWebsiteDriver - Element found
[INFO ] 2018-03-01 13:35:59.493 [main] RFWebsiteDriver - Pulse in top navigation ready to be clicked
[INFO ] 2018-03-01 13:35:59.587 [main] RFWebsiteDriver - CLICKED on Pulse in top navigation
[INFO ] 2018-03-01 13:35:59.587 [main] LSDRFWebsiteBasePage - Pulse in top navigation clicked
[INFO ] 2018-03-01 13:35:59.587 [main] LSDRFWebsiteBasePage - Logging out from pulse application
[INFO ] 2018-03-01 13:35:59.677 [main] RFWebsiteDriver - CLICKED on 
[INFO ] 2018-03-01 13:35:59.677 [main] RFWebsiteDriver - Waiting for LSD loading image to get disappear
[INFO ] 2018-03-01 13:35:59.688 [main] RFWebsiteDriver - LSD loading image disappears
