[INFO ] 2018-03-18 16:19:38.352 [main] RFBaseTest - Environment properties are not provided by the user ... loading the default properties
[INFO ] 2018-03-18 16:19:38.353 [main] RFBaseTest - Default Browser is  ------ chrome
[INFO ] 2018-03-18 16:19:38.354 [main] RFBaseTest - Default URL is  ------ https://laserhead-fett.us-east-1.elasticbeanstalk.com
[INFO ] 2018-03-18 16:19:38.354 [main] RFBaseTest - Default user password is  ------ 111Maiden$
[INFO ] 2018-03-18 16:19:38.354 [main] RFBaseTest - Default Country is  ------ us
[INFO ] 2018-03-18 16:19:38.354 [main] RFBaseTest - Default DB IP is  ------ 172.16.15.41
[INFO ] 2018-03-18 16:19:38.354 [main] RFBaseTest - Default DB Username is  ------ perftest
[INFO ] 2018-03-18 16:19:38.355 [main] RFBaseTest - Default DB Password is  ------ perftest
[INFO ] 2018-03-18 16:19:38.355 [main] RFBaseTest - Default DB Domain is  ------ RF
[INFO ] 2018-03-18 16:19:44.153 [main] RFWebsiteDriver - Window is maximized
[INFO ] 2018-03-18 16:19:44.154 [main] RFWebsiteDriver - All cookies deleted
[INFO ] 2018-03-18 16:19:44.154 [main] RFWebsiteDriver - URL opened is https://laserhead-fett.us-east-1.elasticbeanstalk.com
[INFO ] 2018-03-18 16:19:46.220 [main] RFLSDWebsiteBaseTest - Application loaded
[INFO ] 2018-03-18 16:19:46.237 [main] RFWebsiteDriver - DB connections are set
[INFO ] 2018-03-18 16:19:46.303 [main] DBUtil - QUERY TRIGGERED IS DECLARE @CurrentOpenPeriod INT = ( SELECT TOP 1
                                            PeriodID
                                   FROM     Commissions.reference.Periods
                                   WHERE    ClosedDate IS NULL
                                   ORDER BY PeriodID ASC
                                 ) ,
    @AccountID INT ,
    @UserName NVARCHAR(225) ,
    @Country NVARCHAR(225)

SELECT TOP 1
        @AccountID = ab.AccountID ,
        @UserName = ac.Username ,
        @Country = co.Alpha2Code
FROM    RFOperations.RFO_Accounts.AccountBase (NOLOCK) ab
        JOIN RFOperations.RFO_Accounts.AccountRF (NOLOCK) rf ON rf.AccountID = ab.AccountID
        JOIN RFOperations.Security.AccountSecurity (NOLOCK) ac ON ac.AccountID = ab.AccountID
        JOIN RFOperations.RFO_Reference.Countries (NOLOCK) co ON co.CountryID = ab.CountryID
WHERE   ab.AccountTypeID = 1
        AND ab.AccountStatusID = 1
        AND co.Alpha2Code = 'US'
        AND rf.Active = 1
        AND EXISTS ( SELECT 1
                     FROM   RFOperations.Hybris.Autoship (NOLOCK) a
                     WHERE  a.AccountID = ab.AccountID
                            AND a.AutoshipTypeID = 3
                            AND a.Active = 1 )
        AND EXISTS ( SELECT 1
                     FROM   Commissions.calcs.vwQualificationSummary v
                     WHERE  ab.AccountID = v.AccountID
                            AND v.PeriodID = @CurrentOpenPeriod
                            AND v.SV >= 100
                            AND v.PSQV >= 600 )
ORDER BY NEWID()

SELECT  ISNULL(@AccountID, 1496) AccountID ,
        ISNULL(@UserName, 'skincareconsultants@gmail.com') UserName ,
        ISNULL(@Country, 'US') Country ,
        @CurrentOpenPeriod CurrentOpenPeriod

[INFO ] 2018-03-18 16:19:58.400 [main] RFLSDWebsiteBaseTest - randomConsultantDetailsList:[{AccountID=1496, UserName=skincareconsultants@gmail.com, Country=US, CurrentOpenPeriod=201802}]
[INFO ] 2018-03-18 16:19:58.400 [main] RFLSDWebsiteBaseTest - Data returned by query: 1496
[INFO ] 2018-03-18 16:19:58.400 [main] RFLSDWebsiteBaseTest - Data returned by query: skincareconsultants@gmail.com
[INFO ] 2018-03-18 16:19:58.400 [main] RFLSDWebsiteBaseTest - userName:[{AccountID=1496, UserName=skincareconsultants@gmail.com, Country=US, CurrentOpenPeriod=201802}]
[INFO ] 2018-03-18 16:19:58.400 [main] RFWebsiteDriver - Waiting for LSD loading image to get disappear
[INFO ] 2018-03-18 16:19:58.428 [main] RFWebsiteDriver - LSD loading image disappears
[INFO ] 2018-03-18 16:19:58.484 [main] RFWebsiteDriver - waiting for locator By.id: username
[INFO ] 2018-03-18 16:19:58.498 [main] RFWebsiteDriver - Element found
[INFO ] 2018-03-18 16:19:58.498 [main] RFWebsiteDriver - Taking Screenshot
[INFO ] 2018-03-18 16:19:58.883 [main] RFWebsiteDriver - wait started for By.id: username
[INFO ] 2018-03-18 16:19:58.884 [main] RFWebsiteDriver - waiting for locator By.id: username
[INFO ] 2018-03-18 16:19:58.898 [main] RFWebsiteDriver - Element found
[INFO ] 2018-03-18 16:19:59.075 [main] RFWebsiteDriver - TYPED text as = skincareconsultants@gmail.com in  text field
[INFO ] 2018-03-18 16:19:59.075 [main] LSDLoginPage - username is skincareconsultants@gmail.com
[INFO ] 2018-03-18 16:19:59.075 [main] RFWebsiteDriver - wait started for By.id: password
[INFO ] 2018-03-18 16:19:59.075 [main] RFWebsiteDriver - waiting for locator By.id: password
[INFO ] 2018-03-18 16:19:59.091 [main] RFWebsiteDriver - Element found
[INFO ] 2018-03-18 16:19:59.216 [main] RFWebsiteDriver - TYPED text as = 111Maiden$ in  text field
[INFO ] 2018-03-18 16:19:59.217 [main] LSDLoginPage - password is 111Maiden$
[INFO ] 2018-03-18 16:19:59.217 [main] RFWebsiteDriver - wait started for By.id: button-login
[INFO ] 2018-03-18 16:19:59.217 [main] RFWebsiteDriver - waiting for locator By.id: button-login
[INFO ] 2018-03-18 16:19:59.233 [main] RFWebsiteDriver - Element found
[INFO ] 2018-03-18 16:19:59.234 [main] RFWebsiteDriver -  ready to be clicked
[INFO ] 2018-03-18 16:19:59.302 [main] RFWebsiteDriver - CLICKED on 
[INFO ] 2018-03-18 16:20:22.725 [main] RFWebsiteDriver - URL opened is https://laserhead-fett.us-east-1.elasticbeanstalk.com
[INFO ] 2018-03-18 16:20:23.890 [main] RFWebsiteDriver - Waiting for LSD loading image to get disappear
[INFO ] 2018-03-18 16:20:23.915 [main] RFWebsiteDriver - LSD Animation image disappears
[INFO ] 2018-03-18 16:20:23.915 [main] RFWebsiteDriver - waiting for locator By.id: button-login
[INFO ] 2018-03-18 16:20:30.334 [main] RFWebsiteDriver - waiting for locator By.xpath: //div[text()='Hello,']/following-sibling::div[contains(@class,'text-uppercase')]
[INFO ] 2018-03-18 16:20:30.344 [main] RFWebsiteDriver - Element found
[INFO ] 2018-03-18 16:20:30.360 [main] RFWebsiteDriver - waiting for locator By.xpath: //div[text()='Hello,']/following-sibling::div[contains(@class,'text-uppercase')]
[INFO ] 2018-03-18 16:20:30.374 [main] RFWebsiteDriver - Element found
[INFO ] 2018-03-18 16:20:30.412 [main] RFWebsiteDriver - TEXT fetched for First name in overview section is=SARAH
[INFO ] 2018-03-18 16:20:30.412 [main] RFLSDWebsiteBaseTest - Data returned by query: null
[INFO ] 2018-03-18 16:20:30.422 [main] RFWebsiteDriver - wait started for By.xpath: //div[@id='rf-nav-wrapper']/descendant::img[2]
[INFO ] 2018-03-18 16:20:30.422 [main] RFWebsiteDriver - waiting for locator By.xpath: //div[@id='rf-nav-wrapper']/descendant::img[2]
[INFO ] 2018-03-18 16:20:30.440 [main] RFWebsiteDriver - Element found
[INFO ] 2018-03-18 16:20:30.441 [main] RFWebsiteDriver - R+F logo ready to be clicked
[INFO ] 2018-03-18 16:20:30.523 [main] RFWebsiteDriver - CLICKED on R+F logo
[INFO ] 2018-03-18 16:20:30.677 [main] TestListner - 
******************************************************************************************************************************
					TEST CASE NAME:                  testTotalNumberOfDeactivatedPCs_2985q
******************************************************************************************************************************
[INFO ] 2018-03-18 16:20:30.734 [main] RFWebsiteDriver - wait started for By.xpath: //div[@id='rf-nav-wrapper']/descendant::span[text()='Pulse'][1]
[INFO ] 2018-03-18 16:20:30.734 [main] RFWebsiteDriver - waiting for locator By.xpath: //div[@id='rf-nav-wrapper']/descendant::span[text()='Pulse'][1]
[INFO ] 2018-03-18 16:20:30.753 [main] RFWebsiteDriver - Element found
[INFO ] 2018-03-18 16:20:30.753 [main] RFWebsiteDriver -  ready to be clicked
[INFO ] 2018-03-18 16:20:30.831 [main] RFWebsiteDriver - CLICKED on 
[INFO ] 2018-03-18 16:20:30.832 [main] LSDHomePage - Clicked on Pulse Submenu from Top Navigation
[INFO ] 2018-03-18 16:20:30.878 [main] RFWebsiteDriver - wait started for By.xpath: //a[contains(text(),'Customers')]
[INFO ] 2018-03-18 16:20:30.879 [main] RFWebsiteDriver - waiting for locator By.xpath: //a[contains(text(),'Customers')]
[INFO ] 2018-03-18 16:20:30.888 [main] RFWebsiteDriver - Element found
[INFO ] 2018-03-18 16:20:30.889 [main] RFWebsiteDriver -  ready to be clicked
[INFO ] 2018-03-18 16:20:30.956 [main] RFWebsiteDriver - CLICKED on 
[INFO ] 2018-03-18 16:20:30.956 [main] LSDHomePage - SubMenu Link : Customers clicked
[INFO ] 2018-03-18 16:20:30.977 [main] RFWebsiteDriver - Waiting for spin image to get disappear1
[INFO ] 2018-03-18 16:20:31.988 [main] RFWebsiteDriver - waiting..
[INFO ] 2018-03-18 16:20:33.001 [main] RFWebsiteDriver - waiting..
[INFO ] 2018-03-18 16:20:34.025 [main] RFWebsiteDriver - waiting..
[INFO ] 2018-03-18 16:20:35.048 [main] RFWebsiteDriver - waiting..
[INFO ] 2018-03-18 16:20:36.058 [main] RFWebsiteDriver - waiting..
[INFO ] 2018-03-18 16:20:37.080 [main] RFWebsiteDriver - waiting..
[INFO ] 2018-03-18 16:20:38.098 [main] RFWebsiteDriver - waiting..
[INFO ] 2018-03-18 16:20:39.107 [main] RFWebsiteDriver - waiting..
[INFO ] 2018-03-18 16:20:40.121 [main] RFWebsiteDriver - waiting..
[INFO ] 2018-03-18 16:20:41.142 [main] RFWebsiteDriver - waiting..
[INFO ] 2018-03-18 16:20:45.145 [main] DBUtil - QUERY TRIGGERED IS 
        DECLARE @AccountID INT= 1496   -- You Just need to Pass Consultant's AccountID here . 


        
		
		  DECLARE  @PeriodID INT= NULL ,
            @View_All_Customer INT ,
            @Cust_have_Order INT ,
            @Cust_Sch_OrderNext_Month INT ,
            @Cust_Further_Out INT ,
            @New_Pcs INT ,
            @Deactivated_Pcs INT

          

        SET @PeriodID = ISNULL(@PeriodID,
                               ( SELECT MAX(PERIODID)
                                 FROM   commissions.reference.PERIODS
                                 WHERE  CLOSEDDATE IS NULL
                                        AND STARTDATE <= GETDATE()
                               ))
  
  
        SELECT  @View_All_Customer = COUNT(DISTINCT ab.AccountID)
        FROM    Commissions.calcs.vwPlacementTreePermutated AS v WITH ( NOEXPAND )
                JOIN RFOperations.RFO_Accounts.AccountBase(NOLOCK)  ab ON ab.AccountID = v.AccountID
                JOIN RFOperations.RFO_Accounts.AccountRF (NOLOCK)  rf ON rf.AccountID = ab.AccountID
                JOIN RFOperations.RFO_Accounts.AccountContacts (NOLOCK)  ac ON ac.AccountId = ab.AccountID
        WHERE   1 = 1
                AND rf.Active = 1
                AND ab.AccountTypeID = 2
                AND v.[SponsorID] = @AccountID
                AND v.DirectSponsorID = @AccountID
                AND v.[PeriodID] = @PeriodID
      
				
				
				
        SELECT  @Cust_have_Order = COUNT(DISTINCT ab.AccountID)
        FROM    Commissions.calcs.vwPlacementTreePermutated AS v WITH ( NOEXPAND )
                JOIN RFOperations.RFO_Accounts.AccountBase(NOLOCK)  ab ON ab.AccountID = v.AccountID
                JOIN RFOperations.RFO_Accounts.AccountRF (NOLOCK)  rf ON rf.AccountID = ab.AccountID
                JOIN RFOperations.RFO_Accounts.AccountContacts (NOLOCK)  ac ON ac.AccountId = ab.AccountID
        WHERE   1 = 1
                AND rf.Active = 1
                AND ab.AccountTypeID = 2
                AND v.[SponsorID] = @AccountID
                AND v.DirectSponsorID = @AccountID
                AND v.[PeriodID] = @PeriodID
                AND EXISTS ( SELECT 1
                             FROM   RFOperations.Hybris.orders (NOLOCK)  ro
                             WHERE  ro.AccountID = ab.AccountID
                                    AND ro.OrderTypeID = 9
                                    AND ro.OrderStatusID IN ( 2, 4 )
                                    AND LEFT(CONVERT(NVARCHAR(25), ro.CompletionDate, 112),
                                             6) = @PeriodID )
     
				
        SELECT  @Cust_Sch_OrderNext_Month = COUNT(1)
        FROM    Commissions.calcs.vwPlacementTreePermutated AS v WITH ( NOEXPAND )
                JOIN RFOperations.RFO_Accounts.AccountBase(NOLOCK)  ab ON ab.AccountID = v.AccountID
                JOIN RFOperations.RFO_Accounts.AccountRF (NOLOCK)  rf ON rf.AccountID = ab.AccountID
                JOIN RFOperations.RFO_Accounts.AccountContacts (NOLOCK)  ac ON ac.AccountId = ab.AccountID
        WHERE   1 = 1
                AND rf.Active = 1
                AND ab.AccountTypeID = 2
                AND v.[SponsorID] = @AccountID
                AND v.DirectSponsorID = @AccountID
                AND v.[PeriodID] = @PeriodID
                AND EXISTS ( SELECT 1
                             FROM   RFOperations.Hybris.Autoship(NOLOCK)  AU
                             WHERE  AU.AccountID = ab.AccountID
                                    AND AU.AutoshipTypeID = 1
                                    AND AU.Active = 1
                                    AND LEFT(CONVERT(NVARCHAR(25), DATEADD(MONTH,
                                                              -1,
                                                              Au.NextRunDate), 112),
                                             6) = @PeriodID )			
				 


        SELECT  @Cust_Further_Out = COUNT(1)
        FROM    Commissions.calcs.vwPlacementTreePermutated AS v WITH ( NOEXPAND )
                JOIN RFOperations.RFO_Accounts.AccountBase(NOLOCK)  ab ON ab.AccountID = v.AccountID
                JOIN RFOperations.RFO_Accounts.AccountRF (NOLOCK)  rf ON rf.AccountID = ab.AccountID
                JOIN RFOperations.RFO_Accounts.AccountContacts (NOLOCK)  ac ON ac.AccountId = ab.AccountID
        WHERE   1 = 1
                AND rf.Active = 1
                AND ab.AccountTypeID = 2
                AND v.[SponsorID] = @AccountID
                AND v.DirectSponsorID = @AccountID
                AND v.[PeriodID] = @PeriodID
                AND EXISTS ( SELECT 1
                             FROM   RFOperations.Hybris.Autoship(NOLOCK)  AU
                             WHERE  AU.AccountID = ab.AccountID
                                    AND AU.AutoshipTypeID = 1
                                    AND AU.Active = 1
                                    AND LEFT(CONVERT(NVARCHAR(25), DATEADD(MONTH,
                                                              -1,
                                                              Au.NextRunDate), 112),
                                             6) > @PeriodID )			
		
		
	
        SELECT  @Deactivated_Pcs = COUNT(1)
        FROM    Commissions.calcs.vwPlacementTreePermutated AS v WITH ( NOEXPAND )
                JOIN RFOperations.RFO_Accounts.AccountBase(NOLOCK)  ab ON ab.AccountID = v.AccountID
                JOIN RFOperations.RFO_Accounts.AccountRF (NOLOCK)  rf ON rf.AccountID = ab.AccountID
                JOIN RFOperations.RFO_Accounts.AccountContacts (NOLOCK)  ac ON ac.AccountId = ab.AccountID
        WHERE   1 = 1
                AND rf.Active = 0
                AND ab.AccountTypeID = 2
                AND v.[SponsorID] = @AccountID
                AND v.DirectSponsorID = @AccountID
                AND v.[PeriodID] = @PeriodID
                AND  rf.SoftTerminationDate > DATEADD( DAY,-60,GETDATE())



        SELECT  @New_Pcs = COUNT(1)
        FROM    commissions.calcs.vwPlacementTreePermutated AS v WITH ( NOEXPAND )
                JOIN RFOperations.RFO_Accounts.AccountBase(NOLOCK)  ab ON ab.AccountID = v.AccountID
                JOIN RFOperations.RFO_Accounts.AccountRF (NOLOCK)  rf ON rf.AccountID = ab.AccountID
                JOIN RFOperations.RFO_Accounts.AccountContacts (NOLOCK)  ac ON ac.AccountId = ab.AccountID
        WHERE   1 = 1
                AND rf.Active = 1
                AND ab.AccountTypeID = 2
                AND v.[SponsorID] = @AccountID
                AND v.DirectSponsorID = @AccountID
                AND v.[PeriodID] = @PeriodID
                AND rf.EnrollmentDate > DATEADD( DAY,-60,GETDATE())
				
        SELECT  @AccountID [AccountID] ,
                @View_All_Customer [TotalPCCustomersUnderLevel1] ,
                @Cust_have_Order [CustomersHaveOrdersThisMonth] ,
                @Cust_Sch_OrderNext_Month [CustomersHaveOrdersNextMonth] ,
                @Cust_Further_Out [CustomersHaveOrdersFurtherOut] ,
                @New_Pcs [NewPcs] ,
                @Deactivated_Pcs [DeActivatedPC] ,
                @PeriodID [Period]
				


[INFO ] 2018-03-18 16:21:11.715 [main] RFLSDWebsiteBaseTest - Data returned by query: 2
[INFO ] 2018-03-18 16:21:11.725 [main] RFWebsiteDriver - Waiting for spin image to get disappear0
[INFO ] 2018-03-18 16:21:11.735 [main] RFWebsiteDriver - spin image disappears
[INFO ] 2018-03-18 16:21:15.735 [main] RFWebsiteDriver - waiting for locator By.xpath: //h1[contains(text(),'View Your Customers')]/following::span[4]
[INFO ] 2018-03-18 16:21:15.753 [main] RFWebsiteDriver - Element found
[INFO ] 2018-03-18 16:21:15.797 [main] RFWebsiteDriver - TEXT fetched for count of deactivated pcs is=0
[INFO ] 2018-03-18 16:21:15.802 [main] SoftAssert - VERIFICATION FAILED: Expected count of deactivate PCs are2but actual on UI is 0 expected [true] but found [false]
[INFO ] 2018-03-18 16:21:15.802 [main] SoftAssert - Expected: true
[INFO ] 2018-03-18 16:21:15.803 [main] SoftAssert - Actual: false
[INFO ] 2018-03-18 16:21:15.803 [main] RFWebsiteDriver - Taking Screenshot
[INFO ] 2018-03-18 16:21:16.176 [main] SoftAssert - Snapshot Path :<a href='C:\Users\bpkotamahanti\Bindu\Automation\qa-automation\output\Screenshots\testTotalNumberOfDeactivatedPCs_2985q\Expected count of deactivate PCs are2but actual on UI is 0 expected [true] but found [false].png'>C:\Users\bpkotamahanti\Bindu\Automation\qa-automation\output\Screenshots\testTotalNumberOfDeactivatedPCs_2985q\Expected count of deactivate PCs are2but actual on UI is 0 expected [true] but found [false].png</a>

[INFO ] 2018-03-18 16:21:16.249 [main] RFWebsiteDriver - wait started for By.xpath: //h1[contains(text(),'View Your Customers')]/following::span[3]
[INFO ] 2018-03-18 16:21:16.250 [main] RFWebsiteDriver - waiting for locator By.xpath: //h1[contains(text(),'View Your Customers')]/following::span[3]
[INFO ] 2018-03-18 16:21:16.260 [main] RFWebsiteDriver - Element found
[INFO ] 2018-03-18 16:21:16.260 [main] RFWebsiteDriver - 3 category clicked ready to be clicked
[INFO ] 2018-03-18 16:21:16.407 [main] RFWebsiteDriver - CLICKED on 3 category clicked
[INFO ] 2018-03-18 16:21:16.407 [main] RFWebsiteDriver - wait started for By.xpath: //h1[contains(text(),'Deactivated PC')]/../descendant::span[1]
[INFO ] 2018-03-18 16:21:16.407 [main] RFWebsiteDriver - waiting for locator By.xpath: //h1[contains(text(),'Deactivated PC')]/../descendant::span[1]
[INFO ] 2018-03-18 16:21:16.954 [main] RFWebsiteDriver - Element found
[INFO ] 2018-03-18 16:21:16.954 [main] RFWebsiteDriver - waiting for locator By.xpath: //h1[contains(text(),'Deactivated PC')]/../descendant::span[1]
[INFO ] 2018-03-18 16:21:16.968 [main] RFWebsiteDriver - Element found
[INFO ] 2018-03-18 16:21:17.039 [main] RFWebsiteDriver - TEXT fetched for count of deactivated pc at header is=0
[INFO ] 2018-03-18 16:21:17.040 [main] SoftAssert - VERIFICATION FAILED: Expected count of deactivate PCs are2but actual on header is 0 expected [true] but found [false]
[INFO ] 2018-03-18 16:21:17.040 [main] SoftAssert - Expected: true
[INFO ] 2018-03-18 16:21:17.040 [main] SoftAssert - Actual: false
[INFO ] 2018-03-18 16:21:17.040 [main] RFWebsiteDriver - Taking Screenshot
[INFO ] 2018-03-18 16:21:17.410 [main] SoftAssert - Snapshot Path :<a href='C:\Users\bpkotamahanti\Bindu\Automation\qa-automation\output\Screenshots\testTotalNumberOfDeactivatedPCs_2985q\Expected count of deactivate PCs are2but actual on header is 0 expected [true] but found [false].png'>C:\Users\bpkotamahanti\Bindu\Automation\qa-automation\output\Screenshots\testTotalNumberOfDeactivatedPCs_2985q\Expected count of deactivate PCs are2but actual on header is 0 expected [true] but found [false].png</a>

[INFO ] 2018-03-18 16:21:17.413 [main] TestListner - [TEST HAS FAILED-------- Test case testTotalNumberOfDeactivatedPCs_2985q has failed] due to reason:-<br>  java.lang.AssertionError: 1.Expected count of deactivate PCs are2but actual on header is 0

 1.Expected count of deactivate PCs are2but actual on UI is 0

[INFO ] 2018-03-18 16:21:17.445 [main] RFWebsiteDriver - URL opened is https://laserhead-fett.us-east-1.elasticbeanstalk.com
[INFO ] 2018-03-18 16:21:18.001 [main] RFWebsiteDriver - Waiting for LSD loading image to get disappear
[INFO ] 2018-03-18 16:21:18.022 [main] RFWebsiteDriver - LSD Animation image disappears
[INFO ] 2018-03-18 16:21:18.022 [main] RFWebsiteDriver - Waiting for LSD loading image to get disappear
[INFO ] 2018-03-18 16:21:19.041 [main] RFWebsiteDriver - waiting..
[INFO ] 2018-03-18 16:21:20.053 [main] RFWebsiteDriver - waiting..
[INFO ] 2018-03-18 16:21:21.065 [main] RFWebsiteDriver - waiting..
[INFO ] 2018-03-18 16:21:22.074 [main] RFWebsiteDriver - waiting..
[INFO ] 2018-03-18 16:21:23.094 [main] RFWebsiteDriver - waiting..
[INFO ] 2018-03-18 16:21:23.103 [main] RFWebsiteDriver - LSD loading image disappears
[INFO ] 2018-03-18 16:21:23.104 [main] RFWebsiteDriver - waiting for locator By.xpath: //div[@id='rf-nav-wrapper']/descendant::span[text()='Pulse'][1]
[INFO ] 2018-03-18 16:21:23.120 [main] RFWebsiteDriver - Element found
[INFO ] 2018-03-18 16:21:23.120 [main] RFWebsiteDriver - wait started for By.xpath: //div[@id='rf-nav-wrapper']/descendant::span[text()='Pulse'][1]
[INFO ] 2018-03-18 16:21:23.120 [main] RFWebsiteDriver - waiting for locator By.xpath: //div[@id='rf-nav-wrapper']/descendant::span[text()='Pulse'][1]
[INFO ] 2018-03-18 16:21:23.133 [main] RFWebsiteDriver - Element found
[INFO ] 2018-03-18 16:21:23.133 [main] RFWebsiteDriver - Pulse in top navigation ready to be clicked
[INFO ] 2018-03-18 16:21:44.566 [main] RFWebsiteDriver - CLICKED on 
[INFO ] 2018-03-18 16:21:44.566 [main] RFWebsiteDriver - CLICKED on Pulse in top navigation
[INFO ] 2018-03-18 16:21:44.566 [main] LSDRFWebsiteBasePage - Pulse in top navigation clicked
[INFO ] 2018-03-18 16:21:44.566 [main] LSDRFWebsiteBasePage - Logging out from pulse application
[INFO ] 2018-03-18 16:21:54.735 [main] RFWebsiteDriver - CLICKED on 
[INFO ] 2018-03-18 16:21:54.736 [main] RFWebsiteDriver - Waiting for LSD loading image to get disappear
[INFO ] 2018-03-18 16:21:54.755 [main] RFWebsiteDriver - LSD loading image disappears
