[INFO ] 2018-03-19 13:56:07.932 [main] RFBaseTest - Environment properties are not provided by the user ... loading the default properties
[INFO ] 2018-03-19 13:56:07.932 [main] RFBaseTest - Default Browser is  ------ chrome
[INFO ] 2018-03-19 13:56:07.932 [main] RFBaseTest - Default URL is  ------ https://skywalker.rodanandfields.com
[INFO ] 2018-03-19 13:56:07.932 [main] RFBaseTest - Default user password is  ------ 111Maiden$
[INFO ] 2018-03-19 13:56:07.932 [main] RFBaseTest - Default Country is  ------ us
[INFO ] 2018-03-19 13:56:07.933 [main] RFBaseTest - Default DB IP is  ------ 10.3.0.218
[INFO ] 2018-03-19 13:56:07.933 [main] RFBaseTest - Default DB Username is  ------ perftest
[INFO ] 2018-03-19 13:56:07.933 [main] RFBaseTest - Default DB Password is  ------ perftest
[INFO ] 2018-03-19 13:56:07.933 [main] RFBaseTest - Default DB Domain is  ------ RF
[INFO ] 2018-03-19 13:56:12.929 [main] RFWebsiteDriver - Window is maximized
[INFO ] 2018-03-19 13:56:12.930 [main] RFWebsiteDriver - All cookies deleted
[INFO ] 2018-03-19 13:56:12.930 [main] RFWebsiteDriver - URL opened is https://skywalker.rodanandfields.com
[INFO ] 2018-03-19 13:56:14.769 [main] RFLSDWebsiteBaseTest - Application loaded
[INFO ] 2018-03-19 13:56:14.784 [main] RFWebsiteDriver - DB connections are set
[INFO ] 2018-03-19 13:56:14.870 [main] DBUtil - QUERY TRIGGERED IS DECLARE @CurrentOpenPeriod INT = ( SELECT TOP 1
                                            PeriodID
                                   FROM     Commissions.reference.Periods
                                   WHERE    ClosedDate IS NULL
                                   ORDER BY PeriodID ASC
                                 ) ,
    @AccountID INT ,
    @UserName NVARCHAR(225) ,
    @Country NVARCHAR(225)

SELECT TOP 1
        @AccountID = ab.AccountID ,
        @UserName = ac.Username ,
        @Country = co.Alpha2Code
FROM    RFOperations.RFO_Accounts.AccountBase (NOLOCK) ab
        JOIN RFOperations.RFO_Accounts.AccountRF (NOLOCK) rf ON rf.AccountID = ab.AccountID
        JOIN RFOperations.Security.AccountSecurity (NOLOCK) ac ON ac.AccountID = ab.AccountID
        JOIN RFOperations.RFO_Reference.Countries (NOLOCK) co ON co.CountryID = ab.CountryID
WHERE   ab.AccountTypeID = 1
        AND ab.AccountStatusID = 1
        AND co.Alpha2Code = 'US'
        AND rf.Active = 1
        AND EXISTS ( SELECT 1
                     FROM   RFOperations.Hybris.Autoship (NOLOCK) a
                     WHERE  a.AccountID = ab.AccountID
                            AND a.AutoshipTypeID = 3
                            AND a.Active = 1 )
        AND EXISTS ( SELECT 1
                     FROM   Commissions.calcs.vwQualificationSummary v
                     WHERE  ab.AccountID = v.AccountID
                            AND v.PeriodID = @CurrentOpenPeriod
                            AND v.SV >= 100
                            AND v.PSQV >= 600 )
ORDER BY NEWID()

SELECT  ISNULL(@AccountID, 1496) AccountID ,
        ISNULL(@UserName, 'skincareconsultants@gmail.com') UserName ,
        ISNULL(@Country, 'US') Country ,
        @CurrentOpenPeriod CurrentOpenPeriod

[INFO ] 2018-03-19 13:56:20.213 [main] RFLSDWebsiteBaseTest - randomConsultantDetailsList:[{AccountID=9153861, UserName=srcheesman@evergreenhealthcare.org, Country=US, CurrentOpenPeriod=201710}]
[INFO ] 2018-03-19 13:56:20.213 [main] RFLSDWebsiteBaseTest - Data returned by query: 9153861
[INFO ] 2018-03-19 13:56:20.213 [main] RFLSDWebsiteBaseTest - Data returned by query: srcheesman@evergreenhealthcare.org
[INFO ] 2018-03-19 13:56:20.213 [main] RFLSDWebsiteBaseTest - userName:[{AccountID=9153861, UserName=srcheesman@evergreenhealthcare.org, Country=US, CurrentOpenPeriod=201710}]
[INFO ] 2018-03-19 13:56:20.213 [main] RFWebsiteDriver - Waiting for LSD loading image to get disappear
[INFO ] 2018-03-19 13:56:20.235 [main] RFWebsiteDriver - LSD loading image disappears
[INFO ] 2018-03-19 13:56:20.287 [main] RFWebsiteDriver - waiting for locator By.id: username
[INFO ] 2018-03-19 13:56:20.298 [main] RFWebsiteDriver - Element found
[INFO ] 2018-03-19 13:56:20.298 [main] RFWebsiteDriver - Taking Screenshot
[INFO ] 2018-03-19 13:56:20.851 [main] RFWebsiteDriver - wait started for By.id: username
[INFO ] 2018-03-19 13:56:20.851 [main] RFWebsiteDriver - waiting for locator By.id: username
[INFO ] 2018-03-19 13:56:20.866 [main] RFWebsiteDriver - Element found
[INFO ] 2018-03-19 13:56:21.071 [main] RFWebsiteDriver - TYPED text as = srcheesman@evergreenhealthcare.org in  text field
[INFO ] 2018-03-19 13:56:21.071 [main] LSDLoginPage - username is srcheesman@evergreenhealthcare.org
[INFO ] 2018-03-19 13:56:21.071 [main] RFWebsiteDriver - wait started for By.id: password
[INFO ] 2018-03-19 13:56:21.071 [main] RFWebsiteDriver - waiting for locator By.id: password
[INFO ] 2018-03-19 13:56:21.090 [main] RFWebsiteDriver - Element found
[INFO ] 2018-03-19 13:56:21.205 [main] RFWebsiteDriver - TYPED text as = 111Maiden$ in  text field
[INFO ] 2018-03-19 13:56:21.205 [main] LSDLoginPage - password is 111Maiden$
[INFO ] 2018-03-19 13:56:21.205 [main] RFWebsiteDriver - wait started for By.id: button-login
[INFO ] 2018-03-19 13:56:21.205 [main] RFWebsiteDriver - waiting for locator By.id: button-login
[INFO ] 2018-03-19 13:56:21.221 [main] RFWebsiteDriver - Element found
[INFO ] 2018-03-19 13:56:21.222 [main] RFWebsiteDriver -  ready to be clicked
[INFO ] 2018-03-19 13:56:21.291 [main] RFWebsiteDriver - CLICKED on 
[INFO ] 2018-03-19 13:56:30.123 [main] RFWebsiteDriver - URL opened is https://skywalker.rodanandfields.com
[INFO ] 2018-03-19 13:56:30.759 [main] RFWebsiteDriver - Waiting for LSD loading image to get disappear
[INFO ] 2018-03-19 13:56:30.865 [main] RFWebsiteDriver - LSD Animation image disappears
[INFO ] 2018-03-19 13:56:30.866 [main] RFWebsiteDriver - waiting for locator By.id: button-login
[INFO ] 2018-03-19 13:56:36.137 [main] RFWebsiteDriver - waiting for locator By.xpath: //div[text()='Hello,']/following-sibling::div[contains(@class,'text-uppercase')]
[INFO ] 2018-03-19 13:56:36.147 [main] RFWebsiteDriver - Element found
[INFO ] 2018-03-19 13:56:36.156 [main] RFWebsiteDriver - waiting for locator By.xpath: //div[text()='Hello,']/following-sibling::div[contains(@class,'text-uppercase')]
[INFO ] 2018-03-19 13:56:36.166 [main] RFWebsiteDriver - Element found
[INFO ] 2018-03-19 13:56:36.205 [main] RFWebsiteDriver - TEXT fetched for First name in overview section is=STEPHANIE
[INFO ] 2018-03-19 13:56:36.206 [main] RFLSDWebsiteBaseTest - Data returned by query: null
[INFO ] 2018-03-19 13:56:36.211 [main] RFWebsiteDriver - wait started for By.xpath: //div[@id='rf-nav-wrapper']/descendant::img[2]
[INFO ] 2018-03-19 13:56:36.212 [main] RFWebsiteDriver - waiting for locator By.xpath: //div[@id='rf-nav-wrapper']/descendant::img[2]
[INFO ] 2018-03-19 13:56:36.227 [main] RFWebsiteDriver - Element found
[INFO ] 2018-03-19 13:56:36.228 [main] RFWebsiteDriver - R+F logo ready to be clicked
[INFO ] 2018-03-19 13:56:36.311 [main] RFWebsiteDriver - CLICKED on R+F logo
[INFO ] 2018-03-19 13:56:36.396 [main] TestListner - 
******************************************************************************************************************************
					TEST CASE NAME:                  testPCCardComponents_3240q
******************************************************************************************************************************
[INFO ] 2018-03-19 13:56:36.437 [main] RFWebsiteDriver - wait started for By.xpath: //div[@id='rf-nav-wrapper']/descendant::span[text()='Pulse'][1]
[INFO ] 2018-03-19 13:56:36.437 [main] RFWebsiteDriver - waiting for locator By.xpath: //div[@id='rf-nav-wrapper']/descendant::span[text()='Pulse'][1]
[INFO ] 2018-03-19 13:56:36.454 [main] RFWebsiteDriver - Element found
[INFO ] 2018-03-19 13:56:36.454 [main] RFWebsiteDriver -  ready to be clicked
[INFO ] 2018-03-19 13:56:36.523 [main] RFWebsiteDriver - CLICKED on 
[INFO ] 2018-03-19 13:56:36.523 [main] LSDHomePage - Clicked on Pulse Submenu from Top Navigation
[INFO ] 2018-03-19 13:56:36.579 [main] RFWebsiteDriver - wait started for By.xpath: //a[contains(text(),'Customers')]
[INFO ] 2018-03-19 13:56:36.580 [main] RFWebsiteDriver - waiting for locator By.xpath: //a[contains(text(),'Customers')]
[INFO ] 2018-03-19 13:56:36.590 [main] RFWebsiteDriver - Element found
[INFO ] 2018-03-19 13:56:36.591 [main] RFWebsiteDriver -  ready to be clicked
[INFO ] 2018-03-19 13:56:36.683 [main] RFWebsiteDriver - CLICKED on 
[INFO ] 2018-03-19 13:56:36.683 [main] LSDHomePage - SubMenu Link : Customers clicked
[INFO ] 2018-03-19 13:56:36.717 [main] RFWebsiteDriver - Waiting for spin image to get disappear0
[INFO ] 2018-03-19 13:56:36.733 [main] RFWebsiteDriver - spin image disappears
[INFO ] 2018-03-19 13:56:49.734 [main] RFWebsiteDriver - wait started for By.xpath: //div[contains(@class,'white-fb')]/descendant::a[1]/descendant::span[1]
[INFO ] 2018-03-19 13:56:49.734 [main] RFWebsiteDriver - waiting for locator By.xpath: //div[contains(@class,'white-fb')]/descendant::a[1]/descendant::span[1]
[INFO ] 2018-03-19 13:56:49.760 [main] RFWebsiteDriver - Element found
[INFO ] 2018-03-19 13:56:49.760 [main] RFWebsiteDriver - have orders for this month ready to be clicked
[INFO ] 2018-03-19 13:56:49.827 [main] RFWebsiteDriver - CLICKED on have orders for this month
[INFO ] 2018-03-19 13:56:49.946 [main] RFWebsiteDriver - CLICKED on 
[INFO ] 2018-03-19 13:56:49.946 [main] RFWebsiteDriver - wait started for By.xpath: //div[@id='sub-stage']/descendant::a[1]/descendant::span[1]
[INFO ] 2018-03-19 13:56:49.946 [main] RFWebsiteDriver - waiting for locator By.xpath: //div[@id='sub-stage']/descendant::a[1]/descendant::span[1]
[INFO ] 2018-03-19 13:56:49.964 [main] RFWebsiteDriver - Element found
[INFO ] 2018-03-19 13:56:50.002 [main] SoftAssert - VERIFICATION FAILED: Frist name is not present of first order expected [true] but found [false]
[INFO ] 2018-03-19 13:56:50.002 [main] SoftAssert - Expected: true
[INFO ] 2018-03-19 13:56:50.003 [main] SoftAssert - Actual: false
[INFO ] 2018-03-19 13:56:50.003 [main] RFWebsiteDriver - Taking Screenshot
[INFO ] 2018-03-19 13:56:50.439 [main] SoftAssert - Snapshot Path :<a href='C:\Users\bpkotamahanti\Bindu\Automation\qa-automation\output\Screenshots\testPCCardComponents_3240q\Frist name is not present of first order expected [true] but found [false].png'>C:\Users\bpkotamahanti\Bindu\Automation\qa-automation\output\Screenshots\testPCCardComponents_3240q\Frist name is not present of first order expected [true] but found [false].png</a>

[INFO ] 2018-03-19 13:56:50.439 [main] RFWebsiteDriver - wait started for By.xpath: //div[@id='sub-stage']/descendant::a[1]/descendant::span[2]
[INFO ] 2018-03-19 13:56:50.439 [main] RFWebsiteDriver - waiting for locator By.xpath: //div[@id='sub-stage']/descendant::a[1]/descendant::span[2]
[INFO ] 2018-03-19 13:57:10.562 [main] TestListner - [TEST HAS FAILED-------- Test case testPCCardComponents_3240q has failed] due to reason:-<br>  org.openqa.selenium.NoSuchElementException: no such element: Unable to locate element: {"method":"xpath","selector":"//div[@id='sub-stage']/descendant::a[1]/descendant::span[2]"}
  (Session info: chrome=64.0.3282.186)
  (Driver info: chromedriver=2.33.506120 (e3e53437346286c0bc2d2dc9aa4915ba81d9023f),platform=Windows NT 10.0.10586 x86_64) (WARNING: The server did not provide any stacktrace information)
Command duration or timeout: 0 milliseconds
For documentation on this error, please visit: http://seleniumhq.org/exceptions/no_such_element.html
Build info: version: '3.7.1', revision: '8a0099a', time: '2017-11-06T21:01:39.354Z'
System info: host: 'LD-4V2P3G2', ip: '10.6.65.21', os.name: 'Windows 10', os.arch: 'amd64', os.version: '10.0', java.version: '1.8.0_161'
Driver info: org.openqa.selenium.chrome.ChromeDriver
Capabilities {acceptSslCerts: true, applicationCacheEnabled: false, browserConnectionEnabled: false, browserName: chrome, chrome: {chromedriverVersion: 2.33.506120 (e3e53437346286..., userDataDir: C:\Users\BPKOTA~1\AppData\L...}, cssSelectorsEnabled: true, databaseEnabled: false, handlesAlerts: true, hasTouchScreen: false, javascriptEnabled: true, locationContextEnabled: true, mobileEmulationEnabled: false, nativeEvents: true, networkConnectionEnabled: false, pageLoadStrategy: normal, platform: XP, platformName: XP, rotatable: false, setWindowRect: true, takesHeapSnapshot: true, takesScreenshot: true, unexpectedAlertBehaviour: , unhandledPromptBehavior: , version: 64.0.3282.186, webStorageEnabled: true}
Session ID: d38c0656f6f3a993f0cb53811b550f95
*** Element info: {Using=xpath, value=//div[@id='sub-stage']/descendant::a[1]/descendant::span[2]}
[INFO ] 2018-03-19 13:57:10.592 [main] RFWebsiteDriver - URL opened is https://skywalker.rodanandfields.com
[INFO ] 2018-03-19 13:57:11.253 [main] RFWebsiteDriver - Waiting for LSD loading image to get disappear
[INFO ] 2018-03-19 13:57:11.402 [main] RFWebsiteDriver - LSD Animation image disappears
[INFO ] 2018-03-19 13:57:11.403 [main] RFWebsiteDriver - Waiting for LSD loading image to get disappear
[INFO ] 2018-03-19 13:57:12.465 [main] RFWebsiteDriver - waiting..
[INFO ] 2018-03-19 13:57:12.486 [main] RFWebsiteDriver - LSD loading image disappears
[INFO ] 2018-03-19 13:57:12.486 [main] RFWebsiteDriver - waiting for locator By.xpath: //div[@id='rf-nav-wrapper']/descendant::span[text()='Pulse'][1]
[INFO ] 2018-03-19 13:57:13.053 [main] RFWebsiteDriver - Element found
[INFO ] 2018-03-19 13:57:13.053 [main] RFWebsiteDriver - wait started for By.xpath: //div[@id='rf-nav-wrapper']/descendant::span[text()='Pulse'][1]
[INFO ] 2018-03-19 13:57:13.053 [main] RFWebsiteDriver - waiting for locator By.xpath: //div[@id='rf-nav-wrapper']/descendant::span[text()='Pulse'][1]
[INFO ] 2018-03-19 13:57:13.067 [main] RFWebsiteDriver - Element found
[INFO ] 2018-03-19 13:57:13.068 [main] RFWebsiteDriver - Pulse in top navigation ready to be clicked
[INFO ] 2018-03-19 13:57:13.157 [main] RFWebsiteDriver - CLICKED on Pulse in top navigation
[INFO ] 2018-03-19 13:57:13.158 [main] LSDRFWebsiteBasePage - Pulse in top navigation clicked
[INFO ] 2018-03-19 13:57:13.158 [main] LSDRFWebsiteBasePage - Logging out from pulse application
[INFO ] 2018-03-19 13:57:13.263 [main] RFWebsiteDriver - CLICKED on 
[INFO ] 2018-03-19 13:57:13.263 [main] RFWebsiteDriver - Waiting for LSD loading image to get disappear
[INFO ] 2018-03-19 13:57:13.277 [main] RFWebsiteDriver - LSD loading image disappears
