[DEBUG] 2018-03-18 18:57:40.588 [main] RFBaseTest - Started execution with  null
[INFO ] 2018-03-18 18:57:40.593 [main] RFBaseTest - Environment properties are not provided by the user ... loading the default properties
[INFO ] 2018-03-18 18:57:40.593 [main] RFBaseTest - Default Browser is  ------ chrome
[INFO ] 2018-03-18 18:57:40.593 [main] RFBaseTest - Default URL is  ------ https://skywalker.rodanandfields.com
[INFO ] 2018-03-18 18:57:40.593 [main] RFBaseTest - Default user password is  ------ 111Maiden$
[INFO ] 2018-03-18 18:57:40.594 [main] RFBaseTest - Default Country is  ------ us
[INFO ] 2018-03-18 18:57:40.594 [main] RFBaseTest - Default DB IP is  ------ 172.16.15.41
[INFO ] 2018-03-18 18:57:40.594 [main] RFBaseTest - Default DB Username is  ------ perftest
[INFO ] 2018-03-18 18:57:40.594 [main] RFBaseTest - Default DB Password is  ------ perftest
[INFO ] 2018-03-18 18:57:40.594 [main] RFBaseTest - Default DB Domain is  ------ RF
[INFO ] 2018-03-18 18:57:45.459 [main] RFWebsiteDriver - Window is maximized
[INFO ] 2018-03-18 18:57:45.459 [main] RFWebsiteDriver - All cookies deleted
[INFO ] 2018-03-18 18:57:45.459 [main] RFWebsiteDriver - URL opened is https://skywalker.rodanandfields.com
[INFO ] 2018-03-18 18:57:48.952 [main] RFLSDWebsiteBaseTest - Application loaded
[INFO ] 2018-03-18 18:57:48.963 [main] RFWebsiteDriver - DB connections are set
[INFO ] 2018-03-18 18:57:49.012 [main] DBUtil - QUERY TRIGGERED IS DECLARE @CurrentOpenPeriod INT = ( SELECT TOP 1
                                            PeriodID
                                   FROM     Commissions.reference.Periods
                                   WHERE    ClosedDate IS NULL
                                   ORDER BY PeriodID ASC
                                 ) ,
    @AccountID INT ,
    @UserName NVARCHAR(225) ,
    @Country NVARCHAR(225)

SELECT TOP 1
        @AccountID = ab.AccountID ,
        @UserName = ac.Username ,
        @Country = co.Alpha2Code
FROM    RFOperations.RFO_Accounts.AccountBase (NOLOCK) ab
        JOIN RFOperations.RFO_Accounts.AccountRF (NOLOCK) rf ON rf.AccountID = ab.AccountID
        JOIN RFOperations.Security.AccountSecurity (NOLOCK) ac ON ac.AccountID = ab.AccountID
        JOIN RFOperations.RFO_Reference.Countries (NOLOCK) co ON co.CountryID = ab.CountryID
WHERE   ab.AccountTypeID = 1
        AND ab.AccountStatusID = 1
        AND co.Alpha2Code = 'US'
        AND rf.Active = 1
        AND EXISTS ( SELECT 1
                     FROM   RFOperations.Hybris.Autoship (NOLOCK) a
                     WHERE  a.AccountID = ab.AccountID
                            AND a.AutoshipTypeID = 3
                            AND a.Active = 1 )
        AND EXISTS ( SELECT 1
                     FROM   Commissions.calcs.vwQualificationSummary v
                     WHERE  ab.AccountID = v.AccountID
                            AND v.PeriodID = @CurrentOpenPeriod
                            AND v.SV >= 100
                            AND v.PSQV >= 600 )
ORDER BY NEWID()

SELECT  ISNULL(@AccountID, 1496) AccountID ,
        ISNULL(@UserName, 'skincareconsultants@gmail.com') UserName ,
        ISNULL(@Country, 'US') Country ,
        @CurrentOpenPeriod CurrentOpenPeriod

[INFO ] 2018-03-18 18:57:52.285 [main] RFLSDWebsiteBaseTest - randomConsultantDetailsList:[{AccountID=1496, UserName=skincareconsultants@gmail.com, Country=US, CurrentOpenPeriod=201802}]
[INFO ] 2018-03-18 18:57:52.285 [main] RFLSDWebsiteBaseTest - Data returned by query: 1496
[INFO ] 2018-03-18 18:57:52.285 [main] RFLSDWebsiteBaseTest - Data returned by query: skincareconsultants@gmail.com
[INFO ] 2018-03-18 18:57:52.285 [main] RFLSDWebsiteBaseTest - userName:[{AccountID=1496, UserName=skincareconsultants@gmail.com, Country=US, CurrentOpenPeriod=201802}]
[INFO ] 2018-03-18 18:57:52.286 [main] RFWebsiteDriver - Waiting for LSD loading image to get disappear
[INFO ] 2018-03-18 18:57:52.306 [main] RFWebsiteDriver - LSD loading image disappears
[INFO ] 2018-03-18 18:57:52.356 [main] RFWebsiteDriver - waiting for locator By.id: username
[INFO ] 2018-03-18 18:57:52.367 [main] RFWebsiteDriver - Element found
[INFO ] 2018-03-18 18:57:52.367 [main] RFWebsiteDriver - Taking Screenshot
[INFO ] 2018-03-18 18:57:52.727 [main] RFWebsiteDriver - wait started for By.id: username
[INFO ] 2018-03-18 18:57:52.727 [main] RFWebsiteDriver - waiting for locator By.id: username
[INFO ] 2018-03-18 18:57:52.738 [main] RFWebsiteDriver - Element found
[INFO ] 2018-03-18 18:57:52.910 [main] RFWebsiteDriver - TYPED text as = skincareconsultants@gmail.com in  text field
[INFO ] 2018-03-18 18:57:52.911 [main] LSDLoginPage - username is skincareconsultants@gmail.com
[INFO ] 2018-03-18 18:57:52.911 [main] RFWebsiteDriver - wait started for By.id: password
[INFO ] 2018-03-18 18:57:52.911 [main] RFWebsiteDriver - waiting for locator By.id: password
[INFO ] 2018-03-18 18:57:52.927 [main] RFWebsiteDriver - Element found
[INFO ] 2018-03-18 18:57:53.053 [main] RFWebsiteDriver - TYPED text as = 111Maiden$ in  text field
[INFO ] 2018-03-18 18:57:53.053 [main] LSDLoginPage - password is 111Maiden$
[INFO ] 2018-03-18 18:57:53.053 [main] RFWebsiteDriver - wait started for By.id: button-login
[INFO ] 2018-03-18 18:57:53.053 [main] RFWebsiteDriver - waiting for locator By.id: button-login
[INFO ] 2018-03-18 18:57:53.072 [main] RFWebsiteDriver - Element found
[INFO ] 2018-03-18 18:57:53.072 [main] RFWebsiteDriver -  ready to be clicked
[INFO ] 2018-03-18 18:57:53.141 [main] RFWebsiteDriver - CLICKED on 
[INFO ] 2018-03-18 18:58:14.495 [main] RFWebsiteDriver - URL opened is https://skywalker.rodanandfields.com
[INFO ] 2018-03-18 18:58:15.053 [main] RFWebsiteDriver - Waiting for LSD loading image to get disappear
[INFO ] 2018-03-18 18:58:15.171 [main] RFWebsiteDriver - LSD Animation image disappears
[INFO ] 2018-03-18 18:58:15.171 [main] RFWebsiteDriver - waiting for locator By.id: button-login
[INFO ] 2018-03-18 18:58:20.545 [main] RFWebsiteDriver - waiting for locator By.xpath: //div[text()='Hello,']/following-sibling::div[contains(@class,'text-uppercase')]
[INFO ] 2018-03-18 18:58:20.554 [main] RFWebsiteDriver - Element found
[INFO ] 2018-03-18 18:58:20.565 [main] RFWebsiteDriver - waiting for locator By.xpath: //div[text()='Hello,']/following-sibling::div[contains(@class,'text-uppercase')]
[INFO ] 2018-03-18 18:58:20.576 [main] RFWebsiteDriver - Element found
[INFO ] 2018-03-18 18:58:20.612 [main] RFWebsiteDriver - TEXT fetched for First name in overview section is=SARAH
[INFO ] 2018-03-18 18:58:20.613 [main] RFLSDWebsiteBaseTest - Data returned by query: null
[INFO ] 2018-03-18 18:58:20.621 [main] RFWebsiteDriver - wait started for By.xpath: //div[@id='rf-nav-wrapper']/descendant::img[2]
[INFO ] 2018-03-18 18:58:20.621 [main] RFWebsiteDriver - waiting for locator By.xpath: //div[@id='rf-nav-wrapper']/descendant::img[2]
[INFO ] 2018-03-18 18:58:20.638 [main] RFWebsiteDriver - Element found
[INFO ] 2018-03-18 18:58:20.638 [main] RFWebsiteDriver - R+F logo ready to be clicked
[INFO ] 2018-03-18 18:58:20.707 [main] RFWebsiteDriver - CLICKED on R+F logo
[INFO ] 2018-03-18 18:58:20.795 [main] TestListner - 
******************************************************************************************************************************
					TEST CASE NAME:                  customerViewSubCategories_2448q
******************************************************************************************************************************
[INFO ] 2018-03-18 18:58:20.835 [main] RFWebsiteDriver - wait started for By.xpath: //div[@id='rf-nav-wrapper']/descendant::span[text()='Pulse'][1]
[INFO ] 2018-03-18 18:58:20.836 [main] RFWebsiteDriver - waiting for locator By.xpath: //div[@id='rf-nav-wrapper']/descendant::span[text()='Pulse'][1]
[INFO ] 2018-03-18 18:58:20.855 [main] RFWebsiteDriver - Element found
[INFO ] 2018-03-18 18:58:20.855 [main] RFWebsiteDriver -  ready to be clicked
[INFO ] 2018-03-18 18:58:20.954 [main] RFWebsiteDriver - CLICKED on 
[INFO ] 2018-03-18 18:58:20.954 [main] LSDHomePage - Clicked on Pulse Submenu from Top Navigation
[INFO ] 2018-03-18 18:58:21.012 [main] RFWebsiteDriver - wait started for By.xpath: //a[contains(text(),'Customers')]
[INFO ] 2018-03-18 18:58:21.012 [main] RFWebsiteDriver - waiting for locator By.xpath: //a[contains(text(),'Customers')]
[INFO ] 2018-03-18 18:58:21.020 [main] RFWebsiteDriver - Element found
[INFO ] 2018-03-18 18:58:21.021 [main] RFWebsiteDriver -  ready to be clicked
[INFO ] 2018-03-18 18:58:21.094 [main] RFWebsiteDriver - CLICKED on 
[INFO ] 2018-03-18 18:58:21.095 [main] LSDHomePage - SubMenu Link : Customers clicked
[INFO ] 2018-03-18 18:58:21.117 [main] RFWebsiteDriver - Waiting for spin image to get disappear0
[INFO ] 2018-03-18 18:58:21.127 [main] RFWebsiteDriver - spin image disappears
[INFO ] 2018-03-18 18:58:25.199 [main] RFWebsiteDriver - wait started for By.xpath: //h1[contains(text(),'Build')]/following::div[1]/descendant::a[1]/span
[INFO ] 2018-03-18 18:58:25.199 [main] RFWebsiteDriver - waiting for locator By.xpath: //h1[contains(text(),'Build')]/following::div[1]/descendant::a[1]/span
[INFO ] 2018-03-18 18:58:25.209 [main] RFWebsiteDriver - Element found
[INFO ] 2018-03-18 18:58:25.209 [main] RFWebsiteDriver - 1 category clicked ready to be clicked
[INFO ] 2018-03-18 18:58:25.271 [main] RFWebsiteDriver - CLICKED on 1 category clicked
[INFO ] 2018-03-18 18:58:25.272 [main] RFWebsiteDriver - waiting for locator By.xpath: //h1[contains(text(),'have orders this month')]
[INFO ] 2018-03-18 18:58:30.425 [main] SoftAssert - VERIFICATION FAILED: have orders this month text is not present at header expected [true] but found [false]
[INFO ] 2018-03-18 18:58:30.425 [main] SoftAssert - Expected: true
[INFO ] 2018-03-18 18:58:30.425 [main] SoftAssert - Actual: false
[INFO ] 2018-03-18 18:58:30.425 [main] RFWebsiteDriver - Taking Screenshot
[INFO ] 2018-03-18 18:58:30.762 [main] SoftAssert - Snapshot Path :<a href='C:\Users\bpkotamahanti\Bindu\Automation\qa-automation\output\Screenshots\customerViewSubCategories_2448q\have orders this month text is not present at header expected [true] but found [false].png'>C:\Users\bpkotamahanti\Bindu\Automation\qa-automation\output\Screenshots\customerViewSubCategories_2448q\have orders this month text is not present at header expected [true] but found [false].png</a>

[INFO ] 2018-03-18 18:58:30.810 [main] RFWebsiteDriver - Waiting For Page load via JS
[INFO ] 2018-03-18 18:58:30.833 [main] RFWebsiteDriver - page load complete..
[INFO ] 2018-03-18 18:58:41.241 [main] RFWebsiteDriver - wait started for By.xpath: //h1[contains(text(),'Build')]/following::div[1]/descendant::a[2]/span
[INFO ] 2018-03-18 18:58:41.242 [main] RFWebsiteDriver - waiting for locator By.xpath: //h1[contains(text(),'Build')]/following::div[1]/descendant::a[2]/span
[INFO ] 2018-03-18 18:59:01.483 [main] RFWebsiteDriver - 2 category clicked ready to be clicked
[INFO ] 2018-03-18 18:59:44.600 [main] RFWebsiteDriver - CLICKED on 
[INFO ] 2018-03-18 18:59:44.600 [main] RFWebsiteDriver - CLICKED on 2 category clicked
[INFO ] 2018-03-18 18:59:44.608 [main] RFWebsiteDriver - current URL is https://skywalker.rodanandfields.com/#/pcs/will-order
[INFO ] 2018-03-18 18:59:44.638 [main] RFWebsiteDriver - Waiting For Page load via JS
[INFO ] 2018-03-18 18:59:44.653 [main] RFWebsiteDriver - page load complete..
[INFO ] 2018-03-18 18:59:44.703 [main] RFWebsiteDriver - wait started for By.xpath: //h1[contains(text(),'Build')]/following::div[1]/descendant::a[3]/span
[INFO ] 2018-03-18 18:59:44.704 [main] RFWebsiteDriver - waiting for locator By.xpath: //h1[contains(text(),'Build')]/following::div[1]/descendant::a[3]/span
[INFO ] 2018-03-18 18:59:44.718 [main] RFWebsiteDriver - Element found
[INFO ] 2018-03-18 18:59:44.719 [main] RFWebsiteDriver - 3 category clicked ready to be clicked
[INFO ] 2018-03-18 18:59:44.788 [main] RFWebsiteDriver - CLICKED on 3 category clicked
[INFO ] 2018-03-18 18:59:44.788 [main] RFWebsiteDriver - waiting for locator By.xpath: //h1[contains(text(),'are further out')]
[INFO ] 2018-03-18 18:59:45.339 [main] RFWebsiteDriver - Element found
[INFO ] 2018-03-18 18:59:45.395 [main] RFWebsiteDriver - Waiting For Page load via JS
[INFO ] 2018-03-18 18:59:45.404 [main] RFWebsiteDriver - page load complete..
[INFO ] 2018-03-18 18:59:45.452 [main] RFWebsiteDriver - wait started for By.xpath: //h1[contains(text(),'View Your Customers')]/following::span[1]
[INFO ] 2018-03-18 18:59:45.452 [main] RFWebsiteDriver - waiting for locator By.xpath: //h1[contains(text(),'View Your Customers')]/following::span[1]
[INFO ] 2018-03-18 18:59:45.460 [main] RFWebsiteDriver - Element found
[INFO ] 2018-03-18 18:59:45.460 [main] RFWebsiteDriver - 1 category clicked ready to be clicked
[INFO ] 2018-03-18 18:59:45.587 [main] RFWebsiteDriver - CLICKED on 1 category clicked
[INFO ] 2018-03-18 18:59:45.588 [main] RFWebsiteDriver - waiting for locator By.xpath: //h1[contains(text(),'Your new Customers')]
[INFO ] 2018-03-18 18:59:45.615 [main] RFWebsiteDriver - Element found
[INFO ] 2018-03-18 18:59:45.669 [main] RFWebsiteDriver - Waiting For Page load via JS
[INFO ] 2018-03-18 18:59:45.677 [main] RFWebsiteDriver - page load complete..
[INFO ] 2018-03-18 18:59:45.721 [main] RFWebsiteDriver - wait started for By.xpath: //h1[contains(text(),'View Your Customers')]/following::span[3]
[INFO ] 2018-03-18 18:59:45.721 [main] RFWebsiteDriver - waiting for locator By.xpath: //h1[contains(text(),'View Your Customers')]/following::span[3]
[INFO ] 2018-03-18 18:59:45.729 [main] RFWebsiteDriver - Element found
[INFO ] 2018-03-18 18:59:45.729 [main] RFWebsiteDriver - 3 category clicked ready to be clicked
[INFO ] 2018-03-18 18:59:45.791 [main] RFWebsiteDriver - CLICKED on 3 category clicked
[INFO ] 2018-03-18 18:59:45.791 [main] RFWebsiteDriver - waiting for locator By.xpath: //h1[contains(text(),'Deactivated PCs')]
[INFO ] 2018-03-18 18:59:46.353 [main] RFWebsiteDriver - Element found
[INFO ] 2018-03-18 18:59:46.371 [main] TestListner - [TEST HAS FAILED-------- Test case customerViewSubCategories_2448q has failed] due to reason:-<br>  java.lang.AssertionError: 1.have orders this month text is not present at header

[INFO ] 2018-03-18 18:59:46.399 [main] RFWebsiteDriver - URL opened is https://skywalker.rodanandfields.com
[INFO ] 2018-03-18 18:59:46.892 [main] RFWebsiteDriver - Waiting for LSD loading image to get disappear
[INFO ] 2018-03-18 18:59:47.031 [main] RFWebsiteDriver - LSD Animation image disappears
[INFO ] 2018-03-18 18:59:47.031 [main] RFWebsiteDriver - Waiting for LSD loading image to get disappear
[INFO ] 2018-03-18 18:59:48.209 [main] RFWebsiteDriver - waiting..
[INFO ] 2018-03-18 18:59:49.221 [main] RFWebsiteDriver - waiting..
[INFO ] 2018-03-18 18:59:49.231 [main] RFWebsiteDriver - LSD loading image disappears
[INFO ] 2018-03-18 18:59:49.231 [main] RFWebsiteDriver - waiting for locator By.xpath: //div[@id='rf-nav-wrapper']/descendant::span[text()='Pulse'][1]
[INFO ] 2018-03-18 18:59:49.248 [main] RFWebsiteDriver - Element found
[INFO ] 2018-03-18 18:59:49.249 [main] RFWebsiteDriver - wait started for By.xpath: //div[@id='rf-nav-wrapper']/descendant::span[text()='Pulse'][1]
[INFO ] 2018-03-18 18:59:49.249 [main] RFWebsiteDriver - waiting for locator By.xpath: //div[@id='rf-nav-wrapper']/descendant::span[text()='Pulse'][1]
[INFO ] 2018-03-18 18:59:49.258 [main] RFWebsiteDriver - Element found
[INFO ] 2018-03-18 18:59:49.258 [main] RFWebsiteDriver - Pulse in top navigation ready to be clicked
[INFO ] 2018-03-18 18:59:49.350 [main] RFWebsiteDriver - CLICKED on Pulse in top navigation
[INFO ] 2018-03-18 18:59:49.351 [main] LSDRFWebsiteBasePage - Pulse in top navigation clicked
[INFO ] 2018-03-18 18:59:49.351 [main] LSDRFWebsiteBasePage - Logging out from pulse application
[INFO ] 2018-03-18 18:59:49.436 [main] RFWebsiteDriver - CLICKED on 
[INFO ] 2018-03-18 18:59:49.436 [main] RFWebsiteDriver - Waiting for LSD loading image to get disappear
[INFO ] 2018-03-18 18:59:49.446 [main] RFWebsiteDriver - LSD loading image disappears
