[DEBUG] 2018-03-25 17:08:53.813 [main] RFBaseTest - Started execution with  null
[INFO ] 2018-03-25 17:08:53.818 [main] RFBaseTest - Environment properties are not provided by the user ... loading the default properties
[INFO ] 2018-03-25 17:08:53.819 [main] RFBaseTest - Default Browser is  ------ chrome
[INFO ] 2018-03-25 17:08:53.819 [main] RFBaseTest - Default URL is  ------ https://skywalker.rodanandfields.com
[INFO ] 2018-03-25 17:08:53.819 [main] RFBaseTest - Default user password is  ------ null
[INFO ] 2018-03-25 17:08:53.819 [main] RFBaseTest - Default Country is  ------ us
[INFO ] 2018-03-25 17:08:53.820 [main] RFBaseTest - Default DB IP is  ------ 10.3.0.218
[INFO ] 2018-03-25 17:08:53.820 [main] RFBaseTest - Default DB Username is  ------ perftest
[INFO ] 2018-03-25 17:08:53.820 [main] RFBaseTest - Default DB Password is  ------ perftest
[INFO ] 2018-03-25 17:08:53.820 [main] RFBaseTest - Default DB Domain is  ------ RF
[INFO ] 2018-03-25 17:08:58.420 [main] RFWebsiteDriver - URL opened is https://skywalker.rodanandfields.com
[INFO ] 2018-03-25 17:09:00.198 [main] RFLSDWebsiteBaseTest - Application loaded
[INFO ] 2018-03-25 17:09:00.207 [main] RFWebsiteDriver - DB connections are set
[INFO ] 2018-03-25 17:09:00.249 [main] DBUtil - QUERY TRIGGERED IS DECLARE @CurrentOpenPeriod INT = ( SELECT TOP 1    PeriodID FROM     Commissions.reference.Periods WHERE    ClosedDate IS NULL   ORDER BY PeriodID ASC ) ,  @AccountID INT , @UserName NVARCHAR(225) , @Country NVARCHAR(225), @FirstName nvarchar(255), @LastName nvarchar(255) SELECT TOP 1 @AccountID = ab.AccountID , @UserName = ac.Username , @Country = co.Alpha2Code, @firstname=act.FirstName, @LastName= act. LAstName  FROM    RFOperations.RFO_Accounts.AccountBase (NOLOCK) ab JOIN RFOperations.RFO_Accounts.AccountRF (NOLOCK) rf ON rf.AccountID = ab.AccountID  JOIN RFOperations.Security.AccountSecurity (NOLOCK) ac ON ac.AccountID = ab.AccountID    JOIN RFOperations.RFO_Accounts.AccountContacts (NOLOCK) act ON act.AccountID = ab.AccountID  JOIN RFOperations.RFO_Reference.Countries (NOLOCK) co ON co.CountryID = ab.CountryID WHERE   ab.AccountTypeID = 1 AND ab.AccountStatusID = 1 AND co.Alpha2Code = 'US' AND rf.Active = 1  AND EXISTS ( SELECT 1 FROM   RFOperations.Hybris.Autoship (NOLOCK) a WHERE  a.AccountID = ab.AccountID  AND a.AutoshipTypeID = 3  AND a.Active = 1 )  AND EXISTS ( SELECT 1 FROM   Commissions.calcs.vwQualificationSummary v WHERE  ab.AccountID = v.AccountID  AND v.PeriodID = @CurrentOpenPeriod AND v.SV >= 100 AND v.PSQV >= 600 ) ORDER BY NEWID() SELECT  ISNULL(@AccountID, 1496) AccountID , ISNULL(@UserName, 'skincareconsultants@gmail.com') UserName , Isnull(@FirstName,'Sarah') [FirstName], Isnull(@LastName,'Robbins') [LastName], ISNULL(@Country, 'US') Country ,  @CurrentOpenPeriod CurrentOpenPeriod

[INFO ] 2018-03-25 17:09:05.897 [main] RFLSDWebsiteBaseTest - randomConsultantDetailsList:[{AccountID=3493868, UserName=jeri.juskey@gmail.com, FirstName=Jeri, LastName=Juskey, Country=US, CurrentOpenPeriod=201710}]
[INFO ] 2018-03-25 17:09:05.897 [main] RFLSDWebsiteBaseTest - Data returned by query: 3493868
[INFO ] 2018-03-25 17:09:05.897 [main] RFLSDWebsiteBaseTest - Data returned by query: jeri.juskey@gmail.com
[INFO ] 2018-03-25 17:09:05.897 [main] RFLSDWebsiteBaseTest - userName:[{AccountID=3493868, UserName=jeri.juskey@gmail.com, FirstName=Jeri, LastName=Juskey, Country=US, CurrentOpenPeriod=201710}]
[INFO ] 2018-03-25 17:09:05.897 [main] RFWebsiteDriver - Waiting for LSD loading image to get disappear
[INFO ] 2018-03-25 17:09:05.933 [main] RFWebsiteDriver - LSD loading image disappears
[INFO ] 2018-03-25 17:09:05.982 [main] RFWebsiteDriver - waiting for locator By.id: username
[INFO ] 2018-03-25 17:09:05.993 [main] RFWebsiteDriver - Element found
[INFO ] 2018-03-25 17:09:05.993 [main] RFWebsiteDriver - wait started for By.id: username
[INFO ] 2018-03-25 17:09:05.993 [main] RFWebsiteDriver - waiting for locator By.id: username
[INFO ] 2018-03-25 17:09:06.002 [main] RFWebsiteDriver - Element found
[INFO ] 2018-03-25 17:09:06.175 [main] RFWebsiteDriver - TYPED text as = teresa.callender@gmail.com in  text field
[INFO ] 2018-03-25 17:09:06.176 [main] LSDLoginPage - username is teresa.callender@gmail.com
[INFO ] 2018-03-25 17:09:06.176 [main] RFWebsiteDriver - wait started for By.id: password
[INFO ] 2018-03-25 17:09:06.176 [main] RFWebsiteDriver - waiting for locator By.id: password
[INFO ] 2018-03-25 17:09:06.195 [main] RFWebsiteDriver - Element found
[INFO ] 2018-03-25 17:09:06.312 [main] RFWebsiteDriver - TYPED text as = 111Maiden$ in  text field
[INFO ] 2018-03-25 17:09:06.312 [main] LSDLoginPage - password is 111Maiden$
[INFO ] 2018-03-25 17:09:06.345 [main] RFWebsiteDriver -  ready to be clicked
[INFO ] 2018-03-25 17:09:06.410 [main] RFWebsiteDriver - CLICKED on 
[INFO ] 2018-03-25 17:09:18.192 [main] RFWebsiteDriver - URL opened is https://skywalker.rodanandfields.com
[INFO ] 2018-03-25 17:09:18.826 [main] RFWebsiteDriver - Waiting for LSD loading image to get disappear
[INFO ] 2018-03-25 17:09:18.918 [main] RFWebsiteDriver - LSD Animation image disappears
[INFO ] 2018-03-25 17:09:18.919 [main] RFWebsiteDriver - waiting for locator By.id: button-login
[INFO ] 2018-03-25 17:09:24.300 [main] RFWebsiteDriver - waiting for locator By.xpath: //div[text()='Hello,']/following-sibling::div[contains(@class,'text-uppercase')]
[INFO ] 2018-03-25 17:09:24.314 [main] RFWebsiteDriver - Element found
[INFO ] 2018-03-25 17:09:24.405 [main] RFWebsiteDriver - TEXT fetched for First name in overview section is=TERESA
[INFO ] 2018-03-25 17:09:24.405 [main] RFLSDWebsiteBaseTest - Data returned by query: Jeri
[INFO ] 2018-03-25 17:09:24.405 [main] RFWebsiteDriver - Waiting for LSD loading image to get disappear
[INFO ] 2018-03-25 17:09:24.421 [main] RFWebsiteDriver - LSD loading image disappears
[INFO ] 2018-03-25 17:09:24.421 [main] RFWebsiteDriver - waiting for locator By.xpath: //div[@id='rf-nav-wrapper']/descendant::span[text()='Pulse'][1]
[INFO ] 2018-03-25 17:09:24.431 [main] RFWebsiteDriver - Element found
[INFO ] 2018-03-25 17:09:24.457 [main] RFWebsiteDriver - Pulse in top navigation ready to be clicked
[INFO ] 2018-03-25 17:09:24.538 [main] RFWebsiteDriver - CLICKED on Pulse in top navigation
[INFO ] 2018-03-25 17:09:24.538 [main] LSDRFWebsiteBasePage - Pulse in top navigation clicked
[INFO ] 2018-03-25 17:09:24.538 [main] LSDRFWebsiteBasePage - Logging out from pulse application
[INFO ] 2018-03-25 17:09:24.600 [main] RFWebsiteDriver - CLICKED by JS on 
[INFO ] 2018-03-25 17:09:24.601 [main] RFWebsiteDriver - Waiting for LSD loading image to get disappear
[INFO ] 2018-03-25 17:09:24.617 [main] RFWebsiteDriver - LSD loading image disappears
[INFO ] 2018-03-25 17:09:24.617 [main] RFWebsiteDriver - waiting for locator By.id: username
[INFO ] 2018-03-25 17:09:25.151 [main] RFWebsiteDriver - Element found
[INFO ] 2018-03-25 17:09:25.152 [main] RFWebsiteDriver - wait started for By.id: username
[INFO ] 2018-03-25 17:09:25.153 [main] RFWebsiteDriver - waiting for locator By.id: username
[INFO ] 2018-03-25 17:09:25.171 [main] RFWebsiteDriver - Element found
[INFO ] 2018-03-25 17:09:25.353 [main] RFWebsiteDriver - TYPED text as = teresa.callender@gmail.com in  text field
[INFO ] 2018-03-25 17:09:25.354 [main] LSDLoginPage - username is teresa.callender@gmail.com
[INFO ] 2018-03-25 17:09:25.354 [main] RFWebsiteDriver - wait started for By.id: password
[INFO ] 2018-03-25 17:09:25.354 [main] RFWebsiteDriver - waiting for locator By.id: password
[INFO ] 2018-03-25 17:09:25.373 [main] RFWebsiteDriver - Element found
[INFO ] 2018-03-25 17:09:25.482 [main] RFWebsiteDriver - TYPED text as = 111Maiden$ in  text field
[INFO ] 2018-03-25 17:09:25.483 [main] LSDLoginPage - password is 111Maiden$
[INFO ] 2018-03-25 17:09:25.509 [main] RFWebsiteDriver -  ready to be clicked
[INFO ] 2018-03-25 17:09:25.578 [main] RFWebsiteDriver - CLICKED on 
[INFO ] 2018-03-25 17:09:34.168 [main] RFLSDWebsiteBaseTest - Total windows opened are 1
[INFO ] 2018-03-25 17:09:34.232 [main] RFWebsiteDriver - R+F logo ready to be clicked
[INFO ] 2018-03-25 17:09:34.302 [main] RFWebsiteDriver - CLICKED on R+F logo
[INFO ] 2018-03-25 17:09:34.303 [main] RFWebsiteDriver - Waiting For Page load via JS
[INFO ] 2018-03-25 17:09:34.313 [main] RFWebsiteDriver - page load complete..
[INFO ] 2018-03-25 17:09:34.410 [main] TestListner - 
******************************************************************************************************************************
					TEST CASE NAME:                  testTotalNumberOfNewPCs_3306q
******************************************************************************************************************************
[INFO ] 2018-03-25 17:09:34.470 [main] RFWebsiteDriver -  ready to be clicked
[INFO ] 2018-03-25 17:09:34.535 [main] RFWebsiteDriver - CLICKED on 
[INFO ] 2018-03-25 17:09:34.536 [main] LSDHomePage - Clicked on Pulse Submenu from Top Navigation
[INFO ] 2018-03-25 17:09:34.590 [main] RFWebsiteDriver -  ready to be clicked
[INFO ] 2018-03-25 17:09:34.708 [main] RFWebsiteDriver - CLICKED on 
[INFO ] 2018-03-25 17:09:34.708 [main] LSDHomePage - SubMenu Link : Customers clicked
[INFO ] 2018-03-25 17:09:34.730 [main] RFWebsiteDriver - Waiting for spin image to get disappear0
[INFO ] 2018-03-25 17:09:34.739 [main] RFWebsiteDriver - spin image disappears
[INFO ] 2018-03-25 17:09:38.746 [main] DBUtil - QUERY TRIGGERED IS DECLARE @AccountID INT= 1460983   DECLARE  @PeriodID INT= NULL , @View_All_Customer INT , @Cust_have_Order INT ,@Cust_Sch_OrderNext_Month INT ,@Cust_Further_Out INT ,@New_Pcs INT ,@Deactivated_Pcs INT SET @PeriodID = ISNULL(@PeriodID, ( SELECT MAX(PERIODID)FROM   commissions.reference.PERIODS WHERE  CLOSEDDATE IS NULL AND STARTDATE <= GETDATE() )) SELECT  @View_All_Customer = COUNT(DISTINCT ab.AccountID)FROM    Commissions.calcs.vwPlacementTreePermutated AS v WITH ( NOEXPAND )JOIN RFOperations.RFO_Accounts.AccountBase(NOLOCK)  ab ON ab.AccountID = v.AccountID JOIN RFOperations.RFO_Accounts.AccountRF (NOLOCK)  rf ON rf.AccountID = ab.AccountID JOIN RFOperations.RFO_Accounts.AccountContacts (NOLOCK)  ac ON ac.AccountId = ab.AccountID WHERE   1 = 1  AND rf.Active = 1 AND ab.AccountTypeID = 2  AND v.[SponsorID] = @AccountID AND v.DirectSponsorID = @AccountID AND v.[PeriodID] = @PeriodID SELECT  @Cust_have_Order = COUNT(DISTINCT ab.AccountID) FROM    Commissions.calcs.vwPlacementTreePermutated AS v WITH ( NOEXPAND )JOIN RFOperations.RFO_Accounts.AccountBase(NOLOCK)  ab ON ab.AccountID = v.AccountID JOIN RFOperations.RFO_Accounts.AccountRF (NOLOCK)  rf ON rf.AccountID = ab.AccountID JOIN RFOperations.RFO_Accounts.AccountContacts (NOLOCK)  ac ON ac.AccountId = ab.AccountID WHERE   1 = 1 AND rf.Active = 1 AND ab.AccountTypeID = 2 AND v.[SponsorID] = @AccountID     AND v.DirectSponsorID = @AccountID  AND v.[PeriodID] = @PeriodID  AND EXISTS ( SELECT 1 FROM   RFOperations.Hybris.orders (NOLOCK)  ro WHERE  ro.AccountID = ab.AccountID   AND ro.OrderTypeID = 9  AND ro.OrderStatusID IN ( 2, 4 ) AND LEFT(CONVERT(NVARCHAR(25), ro.CompletionDate, 112),  6) = @PeriodID )  SELECT  @Cust_Sch_OrderNext_Month = COUNT(1) FROM    Commissions.calcs.vwPlacementTreePermutated AS v WITH ( NOEXPAND ) JOIN RFOperations.RFO_Accounts.AccountBase(NOLOCK)  ab ON ab.AccountID = v.AccountID  JOIN RFOperations.RFO_Accounts.AccountRF (NOLOCK)  rf ON rf.AccountID = ab.AccountID  JOIN RFOperations.RFO_Accounts.AccountContacts (NOLOCK)  ac ON ac.AccountId = ab.AccountID WHERE   1 = 1   AND rf.Active = 1 AND ab.AccountTypeID = 2 AND v.[SponsorID] = @AccountID AND v.DirectSponsorID = @AccountID AND v.[PeriodID] = @PeriodID  AND EXISTS ( SELECT 1 FROM   RFOperations.Hybris.Autoship(NOLOCK)  AU WHERE  AU.AccountID = ab.AccountID  AND AU.AutoshipTypeID = 1  AND AU.Active = 1 AND LEFT(CONVERT(NVARCHAR(25), DATEADD(MONTH,-1,Au.NextRunDate), 112), 6) = @PeriodID )	SELECT  @Cust_Further_Out = COUNT(1)   FROM    Commissions.calcs.vwPlacementTreePermutated AS v WITH ( NOEXPAND ) JOIN RFOperations.RFO_Accounts.AccountBase(NOLOCK)  ab ON ab.AccountID = v.AccountID JOIN RFOperations.RFO_Accounts.AccountRF (NOLOCK)  rf ON rf.AccountID = ab.AccountID  JOIN RFOperations.RFO_Accounts.AccountContacts (NOLOCK)  ac ON ac.AccountId = ab.AccountID  WHERE   1 = 1  AND rf.Active = 1 AND ab.AccountTypeID = 2  AND v.[SponsorID] = @AccountID   AND v.DirectSponsorID = @AccountID   AND v.[PeriodID] = @PeriodID AND EXISTS ( SELECT 1  FROM   RFOperations.Hybris.Autoship(NOLOCK)  AU    WHERE  AU.AccountID = ab.AccountID  AND AU.AutoshipTypeID = 1     AND AU.Active = 1 AND LEFT(CONVERT(NVARCHAR(25), DATEADD(MONTH,     -1,   Au.NextRunDate), 112),  6) > @PeriodID )	SELECT  @Deactivated_Pcs = COUNT(1)FROM    Commissions.calcs.vwPlacementTreePermutated AS v WITH ( NOEXPAND )  JOIN RFOperations.RFO_Accounts.AccountBase(NOLOCK)  ab ON ab.AccountID = v.AccountID JOIN RFOperations.RFO_Accounts.AccountRF (NOLOCK)  rf ON rf.AccountID = ab.AccountID JOIN RFOperations.RFO_Accounts.AccountContacts (NOLOCK)  ac ON ac.AccountId = ab.AccountID  WHERE   1 = 1 AND rf.Active = 0 AND ab.AccountTypeID = 2  AND v.[SponsorID] = @AccountID AND v.DirectSponsorID = @AccountID AND v.[PeriodID] = @PeriodID AND  rf.SoftTerminationDate > DATEADD( DAY,-60,GETDATE()) SELECT  @New_Pcs = COUNT(1)  FROM    commissions.calcs.vwPlacementTreePermutated AS v WITH ( NOEXPAND ) JOIN RFOperations.RFO_Accounts.AccountBase(NOLOCK)  ab ON ab.AccountID = v.AccountID JOIN RFOperations.RFO_Accounts.AccountRF (NOLOCK)  rf ON rf.AccountID = ab.AccountID  JOIN RFOperations.RFO_Accounts.AccountContacts (NOLOCK)  ac ON ac.AccountId = ab.AccountID WHERE   1 = 1 AND rf.Active = 1 AND ab.AccountTypeID = 2 AND v.[SponsorID] = @AccountID AND v.DirectSponsorID = @AccountID  AND v.[PeriodID] = @PeriodID AND rf.EnrollmentDate > DATEADD( DAY,-60,GETDATE()) SELECT  @AccountID [AccountID] , @View_All_Customer [TotalPCCustomersUnderLevel1] ,  @Cust_have_Order [CustomersHaveOrdersThisMonth] ,@Cust_Sch_OrderNext_Month [CustomersHaveOrdersNextMonth] , @Cust_Further_Out [CustomersHaveOrdersFurtherOut] ,@New_Pcs [NewPcs] , @Deactivated_Pcs [DeActivatedPC] , @PeriodID [Period]

[INFO ] 2018-03-25 17:09:40.274 [main] RFLSDWebsiteBaseTest - Data returned by query: 0
[INFO ] 2018-03-25 17:09:40.302 [main] RFWebsiteDriver - Waiting for spin image to get disappear0
[INFO ] 2018-03-25 17:09:40.314 [main] RFWebsiteDriver - spin image disappears
[INFO ] 2018-03-25 17:09:40.378 [main] RFWebsiteDriver - TEXT fetched for count of new pc is=0
[INFO ] 2018-03-25 17:09:40.411 [main] RFWebsiteDriver - New PC ready to be clicked
[INFO ] 2018-03-25 17:09:40.478 [main] RFWebsiteDriver - CLICKED on New PC
[INFO ] 2018-03-25 17:09:40.479 [main] RFWebsiteDriver - wait started for By.xpath: //h1[contains(text(),'new Customers')]/preceding::span[1]
[INFO ] 2018-03-25 17:09:40.479 [main] RFWebsiteDriver - waiting for locator By.xpath: //h1[contains(text(),'new Customers')]/preceding::span[1]
[INFO ] 2018-03-25 17:09:41.007 [main] RFWebsiteDriver - Element found
[INFO ] 2018-03-25 17:09:41.062 [main] RFWebsiteDriver - TEXT fetched for count of new pc at header is=0
[INFO ] 2018-03-25 17:09:41.062 [main] TestListner - [TEST IS SUCCESSFUL -------- Test case testTotalNumberOfNewPCs_3306q has passed]
[INFO ] 2018-03-25 17:09:41.078 [main] RFWebsiteDriver - URL opened is https://skywalker.rodanandfields.com
[INFO ] 2018-03-25 17:09:41.608 [main] RFWebsiteDriver - Waiting for LSD loading image to get disappear
[INFO ] 2018-03-25 17:09:41.745 [main] RFWebsiteDriver - LSD Animation image disappears
[INFO ] 2018-03-25 17:09:41.746 [main] RFWebsiteDriver - Waiting for LSD loading image to get disappear
[INFO ] 2018-03-25 17:09:42.842 [main] RFWebsiteDriver - waiting..
[INFO ] 2018-03-25 17:09:43.863 [main] RFWebsiteDriver - waiting..
[INFO ] 2018-03-25 17:09:43.893 [main] RFWebsiteDriver - LSD loading image disappears
[INFO ] 2018-03-25 17:09:43.893 [main] RFWebsiteDriver - waiting for locator By.xpath: //div[@id='rf-nav-wrapper']/descendant::span[text()='Pulse'][1]
[INFO ] 2018-03-25 17:09:43.911 [main] RFWebsiteDriver - Element found
[INFO ] 2018-03-25 17:09:43.937 [main] RFWebsiteDriver - Pulse in top navigation ready to be clicked
[INFO ] 2018-03-25 17:09:44.037 [main] RFWebsiteDriver - CLICKED on Pulse in top navigation
[INFO ] 2018-03-25 17:09:44.037 [main] LSDRFWebsiteBasePage - Pulse in top navigation clicked
[INFO ] 2018-03-25 17:09:44.037 [main] LSDRFWebsiteBasePage - Logging out from pulse application
[INFO ] 2018-03-25 17:09:44.120 [main] RFWebsiteDriver - CLICKED by JS on 
[INFO ] 2018-03-25 17:09:44.120 [main] RFWebsiteDriver - Waiting for LSD loading image to get disappear
[INFO ] 2018-03-25 17:09:44.135 [main] RFWebsiteDriver - LSD loading image disappears
