[DEBUG] 2018-03-05 16:29:31.227 [main] RFBaseTest - Started execution with  null
[INFO ] 2018-03-05 16:29:31.233 [main] RFBaseTest - Environment properties are not provided by the user ... loading the default properties
[INFO ] 2018-03-05 16:29:31.233 [main] RFBaseTest - Default Browser is  ------ chrome
[INFO ] 2018-03-05 16:29:31.233 [main] RFBaseTest - Default URL is  ------ https://skywalker.rodanandfields.com
[INFO ] 2018-03-05 16:29:31.233 [main] RFBaseTest - Default user password is  ------ 111Maiden$
[INFO ] 2018-03-05 16:29:31.233 [main] RFBaseTest - Default Country is  ------ us
[INFO ] 2018-03-05 16:29:31.233 [main] RFBaseTest - Default DB IP is  ------ 10.3.0.218
[INFO ] 2018-03-05 16:29:31.233 [main] RFBaseTest - Default DB Username is  ------ perftest
[INFO ] 2018-03-05 16:29:31.234 [main] RFBaseTest - Default DB Password is  ------ perftest
[INFO ] 2018-03-05 16:29:31.234 [main] RFBaseTest - Default DB Domain is  ------ RF
[INFO ] 2018-03-05 16:29:37.155 [main] RFWebsiteDriver - Window is maximized
[INFO ] 2018-03-05 16:29:37.156 [main] RFWebsiteDriver - All cookies deleted
[INFO ] 2018-03-05 16:29:37.157 [main] RFWebsiteDriver - URL opened is https://skywalker.rodanandfields.com
[INFO ] 2018-03-05 16:29:39.078 [main] RFLSDWebsiteBaseTest - Application loaded
[INFO ] 2018-03-05 16:29:39.089 [main] RFWebsiteDriver - DB connections are set
[INFO ] 2018-03-05 16:29:39.151 [main] DBUtil - QUERY TRIGGERED IS SELECT top 1 * FROM Commissions.[calcs].[vwQualificationSummary] where SV!=0 and PSQV!=0 and L1L2!=0 and L1L6!=0 and ECLegs > 0 and periodid= LEFT(CONVERT(varchar, GetDate(),112),6)  order by NewID() desc

[INFO ] 2018-03-05 16:29:40.159 [main] RFLSDWebsiteBaseTest - Data returned by query: 6812515
[INFO ] 2018-03-05 16:29:40.161 [main] DBUtil - QUERY TRIGGERED IS SELECT  ab.AccountID ,ac.FirstName ,ac.LastName ,acs.Username FROM  RFOperations.RFO_Accounts.AccountBase ab JOIN RFOperations.RFO_Accounts.AccountRF rf ON rf.AccountID = ab.AccountID JOIN RFOperations.RFO_Accounts.AccountContacts ac ON ac.AccountId = ab.AccountID LEFT JOIN RFOperations.Security.AccountSecurity acs ON acs.AccountID = ab.AccountID LEFT JOIN RFOperations.RFO_Reference.AccountType t ON t.AccountTypeID = ab.AccountTypeID LEFT JOIN RFOperations.RFO_Reference.AccountStatus s ON s.AccountStatusID = ab.AccountStatusID LEFT JOIN RFOperations.RFO_Reference.Countries c ON c.CountryID = ab.CountryID WHERE   ab.AccountID = 6812515

[INFO ] 2018-03-05 16:29:40.398 [main] RFLSDWebsiteBaseTest - Data returned by query: smagence@gmail.com
[INFO ] 2018-03-05 16:29:40.399 [main] DBUtil - QUERY TRIGGERED IS select EmailAddress from RFO_Accounts.AccountContacts acTB INNER JOIN RFO_Accounts.AccountEmails aeTB  on acTB.AccountContactId=aeTB.AccountContactId INNER JOIN RFO_Accounts.EmailAddresses aEMTB on aeTB.EmailAddressID=aEMTB.EmailAddressID WHERE acTB.AccountID='6812515' and aEMTB.EmailAddressTypeID=1 

[INFO ] 2018-03-05 16:29:40.660 [main] RFLSDWebsiteBaseTest - Data returned by query: smagence@gmail.com
[INFO ] 2018-03-05 16:29:40.660 [main] RFWebsiteDriver - Waiting for LSD loading image to get disappear
[INFO ] 2018-03-05 16:29:40.692 [main] RFWebsiteDriver - LSD loading image disappears
[INFO ] 2018-03-05 16:29:40.791 [main] RFWebsiteDriver - waiting for locator By.id: username
[INFO ] 2018-03-05 16:29:40.806 [main] RFWebsiteDriver - Element found
[INFO ] 2018-03-05 16:29:40.806 [main] RFWebsiteDriver - Taking Screenshot
[INFO ] 2018-03-05 16:29:41.343 [main] RFWebsiteDriver - wait started for By.id: username
[INFO ] 2018-03-05 16:29:41.343 [main] RFWebsiteDriver - waiting for locator By.id: username
[INFO ] 2018-03-05 16:29:41.352 [main] RFWebsiteDriver - Element found
[INFO ] 2018-03-05 16:29:41.512 [main] RFWebsiteDriver - TYPED text as = smagence@gmail.com in  text field
[INFO ] 2018-03-05 16:29:41.512 [main] LSDLoginPage - username is smagence@gmail.com
[INFO ] 2018-03-05 16:29:41.512 [main] RFWebsiteDriver - wait started for By.id: password
[INFO ] 2018-03-05 16:29:41.512 [main] RFWebsiteDriver - waiting for locator By.id: password
[INFO ] 2018-03-05 16:29:41.529 [main] RFWebsiteDriver - Element found
[INFO ] 2018-03-05 16:29:41.665 [main] RFWebsiteDriver - TYPED text as = 111Maiden$ in  text field
[INFO ] 2018-03-05 16:29:41.665 [main] LSDLoginPage - password is 111Maiden$
[INFO ] 2018-03-05 16:29:41.665 [main] RFWebsiteDriver - wait started for By.id: button-login
[INFO ] 2018-03-05 16:29:41.666 [main] RFWebsiteDriver - waiting for locator By.id: button-login
[INFO ] 2018-03-05 16:29:41.682 [main] RFWebsiteDriver - Element found
[INFO ] 2018-03-05 16:29:41.683 [main] RFWebsiteDriver -  ready to be clicked
[INFO ] 2018-03-05 16:29:41.764 [main] RFWebsiteDriver - CLICKED on 
[INFO ] 2018-03-05 16:29:51.590 [main] RFWebsiteDriver - URL opened is https://skywalker.rodanandfields.com
[INFO ] 2018-03-05 16:29:52.053 [main] RFWebsiteDriver - Waiting for LSD loading image to get disappear
[INFO ] 2018-03-05 16:29:52.181 [main] RFWebsiteDriver - LSD Animation image disappears
[INFO ] 2018-03-05 16:29:52.181 [main] RFWebsiteDriver - waiting for locator By.id: button-login
[INFO ] 2018-03-05 16:29:57.574 [main] RFWebsiteDriver - waiting for locator By.xpath: //div[text()='Hello,']/following-sibling::div[contains(@class,'text-uppercase')]
[INFO ] 2018-03-05 16:29:57.585 [main] RFWebsiteDriver - Element found
[INFO ] 2018-03-05 16:29:57.595 [main] RFWebsiteDriver - waiting for locator By.xpath: //div[text()='Hello,']/following-sibling::div[contains(@class,'text-uppercase')]
[INFO ] 2018-03-05 16:29:57.606 [main] RFWebsiteDriver - Element found
[INFO ] 2018-03-05 16:29:57.643 [main] RFWebsiteDriver - TEXT fetched for First name in overview section is=SHAWNA
[INFO ] 2018-03-05 16:29:57.643 [main] RFLSDWebsiteBaseTest - Data returned by query: Shawna
[INFO ] 2018-03-05 16:29:57.649 [main] RFWebsiteDriver - wait started for By.xpath: //div[@id='rf-nav-wrapper']/descendant::img[2]
[INFO ] 2018-03-05 16:29:57.649 [main] RFWebsiteDriver - waiting for locator By.xpath: //div[@id='rf-nav-wrapper']/descendant::img[2]
[INFO ] 2018-03-05 16:29:57.665 [main] RFWebsiteDriver - Element found
[INFO ] 2018-03-05 16:29:57.666 [main] RFWebsiteDriver - R+F logo ready to be clicked
[INFO ] 2018-03-05 16:29:57.746 [main] RFWebsiteDriver - CLICKED on R+F logo
[INFO ] 2018-03-05 16:29:57.855 [main] TestListner - 
******************************************************************************************************************************
					TEST CASE NAME:                  testTotalNumberOfPCsThisMonth_3013q
******************************************************************************************************************************
[INFO ] 2018-03-05 16:29:57.902 [main] RFWebsiteDriver - wait started for By.xpath: //div[@id='rf-nav-wrapper']/descendant::span[text()='Pulse'][1]
[INFO ] 2018-03-05 16:29:57.902 [main] RFWebsiteDriver - waiting for locator By.xpath: //div[@id='rf-nav-wrapper']/descendant::span[text()='Pulse'][1]
[INFO ] 2018-03-05 16:29:57.916 [main] RFWebsiteDriver - Element found
[INFO ] 2018-03-05 16:29:57.917 [main] RFWebsiteDriver -  ready to be clicked
[INFO ] 2018-03-05 16:29:57.994 [main] RFWebsiteDriver - CLICKED on 
[INFO ] 2018-03-05 16:29:57.994 [main] LSDHomePage - Clicked on Pulse Submenu from Top Navigation
[INFO ] 2018-03-05 16:29:58.052 [main] RFWebsiteDriver - wait started for By.xpath: //a[contains(text(),'Customers')]
[INFO ] 2018-03-05 16:29:58.052 [main] RFWebsiteDriver - waiting for locator By.xpath: //a[contains(text(),'Customers')]
[INFO ] 2018-03-05 16:29:58.064 [main] RFWebsiteDriver - Element found
[INFO ] 2018-03-05 16:29:58.064 [main] RFWebsiteDriver -  ready to be clicked
[INFO ] 2018-03-05 16:29:58.151 [main] RFWebsiteDriver - CLICKED on 
[INFO ] 2018-03-05 16:29:58.151 [main] LSDHomePage - SubMenu Link : Customers clicked
[INFO ] 2018-03-05 16:29:58.177 [main] RFWebsiteDriver - Waiting for spin image to get disappear0
[INFO ] 2018-03-05 16:29:58.190 [main] RFWebsiteDriver - spin image disappears
[INFO ] 2018-03-05 16:30:02.191 [main] DBUtil - QUERY TRIGGERED IS DECLARE @AccountID INT = 6812515 ;WITH PCAchievedOrders AS ( SELECT COUNT( ro.OrderID) Ocount , ro.ConsultantID FROM RFOperations.Hybris.orders (NOLOCK) ro JOIN RFOperations.RFO_Accounts.AccountBase ab ON ab.AccountID = ro.AccountID WHERE ro.ConsultantID = @AccountID AND ro.OrderStatusID IN ( 2, 4, 5 ) AND ab.AccountTypeID = 2 AND ro.CompletionDate BETWEEN CAST(DATEADD(DAY, 1, DATEADD(MONTH, -1, EOMONTH(GETDATE()))) AS DATE) AND GETDATE() AND ro.AutoShipID IS NOT NULL GROUP BY ro.ConsultantID ), PenddingPCTemplate AS ( SELECT COUNT( a.AutoshipID) PCount , a.ConsultantID FROM RFOperations.Hybris.Autoship (NOLOCK) a JOIN RFOperations.RFO_Accounts.AccountBase (NOLOCK) ab ON ab.AccountID = a.AccountID JOIN RFOperations.RFO_Accounts.AccountContacts ac ON ac.AccountId = ab.AccountID WHERE a.ConsultantID = @AccountID AND a.AutoshipTypeID = 1 AND ab.AccountTypeID = 2 AND a.Active = 1 AND CAST(a.NextRunDate AS DATE) BETWEEN CAST(DATEADD(DAY, 1, DATEADD(MONTH, -1, EOMONTH(GETDATE()))) AS DATE) AND EOMONTH(GETDATE()) GROUP BY a.ConsultantID ) SELECT ab.AccountID , ISNULL(p.PCount, 0) + ISNULL(o.Ocount, 0) AS [Totol PC Order Counts] FROM RFOperations.RFO_Accounts.AccountBase ab LEFT JOIN PCAchievedOrders o ON o.ConsultantID = ab.AccountID LEFT JOIN PenddingPCTemplate p ON p.ConsultantID = ab.AccountID WHERE ab.AccountID = @AccountID

[INFO ] 2018-03-05 16:30:02.398 [main] RFLSDWebsiteBaseTest - Data returned by query: 0
[INFO ] 2018-03-05 16:30:02.398 [main] RFWebsiteDriver - wait started for By.xpath: //div[@id='rf-nav-wrapper']/descendant::span[text()='Pulse'][1]
[INFO ] 2018-03-05 16:30:02.398 [main] RFWebsiteDriver - waiting for locator By.xpath: //div[@id='rf-nav-wrapper']/descendant::span[text()='Pulse'][1]
[INFO ] 2018-03-05 16:30:02.413 [main] RFWebsiteDriver - Element found
[INFO ] 2018-03-05 16:30:02.413 [main] RFWebsiteDriver -  ready to be clicked
[INFO ] 2018-03-05 16:30:02.463 [main] RFWebsiteDriver - CLICKED on 
[INFO ] 2018-03-05 16:30:02.463 [main] LSDHomePage - Clicked on Pulse Submenu from Top Navigation
[INFO ] 2018-03-05 16:30:02.495 [main] RFWebsiteDriver - wait started for By.xpath: //a[contains(text(),'Customers')]
[INFO ] 2018-03-05 16:30:02.495 [main] RFWebsiteDriver - waiting for locator By.xpath: //a[contains(text(),'Customers')]
[INFO ] 2018-03-05 16:30:02.506 [main] RFWebsiteDriver - Element found
[INFO ] 2018-03-05 16:30:02.506 [main] RFWebsiteDriver -  ready to be clicked
[INFO ] 2018-03-05 16:30:02.543 [main] RFWebsiteDriver - CLICKED on 
[INFO ] 2018-03-05 16:30:02.544 [main] LSDHomePage - SubMenu Link : Customers clicked
[INFO ] 2018-03-05 16:30:02.555 [main] RFWebsiteDriver - Waiting for spin image to get disappear0
[INFO ] 2018-03-05 16:30:02.575 [main] RFWebsiteDriver - spin image disappears
[INFO ] 2018-03-05 16:30:06.594 [main] RFWebsiteDriver - Waiting for spin image to get disappear0
[INFO ] 2018-03-05 16:30:06.604 [main] RFWebsiteDriver - spin image disappears
[INFO ] 2018-03-05 16:30:06.604 [main] RFWebsiteDriver - waiting for locator By.xpath: //div[contains(@class,'white-fb')]/descendant::a[1]/descendant::span[2]
[INFO ] 2018-03-05 16:30:06.624 [main] RFWebsiteDriver - Element found
[INFO ] 2018-03-05 16:30:06.665 [main] RFWebsiteDriver - TEXT fetched for count of pc autoship orders for this month is=0
[INFO ] 2018-03-05 16:30:13.669 [main] RFWebsiteDriver - wait started for By.xpath: //div[contains(@class,'white-fb')]/descendant::a[1]/descendant::span[1]
[INFO ] 2018-03-05 16:30:13.670 [main] RFWebsiteDriver - waiting for locator By.xpath: //div[contains(@class,'white-fb')]/descendant::a[1]/descendant::span[1]
[INFO ] 2018-03-05 16:30:14.039 [main] RFWebsiteDriver - Element found
[INFO ] 2018-03-05 16:30:14.040 [main] RFWebsiteDriver - have orders for this month ready to be clicked
[INFO ] 2018-03-05 16:30:14.110 [main] RFWebsiteDriver - CLICKED on have orders for this month
[INFO ] 2018-03-05 16:30:14.225 [main] RFWebsiteDriver - CLICKED on 
[INFO ] 2018-03-05 16:30:14.226 [main] RFWebsiteDriver - wait started for By.xpath: //h1[contains(text(),'have orders this month')]/preceding::span[1]
[INFO ] 2018-03-05 16:30:14.226 [main] RFWebsiteDriver - waiting for locator By.xpath: //h1[contains(text(),'have orders this month')]/preceding::span[1]
[INFO ] 2018-03-05 16:30:14.755 [main] RFWebsiteDriver - Element found
[INFO ] 2018-03-05 16:30:14.755 [main] RFWebsiteDriver - waiting for locator By.xpath: //h1[contains(text(),'have orders this month')]/preceding::span[1]
[INFO ] 2018-03-05 16:30:14.766 [main] RFWebsiteDriver - Element found
[INFO ] 2018-03-05 16:30:14.812 [main] RFWebsiteDriver - TEXT fetched for count of pc autoship orders for this month at header is=0
[INFO ] 2018-03-05 16:30:14.812 [main] TestListner - [TEST IS SUCCESSFUL -------- Test case testTotalNumberOfPCsThisMonth_3013q has passed]
[INFO ] 2018-03-05 16:30:14.831 [main] RFWebsiteDriver - URL opened is https://skywalker.rodanandfields.com
[INFO ] 2018-03-05 16:30:15.454 [main] RFWebsiteDriver - Waiting for LSD loading image to get disappear
[INFO ] 2018-03-05 16:30:15.974 [main] RFWebsiteDriver - LSD Animation image disappears
[INFO ] 2018-03-05 16:30:15.975 [main] RFWebsiteDriver - Waiting for LSD loading image to get disappear
[INFO ] 2018-03-05 16:30:16.994 [main] RFWebsiteDriver - waiting..
[INFO ] 2018-03-05 16:30:17.003 [main] RFWebsiteDriver - LSD loading image disappears
[INFO ] 2018-03-05 16:30:17.004 [main] RFWebsiteDriver - waiting for locator By.xpath: //div[@id='rf-nav-wrapper']/descendant::span[text()='Pulse'][1]
[INFO ] 2018-03-05 16:30:17.533 [main] RFWebsiteDriver - Element found
[INFO ] 2018-03-05 16:30:17.533 [main] RFWebsiteDriver - wait started for By.xpath: //div[@id='rf-nav-wrapper']/descendant::span[text()='Pulse'][1]
[INFO ] 2018-03-05 16:30:17.533 [main] RFWebsiteDriver - waiting for locator By.xpath: //div[@id='rf-nav-wrapper']/descendant::span[text()='Pulse'][1]
[INFO ] 2018-03-05 16:30:17.541 [main] RFWebsiteDriver - Element found
[INFO ] 2018-03-05 16:30:17.541 [main] RFWebsiteDriver - Pulse in top navigation ready to be clicked
[INFO ] 2018-03-05 16:30:17.624 [main] RFWebsiteDriver - CLICKED on Pulse in top navigation
[INFO ] 2018-03-05 16:30:17.624 [main] LSDRFWebsiteBasePage - Pulse in top navigation clicked
[INFO ] 2018-03-05 16:30:17.624 [main] LSDRFWebsiteBasePage - Logging out from pulse application
[INFO ] 2018-03-05 16:30:17.721 [main] RFWebsiteDriver - CLICKED on 
[INFO ] 2018-03-05 16:30:17.722 [main] RFWebsiteDriver - Waiting for LSD loading image to get disappear
[INFO ] 2018-03-05 16:30:17.736 [main] RFWebsiteDriver - LSD loading image disappears
