[DEBUG] 2018-02-28 16:07:01.742 [main] RFBaseTest - Started execution with  null
[INFO ] 2018-02-28 16:07:01.751 [main] RFBaseTest - Environment properties are not provided by the user ... loading the default properties
[INFO ] 2018-02-28 16:07:01.751 [main] RFBaseTest - Default Browser is  ------ chrome
[INFO ] 2018-02-28 16:07:01.752 [main] RFBaseTest - Default URL is  ------ https://skywalker.rodanandfields.com
[INFO ] 2018-02-28 16:07:01.752 [main] RFBaseTest - Default user password is  ------ 111Maiden$
[INFO ] 2018-02-28 16:07:01.752 [main] RFBaseTest - Default Country is  ------ us
[INFO ] 2018-02-28 16:07:01.752 [main] RFBaseTest - Default DB IP is  ------ 10.3.0.218
[INFO ] 2018-02-28 16:07:01.752 [main] RFBaseTest - Default DB Username is  ------ perftest
[INFO ] 2018-02-28 16:07:01.753 [main] RFBaseTest - Default DB Password is  ------ perftest
[INFO ] 2018-02-28 16:07:01.753 [main] RFBaseTest - Default DB Domain is  ------ RF
[INFO ] 2018-02-28 16:07:09.120 [main] RFWebsiteDriver - Window is maximized
[INFO ] 2018-02-28 16:07:09.121 [main] RFWebsiteDriver - All cookies deleted
[INFO ] 2018-02-28 16:07:09.121 [main] RFWebsiteDriver - URL opened is https://skywalker.rodanandfields.com
[INFO ] 2018-02-28 16:07:10.762 [main] RFLSDWebsiteBaseTest - Application loaded
[INFO ] 2018-02-28 16:07:18.892 [main] RFWebsiteDriver - DB connections are set
[INFO ] 2018-02-28 16:07:18.964 [main] DBUtil - QUERY TRIGGERED IS SELECT TOP 1 FROM    Commissions.calcs.vwQualificationSummary WHERE SV <> 0 AND PSQV <> 0  AND ECLegs > 2 AND L1L2 <> 0  AND L1L6 <> 0 AND PeriodID = LEFT(CONVERT(VARCHAR, GETDATE(), 112), 6) ORDER BY NEWID()

[INFO ] 2018-02-28 16:07:19.519 [main] TestListner - 
******************************************************************************************************************************
					TEST CASE NAME:                  testConsultantCardComponents_2876q
******************************************************************************************************************************
[INFO ] 2018-02-28 16:07:19.594 [main] TestListner - 
******************************************************************************************************************************
					TEST CASE NAME:                  testConsultantCardComponents_2876q
******************************************************************************************************************************
[INFO ] 2018-02-28 16:07:19.594 [main] TestListner - [TEST IS SKIPPED -------- Test case testConsultantCardComponents_2876q skipped]
[INFO ] 2018-02-28 16:07:19.706 [main] TestListner - [TEST IS SKIPPED -------- Test case testConsultantCardComponents_2876q skipped]
[INFO ] 2018-02-28 16:07:19.715 [main] TestListner - 
******************************************************************************************************************************
					TEST CASE NAME:                  testFAQNavigation_2953q
******************************************************************************************************************************
[INFO ] 2018-02-28 16:07:19.720 [main] TestListner - 
******************************************************************************************************************************
					TEST CASE NAME:                  testFAQNavigation_2953q
******************************************************************************************************************************
[INFO ] 2018-02-28 16:07:19.721 [main] TestListner - [TEST IS SKIPPED -------- Test case testFAQNavigation_2953q skipped]
[INFO ] 2018-02-28 16:07:19.725 [main] TestListner - [TEST IS SKIPPED -------- Test case testFAQNavigation_2953q skipped]
[INFO ] 2018-02-28 16:07:19.730 [main] TestListner - 
******************************************************************************************************************************
					TEST CASE NAME:                  testMainMenuLinks_2631q
******************************************************************************************************************************
[INFO ] 2018-02-28 16:07:19.733 [main] TestListner - 
******************************************************************************************************************************
					TEST CASE NAME:                  testMainMenuLinks_2631q
******************************************************************************************************************************
[INFO ] 2018-02-28 16:07:19.734 [main] TestListner - [TEST IS SKIPPED -------- Test case testMainMenuLinks_2631q skipped]
[INFO ] 2018-02-28 16:07:19.738 [main] TestListner - [TEST IS SKIPPED -------- Test case testMainMenuLinks_2631q skipped]
[INFO ] 2018-02-28 16:07:19.743 [main] TestListner - 
******************************************************************************************************************************
					TEST CASE NAME:                  testSortingMenuForViewAllConsultants_3328q
******************************************************************************************************************************
[INFO ] 2018-02-28 16:07:19.746 [main] TestListner - 
******************************************************************************************************************************
					TEST CASE NAME:                  testSortingMenuForViewAllConsultants_3328q
******************************************************************************************************************************
[INFO ] 2018-02-28 16:07:19.746 [main] TestListner - [TEST IS SKIPPED -------- Test case testSortingMenuForViewAllConsultants_3328q skipped]
[INFO ] 2018-02-28 16:07:19.750 [main] TestListner - [TEST IS SKIPPED -------- Test case testSortingMenuForViewAllConsultants_3328q skipped]
[INFO ] 2018-02-28 16:07:19.752 [main] TestListner - 
******************************************************************************************************************************
					TEST CASE NAME:                  testVerifyTabsWith6Level_3238q
******************************************************************************************************************************
[INFO ] 2018-02-28 16:07:19.755 [main] TestListner - 
******************************************************************************************************************************
					TEST CASE NAME:                  testVerifyTabsWith6Level_3238q
******************************************************************************************************************************
[INFO ] 2018-02-28 16:07:19.756 [main] TestListner - [TEST IS SKIPPED -------- Test case testVerifyTabsWith6Level_3238q skipped]
[INFO ] 2018-02-28 16:07:19.760 [main] TestListner - [TEST IS SKIPPED -------- Test case testVerifyTabsWith6Level_3238q skipped]
[INFO ] 2018-02-28 16:07:19.762 [main] TestListner - 
******************************************************************************************************************************
					TEST CASE NAME:                  testVerifyLeadTheWayLink_1455q
******************************************************************************************************************************
[INFO ] 2018-02-28 16:07:19.765 [main] TestListner - 
******************************************************************************************************************************
					TEST CASE NAME:                  testVerifyLeadTheWayLink_1455q
******************************************************************************************************************************
[INFO ] 2018-02-28 16:07:19.765 [main] TestListner - [TEST IS SKIPPED -------- Test case testVerifyLeadTheWayLink_1455q skipped]
[INFO ] 2018-02-28 16:07:19.769 [main] TestListner - [TEST IS SKIPPED -------- Test case testVerifyLeadTheWayLink_1455q skipped]
[INFO ] 2018-02-28 16:07:19.771 [main] TestListner - 
******************************************************************************************************************************
					TEST CASE NAME:                  testVerifyRFConnectionLink_1456q
******************************************************************************************************************************
[INFO ] 2018-02-28 16:07:19.775 [main] TestListner - 
******************************************************************************************************************************
					TEST CASE NAME:                  testVerifyRFConnectionLink_1456q
******************************************************************************************************************************
[INFO ] 2018-02-28 16:07:19.776 [main] TestListner - [TEST IS SKIPPED -------- Test case testVerifyRFConnectionLink_1456q skipped]
[INFO ] 2018-02-28 16:07:19.782 [main] TestListner - [TEST IS SKIPPED -------- Test case testVerifyRFConnectionLink_1456q skipped]
[INFO ] 2018-02-28 16:07:19.785 [main] TestListner - 
******************************************************************************************************************************
					TEST CASE NAME:                  testVerifyRFJourneyLink_1457q
******************************************************************************************************************************
[INFO ] 2018-02-28 16:07:19.787 [main] TestListner - 
******************************************************************************************************************************
					TEST CASE NAME:                  testVerifyRFJourneyLink_1457q
******************************************************************************************************************************
[INFO ] 2018-02-28 16:07:19.788 [main] TestListner - [TEST IS SKIPPED -------- Test case testVerifyRFJourneyLink_1457q skipped]
[INFO ] 2018-02-28 16:07:19.792 [main] TestListner - [TEST IS SKIPPED -------- Test case testVerifyRFJourneyLink_1457q skipped]
[INFO ] 2018-02-28 16:07:19.797 [main] TestListner - 
******************************************************************************************************************************
					TEST CASE NAME:                  testVerifyRFMallLink_1458q
******************************************************************************************************************************
[INFO ] 2018-02-28 16:07:19.800 [main] TestListner - 
******************************************************************************************************************************
					TEST CASE NAME:                  testVerifyRFMallLink_1458q
******************************************************************************************************************************
[INFO ] 2018-02-28 16:07:19.800 [main] TestListner - [TEST IS SKIPPED -------- Test case testVerifyRFMallLink_1458q skipped]
[INFO ] 2018-02-28 16:07:19.803 [main] TestListner - [TEST IS SKIPPED -------- Test case testVerifyRFMallLink_1458q skipped]
[INFO ] 2018-02-28 16:07:19.806 [main] TestListner - 
******************************************************************************************************************************
					TEST CASE NAME:                  testVerifyRFPaydayLink_1459q
******************************************************************************************************************************
[INFO ] 2018-02-28 16:07:19.809 [main] TestListner - 
******************************************************************************************************************************
					TEST CASE NAME:                  testVerifyRFPaydayLink_1459q
******************************************************************************************************************************
[INFO ] 2018-02-28 16:07:19.809 [main] TestListner - [TEST IS SKIPPED -------- Test case testVerifyRFPaydayLink_1459q skipped]
[INFO ] 2018-02-28 16:07:19.813 [main] TestListner - [TEST IS SKIPPED -------- Test case testVerifyRFPaydayLink_1459q skipped]
[INFO ] 2018-02-28 16:07:19.817 [main] TestListner - 
******************************************************************************************************************************
					TEST CASE NAME:                  testVerifyLinkCommsCorner_1447q
******************************************************************************************************************************
[INFO ] 2018-02-28 16:07:19.820 [main] TestListner - 
******************************************************************************************************************************
					TEST CASE NAME:                  testVerifyLinkCommsCorner_1447q
******************************************************************************************************************************
[INFO ] 2018-02-28 16:07:19.820 [main] TestListner - [TEST IS SKIPPED -------- Test case testVerifyLinkCommsCorner_1447q skipped]
[INFO ] 2018-02-28 16:07:19.825 [main] TestListner - [TEST IS SKIPPED -------- Test case testVerifyLinkCommsCorner_1447q skipped]
[INFO ] 2018-02-28 16:07:19.831 [main] TestListner - 
******************************************************************************************************************************
					TEST CASE NAME:                  testVerifyLinkConsultantLEDEvents_1448
******************************************************************************************************************************
[INFO ] 2018-02-28 16:07:19.834 [main] TestListner - 
******************************************************************************************************************************
					TEST CASE NAME:                  testVerifyLinkConsultantLEDEvents_1448
******************************************************************************************************************************
[INFO ] 2018-02-28 16:07:19.835 [main] TestListner - [TEST IS SKIPPED -------- Test case testVerifyLinkConsultantLEDEvents_1448 skipped]
[INFO ] 2018-02-28 16:07:19.842 [main] TestListner - [TEST IS SKIPPED -------- Test case testVerifyLinkConsultantLEDEvents_1448 skipped]
[INFO ] 2018-02-28 16:07:19.846 [main] TestListner - 
******************************************************************************************************************************
					TEST CASE NAME:                  testVerifyLinkCorporateEvents_1449q
******************************************************************************************************************************
[INFO ] 2018-02-28 16:07:19.850 [main] TestListner - 
******************************************************************************************************************************
					TEST CASE NAME:                  testVerifyLinkCorporateEvents_1449q
******************************************************************************************************************************
[INFO ] 2018-02-28 16:07:19.850 [main] TestListner - [TEST IS SKIPPED -------- Test case testVerifyLinkCorporateEvents_1449q skipped]
[INFO ] 2018-02-28 16:07:19.856 [main] TestListner - [TEST IS SKIPPED -------- Test case testVerifyLinkCorporateEvents_1449q skipped]
[INFO ] 2018-02-28 16:07:19.859 [main] TestListner - 
******************************************************************************************************************************
					TEST CASE NAME:                  testVerifyLinkGettingStarted_1450q
******************************************************************************************************************************
[INFO ] 2018-02-28 16:07:19.862 [main] TestListner - 
******************************************************************************************************************************
					TEST CASE NAME:                  testVerifyLinkGettingStarted_1450q
******************************************************************************************************************************
[INFO ] 2018-02-28 16:07:19.862 [main] TestListner - [TEST IS SKIPPED -------- Test case testVerifyLinkGettingStarted_1450q skipped]
[INFO ] 2018-02-28 16:07:19.866 [main] TestListner - [TEST IS SKIPPED -------- Test case testVerifyLinkGettingStarted_1450q skipped]
[INFO ] 2018-02-28 16:07:19.874 [main] TestListner - 
******************************************************************************************************************************
					TEST CASE NAME:                  test2InitialIcon_2547q
******************************************************************************************************************************
[INFO ] 2018-02-28 16:07:19.880 [main] TestListner - 
******************************************************************************************************************************
					TEST CASE NAME:                  test2InitialIcon_2547q
******************************************************************************************************************************
[INFO ] 2018-02-28 16:07:19.880 [main] TestListner - [TEST IS SKIPPED -------- Test case test2InitialIcon_2547q skipped]
[INFO ] 2018-02-28 16:07:19.884 [main] TestListner - [TEST IS SKIPPED -------- Test case test2InitialIcon_2547q skipped]
[INFO ] 2018-02-28 16:07:19.889 [main] TestListner - 
******************************************************************************************************************************
					TEST CASE NAME:                  testCRPAutoshipProcessedInPastForThismonth_2522q
******************************************************************************************************************************
[INFO ] 2018-02-28 16:07:19.893 [main] TestListner - 
******************************************************************************************************************************
					TEST CASE NAME:                  testCRPAutoshipProcessedInPastForThismonth_2522q
******************************************************************************************************************************
[INFO ] 2018-02-28 16:07:19.894 [main] TestListner - [TEST IS SKIPPED -------- Test case testCRPAutoshipProcessedInPastForThismonth_2522q skipped]
[INFO ] 2018-02-28 16:07:19.900 [main] TestListner - [TEST IS SKIPPED -------- Test case testCRPAutoshipProcessedInPastForThismonth_2522q skipped]
[INFO ] 2018-02-28 16:07:19.903 [main] TestListner - 
******************************************************************************************************************************
					TEST CASE NAME:                  testColorOfPSQVValueAndPSQVRingEqualsTo0_2470q
******************************************************************************************************************************
[INFO ] 2018-02-28 16:07:19.905 [main] TestListner - 
******************************************************************************************************************************
					TEST CASE NAME:                  testColorOfPSQVValueAndPSQVRingEqualsTo0_2470q
******************************************************************************************************************************
[INFO ] 2018-02-28 16:07:19.906 [main] TestListner - [TEST IS SKIPPED -------- Test case testColorOfPSQVValueAndPSQVRingEqualsTo0_2470q skipped]
[INFO ] 2018-02-28 16:07:19.909 [main] TestListner - [TEST IS SKIPPED -------- Test case testColorOfPSQVValueAndPSQVRingEqualsTo0_2470q skipped]
[INFO ] 2018-02-28 16:07:19.912 [main] TestListner - 
******************************************************************************************************************************
					TEST CASE NAME:                  testColorOfPSQVValueAndPSQVRingGreaterThan600_3128q
******************************************************************************************************************************
[INFO ] 2018-02-28 16:07:19.916 [main] TestListner - 
******************************************************************************************************************************
					TEST CASE NAME:                  testColorOfPSQVValueAndPSQVRingGreaterThan600_3128q
******************************************************************************************************************************
[INFO ] 2018-02-28 16:07:19.917 [main] TestListner - [TEST IS SKIPPED -------- Test case testColorOfPSQVValueAndPSQVRingGreaterThan600_3128q skipped]
[INFO ] 2018-02-28 16:07:19.920 [main] TestListner - [TEST IS SKIPPED -------- Test case testColorOfPSQVValueAndPSQVRingGreaterThan600_3128q skipped]
[INFO ] 2018-02-28 16:07:19.923 [main] TestListner - 
******************************************************************************************************************************
					TEST CASE NAME:                  testColorOfPSQVValueAndPSQVRingLessThan600_3127q
******************************************************************************************************************************
[INFO ] 2018-02-28 16:07:19.925 [main] TestListner - 
******************************************************************************************************************************
					TEST CASE NAME:                  testColorOfPSQVValueAndPSQVRingLessThan600_3127q
******************************************************************************************************************************
[INFO ] 2018-02-28 16:07:19.925 [main] TestListner - [TEST IS SKIPPED -------- Test case testColorOfPSQVValueAndPSQVRingLessThan600_3127q skipped]
[INFO ] 2018-02-28 16:07:19.932 [main] TestListner - [TEST IS SKIPPED -------- Test case testColorOfPSQVValueAndPSQVRingLessThan600_3127q skipped]
[INFO ] 2018-02-28 16:07:19.937 [main] TestListner - 
******************************************************************************************************************************
					TEST CASE NAME:                  testColorOfSVValueAndSVRingForEqualsTo0_2469q
******************************************************************************************************************************
[INFO ] 2018-02-28 16:07:19.940 [main] TestListner - 
******************************************************************************************************************************
					TEST CASE NAME:                  testColorOfSVValueAndSVRingForEqualsTo0_2469q
******************************************************************************************************************************
[INFO ] 2018-02-28 16:07:19.940 [main] TestListner - [TEST IS SKIPPED -------- Test case testColorOfSVValueAndSVRingForEqualsTo0_2469q skipped]
[INFO ] 2018-02-28 16:07:19.944 [main] TestListner - [TEST IS SKIPPED -------- Test case testColorOfSVValueAndSVRingForEqualsTo0_2469q skipped]
[INFO ] 2018-02-28 16:07:19.946 [main] TestListner - 
******************************************************************************************************************************
					TEST CASE NAME:                  testColorOfSVValueAndSVRingGreaterThan100_3125q
******************************************************************************************************************************
[INFO ] 2018-02-28 16:07:19.950 [main] TestListner - 
******************************************************************************************************************************
					TEST CASE NAME:                  testColorOfSVValueAndSVRingGreaterThan100_3125q
******************************************************************************************************************************
[INFO ] 2018-02-28 16:07:19.950 [main] TestListner - [TEST IS SKIPPED -------- Test case testColorOfSVValueAndSVRingGreaterThan100_3125q skipped]
[INFO ] 2018-02-28 16:07:19.953 [main] TestListner - [TEST IS SKIPPED -------- Test case testColorOfSVValueAndSVRingGreaterThan100_3125q skipped]
[INFO ] 2018-02-28 16:07:19.956 [main] TestListner - 
******************************************************************************************************************************
					TEST CASE NAME:                  testColorOfSVValueAndSVRingLessThan100_3126q
******************************************************************************************************************************
[INFO ] 2018-02-28 16:07:19.959 [main] TestListner - 
******************************************************************************************************************************
					TEST CASE NAME:                  testColorOfSVValueAndSVRingLessThan100_3126q
******************************************************************************************************************************
[INFO ] 2018-02-28 16:07:19.960 [main] TestListner - [TEST IS SKIPPED -------- Test case testColorOfSVValueAndSVRingLessThan100_3126q skipped]
[INFO ] 2018-02-28 16:07:19.964 [main] TestListner - [TEST IS SKIPPED -------- Test case testColorOfSVValueAndSVRingLessThan100_3126q skipped]
[INFO ] 2018-02-28 16:07:19.969 [main] TestListner - 
******************************************************************************************************************************
					TEST CASE NAME:                  testConsultantOverviewDetails_2420q
******************************************************************************************************************************
[INFO ] 2018-02-28 16:07:19.973 [main] TestListner - 
******************************************************************************************************************************
					TEST CASE NAME:                  testConsultantOverviewDetails_2420q
******************************************************************************************************************************
[INFO ] 2018-02-28 16:07:19.973 [main] TestListner - [TEST IS SKIPPED -------- Test case testConsultantOverviewDetails_2420q skipped]
[INFO ] 2018-02-28 16:07:19.984 [main] TestListner - [TEST IS SKIPPED -------- Test case testConsultantOverviewDetails_2420q skipped]
[INFO ] 2018-02-28 16:07:19.988 [main] TestListner - 
******************************************************************************************************************************
					TEST CASE NAME:                  testConsultantsOnMyLevel1Value_2539q
******************************************************************************************************************************
[INFO ] 2018-02-28 16:07:19.991 [main] TestListner - 
******************************************************************************************************************************
					TEST CASE NAME:                  testConsultantsOnMyLevel1Value_2539q
******************************************************************************************************************************
[INFO ] 2018-02-28 16:07:19.991 [main] TestListner - [TEST IS SKIPPED -------- Test case testConsultantsOnMyLevel1Value_2539q skipped]
[INFO ] 2018-02-28 16:07:19.995 [main] TestListner - [TEST IS SKIPPED -------- Test case testConsultantsOnMyLevel1Value_2539q skipped]
[INFO ] 2018-02-28 16:07:19.997 [main] TestListner - 
******************************************************************************************************************************
					TEST CASE NAME:                  testCurrentProgressEstSVValue_2467q
******************************************************************************************************************************
[INFO ] 2018-02-28 16:07:20.000 [main] TestListner - 
******************************************************************************************************************************
					TEST CASE NAME:                  testCurrentProgressEstSVValue_2467q
******************************************************************************************************************************
[INFO ] 2018-02-28 16:07:20.000 [main] TestListner - [TEST IS SKIPPED -------- Test case testCurrentProgressEstSVValue_2467q skipped]
[INFO ] 2018-02-28 16:07:20.004 [main] TestListner - [TEST IS SKIPPED -------- Test case testCurrentProgressEstSVValue_2467q skipped]
[INFO ] 2018-02-28 16:07:20.007 [main] TestListner - 
******************************************************************************************************************************
					TEST CASE NAME:                  testDeactivatedPCCardDetails_2988q
******************************************************************************************************************************
[INFO ] 2018-02-28 16:07:20.009 [main] TestListner - 
******************************************************************************************************************************
					TEST CASE NAME:                  testDeactivatedPCCardDetails_2988q
******************************************************************************************************************************
[INFO ] 2018-02-28 16:07:20.009 [main] TestListner - [TEST IS SKIPPED -------- Test case testDeactivatedPCCardDetails_2988q skipped]
[INFO ] 2018-02-28 16:07:20.012 [main] TestListner - [TEST IS SKIPPED -------- Test case testDeactivatedPCCardDetails_2988q skipped]
[INFO ] 2018-02-28 16:07:20.014 [main] TestListner - 
******************************************************************************************************************************
					TEST CASE NAME:                  testDownlineReportLink_2561q
******************************************************************************************************************************
[INFO ] 2018-02-28 16:07:20.016 [main] TestListner - 
******************************************************************************************************************************
					TEST CASE NAME:                  testDownlineReportLink_2561q
******************************************************************************************************************************
[INFO ] 2018-02-28 16:07:20.016 [main] TestListner - [TEST IS SKIPPED -------- Test case testDownlineReportLink_2561q skipped]
[INFO ] 2018-02-28 16:07:20.021 [main] TestListner - [TEST IS SKIPPED -------- Test case testDownlineReportLink_2561q skipped]
[INFO ] 2018-02-28 16:07:20.023 [main] TestListner - 
******************************************************************************************************************************
					TEST CASE NAME:                  testECLegsValue_2476q
******************************************************************************************************************************
[INFO ] 2018-02-28 16:07:20.026 [main] TestListner - 
******************************************************************************************************************************
					TEST CASE NAME:                  testECLegsValue_2476q
******************************************************************************************************************************
[INFO ] 2018-02-28 16:07:20.026 [main] TestListner - [TEST IS SKIPPED -------- Test case testECLegsValue_2476q skipped]
[INFO ] 2018-02-28 16:07:20.029 [main] TestListner - [TEST IS SKIPPED -------- Test case testECLegsValue_2476q skipped]
[INFO ] 2018-02-28 16:07:20.031 [main] TestListner - 
******************************************************************************************************************************
					TEST CASE NAME:                  testEarningsStatementsReportLink_2562q
******************************************************************************************************************************
[INFO ] 2018-02-28 16:07:20.035 [main] TestListner - 
******************************************************************************************************************************
					TEST CASE NAME:                  testEarningsStatementsReportLink_2562q
******************************************************************************************************************************
[INFO ] 2018-02-28 16:07:20.036 [main] TestListner - [TEST IS SKIPPED -------- Test case testEarningsStatementsReportLink_2562q skipped]
[INFO ] 2018-02-28 16:07:20.039 [main] TestListner - [TEST IS SKIPPED -------- Test case testEarningsStatementsReportLink_2562q skipped]
[INFO ] 2018-02-28 16:07:20.041 [main] TestListner - 
******************************************************************************************************************************
					TEST CASE NAME:                  testEnrollmentDate_2545q_2626q
******************************************************************************************************************************
[INFO ] 2018-02-28 16:07:20.043 [main] TestListner - 
******************************************************************************************************************************
					TEST CASE NAME:                  testEnrollmentDate_2545q_2626q
******************************************************************************************************************************
[INFO ] 2018-02-28 16:07:20.044 [main] TestListner - [TEST IS SKIPPED -------- Test case testEnrollmentDate_2545q_2626q skipped]
[INFO ] 2018-02-28 16:07:20.048 [main] TestListner - [TEST IS SKIPPED -------- Test case testEnrollmentDate_2545q_2626q skipped]
[INFO ] 2018-02-28 16:07:20.054 [main] TestListner - 
******************************************************************************************************************************
					TEST CASE NAME:                  testEnrollmentSponsor_2535q
******************************************************************************************************************************
[INFO ] 2018-02-28 16:07:20.057 [main] TestListner - 
******************************************************************************************************************************
					TEST CASE NAME:                  testEnrollmentSponsor_2535q
******************************************************************************************************************************
[INFO ] 2018-02-28 16:07:20.057 [main] TestListner - [TEST IS SKIPPED -------- Test case testEnrollmentSponsor_2535q skipped]
[INFO ] 2018-02-28 16:07:20.060 [main] TestListner - [TEST IS SKIPPED -------- Test case testEnrollmentSponsor_2535q skipped]
[INFO ] 2018-02-28 16:07:20.062 [main] TestListner - 
******************************************************************************************************************************
					TEST CASE NAME:                  testEstPSQVValue_2468q
******************************************************************************************************************************
[INFO ] 2018-02-28 16:07:20.064 [main] TestListner - 
******************************************************************************************************************************
					TEST CASE NAME:                  testEstPSQVValue_2468q
******************************************************************************************************************************
[INFO ] 2018-02-28 16:07:20.065 [main] TestListner - [TEST IS SKIPPED -------- Test case testEstPSQVValue_2468q skipped]
[INFO ] 2018-02-28 16:07:20.072 [main] TestListner - [TEST IS SKIPPED -------- Test case testEstPSQVValue_2468q skipped]
[INFO ] 2018-02-28 16:07:20.074 [main] TestListner - 
******************************************************************************************************************************
					TEST CASE NAME:                  testFullNameFromCard_2634q
******************************************************************************************************************************
[INFO ] 2018-02-28 16:07:20.076 [main] TestListner - 
******************************************************************************************************************************
					TEST CASE NAME:                  testFullNameFromCard_2634q
******************************************************************************************************************************
[INFO ] 2018-02-28 16:07:20.076 [main] TestListner - [TEST IS SKIPPED -------- Test case testFullNameFromCard_2634q skipped]
[INFO ] 2018-02-28 16:07:20.079 [main] TestListner - [TEST IS SKIPPED -------- Test case testFullNameFromCard_2634q skipped]
[INFO ] 2018-02-28 16:07:20.081 [main] TestListner - 
******************************************************************************************************************************
					TEST CASE NAME:                  testGreetingAndFirstName_2546q
******************************************************************************************************************************
[INFO ] 2018-02-28 16:07:20.083 [main] TestListner - 
******************************************************************************************************************************
					TEST CASE NAME:                  testGreetingAndFirstName_2546q
******************************************************************************************************************************
[INFO ] 2018-02-28 16:07:20.083 [main] TestListner - [TEST IS SKIPPED -------- Test case testGreetingAndFirstName_2546q skipped]
[INFO ] 2018-02-28 16:07:20.086 [main] TestListner - [TEST IS SKIPPED -------- Test case testGreetingAndFirstName_2546q skipped]
[INFO ] 2018-02-28 16:07:20.090 [main] TestListner - 
******************************************************************************************************************************
					TEST CASE NAME:                  testL1L2QualifyingVolumeValue_2418q
******************************************************************************************************************************
[INFO ] 2018-02-28 16:07:20.093 [main] TestListner - 
******************************************************************************************************************************
					TEST CASE NAME:                  testL1L2QualifyingVolumeValue_2418q
******************************************************************************************************************************
[INFO ] 2018-02-28 16:07:20.093 [main] TestListner - [TEST IS SKIPPED -------- Test case testL1L2QualifyingVolumeValue_2418q skipped]
[INFO ] 2018-02-28 16:07:20.101 [main] TestListner - [TEST IS SKIPPED -------- Test case testL1L2QualifyingVolumeValue_2418q skipped]
[INFO ] 2018-02-28 16:07:20.104 [main] TestListner - 
******************************************************************************************************************************
					TEST CASE NAME:                  testL1L2QualifyingVolumeValue_2541q
******************************************************************************************************************************
[INFO ] 2018-02-28 16:07:20.108 [main] TestListner - 
******************************************************************************************************************************
					TEST CASE NAME:                  testL1L2QualifyingVolumeValue_2541q
******************************************************************************************************************************
[INFO ] 2018-02-28 16:07:20.108 [main] TestListner - [TEST IS SKIPPED -------- Test case testL1L2QualifyingVolumeValue_2541q skipped]
[INFO ] 2018-02-28 16:07:20.114 [main] TestListner - [TEST IS SKIPPED -------- Test case testL1L2QualifyingVolumeValue_2541q skipped]
[INFO ] 2018-02-28 16:07:20.118 [main] TestListner - 
******************************************************************************************************************************
					TEST CASE NAME:                  testL1L6QualifyingVolumeValue_2419q
******************************************************************************************************************************
[INFO ] 2018-02-28 16:07:20.120 [main] TestListner - 
******************************************************************************************************************************
					TEST CASE NAME:                  testL1L6QualifyingVolumeValue_2419q
******************************************************************************************************************************
[INFO ] 2018-02-28 16:07:20.121 [main] TestListner - [TEST IS SKIPPED -------- Test case testL1L6QualifyingVolumeValue_2419q skipped]
[INFO ] 2018-02-28 16:07:20.124 [main] TestListner - [TEST IS SKIPPED -------- Test case testL1L6QualifyingVolumeValue_2419q skipped]
[INFO ] 2018-02-28 16:07:20.126 [main] TestListner - 
******************************************************************************************************************************
					TEST CASE NAME:                  testL1L6QualifyingVolumeValue_2542q
******************************************************************************************************************************
[INFO ] 2018-02-28 16:07:20.130 [main] TestListner - 
******************************************************************************************************************************
					TEST CASE NAME:                  testL1L6QualifyingVolumeValue_2542q
******************************************************************************************************************************
[INFO ] 2018-02-28 16:07:20.131 [main] TestListner - [TEST IS SKIPPED -------- Test case testL1L6QualifyingVolumeValue_2542q skipped]
[INFO ] 2018-02-28 16:07:20.135 [main] TestListner - [TEST IS SKIPPED -------- Test case testL1L6QualifyingVolumeValue_2542q skipped]
[INFO ] 2018-02-28 16:07:20.137 [main] TestListner - 
******************************************************************************************************************************
					TEST CASE NAME:                  testPCAutoshipsThisMonthValue_2537q
******************************************************************************************************************************
[INFO ] 2018-02-28 16:07:20.140 [main] TestListner - 
******************************************************************************************************************************
					TEST CASE NAME:                  testPCAutoshipsThisMonthValue_2537q
******************************************************************************************************************************
[INFO ] 2018-02-28 16:07:20.141 [main] TestListner - [TEST IS SKIPPED -------- Test case testPCAutoshipsThisMonthValue_2537q skipped]
[INFO ] 2018-02-28 16:07:20.145 [main] TestListner - [TEST IS SKIPPED -------- Test case testPCAutoshipsThisMonthValue_2537q skipped]
[INFO ] 2018-02-28 16:07:20.149 [main] TestListner - 
******************************************************************************************************************************
					TEST CASE NAME:                  testPCWithOrdersValue_2536q
******************************************************************************************************************************
[INFO ] 2018-02-28 16:07:20.151 [main] TestListner - 
******************************************************************************************************************************
					TEST CASE NAME:                  testPCWithOrdersValue_2536q
******************************************************************************************************************************
[INFO ] 2018-02-28 16:07:20.151 [main] TestListner - [TEST IS SKIPPED -------- Test case testPCWithOrdersValue_2536q skipped]
[INFO ] 2018-02-28 16:07:20.155 [main] TestListner - [TEST IS SKIPPED -------- Test case testPCWithOrdersValue_2536q skipped]
[INFO ] 2018-02-28 16:07:20.158 [main] TestListner - 
******************************************************************************************************************************
					TEST CASE NAME:                  testPSQVValueFromCard_2635q
******************************************************************************************************************************
[INFO ] 2018-02-28 16:07:20.161 [main] TestListner - 
******************************************************************************************************************************
					TEST CASE NAME:                  testPSQVValueFromCard_2635q
******************************************************************************************************************************
[INFO ] 2018-02-28 16:07:20.162 [main] TestListner - [TEST IS SKIPPED -------- Test case testPSQVValueFromCard_2635q skipped]
[INFO ] 2018-02-28 16:07:20.165 [main] TestListner - [TEST IS SKIPPED -------- Test case testPSQVValueFromCard_2635q skipped]
[INFO ] 2018-02-28 16:07:20.168 [main] TestListner - 
******************************************************************************************************************************
					TEST CASE NAME:                  testPSQVValue_2395q
******************************************************************************************************************************
[INFO ] 2018-02-28 16:07:20.170 [main] TestListner - 
******************************************************************************************************************************
					TEST CASE NAME:                  testPSQVValue_2395q
******************************************************************************************************************************
[INFO ] 2018-02-28 16:07:20.171 [main] TestListner - [TEST IS SKIPPED -------- Test case testPSQVValue_2395q skipped]
[INFO ] 2018-02-28 16:07:20.175 [main] TestListner - [TEST IS SKIPPED -------- Test case testPSQVValue_2395q skipped]
[INFO ] 2018-02-28 16:07:20.187 [main] TestListner - 
******************************************************************************************************************************
					TEST CASE NAME:                  testPendingPCAutoships_3017q
******************************************************************************************************************************
[INFO ] 2018-02-28 16:07:20.190 [main] TestListner - 
******************************************************************************************************************************
					TEST CASE NAME:                  testPendingPCAutoships_3017q
******************************************************************************************************************************
[INFO ] 2018-02-28 16:07:20.190 [main] TestListner - [TEST IS SKIPPED -------- Test case testPendingPCAutoships_3017q skipped]
[INFO ] 2018-02-28 16:07:20.194 [main] TestListner - [TEST IS SKIPPED -------- Test case testPendingPCAutoships_3017q skipped]
[INFO ] 2018-02-28 16:07:20.198 [main] TestListner - 
******************************************************************************************************************************
					TEST CASE NAME:                  testPendingPCAutoships_3017q_3353q
******************************************************************************************************************************
[INFO ] 2018-02-28 16:07:20.200 [main] TestListner - 
******************************************************************************************************************************
					TEST CASE NAME:                  testPendingPCAutoships_3017q_3353q
******************************************************************************************************************************
[INFO ] 2018-02-28 16:07:20.201 [main] TestListner - [TEST IS SKIPPED -------- Test case testPendingPCAutoships_3017q_3353q skipped]
[INFO ] 2018-02-28 16:07:20.205 [main] TestListner - [TEST IS SKIPPED -------- Test case testPendingPCAutoships_3017q_3353q skipped]
[INFO ] 2018-02-28 16:07:20.208 [main] TestListner - 
******************************************************************************************************************************
					TEST CASE NAME:                  testPerformanceSponsorDetails_2534q
******************************************************************************************************************************
[INFO ] 2018-02-28 16:07:20.213 [main] TestListner - 
******************************************************************************************************************************
					TEST CASE NAME:                  testPerformanceSponsorDetails_2534q
******************************************************************************************************************************
[INFO ] 2018-02-28 16:07:20.213 [main] TestListner - [TEST IS SKIPPED -------- Test case testPerformanceSponsorDetails_2534q skipped]
[INFO ] 2018-02-28 16:07:20.216 [main] TestListner - [TEST IS SKIPPED -------- Test case testPerformanceSponsorDetails_2534q skipped]
[INFO ] 2018-02-28 16:07:20.218 [main] TestListner - 
******************************************************************************************************************************
					TEST CASE NAME:                  testProcessedPCAutoships_3015q_3351q
******************************************************************************************************************************
[INFO ] 2018-02-28 16:07:20.221 [main] TestListner - 
******************************************************************************************************************************
					TEST CASE NAME:                  testProcessedPCAutoships_3015q_3351q
******************************************************************************************************************************
[INFO ] 2018-02-28 16:07:20.221 [main] TestListner - [TEST IS SKIPPED -------- Test case testProcessedPCAutoships_3015q_3351q skipped]
[INFO ] 2018-02-28 16:07:20.224 [main] TestListner - [TEST IS SKIPPED -------- Test case testProcessedPCAutoships_3015q_3351q skipped]
[INFO ] 2018-02-28 16:07:20.228 [main] TestListner - 
******************************************************************************************************************************
					TEST CASE NAME:                  testPulseProAutoshipProcessedInPastForThisMonth_2530q_2529q
******************************************************************************************************************************
[INFO ] 2018-02-28 16:07:20.230 [main] TestListner - 
******************************************************************************************************************************
					TEST CASE NAME:                  testPulseProAutoshipProcessedInPastForThisMonth_2530q_2529q
******************************************************************************************************************************
[INFO ] 2018-02-28 16:07:20.231 [main] TestListner - [TEST IS SKIPPED -------- Test case testPulseProAutoshipProcessedInPastForThisMonth_2530q_2529q skipped]
[INFO ] 2018-02-28 16:07:20.235 [main] TestListner - [TEST IS SKIPPED -------- Test case testPulseProAutoshipProcessedInPastForThisMonth_2530q_2529q skipped]
[INFO ] 2018-02-28 16:07:20.244 [main] TestListner - 
******************************************************************************************************************************
					TEST CASE NAME:                  testQualificationTitleC_3217q
******************************************************************************************************************************
[INFO ] 2018-02-28 16:07:20.247 [main] TestListner - 
******************************************************************************************************************************
					TEST CASE NAME:                  testQualificationTitleC_3217q
******************************************************************************************************************************
[INFO ] 2018-02-28 16:07:20.248 [main] TestListner - [TEST IS SKIPPED -------- Test case testQualificationTitleC_3217q skipped]
[INFO ] 2018-02-28 16:07:20.254 [main] TestListner - [TEST IS SKIPPED -------- Test case testQualificationTitleC_3217q skipped]
[INFO ] 2018-02-28 16:07:20.258 [main] TestListner - 
******************************************************************************************************************************
					TEST CASE NAME:                  testQualificationTitleEC_3218q
******************************************************************************************************************************
[INFO ] 2018-02-28 16:07:20.260 [main] TestListner - 
******************************************************************************************************************************
					TEST CASE NAME:                  testQualificationTitleEC_3218q
******************************************************************************************************************************
[INFO ] 2018-02-28 16:07:20.260 [main] TestListner - [TEST IS SKIPPED -------- Test case testQualificationTitleEC_3218q skipped]
[INFO ] 2018-02-28 16:07:20.265 [main] TestListner - [TEST IS SKIPPED -------- Test case testQualificationTitleEC_3218q skipped]
[INFO ] 2018-02-28 16:07:20.267 [main] TestListner - 
******************************************************************************************************************************
					TEST CASE NAME:                  testSVValueFromCard_2634q
******************************************************************************************************************************
[INFO ] 2018-02-28 16:07:20.269 [main] TestListner - 
******************************************************************************************************************************
					TEST CASE NAME:                  testSVValueFromCard_2634q
******************************************************************************************************************************
[INFO ] 2018-02-28 16:07:20.270 [main] TestListner - [TEST IS SKIPPED -------- Test case testSVValueFromCard_2634q skipped]
[INFO ] 2018-02-28 16:07:20.273 [main] TestListner - [TEST IS SKIPPED -------- Test case testSVValueFromCard_2634q skipped]
[INFO ] 2018-02-28 16:07:20.275 [main] TestListner - 
******************************************************************************************************************************
					TEST CASE NAME:                  testSVValue_2394q
******************************************************************************************************************************
[INFO ] 2018-02-28 16:07:20.277 [main] TestListner - 
******************************************************************************************************************************
					TEST CASE NAME:                  testSVValue_2394q
******************************************************************************************************************************
[INFO ] 2018-02-28 16:07:20.277 [main] TestListner - [TEST IS SKIPPED -------- Test case testSVValue_2394q skipped]
[INFO ] 2018-02-28 16:07:20.282 [main] TestListner - [TEST IS SKIPPED -------- Test case testSVValue_2394q skipped]
[INFO ] 2018-02-28 16:07:20.284 [main] TestListner - 
******************************************************************************************************************************
					TEST CASE NAME:                  testSolutionToolReportLink_2563q
******************************************************************************************************************************
[INFO ] 2018-02-28 16:07:20.286 [main] TestListner - 
******************************************************************************************************************************
					TEST CASE NAME:                  testSolutionToolReportLink_2563q
******************************************************************************************************************************
[INFO ] 2018-02-28 16:07:20.287 [main] TestListner - [TEST IS SKIPPED -------- Test case testSolutionToolReportLink_2563q skipped]
[INFO ] 2018-02-28 16:07:20.294 [main] TestListner - [TEST IS SKIPPED -------- Test case testSolutionToolReportLink_2563q skipped]
[INFO ] 2018-02-28 16:07:20.295 [main] TestListner - 
******************************************************************************************************************************
					TEST CASE NAME:                  testTitleHistoryPage_2479q
******************************************************************************************************************************
[INFO ] 2018-02-28 16:07:20.297 [main] TestListner - 
******************************************************************************************************************************
					TEST CASE NAME:                  testTitleHistoryPage_2479q
******************************************************************************************************************************
[INFO ] 2018-02-28 16:07:20.298 [main] TestListner - [TEST IS SKIPPED -------- Test case testTitleHistoryPage_2479q skipped]
[INFO ] 2018-02-28 16:07:20.300 [main] TestListner - [TEST IS SKIPPED -------- Test case testTitleHistoryPage_2479q skipped]
[INFO ] 2018-02-28 16:07:20.304 [main] TestListner - 
******************************************************************************************************************************
					TEST CASE NAME:                  testUpcomingOrdersPendingAutoships_2531q
******************************************************************************************************************************
[INFO ] 2018-02-28 16:07:20.307 [main] TestListner - 
******************************************************************************************************************************
					TEST CASE NAME:                  testUpcomingOrdersPendingAutoships_2531q
******************************************************************************************************************************
[INFO ] 2018-02-28 16:07:20.307 [main] TestListner - [TEST IS SKIPPED -------- Test case testUpcomingOrdersPendingAutoships_2531q skipped]
[INFO ] 2018-02-28 16:07:20.314 [main] TestListner - [TEST IS SKIPPED -------- Test case testUpcomingOrdersPendingAutoships_2531q skipped]
[INFO ] 2018-02-28 16:07:20.317 [main] TestListner - 
******************************************************************************************************************************
					TEST CASE NAME:                  testVerifyRFLinkForLevelECIVOrMore_2956q
******************************************************************************************************************************
[INFO ] 2018-02-28 16:07:20.320 [main] TestListner - 
******************************************************************************************************************************
					TEST CASE NAME:                  testVerifyRFLinkForLevelECIVOrMore_2956q
******************************************************************************************************************************
[INFO ] 2018-02-28 16:07:20.320 [main] TestListner - [TEST IS SKIPPED -------- Test case testVerifyRFLinkForLevelECIVOrMore_2956q skipped]
[INFO ] 2018-02-28 16:07:20.324 [main] TestListner - [TEST IS SKIPPED -------- Test case testVerifyRFLinkForLevelECIVOrMore_2956q skipped]
[INFO ] 2018-02-28 16:07:20.328 [main] TestListner - 
******************************************************************************************************************************
					TEST CASE NAME:                  testVerifyRFLinkForPaidAsTitleLevelECIIIOrLess_3103q
******************************************************************************************************************************
[INFO ] 2018-02-28 16:07:20.329 [main] TestListner - 
******************************************************************************************************************************
					TEST CASE NAME:                  testVerifyRFLinkForPaidAsTitleLevelECIIIOrLess_3103q
******************************************************************************************************************************
[INFO ] 2018-02-28 16:07:20.329 [main] TestListner - [TEST IS SKIPPED -------- Test case testVerifyRFLinkForPaidAsTitleLevelECIIIOrLess_3103q skipped]
[INFO ] 2018-02-28 16:07:20.333 [main] TestListner - [TEST IS SKIPPED -------- Test case testVerifyRFLinkForPaidAsTitleLevelECIIIOrLess_3103q skipped]
[INFO ] 2018-02-28 16:07:20.334 [main] TestListner - 
******************************************************************************************************************************
					TEST CASE NAME:                  testViewPastOrderDetails_2895q
******************************************************************************************************************************
[INFO ] 2018-02-28 16:07:20.336 [main] TestListner - 
******************************************************************************************************************************
					TEST CASE NAME:                  testViewPastOrderDetails_2895q
******************************************************************************************************************************
[INFO ] 2018-02-28 16:07:20.337 [main] TestListner - [TEST IS SKIPPED -------- Test case testViewPastOrderDetails_2895q skipped]
[INFO ] 2018-02-28 16:07:20.340 [main] TestListner - [TEST IS SKIPPED -------- Test case testViewPastOrderDetails_2895q skipped]
[INFO ] 2018-02-28 16:07:20.342 [main] TestListner - 
******************************************************************************************************************************
					TEST CASE NAME:                  testVitalSignsPageNavigation_2560q
******************************************************************************************************************************
[INFO ] 2018-02-28 16:07:20.344 [main] TestListner - 
******************************************************************************************************************************
					TEST CASE NAME:                  testVitalSignsPageNavigation_2560q
******************************************************************************************************************************
[INFO ] 2018-02-28 16:07:20.345 [main] TestListner - [TEST IS SKIPPED -------- Test case testVitalSignsPageNavigation_2560q skipped]
[INFO ] 2018-02-28 16:07:20.347 [main] TestListner - [TEST IS SKIPPED -------- Test case testVitalSignsPageNavigation_2560q skipped]
[INFO ] 2018-02-28 16:07:20.351 [main] TestListner - 
******************************************************************************************************************************
					TEST CASE NAME:                  TotalNumberOfAllPCs_3349q
******************************************************************************************************************************
[INFO ] 2018-02-28 16:07:20.354 [main] TestListner - 
******************************************************************************************************************************
					TEST CASE NAME:                  TotalNumberOfAllPCs_3349q
******************************************************************************************************************************
[INFO ] 2018-02-28 16:07:20.354 [main] TestListner - [TEST IS SKIPPED -------- Test case TotalNumberOfAllPCs_3349q skipped]
[INFO ] 2018-02-28 16:07:20.360 [main] TestListner - [TEST IS SKIPPED -------- Test case TotalNumberOfAllPCs_3349q skipped]
[INFO ] 2018-02-28 16:07:20.380 [main] TestListner - 
******************************************************************************************************************************
					TEST CASE NAME:                  testPCCardComponents_3240q
******************************************************************************************************************************
[INFO ] 2018-02-28 16:07:20.382 [main] TestListner - 
******************************************************************************************************************************
					TEST CASE NAME:                  testPCCardComponents_3240q
******************************************************************************************************************************
[INFO ] 2018-02-28 16:07:20.383 [main] TestListner - [TEST IS SKIPPED -------- Test case testPCCardComponents_3240q skipped]
[INFO ] 2018-02-28 16:07:20.393 [main] TestListner - [TEST IS SKIPPED -------- Test case testPCCardComponents_3240q skipped]
[INFO ] 2018-02-28 16:07:20.398 [main] TestListner - 
******************************************************************************************************************************
					TEST CASE NAME:                  testSortingByQVLowTohigh_3011q
******************************************************************************************************************************
[INFO ] 2018-02-28 16:07:20.400 [main] TestListner - 
******************************************************************************************************************************
					TEST CASE NAME:                  testSortingByQVLowTohigh_3011q
******************************************************************************************************************************
[INFO ] 2018-02-28 16:07:20.400 [main] TestListner - [TEST IS SKIPPED -------- Test case testSortingByQVLowTohigh_3011q skipped]
[INFO ] 2018-02-28 16:07:20.403 [main] TestListner - [TEST IS SKIPPED -------- Test case testSortingByQVLowTohigh_3011q skipped]
[INFO ] 2018-02-28 16:07:20.407 [main] TestListner - 
******************************************************************************************************************************
					TEST CASE NAME:                  testSortingMenuForNextMonth_2999q
******************************************************************************************************************************
[INFO ] 2018-02-28 16:07:20.409 [main] TestListner - 
******************************************************************************************************************************
					TEST CASE NAME:                  testSortingMenuForNextMonth_2999q
******************************************************************************************************************************
[INFO ] 2018-02-28 16:07:20.409 [main] TestListner - [TEST IS SKIPPED -------- Test case testSortingMenuForNextMonth_2999q skipped]
[INFO ] 2018-02-28 16:07:20.412 [main] TestListner - [TEST IS SKIPPED -------- Test case testSortingMenuForNextMonth_2999q skipped]
[INFO ] 2018-02-28 16:07:20.415 [main] TestListner - 
******************************************************************************************************************************
					TEST CASE NAME:                  testSortingMenuForThisMonth_3000q
******************************************************************************************************************************
[INFO ] 2018-02-28 16:07:20.418 [main] TestListner - 
******************************************************************************************************************************
					TEST CASE NAME:                  testSortingMenuForThisMonth_3000q
******************************************************************************************************************************
[INFO ] 2018-02-28 16:07:20.418 [main] TestListner - [TEST IS SKIPPED -------- Test case testSortingMenuForThisMonth_3000q skipped]
[INFO ] 2018-02-28 16:07:20.422 [main] TestListner - [TEST IS SKIPPED -------- Test case testSortingMenuForThisMonth_3000q skipped]
[INFO ] 2018-02-28 16:07:20.426 [main] TestListner - 
******************************************************************************************************************************
					TEST CASE NAME:                  testTotalNumberOfDeactivatedPCs_2985q
******************************************************************************************************************************
[INFO ] 2018-02-28 16:07:20.428 [main] TestListner - 
******************************************************************************************************************************
					TEST CASE NAME:                  testTotalNumberOfDeactivatedPCs_2985q
******************************************************************************************************************************
[INFO ] 2018-02-28 16:07:20.428 [main] TestListner - [TEST IS SKIPPED -------- Test case testTotalNumberOfDeactivatedPCs_2985q skipped]
[INFO ] 2018-02-28 16:07:20.433 [main] TestListner - [TEST IS SKIPPED -------- Test case testTotalNumberOfDeactivatedPCs_2985q skipped]
[INFO ] 2018-02-28 16:07:20.434 [main] TestListner - 
******************************************************************************************************************************
					TEST CASE NAME:                  testTotalNumberOfPCsThisMonth_3013q
******************************************************************************************************************************
[INFO ] 2018-02-28 16:07:20.438 [main] TestListner - 
******************************************************************************************************************************
					TEST CASE NAME:                  testTotalNumberOfPCsThisMonth_3013q
******************************************************************************************************************************
[INFO ] 2018-02-28 16:07:20.438 [main] TestListner - [TEST IS SKIPPED -------- Test case testTotalNumberOfPCsThisMonth_3013q skipped]
[INFO ] 2018-02-28 16:07:20.444 [main] TestListner - [TEST IS SKIPPED -------- Test case testTotalNumberOfPCsThisMonth_3013q skipped]
[INFO ] 2018-02-28 16:07:20.448 [main] TestListner - 
******************************************************************************************************************************
					TEST CASE NAME:                  testConsultantAdhocOrderDetailsOnOrderCards_2848q
******************************************************************************************************************************
[INFO ] 2018-02-28 16:07:20.449 [main] TestListner - 
******************************************************************************************************************************
					TEST CASE NAME:                  testConsultantAdhocOrderDetailsOnOrderCards_2848q
******************************************************************************************************************************
[INFO ] 2018-02-28 16:07:20.449 [main] TestListner - [TEST IS SKIPPED -------- Test case testConsultantAdhocOrderDetailsOnOrderCards_2848q skipped]
[INFO ] 2018-02-28 16:07:20.462 [main] TestListner - [TEST IS SKIPPED -------- Test case testConsultantAdhocOrderDetailsOnOrderCards_2848q skipped]
[INFO ] 2018-02-28 16:07:20.463 [main] TestListner - 
******************************************************************************************************************************
					TEST CASE NAME:                  testLoadingOrdersScreen_2821q_2820q
******************************************************************************************************************************
[INFO ] 2018-02-28 16:07:20.465 [main] TestListner - 
******************************************************************************************************************************
					TEST CASE NAME:                  testLoadingOrdersScreen_2821q_2820q
******************************************************************************************************************************
[INFO ] 2018-02-28 16:07:20.466 [main] TestListner - [TEST IS SKIPPED -------- Test case testLoadingOrdersScreen_2821q_2820q skipped]
[INFO ] 2018-02-28 16:07:20.469 [main] TestListner - [TEST IS SKIPPED -------- Test case testLoadingOrdersScreen_2821q_2820q skipped]
[INFO ] 2018-02-28 16:07:20.470 [main] TestListner - 
******************************************************************************************************************************
					TEST CASE NAME:                  testOrderStatusOrderResultsBasedOnOrderFilter_2835q
******************************************************************************************************************************
[INFO ] 2018-02-28 16:07:20.472 [main] TestListner - 
******************************************************************************************************************************
					TEST CASE NAME:                  testOrderStatusOrderResultsBasedOnOrderFilter_2835q
******************************************************************************************************************************
[INFO ] 2018-02-28 16:07:20.472 [main] TestListner - [TEST IS SKIPPED -------- Test case testOrderStatusOrderResultsBasedOnOrderFilter_2835q skipped]
[INFO ] 2018-02-28 16:07:20.476 [main] TestListner - [TEST IS SKIPPED -------- Test case testOrderStatusOrderResultsBasedOnOrderFilter_2835q skipped]
[INFO ] 2018-02-28 16:07:20.477 [main] TestListner - 
******************************************************************************************************************************
					TEST CASE NAME:                  testOrderTypeOrderResultsBasedOnOrderFilter_2834q
******************************************************************************************************************************
[INFO ] 2018-02-28 16:07:20.479 [main] TestListner - 
******************************************************************************************************************************
					TEST CASE NAME:                  testOrderTypeOrderResultsBasedOnOrderFilter_2834q
******************************************************************************************************************************
[INFO ] 2018-02-28 16:07:20.479 [main] TestListner - [TEST IS SKIPPED -------- Test case testOrderTypeOrderResultsBasedOnOrderFilter_2834q skipped]
[INFO ] 2018-02-28 16:07:20.482 [main] TestListner - [TEST IS SKIPPED -------- Test case testOrderTypeOrderResultsBasedOnOrderFilter_2834q skipped]
[INFO ] 2018-02-28 16:07:20.484 [main] TestListner - 
******************************************************************************************************************************
					TEST CASE NAME:                  testPCAdhocOrderDetailsOnOrderCards_2844q
******************************************************************************************************************************
[INFO ] 2018-02-28 16:07:20.485 [main] TestListner - 
******************************************************************************************************************************
					TEST CASE NAME:                  testPCAdhocOrderDetailsOnOrderCards_2844q
******************************************************************************************************************************
[INFO ] 2018-02-28 16:07:20.486 [main] TestListner - [TEST IS SKIPPED -------- Test case testPCAdhocOrderDetailsOnOrderCards_2844q skipped]
[INFO ] 2018-02-28 16:07:20.489 [main] TestListner - [TEST IS SKIPPED -------- Test case testPCAdhocOrderDetailsOnOrderCards_2844q skipped]
[INFO ] 2018-02-28 16:07:20.491 [main] TestListner - 
******************************************************************************************************************************
					TEST CASE NAME:                  testPulseSubscriptionOrderDetailsOnOrderCards_2843q
******************************************************************************************************************************
[INFO ] 2018-02-28 16:07:20.492 [main] TestListner - 
******************************************************************************************************************************
					TEST CASE NAME:                  testPulseSubscriptionOrderDetailsOnOrderCards_2843q
******************************************************************************************************************************
[INFO ] 2018-02-28 16:07:20.492 [main] TestListner - [TEST IS SKIPPED -------- Test case testPulseSubscriptionOrderDetailsOnOrderCards_2843q skipped]
[INFO ] 2018-02-28 16:07:20.495 [main] TestListner - [TEST IS SKIPPED -------- Test case testPulseSubscriptionOrderDetailsOnOrderCards_2843q skipped]
[INFO ] 2018-02-28 16:07:20.496 [main] TestListner - 
******************************************************************************************************************************
					TEST CASE NAME:                  testRetailAdhocOrderDetailsOnOrderCards_2841q
******************************************************************************************************************************
[INFO ] 2018-02-28 16:07:20.498 [main] TestListner - 
******************************************************************************************************************************
					TEST CASE NAME:                  testRetailAdhocOrderDetailsOnOrderCards_2841q
******************************************************************************************************************************
[INFO ] 2018-02-28 16:07:20.498 [main] TestListner - [TEST IS SKIPPED -------- Test case testRetailAdhocOrderDetailsOnOrderCards_2841q skipped]
[INFO ] 2018-02-28 16:07:20.500 [main] TestListner - [TEST IS SKIPPED -------- Test case testRetailAdhocOrderDetailsOnOrderCards_2841q skipped]
[INFO ] 2018-02-28 16:07:20.502 [main] TestListner - 
******************************************************************************************************************************
					TEST CASE NAME:                  testVerifyCRPOrderDetailsOnOrderCards_2838q
******************************************************************************************************************************
[INFO ] 2018-02-28 16:07:20.503 [main] TestListner - 
******************************************************************************************************************************
					TEST CASE NAME:                  testVerifyCRPOrderDetailsOnOrderCards_2838q
******************************************************************************************************************************
[INFO ] 2018-02-28 16:07:20.503 [main] TestListner - [TEST IS SKIPPED -------- Test case testVerifyCRPOrderDetailsOnOrderCards_2838q skipped]
[INFO ] 2018-02-28 16:07:20.506 [main] TestListner - [TEST IS SKIPPED -------- Test case testVerifyCRPOrderDetailsOnOrderCards_2838q skipped]
[INFO ] 2018-02-28 16:07:20.508 [main] TestListner - 
******************************************************************************************************************************
					TEST CASE NAME:                  testVerifyCRPOrderDetailsWithConsultantPersonalOnOrderCards_2855q
******************************************************************************************************************************
[INFO ] 2018-02-28 16:07:20.509 [main] TestListner - 
******************************************************************************************************************************
					TEST CASE NAME:                  testVerifyCRPOrderDetailsWithConsultantPersonalOnOrderCards_2855q
******************************************************************************************************************************
[INFO ] 2018-02-28 16:07:20.509 [main] TestListner - [TEST IS SKIPPED -------- Test case testVerifyCRPOrderDetailsWithConsultantPersonalOnOrderCards_2855q skipped]
[INFO ] 2018-02-28 16:07:20.512 [main] TestListner - [TEST IS SKIPPED -------- Test case testVerifyCRPOrderDetailsWithConsultantPersonalOnOrderCards_2855q skipped]
[INFO ] 2018-02-28 16:07:20.514 [main] TestListner - 
******************************************************************************************************************************
					TEST CASE NAME:                  testVerifyOrderReceiptForFailedPCOrders_3430q
******************************************************************************************************************************
[INFO ] 2018-02-28 16:07:20.516 [main] TestListner - 
******************************************************************************************************************************
					TEST CASE NAME:                  testVerifyOrderReceiptForFailedPCOrders_3430q
******************************************************************************************************************************
[INFO ] 2018-02-28 16:07:20.516 [main] TestListner - [TEST IS SKIPPED -------- Test case testVerifyOrderReceiptForFailedPCOrders_3430q skipped]
[INFO ] 2018-02-28 16:07:20.519 [main] TestListner - [TEST IS SKIPPED -------- Test case testVerifyOrderReceiptForFailedPCOrders_3430q skipped]
[INFO ] 2018-02-28 16:07:20.520 [main] TestListner - 
******************************************************************************************************************************
					TEST CASE NAME:                  testVerifyOrderReceiptForProcessedPersonalAdhocOrders_3425q
******************************************************************************************************************************
[INFO ] 2018-02-28 16:07:20.522 [main] TestListner - 
******************************************************************************************************************************
					TEST CASE NAME:                  testVerifyOrderReceiptForProcessedPersonalAdhocOrders_3425q
******************************************************************************************************************************
[INFO ] 2018-02-28 16:07:20.522 [main] TestListner - [TEST IS SKIPPED -------- Test case testVerifyOrderReceiptForProcessedPersonalAdhocOrders_3425q skipped]
[INFO ] 2018-02-28 16:07:20.524 [main] TestListner - [TEST IS SKIPPED -------- Test case testVerifyOrderReceiptForProcessedPersonalAdhocOrders_3425q skipped]
[INFO ] 2018-02-28 16:07:20.528 [main] TestListner - 
******************************************************************************************************************************
					TEST CASE NAME:                  testSortingMenuForNewConsultant_3329q
******************************************************************************************************************************
[INFO ] 2018-02-28 16:07:20.529 [main] TestListner - 
******************************************************************************************************************************
					TEST CASE NAME:                  testSortingMenuForNewConsultant_3329q
******************************************************************************************************************************
[INFO ] 2018-02-28 16:07:20.530 [main] TestListner - [TEST IS SKIPPED -------- Test case testSortingMenuForNewConsultant_3329q skipped]
[INFO ] 2018-02-28 16:07:20.535 [main] TestListner - [TEST IS SKIPPED -------- Test case testSortingMenuForNewConsultant_3329q skipped]
