[DEBUG] 2018-02-28 13:30:06.005 [main] RFBaseTest - Started execution with  null
[INFO ] 2018-02-28 13:30:06.010 [main] RFBaseTest - Environment properties are not provided by the user ... loading the default properties
[INFO ] 2018-02-28 13:30:06.011 [main] RFBaseTest - Default Browser is  ------ chrome
[INFO ] 2018-02-28 13:30:06.011 [main] RFBaseTest - Default URL is  ------ https://skywalker.rodanandfields.com
[INFO ] 2018-02-28 13:30:06.011 [main] RFBaseTest - Default user password is  ------ 111Maiden$
[INFO ] 2018-02-28 13:30:06.011 [main] RFBaseTest - Default Country is  ------ us
[INFO ] 2018-02-28 13:30:06.011 [main] RFBaseTest - Default DB IP is  ------ 10.3.0.218
[INFO ] 2018-02-28 13:30:06.012 [main] RFBaseTest - Default DB Username is  ------ perftest
[INFO ] 2018-02-28 13:30:06.012 [main] RFBaseTest - Default DB Password is  ------ perftest
[INFO ] 2018-02-28 13:30:06.012 [main] RFBaseTest - Default DB Domain is  ------ RF
[INFO ] 2018-02-28 13:30:12.701 [main] RFWebsiteDriver - Window is maximized
[INFO ] 2018-02-28 13:30:12.701 [main] RFWebsiteDriver - All cookies deleted
[INFO ] 2018-02-28 13:30:12.701 [main] RFWebsiteDriver - URL opened is https://skywalker.rodanandfields.com
[INFO ] 2018-02-28 13:30:16.224 [main] RFLSDWebsiteBaseTest - Application loaded
[INFO ] 2018-02-28 13:30:16.240 [main] RFWebsiteDriver - DB connections are set
[INFO ] 2018-02-28 13:30:16.319 [main] DBUtil - QUERY TRIGGERED IS SELECT top 1 * FROM Commissions.[calcs].[vwQualificationSummary] where SV!=0 and PSQV!=0 and EClegs>2 and L1L2!=0 and L1L6!=0  and periodid= LEFT(CONVERT(varchar, GetDate(),112),6)  order by PeriodID desc

[INFO ] 2018-02-28 13:30:16.649 [main] RFLSDWebsiteBaseTest - Data returned by query: 2
[INFO ] 2018-02-28 13:30:16.650 [main] DBUtil - QUERY TRIGGERED IS SELECT  ab.AccountID ,ac.FirstName ,ac.LastName ,acs.Username FROM  RFOperations.RFO_Accounts.AccountBase ab JOIN RFOperations.RFO_Accounts.AccountRF rf ON rf.AccountID = ab.AccountID JOIN RFOperations.RFO_Accounts.AccountContacts ac ON ac.AccountId = ab.AccountID LEFT JOIN RFOperations.Security.AccountSecurity acs ON acs.AccountID = ab.AccountID LEFT JOIN RFOperations.RFO_Reference.AccountType t ON t.AccountTypeID = ab.AccountTypeID LEFT JOIN RFOperations.RFO_Reference.AccountStatus s ON s.AccountStatusID = ab.AccountStatusID LEFT JOIN RFOperations.RFO_Reference.Countries c ON c.CountryID = ab.CountryID WHERE   ab.AccountID = 2

[INFO ] 2018-02-28 13:30:16.737 [main] RFLSDWebsiteBaseTest - Data returned by query: 0
[INFO ] 2018-02-28 13:30:16.738 [main] DBUtil - QUERY TRIGGERED IS select EmailAddress from RFO_Accounts.AccountContacts acTB INNER JOIN RFO_Accounts.AccountEmails aeTB  on acTB.AccountContactId=aeTB.AccountContactId INNER JOIN RFO_Accounts.EmailAddresses aEMTB on aeTB.EmailAddressID=aEMTB.EmailAddressID WHERE acTB.AccountID='2' and aEMTB.EmailAddressTypeID=1 

[INFO ] 2018-02-28 13:30:16.825 [main] RFLSDWebsiteBaseTest - Data returned by query: noreply@rodanandfields.com
[INFO ] 2018-02-28 13:30:16.825 [main] RFWebsiteDriver - Waiting for LSD loading image to get disappear
[INFO ] 2018-02-28 13:30:17.855 [main] RFWebsiteDriver - waiting..
[INFO ] 2018-02-28 13:30:17.867 [main] RFWebsiteDriver - LSD loading image disappears
[INFO ] 2018-02-28 13:30:17.922 [main] RFWebsiteDriver - waiting for locator By.id: username
[INFO ] 2018-02-28 13:30:17.932 [main] RFWebsiteDriver - Element found
[INFO ] 2018-02-28 13:30:17.932 [main] RFWebsiteDriver - Taking Screenshot
[INFO ] 2018-02-28 13:30:18.494 [main] RFWebsiteDriver - wait started for By.id: username
[INFO ] 2018-02-28 13:30:18.495 [main] RFWebsiteDriver - waiting for locator By.id: username
[INFO ] 2018-02-28 13:30:18.506 [main] RFWebsiteDriver - Element found
[INFO ] 2018-02-28 13:30:18.680 [main] RFWebsiteDriver - TYPED text as = noreply@rodanandfields.com in  text field
[INFO ] 2018-02-28 13:30:18.681 [main] LSDLoginPage - username is noreply@rodanandfields.com
[INFO ] 2018-02-28 13:30:18.681 [main] RFWebsiteDriver - wait started for By.id: password
[INFO ] 2018-02-28 13:30:18.681 [main] RFWebsiteDriver - waiting for locator By.id: password
[INFO ] 2018-02-28 13:30:18.700 [main] RFWebsiteDriver - Element found
[INFO ] 2018-02-28 13:30:18.816 [main] RFWebsiteDriver - TYPED text as = 111Maiden$ in  text field
[INFO ] 2018-02-28 13:30:18.816 [main] LSDLoginPage - password is 111Maiden$
[INFO ] 2018-02-28 13:30:18.816 [main] RFWebsiteDriver - wait started for By.id: button-login
[INFO ] 2018-02-28 13:30:18.817 [main] RFWebsiteDriver - waiting for locator By.id: button-login
[INFO ] 2018-02-28 13:30:18.835 [main] RFWebsiteDriver - Element found
[INFO ] 2018-02-28 13:30:18.835 [main] RFWebsiteDriver -  ready to be clicked
[INFO ] 2018-02-28 13:30:18.916 [main] RFWebsiteDriver - CLICKED on 
[INFO ] 2018-02-28 13:30:42.098 [main] RFWebsiteDriver - URL opened is https://skywalker.rodanandfields.com
[INFO ] 2018-02-28 13:30:42.712 [main] RFWebsiteDriver - Waiting for LSD loading image to get disappear
[INFO ] 2018-02-28 13:30:43.142 [main] RFWebsiteDriver - LSD Animation image disappears
[INFO ] 2018-02-28 13:30:43.142 [main] RFWebsiteDriver - waiting for locator By.id: button-login
[INFO ] 2018-02-28 13:30:48.258 [main] RFWebsiteDriver - waiting for locator By.xpath: //div[text()='Hello,']/following-sibling::div[contains(@class,'text-uppercase')]
[INFO ] 2018-02-28 13:30:48.268 [main] RFWebsiteDriver - Element found
[INFO ] 2018-02-28 13:30:48.278 [main] RFWebsiteDriver - waiting for locator By.xpath: //div[text()='Hello,']/following-sibling::div[contains(@class,'text-uppercase')]
[INFO ] 2018-02-28 13:30:48.288 [main] RFWebsiteDriver - Element found
[INFO ] 2018-02-28 13:30:48.327 [main] RFWebsiteDriver - TEXT fetched for First name in overview section is=RF
[INFO ] 2018-02-28 13:30:48.327 [main] RFLSDWebsiteBaseTest - Data returned by query: RF
[INFO ] 2018-02-28 13:30:48.333 [main] RFWebsiteDriver - wait started for By.xpath: //div[@id='rf-nav-wrapper']/descendant::img[2]
[INFO ] 2018-02-28 13:30:48.333 [main] RFWebsiteDriver - waiting for locator By.xpath: //div[@id='rf-nav-wrapper']/descendant::img[2]
[INFO ] 2018-02-28 13:30:48.352 [main] RFWebsiteDriver - Element found
[INFO ] 2018-02-28 13:30:48.352 [main] RFWebsiteDriver - R+F logo ready to be clicked
[INFO ] 2018-02-28 13:30:48.425 [main] RFWebsiteDriver - CLICKED on R+F logo
[INFO ] 2018-02-28 13:30:48.534 [main] TestListner - 
******************************************************************************************************************************
					TEST CASE NAME:                  TotalNumberOfAllPCs_3349q
******************************************************************************************************************************
[INFO ] 2018-02-28 13:30:48.597 [main] RFWebsiteDriver - wait started for By.xpath: //div[@id='rf-nav-wrapper']/descendant::span[text()='Pulse'][1]
[INFO ] 2018-02-28 13:30:48.597 [main] RFWebsiteDriver - waiting for locator By.xpath: //div[@id='rf-nav-wrapper']/descendant::span[text()='Pulse'][1]
[INFO ] 2018-02-28 13:30:48.615 [main] RFWebsiteDriver - Element found
[INFO ] 2018-02-28 13:30:48.615 [main] RFWebsiteDriver -  ready to be clicked
[INFO ] 2018-02-28 13:30:48.691 [main] RFWebsiteDriver - CLICKED on 
[INFO ] 2018-02-28 13:30:48.692 [main] LSDHomePage - Clicked on Pulse Submenu from Top Navigation
[INFO ] 2018-02-28 13:30:48.749 [main] RFWebsiteDriver - wait started for By.xpath: //a[contains(text(),'Customers')]
[INFO ] 2018-02-28 13:30:48.749 [main] RFWebsiteDriver - waiting for locator By.xpath: //a[contains(text(),'Customers')]
[INFO ] 2018-02-28 13:30:48.764 [main] RFWebsiteDriver - Element found
[INFO ] 2018-02-28 13:30:48.764 [main] RFWebsiteDriver -  ready to be clicked
[INFO ] 2018-02-28 13:30:48.846 [main] RFWebsiteDriver - CLICKED on 
[INFO ] 2018-02-28 13:30:48.847 [main] LSDHomePage - SubMenu Link : Customers clicked
[INFO ] 2018-02-28 13:30:48.869 [main] RFWebsiteDriver - Waiting for spin image to get disappear1
[INFO ] 2018-02-28 13:30:49.881 [main] RFWebsiteDriver - waiting..
[INFO ] 2018-02-28 13:30:50.892 [main] RFWebsiteDriver - waiting..
[INFO ] 2018-02-28 13:30:51.904 [main] RFWebsiteDriver - waiting..
[INFO ] 2018-02-28 13:30:52.914 [main] RFWebsiteDriver - waiting..
[INFO ] 2018-02-28 13:30:53.925 [main] RFWebsiteDriver - waiting..
[INFO ] 2018-02-28 13:30:54.934 [main] RFWebsiteDriver - waiting..
[INFO ] 2018-02-28 13:30:55.945 [main] RFWebsiteDriver - waiting..
[INFO ] 2018-02-28 13:30:57.589 [main] RFWebsiteDriver - waiting..
[INFO ] 2018-02-28 13:30:58.602 [main] RFWebsiteDriver - waiting..
[INFO ] 2018-02-28 13:30:59.614 [main] RFWebsiteDriver - waiting..
[INFO ] 2018-02-28 13:30:59.696 [main] RFWebsiteDriver - Waiting for spin image to get disappear1
[INFO ] 2018-02-28 13:31:00.720 [main] RFWebsiteDriver - waiting..
[INFO ] 2018-02-28 13:31:01.835 [main] RFWebsiteDriver - waiting..
[INFO ] 2018-02-28 13:31:02.857 [main] RFWebsiteDriver - waiting..
[INFO ] 2018-02-28 13:31:03.881 [main] RFWebsiteDriver - waiting..
[INFO ] 2018-02-28 13:31:04.960 [main] RFWebsiteDriver - waiting..
[INFO ] 2018-02-28 13:31:06.057 [main] RFWebsiteDriver - waiting..
[INFO ] 2018-02-28 13:31:07.078 [main] RFWebsiteDriver - waiting..
[INFO ] 2018-02-28 13:31:08.371 [main] RFWebsiteDriver - waiting..
[INFO ] 2018-02-28 13:31:09.391 [main] RFWebsiteDriver - waiting..
[INFO ] 2018-02-28 13:31:10.491 [main] RFWebsiteDriver - waiting..
[INFO ] 2018-02-28 13:31:11.513 [main] RFWebsiteDriver - waiting..
[INFO ] 2018-02-28 13:31:12.599 [main] RFWebsiteDriver - waiting..
[INFO ] 2018-02-28 13:31:14.457 [main] RFWebsiteDriver - waiting..
[INFO ] 2018-02-28 13:31:15.569 [main] RFWebsiteDriver - waiting..
[INFO ] 2018-02-28 13:31:16.590 [main] RFWebsiteDriver - waiting..
[INFO ] 2018-02-28 13:31:17.696 [main] RFWebsiteDriver - waiting..
[INFO ] 2018-02-28 13:31:18.714 [main] RFWebsiteDriver - waiting..
[INFO ] 2018-02-28 13:31:19.801 [main] RFWebsiteDriver - waiting..
[INFO ] 2018-02-28 13:31:20.826 [main] RFWebsiteDriver - waiting..
[INFO ] 2018-02-28 13:31:22.424 [main] RFWebsiteDriver - waiting..
[INFO ] 2018-02-28 13:31:23.449 [main] RFWebsiteDriver - waiting..
[INFO ] 2018-02-28 13:31:24.475 [main] RFWebsiteDriver - waiting..
[INFO ] 2018-02-28 13:31:25.495 [main] RFWebsiteDriver - waiting..
[INFO ] 2018-02-28 13:31:26.515 [main] RFWebsiteDriver - waiting..
[INFO ] 2018-02-28 13:31:28.502 [main] RFWebsiteDriver - waiting..
[INFO ] 2018-02-28 13:31:29.578 [main] RFWebsiteDriver - waiting..
[INFO ] 2018-02-28 13:31:30.597 [main] RFWebsiteDriver - waiting..
[INFO ] 2018-02-28 13:31:32.514 [main] RFWebsiteDriver - waiting..
[INFO ] 2018-02-28 13:31:33.604 [main] RFWebsiteDriver - waiting..
[INFO ] 2018-02-28 13:31:34.623 [main] RFWebsiteDriver - waiting..
[INFO ] 2018-02-28 13:31:34.623 [main] RFWebsiteDriver - wait started for By.xpath: //h1[contains(text(),'Build Customer Loyalty')]/../preceding::span[1]
[INFO ] 2018-02-28 13:31:34.623 [main] RFWebsiteDriver - waiting for locator By.xpath: //h1[contains(text(),'Build Customer Loyalty')]/../preceding::span[1]
[INFO ] 2018-02-28 13:31:34.641 [main] RFWebsiteDriver - Element found
[INFO ] 2018-02-28 13:31:34.641 [main] RFWebsiteDriver - wait started for By.xpath: //h1[contains(text(),'Build Customer Loyalty')]/../preceding::span[1]
[INFO ] 2018-02-28 13:31:34.641 [main] RFWebsiteDriver - waiting for locator By.xpath: //h1[contains(text(),'Build Customer Loyalty')]/../preceding::span[1]
[INFO ] 2018-02-28 13:31:34.661 [main] RFWebsiteDriver - Element found
[INFO ] 2018-02-28 13:31:34.661 [main] RFWebsiteDriver - count of all pc customers ready to be clicked
[INFO ] 2018-02-28 13:31:34.754 [main] RFWebsiteDriver - CLICKED on count of all pc customers
[INFO ] 2018-02-28 13:31:34.754 [main] LSDCustomerPage - clicked in view PC customer link
[INFO ] 2018-02-28 13:31:34.755 [main] DBUtil - QUERY TRIGGERED IS  DECLARE @AccountId INT = 2 SELECT COUNT(DISTINCT sb.AccountID)[TotalPC] FROM RFOperations.RFO_Accounts.AccountBase ab JOIN RFOperations.RFO_Accounts.AccountRF rf ON rf.SponsorId = ab.AccountID AND ab.AccountID=@AccountId JOIN RFOperations.RFO_Accounts.AccountBase sb ON rf.AccountID = sb.AccountID WHERE sb.AccountTypeID = 2 AND rf.Active = 1 AND sb.AccountStatusID = 1 AND EXISTS (SELECT 1 FROM RFOperations.Hybris.Autoship a WHERE a.AccountID = sb.AccountID AND a.Active = 1 AND a.AutoshipTypeID = 1 AND CAST(a.NextRunDate AS DATE) BETWEEN DATEADD(DAY, 1, EOMONTH(DATEADD(MONTH,-1, GETDATE()))) AND EOMONTH(DATEADD(MONTH, 1, GETDATE())) ) GROUP BY ab.AccountID

[INFO ] 2018-02-28 13:31:39.256 [main] RFLSDWebsiteBaseTest - Data returned by query: 1170
[INFO ] 2018-02-28 13:31:39.275 [main] RFWebsiteDriver - Waiting for spin image to get disappear1
[INFO ] 2018-02-28 13:31:40.295 [main] RFWebsiteDriver - waiting..
[INFO ] 2018-02-28 13:31:41.322 [main] RFWebsiteDriver - waiting..
[INFO ] 2018-02-28 13:31:42.430 [main] RFWebsiteDriver - waiting..
[INFO ] 2018-02-28 13:31:43.446 [main] RFWebsiteDriver - waiting..
[INFO ] 2018-02-28 13:31:44.466 [main] RFWebsiteDriver - waiting..
[INFO ] 2018-02-28 13:31:46.504 [main] RFWebsiteDriver - waiting..
[INFO ] 2018-02-28 13:31:47.526 [main] RFWebsiteDriver - waiting..
[INFO ] 2018-02-28 13:31:48.545 [main] RFWebsiteDriver - waiting..
[INFO ] 2018-02-28 13:31:49.448 [main] RFWebsiteDriver - spin image disappears
[INFO ] 2018-02-28 13:31:49.449 [main] RFWebsiteDriver - waiting for locator By.xpath: //h1[contains(text(),'All Customers')]//preceding::span[1]
[INFO ] 2018-02-28 13:31:59.864 [main] TestListner - [TEST HAS FAILED-------- Test case TotalNumberOfAllPCs_3349q has failed] due to reason:-<br>  org.openqa.selenium.NoSuchElementException: no such element: Unable to locate element: {"method":"xpath","selector":"//h1[contains(text(),'All Customers')]//preceding::span[1]"}
  (Session info: chrome=64.0.3282.186)
  (Driver info: chromedriver=2.33.506120 (e3e53437346286c0bc2d2dc9aa4915ba81d9023f),platform=Windows NT 10.0.10586 x86_64) (WARNING: The server did not provide any stacktrace information)
Command duration or timeout: 0 milliseconds
For documentation on this error, please visit: http://seleniumhq.org/exceptions/no_such_element.html
Build info: version: '3.7.1', revision: '8a0099a', time: '2017-11-06T21:01:39.354Z'
System info: host: 'LD-4V2P3G2', ip: '10.6.64.235', os.name: 'Windows 10', os.arch: 'amd64', os.version: '10.0', java.version: '1.8.0_161'
Driver info: org.openqa.selenium.chrome.ChromeDriver
Capabilities {acceptSslCerts: true, applicationCacheEnabled: false, browserConnectionEnabled: false, browserName: chrome, chrome: {chromedriverVersion: 2.33.506120 (e3e53437346286..., userDataDir: C:\Users\BPKOTA~1\AppData\L...}, cssSelectorsEnabled: true, databaseEnabled: false, handlesAlerts: true, hasTouchScreen: false, javascriptEnabled: true, locationContextEnabled: true, mobileEmulationEnabled: false, nativeEvents: true, networkConnectionEnabled: false, pageLoadStrategy: normal, platform: XP, platformName: XP, rotatable: false, setWindowRect: true, takesHeapSnapshot: true, takesScreenshot: true, unexpectedAlertBehaviour: , unhandledPromptBehavior: , version: 64.0.3282.186, webStorageEnabled: true}
Session ID: 874e04d3f30a862d378c229588623d83
*** Element info: {Using=xpath, value=//h1[contains(text(),'All Customers')]//preceding::span[1]}
[INFO ] 2018-02-28 13:31:59.864 [main] RFWebsiteDriver - Taking Screenshot
[INFO ] 2018-02-28 13:32:00.276 [main] TestListner - Snapshot Path :<a href='C:\Users\bpkotamahanti\Bindu\Automation\qa-automation\output\Screenshots\TotalNumberOfAllPCs_3349q\TotalNumberOfAllPCs_3349q.png'>C:\Users\bpkotamahanti\Bindu\Automation\qa-automation\output\Screenshots\TotalNumberOfAllPCs_3349q\TotalNumberOfAllPCs_3349q.png</a>

[INFO ] 2018-02-28 13:32:00.302 [main] RFWebsiteDriver - URL opened is https://skywalker.rodanandfields.com
[INFO ] 2018-02-28 13:32:01.101 [main] RFWebsiteDriver - Waiting for LSD loading image to get disappear
[INFO ] 2018-02-28 13:32:01.567 [main] RFWebsiteDriver - LSD Animation image disappears
[INFO ] 2018-02-28 13:32:01.567 [main] RFWebsiteDriver - Waiting for LSD loading image to get disappear
[INFO ] 2018-02-28 13:32:02.684 [main] RFWebsiteDriver - waiting..
[INFO ] 2018-02-28 13:32:03.707 [main] RFWebsiteDriver - waiting..
[INFO ] 2018-02-28 13:32:03.945 [main] RFWebsiteDriver - LSD loading image disappears
[INFO ] 2018-02-28 13:32:03.946 [main] RFWebsiteDriver - waiting for locator By.xpath: //div[@id='rf-nav-wrapper']/descendant::span[text()='Pulse'][1]
[INFO ] 2018-02-28 13:32:03.967 [main] RFWebsiteDriver - Element found
[INFO ] 2018-02-28 13:32:03.968 [main] RFWebsiteDriver - wait started for By.xpath: //div[@id='rf-nav-wrapper']/descendant::span[text()='Pulse'][1]
[INFO ] 2018-02-28 13:32:03.968 [main] RFWebsiteDriver - waiting for locator By.xpath: //div[@id='rf-nav-wrapper']/descendant::span[text()='Pulse'][1]
[INFO ] 2018-02-28 13:32:03.991 [main] RFWebsiteDriver - Element found
[INFO ] 2018-02-28 13:32:03.992 [main] RFWebsiteDriver - Pulse in top navigation ready to be clicked
[INFO ] 2018-02-28 13:32:04.123 [main] RFWebsiteDriver - CLICKED on Pulse in top navigation
[INFO ] 2018-02-28 13:32:04.123 [main] LSDRFWebsiteBasePage - Pulse in top navigation clicked
[INFO ] 2018-02-28 13:32:04.124 [main] LSDRFWebsiteBasePage - Logging out from pulse application
[INFO ] 2018-02-28 13:32:04.286 [main] RFWebsiteDriver - CLICKED on 
[INFO ] 2018-02-28 13:32:04.287 [main] RFWebsiteDriver - Waiting for LSD loading image to get disappear
[INFO ] 2018-02-28 13:32:04.314 [main] RFWebsiteDriver - LSD loading image disappears
