[DEBUG] 2018-03-03 19:22:03.241 [main] RFBaseTest - Started execution with  null
[INFO ] 2018-03-03 19:22:03.247 [main] RFBaseTest - Environment properties are not provided by the user ... loading the default properties
[INFO ] 2018-03-03 19:22:03.247 [main] RFBaseTest - Default Browser is  ------ chrome
[INFO ] 2018-03-03 19:22:03.248 [main] RFBaseTest - Default URL is  ------ https://skywalker.rodanandfields.com
[INFO ] 2018-03-03 19:22:03.248 [main] RFBaseTest - Default user password is  ------ 111Maiden$
[INFO ] 2018-03-03 19:22:03.248 [main] RFBaseTest - Default Country is  ------ us
[INFO ] 2018-03-03 19:22:03.248 [main] RFBaseTest - Default DB IP is  ------ 10.3.0.218
[INFO ] 2018-03-03 19:22:03.248 [main] RFBaseTest - Default DB Username is  ------ perftest
[INFO ] 2018-03-03 19:22:03.248 [main] RFBaseTest - Default DB Password is  ------ perftest
[INFO ] 2018-03-03 19:22:03.248 [main] RFBaseTest - Default DB Domain is  ------ RF
[INFO ] 2018-03-03 19:22:07.866 [main] RFWebsiteDriver - Window is maximized
[INFO ] 2018-03-03 19:22:07.867 [main] RFWebsiteDriver - All cookies deleted
[INFO ] 2018-03-03 19:22:07.867 [main] RFWebsiteDriver - URL opened is https://skywalker.rodanandfields.com
[INFO ] 2018-03-03 19:22:10.651 [main] RFLSDWebsiteBaseTest - Application loaded
[INFO ] 2018-03-03 19:22:10.677 [main] RFWebsiteDriver - DB connections are set
[INFO ] 2018-03-03 19:22:10.729 [main] DBUtil - QUERY TRIGGERED IS SELECT top 1 * FROM Commissions.[calcs].[vwQualificationSummary] where SV!=0 and PSQV!=0 and L1L2!=0 and L1L6!=0 and ECLegs > 0 and periodid= LEFT(CONVERT(varchar, GetDate(),112),6)  order by NewID() desc

[INFO ] 2018-03-03 19:22:11.337 [main] RFLSDWebsiteBaseTest - Data returned by query: 1496
[INFO ] 2018-03-03 19:22:11.338 [main] DBUtil - QUERY TRIGGERED IS SELECT  ab.AccountID ,ac.FirstName ,ac.LastName ,acs.Username FROM  RFOperations.RFO_Accounts.AccountBase ab JOIN RFOperations.RFO_Accounts.AccountRF rf ON rf.AccountID = ab.AccountID JOIN RFOperations.RFO_Accounts.AccountContacts ac ON ac.AccountId = ab.AccountID LEFT JOIN RFOperations.Security.AccountSecurity acs ON acs.AccountID = ab.AccountID LEFT JOIN RFOperations.RFO_Reference.AccountType t ON t.AccountTypeID = ab.AccountTypeID LEFT JOIN RFOperations.RFO_Reference.AccountStatus s ON s.AccountStatusID = ab.AccountStatusID LEFT JOIN RFOperations.RFO_Reference.Countries c ON c.CountryID = ab.CountryID WHERE   ab.AccountID = 1496

[INFO ] 2018-03-03 19:22:11.487 [main] RFLSDWebsiteBaseTest - Data returned by query: skincareconsultants@gmail.com
[INFO ] 2018-03-03 19:22:11.489 [main] DBUtil - QUERY TRIGGERED IS select EmailAddress from RFO_Accounts.AccountContacts acTB INNER JOIN RFO_Accounts.AccountEmails aeTB  on acTB.AccountContactId=aeTB.AccountContactId INNER JOIN RFO_Accounts.EmailAddresses aEMTB on aeTB.EmailAddressID=aEMTB.EmailAddressID WHERE acTB.AccountID='1496' and aEMTB.EmailAddressTypeID=1 

[INFO ] 2018-03-03 19:22:11.659 [main] RFLSDWebsiteBaseTest - Data returned by query: skincareconsultants@gmail.com
[INFO ] 2018-03-03 19:22:11.659 [main] RFWebsiteDriver - Waiting for LSD loading image to get disappear
[INFO ] 2018-03-03 19:22:12.685 [main] RFWebsiteDriver - waiting..
[INFO ] 2018-03-03 19:22:12.708 [main] RFWebsiteDriver - LSD loading image disappears
[INFO ] 2018-03-03 19:22:12.773 [main] RFWebsiteDriver - waiting for locator By.id: username
[INFO ] 2018-03-03 19:22:12.782 [main] RFWebsiteDriver - Element found
[INFO ] 2018-03-03 19:22:12.783 [main] RFWebsiteDriver - Taking Screenshot
[INFO ] 2018-03-03 19:22:13.169 [main] RFWebsiteDriver - wait started for By.id: username
[INFO ] 2018-03-03 19:22:13.170 [main] RFWebsiteDriver - waiting for locator By.id: username
[INFO ] 2018-03-03 19:22:13.180 [main] RFWebsiteDriver - Element found
[INFO ] 2018-03-03 19:22:13.346 [main] RFWebsiteDriver - TYPED text as = skincareconsultants@gmail.com in  text field
[INFO ] 2018-03-03 19:22:13.346 [main] LSDLoginPage - username is skincareconsultants@gmail.com
[INFO ] 2018-03-03 19:22:13.346 [main] RFWebsiteDriver - wait started for By.id: password
[INFO ] 2018-03-03 19:22:13.347 [main] RFWebsiteDriver - waiting for locator By.id: password
[INFO ] 2018-03-03 19:22:13.364 [main] RFWebsiteDriver - Element found
[INFO ] 2018-03-03 19:22:13.474 [main] RFWebsiteDriver - TYPED text as = 111Maiden$ in  text field
[INFO ] 2018-03-03 19:22:13.474 [main] LSDLoginPage - password is 111Maiden$
[INFO ] 2018-03-03 19:22:13.474 [main] RFWebsiteDriver - wait started for By.id: button-login
[INFO ] 2018-03-03 19:22:13.474 [main] RFWebsiteDriver - waiting for locator By.id: button-login
[INFO ] 2018-03-03 19:22:13.495 [main] RFWebsiteDriver - Element found
[INFO ] 2018-03-03 19:22:13.495 [main] RFWebsiteDriver -  ready to be clicked
[INFO ] 2018-03-03 19:22:13.562 [main] RFWebsiteDriver - CLICKED on 
[INFO ] 2018-03-03 19:22:36.980 [main] RFWebsiteDriver - URL opened is https://skywalker.rodanandfields.com
[INFO ] 2018-03-03 19:22:37.470 [main] RFWebsiteDriver - Waiting for LSD loading image to get disappear
[INFO ] 2018-03-03 19:22:37.600 [main] RFWebsiteDriver - LSD Animation image disappears
[INFO ] 2018-03-03 19:22:37.601 [main] RFWebsiteDriver - waiting for locator By.id: button-login
[INFO ] 2018-03-03 19:22:38.762 [main] RFWebsiteDriver - Element found
[INFO ] 2018-03-03 19:22:38.782 [main] RFWebsiteDriver - waiting for locator By.id: username
[INFO ] 2018-03-03 19:22:38.798 [main] RFWebsiteDriver - Element found
[INFO ] 2018-03-03 19:22:38.799 [main] RFWebsiteDriver - Taking Screenshot
[INFO ] 2018-03-03 19:22:39.145 [main] RFWebsiteDriver - wait started for By.id: username
[INFO ] 2018-03-03 19:22:39.145 [main] RFWebsiteDriver - waiting for locator By.id: username
[INFO ] 2018-03-03 19:22:39.157 [main] RFWebsiteDriver - Element found
[INFO ] 2018-03-03 19:22:39.354 [main] RFWebsiteDriver - TYPED text as = skincareconsultants@gmail.com in  text field
[INFO ] 2018-03-03 19:22:39.354 [main] LSDLoginPage - username is skincareconsultants@gmail.com
[INFO ] 2018-03-03 19:22:39.354 [main] RFWebsiteDriver - wait started for By.id: password
[INFO ] 2018-03-03 19:22:39.354 [main] RFWebsiteDriver - waiting for locator By.id: password
[INFO ] 2018-03-03 19:22:39.372 [main] RFWebsiteDriver - Element found
[INFO ] 2018-03-03 19:22:39.471 [main] RFWebsiteDriver - TYPED text as = 111Maiden$ in  text field
[INFO ] 2018-03-03 19:22:39.472 [main] LSDLoginPage - password is 111Maiden$
[INFO ] 2018-03-03 19:22:39.472 [main] RFWebsiteDriver - wait started for By.id: button-login
[INFO ] 2018-03-03 19:22:39.472 [main] RFWebsiteDriver - waiting for locator By.id: button-login
[INFO ] 2018-03-03 19:22:39.481 [main] RFWebsiteDriver - Element found
[INFO ] 2018-03-03 19:22:39.481 [main] RFWebsiteDriver -  ready to be clicked
[INFO ] 2018-03-03 19:22:39.553 [main] RFWebsiteDriver - CLICKED on 
[INFO ] 2018-03-03 19:22:57.137 [main] RFWebsiteDriver - wait started for By.xpath: //div[@id='rf-nav-wrapper']/descendant::img[2]
[INFO ] 2018-03-03 19:22:57.138 [main] RFWebsiteDriver - waiting for locator By.xpath: //div[@id='rf-nav-wrapper']/descendant::img[2]
[INFO ] 2018-03-03 19:22:57.183 [main] RFWebsiteDriver - Element found
[INFO ] 2018-03-03 19:22:57.184 [main] RFWebsiteDriver - R+F logo ready to be clicked
[INFO ] 2018-03-03 19:22:57.254 [main] RFWebsiteDriver - CLICKED on R+F logo
[INFO ] 2018-03-03 19:22:57.341 [main] TestListner - 
******************************************************************************************************************************
					TEST CASE NAME:                  testTotalNumberOfPCsThisMonth_3013q
******************************************************************************************************************************
[INFO ] 2018-03-03 19:22:57.382 [main] RFWebsiteDriver - wait started for By.xpath: //div[@id='rf-nav-wrapper']/descendant::span[text()='Pulse'][1]
[INFO ] 2018-03-03 19:22:57.382 [main] RFWebsiteDriver - waiting for locator By.xpath: //div[@id='rf-nav-wrapper']/descendant::span[text()='Pulse'][1]
[INFO ] 2018-03-03 19:22:57.397 [main] RFWebsiteDriver - Element found
[INFO ] 2018-03-03 19:22:57.397 [main] RFWebsiteDriver -  ready to be clicked
[INFO ] 2018-03-03 19:22:57.461 [main] RFWebsiteDriver - CLICKED on 
[INFO ] 2018-03-03 19:22:57.461 [main] LSDHomePage - Clicked on Pulse Submenu from Top Navigation
[INFO ] 2018-03-03 19:22:57.514 [main] RFWebsiteDriver - wait started for By.xpath: //a[contains(text(),'Customers')]
[INFO ] 2018-03-03 19:22:57.514 [main] RFWebsiteDriver - waiting for locator By.xpath: //a[contains(text(),'Customers')]
[INFO ] 2018-03-03 19:22:57.531 [main] RFWebsiteDriver - Element found
[INFO ] 2018-03-03 19:22:57.531 [main] RFWebsiteDriver -  ready to be clicked
[INFO ] 2018-03-03 19:22:57.608 [main] RFWebsiteDriver - CLICKED on 
[INFO ] 2018-03-03 19:22:57.608 [main] LSDHomePage - SubMenu Link : Customers clicked
[INFO ] 2018-03-03 19:22:57.630 [main] RFWebsiteDriver - Waiting for spin image to get disappear0
[INFO ] 2018-03-03 19:22:57.638 [main] RFWebsiteDriver - spin image disappears
[INFO ] 2018-03-03 19:23:01.640 [main] DBUtil - QUERY TRIGGERED IS DECLARE @AccountID INT = 1496 ;WITH PCAchievedOrders AS ( SELECT COUNT( ro.OrderID) Ocount , ro.ConsultantID FROM RFOperations.Hybris.orders (NOLOCK) ro JOIN RFOperations.RFO_Accounts.AccountBase ab ON ab.AccountID = ro.AccountID WHERE ro.ConsultantID = @AccountID AND ro.OrderStatusID IN ( 2, 4, 5 ) AND ab.AccountTypeID = 2 AND ro.CompletionDate BETWEEN CAST(DATEADD(DAY, 1, DATEADD(MONTH, -1, EOMONTH(GETDATE()))) AS DATE) AND GETDATE() AND ro.AutoShipID IS NOT NULL GROUP BY ro.ConsultantID ), PenddingPCTemplate AS ( SELECT COUNT( a.AutoshipID) PCount , a.ConsultantID FROM RFOperations.Hybris.Autoship (NOLOCK) a JOIN RFOperations.RFO_Accounts.AccountBase (NOLOCK) ab ON ab.AccountID = a.AccountID JOIN RFOperations.RFO_Accounts.AccountContacts ac ON ac.AccountId = ab.AccountID WHERE a.ConsultantID = @AccountID AND a.AutoshipTypeID = 1 AND ab.AccountTypeID = 2 AND a.Active = 1 AND CAST(a.NextRunDate AS DATE) BETWEEN CAST(DATEADD(DAY, 1, DATEADD(MONTH, -1, EOMONTH(GETDATE()))) AS DATE) AND EOMONTH(GETDATE()) GROUP BY a.ConsultantID ) SELECT ab.AccountID , ISNULL(p.PCount, 0) + ISNULL(o.Ocount, 0) AS [Totol PC Order Counts] FROM RFOperations.RFO_Accounts.AccountBase ab LEFT JOIN PCAchievedOrders o ON o.ConsultantID = ab.AccountID LEFT JOIN PenddingPCTemplate p ON p.ConsultantID = ab.AccountID WHERE ab.AccountID = @AccountID

[INFO ] 2018-03-03 19:23:01.847 [main] RFLSDWebsiteBaseTest - Data returned by query: 5
[INFO ] 2018-03-03 19:23:01.848 [main] RFWebsiteDriver - wait started for By.xpath: //div[@id='rf-nav-wrapper']/descendant::span[text()='Pulse'][1]
[INFO ] 2018-03-03 19:23:01.848 [main] RFWebsiteDriver - waiting for locator By.xpath: //div[@id='rf-nav-wrapper']/descendant::span[text()='Pulse'][1]
[INFO ] 2018-03-03 19:23:01.863 [main] RFWebsiteDriver - Element found
[INFO ] 2018-03-03 19:23:01.863 [main] RFWebsiteDriver -  ready to be clicked
[INFO ] 2018-03-03 19:23:01.922 [main] RFWebsiteDriver - CLICKED on 
[INFO ] 2018-03-03 19:23:01.922 [main] LSDHomePage - Clicked on Pulse Submenu from Top Navigation
[INFO ] 2018-03-03 19:23:01.954 [main] RFWebsiteDriver - wait started for By.xpath: //a[contains(text(),'Customers')]
[INFO ] 2018-03-03 19:23:01.954 [main] RFWebsiteDriver - waiting for locator By.xpath: //a[contains(text(),'Customers')]
[INFO ] 2018-03-03 19:23:01.964 [main] RFWebsiteDriver - Element found
[INFO ] 2018-03-03 19:23:01.964 [main] RFWebsiteDriver -  ready to be clicked
[INFO ] 2018-03-03 19:23:02.018 [main] RFWebsiteDriver - CLICKED on 
[INFO ] 2018-03-03 19:23:02.019 [main] LSDHomePage - SubMenu Link : Customers clicked
[INFO ] 2018-03-03 19:23:02.031 [main] RFWebsiteDriver - Waiting for spin image to get disappear1
[INFO ] 2018-03-03 19:23:03.046 [main] RFWebsiteDriver - waiting..
[INFO ] 2018-03-03 19:23:04.057 [main] RFWebsiteDriver - waiting..
[INFO ] 2018-03-03 19:23:05.075 [main] RFWebsiteDriver - waiting..
[INFO ] 2018-03-03 19:23:06.085 [main] RFWebsiteDriver - waiting..
[INFO ] 2018-03-03 19:23:07.105 [main] RFWebsiteDriver - waiting..
[INFO ] 2018-03-03 19:23:08.133 [main] RFWebsiteDriver - waiting..
[INFO ] 2018-03-03 19:23:09.145 [main] RFWebsiteDriver - waiting..
[INFO ] 2018-03-03 19:23:10.156 [main] RFWebsiteDriver - waiting..
[INFO ] 2018-03-03 19:23:11.166 [main] RFWebsiteDriver - waiting..
[INFO ] 2018-03-03 19:23:12.187 [main] RFWebsiteDriver - waiting..
[INFO ] 2018-03-03 19:23:16.214 [main] RFWebsiteDriver - Waiting for spin image to get disappear0
[INFO ] 2018-03-03 19:23:16.225 [main] RFWebsiteDriver - spin image disappears
[INFO ] 2018-03-03 19:23:16.226 [main] RFWebsiteDriver - waiting for locator By.xpath: //div[contains(@class,'white-fb')]/descendant::a[1]/descendant::span[2]
[INFO ] 2018-03-03 19:23:16.239 [main] RFWebsiteDriver - Element found
[INFO ] 2018-03-03 19:23:16.267 [main] RFWebsiteDriver - TEXT fetched for count of pc autoship orders for this month is=5
[INFO ] 2018-03-03 19:23:23.271 [main] RFWebsiteDriver - wait started for By.xpath: //div[contains(@class,'white-fb')]/descendant::a[1]/descendant::span[1]
[INFO ] 2018-03-03 19:23:23.271 [main] RFWebsiteDriver - waiting for locator By.xpath: //div[contains(@class,'white-fb')]/descendant::a[1]/descendant::span[1]
[INFO ] 2018-03-03 19:23:23.312 [main] RFWebsiteDriver - Element found
[INFO ] 2018-03-03 19:23:23.312 [main] RFWebsiteDriver - have orders for this month ready to be clicked
[INFO ] 2018-03-03 19:23:23.383 [main] RFWebsiteDriver - CLICKED on have orders for this month
[INFO ] 2018-03-03 19:23:23.479 [main] RFWebsiteDriver - CLICKED on 
[INFO ] 2018-03-03 19:23:23.479 [main] RFWebsiteDriver - wait started for By.xpath: //h1[contains(text(),'have orders this month')]/preceding::span[1]
[INFO ] 2018-03-03 19:23:23.479 [main] RFWebsiteDriver - waiting for locator By.xpath: //h1[contains(text(),'have orders this month')]/preceding::span[1]
[INFO ] 2018-03-03 19:23:24.037 [main] RFWebsiteDriver - Element found
[INFO ] 2018-03-03 19:23:24.037 [main] RFWebsiteDriver - waiting for locator By.xpath: //h1[contains(text(),'have orders this month')]/preceding::span[1]
[INFO ] 2018-03-03 19:23:24.048 [main] RFWebsiteDriver - Element found
[INFO ] 2018-03-03 19:23:24.086 [main] RFWebsiteDriver - TEXT fetched for count of pc autoship orders for this month at header is=5
[INFO ] 2018-03-03 19:23:24.086 [main] TestListner - [TEST IS SUCCESSFUL -------- Test case testTotalNumberOfPCsThisMonth_3013q has passed]
[INFO ] 2018-03-03 19:23:24.098 [main] RFWebsiteDriver - URL opened is https://skywalker.rodanandfields.com
[INFO ] 2018-03-03 19:23:24.513 [main] RFWebsiteDriver - Waiting for LSD loading image to get disappear
[INFO ] 2018-03-03 19:23:24.622 [main] RFWebsiteDriver - LSD Animation image disappears
[INFO ] 2018-03-03 19:23:24.622 [main] RFWebsiteDriver - Waiting for LSD loading image to get disappear
[INFO ] 2018-03-03 19:23:25.754 [main] RFWebsiteDriver - waiting..
[INFO ] 2018-03-03 19:23:26.782 [main] RFWebsiteDriver - waiting..
[INFO ] 2018-03-03 19:23:26.804 [main] RFWebsiteDriver - LSD loading image disappears
[INFO ] 2018-03-03 19:23:26.805 [main] RFWebsiteDriver - waiting for locator By.xpath: //div[@id='rf-nav-wrapper']/descendant::span[text()='Pulse'][1]
[INFO ] 2018-03-03 19:23:26.817 [main] RFWebsiteDriver - Element found
[INFO ] 2018-03-03 19:23:26.818 [main] RFWebsiteDriver - wait started for By.xpath: //div[@id='rf-nav-wrapper']/descendant::span[text()='Pulse'][1]
[INFO ] 2018-03-03 19:23:26.818 [main] RFWebsiteDriver - waiting for locator By.xpath: //div[@id='rf-nav-wrapper']/descendant::span[text()='Pulse'][1]
[INFO ] 2018-03-03 19:23:26.826 [main] RFWebsiteDriver - Element found
[INFO ] 2018-03-03 19:23:26.826 [main] RFWebsiteDriver - Pulse in top navigation ready to be clicked
[INFO ] 2018-03-03 19:23:26.895 [main] RFWebsiteDriver - CLICKED on Pulse in top navigation
[INFO ] 2018-03-03 19:23:26.895 [main] LSDRFWebsiteBasePage - Pulse in top navigation clicked
[INFO ] 2018-03-03 19:23:26.895 [main] LSDRFWebsiteBasePage - Logging out from pulse application
[INFO ] 2018-03-03 19:23:26.970 [main] RFWebsiteDriver - CLICKED on 
[INFO ] 2018-03-03 19:23:26.971 [main] RFWebsiteDriver - Waiting for LSD loading image to get disappear
[INFO ] 2018-03-03 19:23:26.988 [main] RFWebsiteDriver - LSD loading image disappears
