[DEBUG] 2018-04-05 16:48:06.200 [main] RFBaseTest - Started execution with  null
[INFO ] 2018-04-05 16:48:06.204 [main] RFBaseTest - Environment properties are not provided by the user ... loading the default properties
[INFO ] 2018-04-05 16:48:06.205 [main] RFBaseTest - Default Browser is  ------ chrome
[INFO ] 2018-04-05 16:48:06.205 [main] RFBaseTest - Default URL is  ------ https://laserhead-ppd2.us-east-1.elasticbeanstalk.com
[INFO ] 2018-04-05 16:48:06.205 [main] RFBaseTest - Default user password is  ------ null
[INFO ] 2018-04-05 16:48:06.206 [main] RFBaseTest - Default Country is  ------ ca
[INFO ] 2018-04-05 16:48:06.206 [main] RFBaseTest - Default DB IP is  ------ 172.16.15.48		
[INFO ] 2018-04-05 16:48:06.206 [main] RFBaseTest - Default DB Username is  ------ perftest
[INFO ] 2018-04-05 16:48:06.206 [main] RFBaseTest - Default DB Password is  ------ perftest
[INFO ] 2018-04-05 16:48:06.206 [main] RFBaseTest - Default DB Domain is  ------ RF
[INFO ] 2018-04-05 16:48:12.249 [main] RFBillingShippingPageWebsiteBaseTest - Application loaded
[INFO ] 2018-04-05 16:48:12.254 [main] RFWebsiteDriver - DB connections are set
[INFO ] 2018-04-05 16:48:12.330 [main] DBUtil - QUERY TRIGGERED IS USE RFOperations SET TRANSACTION  ISOLATION LEVEL READ UNCOMMITTED; BEGIN TRANSACTION SELECT TOP 1 ab.AccountID , ab.AccountNumber , [as].Username FROM    RFO_Accounts.AccountBase AS ab JOIN    RFO_Accounts.AccountRF AS ar ON ar.AccountID = ab.AccountID JOIN    Security.AccountSecurity AS [as] ON ab.AccountID = [as].AccountID WHERE   ab.CountryID = 40 AND ab.AccountTypeID = 1 AND NOT EXISTS ( SELECT 1 FROM   RFO_Accounts.AccountRF AS ar WHERE  ar.Active = 0 AND ar.HardTerminationDate IS NOT NULL AND ar.AccountID = ab.AccountID ) AND EXISTS ( SELECT 1 FROM   Hybris.Orders AS o WHERE  o.OrderTypeID = 3 AND o.OrderStatusID = 2 ) AND EXISTS ( SELECT 1 FROM   Hybris.Autoship AS a WHERE  a.AccountID = ab.AccountID AND a.AutoshipTypeID = 2 AND a.Active = 1 ) ORDER BY NEWID()

[INFO ] 2018-04-05 16:48:13.355 [main] RFBillingShippingPageWebsiteBaseTest - The sie of map is 3
[INFO ] 2018-04-05 16:48:13.356 [main] RFBillingShippingPageWebsiteBaseTest - Data returned by query: 39593532
[INFO ] 2018-04-05 16:48:13.358 [main] TestListner - 
******************************************************************************************************************************
					TEST CASE NAME:                  testLSDDataCreation
******************************************************************************************************************************
[INFO ] 2018-04-05 16:48:13.408 [main] TestListner - [TEST HAS FAILED-------- Test case testLSDDataCreation has failed] due to reason:-<br>  java.lang.Error: Unresolved compilation problems: 
	The method createPC(String, String, String, String, String, String) is undefined for the type StoreFrontHomePage
	The method createPC(String, String, String, String, String, String) is undefined for the type StoreFrontHomePage
	The method createPC(String, String, String, String, String, String) is undefined for the type StoreFrontHomePage
	The method createPC(String, String, String, String, String, String) is undefined for the type StoreFrontHomePage
	The method createPC(String, String, String, String, String, String) is undefined for the type StoreFrontHomePage
	The method createPC(String, String, String, String, String, String) is undefined for the type StoreFrontHomePage
	The method createPC(String, String, String, String, String, String) is undefined for the type StoreFrontHomePage
	The method createPC(String, String, String, String, String, String) is undefined for the type StoreFrontHomePage
	The method createPC(String, String, String, String, String, String) is undefined for the type StoreFrontHomePage
	The method createPC(String, String, String, String, String, String) is undefined for the type StoreFrontHomePage

[INFO ] 2018-04-05 16:48:13.409 [main] RFWebsiteDriver - Taking Screenshot
[INFO ] 2018-04-05 16:48:13.951 [main] TestListner - Snapshot Path :<a href='C:\Users\bpkotamahanti\Bindu\Automation\qa-automation\output\Screenshots\testLSDDataCreation\testLSDDataCreation.png'>C:\Users\bpkotamahanti\Bindu\Automation\qa-automation\output\Screenshots\testLSDDataCreation\testLSDDataCreation.png</a>

