[INFO ] 2018-03-01 11:40:03.817 [main] RFBaseTest - Environment properties are not provided by the user ... loading the default properties
[INFO ] 2018-03-01 11:40:03.817 [main] RFBaseTest - Default Browser is  ------ chrome
[INFO ] 2018-03-01 11:40:03.817 [main] RFBaseTest - Default URL is  ------ https://skywalker.rodanandfields.com
[INFO ] 2018-03-01 11:40:03.818 [main] RFBaseTest - Default user password is  ------ 111Maiden$
[INFO ] 2018-03-01 11:40:03.818 [main] RFBaseTest - Default Country is  ------ us
[INFO ] 2018-03-01 11:40:03.818 [main] RFBaseTest - Default DB IP is  ------ 10.3.0.218
[INFO ] 2018-03-01 11:40:03.818 [main] RFBaseTest - Default DB Username is  ------ perftest
[INFO ] 2018-03-01 11:40:03.818 [main] RFBaseTest - Default DB Password is  ------ perftest
[INFO ] 2018-03-01 11:40:03.818 [main] RFBaseTest - Default DB Domain is  ------ RF
[INFO ] 2018-03-01 11:40:11.361 [main] RFWebsiteDriver - Window is maximized
[INFO ] 2018-03-01 11:40:11.361 [main] RFWebsiteDriver - All cookies deleted
[INFO ] 2018-03-01 11:40:11.362 [main] RFWebsiteDriver - URL opened is https://skywalker.rodanandfields.com
[INFO ] 2018-03-01 11:40:14.376 [main] RFLSDWebsiteBaseTest - Application loaded
[INFO ] 2018-03-01 11:40:26.466 [main] RFWebsiteDriver - DB connections are set
[INFO ] 2018-03-01 11:40:39.609 [main] DBUtil - QUERY TRIGGERED IS SELECT top 1 * FROM Commissions.[calcs].[vwQualificationSummary] where SV!=0 and PSQV!=0 and L1L2!=0 and L1L6!=0 and ECLegs > 0 and periodid= LEFT(CONVERT(varchar, GetDate(),112),6)  order by NewID() desc

[INFO ] 2018-03-01 11:40:52.842 [main] RFLSDWebsiteBaseTest - Data returned by query: 2
[INFO ] 2018-03-01 11:42:59.657 [main] DBUtil - QUERY TRIGGERED IS SELECT  ab.AccountID ,ac.FirstName ,ac.LastName ,acs.Username FROM  RFOperations.RFO_Accounts.AccountBase ab JOIN RFOperations.RFO_Accounts.AccountRF rf ON rf.AccountID = ab.AccountID JOIN RFOperations.RFO_Accounts.AccountContacts ac ON ac.AccountId = ab.AccountID LEFT JOIN RFOperations.Security.AccountSecurity acs ON acs.AccountID = ab.AccountID LEFT JOIN RFOperations.RFO_Reference.AccountType t ON t.AccountTypeID = ab.AccountTypeID LEFT JOIN RFOperations.RFO_Reference.AccountStatus s ON s.AccountStatusID = ab.AccountStatusID LEFT JOIN RFOperations.RFO_Reference.Countries c ON c.CountryID = ab.CountryID WHERE   ab.AccountID = 2

[INFO ] 2018-03-01 11:43:14.639 [main] RFLSDWebsiteBaseTest - Data returned by query: 0
[INFO ] 2018-03-01 11:43:33.857 [main] DBUtil - QUERY TRIGGERED IS select EmailAddress from RFO_Accounts.AccountContacts acTB INNER JOIN RFO_Accounts.AccountEmails aeTB  on acTB.AccountContactId=aeTB.AccountContactId INNER JOIN RFO_Accounts.EmailAddresses aEMTB on aeTB.EmailAddressID=aEMTB.EmailAddressID WHERE acTB.AccountID='2' and aEMTB.EmailAddressTypeID=1 

[INFO ] 2018-03-01 11:43:38.113 [main] RFLSDWebsiteBaseTest - Data returned by query: noreply@rodanandfields.com
[INFO ] 2018-03-01 11:43:49.905 [main] RFWebsiteDriver - Waiting for LSD loading image to get disappear
[INFO ] 2018-03-01 11:43:50.035 [main] RFWebsiteDriver - LSD loading image disappears
[INFO ] 2018-03-01 11:43:53.081 [main] RFWebsiteDriver - waiting for locator By.id: username
[INFO ] 2018-03-01 11:43:53.176 [main] RFWebsiteDriver - Element found
[INFO ] 2018-03-01 11:43:53.184 [main] RFWebsiteDriver - Taking Screenshot
[INFO ] 2018-03-01 11:43:54.240 [main] RFWebsiteDriver - wait started for By.id: username
[INFO ] 2018-03-01 11:43:54.250 [main] RFWebsiteDriver - waiting for locator By.id: username
[INFO ] 2018-03-01 11:43:54.361 [main] RFWebsiteDriver - Element found
[INFO ] 2018-03-01 11:43:54.802 [main] RFWebsiteDriver - TYPED text as = noreply@rodanandfields.com in  text field
[INFO ] 2018-03-01 11:43:54.808 [main] LSDLoginPage - username is noreply@rodanandfields.com
[INFO ] 2018-03-01 11:43:55.367 [main] RFWebsiteDriver - wait started for By.id: password
[INFO ] 2018-03-01 11:43:55.392 [main] RFWebsiteDriver - waiting for locator By.id: password
[INFO ] 2018-03-01 11:43:55.484 [main] RFWebsiteDriver - Element found
[INFO ] 2018-03-01 11:43:55.831 [main] RFWebsiteDriver - TYPED text as = 111Maiden$ in  text field
[INFO ] 2018-03-01 11:43:55.838 [main] LSDLoginPage - password is 111Maiden$
[INFO ] 2018-03-01 11:43:59.972 [main] RFWebsiteDriver - wait started for By.id: button-login
[INFO ] 2018-03-01 11:43:59.973 [main] RFWebsiteDriver - waiting for locator By.id: button-login
[INFO ] 2018-03-01 11:43:59.999 [main] RFWebsiteDriver - Element found
[INFO ] 2018-03-01 11:43:59.999 [main] RFWebsiteDriver -  ready to be clicked
[INFO ] 2018-03-01 11:44:00.084 [main] RFWebsiteDriver - CLICKED on 
[INFO ] 2018-03-01 11:44:27.939 [main] RFWebsiteDriver - URL opened is https://skywalker.rodanandfields.com
[INFO ] 2018-03-01 11:44:28.549 [main] RFWebsiteDriver - Waiting for LSD loading image to get disappear
[INFO ] 2018-03-01 11:44:28.658 [main] RFWebsiteDriver - LSD Animation image disappears
[INFO ] 2018-03-01 11:44:28.658 [main] RFWebsiteDriver - waiting for locator By.id: button-login
[INFO ] 2018-03-01 11:44:33.962 [main] RFWebsiteDriver - waiting for locator By.xpath: //div[text()='Hello,']/following-sibling::div[contains(@class,'text-uppercase')]
[INFO ] 2018-03-01 11:44:33.971 [main] RFWebsiteDriver - Element found
[INFO ] 2018-03-01 11:44:33.986 [main] RFWebsiteDriver - waiting for locator By.xpath: //div[text()='Hello,']/following-sibling::div[contains(@class,'text-uppercase')]
[INFO ] 2018-03-01 11:44:33.998 [main] RFWebsiteDriver - Element found
[INFO ] 2018-03-01 11:44:34.031 [main] RFWebsiteDriver - TEXT fetched for First name in overview section is=RF
[INFO ] 2018-03-01 11:44:34.031 [main] RFLSDWebsiteBaseTest - Data returned by query: RF
[INFO ] 2018-03-01 11:44:34.036 [main] RFWebsiteDriver - wait started for By.xpath: //div[@id='rf-nav-wrapper']/descendant::img[2]
[INFO ] 2018-03-01 11:44:34.037 [main] RFWebsiteDriver - waiting for locator By.xpath: //div[@id='rf-nav-wrapper']/descendant::img[2]
[INFO ] 2018-03-01 11:44:34.054 [main] RFWebsiteDriver - Element found
[INFO ] 2018-03-01 11:44:34.054 [main] RFWebsiteDriver - R+F logo ready to be clicked
[INFO ] 2018-03-01 11:44:34.135 [main] RFWebsiteDriver - CLICKED on R+F logo
[INFO ] 2018-03-01 11:44:34.228 [main] TestListner - 
******************************************************************************************************************************
					TEST CASE NAME:                  TotalNumberOfAllPCs_3349q
******************************************************************************************************************************
[INFO ] 2018-03-01 11:44:34.275 [main] RFWebsiteDriver - wait started for By.xpath: //div[@id='rf-nav-wrapper']/descendant::span[text()='Pulse'][1]
[INFO ] 2018-03-01 11:44:34.275 [main] RFWebsiteDriver - waiting for locator By.xpath: //div[@id='rf-nav-wrapper']/descendant::span[text()='Pulse'][1]
[INFO ] 2018-03-01 11:44:34.294 [main] RFWebsiteDriver - Element found
[INFO ] 2018-03-01 11:44:34.294 [main] RFWebsiteDriver -  ready to be clicked
[INFO ] 2018-03-01 11:44:34.365 [main] RFWebsiteDriver - CLICKED on 
[INFO ] 2018-03-01 11:44:34.365 [main] LSDHomePage - Clicked on Pulse Submenu from Top Navigation
[INFO ] 2018-03-01 11:44:34.415 [main] RFWebsiteDriver - wait started for By.xpath: //a[contains(text(),'Customers')]
[INFO ] 2018-03-01 11:44:34.416 [main] RFWebsiteDriver - waiting for locator By.xpath: //a[contains(text(),'Customers')]
[INFO ] 2018-03-01 11:44:34.424 [main] RFWebsiteDriver - Element found
[INFO ] 2018-03-01 11:44:34.424 [main] RFWebsiteDriver -  ready to be clicked
[INFO ] 2018-03-01 11:44:34.517 [main] RFWebsiteDriver - CLICKED on 
[INFO ] 2018-03-01 11:44:34.518 [main] LSDHomePage - SubMenu Link : Customers clicked
[INFO ] 2018-03-01 11:44:34.540 [main] RFWebsiteDriver - Waiting for spin image to get disappear1
[INFO ] 2018-03-01 11:44:35.552 [main] RFWebsiteDriver - waiting..
[INFO ] 2018-03-01 11:44:36.562 [main] RFWebsiteDriver - waiting..
[INFO ] 2018-03-01 11:44:37.574 [main] RFWebsiteDriver - waiting..
[INFO ] 2018-03-01 11:44:38.586 [main] RFWebsiteDriver - waiting..
[INFO ] 2018-03-01 11:44:39.596 [main] RFWebsiteDriver - waiting..
[INFO ] 2018-03-01 11:44:40.614 [main] RFWebsiteDriver - waiting..
[INFO ] 2018-03-01 11:44:41.625 [main] RFWebsiteDriver - waiting..
[INFO ] 2018-03-01 11:44:42.652 [main] RFWebsiteDriver - waiting..
[INFO ] 2018-03-01 11:44:43.662 [main] RFWebsiteDriver - waiting..
[INFO ] 2018-03-01 11:44:44.674 [main] RFWebsiteDriver - waiting..
[INFO ] 2018-03-01 11:44:48.684 [main] RFWebsiteDriver - Waiting for spin image to get disappear1
[INFO ] 2018-03-01 11:44:49.694 [main] RFWebsiteDriver - waiting..
[INFO ] 2018-03-01 11:44:50.718 [main] RFWebsiteDriver - waiting..
[INFO ] 2018-03-01 11:44:51.727 [main] RFWebsiteDriver - waiting..
[INFO ] 2018-03-01 11:44:52.759 [main] RFWebsiteDriver - waiting..
[INFO ] 2018-03-01 11:44:53.768 [main] RFWebsiteDriver - waiting..
[INFO ] 2018-03-01 11:44:54.815 [main] RFWebsiteDriver - waiting..
[INFO ] 2018-03-01 11:44:55.824 [main] RFWebsiteDriver - waiting..
[INFO ] 2018-03-01 11:44:56.839 [main] RFWebsiteDriver - waiting..
[INFO ] 2018-03-01 11:44:57.849 [main] RFWebsiteDriver - waiting..
[INFO ] 2018-03-01 11:44:58.869 [main] RFWebsiteDriver - waiting..
[INFO ] 2018-03-01 11:44:59.879 [main] RFWebsiteDriver - waiting..
[INFO ] 2018-03-01 11:45:00.906 [main] RFWebsiteDriver - waiting..
[INFO ] 2018-03-01 11:45:01.928 [main] RFWebsiteDriver - waiting..
[INFO ] 2018-03-01 11:45:02.959 [main] RFWebsiteDriver - waiting..
[INFO ] 2018-03-01 11:45:03.968 [main] RFWebsiteDriver - waiting..
[INFO ] 2018-03-01 11:45:04.999 [main] RFWebsiteDriver - waiting..
[INFO ] 2018-03-01 11:45:05.020 [main] RFWebsiteDriver - spin image disappears
[INFO ] 2018-03-01 11:45:09.021 [main] RFWebsiteDriver - wait started for By.xpath: //h1[contains(text(),'Build Customer Loyalty')]/../preceding::span[1]
[INFO ] 2018-03-01 11:45:09.021 [main] RFWebsiteDriver - waiting for locator By.xpath: //h1[contains(text(),'Build Customer Loyalty')]/../preceding::span[1]
[INFO ] 2018-03-01 11:45:09.050 [main] RFWebsiteDriver - Element found
[INFO ] 2018-03-01 11:45:09.050 [main] RFWebsiteDriver - wait started for By.xpath: //h1[contains(text(),'Build Customer Loyalty')]/../preceding::span[1]
[INFO ] 2018-03-01 11:45:09.050 [main] RFWebsiteDriver - waiting for locator By.xpath: //h1[contains(text(),'Build Customer Loyalty')]/../preceding::span[1]
[INFO ] 2018-03-01 11:45:09.064 [main] RFWebsiteDriver - Element found
[INFO ] 2018-03-01 11:45:09.064 [main] RFWebsiteDriver - count of all pc customers ready to be clicked
[INFO ] 2018-03-01 11:45:09.133 [main] RFWebsiteDriver - CLICKED on count of all pc customers
[INFO ] 2018-03-01 11:45:09.133 [main] LSDCustomerPage - clicked in view PC customer link
[INFO ] 2018-03-01 11:45:09.134 [main] DBUtil - QUERY TRIGGERED IS  DECLARE @AccountId INT = 2 SELECT COUNT(DISTINCT sb.AccountID)[TotalPC] FROM RFOperations.RFO_Accounts.AccountBase ab JOIN RFOperations.RFO_Accounts.AccountRF rf ON rf.SponsorId = ab.AccountID AND ab.AccountID=@AccountId JOIN RFOperations.RFO_Accounts.AccountBase sb ON rf.AccountID = sb.AccountID WHERE sb.AccountTypeID = 2 AND rf.Active = 1 AND sb.AccountStatusID = 1 AND EXISTS (SELECT 1 FROM RFOperations.Hybris.Autoship a WHERE a.AccountID = sb.AccountID AND a.Active = 1 AND a.AutoshipTypeID = 1 AND CAST(a.NextRunDate AS DATE) BETWEEN DATEADD(DAY, 1, EOMONTH(DATEADD(MONTH,-1, GETDATE()))) AND EOMONTH(DATEADD(MONTH, 1, GETDATE())) ) GROUP BY ab.AccountID

[INFO ] 2018-03-01 11:45:14.819 [main] RFLSDWebsiteBaseTest - Data returned by query: 452
[INFO ] 2018-03-01 11:45:14.872 [main] RFWebsiteDriver - Waiting for spin image to get disappear0
[INFO ] 2018-03-01 11:45:14.903 [main] RFWebsiteDriver - spin image disappears
[INFO ] 2018-03-01 11:45:18.903 [main] RFWebsiteDriver - waiting for locator By.xpath: //h1[contains(text(),'All Customers')]//preceding::span[1]
[INFO ] 2018-03-01 11:45:18.960 [main] RFWebsiteDriver - Element found
[INFO ] 2018-03-01 11:45:19.031 [main] RFWebsiteDriver - TEXT fetched for count of all PC customer for this month and next month is=484
[INFO ] 2018-03-01 11:45:21.622 [main] SoftAssert - VERIFICATION FAILED: Expected count of PC users are 452 actual on UI are 484 expected [true] but found [false]
[INFO ] 2018-03-01 11:45:21.635 [main] SoftAssert - Expected: true
[INFO ] 2018-03-01 11:45:21.644 [main] SoftAssert - Actual: false
[INFO ] 2018-03-01 11:45:21.654 [main] RFWebsiteDriver - Taking Screenshot
[INFO ] 2018-03-01 11:45:22.420 [main] SoftAssert - Snapshot Path :<a href='C:\Users\bpkotamahanti\Bindu\Automation\qa-automation\output\Screenshots\TotalNumberOfAllPCs_3349q\Expected count of PC users are 452 actual on UI are 484 expected [true] but found [false].png'>C:\Users\bpkotamahanti\Bindu\Automation\qa-automation\output\Screenshots\TotalNumberOfAllPCs_3349q\Expected count of PC users are 452 actual on UI are 484 expected [true] but found [false].png</a>

[INFO ] 2018-03-01 11:45:29.751 [main] TestListner - [TEST HAS FAILED-------- Test case TotalNumberOfAllPCs_3349q has failed] due to reason:-<br>  java.lang.AssertionError: 1.Expected count of PC users are 452 actual on UI are 484

[INFO ] 2018-03-01 11:45:29.788 [main] RFWebsiteDriver - URL opened is https://skywalker.rodanandfields.com
[INFO ] 2018-03-01 11:45:30.331 [main] RFWebsiteDriver - Waiting for LSD loading image to get disappear
[INFO ] 2018-03-01 11:45:30.835 [main] RFWebsiteDriver - LSD Animation image disappears
[INFO ] 2018-03-01 11:45:30.836 [main] RFWebsiteDriver - Waiting for LSD loading image to get disappear
[INFO ] 2018-03-01 11:45:31.860 [main] RFWebsiteDriver - waiting..
[INFO ] 2018-03-01 11:45:31.869 [main] RFWebsiteDriver - LSD loading image disappears
[INFO ] 2018-03-01 11:45:31.869 [main] RFWebsiteDriver - waiting for locator By.xpath: //div[@id='rf-nav-wrapper']/descendant::span[text()='Pulse'][1]
[INFO ] 2018-03-01 11:45:32.400 [main] RFWebsiteDriver - Element found
[INFO ] 2018-03-01 11:45:32.400 [main] RFWebsiteDriver - wait started for By.xpath: //div[@id='rf-nav-wrapper']/descendant::span[text()='Pulse'][1]
[INFO ] 2018-03-01 11:45:32.400 [main] RFWebsiteDriver - waiting for locator By.xpath: //div[@id='rf-nav-wrapper']/descendant::span[text()='Pulse'][1]
[INFO ] 2018-03-01 11:45:32.411 [main] RFWebsiteDriver - Element found
[INFO ] 2018-03-01 11:45:32.411 [main] RFWebsiteDriver - Pulse in top navigation ready to be clicked
[INFO ] 2018-03-01 11:45:32.497 [main] RFWebsiteDriver - CLICKED on Pulse in top navigation
[INFO ] 2018-03-01 11:45:32.497 [main] LSDRFWebsiteBasePage - Pulse in top navigation clicked
[INFO ] 2018-03-01 11:45:32.497 [main] LSDRFWebsiteBasePage - Logging out from pulse application
[INFO ] 2018-03-01 11:45:32.577 [main] RFWebsiteDriver - CLICKED on 
[INFO ] 2018-03-01 11:45:32.577 [main] RFWebsiteDriver - Waiting for LSD loading image to get disappear
[INFO ] 2018-03-01 11:45:32.594 [main] RFWebsiteDriver - LSD loading image disappears
