[DEBUG] 2018-03-18 17:08:28.245 [main] RFBaseTest - Started execution with  null
[INFO ] 2018-03-18 17:08:28.250 [main] RFBaseTest - Environment properties are not provided by the user ... loading the default properties
[INFO ] 2018-03-18 17:08:28.251 [main] RFBaseTest - Default Browser is  ------ chrome
[INFO ] 2018-03-18 17:08:28.251 [main] RFBaseTest - Default URL is  ------ https://skywalker.rodanandfields.com
[INFO ] 2018-03-18 17:08:28.251 [main] RFBaseTest - Default user password is  ------ 111Maiden$
[INFO ] 2018-03-18 17:08:28.251 [main] RFBaseTest - Default Country is  ------ us
[INFO ] 2018-03-18 17:08:28.251 [main] RFBaseTest - Default DB IP is  ------ 172.16.15.41
[INFO ] 2018-03-18 17:08:28.251 [main] RFBaseTest - Default DB Username is  ------ perftest
[INFO ] 2018-03-18 17:08:28.251 [main] RFBaseTest - Default DB Password is  ------ perftest
[INFO ] 2018-03-18 17:08:28.251 [main] RFBaseTest - Default DB Domain is  ------ RF
[INFO ] 2018-03-18 17:08:32.673 [main] RFWebsiteDriver - Window is maximized
[INFO ] 2018-03-18 17:08:32.673 [main] RFWebsiteDriver - All cookies deleted
[INFO ] 2018-03-18 17:08:32.673 [main] RFWebsiteDriver - URL opened is https://skywalker.rodanandfields.com
[INFO ] 2018-03-18 17:08:34.911 [main] RFLSDWebsiteBaseTest - Application loaded
[INFO ] 2018-03-18 17:08:34.921 [main] RFWebsiteDriver - DB connections are set
[INFO ] 2018-03-18 17:08:34.965 [main] DBUtil - QUERY TRIGGERED IS DECLARE @CurrentOpenPeriod INT = ( SELECT TOP 1
                                            PeriodID
                                   FROM     Commissions.reference.Periods
                                   WHERE    ClosedDate IS NULL
                                   ORDER BY PeriodID ASC
                                 ) ,
    @AccountID INT ,
    @UserName NVARCHAR(225) ,
    @Country NVARCHAR(225)

SELECT TOP 1
        @AccountID = ab.AccountID ,
        @UserName = ac.Username ,
        @Country = co.Alpha2Code
FROM    RFOperations.RFO_Accounts.AccountBase (NOLOCK) ab
        JOIN RFOperations.RFO_Accounts.AccountRF (NOLOCK) rf ON rf.AccountID = ab.AccountID
        JOIN RFOperations.Security.AccountSecurity (NOLOCK) ac ON ac.AccountID = ab.AccountID
        JOIN RFOperations.RFO_Reference.Countries (NOLOCK) co ON co.CountryID = ab.CountryID
WHERE   ab.AccountTypeID = 1
        AND ab.AccountStatusID = 1
        AND co.Alpha2Code = 'US'
        AND rf.Active = 1
        AND EXISTS ( SELECT 1
                     FROM   RFOperations.Hybris.Autoship (NOLOCK) a
                     WHERE  a.AccountID = ab.AccountID
                            AND a.AutoshipTypeID = 3
                            AND a.Active = 1 )
        AND EXISTS ( SELECT 1
                     FROM   Commissions.calcs.vwQualificationSummary v
                     WHERE  ab.AccountID = v.AccountID
                            AND v.PeriodID = @CurrentOpenPeriod
                            AND v.SV >= 100
                            AND v.PSQV >= 600 )
ORDER BY NEWID()

SELECT  ISNULL(@AccountID, 1496) AccountID ,
        ISNULL(@UserName, 'skincareconsultants@gmail.com') UserName ,
        ISNULL(@Country, 'US') Country ,
        @CurrentOpenPeriod CurrentOpenPeriod

[INFO ] 2018-03-18 17:08:38.228 [main] RFLSDWebsiteBaseTest - randomConsultantDetailsList:[{AccountID=1496, UserName=skincareconsultants@gmail.com, Country=US, CurrentOpenPeriod=201802}]
[INFO ] 2018-03-18 17:08:38.229 [main] RFLSDWebsiteBaseTest - Data returned by query: 1496
[INFO ] 2018-03-18 17:08:38.229 [main] RFLSDWebsiteBaseTest - Data returned by query: skincareconsultants@gmail.com
[INFO ] 2018-03-18 17:08:38.229 [main] RFLSDWebsiteBaseTest - userName:[{AccountID=1496, UserName=skincareconsultants@gmail.com, Country=US, CurrentOpenPeriod=201802}]
[INFO ] 2018-03-18 17:08:38.229 [main] RFWebsiteDriver - Waiting for LSD loading image to get disappear
[INFO ] 2018-03-18 17:08:38.250 [main] RFWebsiteDriver - LSD loading image disappears
[INFO ] 2018-03-18 17:08:38.297 [main] RFWebsiteDriver - waiting for locator By.id: username
[INFO ] 2018-03-18 17:08:38.306 [main] RFWebsiteDriver - Element found
[INFO ] 2018-03-18 17:08:38.306 [main] RFWebsiteDriver - Taking Screenshot
[INFO ] 2018-03-18 17:08:38.670 [main] RFWebsiteDriver - wait started for By.id: username
[INFO ] 2018-03-18 17:08:38.670 [main] RFWebsiteDriver - waiting for locator By.id: username
[INFO ] 2018-03-18 17:08:38.680 [main] RFWebsiteDriver - Element found
[INFO ] 2018-03-18 17:08:38.854 [main] RFWebsiteDriver - TYPED text as = skincareconsultants@gmail.com in  text field
[INFO ] 2018-03-18 17:08:38.854 [main] LSDLoginPage - username is skincareconsultants@gmail.com
[INFO ] 2018-03-18 17:08:38.854 [main] RFWebsiteDriver - wait started for By.id: password
[INFO ] 2018-03-18 17:08:38.854 [main] RFWebsiteDriver - waiting for locator By.id: password
[INFO ] 2018-03-18 17:08:38.870 [main] RFWebsiteDriver - Element found
[INFO ] 2018-03-18 17:08:38.977 [main] RFWebsiteDriver - TYPED text as = 111Maiden$ in  text field
[INFO ] 2018-03-18 17:08:38.977 [main] LSDLoginPage - password is 111Maiden$
[INFO ] 2018-03-18 17:08:38.977 [main] RFWebsiteDriver - wait started for By.id: button-login
[INFO ] 2018-03-18 17:08:38.977 [main] RFWebsiteDriver - waiting for locator By.id: button-login
[INFO ] 2018-03-18 17:08:38.994 [main] RFWebsiteDriver - Element found
[INFO ] 2018-03-18 17:08:38.994 [main] RFWebsiteDriver -  ready to be clicked
[INFO ] 2018-03-18 17:08:39.072 [main] RFWebsiteDriver - CLICKED on 
[INFO ] 2018-03-18 17:09:00.861 [main] RFWebsiteDriver - URL opened is https://skywalker.rodanandfields.com
[INFO ] 2018-03-18 17:09:01.335 [main] RFWebsiteDriver - Waiting for LSD loading image to get disappear
[INFO ] 2018-03-18 17:09:01.476 [main] RFWebsiteDriver - LSD Animation image disappears
[INFO ] 2018-03-18 17:09:01.476 [main] RFWebsiteDriver - waiting for locator By.id: button-login
[INFO ] 2018-03-18 17:09:06.781 [main] RFWebsiteDriver - waiting for locator By.xpath: //div[text()='Hello,']/following-sibling::div[contains(@class,'text-uppercase')]
[INFO ] 2018-03-18 17:09:06.791 [main] RFWebsiteDriver - Element found
[INFO ] 2018-03-18 17:09:06.799 [main] RFWebsiteDriver - waiting for locator By.xpath: //div[text()='Hello,']/following-sibling::div[contains(@class,'text-uppercase')]
[INFO ] 2018-03-18 17:09:06.808 [main] RFWebsiteDriver - Element found
[INFO ] 2018-03-18 17:09:06.844 [main] RFWebsiteDriver - TEXT fetched for First name in overview section is=SARAH
[INFO ] 2018-03-18 17:09:06.844 [main] RFLSDWebsiteBaseTest - Data returned by query: null
[INFO ] 2018-03-18 17:09:06.850 [main] RFWebsiteDriver - wait started for By.xpath: //div[@id='rf-nav-wrapper']/descendant::img[2]
[INFO ] 2018-03-18 17:09:06.850 [main] RFWebsiteDriver - waiting for locator By.xpath: //div[@id='rf-nav-wrapper']/descendant::img[2]
[INFO ] 2018-03-18 17:09:06.867 [main] RFWebsiteDriver - Element found
[INFO ] 2018-03-18 17:09:06.867 [main] RFWebsiteDriver - R+F logo ready to be clicked
[INFO ] 2018-03-18 17:09:06.939 [main] RFWebsiteDriver - CLICKED on R+F logo
[INFO ] 2018-03-18 17:09:07.021 [main] TestListner - 
******************************************************************************************************************************
					TEST CASE NAME:                  testSortingMenuForNextMonth_2999q
******************************************************************************************************************************
[INFO ] 2018-03-18 17:09:07.075 [main] RFWebsiteDriver - wait started for By.xpath: //div[@id='rf-nav-wrapper']/descendant::span[text()='Pulse'][1]
[INFO ] 2018-03-18 17:09:07.075 [main] RFWebsiteDriver - waiting for locator By.xpath: //div[@id='rf-nav-wrapper']/descendant::span[text()='Pulse'][1]
[INFO ] 2018-03-18 17:09:07.096 [main] RFWebsiteDriver - Element found
[INFO ] 2018-03-18 17:09:07.096 [main] RFWebsiteDriver -  ready to be clicked
[INFO ] 2018-03-18 17:09:07.177 [main] RFWebsiteDriver - CLICKED on 
[INFO ] 2018-03-18 17:09:07.177 [main] LSDHomePage - Clicked on Pulse Submenu from Top Navigation
[INFO ] 2018-03-18 17:09:07.221 [main] RFWebsiteDriver - wait started for By.xpath: //a[contains(text(),'Customers')]
[INFO ] 2018-03-18 17:09:07.221 [main] RFWebsiteDriver - waiting for locator By.xpath: //a[contains(text(),'Customers')]
[INFO ] 2018-03-18 17:09:07.230 [main] RFWebsiteDriver - Element found
[INFO ] 2018-03-18 17:09:07.231 [main] RFWebsiteDriver -  ready to be clicked
[INFO ] 2018-03-18 17:09:07.305 [main] RFWebsiteDriver - CLICKED on 
[INFO ] 2018-03-18 17:09:07.306 [main] LSDHomePage - SubMenu Link : Customers clicked
[INFO ] 2018-03-18 17:09:07.327 [main] RFWebsiteDriver - Waiting for spin image to get disappear0
[INFO ] 2018-03-18 17:09:07.340 [main] RFWebsiteDriver - spin image disappears
[INFO ] 2018-03-18 17:09:11.377 [main] RFWebsiteDriver - Waiting for spin image to get disappear0
[INFO ] 2018-03-18 17:09:11.387 [main] RFWebsiteDriver - spin image disappears
[INFO ] 2018-03-18 17:09:11.388 [main] RFWebsiteDriver - wait started for By.xpath: //div[contains(@class,'white-fb')]/descendant::a[2]/descendant::span[1]
[INFO ] 2018-03-18 17:09:11.388 [main] RFWebsiteDriver - waiting for locator By.xpath: //div[contains(@class,'white-fb')]/descendant::a[2]/descendant::span[1]
[INFO ] 2018-03-18 17:09:11.403 [main] RFWebsiteDriver - Element found
[INFO ] 2018-03-18 17:09:11.403 [main] RFWebsiteDriver - have orders for this month ready to be clicked
[INFO ] 2018-03-18 17:09:11.481 [main] RFWebsiteDriver - CLICKED on have orders for this month
[INFO ] 2018-03-18 17:09:11.481 [main] RFWebsiteDriver - Waiting for LSD loading image to get disappear
[INFO ] 2018-03-18 17:09:12.493 [main] RFWebsiteDriver - waiting..
[INFO ] 2018-03-18 17:09:13.513 [main] RFWebsiteDriver - waiting..
[INFO ] 2018-03-18 17:09:14.522 [main] RFWebsiteDriver - waiting..
[INFO ] 2018-03-18 17:09:15.532 [main] RFWebsiteDriver - waiting..
[INFO ] 2018-03-18 17:09:16.541 [main] RFWebsiteDriver - waiting..
[INFO ] 2018-03-18 17:09:17.557 [main] RFWebsiteDriver - waiting..
[INFO ] 2018-03-18 17:09:18.582 [main] RFWebsiteDriver - waiting..
[INFO ] 2018-03-18 17:09:19.604 [main] RFWebsiteDriver - waiting..
[INFO ] 2018-03-18 17:09:20.654 [main] RFWebsiteDriver - waiting..
[INFO ] 2018-03-18 17:09:21.677 [main] RFWebsiteDriver - waiting..
[INFO ] 2018-03-18 17:09:22.707 [main] RFWebsiteDriver - waiting..
[INFO ] 2018-03-18 17:09:23.728 [main] RFWebsiteDriver - waiting..
[INFO ] 2018-03-18 17:09:24.737 [main] RFWebsiteDriver - waiting..
[INFO ] 2018-03-18 17:09:25.770 [main] RFWebsiteDriver - waiting..
[INFO ] 2018-03-18 17:09:26.786 [main] RFWebsiteDriver - waiting..
[INFO ] 2018-03-18 17:09:27.812 [main] RFWebsiteDriver - waiting..
[INFO ] 2018-03-18 17:09:28.843 [main] RFWebsiteDriver - waiting..
[INFO ] 2018-03-18 17:09:29.860 [main] RFWebsiteDriver - waiting..
[INFO ] 2018-03-18 17:09:30.890 [main] RFWebsiteDriver - waiting..
[INFO ] 2018-03-18 17:09:31.899 [main] RFWebsiteDriver - waiting..
[INFO ] 2018-03-18 17:09:31.920 [main] RFWebsiteDriver - current URL is https://skywalker.rodanandfields.com/#/pcs/will-order
[INFO ] 2018-03-18 17:09:31.930 [main] RFWebsiteDriver - wait started for By.xpath: //span[contains(text(),'Sorted by')]
[INFO ] 2018-03-18 17:09:31.931 [main] RFWebsiteDriver - waiting for locator By.xpath: //span[contains(text(),'Sorted by')]
[INFO ] 2018-03-18 17:09:31.963 [main] RFWebsiteDriver - Element found
[INFO ] 2018-03-18 17:09:31.964 [main] RFWebsiteDriver - filter ready to be clicked
[INFO ] 2018-03-18 17:09:32.027 [main] RFWebsiteDriver - CLICKED on filter
[INFO ] 2018-03-18 17:09:32.601 [main] TestListner - [TEST IS SUCCESSFUL -------- Test case testSortingMenuForNextMonth_2999q has passed]
[INFO ] 2018-03-18 17:09:32.616 [main] RFWebsiteDriver - URL opened is https://skywalker.rodanandfields.com
[INFO ] 2018-03-18 17:09:33.258 [main] RFWebsiteDriver - Waiting for LSD loading image to get disappear
[INFO ] 2018-03-18 17:09:33.376 [main] RFWebsiteDriver - LSD Animation image disappears
[INFO ] 2018-03-18 17:09:33.376 [main] RFWebsiteDriver - Waiting for LSD loading image to get disappear
[INFO ] 2018-03-18 17:09:34.510 [main] RFWebsiteDriver - waiting..
[INFO ] 2018-03-18 17:09:35.534 [main] RFWebsiteDriver - waiting..
[INFO ] 2018-03-18 17:09:35.616 [main] RFWebsiteDriver - LSD loading image disappears
[INFO ] 2018-03-18 17:09:35.616 [main] RFWebsiteDriver - waiting for locator By.xpath: //div[@id='rf-nav-wrapper']/descendant::span[text()='Pulse'][1]
[INFO ] 2018-03-18 17:09:35.637 [main] RFWebsiteDriver - Element found
[INFO ] 2018-03-18 17:09:35.637 [main] RFWebsiteDriver - wait started for By.xpath: //div[@id='rf-nav-wrapper']/descendant::span[text()='Pulse'][1]
[INFO ] 2018-03-18 17:09:35.638 [main] RFWebsiteDriver - waiting for locator By.xpath: //div[@id='rf-nav-wrapper']/descendant::span[text()='Pulse'][1]
[INFO ] 2018-03-18 17:09:35.646 [main] RFWebsiteDriver - Element found
[INFO ] 2018-03-18 17:09:35.646 [main] RFWebsiteDriver - Pulse in top navigation ready to be clicked
[INFO ] 2018-03-18 17:09:35.725 [main] RFWebsiteDriver - CLICKED on Pulse in top navigation
[INFO ] 2018-03-18 17:09:35.726 [main] LSDRFWebsiteBasePage - Pulse in top navigation clicked
[INFO ] 2018-03-18 17:09:35.726 [main] LSDRFWebsiteBasePage - Logging out from pulse application
[INFO ] 2018-03-18 17:09:35.803 [main] RFWebsiteDriver - CLICKED on 
[INFO ] 2018-03-18 17:09:35.804 [main] RFWebsiteDriver - Waiting for LSD loading image to get disappear
[INFO ] 2018-03-18 17:09:35.822 [main] RFWebsiteDriver - LSD loading image disappears
