[INFO ] 2018-03-25 18:24:07.884 [main] RFBaseTest - Environment properties are not provided by the user ... loading the default properties
[INFO ] 2018-03-25 18:24:07.884 [main] RFBaseTest - Default Browser is  ------ chrome
[INFO ] 2018-03-25 18:24:07.884 [main] RFBaseTest - Default URL is  ------ https://skywalker.rodanandfields.com
[INFO ] 2018-03-25 18:24:07.884 [main] RFBaseTest - Default user password is  ------ null
[INFO ] 2018-03-25 18:24:07.885 [main] RFBaseTest - Default Country is  ------ us
[INFO ] 2018-03-25 18:24:07.885 [main] RFBaseTest - Default DB IP is  ------ 10.3.0.218
[INFO ] 2018-03-25 18:24:07.885 [main] RFBaseTest - Default DB Username is  ------ perftest
[INFO ] 2018-03-25 18:24:07.885 [main] RFBaseTest - Default DB Password is  ------ perftest
[INFO ] 2018-03-25 18:24:07.885 [main] RFBaseTest - Default DB Domain is  ------ RF
[INFO ] 2018-03-25 18:24:12.236 [main] RFWebsiteDriver - URL opened is https://skywalker.rodanandfields.com
[INFO ] 2018-03-25 18:24:15.227 [main] RFLSDWebsiteBaseTest - Application loaded
[INFO ] 2018-03-25 18:24:15.238 [main] RFWebsiteDriver - DB connections are set
[INFO ] 2018-03-25 18:24:15.281 [main] DBUtil - QUERY TRIGGERED IS DECLARE @CurrentOpenPeriod INT = ( SELECT TOP 1    PeriodID FROM     Commissions.reference.Periods WHERE    ClosedDate IS NULL   ORDER BY PeriodID ASC ) ,  @AccountID INT , @UserName NVARCHAR(225) , @Country NVARCHAR(225), @FirstName nvarchar(255), @LastName nvarchar(255) SELECT TOP 1 @AccountID = ab.AccountID , @UserName = ac.Username , @Country = co.Alpha2Code, @firstname=act.FirstName, @LastName= act. LAstName  FROM    RFOperations.RFO_Accounts.AccountBase (NOLOCK) ab JOIN RFOperations.RFO_Accounts.AccountRF (NOLOCK) rf ON rf.AccountID = ab.AccountID  JOIN RFOperations.Security.AccountSecurity (NOLOCK) ac ON ac.AccountID = ab.AccountID    JOIN RFOperations.RFO_Accounts.AccountContacts (NOLOCK) act ON act.AccountID = ab.AccountID  JOIN RFOperations.RFO_Reference.Countries (NOLOCK) co ON co.CountryID = ab.CountryID WHERE   ab.AccountTypeID = 1 AND ab.AccountStatusID = 1 AND co.Alpha2Code = 'US' AND rf.Active = 1  AND EXISTS ( SELECT 1 FROM   RFOperations.Hybris.Autoship (NOLOCK) a WHERE  a.AccountID = ab.AccountID  AND a.AutoshipTypeID = 3  AND a.Active = 1 )  AND EXISTS ( SELECT 1 FROM   Commissions.calcs.vwQualificationSummary v WHERE  ab.AccountID = v.AccountID  AND v.PeriodID = @CurrentOpenPeriod AND v.SV >= 100 AND v.PSQV >= 600 ) ORDER BY NEWID() SELECT  ISNULL(@AccountID, 1496) AccountID , ISNULL(@UserName, 'skincareconsultants@gmail.com') UserName , Isnull(@FirstName,'Sarah') [FirstName], Isnull(@LastName,'Robbins') [LastName], ISNULL(@Country, 'US') Country ,  @CurrentOpenPeriod CurrentOpenPeriod

[INFO ] 2018-03-25 18:24:19.380 [main] RFLSDWebsiteBaseTest - randomConsultantDetailsList:[{AccountID=8913260, UserName=serveinternational@comcast.net, FirstName=Shelley, LastName=Glines, Country=US, CurrentOpenPeriod=201710}]
[INFO ] 2018-03-25 18:24:19.380 [main] RFLSDWebsiteBaseTest - Data returned by query: 8913260
[INFO ] 2018-03-25 18:24:19.380 [main] RFLSDWebsiteBaseTest - Data returned by query: serveinternational@comcast.net
[INFO ] 2018-03-25 18:24:19.381 [main] RFLSDWebsiteBaseTest - userName:[{AccountID=8913260, UserName=serveinternational@comcast.net, FirstName=Shelley, LastName=Glines, Country=US, CurrentOpenPeriod=201710}]
[INFO ] 2018-03-25 18:24:19.381 [main] RFWebsiteDriver - Waiting for LSD loading image to get disappear
[INFO ] 2018-03-25 18:24:19.403 [main] RFWebsiteDriver - LSD loading image disappears
[INFO ] 2018-03-25 18:24:19.454 [main] RFWebsiteDriver - waiting for locator By.id: username
[INFO ] 2018-03-25 18:24:19.464 [main] RFWebsiteDriver - Element found
[INFO ] 2018-03-25 18:24:19.464 [main] RFWebsiteDriver - wait started for By.id: username
[INFO ] 2018-03-25 18:24:19.464 [main] RFWebsiteDriver - waiting for locator By.id: username
[INFO ] 2018-03-25 18:24:19.472 [main] RFWebsiteDriver - Element found
[INFO ] 2018-03-25 18:24:19.629 [main] RFWebsiteDriver - TYPED text as = serveinternational@comcast.net in  text field
[INFO ] 2018-03-25 18:24:19.629 [main] LSDLoginPage - username is serveinternational@comcast.net
[INFO ] 2018-03-25 18:24:19.629 [main] RFWebsiteDriver - wait started for By.id: password
[INFO ] 2018-03-25 18:24:19.629 [main] RFWebsiteDriver - waiting for locator By.id: password
[INFO ] 2018-03-25 18:24:19.646 [main] RFWebsiteDriver - Element found
[INFO ] 2018-03-25 18:24:19.738 [main] RFWebsiteDriver - TYPED text as = 111Maiden$ in  text field
[INFO ] 2018-03-25 18:24:19.738 [main] LSDLoginPage - password is 111Maiden$
[INFO ] 2018-03-25 18:24:19.770 [main] RFWebsiteDriver -  ready to be clicked
[INFO ] 2018-03-25 18:24:19.848 [main] RFWebsiteDriver - CLICKED on 
[INFO ] 2018-03-25 18:24:31.573 [main] RFWebsiteDriver - URL opened is https://skywalker.rodanandfields.com
[INFO ] 2018-03-25 18:24:32.008 [main] RFWebsiteDriver - Waiting for LSD loading image to get disappear
[INFO ] 2018-03-25 18:24:32.229 [main] RFWebsiteDriver - LSD Animation image disappears
[INFO ] 2018-03-25 18:24:32.229 [main] RFWebsiteDriver - waiting for locator By.id: button-login
[INFO ] 2018-03-25 18:24:37.567 [main] RFWebsiteDriver - waiting for locator By.xpath: //div[text()='Hello,']/following-sibling::div[contains(@class,'text-uppercase')]
[INFO ] 2018-03-25 18:24:37.576 [main] RFWebsiteDriver - Element found
[INFO ] 2018-03-25 18:24:37.637 [main] RFWebsiteDriver - TEXT fetched for First name in overview section is=SHELLEY
[INFO ] 2018-03-25 18:24:37.638 [main] RFLSDWebsiteBaseTest - Data returned by query: Shelley
[INFO ] 2018-03-25 18:24:37.641 [main] RFLSDWebsiteBaseTest - Total windows opened are 1
[INFO ] 2018-03-25 18:24:37.674 [main] RFWebsiteDriver - R+F logo ready to be clicked
[INFO ] 2018-03-25 18:24:37.746 [main] RFWebsiteDriver - CLICKED on R+F logo
[INFO ] 2018-03-25 18:24:37.747 [main] RFWebsiteDriver - Waiting For Page load via JS
[INFO ] 2018-03-25 18:24:37.757 [main] RFWebsiteDriver - page load complete..
[INFO ] 2018-03-25 18:24:37.858 [main] TestListner - 
******************************************************************************************************************************
					TEST CASE NAME:                  testVerifyOrderReceiptForProcessedPersonalAdhocOrders_3425q
******************************************************************************************************************************
[INFO ] 2018-03-25 18:24:37.898 [main] RFWebsiteDriver - Waiting for LSD loading image to get disappear
[INFO ] 2018-03-25 18:24:37.916 [main] RFWebsiteDriver - LSD loading image disappears
[INFO ] 2018-03-25 18:24:37.916 [main] RFWebsiteDriver - waiting for locator By.xpath: //div[@id='rf-nav-wrapper']/descendant::span[text()='Pulse'][1]
[INFO ] 2018-03-25 18:24:37.925 [main] RFWebsiteDriver - Element found
[INFO ] 2018-03-25 18:24:37.943 [main] RFWebsiteDriver - Pulse in top navigation ready to be clicked
[INFO ] 2018-03-25 18:24:38.020 [main] RFWebsiteDriver - CLICKED on Pulse in top navigation
[INFO ] 2018-03-25 18:24:38.020 [main] LSDRFWebsiteBasePage - Pulse in top navigation clicked
[INFO ] 2018-03-25 18:24:38.020 [main] LSDRFWebsiteBasePage - Logging out from pulse application
[INFO ] 2018-03-25 18:24:38.086 [main] RFWebsiteDriver - CLICKED by JS on 
[INFO ] 2018-03-25 18:24:38.086 [main] RFWebsiteDriver - Waiting for LSD loading image to get disappear
[INFO ] 2018-03-25 18:24:38.096 [main] RFWebsiteDriver - LSD loading image disappears
[INFO ] 2018-03-25 18:24:38.096 [main] RFWebsiteDriver - waiting for locator By.id: username
[INFO ] 2018-03-25 18:24:38.629 [main] RFWebsiteDriver - Element found
[INFO ] 2018-03-25 18:24:38.630 [main] RFWebsiteDriver - wait started for By.id: username
[INFO ] 2018-03-25 18:24:38.630 [main] RFWebsiteDriver - waiting for locator By.id: username
[INFO ] 2018-03-25 18:24:38.645 [main] RFWebsiteDriver - Element found
[INFO ] 2018-03-25 18:24:38.841 [main] RFWebsiteDriver - TYPED text as = Skincareconsultants@gmail.com in  text field
[INFO ] 2018-03-25 18:24:38.842 [main] LSDLoginPage - username is Skincareconsultants@gmail.com
[INFO ] 2018-03-25 18:24:38.842 [main] RFWebsiteDriver - wait started for By.id: password
[INFO ] 2018-03-25 18:24:38.842 [main] RFWebsiteDriver - waiting for locator By.id: password
[INFO ] 2018-03-25 18:24:38.856 [main] RFWebsiteDriver - Element found
[INFO ] 2018-03-25 18:24:38.947 [main] RFWebsiteDriver - TYPED text as = 111Maiden$ in  text field
[INFO ] 2018-03-25 18:24:38.948 [main] LSDLoginPage - password is 111Maiden$
[INFO ] 2018-03-25 18:24:38.971 [main] RFWebsiteDriver -  ready to be clicked
[INFO ] 2018-03-25 18:24:39.051 [main] RFWebsiteDriver - CLICKED on 
[INFO ] 2018-03-25 18:24:55.515 [main] RFWebsiteDriver - Waiting for login button to get disappear
[INFO ] 2018-03-25 18:24:55.534 [main] RFWebsiteDriver - login button disappears
[INFO ] 2018-03-25 18:24:55.572 [main] RFWebsiteDriver - waiting for locator By.xpath: //div[text()='Hello,']/following-sibling::div[contains(@class,'text-uppercase')]
[INFO ] 2018-03-25 18:24:55.584 [main] RFWebsiteDriver - Element found
[INFO ] 2018-03-25 18:24:55.619 [main] RFWebsiteDriver -  ready to be clicked
[INFO ] 2018-03-25 18:24:55.717 [main] RFWebsiteDriver - CLICKED on 
[INFO ] 2018-03-25 18:24:55.718 [main] LSDHomePage - Clicked on Pulse Submenu from Top Navigation
[INFO ] 2018-03-25 18:24:55.808 [main] RFWebsiteDriver -  ready to be clicked
[INFO ] 2018-03-25 18:24:55.958 [main] RFWebsiteDriver - CLICKED on 
[INFO ] 2018-03-25 18:24:55.959 [main] LSDHomePage - SubMenu Link : Orders clicked
[INFO ] 2018-03-25 18:24:55.985 [main] RFWebsiteDriver - Waiting for spin image to get disappear1
[INFO ] 2018-03-25 18:24:56.995 [main] RFWebsiteDriver - waiting..
[INFO ] 2018-03-25 18:24:57.004 [main] RFWebsiteDriver - spin image disappears
[INFO ] 2018-03-25 18:25:01.036 [main] RFWebsiteDriver - order filter ready to be clicked
[INFO ] 2018-03-25 18:25:01.099 [main] RFWebsiteDriver - CLICKED on order filter
[INFO ] 2018-03-25 18:25:01.147 [main] RFWebsiteDriver - order filter category ready to be clicked
[INFO ] 2018-03-25 18:25:01.210 [main] RFWebsiteDriver - CLICKED on order filter category
[INFO ] 2018-03-25 18:25:01.241 [main] RFWebsiteDriver - order filter category ready to be clicked
[INFO ] 2018-03-25 18:25:01.309 [main] RFWebsiteDriver - CLICKED on order filter category
[INFO ] 2018-03-25 18:25:01.339 [main] RFWebsiteDriver - Apply filter btn ready to be clicked
[INFO ] 2018-03-25 18:25:01.403 [main] RFWebsiteDriver - CLICKED on Apply filter btn
[INFO ] 2018-03-25 18:25:01.403 [main] RFWebsiteDriver - wait started for By.xpath: //div[@id='sub-stage']/descendant::span[text()='Processed'][1]
[INFO ] 2018-03-25 18:25:01.403 [main] RFWebsiteDriver - waiting for locator By.xpath: //div[@id='sub-stage']/descendant::span[text()='Processed'][1]
[INFO ] 2018-03-25 18:25:01.419 [main] RFWebsiteDriver - Element found
[INFO ] 2018-03-25 18:25:01.444 [main] RFWebsiteDriver -  ready to be clicked
[INFO ] 2018-03-25 18:25:01.507 [main] RFWebsiteDriver - CLICKED on 
[INFO ] 2018-03-25 18:25:04.193 [main] TestListner - [TEST IS SUCCESSFUL -------- Test case testVerifyOrderReceiptForProcessedPersonalAdhocOrders_3425q has passed]
[INFO ] 2018-03-25 18:25:04.205 [main] RFWebsiteDriver - URL opened is https://skywalker.rodanandfields.com
[INFO ] 2018-03-25 18:25:04.535 [main] RFWebsiteDriver - Waiting for LSD loading image to get disappear
[INFO ] 2018-03-25 18:25:04.740 [main] RFWebsiteDriver - LSD Animation image disappears
[INFO ] 2018-03-25 18:25:04.741 [main] RFWebsiteDriver - Waiting for LSD loading image to get disappear
[INFO ] 2018-03-25 18:25:05.818 [main] RFWebsiteDriver - waiting..
[INFO ] 2018-03-25 18:25:06.830 [main] RFWebsiteDriver - waiting..
[INFO ] 2018-03-25 18:25:06.840 [main] RFWebsiteDriver - LSD loading image disappears
[INFO ] 2018-03-25 18:25:06.841 [main] RFWebsiteDriver - waiting for locator By.xpath: //div[@id='rf-nav-wrapper']/descendant::span[text()='Pulse'][1]
[INFO ] 2018-03-25 18:25:06.850 [main] RFWebsiteDriver - Element found
[INFO ] 2018-03-25 18:25:06.876 [main] RFWebsiteDriver - Pulse in top navigation ready to be clicked
[INFO ] 2018-03-25 18:25:06.941 [main] RFWebsiteDriver - CLICKED on Pulse in top navigation
[INFO ] 2018-03-25 18:25:06.941 [main] LSDRFWebsiteBasePage - Pulse in top navigation clicked
[INFO ] 2018-03-25 18:25:06.942 [main] LSDRFWebsiteBasePage - Logging out from pulse application
[INFO ] 2018-03-25 18:25:07.049 [main] RFWebsiteDriver - CLICKED by JS on 
[INFO ] 2018-03-25 18:25:07.050 [main] RFWebsiteDriver - Waiting for LSD loading image to get disappear
[INFO ] 2018-03-25 18:25:07.067 [main] RFWebsiteDriver - LSD loading image disappears
