[INFO ] 2018-02-27 17:09:10.921 [main] RFBaseTest - Environment properties are not provided by the user ... loading the default properties
[INFO ] 2018-02-27 17:09:10.922 [main] RFBaseTest - Default Browser is  ------ chrome
[INFO ] 2018-02-27 17:09:10.922 [main] RFBaseTest - Default URL is  ------ https://nsc4rfo.tst4.rodanandfields.com
[INFO ] 2018-02-27 17:09:10.922 [main] RFBaseTest - Default user password is  ------ 111Maiden$
[INFO ] 2018-02-27 17:09:10.922 [main] RFBaseTest - Default Country is  ------ us
[INFO ] 2018-02-27 17:09:10.922 [main] RFBaseTest - Default DB IP is  ------ 10.3.0.162
[INFO ] 2018-02-27 17:09:10.922 [main] RFBaseTest - Default DB Username is  ------ perftest
[INFO ] 2018-02-27 17:09:10.922 [main] RFBaseTest - Default DB Password is  ------ perftest
[INFO ] 2018-02-27 17:09:10.922 [main] RFBaseTest - Default DB Domain is  ------ RF
[INFO ] 2018-02-27 17:09:16.770 [main] RFWebsiteDriver - Window is maximized
[INFO ] 2018-02-27 17:09:16.770 [main] RFWebsiteDriver - All cookies deleted
[INFO ] 2018-02-27 17:09:16.770 [main] RFWebsiteDriver - URL opened is https://nsc4rfo.tst4.rodanandfields.com
[INFO ] 2018-02-27 17:09:18.118 [main] RFLSDWebsiteBaseTest - Application loaded
[INFO ] 2018-02-27 17:09:18.132 [main] RFWebsiteDriver - DB connections are set
[INFO ] 2018-02-27 17:09:18.171 [main] DBUtil - QUERY TRIGGERED IS SELECT top 1 * FROM Commissions.[calcs].[vwQualificationSummary] where SV!=0 and PSQV!=0 and EClegs>2 and L1L2!=0 and L1L6!=0  and periodid= LEFT(CONVERT(varchar, GetDate(),112),6)  order by PeriodID desc

[INFO ] 2018-02-27 17:09:33.156 [main] TestListner - 
******************************************************************************************************************************
					TEST CASE NAME:                  TotalNumberOfAllPCs_3349q
******************************************************************************************************************************
[INFO ] 2018-02-27 17:09:33.198 [main] TestListner - [TEST IS SKIPPED -------- Test case TotalNumberOfAllPCs_3349q skipped]
