[INFO ] 2018-03-06 19:11:14.106 [main] RFBaseTest - Environment properties are not provided by the user ... loading the default properties
[INFO ] 2018-03-06 19:11:14.107 [main] RFBaseTest - Default Browser is  ------ chrome
[INFO ] 2018-03-06 19:11:14.107 [main] RFBaseTest - Default URL is  ------ https://skywalker.rodanandfields.com
[INFO ] 2018-03-06 19:11:14.107 [main] RFBaseTest - Default user password is  ------ 111Maiden$
[INFO ] 2018-03-06 19:11:14.107 [main] RFBaseTest - Default Country is  ------ us
[INFO ] 2018-03-06 19:11:14.107 [main] RFBaseTest - Default DB IP is  ------ 10.3.0.218
[INFO ] 2018-03-06 19:11:14.107 [main] RFBaseTest - Default DB Username is  ------ perftest
[INFO ] 2018-03-06 19:11:14.107 [main] RFBaseTest - Default DB Password is  ------ perftest
[INFO ] 2018-03-06 19:11:14.108 [main] RFBaseTest - Default DB Domain is  ------ RF
[INFO ] 2018-03-06 19:11:20.992 [main] RFWebsiteDriver - Window is maximized
[INFO ] 2018-03-06 19:11:20.993 [main] RFWebsiteDriver - All cookies deleted
[INFO ] 2018-03-06 19:11:20.993 [main] RFWebsiteDriver - URL opened is https://skywalker.rodanandfields.com
[INFO ] 2018-03-06 19:11:23.097 [main] RFLSDWebsiteBaseTest - Application loaded
[INFO ] 2018-03-06 19:11:23.121 [main] RFWebsiteDriver - DB connections are set
[INFO ] 2018-03-06 19:11:23.220 [main] DBUtil - QUERY TRIGGERED IS SELECT top 1 * FROM Commissions.[calcs].[vwQualificationSummary] where SV!=0 and PSQV!=0 and L1L2!=0 and L1L6!=0 and ECLegs > 0 and periodid= LEFT(CONVERT(varchar, GetDate(),112),6)  order by NewID() desc

[INFO ] 2018-03-06 19:11:24.018 [main] RFLSDWebsiteBaseTest - Data returned by query: 75000497
[INFO ] 2018-03-06 19:11:29.372 [main] DBUtil - QUERY TRIGGERED IS SELECT  ab.AccountID ,ac.FirstName ,ac.LastName ,acs.Username FROM  RFOperations.RFO_Accounts.AccountBase ab JOIN RFOperations.RFO_Accounts.AccountRF rf ON rf.AccountID = ab.AccountID JOIN RFOperations.RFO_Accounts.AccountContacts ac ON ac.AccountId = ab.AccountID LEFT JOIN RFOperations.Security.AccountSecurity acs ON acs.AccountID = ab.AccountID LEFT JOIN RFOperations.RFO_Reference.AccountType t ON t.AccountTypeID = ab.AccountTypeID LEFT JOIN RFOperations.RFO_Reference.AccountStatus s ON s.AccountStatusID = ab.AccountStatusID LEFT JOIN RFOperations.RFO_Reference.Countries c ON c.CountryID = ab.CountryID WHERE   ab.AccountID = 75000497

[INFO ] 2018-03-06 19:12:26.157 [main] RFLSDWebsiteBaseTest - Data returned by query: kira.randf@gmail.com
[INFO ] 2018-03-06 19:12:26.159 [main] DBUtil - QUERY TRIGGERED IS select EmailAddress from RFO_Accounts.AccountContacts acTB INNER JOIN RFO_Accounts.AccountEmails aeTB  on acTB.AccountContactId=aeTB.AccountContactId INNER JOIN RFO_Accounts.EmailAddresses aEMTB on aeTB.EmailAddressID=aEMTB.EmailAddressID WHERE acTB.AccountID='75000497' and aEMTB.EmailAddressTypeID=1 

[INFO ] 2018-03-06 19:12:26.888 [main] RFLSDWebsiteBaseTest - Data returned by query: kira.randf@gmail.com
[INFO ] 2018-03-06 19:12:26.892 [main] RFWebsiteDriver - Waiting for LSD loading image to get disappear
[INFO ] 2018-03-06 19:12:26.969 [main] RFWebsiteDriver - LSD loading image disappears
[INFO ] 2018-03-06 19:12:27.037 [main] RFWebsiteDriver - waiting for locator By.id: username
[INFO ] 2018-03-06 19:12:27.048 [main] RFWebsiteDriver - Element found
[INFO ] 2018-03-06 19:12:27.048 [main] RFWebsiteDriver - Taking Screenshot
[INFO ] 2018-03-06 19:12:27.484 [main] RFWebsiteDriver - wait started for By.id: username
[INFO ] 2018-03-06 19:12:27.484 [main] RFWebsiteDriver - waiting for locator By.id: username
[INFO ] 2018-03-06 19:12:27.498 [main] RFWebsiteDriver - Element found
[INFO ] 2018-03-06 19:12:27.643 [main] RFWebsiteDriver - TYPED text as = kira.randf@gmail.com in  text field
[INFO ] 2018-03-06 19:12:27.644 [main] LSDLoginPage - username is kira.randf@gmail.com
[INFO ] 2018-03-06 19:12:27.644 [main] RFWebsiteDriver - wait started for By.id: password
[INFO ] 2018-03-06 19:12:27.644 [main] RFWebsiteDriver - waiting for locator By.id: password
[INFO ] 2018-03-06 19:12:27.661 [main] RFWebsiteDriver - Element found
[INFO ] 2018-03-06 19:12:27.769 [main] RFWebsiteDriver - TYPED text as = 111Maiden$ in  text field
[INFO ] 2018-03-06 19:12:27.769 [main] LSDLoginPage - password is 111Maiden$
[INFO ] 2018-03-06 19:12:27.769 [main] RFWebsiteDriver - wait started for By.id: button-login
[INFO ] 2018-03-06 19:12:27.769 [main] RFWebsiteDriver - waiting for locator By.id: button-login
[INFO ] 2018-03-06 19:12:27.786 [main] RFWebsiteDriver - Element found
[INFO ] 2018-03-06 19:12:27.787 [main] RFWebsiteDriver -  ready to be clicked
[INFO ] 2018-03-06 19:12:27.875 [main] RFWebsiteDriver - CLICKED on 
[INFO ] 2018-03-06 19:12:42.573 [main] RFWebsiteDriver - URL opened is https://skywalker.rodanandfields.com
[INFO ] 2018-03-06 19:12:43.294 [main] RFWebsiteDriver - Waiting for LSD loading image to get disappear
[INFO ] 2018-03-06 19:12:43.421 [main] RFWebsiteDriver - LSD Animation image disappears
[INFO ] 2018-03-06 19:12:43.422 [main] RFWebsiteDriver - waiting for locator By.id: button-login
[INFO ] 2018-03-06 19:12:48.919 [main] RFWebsiteDriver - waiting for locator By.xpath: //div[text()='Hello,']/following-sibling::div[contains(@class,'text-uppercase')]
[INFO ] 2018-03-06 19:12:48.928 [main] RFWebsiteDriver - Element found
[INFO ] 2018-03-06 19:12:48.938 [main] RFWebsiteDriver - waiting for locator By.xpath: //div[text()='Hello,']/following-sibling::div[contains(@class,'text-uppercase')]
[INFO ] 2018-03-06 19:12:48.948 [main] RFWebsiteDriver - Element found
[INFO ] 2018-03-06 19:12:48.984 [main] RFWebsiteDriver - TEXT fetched for First name in overview section is=KIRA
[INFO ] 2018-03-06 19:12:48.984 [main] RFLSDWebsiteBaseTest - Data returned by query: Kira
[INFO ] 2018-03-06 19:12:48.991 [main] RFWebsiteDriver - wait started for By.xpath: //div[@id='rf-nav-wrapper']/descendant::img[2]
[INFO ] 2018-03-06 19:12:48.991 [main] RFWebsiteDriver - waiting for locator By.xpath: //div[@id='rf-nav-wrapper']/descendant::img[2]
[INFO ] 2018-03-06 19:12:49.008 [main] RFWebsiteDriver - Element found
[INFO ] 2018-03-06 19:12:49.008 [main] RFWebsiteDriver - R+F logo ready to be clicked
[INFO ] 2018-03-06 19:12:49.093 [main] RFWebsiteDriver - CLICKED on R+F logo
[INFO ] 2018-03-06 19:12:49.199 [main] TestListner - 
******************************************************************************************************************************
					TEST CASE NAME:                  TotalNumberOfAllPCs_3349q
******************************************************************************************************************************
[INFO ] 2018-03-06 19:12:49.255 [main] RFWebsiteDriver - wait started for By.xpath: //div[@id='rf-nav-wrapper']/descendant::span[text()='Pulse'][1]
[INFO ] 2018-03-06 19:12:49.255 [main] RFWebsiteDriver - waiting for locator By.xpath: //div[@id='rf-nav-wrapper']/descendant::span[text()='Pulse'][1]
[INFO ] 2018-03-06 19:12:49.284 [main] RFWebsiteDriver - Element found
[INFO ] 2018-03-06 19:12:49.284 [main] RFWebsiteDriver -  ready to be clicked
[INFO ] 2018-03-06 19:12:49.386 [main] RFWebsiteDriver - CLICKED on 
[INFO ] 2018-03-06 19:12:49.386 [main] LSDHomePage - Clicked on Pulse Submenu from Top Navigation
[INFO ] 2018-03-06 19:12:49.459 [main] RFWebsiteDriver - wait started for By.xpath: //a[contains(text(),'Customers')]
[INFO ] 2018-03-06 19:12:49.459 [main] RFWebsiteDriver - waiting for locator By.xpath: //a[contains(text(),'Customers')]
[INFO ] 2018-03-06 19:12:49.468 [main] RFWebsiteDriver - Element found
[INFO ] 2018-03-06 19:12:49.469 [main] RFWebsiteDriver -  ready to be clicked
[INFO ] 2018-03-06 19:12:49.553 [main] RFWebsiteDriver - CLICKED on 
[INFO ] 2018-03-06 19:12:49.553 [main] LSDHomePage - SubMenu Link : Customers clicked
[INFO ] 2018-03-06 19:12:49.581 [main] RFWebsiteDriver - Waiting for spin image to get disappear0
[INFO ] 2018-03-06 19:12:49.591 [main] RFWebsiteDriver - spin image disappears
[INFO ] 2018-03-06 19:12:53.601 [main] RFWebsiteDriver - Waiting for spin image to get disappear1
[INFO ] 2018-03-06 19:12:54.612 [main] RFWebsiteDriver - waiting..
[INFO ] 2018-03-06 19:12:55.651 [main] RFWebsiteDriver - waiting..
[INFO ] 2018-03-06 19:12:56.672 [main] RFWebsiteDriver - waiting..
[INFO ] 2018-03-06 19:12:57.711 [main] RFWebsiteDriver - waiting..
[INFO ] 2018-03-06 19:12:58.751 [main] RFWebsiteDriver - waiting..
[INFO ] 2018-03-06 19:12:59.788 [main] RFWebsiteDriver - waiting..
[INFO ] 2018-03-06 19:13:00.809 [main] RFWebsiteDriver - waiting..
[INFO ] 2018-03-06 19:13:00.856 [main] RFWebsiteDriver - spin image disappears
[INFO ] 2018-03-06 19:13:04.857 [main] RFWebsiteDriver - wait started for By.xpath: //h1[contains(text(),'Build Customer Loyalty')]/../preceding::span[1]
[INFO ] 2018-03-06 19:13:04.857 [main] RFWebsiteDriver - waiting for locator By.xpath: //h1[contains(text(),'Build Customer Loyalty')]/../preceding::span[1]
[INFO ] 2018-03-06 19:13:04.894 [main] RFWebsiteDriver - Element found
[INFO ] 2018-03-06 19:13:04.894 [main] RFWebsiteDriver - wait started for By.xpath: //h1[contains(text(),'Build Customer Loyalty')]/../preceding::span[1]
[INFO ] 2018-03-06 19:13:04.894 [main] RFWebsiteDriver - waiting for locator By.xpath: //h1[contains(text(),'Build Customer Loyalty')]/../preceding::span[1]
[INFO ] 2018-03-06 19:13:04.911 [main] RFWebsiteDriver - Element found
[INFO ] 2018-03-06 19:13:04.911 [main] RFWebsiteDriver - count of all pc customers ready to be clicked
[INFO ] 2018-03-06 19:13:04.989 [main] RFWebsiteDriver - CLICKED on count of all pc customers
[INFO ] 2018-03-06 19:13:04.990 [main] LSDCustomerPage - clicked in view PC customer link
[INFO ] 2018-03-06 19:14:11.193 [main] DBUtil - QUERY TRIGGERED IS  DECLARE @AccountId INT = 75000497 SELECT COUNT(DISTINCT sb.AccountID)[TotalPC] FROM RFOperations.RFO_Accounts.AccountBase ab JOIN RFOperations.RFO_Accounts.AccountRF rf ON rf.SponsorId = ab.AccountID AND ab.AccountID=@AccountId JOIN RFOperations.RFO_Accounts.AccountBase sb ON rf.AccountID = sb.AccountID WHERE sb.AccountTypeID = 2 AND rf.Active = 1 AND sb.AccountStatusID = 1 AND EXISTS (SELECT 1 FROM RFOperations.Hybris.Autoship a WHERE a.AccountID = sb.AccountID AND a.Active = 1 AND a.AutoshipTypeID = 1 AND CAST(a.NextRunDate AS DATE) BETWEEN DATEADD(DAY, 1, EOMONTH(DATEADD(MONTH,-1, GETDATE()))) AND EOMONTH(DATEADD(MONTH, 1, GETDATE())) ) GROUP BY ab.AccountID

[INFO ] 2018-03-06 19:14:11.554 [main] RFLSDWebsiteBaseTest - Data returned by query: 1
[INFO ] 2018-03-06 19:14:11.577 [main] RFWebsiteDriver - Waiting for spin image to get disappear0
[INFO ] 2018-03-06 19:14:11.603 [main] RFWebsiteDriver - spin image disappears
[INFO ] 2018-03-06 19:14:15.604 [main] RFWebsiteDriver - waiting for locator By.xpath: //h1[contains(text(),'All Customers')]//preceding::span[1]
[INFO ] 2018-03-06 19:14:15.667 [main] RFWebsiteDriver - Element found
[INFO ] 2018-03-06 19:14:15.723 [main] RFWebsiteDriver - TEXT fetched for count of all PC customer for this month and next month is=1
[INFO ] 2018-03-06 19:14:15.726 [main] TestListner - [TEST IS SUCCESSFUL -------- Test case TotalNumberOfAllPCs_3349q has passed]
[INFO ] 2018-03-06 19:14:15.744 [main] RFWebsiteDriver - URL opened is https://skywalker.rodanandfields.com
[INFO ] 2018-03-06 19:14:16.695 [main] RFWebsiteDriver - Waiting for LSD loading image to get disappear
[INFO ] 2018-03-06 19:14:16.802 [main] RFWebsiteDriver - LSD Animation image disappears
[INFO ] 2018-03-06 19:14:16.803 [main] RFWebsiteDriver - Waiting for LSD loading image to get disappear
[INFO ] 2018-03-06 19:14:17.880 [main] RFWebsiteDriver - waiting..
[INFO ] 2018-03-06 19:14:18.890 [main] RFWebsiteDriver - waiting..
[INFO ] 2018-03-06 19:14:18.984 [main] RFWebsiteDriver - LSD loading image disappears
[INFO ] 2018-03-06 19:14:18.984 [main] RFWebsiteDriver - waiting for locator By.xpath: //div[@id='rf-nav-wrapper']/descendant::span[text()='Pulse'][1]
[INFO ] 2018-03-06 19:14:19.024 [main] RFWebsiteDriver - Element found
[INFO ] 2018-03-06 19:14:19.024 [main] RFWebsiteDriver - wait started for By.xpath: //div[@id='rf-nav-wrapper']/descendant::span[text()='Pulse'][1]
[INFO ] 2018-03-06 19:14:19.024 [main] RFWebsiteDriver - waiting for locator By.xpath: //div[@id='rf-nav-wrapper']/descendant::span[text()='Pulse'][1]
[INFO ] 2018-03-06 19:14:19.033 [main] RFWebsiteDriver - Element found
[INFO ] 2018-03-06 19:14:19.033 [main] RFWebsiteDriver - Pulse in top navigation ready to be clicked
[INFO ] 2018-03-06 19:14:19.098 [main] RFWebsiteDriver - CLICKED on Pulse in top navigation
[INFO ] 2018-03-06 19:14:19.098 [main] LSDRFWebsiteBasePage - Pulse in top navigation clicked
[INFO ] 2018-03-06 19:14:19.098 [main] LSDRFWebsiteBasePage - Logging out from pulse application
[INFO ] 2018-03-06 19:14:19.316 [main] RFWebsiteDriver - CLICKED on 
[INFO ] 2018-03-06 19:14:19.317 [main] RFWebsiteDriver - Waiting for LSD loading image to get disappear
[INFO ] 2018-03-06 19:14:19.330 [main] RFWebsiteDriver - LSD loading image disappears
