[INFO ] 2018-03-19 12:26:37.735 [main] RFBaseTest - Environment properties are not provided by the user ... loading the default properties
[INFO ] 2018-03-19 12:26:37.736 [main] RFBaseTest - Default Browser is  ------ chrome
[INFO ] 2018-03-19 12:26:37.736 [main] RFBaseTest - Default URL is  ------ https://skywalker.rodanandfields.com
[INFO ] 2018-03-19 12:26:37.736 [main] RFBaseTest - Default user password is  ------ 111Maiden$
[INFO ] 2018-03-19 12:26:37.736 [main] RFBaseTest - Default Country is  ------ us
[INFO ] 2018-03-19 12:26:37.736 [main] RFBaseTest - Default DB IP is  ------ 172.16.15.41
[INFO ] 2018-03-19 12:26:37.736 [main] RFBaseTest - Default DB Username is  ------ perftest
[INFO ] 2018-03-19 12:26:37.736 [main] RFBaseTest - Default DB Password is  ------ perftest
[INFO ] 2018-03-19 12:26:37.736 [main] RFBaseTest - Default DB Domain is  ------ RF
[INFO ] 2018-03-19 12:26:43.008 [main] RFWebsiteDriver - Window is maximized
[INFO ] 2018-03-19 12:26:43.009 [main] RFWebsiteDriver - All cookies deleted
[INFO ] 2018-03-19 12:26:43.010 [main] RFWebsiteDriver - URL opened is https://skywalker.rodanandfields.com
[INFO ] 2018-03-19 12:26:45.517 [main] RFLSDWebsiteBaseTest - Application loaded
[INFO ] 2018-03-19 12:26:45.530 [main] RFWebsiteDriver - DB connections are set
[INFO ] 2018-03-19 12:26:45.579 [main] DBUtil - QUERY TRIGGERED IS DECLARE @CurrentOpenPeriod INT = ( SELECT TOP 1
                                            PeriodID
                                   FROM     Commissions.reference.Periods
                                   WHERE    ClosedDate IS NULL
                                   ORDER BY PeriodID ASC
                                 ) ,
    @AccountID INT ,
    @UserName NVARCHAR(225) ,
    @Country NVARCHAR(225)

SELECT TOP 1
        @AccountID = ab.AccountID ,
        @UserName = ac.Username ,
        @Country = co.Alpha2Code
FROM    RFOperations.RFO_Accounts.AccountBase (NOLOCK) ab
        JOIN RFOperations.RFO_Accounts.AccountRF (NOLOCK) rf ON rf.AccountID = ab.AccountID
        JOIN RFOperations.Security.AccountSecurity (NOLOCK) ac ON ac.AccountID = ab.AccountID
        JOIN RFOperations.RFO_Reference.Countries (NOLOCK) co ON co.CountryID = ab.CountryID
WHERE   ab.AccountTypeID = 1
        AND ab.AccountStatusID = 1
        AND co.Alpha2Code = 'US'
        AND rf.Active = 1
        AND EXISTS ( SELECT 1
                     FROM   RFOperations.Hybris.Autoship (NOLOCK) a
                     WHERE  a.AccountID = ab.AccountID
                            AND a.AutoshipTypeID = 3
                            AND a.Active = 1 )
        AND EXISTS ( SELECT 1
                     FROM   Commissions.calcs.vwQualificationSummary v
                     WHERE  ab.AccountID = v.AccountID
                            AND v.PeriodID = @CurrentOpenPeriod
                            AND v.SV >= 100
                            AND v.PSQV >= 600 )
ORDER BY NEWID()

SELECT  ISNULL(@AccountID, 1496) AccountID ,
        ISNULL(@UserName, 'skincareconsultants@gmail.com') UserName ,
        ISNULL(@Country, 'US') Country ,
        @CurrentOpenPeriod CurrentOpenPeriod

[INFO ] 2018-03-19 12:26:48.445 [main] RFLSDWebsiteBaseTest - randomConsultantDetailsList:[{AccountID=1496, UserName=skincareconsultants@gmail.com, Country=US, CurrentOpenPeriod=201802}]
[INFO ] 2018-03-19 12:26:48.445 [main] RFLSDWebsiteBaseTest - Data returned by query: 1496
[INFO ] 2018-03-19 12:26:48.445 [main] RFLSDWebsiteBaseTest - Data returned by query: skincareconsultants@gmail.com
[INFO ] 2018-03-19 12:26:48.445 [main] RFLSDWebsiteBaseTest - userName:[{AccountID=1496, UserName=skincareconsultants@gmail.com, Country=US, CurrentOpenPeriod=201802}]
[INFO ] 2018-03-19 12:26:48.445 [main] RFWebsiteDriver - Waiting for LSD loading image to get disappear
[INFO ] 2018-03-19 12:26:48.471 [main] RFWebsiteDriver - LSD loading image disappears
[INFO ] 2018-03-19 12:26:48.531 [main] RFWebsiteDriver - waiting for locator By.id: username
[INFO ] 2018-03-19 12:26:48.541 [main] RFWebsiteDriver - Element found
[INFO ] 2018-03-19 12:26:48.541 [main] RFWebsiteDriver - Taking Screenshot
[INFO ] 2018-03-19 12:26:49.076 [main] RFWebsiteDriver - wait started for By.id: username
[INFO ] 2018-03-19 12:26:49.076 [main] RFWebsiteDriver - waiting for locator By.id: username
[INFO ] 2018-03-19 12:26:49.089 [main] RFWebsiteDriver - Element found
[INFO ] 2018-03-19 12:26:49.284 [main] RFWebsiteDriver - TYPED text as = skincareconsultants@gmail.com in  text field
[INFO ] 2018-03-19 12:26:49.285 [main] LSDLoginPage - username is skincareconsultants@gmail.com
[INFO ] 2018-03-19 12:26:49.285 [main] RFWebsiteDriver - wait started for By.id: password
[INFO ] 2018-03-19 12:26:49.285 [main] RFWebsiteDriver - waiting for locator By.id: password
[INFO ] 2018-03-19 12:26:49.302 [main] RFWebsiteDriver - Element found
[INFO ] 2018-03-19 12:26:49.433 [main] RFWebsiteDriver - TYPED text as = 111Maiden$ in  text field
[INFO ] 2018-03-19 12:26:49.434 [main] LSDLoginPage - password is 111Maiden$
[INFO ] 2018-03-19 12:26:49.434 [main] RFWebsiteDriver - wait started for By.id: button-login
[INFO ] 2018-03-19 12:26:49.434 [main] RFWebsiteDriver - waiting for locator By.id: button-login
[INFO ] 2018-03-19 12:26:49.454 [main] RFWebsiteDriver - Element found
[INFO ] 2018-03-19 12:26:49.454 [main] RFWebsiteDriver -  ready to be clicked
[INFO ] 2018-03-19 12:26:49.537 [main] RFWebsiteDriver - CLICKED on 
[INFO ] 2018-03-19 12:27:11.692 [main] RFWebsiteDriver - URL opened is https://skywalker.rodanandfields.com
[INFO ] 2018-03-19 12:27:12.160 [main] RFWebsiteDriver - Waiting for LSD loading image to get disappear
[INFO ] 2018-03-19 12:27:12.286 [main] RFWebsiteDriver - LSD Animation image disappears
[INFO ] 2018-03-19 12:27:12.286 [main] RFWebsiteDriver - waiting for locator By.id: button-login
[INFO ] 2018-03-19 12:27:17.624 [main] RFWebsiteDriver - waiting for locator By.xpath: //div[text()='Hello,']/following-sibling::div[contains(@class,'text-uppercase')]
[INFO ] 2018-03-19 12:27:17.633 [main] RFWebsiteDriver - Element found
[INFO ] 2018-03-19 12:27:17.643 [main] RFWebsiteDriver - waiting for locator By.xpath: //div[text()='Hello,']/following-sibling::div[contains(@class,'text-uppercase')]
[INFO ] 2018-03-19 12:27:17.655 [main] RFWebsiteDriver - Element found
[INFO ] 2018-03-19 12:27:17.692 [main] RFWebsiteDriver - TEXT fetched for First name in overview section is=SARAH
[INFO ] 2018-03-19 12:27:17.692 [main] RFLSDWebsiteBaseTest - Data returned by query: null
[INFO ] 2018-03-19 12:27:17.698 [main] RFWebsiteDriver - wait started for By.xpath: //div[@id='rf-nav-wrapper']/descendant::img[2]
[INFO ] 2018-03-19 12:27:17.698 [main] RFWebsiteDriver - waiting for locator By.xpath: //div[@id='rf-nav-wrapper']/descendant::img[2]
[INFO ] 2018-03-19 12:27:17.714 [main] RFWebsiteDriver - Element found
[INFO ] 2018-03-19 12:27:17.714 [main] RFWebsiteDriver - R+F logo ready to be clicked
[INFO ] 2018-03-19 12:27:17.793 [main] RFWebsiteDriver - CLICKED on R+F logo
[INFO ] 2018-03-19 12:27:17.890 [main] TestListner - 
******************************************************************************************************************************
					TEST CASE NAME:                  TotalNumberOfAllPCs_3349q
******************************************************************************************************************************
[INFO ] 2018-03-19 12:27:17.932 [main] RFWebsiteDriver - wait started for By.xpath: //div[@id='rf-nav-wrapper']/descendant::span[text()='Pulse'][1]
[INFO ] 2018-03-19 12:27:17.933 [main] RFWebsiteDriver - waiting for locator By.xpath: //div[@id='rf-nav-wrapper']/descendant::span[text()='Pulse'][1]
[INFO ] 2018-03-19 12:27:17.951 [main] RFWebsiteDriver - Element found
[INFO ] 2018-03-19 12:27:17.951 [main] RFWebsiteDriver -  ready to be clicked
[INFO ] 2018-03-19 12:27:18.022 [main] RFWebsiteDriver - CLICKED on 
[INFO ] 2018-03-19 12:27:18.022 [main] LSDHomePage - Clicked on Pulse Submenu from Top Navigation
[INFO ] 2018-03-19 12:27:18.074 [main] RFWebsiteDriver - wait started for By.xpath: //a[contains(text(),'Customers')]
[INFO ] 2018-03-19 12:27:18.075 [main] RFWebsiteDriver - waiting for locator By.xpath: //a[contains(text(),'Customers')]
[INFO ] 2018-03-19 12:27:18.084 [main] RFWebsiteDriver - Element found
[INFO ] 2018-03-19 12:27:18.084 [main] RFWebsiteDriver -  ready to be clicked
[INFO ] 2018-03-19 12:27:18.172 [main] RFWebsiteDriver - CLICKED on 
[INFO ] 2018-03-19 12:27:18.173 [main] LSDHomePage - SubMenu Link : Customers clicked
[INFO ] 2018-03-19 12:27:18.196 [main] RFWebsiteDriver - Waiting for spin image to get disappear0
[INFO ] 2018-03-19 12:27:18.205 [main] RFWebsiteDriver - spin image disappears
[INFO ] 2018-03-19 12:27:22.220 [main] RFWebsiteDriver - Waiting for spin image to get disappear1
[INFO ] 2018-03-19 12:27:23.238 [main] RFWebsiteDriver - waiting..
[INFO ] 2018-03-19 12:27:24.250 [main] RFWebsiteDriver - waiting..
[INFO ] 2018-03-19 12:27:25.259 [main] RFWebsiteDriver - waiting..
[INFO ] 2018-03-19 12:27:26.277 [main] RFWebsiteDriver - waiting..
[INFO ] 2018-03-19 12:27:27.288 [main] RFWebsiteDriver - waiting..
[INFO ] 2018-03-19 12:27:28.306 [main] RFWebsiteDriver - waiting..
[INFO ] 2018-03-19 12:27:29.318 [main] RFWebsiteDriver - waiting..
[INFO ] 2018-03-19 12:27:30.343 [main] RFWebsiteDriver - waiting..
[INFO ] 2018-03-19 12:27:31.359 [main] RFWebsiteDriver - waiting..
[INFO ] 2018-03-19 12:27:32.381 [main] RFWebsiteDriver - waiting..
[INFO ] 2018-03-19 12:27:33.411 [main] RFWebsiteDriver - waiting..
[INFO ] 2018-03-19 12:27:34.427 [main] RFWebsiteDriver - waiting..
[INFO ] 2018-03-19 12:27:34.446 [main] RFWebsiteDriver - spin image disappears
[INFO ] 2018-03-19 12:27:38.446 [main] RFWebsiteDriver - wait started for By.xpath: //h1[contains(text(),'Build Customer Loyalty')]/../preceding::span[1]
[INFO ] 2018-03-19 12:27:38.447 [main] RFWebsiteDriver - waiting for locator By.xpath: //h1[contains(text(),'Build Customer Loyalty')]/../preceding::span[1]
[INFO ] 2018-03-19 12:27:38.475 [main] RFWebsiteDriver - Element found
[INFO ] 2018-03-19 12:27:38.475 [main] RFWebsiteDriver - wait started for By.xpath: //h1[contains(text(),'Build Customer Loyalty')]/../preceding::span[1]
[INFO ] 2018-03-19 12:27:38.475 [main] RFWebsiteDriver - waiting for locator By.xpath: //h1[contains(text(),'Build Customer Loyalty')]/../preceding::span[1]
[INFO ] 2018-03-19 12:27:38.484 [main] RFWebsiteDriver - Element found
[INFO ] 2018-03-19 12:27:38.484 [main] RFWebsiteDriver - count of all pc customers ready to be clicked
[INFO ] 2018-03-19 12:27:38.553 [main] RFWebsiteDriver - CLICKED on count of all pc customers
[INFO ] 2018-03-19 12:27:38.553 [main] LSDCustomerPage - clicked in view PC customer link
[INFO ] 2018-03-19 12:27:38.563 [main] DBUtil - QUERY TRIGGERED IS 
        DECLARE @AccountID INT= 1496   -- You Just need to Pass Consultant's AccountID here . 


        
		
		  DECLARE  @PeriodID INT= NULL ,
            @View_All_Customer INT ,
            @Cust_have_Order INT ,
            @Cust_Sch_OrderNext_Month INT ,
            @Cust_Further_Out INT ,
            @New_Pcs INT ,
            @Deactivated_Pcs INT

          

        SET @PeriodID = ISNULL(@PeriodID,
                               ( SELECT MAX(PERIODID)
                                 FROM   commissions.reference.PERIODS
                                 WHERE  CLOSEDDATE IS NULL
                                        AND STARTDATE <= GETDATE()
                               ))
  
  
        SELECT  @View_All_Customer = COUNT(DISTINCT ab.AccountID)
        FROM    Commissions.calcs.vwPlacementTreePermutated AS v WITH ( NOEXPAND )
                JOIN RFOperations.RFO_Accounts.AccountBase(NOLOCK)  ab ON ab.AccountID = v.AccountID
                JOIN RFOperations.RFO_Accounts.AccountRF (NOLOCK)  rf ON rf.AccountID = ab.AccountID
                JOIN RFOperations.RFO_Accounts.AccountContacts (NOLOCK)  ac ON ac.AccountId = ab.AccountID
        WHERE   1 = 1
                AND rf.Active = 1
                AND ab.AccountTypeID = 2
                AND v.[SponsorID] = @AccountID
                AND v.DirectSponsorID = @AccountID
                AND v.[PeriodID] = @PeriodID
      
				
				
				
        SELECT  @Cust_have_Order = COUNT(DISTINCT ab.AccountID)
        FROM    Commissions.calcs.vwPlacementTreePermutated AS v WITH ( NOEXPAND )
                JOIN RFOperations.RFO_Accounts.AccountBase(NOLOCK)  ab ON ab.AccountID = v.AccountID
                JOIN RFOperations.RFO_Accounts.AccountRF (NOLOCK)  rf ON rf.AccountID = ab.AccountID
                JOIN RFOperations.RFO_Accounts.AccountContacts (NOLOCK)  ac ON ac.AccountId = ab.AccountID
        WHERE   1 = 1
                AND rf.Active = 1
                AND ab.AccountTypeID = 2
                AND v.[SponsorID] = @AccountID
                AND v.DirectSponsorID = @AccountID
                AND v.[PeriodID] = @PeriodID
                AND EXISTS ( SELECT 1
                             FROM   RFOperations.Hybris.orders (NOLOCK)  ro
                             WHERE  ro.AccountID = ab.AccountID
                                    AND ro.OrderTypeID = 9
                                    AND ro.OrderStatusID IN ( 2, 4 )
                                    AND LEFT(CONVERT(NVARCHAR(25), ro.CompletionDate, 112),
                                             6) = @PeriodID )
     
				
        SELECT  @Cust_Sch_OrderNext_Month = COUNT(1)
        FROM    Commissions.calcs.vwPlacementTreePermutated AS v WITH ( NOEXPAND )
                JOIN RFOperations.RFO_Accounts.AccountBase(NOLOCK)  ab ON ab.AccountID = v.AccountID
                JOIN RFOperations.RFO_Accounts.AccountRF (NOLOCK)  rf ON rf.AccountID = ab.AccountID
                JOIN RFOperations.RFO_Accounts.AccountContacts (NOLOCK)  ac ON ac.AccountId = ab.AccountID
        WHERE   1 = 1
                AND rf.Active = 1
                AND ab.AccountTypeID = 2
                AND v.[SponsorID] = @AccountID
                AND v.DirectSponsorID = @AccountID
                AND v.[PeriodID] = @PeriodID
                AND EXISTS ( SELECT 1
                             FROM   RFOperations.Hybris.Autoship(NOLOCK)  AU
                             WHERE  AU.AccountID = ab.AccountID
                                    AND AU.AutoshipTypeID = 1
                                    AND AU.Active = 1
                                    AND LEFT(CONVERT(NVARCHAR(25), DATEADD(MONTH,
                                                              -1,
                                                              Au.NextRunDate), 112),
                                             6) = @PeriodID )			
				 


        SELECT  @Cust_Further_Out = COUNT(1)
        FROM    Commissions.calcs.vwPlacementTreePermutated AS v WITH ( NOEXPAND )
                JOIN RFOperations.RFO_Accounts.AccountBase(NOLOCK)  ab ON ab.AccountID = v.AccountID
                JOIN RFOperations.RFO_Accounts.AccountRF (NOLOCK)  rf ON rf.AccountID = ab.AccountID
                JOIN RFOperations.RFO_Accounts.AccountContacts (NOLOCK)  ac ON ac.AccountId = ab.AccountID
        WHERE   1 = 1
                AND rf.Active = 1
                AND ab.AccountTypeID = 2
                AND v.[SponsorID] = @AccountID
                AND v.DirectSponsorID = @AccountID
                AND v.[PeriodID] = @PeriodID
                AND EXISTS ( SELECT 1
                             FROM   RFOperations.Hybris.Autoship(NOLOCK)  AU
                             WHERE  AU.AccountID = ab.AccountID
                                    AND AU.AutoshipTypeID = 1
                                    AND AU.Active = 1
                                    AND LEFT(CONVERT(NVARCHAR(25), DATEADD(MONTH,
                                                              -1,
                                                              Au.NextRunDate), 112),
                                             6) > @PeriodID )			
		
		
	
        SELECT  @Deactivated_Pcs = COUNT(1)
        FROM    Commissions.calcs.vwPlacementTreePermutated AS v WITH ( NOEXPAND )
                JOIN RFOperations.RFO_Accounts.AccountBase(NOLOCK)  ab ON ab.AccountID = v.AccountID
                JOIN RFOperations.RFO_Accounts.AccountRF (NOLOCK)  rf ON rf.AccountID = ab.AccountID
                JOIN RFOperations.RFO_Accounts.AccountContacts (NOLOCK)  ac ON ac.AccountId = ab.AccountID
        WHERE   1 = 1
                AND rf.Active = 0
                AND ab.AccountTypeID = 2
                AND v.[SponsorID] = @AccountID
                AND v.DirectSponsorID = @AccountID
                AND v.[PeriodID] = @PeriodID
                AND  rf.SoftTerminationDate > DATEADD( DAY,-60,GETDATE())



        SELECT  @New_Pcs = COUNT(1)
        FROM    commissions.calcs.vwPlacementTreePermutated AS v WITH ( NOEXPAND )
                JOIN RFOperations.RFO_Accounts.AccountBase(NOLOCK)  ab ON ab.AccountID = v.AccountID
                JOIN RFOperations.RFO_Accounts.AccountRF (NOLOCK)  rf ON rf.AccountID = ab.AccountID
                JOIN RFOperations.RFO_Accounts.AccountContacts (NOLOCK)  ac ON ac.AccountId = ab.AccountID
        WHERE   1 = 1
                AND rf.Active = 1
                AND ab.AccountTypeID = 2
                AND v.[SponsorID] = @AccountID
                AND v.DirectSponsorID = @AccountID
                AND v.[PeriodID] = @PeriodID
                AND rf.EnrollmentDate > DATEADD( DAY,-60,GETDATE())
				
        SELECT  @AccountID [AccountID] ,
                @View_All_Customer [TotalPCCustomersUnderLevel1] ,
                @Cust_have_Order [CustomersHaveOrdersThisMonth] ,
                @Cust_Sch_OrderNext_Month [CustomersHaveOrdersNextMonth] ,
                @Cust_Further_Out [CustomersHaveOrdersFurtherOut] ,
                @New_Pcs [NewPcs] ,
                @Deactivated_Pcs [DeActivatedPC] ,
                @PeriodID [Period]
				


[INFO ] 2018-03-19 12:28:07.553 [main] RFLSDWebsiteBaseTest - Data returned by query: 133
[INFO ] 2018-03-19 12:28:07.564 [main] RFWebsiteDriver - Waiting for spin image to get disappear0
[INFO ] 2018-03-19 12:28:07.573 [main] RFWebsiteDriver - spin image disappears
[INFO ] 2018-03-19 12:28:11.573 [main] RFWebsiteDriver - waiting for locator By.xpath: //h1[contains(text(),'All Customers')]//preceding::span[1]
[INFO ] 2018-03-19 12:28:11.614 [main] RFWebsiteDriver - Element found
[INFO ] 2018-03-19 12:28:11.647 [main] RFWebsiteDriver - TEXT fetched for count of all PC customer for this month and next month is=19
[INFO ] 2018-03-19 12:28:11.652 [main] SoftAssert - VERIFICATION FAILED: Expected count of PC users are 133 actual on UI are 19 expected [true] but found [false]
[INFO ] 2018-03-19 12:28:11.652 [main] SoftAssert - Expected: true
[INFO ] 2018-03-19 12:28:11.652 [main] SoftAssert - Actual: false
[INFO ] 2018-03-19 12:28:11.652 [main] RFWebsiteDriver - Taking Screenshot
[INFO ] 2018-03-19 12:28:12.088 [main] SoftAssert - Snapshot Path :<a href='C:\Users\bpkotamahanti\Bindu\Automation\qa-automation\output\Screenshots\TotalNumberOfAllPCs_3349q\Expected count of PC users are 133 actual on UI are 19 expected [true] but found [false].png'>C:\Users\bpkotamahanti\Bindu\Automation\qa-automation\output\Screenshots\TotalNumberOfAllPCs_3349q\Expected count of PC users are 133 actual on UI are 19 expected [true] but found [false].png</a>

[INFO ] 2018-03-19 12:28:12.088 [main] TestListner - [TEST HAS FAILED-------- Test case TotalNumberOfAllPCs_3349q has failed] due to reason:-<br>  java.lang.AssertionError: 1.Expected count of PC users are 133 actual on UI are 19

[INFO ] 2018-03-19 12:28:12.122 [main] RFWebsiteDriver - URL opened is https://skywalker.rodanandfields.com
[INFO ] 2018-03-19 12:28:12.667 [main] RFWebsiteDriver - Waiting for LSD loading image to get disappear
[INFO ] 2018-03-19 12:28:12.793 [main] RFWebsiteDriver - LSD Animation image disappears
[INFO ] 2018-03-19 12:28:12.793 [main] RFWebsiteDriver - waiting for locator By.id: button-login
[INFO ] 2018-03-19 12:28:18.194 [main] RFWebsiteDriver - waiting for locator By.xpath: //div[text()='Hello,']/following-sibling::div[contains(@class,'text-uppercase')]
[INFO ] 2018-03-19 12:28:18.203 [main] RFWebsiteDriver - Element found
[INFO ] 2018-03-19 12:28:18.213 [main] RFWebsiteDriver - waiting for locator By.xpath: //div[text()='Hello,']/following-sibling::div[contains(@class,'text-uppercase')]
[INFO ] 2018-03-19 12:28:18.223 [main] RFWebsiteDriver - Element found
[INFO ] 2018-03-19 12:28:18.259 [main] RFWebsiteDriver - TEXT fetched for First name in overview section is=SARAH
[INFO ] 2018-03-19 12:28:18.259 [main] RFLSDWebsiteBaseTest - Data returned by query: null
[INFO ] 2018-03-19 12:28:18.264 [main] RFWebsiteDriver - wait started for By.xpath: //div[@id='rf-nav-wrapper']/descendant::img[2]
[INFO ] 2018-03-19 12:28:18.264 [main] RFWebsiteDriver - waiting for locator By.xpath: //div[@id='rf-nav-wrapper']/descendant::img[2]
[INFO ] 2018-03-19 12:28:18.283 [main] RFWebsiteDriver - Element found
[INFO ] 2018-03-19 12:28:18.284 [main] RFWebsiteDriver - R+F logo ready to be clicked
[INFO ] 2018-03-19 12:28:18.354 [main] RFWebsiteDriver - CLICKED on R+F logo
[INFO ] 2018-03-19 12:28:18.356 [main] TestListner - 
******************************************************************************************************************************
					TEST CASE NAME:                  testPCCardComponents_3240q
******************************************************************************************************************************
[INFO ] 2018-03-19 12:28:18.360 [main] RFWebsiteDriver - wait started for By.xpath: //div[@id='rf-nav-wrapper']/descendant::span[text()='Pulse'][1]
[INFO ] 2018-03-19 12:28:18.360 [main] RFWebsiteDriver - waiting for locator By.xpath: //div[@id='rf-nav-wrapper']/descendant::span[text()='Pulse'][1]
[INFO ] 2018-03-19 12:28:18.388 [main] RFWebsiteDriver - Element found
[INFO ] 2018-03-19 12:28:18.389 [main] RFWebsiteDriver -  ready to be clicked
[INFO ] 2018-03-19 12:28:18.475 [main] RFWebsiteDriver - CLICKED on 
[INFO ] 2018-03-19 12:28:18.475 [main] LSDHomePage - Clicked on Pulse Submenu from Top Navigation
[INFO ] 2018-03-19 12:28:18.526 [main] RFWebsiteDriver - wait started for By.xpath: //a[contains(text(),'Customers')]
[INFO ] 2018-03-19 12:28:18.526 [main] RFWebsiteDriver - waiting for locator By.xpath: //a[contains(text(),'Customers')]
[INFO ] 2018-03-19 12:28:18.534 [main] RFWebsiteDriver - Element found
[INFO ] 2018-03-19 12:28:18.534 [main] RFWebsiteDriver -  ready to be clicked
[INFO ] 2018-03-19 12:28:18.603 [main] RFWebsiteDriver - CLICKED on 
[INFO ] 2018-03-19 12:28:18.603 [main] LSDHomePage - SubMenu Link : Customers clicked
[INFO ] 2018-03-19 12:28:18.662 [main] RFWebsiteDriver - Waiting for spin image to get disappear1
[INFO ] 2018-03-19 12:28:19.675 [main] RFWebsiteDriver - waiting..
[INFO ] 2018-03-19 12:28:19.731 [main] RFWebsiteDriver - spin image disappears
[INFO ] 2018-03-19 12:28:32.732 [main] RFWebsiteDriver - wait started for By.xpath: //div[contains(@class,'white-fb')]/descendant::a[1]/descendant::span[1]
[INFO ] 2018-03-19 12:28:32.732 [main] RFWebsiteDriver - waiting for locator By.xpath: //div[contains(@class,'white-fb')]/descendant::a[1]/descendant::span[1]
[INFO ] 2018-03-19 12:28:32.749 [main] RFWebsiteDriver - Element found
[INFO ] 2018-03-19 12:28:32.749 [main] RFWebsiteDriver - have orders for this month ready to be clicked
[INFO ] 2018-03-19 12:28:32.828 [main] RFWebsiteDriver - CLICKED on have orders for this month
[INFO ] 2018-03-19 12:28:43.248 [main] RFWebsiteDriver - wait started for By.xpath: //div[@id='sub-stage']/descendant::a[1]/descendant::span[1]
[INFO ] 2018-03-19 12:28:43.248 [main] RFWebsiteDriver - waiting for locator By.xpath: //div[@id='sub-stage']/descendant::a[1]/descendant::span[1]
[INFO ] 2018-03-19 12:28:43.263 [main] RFWebsiteDriver - Element found
[INFO ] 2018-03-19 12:28:43.298 [main] RFWebsiteDriver - wait started for By.xpath: //div[@id='sub-stage']/descendant::a[1]/descendant::span[2]
[INFO ] 2018-03-19 12:28:43.298 [main] RFWebsiteDriver - waiting for locator By.xpath: //div[@id='sub-stage']/descendant::a[1]/descendant::span[2]
[INFO ] 2018-03-19 12:28:43.313 [main] RFWebsiteDriver - Element found
[INFO ] 2018-03-19 12:28:43.346 [main] RFWebsiteDriver - wait started for By.xpath: //div[@id='sub-stage']/descendant::a[1]/descendant::span[3]
[INFO ] 2018-03-19 12:28:43.346 [main] RFWebsiteDriver - waiting for locator By.xpath: //div[@id='sub-stage']/descendant::a[1]/descendant::span[3]
[INFO ] 2018-03-19 12:28:43.365 [main] RFWebsiteDriver - Element found
[INFO ] 2018-03-19 12:28:43.407 [main] RFWebsiteDriver - wait started for By.xpath: //div[@id='sub-stage']/descendant::a[1]/descendant::span[4]
[INFO ] 2018-03-19 12:28:43.407 [main] RFWebsiteDriver - waiting for locator By.xpath: //div[@id='sub-stage']/descendant::a[1]/descendant::span[4]
[INFO ] 2018-03-19 12:28:43.427 [main] RFWebsiteDriver - Element found
[INFO ] 2018-03-19 12:28:43.468 [main] RFWebsiteDriver - wait started for By.xpath: //div[@id='sub-stage']/descendant::a[1]/descendant::span[5]
[INFO ] 2018-03-19 12:28:43.468 [main] RFWebsiteDriver - waiting for locator By.xpath: //div[@id='sub-stage']/descendant::a[1]/descendant::span[5]
[INFO ] 2018-03-19 12:28:43.485 [main] RFWebsiteDriver - Element found
[INFO ] 2018-03-19 12:28:43.522 [main] RFWebsiteDriver - wait started for By.xpath: //div[@id='sub-stage']/descendant::a[1]/descendant::span[6]
[INFO ] 2018-03-19 12:28:43.522 [main] RFWebsiteDriver - waiting for locator By.xpath: //div[@id='sub-stage']/descendant::a[1]/descendant::span[6]
[INFO ] 2018-03-19 12:28:43.544 [main] RFWebsiteDriver - Element found
[INFO ] 2018-03-19 12:28:43.587 [main] RFWebsiteDriver - waiting for locator By.xpath: //div[@id='sub-stage']/descendant::section[contains(@id,'pc-card')][1]//span[contains(@class,'icon-contact')]
[INFO ] 2018-03-19 12:28:43.625 [main] RFWebsiteDriver - Element found
[INFO ] 2018-03-19 12:28:43.638 [main] RFWebsiteDriver - wait started for By.xpath: //div[@id='sub-stage']/descendant::section[contains(@id,'pc-card')][1]//div[contains(@class,'rf-circle-bg-active')]
[INFO ] 2018-03-19 12:28:43.638 [main] RFWebsiteDriver - waiting for locator By.xpath: //div[@id='sub-stage']/descendant::section[contains(@id,'pc-card')][1]//div[contains(@class,'rf-circle-bg-active')]
[INFO ] 2018-03-19 12:28:43.657 [main] RFWebsiteDriver - Element found
[INFO ] 2018-03-19 12:28:43.699 [main] TestListner - [TEST IS SUCCESSFUL -------- Test case testPCCardComponents_3240q has passed]
[INFO ] 2018-03-19 12:28:43.706 [main] RFWebsiteDriver - URL opened is https://skywalker.rodanandfields.com
[INFO ] 2018-03-19 12:28:44.291 [main] RFWebsiteDriver - Waiting for LSD loading image to get disappear
[INFO ] 2018-03-19 12:28:44.328 [main] RFWebsiteDriver - LSD Animation image disappears
[INFO ] 2018-03-19 12:28:44.328 [main] RFWebsiteDriver - waiting for locator By.id: button-login
[INFO ] 2018-03-19 12:28:49.669 [main] RFWebsiteDriver - waiting for locator By.xpath: //div[text()='Hello,']/following-sibling::div[contains(@class,'text-uppercase')]
[INFO ] 2018-03-19 12:28:49.679 [main] RFWebsiteDriver - Element found
[INFO ] 2018-03-19 12:28:49.687 [main] RFWebsiteDriver - waiting for locator By.xpath: //div[text()='Hello,']/following-sibling::div[contains(@class,'text-uppercase')]
[INFO ] 2018-03-19 12:28:49.695 [main] RFWebsiteDriver - Element found
[INFO ] 2018-03-19 12:28:49.730 [main] RFWebsiteDriver - TEXT fetched for First name in overview section is=SARAH
[INFO ] 2018-03-19 12:28:49.730 [main] RFLSDWebsiteBaseTest - Data returned by query: null
[INFO ] 2018-03-19 12:28:49.735 [main] RFWebsiteDriver - wait started for By.xpath: //div[@id='rf-nav-wrapper']/descendant::img[2]
[INFO ] 2018-03-19 12:28:49.735 [main] RFWebsiteDriver - waiting for locator By.xpath: //div[@id='rf-nav-wrapper']/descendant::img[2]
[INFO ] 2018-03-19 12:28:49.753 [main] RFWebsiteDriver - Element found
[INFO ] 2018-03-19 12:28:49.753 [main] RFWebsiteDriver - R+F logo ready to be clicked
[INFO ] 2018-03-19 12:28:49.814 [main] RFWebsiteDriver - CLICKED on R+F logo
[INFO ] 2018-03-19 12:28:49.816 [main] TestListner - 
******************************************************************************************************************************
					TEST CASE NAME:                  testSortingByQVLowToHigh_3011q
******************************************************************************************************************************
[INFO ] 2018-03-19 12:28:49.820 [main] RFWebsiteDriver - wait started for By.xpath: //div[@id='rf-nav-wrapper']/descendant::span[text()='Pulse'][1]
[INFO ] 2018-03-19 12:28:49.820 [main] RFWebsiteDriver - waiting for locator By.xpath: //div[@id='rf-nav-wrapper']/descendant::span[text()='Pulse'][1]
[INFO ] 2018-03-19 12:28:49.842 [main] RFWebsiteDriver - Element found
[INFO ] 2018-03-19 12:28:49.842 [main] RFWebsiteDriver -  ready to be clicked
[INFO ] 2018-03-19 12:28:49.922 [main] RFWebsiteDriver - CLICKED on 
[INFO ] 2018-03-19 12:28:49.922 [main] LSDHomePage - Clicked on Pulse Submenu from Top Navigation
[INFO ] 2018-03-19 12:28:49.967 [main] RFWebsiteDriver - wait started for By.xpath: //a[contains(text(),'Customers')]
[INFO ] 2018-03-19 12:28:49.967 [main] RFWebsiteDriver - waiting for locator By.xpath: //a[contains(text(),'Customers')]
[INFO ] 2018-03-19 12:28:49.975 [main] RFWebsiteDriver - Element found
[INFO ] 2018-03-19 12:28:49.975 [main] RFWebsiteDriver -  ready to be clicked
[INFO ] 2018-03-19 12:28:50.049 [main] RFWebsiteDriver - CLICKED on 
[INFO ] 2018-03-19 12:28:50.049 [main] LSDHomePage - SubMenu Link : Customers clicked
[INFO ] 2018-03-19 12:28:50.097 [main] RFWebsiteDriver - Waiting for spin image to get disappear1
[INFO ] 2018-03-19 12:28:51.112 [main] RFWebsiteDriver - waiting..
[INFO ] 2018-03-19 12:28:52.156 [main] RFWebsiteDriver - waiting..
[INFO ] 2018-03-19 12:28:52.174 [main] RFWebsiteDriver - spin image disappears
[INFO ] 2018-03-19 12:28:56.215 [main] RFWebsiteDriver - Waiting for spin image to get disappear0
[INFO ] 2018-03-19 12:28:56.230 [main] RFWebsiteDriver - spin image disappears
[INFO ] 2018-03-19 12:28:56.230 [main] RFWebsiteDriver - waiting for locator By.xpath: //div[contains(@class,'white-fb')]/descendant::a[1]/descendant::span[2]
[INFO ] 2018-03-19 12:28:56.248 [main] RFWebsiteDriver - Element found
[INFO ] 2018-03-19 12:28:56.281 [main] RFWebsiteDriver - TEXT fetched for count of pc autoship orders for this month is=12
[INFO ] 2018-03-19 12:28:56.290 [main] RFWebsiteDriver - Waiting for spin image to get disappear0
[INFO ] 2018-03-19 12:28:56.298 [main] RFWebsiteDriver - spin image disappears
[INFO ] 2018-03-19 12:28:56.299 [main] RFWebsiteDriver - waiting for locator By.xpath: //div[contains(@class,'white-fb')]/descendant::a[2]/descendant::span[2]
[INFO ] 2018-03-19 12:28:56.315 [main] RFWebsiteDriver - Element found
[INFO ] 2018-03-19 12:28:56.346 [main] RFWebsiteDriver - TEXT fetched for count of pc autoship orders for next month is=7
[INFO ] 2018-03-19 12:28:56.353 [main] RFWebsiteDriver - Waiting for spin image to get disappear0
[INFO ] 2018-03-19 12:28:56.362 [main] RFWebsiteDriver - spin image disappears
[INFO ] 2018-03-19 12:28:56.362 [main] RFWebsiteDriver - waiting for locator By.xpath: //div[contains(@class,'white-fb')]/descendant::a[3]/descendant::span[2]
[INFO ] 2018-03-19 12:28:56.376 [main] RFWebsiteDriver - Element found
[INFO ] 2018-03-19 12:28:56.409 [main] RFWebsiteDriver - TEXT fetched for count of pc autoship orders for further out is=0
[INFO ] 2018-03-19 12:29:05.410 [main] RFWebsiteDriver - wait started for By.xpath: //div[contains(@class,'white-fb')]/descendant::a[1]/descendant::span[1]
[INFO ] 2018-03-19 12:29:05.410 [main] RFWebsiteDriver - waiting for locator By.xpath: //div[contains(@class,'white-fb')]/descendant::a[1]/descendant::span[1]
[INFO ] 2018-03-19 12:29:05.429 [main] RFWebsiteDriver - Element found
[INFO ] 2018-03-19 12:29:05.429 [main] RFWebsiteDriver - have orders for this month ready to be clicked
[INFO ] 2018-03-19 12:29:05.492 [main] RFWebsiteDriver - CLICKED on have orders for this month
[INFO ] 2018-03-19 12:29:15.940 [main] RFWebsiteDriver - wait started for By.xpath: //span[contains(text(),'Sorted by')]
[INFO ] 2018-03-19 12:29:15.940 [main] RFWebsiteDriver - waiting for locator By.xpath: //span[contains(text(),'Sorted by')]
[INFO ] 2018-03-19 12:29:15.960 [main] RFWebsiteDriver - Element found
[INFO ] 2018-03-19 12:29:15.960 [main] RFWebsiteDriver - filter ready to be clicked
[INFO ] 2018-03-19 12:29:16.020 [main] RFWebsiteDriver - CLICKED on filter
[INFO ] 2018-03-19 12:29:16.021 [main] RFWebsiteDriver - wait started for By.xpath: //span[contains(text(),'QV: Low to High')]
[INFO ] 2018-03-19 12:29:16.021 [main] RFWebsiteDriver - waiting for locator By.xpath: //span[contains(text(),'QV: Low to High')]
[INFO ] 2018-03-19 12:29:16.072 [main] RFWebsiteDriver - Element found
[INFO ] 2018-03-19 12:29:16.072 [main] RFWebsiteDriver - filter selected ready to be clicked
[INFO ] 2018-03-19 12:29:16.190 [main] RFWebsiteDriver - CLICKED on filter selected
[INFO ] 2018-03-19 12:29:16.469 [main] RFWebsiteDriver - Waiting For Page load via JS
[INFO ] 2018-03-19 12:29:16.502 [main] RFWebsiteDriver - page load complete..
[INFO ] 2018-03-19 12:29:16.525 [main] RFWebsiteDriver - Waiting for spin image to get disappear0
[INFO ] 2018-03-19 12:29:16.548 [main] RFWebsiteDriver - spin image disappears
[INFO ] 2018-03-19 12:29:16.548 [main] RFWebsiteDriver - wait started for By.xpath: //div[contains(@class,'white-fb')]/descendant::a[2]/descendant::span[1]
[INFO ] 2018-03-19 12:29:16.548 [main] RFWebsiteDriver - waiting for locator By.xpath: //div[contains(@class,'white-fb')]/descendant::a[2]/descendant::span[1]
[INFO ] 2018-03-19 12:29:17.084 [main] RFWebsiteDriver - Element found
[INFO ] 2018-03-19 12:29:17.084 [main] RFWebsiteDriver - have orders for this month ready to be clicked
[INFO ] 2018-03-19 12:29:17.186 [main] RFWebsiteDriver - CLICKED on have orders for this month
[INFO ] 2018-03-19 12:29:17.186 [main] RFWebsiteDriver - Waiting for LSD loading image to get disappear
[INFO ] 2018-03-19 12:29:18.208 [main] RFWebsiteDriver - waiting..
[INFO ] 2018-03-19 12:29:19.227 [main] RFWebsiteDriver - waiting..
[INFO ] 2018-03-19 12:29:20.243 [main] RFWebsiteDriver - waiting..
[INFO ] 2018-03-19 12:29:21.260 [main] RFWebsiteDriver - waiting..
[INFO ] 2018-03-19 12:29:22.270 [main] RFWebsiteDriver - waiting..
[INFO ] 2018-03-19 12:29:23.296 [main] RFWebsiteDriver - waiting..
[INFO ] 2018-03-19 12:29:24.313 [main] RFWebsiteDriver - waiting..
[INFO ] 2018-03-19 12:29:25.333 [main] RFWebsiteDriver - waiting..
[INFO ] 2018-03-19 12:29:26.343 [main] RFWebsiteDriver - waiting..
[INFO ] 2018-03-19 12:29:27.378 [main] RFWebsiteDriver - waiting..
[INFO ] 2018-03-19 12:29:28.388 [main] RFWebsiteDriver - waiting..
[INFO ] 2018-03-19 12:29:29.402 [main] RFWebsiteDriver - waiting..
[INFO ] 2018-03-19 12:29:30.444 [main] RFWebsiteDriver - waiting..
[INFO ] 2018-03-19 12:29:31.458 [main] RFWebsiteDriver - waiting..
[INFO ] 2018-03-19 12:29:32.481 [main] RFWebsiteDriver - waiting..
[INFO ] 2018-03-19 12:29:33.497 [main] RFWebsiteDriver - waiting..
[INFO ] 2018-03-19 12:29:34.509 [main] RFWebsiteDriver - waiting..
[INFO ] 2018-03-19 12:29:35.526 [main] RFWebsiteDriver - waiting..
[INFO ] 2018-03-19 12:29:36.545 [main] RFWebsiteDriver - waiting..
[INFO ] 2018-03-19 12:29:37.559 [main] RFWebsiteDriver - waiting..
[INFO ] 2018-03-19 12:29:37.560 [main] RFWebsiteDriver - wait started for By.xpath: //span[contains(text(),'Sorted by')]
[INFO ] 2018-03-19 12:29:37.560 [main] RFWebsiteDriver - waiting for locator By.xpath: //span[contains(text(),'Sorted by')]
[INFO ] 2018-03-19 12:29:37.603 [main] RFWebsiteDriver - Element found
[INFO ] 2018-03-19 12:29:37.603 [main] RFWebsiteDriver - filter ready to be clicked
[INFO ] 2018-03-19 12:29:37.672 [main] RFWebsiteDriver - CLICKED on filter
[INFO ] 2018-03-19 12:29:37.672 [main] RFWebsiteDriver - wait started for By.xpath: //span[contains(text(),'QV: Low to High')]
[INFO ] 2018-03-19 12:29:37.672 [main] RFWebsiteDriver - waiting for locator By.xpath: //span[contains(text(),'QV: Low to High')]
[INFO ] 2018-03-19 12:29:37.694 [main] RFWebsiteDriver - Element found
[INFO ] 2018-03-19 12:29:37.694 [main] RFWebsiteDriver - filter selected ready to be clicked
[INFO ] 2018-03-19 12:29:37.772 [main] RFWebsiteDriver - CLICKED on filter selected
[INFO ] 2018-03-19 12:29:38.235 [main] RFWebsiteDriver - Waiting For Page load via JS
[INFO ] 2018-03-19 12:29:38.257 [main] RFWebsiteDriver - page load complete..
[INFO ] 2018-03-19 12:29:38.258 [main] TestListner - [TEST IS SUCCESSFUL -------- Test case testSortingByQVLowToHigh_3011q has passed]
[INFO ] 2018-03-19 12:29:38.264 [main] RFWebsiteDriver - URL opened is https://skywalker.rodanandfields.com
[INFO ] 2018-03-19 12:29:38.817 [main] RFWebsiteDriver - Waiting for LSD loading image to get disappear
[INFO ] 2018-03-19 12:29:39.070 [main] RFWebsiteDriver - LSD Animation image disappears
[INFO ] 2018-03-19 12:29:39.071 [main] RFWebsiteDriver - waiting for locator By.id: button-login
[INFO ] 2018-03-19 12:29:44.380 [main] RFWebsiteDriver - waiting for locator By.xpath: //div[text()='Hello,']/following-sibling::div[contains(@class,'text-uppercase')]
[INFO ] 2018-03-19 12:29:44.388 [main] RFWebsiteDriver - Element found
[INFO ] 2018-03-19 12:29:44.406 [main] RFWebsiteDriver - waiting for locator By.xpath: //div[text()='Hello,']/following-sibling::div[contains(@class,'text-uppercase')]
[INFO ] 2018-03-19 12:29:44.421 [main] RFWebsiteDriver - Element found
[INFO ] 2018-03-19 12:29:44.461 [main] RFWebsiteDriver - TEXT fetched for First name in overview section is=SARAH
[INFO ] 2018-03-19 12:29:44.461 [main] RFLSDWebsiteBaseTest - Data returned by query: null
[INFO ] 2018-03-19 12:29:44.466 [main] RFWebsiteDriver - wait started for By.xpath: //div[@id='rf-nav-wrapper']/descendant::img[2]
[INFO ] 2018-03-19 12:29:44.466 [main] RFWebsiteDriver - waiting for locator By.xpath: //div[@id='rf-nav-wrapper']/descendant::img[2]
[INFO ] 2018-03-19 12:29:44.488 [main] RFWebsiteDriver - Element found
[INFO ] 2018-03-19 12:29:44.489 [main] RFWebsiteDriver - R+F logo ready to be clicked
[INFO ] 2018-03-19 12:29:44.559 [main] RFWebsiteDriver - CLICKED on R+F logo
[INFO ] 2018-03-19 12:29:44.561 [main] TestListner - 
******************************************************************************************************************************
					TEST CASE NAME:                  testSortingMenuForNextMonth_2999q
******************************************************************************************************************************
[INFO ] 2018-03-19 12:29:44.564 [main] RFWebsiteDriver - wait started for By.xpath: //div[@id='rf-nav-wrapper']/descendant::span[text()='Pulse'][1]
[INFO ] 2018-03-19 12:29:44.565 [main] RFWebsiteDriver - waiting for locator By.xpath: //div[@id='rf-nav-wrapper']/descendant::span[text()='Pulse'][1]
[INFO ] 2018-03-19 12:29:44.587 [main] RFWebsiteDriver - Element found
[INFO ] 2018-03-19 12:29:44.587 [main] RFWebsiteDriver -  ready to be clicked
[INFO ] 2018-03-19 12:29:44.651 [main] RFWebsiteDriver - CLICKED on 
[INFO ] 2018-03-19 12:29:44.651 [main] LSDHomePage - Clicked on Pulse Submenu from Top Navigation
[INFO ] 2018-03-19 12:29:44.700 [main] RFWebsiteDriver - wait started for By.xpath: //a[contains(text(),'Customers')]
[INFO ] 2018-03-19 12:29:44.700 [main] RFWebsiteDriver - waiting for locator By.xpath: //a[contains(text(),'Customers')]
[INFO ] 2018-03-19 12:29:44.709 [main] RFWebsiteDriver - Element found
[INFO ] 2018-03-19 12:29:44.709 [main] RFWebsiteDriver -  ready to be clicked
[INFO ] 2018-03-19 12:29:44.780 [main] RFWebsiteDriver - CLICKED on 
[INFO ] 2018-03-19 12:29:44.780 [main] LSDHomePage - SubMenu Link : Customers clicked
[INFO ] 2018-03-19 12:29:44.849 [main] RFWebsiteDriver - Waiting for spin image to get disappear1
[INFO ] 2018-03-19 12:29:45.867 [main] RFWebsiteDriver - waiting..
[INFO ] 2018-03-19 12:29:45.887 [main] RFWebsiteDriver - spin image disappears
[INFO ] 2018-03-19 12:29:49.907 [main] RFWebsiteDriver - Waiting for spin image to get disappear0
[INFO ] 2018-03-19 12:29:49.929 [main] RFWebsiteDriver - spin image disappears
[INFO ] 2018-03-19 12:29:49.929 [main] RFWebsiteDriver - wait started for By.xpath: //div[contains(@class,'white-fb')]/descendant::a[2]/descendant::span[1]
[INFO ] 2018-03-19 12:29:49.929 [main] RFWebsiteDriver - waiting for locator By.xpath: //div[contains(@class,'white-fb')]/descendant::a[2]/descendant::span[1]
[INFO ] 2018-03-19 12:29:49.937 [main] RFWebsiteDriver - Element found
[INFO ] 2018-03-19 12:29:49.937 [main] RFWebsiteDriver - have orders for this month ready to be clicked
[INFO ] 2018-03-19 12:29:49.998 [main] RFWebsiteDriver - CLICKED on have orders for this month
[INFO ] 2018-03-19 12:29:49.998 [main] RFWebsiteDriver - Waiting for LSD loading image to get disappear
[INFO ] 2018-03-19 12:29:51.070 [main] RFWebsiteDriver - waiting..
[INFO ] 2018-03-19 12:29:52.078 [main] RFWebsiteDriver - waiting..
[INFO ] 2018-03-19 12:29:53.103 [main] RFWebsiteDriver - waiting..
[INFO ] 2018-03-19 12:29:54.154 [main] RFWebsiteDriver - waiting..
[INFO ] 2018-03-19 12:29:55.168 [main] RFWebsiteDriver - waiting..
[INFO ] 2018-03-19 12:29:56.198 [main] RFWebsiteDriver - waiting..
[INFO ] 2018-03-19 12:29:57.208 [main] RFWebsiteDriver - waiting..
[INFO ] 2018-03-19 12:29:58.218 [main] RFWebsiteDriver - waiting..
[INFO ] 2018-03-19 12:29:59.237 [main] RFWebsiteDriver - waiting..
[INFO ] 2018-03-19 12:30:00.248 [main] RFWebsiteDriver - waiting..
[INFO ] 2018-03-19 12:30:01.260 [main] RFWebsiteDriver - waiting..
[INFO ] 2018-03-19 12:30:02.290 [main] RFWebsiteDriver - waiting..
[INFO ] 2018-03-19 12:30:03.314 [main] RFWebsiteDriver - waiting..
[INFO ] 2018-03-19 12:30:04.324 [main] RFWebsiteDriver - waiting..
[INFO ] 2018-03-19 12:30:05.348 [main] RFWebsiteDriver - waiting..
[INFO ] 2018-03-19 12:30:06.363 [main] RFWebsiteDriver - waiting..
[INFO ] 2018-03-19 12:30:07.392 [main] RFWebsiteDriver - waiting..
[INFO ] 2018-03-19 12:30:08.405 [main] RFWebsiteDriver - waiting..
[INFO ] 2018-03-19 12:30:09.422 [main] RFWebsiteDriver - waiting..
[INFO ] 2018-03-19 12:30:10.432 [main] RFWebsiteDriver - waiting..
[INFO ] 2018-03-19 12:30:10.445 [main] RFWebsiteDriver - current URL is https://skywalker.rodanandfields.com/#/pcs/will-order
[INFO ] 2018-03-19 12:30:10.445 [main] RFWebsiteDriver - wait started for By.xpath: //span[contains(text(),'Sorted by')]
[INFO ] 2018-03-19 12:30:10.445 [main] RFWebsiteDriver - waiting for locator By.xpath: //span[contains(text(),'Sorted by')]
[INFO ] 2018-03-19 12:30:10.460 [main] RFWebsiteDriver - Element found
[INFO ] 2018-03-19 12:30:10.460 [main] RFWebsiteDriver - filter ready to be clicked
[INFO ] 2018-03-19 12:30:10.517 [main] RFWebsiteDriver - CLICKED on filter
[INFO ] 2018-03-19 12:30:11.037 [main] TestListner - [TEST IS SUCCESSFUL -------- Test case testSortingMenuForNextMonth_2999q has passed]
[INFO ] 2018-03-19 12:30:11.043 [main] RFWebsiteDriver - URL opened is https://skywalker.rodanandfields.com
[INFO ] 2018-03-19 12:30:11.507 [main] RFWebsiteDriver - Waiting for LSD loading image to get disappear
[INFO ] 2018-03-19 12:30:11.719 [main] RFWebsiteDriver - LSD Animation image disappears
[INFO ] 2018-03-19 12:30:11.719 [main] RFWebsiteDriver - waiting for locator By.id: button-login
[INFO ] 2018-03-19 12:30:17.034 [main] RFWebsiteDriver - waiting for locator By.xpath: //div[text()='Hello,']/following-sibling::div[contains(@class,'text-uppercase')]
[INFO ] 2018-03-19 12:30:17.042 [main] RFWebsiteDriver - Element found
[INFO ] 2018-03-19 12:30:17.052 [main] RFWebsiteDriver - waiting for locator By.xpath: //div[text()='Hello,']/following-sibling::div[contains(@class,'text-uppercase')]
[INFO ] 2018-03-19 12:30:17.061 [main] RFWebsiteDriver - Element found
[INFO ] 2018-03-19 12:30:17.098 [main] RFWebsiteDriver - TEXT fetched for First name in overview section is=SARAH
[INFO ] 2018-03-19 12:30:17.098 [main] RFLSDWebsiteBaseTest - Data returned by query: null
[INFO ] 2018-03-19 12:30:17.103 [main] RFWebsiteDriver - wait started for By.xpath: //div[@id='rf-nav-wrapper']/descendant::img[2]
[INFO ] 2018-03-19 12:30:17.103 [main] RFWebsiteDriver - waiting for locator By.xpath: //div[@id='rf-nav-wrapper']/descendant::img[2]
[INFO ] 2018-03-19 12:30:17.119 [main] RFWebsiteDriver - Element found
[INFO ] 2018-03-19 12:30:17.119 [main] RFWebsiteDriver - R+F logo ready to be clicked
[INFO ] 2018-03-19 12:30:17.191 [main] RFWebsiteDriver - CLICKED on R+F logo
[INFO ] 2018-03-19 12:30:17.193 [main] TestListner - 
******************************************************************************************************************************
					TEST CASE NAME:                  testSortingMenuForThisMonth_3000q
******************************************************************************************************************************
[INFO ] 2018-03-19 12:30:17.195 [main] RFWebsiteDriver - wait started for By.xpath: //div[@id='rf-nav-wrapper']/descendant::span[text()='Pulse'][1]
[INFO ] 2018-03-19 12:30:17.196 [main] RFWebsiteDriver - waiting for locator By.xpath: //div[@id='rf-nav-wrapper']/descendant::span[text()='Pulse'][1]
[INFO ] 2018-03-19 12:30:17.215 [main] RFWebsiteDriver - Element found
[INFO ] 2018-03-19 12:30:17.215 [main] RFWebsiteDriver -  ready to be clicked
[INFO ] 2018-03-19 12:30:17.303 [main] RFWebsiteDriver - CLICKED on 
[INFO ] 2018-03-19 12:30:17.303 [main] LSDHomePage - Clicked on Pulse Submenu from Top Navigation
[INFO ] 2018-03-19 12:30:17.346 [main] RFWebsiteDriver - wait started for By.xpath: //a[contains(text(),'Customers')]
[INFO ] 2018-03-19 12:30:17.346 [main] RFWebsiteDriver - waiting for locator By.xpath: //a[contains(text(),'Customers')]
[INFO ] 2018-03-19 12:30:17.354 [main] RFWebsiteDriver - Element found
[INFO ] 2018-03-19 12:30:17.354 [main] RFWebsiteDriver -  ready to be clicked
[INFO ] 2018-03-19 12:30:17.430 [main] RFWebsiteDriver - CLICKED on 
[INFO ] 2018-03-19 12:30:17.430 [main] LSDHomePage - SubMenu Link : Customers clicked
[INFO ] 2018-03-19 12:30:17.483 [main] RFWebsiteDriver - Waiting for spin image to get disappear0
[INFO ] 2018-03-19 12:30:18.504 [main] RFWebsiteDriver - waiting..
[INFO ] 2018-03-19 12:30:19.513 [main] RFWebsiteDriver - waiting..
[INFO ] 2018-03-19 12:30:19.524 [main] RFWebsiteDriver - spin image disappears
[INFO ] 2018-03-19 12:30:32.526 [main] RFWebsiteDriver - wait started for By.xpath: //div[contains(@class,'white-fb')]/descendant::a[1]/descendant::span[1]
[INFO ] 2018-03-19 12:30:32.526 [main] RFWebsiteDriver - waiting for locator By.xpath: //div[contains(@class,'white-fb')]/descendant::a[1]/descendant::span[1]
[INFO ] 2018-03-19 12:30:32.560 [main] RFWebsiteDriver - Element found
[INFO ] 2018-03-19 12:30:32.560 [main] RFWebsiteDriver - have orders for this month ready to be clicked
[INFO ] 2018-03-19 12:30:32.619 [main] RFWebsiteDriver - CLICKED on have orders for this month
[INFO ] 2018-03-19 12:30:43.031 [main] RFWebsiteDriver - current URL is https://skywalker.rodanandfields.com/#/pcs/have-orders
[INFO ] 2018-03-19 12:30:43.031 [main] RFWebsiteDriver - wait started for By.xpath: //span[contains(text(),'Sorted by')]
[INFO ] 2018-03-19 12:30:43.031 [main] RFWebsiteDriver - waiting for locator By.xpath: //span[contains(text(),'Sorted by')]
[INFO ] 2018-03-19 12:30:43.046 [main] RFWebsiteDriver - Element found
[INFO ] 2018-03-19 12:30:43.046 [main] RFWebsiteDriver - filter ready to be clicked
[INFO ] 2018-03-19 12:30:43.108 [main] RFWebsiteDriver - CLICKED on filter
[INFO ] 2018-03-19 12:30:43.813 [main] TestListner - [TEST IS SUCCESSFUL -------- Test case testSortingMenuForThisMonth_3000q has passed]
[INFO ] 2018-03-19 12:30:43.819 [main] RFWebsiteDriver - URL opened is https://skywalker.rodanandfields.com
[INFO ] 2018-03-19 12:30:44.431 [main] RFWebsiteDriver - Waiting for LSD loading image to get disappear
[INFO ] 2018-03-19 12:30:44.550 [main] RFWebsiteDriver - LSD Animation image disappears
[INFO ] 2018-03-19 12:30:44.550 [main] RFWebsiteDriver - waiting for locator By.id: button-login
[INFO ] 2018-03-19 12:30:49.839 [main] RFWebsiteDriver - waiting for locator By.xpath: //div[text()='Hello,']/following-sibling::div[contains(@class,'text-uppercase')]
[INFO ] 2018-03-19 12:30:49.846 [main] RFWebsiteDriver - Element found
[INFO ] 2018-03-19 12:30:49.855 [main] RFWebsiteDriver - waiting for locator By.xpath: //div[text()='Hello,']/following-sibling::div[contains(@class,'text-uppercase')]
[INFO ] 2018-03-19 12:30:49.863 [main] RFWebsiteDriver - Element found
[INFO ] 2018-03-19 12:30:49.899 [main] RFWebsiteDriver - TEXT fetched for First name in overview section is=SARAH
[INFO ] 2018-03-19 12:30:49.899 [main] RFLSDWebsiteBaseTest - Data returned by query: null
[INFO ] 2018-03-19 12:30:49.904 [main] RFWebsiteDriver - wait started for By.xpath: //div[@id='rf-nav-wrapper']/descendant::img[2]
[INFO ] 2018-03-19 12:30:49.904 [main] RFWebsiteDriver - waiting for locator By.xpath: //div[@id='rf-nav-wrapper']/descendant::img[2]
[INFO ] 2018-03-19 12:30:49.919 [main] RFWebsiteDriver - Element found
[INFO ] 2018-03-19 12:30:49.920 [main] RFWebsiteDriver - R+F logo ready to be clicked
[INFO ] 2018-03-19 12:30:49.988 [main] RFWebsiteDriver - CLICKED on R+F logo
[INFO ] 2018-03-19 12:30:49.990 [main] TestListner - 
******************************************************************************************************************************
					TEST CASE NAME:                  testTotalNumberOfDeactivatedPCs_2985q
******************************************************************************************************************************
[INFO ] 2018-03-19 12:30:49.993 [main] RFWebsiteDriver - wait started for By.xpath: //div[@id='rf-nav-wrapper']/descendant::span[text()='Pulse'][1]
[INFO ] 2018-03-19 12:30:49.993 [main] RFWebsiteDriver - waiting for locator By.xpath: //div[@id='rf-nav-wrapper']/descendant::span[text()='Pulse'][1]
[INFO ] 2018-03-19 12:30:50.013 [main] RFWebsiteDriver - Element found
[INFO ] 2018-03-19 12:30:50.013 [main] RFWebsiteDriver -  ready to be clicked
[INFO ] 2018-03-19 12:30:50.080 [main] RFWebsiteDriver - CLICKED on 
[INFO ] 2018-03-19 12:30:50.080 [main] LSDHomePage - Clicked on Pulse Submenu from Top Navigation
[INFO ] 2018-03-19 12:30:50.122 [main] RFWebsiteDriver - wait started for By.xpath: //a[contains(text(),'Customers')]
[INFO ] 2018-03-19 12:30:50.122 [main] RFWebsiteDriver - waiting for locator By.xpath: //a[contains(text(),'Customers')]
[INFO ] 2018-03-19 12:30:50.130 [main] RFWebsiteDriver - Element found
[INFO ] 2018-03-19 12:30:50.130 [main] RFWebsiteDriver -  ready to be clicked
[INFO ] 2018-03-19 12:30:50.192 [main] RFWebsiteDriver - CLICKED on 
[INFO ] 2018-03-19 12:30:50.192 [main] LSDHomePage - SubMenu Link : Customers clicked
[INFO ] 2018-03-19 12:30:50.250 [main] RFWebsiteDriver - Waiting for spin image to get disappear1
[INFO ] 2018-03-19 12:30:51.262 [main] RFWebsiteDriver - waiting..
[INFO ] 2018-03-19 12:30:51.275 [main] RFWebsiteDriver - spin image disappears
[INFO ] 2018-03-19 12:30:55.275 [main] RFLSDWebsiteBaseTest - Data returned by query: 2
[INFO ] 2018-03-19 12:30:55.294 [main] RFWebsiteDriver - Waiting for spin image to get disappear0
[INFO ] 2018-03-19 12:30:55.307 [main] RFWebsiteDriver - spin image disappears
[INFO ] 2018-03-19 12:30:59.308 [main] RFWebsiteDriver - waiting for locator By.xpath: //h1[contains(text(),'View Your Customers')]/following::span[4]
[INFO ] 2018-03-19 12:30:59.322 [main] RFWebsiteDriver - Element found
[INFO ] 2018-03-19 12:30:59.356 [main] RFWebsiteDriver - TEXT fetched for count of deactivated pcs is=13
[INFO ] 2018-03-19 12:30:59.356 [main] SoftAssert - VERIFICATION FAILED: Expected count of deactivate PCs are 2 but actual on UI is 13 expected [true] but found [false]
[INFO ] 2018-03-19 12:30:59.356 [main] SoftAssert - Expected: true
[INFO ] 2018-03-19 12:30:59.356 [main] SoftAssert - Actual: false
[INFO ] 2018-03-19 12:30:59.356 [main] RFWebsiteDriver - Taking Screenshot
[INFO ] 2018-03-19 12:30:59.696 [main] SoftAssert - Snapshot Path :<a href='C:\Users\bpkotamahanti\Bindu\Automation\qa-automation\output\Screenshots\testTotalNumberOfDeactivatedPCs_2985q\Expected count of deactivate PCs are 2 but actual on UI is 13 expected [true] but found [false].png'>C:\Users\bpkotamahanti\Bindu\Automation\qa-automation\output\Screenshots\testTotalNumberOfDeactivatedPCs_2985q\Expected count of deactivate PCs are 2 but actual on UI is 13 expected [true] but found [false].png</a>

[INFO ] 2018-03-19 12:30:59.734 [main] RFWebsiteDriver - wait started for By.xpath: //h1[contains(text(),'View Your Customers')]/following::span[3]
[INFO ] 2018-03-19 12:30:59.735 [main] RFWebsiteDriver - waiting for locator By.xpath: //h1[contains(text(),'View Your Customers')]/following::span[3]
[INFO ] 2018-03-19 12:30:59.742 [main] RFWebsiteDriver - Element found
[INFO ] 2018-03-19 12:30:59.742 [main] RFWebsiteDriver - 3 category clicked ready to be clicked
[INFO ] 2018-03-19 12:30:59.807 [main] RFWebsiteDriver - CLICKED on 3 category clicked
[INFO ] 2018-03-19 12:30:59.807 [main] RFWebsiteDriver - wait started for By.xpath: //h1[contains(text(),'Deactivated PC')]/../descendant::span[1]
[INFO ] 2018-03-19 12:30:59.807 [main] RFWebsiteDriver - waiting for locator By.xpath: //h1[contains(text(),'Deactivated PC')]/../descendant::span[1]
[INFO ] 2018-03-19 12:31:00.336 [main] RFWebsiteDriver - Element found
[INFO ] 2018-03-19 12:31:00.336 [main] RFWebsiteDriver - waiting for locator By.xpath: //h1[contains(text(),'Deactivated PC')]/../descendant::span[1]
[INFO ] 2018-03-19 12:31:00.345 [main] RFWebsiteDriver - Element found
[INFO ] 2018-03-19 12:31:00.378 [main] RFWebsiteDriver - TEXT fetched for count of deactivated pc at header is=13
[INFO ] 2018-03-19 12:31:00.378 [main] SoftAssert - VERIFICATION FAILED: Expected count of deactivate PCs are 2 but actual on header is 13 expected [true] but found [false]
[INFO ] 2018-03-19 12:31:00.378 [main] SoftAssert - Expected: true
[INFO ] 2018-03-19 12:31:00.378 [main] SoftAssert - Actual: false
[INFO ] 2018-03-19 12:31:00.378 [main] RFWebsiteDriver - Taking Screenshot
[INFO ] 2018-03-19 12:31:00.702 [main] SoftAssert - Snapshot Path :<a href='C:\Users\bpkotamahanti\Bindu\Automation\qa-automation\output\Screenshots\testTotalNumberOfDeactivatedPCs_2985q\Expected count of deactivate PCs are 2 but actual on header is 13 expected [true] but found [false].png'>C:\Users\bpkotamahanti\Bindu\Automation\qa-automation\output\Screenshots\testTotalNumberOfDeactivatedPCs_2985q\Expected count of deactivate PCs are 2 but actual on header is 13 expected [true] but found [false].png</a>

[INFO ] 2018-03-19 12:31:00.702 [main] TestListner - [TEST HAS FAILED-------- Test case testTotalNumberOfDeactivatedPCs_2985q has failed] due to reason:-<br>  java.lang.AssertionError: 1.Expected count of deactivate PCs are 2 but actual on UI is 13

 1.Expected count of deactivate PCs are 2 but actual on header is 13

[INFO ] 2018-03-19 12:31:00.711 [main] RFWebsiteDriver - URL opened is https://skywalker.rodanandfields.com
[INFO ] 2018-03-19 12:31:01.249 [main] RFWebsiteDriver - Waiting for LSD loading image to get disappear
[INFO ] 2018-03-19 12:31:01.304 [main] RFWebsiteDriver - LSD Animation image disappears
[INFO ] 2018-03-19 12:31:01.304 [main] RFWebsiteDriver - waiting for locator By.id: button-login
[INFO ] 2018-03-19 12:31:06.575 [main] RFWebsiteDriver - waiting for locator By.xpath: //div[text()='Hello,']/following-sibling::div[contains(@class,'text-uppercase')]
[INFO ] 2018-03-19 12:31:06.584 [main] RFWebsiteDriver - Element found
[INFO ] 2018-03-19 12:31:06.593 [main] RFWebsiteDriver - waiting for locator By.xpath: //div[text()='Hello,']/following-sibling::div[contains(@class,'text-uppercase')]
[INFO ] 2018-03-19 12:31:06.602 [main] RFWebsiteDriver - Element found
[INFO ] 2018-03-19 12:31:06.632 [main] RFWebsiteDriver - TEXT fetched for First name in overview section is=SARAH
[INFO ] 2018-03-19 12:31:06.632 [main] RFLSDWebsiteBaseTest - Data returned by query: null
[INFO ] 2018-03-19 12:31:06.636 [main] RFWebsiteDriver - wait started for By.xpath: //div[@id='rf-nav-wrapper']/descendant::img[2]
[INFO ] 2018-03-19 12:31:06.637 [main] RFWebsiteDriver - waiting for locator By.xpath: //div[@id='rf-nav-wrapper']/descendant::img[2]
[INFO ] 2018-03-19 12:31:06.653 [main] RFWebsiteDriver - Element found
[INFO ] 2018-03-19 12:31:06.653 [main] RFWebsiteDriver - R+F logo ready to be clicked
[INFO ] 2018-03-19 12:31:06.731 [main] RFWebsiteDriver - CLICKED on R+F logo
[INFO ] 2018-03-19 12:31:06.733 [main] TestListner - 
******************************************************************************************************************************
					TEST CASE NAME:                  testTotalNumberOfPCsThisMonth_3013q
******************************************************************************************************************************
[INFO ] 2018-03-19 12:31:06.736 [main] RFWebsiteDriver - wait started for By.xpath: //div[@id='rf-nav-wrapper']/descendant::span[text()='Pulse'][1]
[INFO ] 2018-03-19 12:31:06.736 [main] RFWebsiteDriver - waiting for locator By.xpath: //div[@id='rf-nav-wrapper']/descendant::span[text()='Pulse'][1]
[INFO ] 2018-03-19 12:31:06.760 [main] RFWebsiteDriver - Element found
[INFO ] 2018-03-19 12:31:06.760 [main] RFWebsiteDriver -  ready to be clicked
[INFO ] 2018-03-19 12:31:06.862 [main] RFWebsiteDriver - CLICKED on 
[INFO ] 2018-03-19 12:31:06.862 [main] LSDHomePage - Clicked on Pulse Submenu from Top Navigation
[INFO ] 2018-03-19 12:31:06.909 [main] RFWebsiteDriver - wait started for By.xpath: //a[contains(text(),'Customers')]
[INFO ] 2018-03-19 12:31:06.910 [main] RFWebsiteDriver - waiting for locator By.xpath: //a[contains(text(),'Customers')]
[INFO ] 2018-03-19 12:31:06.920 [main] RFWebsiteDriver - Element found
[INFO ] 2018-03-19 12:31:06.920 [main] RFWebsiteDriver -  ready to be clicked
[INFO ] 2018-03-19 12:31:06.988 [main] RFWebsiteDriver - CLICKED on 
[INFO ] 2018-03-19 12:31:06.988 [main] LSDHomePage - SubMenu Link : Customers clicked
[INFO ] 2018-03-19 12:31:07.052 [main] RFWebsiteDriver - Waiting for spin image to get disappear1
[INFO ] 2018-03-19 12:31:08.068 [main] RFWebsiteDriver - waiting..
[INFO ] 2018-03-19 12:31:08.076 [main] RFWebsiteDriver - spin image disappears
[INFO ] 2018-03-19 12:31:12.077 [main] RFLSDWebsiteBaseTest - Data returned by query: 0
[INFO ] 2018-03-19 12:31:12.095 [main] RFWebsiteDriver - Waiting for spin image to get disappear0
[INFO ] 2018-03-19 12:31:12.105 [main] RFWebsiteDriver - spin image disappears
[INFO ] 2018-03-19 12:31:12.106 [main] RFWebsiteDriver - waiting for locator By.xpath: //div[contains(@class,'white-fb')]/descendant::a[1]/descendant::span[2]
[INFO ] 2018-03-19 12:31:12.120 [main] RFWebsiteDriver - Element found
[INFO ] 2018-03-19 12:31:12.156 [main] RFWebsiteDriver - TEXT fetched for count of pc autoship orders for this month is=12
[INFO ] 2018-03-19 12:31:12.156 [main] SoftAssert - VERIFICATION FAILED: Expected count of order is 0 actual on UI is 12 expected [true] but found [false]
[INFO ] 2018-03-19 12:31:12.157 [main] SoftAssert - Expected: true
[INFO ] 2018-03-19 12:31:12.157 [main] SoftAssert - Actual: false
[INFO ] 2018-03-19 12:31:12.157 [main] RFWebsiteDriver - Taking Screenshot
[INFO ] 2018-03-19 12:31:12.471 [main] SoftAssert - Snapshot Path :<a href='C:\Users\bpkotamahanti\Bindu\Automation\qa-automation\output\Screenshots\testTotalNumberOfPCsThisMonth_3013q\Expected count of order is 0 actual on UI is 12 expected [true] but found [false].png'>C:\Users\bpkotamahanti\Bindu\Automation\qa-automation\output\Screenshots\testTotalNumberOfPCsThisMonth_3013q\Expected count of order is 0 actual on UI is 12 expected [true] but found [false].png</a>

[INFO ] 2018-03-19 12:31:21.472 [main] RFWebsiteDriver - wait started for By.xpath: //div[contains(@class,'white-fb')]/descendant::a[1]/descendant::span[1]
[INFO ] 2018-03-19 12:31:21.472 [main] RFWebsiteDriver - waiting for locator By.xpath: //div[contains(@class,'white-fb')]/descendant::a[1]/descendant::span[1]
[INFO ] 2018-03-19 12:31:21.488 [main] RFWebsiteDriver - Element found
[INFO ] 2018-03-19 12:31:21.488 [main] RFWebsiteDriver - have orders for this month ready to be clicked
[INFO ] 2018-03-19 12:31:21.551 [main] RFWebsiteDriver - CLICKED on have orders for this month
[INFO ] 2018-03-19 12:31:31.982 [main] RFWebsiteDriver - wait started for By.xpath: //h1[contains(text(),'have orders this month')]/preceding::span[1]
[INFO ] 2018-03-19 12:31:31.982 [main] RFWebsiteDriver - waiting for locator By.xpath: //h1[contains(text(),'have orders this month')]/preceding::span[1]
[INFO ] 2018-03-19 12:31:31.995 [main] RFWebsiteDriver - Element found
[INFO ] 2018-03-19 12:31:31.995 [main] RFWebsiteDriver - waiting for locator By.xpath: //h1[contains(text(),'have orders this month')]/preceding::span[1]
[INFO ] 2018-03-19 12:31:32.003 [main] RFWebsiteDriver - Element found
[INFO ] 2018-03-19 12:31:32.036 [main] RFWebsiteDriver - TEXT fetched for count of pc autoship orders for this month at header is=12
[INFO ] 2018-03-19 12:31:32.036 [main] SoftAssert - VERIFICATION FAILED: Expected count of order at header is 0 actual on UI is 12 expected [true] but found [false]
[INFO ] 2018-03-19 12:31:32.036 [main] SoftAssert - Expected: true
[INFO ] 2018-03-19 12:31:32.036 [main] SoftAssert - Actual: false
[INFO ] 2018-03-19 12:31:32.036 [main] RFWebsiteDriver - Taking Screenshot
[INFO ] 2018-03-19 12:31:32.396 [main] SoftAssert - Snapshot Path :<a href='C:\Users\bpkotamahanti\Bindu\Automation\qa-automation\output\Screenshots\testTotalNumberOfPCsThisMonth_3013q\Expected count of order at header is 0 actual on UI is 12 expected [true] but found [false].png'>C:\Users\bpkotamahanti\Bindu\Automation\qa-automation\output\Screenshots\testTotalNumberOfPCsThisMonth_3013q\Expected count of order at header is 0 actual on UI is 12 expected [true] but found [false].png</a>

[INFO ] 2018-03-19 12:31:32.396 [main] TestListner - [TEST HAS FAILED-------- Test case testTotalNumberOfPCsThisMonth_3013q has failed] due to reason:-<br>  java.lang.AssertionError: 1.Expected count of order at header is 0 actual on UI is 12

 1.Expected count of order is 0 actual on UI is 12

[INFO ] 2018-03-19 12:31:32.404 [main] RFWebsiteDriver - URL opened is https://skywalker.rodanandfields.com
[INFO ] 2018-03-19 12:31:33.036 [main] RFWebsiteDriver - Waiting for LSD loading image to get disappear
[INFO ] 2018-03-19 12:31:33.159 [main] RFWebsiteDriver - LSD Animation image disappears
[INFO ] 2018-03-19 12:31:33.160 [main] RFWebsiteDriver - Waiting for LSD loading image to get disappear
[INFO ] 2018-03-19 12:31:34.254 [main] RFWebsiteDriver - waiting..
[INFO ] 2018-03-19 12:31:35.277 [main] RFWebsiteDriver - waiting..
[INFO ] 2018-03-19 12:31:35.327 [main] RFWebsiteDriver - LSD loading image disappears
[INFO ] 2018-03-19 12:31:35.327 [main] RFWebsiteDriver - waiting for locator By.xpath: //div[@id='rf-nav-wrapper']/descendant::span[text()='Pulse'][1]
[INFO ] 2018-03-19 12:31:35.342 [main] RFWebsiteDriver - Element found
[INFO ] 2018-03-19 12:31:35.342 [main] RFWebsiteDriver - wait started for By.xpath: //div[@id='rf-nav-wrapper']/descendant::span[text()='Pulse'][1]
[INFO ] 2018-03-19 12:31:35.342 [main] RFWebsiteDriver - waiting for locator By.xpath: //div[@id='rf-nav-wrapper']/descendant::span[text()='Pulse'][1]
[INFO ] 2018-03-19 12:31:35.352 [main] RFWebsiteDriver - Element found
[INFO ] 2018-03-19 12:31:35.353 [main] RFWebsiteDriver - Pulse in top navigation ready to be clicked
[INFO ] 2018-03-19 12:31:35.427 [main] RFWebsiteDriver - CLICKED on Pulse in top navigation
[INFO ] 2018-03-19 12:31:35.428 [main] LSDRFWebsiteBasePage - Pulse in top navigation clicked
[INFO ] 2018-03-19 12:31:35.428 [main] LSDRFWebsiteBasePage - Logging out from pulse application
[INFO ] 2018-03-19 12:31:35.515 [main] RFWebsiteDriver - CLICKED on 
[INFO ] 2018-03-19 12:31:35.516 [main] RFWebsiteDriver - Waiting for LSD loading image to get disappear
[INFO ] 2018-03-19 12:31:35.527 [main] RFWebsiteDriver - LSD loading image disappears
