[DEBUG] 2018-03-18 16:34:39.865 [main] RFBaseTest - Started execution with  null
[INFO ] 2018-03-18 16:34:39.870 [main] RFBaseTest - Environment properties are not provided by the user ... loading the default properties
[INFO ] 2018-03-18 16:34:39.871 [main] RFBaseTest - Default Browser is  ------ chrome
[INFO ] 2018-03-18 16:34:39.871 [main] RFBaseTest - Default URL is  ------ https://skywalker.rodanandfields.com
[INFO ] 2018-03-18 16:34:39.871 [main] RFBaseTest - Default user password is  ------ 111Maiden$
[INFO ] 2018-03-18 16:34:39.871 [main] RFBaseTest - Default Country is  ------ us
[INFO ] 2018-03-18 16:34:39.871 [main] RFBaseTest - Default DB IP is  ------ 172.16.15.41
[INFO ] 2018-03-18 16:34:39.871 [main] RFBaseTest - Default DB Username is  ------ perftest
[INFO ] 2018-03-18 16:34:39.871 [main] RFBaseTest - Default DB Password is  ------ perftest
[INFO ] 2018-03-18 16:34:39.871 [main] RFBaseTest - Default DB Domain is  ------ RF
[INFO ] 2018-03-18 16:34:44.756 [main] RFWebsiteDriver - Window is maximized
[INFO ] 2018-03-18 16:34:44.757 [main] RFWebsiteDriver - All cookies deleted
[INFO ] 2018-03-18 16:34:44.757 [main] RFWebsiteDriver - URL opened is https://skywalker.rodanandfields.com
[INFO ] 2018-03-18 16:34:47.440 [main] RFLSDWebsiteBaseTest - Application loaded
[INFO ] 2018-03-18 16:34:47.451 [main] RFWebsiteDriver - DB connections are set
[INFO ] 2018-03-18 16:34:47.503 [main] DBUtil - QUERY TRIGGERED IS DECLARE @CurrentOpenPeriod INT = ( SELECT TOP 1
                                            PeriodID
                                   FROM     Commissions.reference.Periods
                                   WHERE    ClosedDate IS NULL
                                   ORDER BY PeriodID ASC
                                 ) ,
    @AccountID INT ,
    @UserName NVARCHAR(225) ,
    @Country NVARCHAR(225)

SELECT TOP 1
        @AccountID = ab.AccountID ,
        @UserName = ac.Username ,
        @Country = co.Alpha2Code
FROM    RFOperations.RFO_Accounts.AccountBase (NOLOCK) ab
        JOIN RFOperations.RFO_Accounts.AccountRF (NOLOCK) rf ON rf.AccountID = ab.AccountID
        JOIN RFOperations.Security.AccountSecurity (NOLOCK) ac ON ac.AccountID = ab.AccountID
        JOIN RFOperations.RFO_Reference.Countries (NOLOCK) co ON co.CountryID = ab.CountryID
WHERE   ab.AccountTypeID = 1
        AND ab.AccountStatusID = 1
        AND co.Alpha2Code = 'US'
        AND rf.Active = 1
        AND EXISTS ( SELECT 1
                     FROM   RFOperations.Hybris.Autoship (NOLOCK) a
                     WHERE  a.AccountID = ab.AccountID
                            AND a.AutoshipTypeID = 3
                            AND a.Active = 1 )
        AND EXISTS ( SELECT 1
                     FROM   Commissions.calcs.vwQualificationSummary v
                     WHERE  ab.AccountID = v.AccountID
                            AND v.PeriodID = @CurrentOpenPeriod
                            AND v.SV >= 100
                            AND v.PSQV >= 600 )
ORDER BY NEWID()

SELECT  ISNULL(@AccountID, 1496) AccountID ,
        ISNULL(@UserName, 'skincareconsultants@gmail.com') UserName ,
        ISNULL(@Country, 'US') Country ,
        @CurrentOpenPeriod CurrentOpenPeriod

[INFO ] 2018-03-18 16:34:49.173 [main] RFLSDWebsiteBaseTest - randomConsultantDetailsList:[{AccountID=1496, UserName=skincareconsultants@gmail.com, Country=US, CurrentOpenPeriod=201802}]
[INFO ] 2018-03-18 16:34:49.173 [main] RFLSDWebsiteBaseTest - Data returned by query: 1496
[INFO ] 2018-03-18 16:34:49.174 [main] RFLSDWebsiteBaseTest - Data returned by query: skincareconsultants@gmail.com
[INFO ] 2018-03-18 16:34:49.174 [main] RFLSDWebsiteBaseTest - userName:[{AccountID=1496, UserName=skincareconsultants@gmail.com, Country=US, CurrentOpenPeriod=201802}]
[INFO ] 2018-03-18 16:34:49.174 [main] RFWebsiteDriver - Waiting for LSD loading image to get disappear
[INFO ] 2018-03-18 16:34:49.194 [main] RFWebsiteDriver - LSD loading image disappears
[INFO ] 2018-03-18 16:34:49.760 [main] RFWebsiteDriver - waiting for locator By.id: username
[INFO ] 2018-03-18 16:34:49.770 [main] RFWebsiteDriver - Element found
[INFO ] 2018-03-18 16:34:49.770 [main] RFWebsiteDriver - Taking Screenshot
[INFO ] 2018-03-18 16:34:50.150 [main] RFWebsiteDriver - wait started for By.id: username
[INFO ] 2018-03-18 16:34:50.152 [main] RFWebsiteDriver - waiting for locator By.id: username
[INFO ] 2018-03-18 16:34:50.165 [main] RFWebsiteDriver - Element found
[INFO ] 2018-03-18 16:34:50.342 [main] RFWebsiteDriver - TYPED text as = skincareconsultants@gmail.com in  text field
[INFO ] 2018-03-18 16:34:50.342 [main] LSDLoginPage - username is skincareconsultants@gmail.com
[INFO ] 2018-03-18 16:34:50.342 [main] RFWebsiteDriver - wait started for By.id: password
[INFO ] 2018-03-18 16:34:50.343 [main] RFWebsiteDriver - waiting for locator By.id: password
[INFO ] 2018-03-18 16:34:50.360 [main] RFWebsiteDriver - Element found
[INFO ] 2018-03-18 16:34:50.483 [main] RFWebsiteDriver - TYPED text as = 111Maiden$ in  text field
[INFO ] 2018-03-18 16:34:50.483 [main] LSDLoginPage - password is 111Maiden$
[INFO ] 2018-03-18 16:34:50.483 [main] RFWebsiteDriver - wait started for By.id: button-login
[INFO ] 2018-03-18 16:34:50.483 [main] RFWebsiteDriver - waiting for locator By.id: button-login
[INFO ] 2018-03-18 16:34:50.503 [main] RFWebsiteDriver - Element found
[INFO ] 2018-03-18 16:34:50.503 [main] RFWebsiteDriver -  ready to be clicked
[INFO ] 2018-03-18 16:34:50.578 [main] RFWebsiteDriver - CLICKED on 
[INFO ] 2018-03-18 16:35:13.887 [main] RFWebsiteDriver - URL opened is https://skywalker.rodanandfields.com
[INFO ] 2018-03-18 16:35:14.379 [main] RFWebsiteDriver - Waiting for LSD loading image to get disappear
[INFO ] 2018-03-18 16:35:14.621 [main] RFWebsiteDriver - LSD Animation image disappears
[INFO ] 2018-03-18 16:35:14.622 [main] RFWebsiteDriver - waiting for locator By.id: button-login
[INFO ] 2018-03-18 16:35:19.704 [main] RFWebsiteDriver - waiting for locator By.xpath: //div[text()='Hello,']/following-sibling::div[contains(@class,'text-uppercase')]
[INFO ] 2018-03-18 16:35:19.713 [main] RFWebsiteDriver - Element found
[INFO ] 2018-03-18 16:35:19.723 [main] RFWebsiteDriver - waiting for locator By.xpath: //div[text()='Hello,']/following-sibling::div[contains(@class,'text-uppercase')]
[INFO ] 2018-03-18 16:35:19.733 [main] RFWebsiteDriver - Element found
[INFO ] 2018-03-18 16:35:19.767 [main] RFWebsiteDriver - TEXT fetched for First name in overview section is=SARAH
[INFO ] 2018-03-18 16:35:19.767 [main] RFLSDWebsiteBaseTest - Data returned by query: null
[INFO ] 2018-03-18 16:35:19.773 [main] RFWebsiteDriver - wait started for By.xpath: //div[@id='rf-nav-wrapper']/descendant::img[2]
[INFO ] 2018-03-18 16:35:19.773 [main] RFWebsiteDriver - waiting for locator By.xpath: //div[@id='rf-nav-wrapper']/descendant::img[2]
[INFO ] 2018-03-18 16:35:19.787 [main] RFWebsiteDriver - Element found
[INFO ] 2018-03-18 16:35:19.788 [main] RFWebsiteDriver - R+F logo ready to be clicked
[INFO ] 2018-03-18 16:35:19.883 [main] RFWebsiteDriver - CLICKED on R+F logo
[INFO ] 2018-03-18 16:35:19.983 [main] TestListner - 
******************************************************************************************************************************
					TEST CASE NAME:                  testTotalNumberOfNewPCs_3306q
******************************************************************************************************************************
[INFO ] 2018-03-18 16:35:20.025 [main] RFWebsiteDriver - wait started for By.xpath: //div[@id='rf-nav-wrapper']/descendant::span[text()='Pulse'][1]
[INFO ] 2018-03-18 16:35:20.025 [main] RFWebsiteDriver - waiting for locator By.xpath: //div[@id='rf-nav-wrapper']/descendant::span[text()='Pulse'][1]
[INFO ] 2018-03-18 16:35:20.044 [main] RFWebsiteDriver - Element found
[INFO ] 2018-03-18 16:35:20.045 [main] RFWebsiteDriver -  ready to be clicked
[INFO ] 2018-03-18 16:35:20.137 [main] RFWebsiteDriver - CLICKED on 
[INFO ] 2018-03-18 16:35:20.137 [main] LSDHomePage - Clicked on Pulse Submenu from Top Navigation
[INFO ] 2018-03-18 16:35:20.188 [main] RFWebsiteDriver - wait started for By.xpath: //a[contains(text(),'Customers')]
[INFO ] 2018-03-18 16:35:20.189 [main] RFWebsiteDriver - waiting for locator By.xpath: //a[contains(text(),'Customers')]
[INFO ] 2018-03-18 16:35:20.196 [main] RFWebsiteDriver - Element found
[INFO ] 2018-03-18 16:35:20.197 [main] RFWebsiteDriver -  ready to be clicked
[INFO ] 2018-03-18 16:35:20.279 [main] RFWebsiteDriver - CLICKED on 
[INFO ] 2018-03-18 16:35:20.280 [main] LSDHomePage - SubMenu Link : Customers clicked
[INFO ] 2018-03-18 16:35:20.303 [main] RFWebsiteDriver - Waiting for spin image to get disappear1
[INFO ] 2018-03-18 16:35:21.314 [main] RFWebsiteDriver - waiting..
[INFO ] 2018-03-18 16:35:22.324 [main] RFWebsiteDriver - waiting..
[INFO ] 2018-03-18 16:35:23.334 [main] RFWebsiteDriver - waiting..
[INFO ] 2018-03-18 16:35:24.350 [main] RFWebsiteDriver - waiting..
[INFO ] 2018-03-18 16:35:25.362 [main] RFWebsiteDriver - waiting..
[INFO ] 2018-03-18 16:35:26.373 [main] RFWebsiteDriver - waiting..
[INFO ] 2018-03-18 16:35:27.382 [main] RFWebsiteDriver - waiting..
[INFO ] 2018-03-18 16:35:28.401 [main] RFWebsiteDriver - waiting..
[INFO ] 2018-03-18 16:35:29.421 [main] RFWebsiteDriver - waiting..
[INFO ] 2018-03-18 16:35:30.442 [main] RFWebsiteDriver - waiting..
[INFO ] 2018-03-18 16:35:34.444 [main] DBUtil - QUERY TRIGGERED IS 
        DECLARE @AccountID INT= 1496   -- You Just need to Pass Consultant's AccountID here . 


        
		
		  DECLARE  @PeriodID INT= NULL ,
            @View_All_Customer INT ,
            @Cust_have_Order INT ,
            @Cust_Sch_OrderNext_Month INT ,
            @Cust_Further_Out INT ,
            @New_Pcs INT ,
            @Deactivated_Pcs INT

          

        SET @PeriodID = ISNULL(@PeriodID,
                               ( SELECT MAX(PERIODID)
                                 FROM   commissions.reference.PERIODS
                                 WHERE  CLOSEDDATE IS NULL
                                        AND STARTDATE <= GETDATE()
                               ))
  
  
        SELECT  @View_All_Customer = COUNT(DISTINCT ab.AccountID)
        FROM    Commissions.calcs.vwPlacementTreePermutated AS v WITH ( NOEXPAND )
                JOIN RFOperations.RFO_Accounts.AccountBase(NOLOCK)  ab ON ab.AccountID = v.AccountID
                JOIN RFOperations.RFO_Accounts.AccountRF (NOLOCK)  rf ON rf.AccountID = ab.AccountID
                JOIN RFOperations.RFO_Accounts.AccountContacts (NOLOCK)  ac ON ac.AccountId = ab.AccountID
        WHERE   1 = 1
                AND rf.Active = 1
                AND ab.AccountTypeID = 2
                AND v.[SponsorID] = @AccountID
                AND v.DirectSponsorID = @AccountID
                AND v.[PeriodID] = @PeriodID
      
				
				
				
        SELECT  @Cust_have_Order = COUNT(DISTINCT ab.AccountID)
        FROM    Commissions.calcs.vwPlacementTreePermutated AS v WITH ( NOEXPAND )
                JOIN RFOperations.RFO_Accounts.AccountBase(NOLOCK)  ab ON ab.AccountID = v.AccountID
                JOIN RFOperations.RFO_Accounts.AccountRF (NOLOCK)  rf ON rf.AccountID = ab.AccountID
                JOIN RFOperations.RFO_Accounts.AccountContacts (NOLOCK)  ac ON ac.AccountId = ab.AccountID
        WHERE   1 = 1
                AND rf.Active = 1
                AND ab.AccountTypeID = 2
                AND v.[SponsorID] = @AccountID
                AND v.DirectSponsorID = @AccountID
                AND v.[PeriodID] = @PeriodID
                AND EXISTS ( SELECT 1
                             FROM   RFOperations.Hybris.orders (NOLOCK)  ro
                             WHERE  ro.AccountID = ab.AccountID
                                    AND ro.OrderTypeID = 9
                                    AND ro.OrderStatusID IN ( 2, 4 )
                                    AND LEFT(CONVERT(NVARCHAR(25), ro.CompletionDate, 112),
                                             6) = @PeriodID )
     
				
        SELECT  @Cust_Sch_OrderNext_Month = COUNT(1)
        FROM    Commissions.calcs.vwPlacementTreePermutated AS v WITH ( NOEXPAND )
                JOIN RFOperations.RFO_Accounts.AccountBase(NOLOCK)  ab ON ab.AccountID = v.AccountID
                JOIN RFOperations.RFO_Accounts.AccountRF (NOLOCK)  rf ON rf.AccountID = ab.AccountID
                JOIN RFOperations.RFO_Accounts.AccountContacts (NOLOCK)  ac ON ac.AccountId = ab.AccountID
        WHERE   1 = 1
                AND rf.Active = 1
                AND ab.AccountTypeID = 2
                AND v.[SponsorID] = @AccountID
                AND v.DirectSponsorID = @AccountID
                AND v.[PeriodID] = @PeriodID
                AND EXISTS ( SELECT 1
                             FROM   RFOperations.Hybris.Autoship(NOLOCK)  AU
                             WHERE  AU.AccountID = ab.AccountID
                                    AND AU.AutoshipTypeID = 1
                                    AND AU.Active = 1
                                    AND LEFT(CONVERT(NVARCHAR(25), DATEADD(MONTH,
                                                              -1,
                                                              Au.NextRunDate), 112),
                                             6) = @PeriodID )			
				 


        SELECT  @Cust_Further_Out = COUNT(1)
        FROM    Commissions.calcs.vwPlacementTreePermutated AS v WITH ( NOEXPAND )
                JOIN RFOperations.RFO_Accounts.AccountBase(NOLOCK)  ab ON ab.AccountID = v.AccountID
                JOIN RFOperations.RFO_Accounts.AccountRF (NOLOCK)  rf ON rf.AccountID = ab.AccountID
                JOIN RFOperations.RFO_Accounts.AccountContacts (NOLOCK)  ac ON ac.AccountId = ab.AccountID
        WHERE   1 = 1
                AND rf.Active = 1
                AND ab.AccountTypeID = 2
                AND v.[SponsorID] = @AccountID
                AND v.DirectSponsorID = @AccountID
                AND v.[PeriodID] = @PeriodID
                AND EXISTS ( SELECT 1
                             FROM   RFOperations.Hybris.Autoship(NOLOCK)  AU
                             WHERE  AU.AccountID = ab.AccountID
                                    AND AU.AutoshipTypeID = 1
                                    AND AU.Active = 1
                                    AND LEFT(CONVERT(NVARCHAR(25), DATEADD(MONTH,
                                                              -1,
                                                              Au.NextRunDate), 112),
                                             6) > @PeriodID )			
		
		
	
        SELECT  @Deactivated_Pcs = COUNT(1)
        FROM    Commissions.calcs.vwPlacementTreePermutated AS v WITH ( NOEXPAND )
                JOIN RFOperations.RFO_Accounts.AccountBase(NOLOCK)  ab ON ab.AccountID = v.AccountID
                JOIN RFOperations.RFO_Accounts.AccountRF (NOLOCK)  rf ON rf.AccountID = ab.AccountID
                JOIN RFOperations.RFO_Accounts.AccountContacts (NOLOCK)  ac ON ac.AccountId = ab.AccountID
        WHERE   1 = 1
                AND rf.Active = 0
                AND ab.AccountTypeID = 2
                AND v.[SponsorID] = @AccountID
                AND v.DirectSponsorID = @AccountID
                AND v.[PeriodID] = @PeriodID
                AND  rf.SoftTerminationDate > DATEADD( DAY,-60,GETDATE())



        SELECT  @New_Pcs = COUNT(1)
        FROM    commissions.calcs.vwPlacementTreePermutated AS v WITH ( NOEXPAND )
                JOIN RFOperations.RFO_Accounts.AccountBase(NOLOCK)  ab ON ab.AccountID = v.AccountID
                JOIN RFOperations.RFO_Accounts.AccountRF (NOLOCK)  rf ON rf.AccountID = ab.AccountID
                JOIN RFOperations.RFO_Accounts.AccountContacts (NOLOCK)  ac ON ac.AccountId = ab.AccountID
        WHERE   1 = 1
                AND rf.Active = 1
                AND ab.AccountTypeID = 2
                AND v.[SponsorID] = @AccountID
                AND v.DirectSponsorID = @AccountID
                AND v.[PeriodID] = @PeriodID
                AND rf.EnrollmentDate > DATEADD( DAY,-60,GETDATE())
				
        SELECT  @AccountID [AccountID] ,
                @View_All_Customer [TotalPCCustomersUnderLevel1] ,
                @Cust_have_Order [CustomersHaveOrdersThisMonth] ,
                @Cust_Sch_OrderNext_Month [CustomersHaveOrdersNextMonth] ,
                @Cust_Further_Out [CustomersHaveOrdersFurtherOut] ,
                @New_Pcs [NewPcs] ,
                @Deactivated_Pcs [DeActivatedPC] ,
                @PeriodID [Period]
				


[INFO ] 2018-03-18 16:35:48.987 [main] RFLSDWebsiteBaseTest - Data returned by query: 0
[INFO ] 2018-03-18 16:35:49.037 [main] RFWebsiteDriver - Waiting for spin image to get disappear0
[INFO ] 2018-03-18 16:35:49.050 [main] RFWebsiteDriver - spin image disappears
[INFO ] 2018-03-18 16:35:49.051 [main] RFWebsiteDriver - waiting for locator By.xpath: //h1[contains(text(),'View Your Customers')]/../descendant::span[2]
[INFO ] 2018-03-18 16:35:49.066 [main] RFWebsiteDriver - Element found
[INFO ] 2018-03-18 16:35:49.103 [main] RFWebsiteDriver - TEXT fetched for count of new pc is=10
[INFO ] 2018-03-18 16:35:49.106 [main] SoftAssert - VERIFICATION FAILED: Expected count of order is 0 actual on UI is 10 expected [true] but found [false]
[INFO ] 2018-03-18 16:35:49.106 [main] SoftAssert - Expected: true
[INFO ] 2018-03-18 16:35:49.107 [main] SoftAssert - Actual: false
[INFO ] 2018-03-18 16:35:49.107 [main] RFWebsiteDriver - Taking Screenshot
[INFO ] 2018-03-18 16:35:49.447 [main] SoftAssert - Snapshot Path :<a href='C:\Users\bpkotamahanti\Bindu\Automation\qa-automation\output\Screenshots\testTotalNumberOfNewPCs_3306q\Expected count of order is 0 actual on UI is 10 expected [true] but found [false].png'>C:\Users\bpkotamahanti\Bindu\Automation\qa-automation\output\Screenshots\testTotalNumberOfNewPCs_3306q\Expected count of order is 0 actual on UI is 10 expected [true] but found [false].png</a>

[INFO ] 2018-03-18 16:35:49.448 [main] RFWebsiteDriver - wait started for By.xpath: //h1[contains(text(),'View Your Customers')]/../descendant::span[1]
[INFO ] 2018-03-18 16:35:49.448 [main] RFWebsiteDriver - waiting for locator By.xpath: //h1[contains(text(),'View Your Customers')]/../descendant::span[1]
[INFO ] 2018-03-18 16:35:49.466 [main] RFWebsiteDriver - Element found
[INFO ] 2018-03-18 16:35:49.467 [main] RFWebsiteDriver - New PC ready to be clicked
[INFO ] 2018-03-18 16:35:49.545 [main] RFWebsiteDriver - CLICKED on New PC
[INFO ] 2018-03-18 16:35:49.545 [main] RFWebsiteDriver - wait started for By.xpath: //h1[contains(text(),'new Customers')]/preceding::span[1]
[INFO ] 2018-03-18 16:35:49.545 [main] RFWebsiteDriver - waiting for locator By.xpath: //h1[contains(text(),'new Customers')]/preceding::span[1]
[INFO ] 2018-03-18 16:35:50.088 [main] RFWebsiteDriver - Element found
[INFO ] 2018-03-18 16:35:50.089 [main] RFWebsiteDriver - waiting for locator By.xpath: //h1[contains(text(),'new Customers')]/preceding::span[1]
[INFO ] 2018-03-18 16:35:50.106 [main] RFWebsiteDriver - Element found
[INFO ] 2018-03-18 16:35:50.148 [main] RFWebsiteDriver - TEXT fetched for count of new pc at header is=10
[INFO ] 2018-03-18 16:35:50.148 [main] SoftAssert - VERIFICATION FAILED: Expected count of order at header is 0 actual on UI is 10 expected [true] but found [false]
[INFO ] 2018-03-18 16:35:50.148 [main] SoftAssert - Expected: true
[INFO ] 2018-03-18 16:35:50.149 [main] SoftAssert - Actual: false
[INFO ] 2018-03-18 16:35:50.149 [main] RFWebsiteDriver - Taking Screenshot
[INFO ] 2018-03-18 16:35:50.484 [main] SoftAssert - Snapshot Path :<a href='C:\Users\bpkotamahanti\Bindu\Automation\qa-automation\output\Screenshots\testTotalNumberOfNewPCs_3306q\Expected count of order at header is 0 actual on UI is 10 expected [true] but found [false].png'>C:\Users\bpkotamahanti\Bindu\Automation\qa-automation\output\Screenshots\testTotalNumberOfNewPCs_3306q\Expected count of order at header is 0 actual on UI is 10 expected [true] but found [false].png</a>

[INFO ] 2018-03-18 16:35:50.484 [main] TestListner - [TEST HAS FAILED-------- Test case testTotalNumberOfNewPCs_3306q has failed] due to reason:-<br>  java.lang.AssertionError: 1.Expected count of order is 0 actual on UI is 10

 1.Expected count of order at header is 0 actual on UI is 10

[INFO ] 2018-03-18 16:35:50.513 [main] RFWebsiteDriver - URL opened is https://skywalker.rodanandfields.com
[INFO ] 2018-03-18 16:35:50.842 [main] RFWebsiteDriver - Waiting for LSD loading image to get disappear
[INFO ] 2018-03-18 16:35:50.964 [main] RFWebsiteDriver - LSD Animation image disappears
[INFO ] 2018-03-18 16:35:50.964 [main] RFWebsiteDriver - Waiting for LSD loading image to get disappear
[INFO ] 2018-03-18 16:35:52.116 [main] RFWebsiteDriver - waiting..
[INFO ] 2018-03-18 16:35:53.143 [main] RFWebsiteDriver - waiting..
[INFO ] 2018-03-18 16:35:53.171 [main] RFWebsiteDriver - LSD loading image disappears
[INFO ] 2018-03-18 16:35:53.172 [main] RFWebsiteDriver - waiting for locator By.xpath: //div[@id='rf-nav-wrapper']/descendant::span[text()='Pulse'][1]
[INFO ] 2018-03-18 16:35:53.198 [main] RFWebsiteDriver - Element found
[INFO ] 2018-03-18 16:35:53.198 [main] RFWebsiteDriver - wait started for By.xpath: //div[@id='rf-nav-wrapper']/descendant::span[text()='Pulse'][1]
[INFO ] 2018-03-18 16:35:53.198 [main] RFWebsiteDriver - waiting for locator By.xpath: //div[@id='rf-nav-wrapper']/descendant::span[text()='Pulse'][1]
[INFO ] 2018-03-18 16:35:53.208 [main] RFWebsiteDriver - Element found
[INFO ] 2018-03-18 16:35:53.208 [main] RFWebsiteDriver - Pulse in top navigation ready to be clicked
[INFO ] 2018-03-18 16:35:53.294 [main] RFWebsiteDriver - CLICKED on Pulse in top navigation
[INFO ] 2018-03-18 16:35:53.295 [main] LSDRFWebsiteBasePage - Pulse in top navigation clicked
[INFO ] 2018-03-18 16:35:53.295 [main] LSDRFWebsiteBasePage - Logging out from pulse application
[INFO ] 2018-03-18 16:35:53.370 [main] RFWebsiteDriver - CLICKED on 
[INFO ] 2018-03-18 16:35:53.371 [main] RFWebsiteDriver - Waiting for LSD loading image to get disappear
[INFO ] 2018-03-18 16:35:53.387 [main] RFWebsiteDriver - LSD loading image disappears
