[INFO ] 2018-03-06 19:28:29.622 [main] RFBaseTest - Environment properties are not provided by the user ... loading the default properties
[INFO ] 2018-03-06 19:28:29.622 [main] RFBaseTest - Default Browser is  ------ chrome
[INFO ] 2018-03-06 19:28:29.622 [main] RFBaseTest - Default URL is  ------ https://skywalker.rodanandfields.com
[INFO ] 2018-03-06 19:28:29.622 [main] RFBaseTest - Default user password is  ------ 111Maiden$
[INFO ] 2018-03-06 19:28:29.622 [main] RFBaseTest - Default Country is  ------ us
[INFO ] 2018-03-06 19:28:29.623 [main] RFBaseTest - Default DB IP is  ------ 10.3.0.218
[INFO ] 2018-03-06 19:28:29.623 [main] RFBaseTest - Default DB Username is  ------ perftest
[INFO ] 2018-03-06 19:28:29.623 [main] RFBaseTest - Default DB Password is  ------ perftest
[INFO ] 2018-03-06 19:28:29.623 [main] RFBaseTest - Default DB Domain is  ------ RF
[INFO ] 2018-03-06 19:28:34.149 [main] RFWebsiteDriver - Window is maximized
[INFO ] 2018-03-06 19:28:34.149 [main] RFWebsiteDriver - All cookies deleted
[INFO ] 2018-03-06 19:28:34.149 [main] RFWebsiteDriver - URL opened is https://skywalker.rodanandfields.com
[INFO ] 2018-03-06 19:28:36.393 [main] RFLSDWebsiteBaseTest - Application loaded
[INFO ] 2018-03-06 19:28:36.412 [main] RFWebsiteDriver - DB connections are set
[INFO ] 2018-03-06 19:28:36.489 [main] DBUtil - QUERY TRIGGERED IS SELECT top 1 * FROM Commissions.[calcs].[vwQualificationSummary] where SV!=0 and PSQV!=0 and L1L2!=0 and L1L6!=0 and ECLegs > 0 and periodid= LEFT(CONVERT(varchar, GetDate(),112),6)  order by NewID() desc

[INFO ] 2018-03-06 19:28:37.248 [main] RFLSDWebsiteBaseTest - Data returned by query: 75000289
[INFO ] 2018-03-06 19:28:37.249 [main] DBUtil - QUERY TRIGGERED IS SELECT  ab.AccountID ,ac.FirstName ,ac.LastName ,acs.Username FROM  RFOperations.RFO_Accounts.AccountBase ab JOIN RFOperations.RFO_Accounts.AccountRF rf ON rf.AccountID = ab.AccountID JOIN RFOperations.RFO_Accounts.AccountContacts ac ON ac.AccountId = ab.AccountID LEFT JOIN RFOperations.Security.AccountSecurity acs ON acs.AccountID = ab.AccountID LEFT JOIN RFOperations.RFO_Reference.AccountType t ON t.AccountTypeID = ab.AccountTypeID LEFT JOIN RFOperations.RFO_Reference.AccountStatus s ON s.AccountStatusID = ab.AccountStatusID LEFT JOIN RFOperations.RFO_Reference.Countries c ON c.CountryID = ab.CountryID WHERE   ab.AccountID = 6816233

[INFO ] 2018-03-06 19:28:37.407 [main] RFLSDWebsiteBaseTest - Data returned by query: janna@kirkup.ca
[INFO ] 2018-03-06 19:28:37.409 [main] DBUtil - QUERY TRIGGERED IS select EmailAddress from RFO_Accounts.AccountContacts acTB INNER JOIN RFO_Accounts.AccountEmails aeTB  on acTB.AccountContactId=aeTB.AccountContactId INNER JOIN RFO_Accounts.EmailAddresses aEMTB on aeTB.EmailAddressID=aEMTB.EmailAddressID WHERE acTB.AccountID='6816233' and aEMTB.EmailAddressTypeID=1 

[INFO ] 2018-03-06 19:28:37.566 [main] RFLSDWebsiteBaseTest - Data returned by query: janna@kirkup.ca
[INFO ] 2018-03-06 19:28:37.567 [main] RFWebsiteDriver - Waiting for LSD loading image to get disappear
[INFO ] 2018-03-06 19:28:38.664 [main] RFWebsiteDriver - waiting..
[INFO ] 2018-03-06 19:28:38.685 [main] RFWebsiteDriver - LSD loading image disappears
[INFO ] 2018-03-06 19:28:38.804 [main] RFWebsiteDriver - waiting for locator By.id: username
[INFO ] 2018-03-06 19:28:38.824 [main] RFWebsiteDriver - Element found
[INFO ] 2018-03-06 19:28:38.824 [main] RFWebsiteDriver - Taking Screenshot
[INFO ] 2018-03-06 19:28:39.310 [main] RFWebsiteDriver - wait started for By.id: username
[INFO ] 2018-03-06 19:28:39.310 [main] RFWebsiteDriver - waiting for locator By.id: username
[INFO ] 2018-03-06 19:28:39.323 [main] RFWebsiteDriver - Element found
[INFO ] 2018-03-06 19:28:39.468 [main] RFWebsiteDriver - TYPED text as = janna@kirkup.ca in  text field
[INFO ] 2018-03-06 19:28:39.468 [main] LSDLoginPage - username is janna@kirkup.ca
[INFO ] 2018-03-06 19:28:39.468 [main] RFWebsiteDriver - wait started for By.id: password
[INFO ] 2018-03-06 19:28:39.469 [main] RFWebsiteDriver - waiting for locator By.id: password
[INFO ] 2018-03-06 19:28:39.489 [main] RFWebsiteDriver - Element found
[INFO ] 2018-03-06 19:28:39.612 [main] RFWebsiteDriver - TYPED text as = 111Maiden$ in  text field
[INFO ] 2018-03-06 19:28:39.612 [main] LSDLoginPage - password is 111Maiden$
[INFO ] 2018-03-06 19:28:39.612 [main] RFWebsiteDriver - wait started for By.id: button-login
[INFO ] 2018-03-06 19:28:39.612 [main] RFWebsiteDriver - waiting for locator By.id: button-login
[INFO ] 2018-03-06 19:28:39.636 [main] RFWebsiteDriver - Element found
[INFO ] 2018-03-06 19:28:39.636 [main] RFWebsiteDriver -  ready to be clicked
[INFO ] 2018-03-06 19:28:39.727 [main] RFWebsiteDriver - CLICKED on 
[INFO ] 2018-03-06 19:28:48.648 [main] RFWebsiteDriver - URL opened is https://skywalker.rodanandfields.com
[INFO ] 2018-03-06 19:28:49.109 [main] RFWebsiteDriver - Waiting for LSD loading image to get disappear
[INFO ] 2018-03-06 19:28:49.238 [main] RFWebsiteDriver - LSD Animation image disappears
[INFO ] 2018-03-06 19:28:49.238 [main] RFWebsiteDriver - waiting for locator By.id: button-login
[INFO ] 2018-03-06 19:28:54.729 [main] RFWebsiteDriver - waiting for locator By.xpath: //div[text()='Hello,']/following-sibling::div[contains(@class,'text-uppercase')]
[INFO ] 2018-03-06 19:28:54.740 [main] RFWebsiteDriver - Element found
[INFO ] 2018-03-06 19:28:54.752 [main] RFWebsiteDriver - waiting for locator By.xpath: //div[text()='Hello,']/following-sibling::div[contains(@class,'text-uppercase')]
[INFO ] 2018-03-06 19:28:54.766 [main] RFWebsiteDriver - Element found
[INFO ] 2018-03-06 19:28:54.820 [main] RFWebsiteDriver - TEXT fetched for First name in overview section is=JANNA
[INFO ] 2018-03-06 19:28:54.820 [main] RFLSDWebsiteBaseTest - Data returned by query: Janna
[INFO ] 2018-03-06 19:28:54.827 [main] RFWebsiteDriver - wait started for By.xpath: //div[@id='rf-nav-wrapper']/descendant::img[2]
[INFO ] 2018-03-06 19:28:54.827 [main] RFWebsiteDriver - waiting for locator By.xpath: //div[@id='rf-nav-wrapper']/descendant::img[2]
[INFO ] 2018-03-06 19:28:54.849 [main] RFWebsiteDriver - Element found
[INFO ] 2018-03-06 19:28:54.849 [main] RFWebsiteDriver - R+F logo ready to be clicked
[INFO ] 2018-03-06 19:28:54.949 [main] RFWebsiteDriver - CLICKED on R+F logo
[INFO ] 2018-03-06 19:28:55.058 [main] TestListner - 
******************************************************************************************************************************
					TEST CASE NAME:                  testTotalNumberOfPCsThisMonth_3013q
******************************************************************************************************************************
[INFO ] 2018-03-06 19:28:55.113 [main] RFWebsiteDriver - wait started for By.xpath: //div[@id='rf-nav-wrapper']/descendant::span[text()='Pulse'][1]
[INFO ] 2018-03-06 19:28:55.118 [main] RFWebsiteDriver - waiting for locator By.xpath: //div[@id='rf-nav-wrapper']/descendant::span[text()='Pulse'][1]
[INFO ] 2018-03-06 19:28:55.138 [main] RFWebsiteDriver - Element found
[INFO ] 2018-03-06 19:28:55.138 [main] RFWebsiteDriver -  ready to be clicked
[INFO ] 2018-03-06 19:28:55.240 [main] RFWebsiteDriver - CLICKED on 
[INFO ] 2018-03-06 19:28:55.241 [main] LSDHomePage - Clicked on Pulse Submenu from Top Navigation
[INFO ] 2018-03-06 19:28:55.300 [main] RFWebsiteDriver - wait started for By.xpath: //a[contains(text(),'Customers')]
[INFO ] 2018-03-06 19:28:55.300 [main] RFWebsiteDriver - waiting for locator By.xpath: //a[contains(text(),'Customers')]
[INFO ] 2018-03-06 19:28:55.310 [main] RFWebsiteDriver - Element found
[INFO ] 2018-03-06 19:28:55.310 [main] RFWebsiteDriver -  ready to be clicked
[INFO ] 2018-03-06 19:28:55.408 [main] RFWebsiteDriver - CLICKED on 
[INFO ] 2018-03-06 19:28:55.409 [main] LSDHomePage - SubMenu Link : Customers clicked
[INFO ] 2018-03-06 19:28:55.442 [main] RFWebsiteDriver - Waiting for spin image to get disappear0
[INFO ] 2018-03-06 19:28:55.457 [main] RFWebsiteDriver - spin image disappears
[INFO ] 2018-03-06 19:28:59.459 [main] DBUtil - QUERY TRIGGERED IS DECLARE @AccountID INT = 6816233 ;WITH PCAchievedOrders AS ( SELECT COUNT( ro.OrderID) Ocount , ro.ConsultantID FROM RFOperations.Hybris.orders (NOLOCK) ro JOIN RFOperations.RFO_Accounts.AccountBase ab ON ab.AccountID = ro.AccountID WHERE ro.ConsultantID = @AccountID AND ro.OrderStatusID IN ( 2, 4, 5 ) AND ab.AccountTypeID = 2 AND ro.CompletionDate BETWEEN CAST(DATEADD(DAY, 1, DATEADD(MONTH, -1, EOMONTH(GETDATE()))) AS DATE) AND GETDATE() AND ro.AutoShipID IS NOT NULL GROUP BY ro.ConsultantID ), PenddingPCTemplate AS ( SELECT COUNT( a.AutoshipID) PCount , a.ConsultantID FROM RFOperations.Hybris.Autoship (NOLOCK) a JOIN RFOperations.RFO_Accounts.AccountBase (NOLOCK) ab ON ab.AccountID = a.AccountID JOIN RFOperations.RFO_Accounts.AccountContacts ac ON ac.AccountId = ab.AccountID WHERE a.ConsultantID = @AccountID AND a.AutoshipTypeID = 1 AND ab.AccountTypeID = 2 AND a.Active = 1 AND CAST(a.NextRunDate AS DATE) BETWEEN CAST(DATEADD(DAY, 1, DATEADD(MONTH, -1, EOMONTH(GETDATE()))) AS DATE) AND EOMONTH(GETDATE()) GROUP BY a.ConsultantID ) SELECT ab.AccountID , ISNULL(p.PCount, 0) + ISNULL(o.Ocount, 0) AS [Totol PC Order Counts] FROM RFOperations.RFO_Accounts.AccountBase ab LEFT JOIN PCAchievedOrders o ON o.ConsultantID = ab.AccountID LEFT JOIN PenddingPCTemplate p ON p.ConsultantID = ab.AccountID WHERE ab.AccountID = @AccountID

[INFO ] 2018-03-06 19:28:59.735 [main] RFLSDWebsiteBaseTest - Data returned by query: 1
[INFO ] 2018-03-06 19:28:59.735 [main] RFWebsiteDriver - wait started for By.xpath: //div[@id='rf-nav-wrapper']/descendant::span[text()='Pulse'][1]
[INFO ] 2018-03-06 19:28:59.736 [main] RFWebsiteDriver - waiting for locator By.xpath: //div[@id='rf-nav-wrapper']/descendant::span[text()='Pulse'][1]
[INFO ] 2018-03-06 19:28:59.773 [main] RFWebsiteDriver - Element found
[INFO ] 2018-03-06 19:28:59.774 [main] RFWebsiteDriver -  ready to be clicked
[INFO ] 2018-03-06 19:28:59.885 [main] RFWebsiteDriver - CLICKED on 
[INFO ] 2018-03-06 19:28:59.886 [main] LSDHomePage - Clicked on Pulse Submenu from Top Navigation
[INFO ] 2018-03-06 19:28:59.921 [main] RFWebsiteDriver - wait started for By.xpath: //a[contains(text(),'Customers')]
[INFO ] 2018-03-06 19:28:59.922 [main] RFWebsiteDriver - waiting for locator By.xpath: //a[contains(text(),'Customers')]
[INFO ] 2018-03-06 19:28:59.930 [main] RFWebsiteDriver - Element found
[INFO ] 2018-03-06 19:28:59.931 [main] RFWebsiteDriver -  ready to be clicked
[INFO ] 2018-03-06 19:28:59.967 [main] RFWebsiteDriver - CLICKED on 
[INFO ] 2018-03-06 19:28:59.967 [main] LSDHomePage - SubMenu Link : Customers clicked
[INFO ] 2018-03-06 19:28:59.982 [main] RFWebsiteDriver - Waiting for spin image to get disappear0
[INFO ] 2018-03-06 19:28:59.994 [main] RFWebsiteDriver - spin image disappears
[INFO ] 2018-03-06 19:29:04.044 [main] RFWebsiteDriver - Waiting for spin image to get disappear0
[INFO ] 2018-03-06 19:29:04.069 [main] RFWebsiteDriver - spin image disappears
[INFO ] 2018-03-06 19:29:04.069 [main] RFWebsiteDriver - waiting for locator By.xpath: //div[contains(@class,'white-fb')]/descendant::a[1]/descendant::span[2]
[INFO ] 2018-03-06 19:29:04.103 [main] RFWebsiteDriver - Element found
[INFO ] 2018-03-06 19:29:04.143 [main] RFWebsiteDriver - TEXT fetched for count of pc autoship orders for this month is=1
[INFO ] 2018-03-06 19:29:11.146 [main] RFWebsiteDriver - wait started for By.xpath: //div[contains(@class,'white-fb')]/descendant::a[1]/descendant::span[1]
[INFO ] 2018-03-06 19:29:11.147 [main] RFWebsiteDriver - waiting for locator By.xpath: //div[contains(@class,'white-fb')]/descendant::a[1]/descendant::span[1]
[INFO ] 2018-03-06 19:29:11.206 [main] RFWebsiteDriver - Element found
[INFO ] 2018-03-06 19:29:11.207 [main] RFWebsiteDriver - have orders for this month ready to be clicked
[INFO ] 2018-03-06 19:29:11.298 [main] RFWebsiteDriver - CLICKED on have orders for this month
[INFO ] 2018-03-06 19:29:11.410 [main] RFWebsiteDriver - CLICKED on 
[INFO ] 2018-03-06 19:29:11.410 [main] RFWebsiteDriver - wait started for By.xpath: //h1[contains(text(),'have orders this month')]/preceding::span[1]
[INFO ] 2018-03-06 19:29:11.411 [main] RFWebsiteDriver - waiting for locator By.xpath: //h1[contains(text(),'have orders this month')]/preceding::span[1]
[INFO ] 2018-03-06 19:29:11.977 [main] RFWebsiteDriver - Element found
[INFO ] 2018-03-06 19:29:11.978 [main] RFWebsiteDriver - waiting for locator By.xpath: //h1[contains(text(),'have orders this month')]/preceding::span[1]
[INFO ] 2018-03-06 19:29:12.014 [main] RFWebsiteDriver - Element found
[INFO ] 2018-03-06 19:29:12.076 [main] RFWebsiteDriver - TEXT fetched for count of pc autoship orders for this month at header is=1
[INFO ] 2018-03-06 19:29:12.077 [main] TestListner - [TEST IS SUCCESSFUL -------- Test case testTotalNumberOfPCsThisMonth_3013q has passed]
[INFO ] 2018-03-06 19:29:12.104 [main] RFWebsiteDriver - URL opened is https://skywalker.rodanandfields.com
[INFO ] 2018-03-06 19:29:12.695 [main] RFWebsiteDriver - Waiting for LSD loading image to get disappear
[INFO ] 2018-03-06 19:29:12.903 [main] RFWebsiteDriver - LSD Animation image disappears
[INFO ] 2018-03-06 19:29:12.903 [main] RFWebsiteDriver - Waiting for LSD loading image to get disappear
[INFO ] 2018-03-06 19:29:13.990 [main] RFWebsiteDriver - waiting..
[INFO ] 2018-03-06 19:29:15.015 [main] RFWebsiteDriver - waiting..
[INFO ] 2018-03-06 19:29:15.127 [main] RFWebsiteDriver - LSD loading image disappears
[INFO ] 2018-03-06 19:29:15.128 [main] RFWebsiteDriver - waiting for locator By.xpath: //div[@id='rf-nav-wrapper']/descendant::span[text()='Pulse'][1]
[INFO ] 2018-03-06 19:29:15.150 [main] RFWebsiteDriver - Element found
[INFO ] 2018-03-06 19:29:15.150 [main] RFWebsiteDriver - wait started for By.xpath: //div[@id='rf-nav-wrapper']/descendant::span[text()='Pulse'][1]
[INFO ] 2018-03-06 19:29:15.150 [main] RFWebsiteDriver - waiting for locator By.xpath: //div[@id='rf-nav-wrapper']/descendant::span[text()='Pulse'][1]
[INFO ] 2018-03-06 19:29:15.173 [main] RFWebsiteDriver - Element found
[INFO ] 2018-03-06 19:29:15.173 [main] RFWebsiteDriver - Pulse in top navigation ready to be clicked
[INFO ] 2018-03-06 19:29:15.250 [main] RFWebsiteDriver - CLICKED on Pulse in top navigation
[INFO ] 2018-03-06 19:29:15.250 [main] LSDRFWebsiteBasePage - Pulse in top navigation clicked
[INFO ] 2018-03-06 19:29:15.250 [main] LSDRFWebsiteBasePage - Logging out from pulse application
[INFO ] 2018-03-06 19:29:15.346 [main] RFWebsiteDriver - CLICKED on 
[INFO ] 2018-03-06 19:29:15.346 [main] RFWebsiteDriver - Waiting for LSD loading image to get disappear
[INFO ] 2018-03-06 19:29:15.368 [main] RFWebsiteDriver - LSD loading image disappears
