[INFO ] 2018-03-05 11:22:20.797 [main] RFBaseTest - Environment properties are not provided by the user ... loading the default properties
[INFO ] 2018-03-05 11:22:20.798 [main] RFBaseTest - Default Browser is  ------ chrome
[INFO ] 2018-03-05 11:22:20.798 [main] RFBaseTest - Default URL is  ------ https://skywalker.rodanandfields.com
[INFO ] 2018-03-05 11:22:20.798 [main] RFBaseTest - Default user password is  ------ 111Maiden$
[INFO ] 2018-03-05 11:22:20.798 [main] RFBaseTest - Default Country is  ------ us
[INFO ] 2018-03-05 11:22:20.798 [main] RFBaseTest - Default DB IP is  ------ 10.3.0.218
[INFO ] 2018-03-05 11:22:20.798 [main] RFBaseTest - Default DB Username is  ------ perftest
[INFO ] 2018-03-05 11:22:20.798 [main] RFBaseTest - Default DB Password is  ------ perftest
[INFO ] 2018-03-05 11:22:20.798 [main] RFBaseTest - Default DB Domain is  ------ RF
[INFO ] 2018-03-05 11:22:30.426 [main] RFWebsiteDriver - Window is maximized
[INFO ] 2018-03-05 11:22:30.427 [main] RFWebsiteDriver - All cookies deleted
[INFO ] 2018-03-05 11:22:30.427 [main] RFWebsiteDriver - URL opened is https://skywalker.rodanandfields.com
[INFO ] 2018-03-05 11:22:34.155 [main] RFLSDWebsiteBaseTest - Application loaded
[INFO ] 2018-03-05 11:22:34.181 [main] RFWebsiteDriver - DB connections are set
[INFO ] 2018-03-05 11:22:34.274 [main] DBUtil - QUERY TRIGGERED IS SELECT top 1 * FROM Commissions.[calcs].[vwQualificationSummary] where SV!=0 and PSQV!=0 and L1L2!=0 and L1L6!=0 and ECLegs > 0 and periodid= LEFT(CONVERT(varchar, GetDate(),112),6)  order by NewID() desc

[INFO ] 2018-03-05 11:22:34.884 [main] RFLSDWebsiteBaseTest - Data returned by query: 1496
[INFO ] 2018-03-05 11:22:34.887 [main] DBUtil - QUERY TRIGGERED IS SELECT  ab.AccountID ,ac.FirstName ,ac.LastName ,acs.Username FROM  RFOperations.RFO_Accounts.AccountBase ab JOIN RFOperations.RFO_Accounts.AccountRF rf ON rf.AccountID = ab.AccountID JOIN RFOperations.RFO_Accounts.AccountContacts ac ON ac.AccountId = ab.AccountID LEFT JOIN RFOperations.Security.AccountSecurity acs ON acs.AccountID = ab.AccountID LEFT JOIN RFOperations.RFO_Reference.AccountType t ON t.AccountTypeID = ab.AccountTypeID LEFT JOIN RFOperations.RFO_Reference.AccountStatus s ON s.AccountStatusID = ab.AccountStatusID LEFT JOIN RFOperations.RFO_Reference.Countries c ON c.CountryID = ab.CountryID WHERE   ab.AccountID = 1496

[INFO ] 2018-03-05 11:22:35.035 [main] RFLSDWebsiteBaseTest - Data returned by query: skincareconsultants@gmail.com
[INFO ] 2018-03-05 11:22:35.036 [main] DBUtil - QUERY TRIGGERED IS select EmailAddress from RFO_Accounts.AccountContacts acTB INNER JOIN RFO_Accounts.AccountEmails aeTB  on acTB.AccountContactId=aeTB.AccountContactId INNER JOIN RFO_Accounts.EmailAddresses aEMTB on aeTB.EmailAddressID=aEMTB.EmailAddressID WHERE acTB.AccountID='1496' and aEMTB.EmailAddressTypeID=1 

[INFO ] 2018-03-05 11:22:35.148 [main] RFLSDWebsiteBaseTest - Data returned by query: skincareconsultants@gmail.com
[INFO ] 2018-03-05 11:22:35.149 [main] RFWebsiteDriver - Waiting for LSD loading image to get disappear
[INFO ] 2018-03-05 11:22:36.206 [main] RFWebsiteDriver - waiting..
[INFO ] 2018-03-05 11:22:36.224 [main] RFWebsiteDriver - LSD loading image disappears
[INFO ] 2018-03-05 11:22:36.280 [main] RFWebsiteDriver - waiting for locator By.id: username
[INFO ] 2018-03-05 11:22:36.289 [main] RFWebsiteDriver - Element found
[INFO ] 2018-03-05 11:22:36.289 [main] RFWebsiteDriver - Taking Screenshot
[INFO ] 2018-03-05 11:22:36.890 [main] RFWebsiteDriver - wait started for By.id: username
[INFO ] 2018-03-05 11:22:36.890 [main] RFWebsiteDriver - waiting for locator By.id: username
[INFO ] 2018-03-05 11:22:36.902 [main] RFWebsiteDriver - Element found
[INFO ] 2018-03-05 11:22:37.078 [main] RFWebsiteDriver - TYPED text as = skincareconsultants@gmail.com in  text field
[INFO ] 2018-03-05 11:22:37.079 [main] LSDLoginPage - username is skincareconsultants@gmail.com
[INFO ] 2018-03-05 11:22:37.079 [main] RFWebsiteDriver - wait started for By.id: password
[INFO ] 2018-03-05 11:22:37.079 [main] RFWebsiteDriver - waiting for locator By.id: password
[INFO ] 2018-03-05 11:22:37.095 [main] RFWebsiteDriver - Element found
[INFO ] 2018-03-05 11:22:37.219 [main] RFWebsiteDriver - TYPED text as = 111Maiden$ in  text field
[INFO ] 2018-03-05 11:22:37.219 [main] LSDLoginPage - password is 111Maiden$
[INFO ] 2018-03-05 11:22:37.219 [main] RFWebsiteDriver - wait started for By.id: button-login
[INFO ] 2018-03-05 11:22:37.219 [main] RFWebsiteDriver - waiting for locator By.id: button-login
[INFO ] 2018-03-05 11:22:37.238 [main] RFWebsiteDriver - Element found
[INFO ] 2018-03-05 11:22:37.238 [main] RFWebsiteDriver -  ready to be clicked
[INFO ] 2018-03-05 11:22:37.315 [main] RFWebsiteDriver - CLICKED on 
[INFO ] 2018-03-05 11:22:48.612 [main] RFWebsiteDriver - URL opened is https://skywalker.rodanandfields.com
[INFO ] 2018-03-05 11:22:49.086 [main] RFWebsiteDriver - Waiting for LSD loading image to get disappear
[INFO ] 2018-03-05 11:22:49.288 [main] RFWebsiteDriver - LSD Animation image disappears
[INFO ] 2018-03-05 11:22:49.288 [main] RFWebsiteDriver - waiting for locator By.id: button-login
[INFO ] 2018-03-05 11:22:54.590 [main] RFWebsiteDriver - waiting for locator By.xpath: //div[text()='Hello,']/following-sibling::div[contains(@class,'text-uppercase')]
[INFO ] 2018-03-05 11:22:54.598 [main] RFWebsiteDriver - Element found
[INFO ] 2018-03-05 11:22:54.608 [main] RFWebsiteDriver - waiting for locator By.xpath: //div[text()='Hello,']/following-sibling::div[contains(@class,'text-uppercase')]
[INFO ] 2018-03-05 11:22:54.617 [main] RFWebsiteDriver - Element found
[INFO ] 2018-03-05 11:22:54.651 [main] RFWebsiteDriver - TEXT fetched for First name in overview section is=SARAH
[INFO ] 2018-03-05 11:22:54.651 [main] RFLSDWebsiteBaseTest - Data returned by query: Sarah
[INFO ] 2018-03-05 11:22:54.657 [main] RFWebsiteDriver - wait started for By.xpath: //div[@id='rf-nav-wrapper']/descendant::img[2]
[INFO ] 2018-03-05 11:22:54.657 [main] RFWebsiteDriver - waiting for locator By.xpath: //div[@id='rf-nav-wrapper']/descendant::img[2]
[INFO ] 2018-03-05 11:22:54.673 [main] RFWebsiteDriver - Element found
[INFO ] 2018-03-05 11:22:54.673 [main] RFWebsiteDriver - R+F logo ready to be clicked
[INFO ] 2018-03-05 11:22:54.758 [main] RFWebsiteDriver - CLICKED on R+F logo
[INFO ] 2018-03-05 11:22:54.857 [main] TestListner - 
******************************************************************************************************************************
					TEST CASE NAME:                  testTotalNumberOfPCsThisMonth_3013q
******************************************************************************************************************************
[INFO ] 2018-03-05 11:22:54.899 [main] RFWebsiteDriver - wait started for By.xpath: //div[@id='rf-nav-wrapper']/descendant::span[text()='Pulse'][1]
[INFO ] 2018-03-05 11:22:54.899 [main] RFWebsiteDriver - waiting for locator By.xpath: //div[@id='rf-nav-wrapper']/descendant::span[text()='Pulse'][1]
[INFO ] 2018-03-05 11:22:54.916 [main] RFWebsiteDriver - Element found
[INFO ] 2018-03-05 11:22:54.916 [main] RFWebsiteDriver -  ready to be clicked
[INFO ] 2018-03-05 11:22:54.990 [main] RFWebsiteDriver - CLICKED on 
[INFO ] 2018-03-05 11:22:54.991 [main] LSDHomePage - Clicked on Pulse Submenu from Top Navigation
[INFO ] 2018-03-05 11:22:55.045 [main] RFWebsiteDriver - wait started for By.xpath: //a[contains(text(),'Customers')]
[INFO ] 2018-03-05 11:22:55.045 [main] RFWebsiteDriver - waiting for locator By.xpath: //a[contains(text(),'Customers')]
[INFO ] 2018-03-05 11:22:55.055 [main] RFWebsiteDriver - Element found
[INFO ] 2018-03-05 11:22:55.056 [main] RFWebsiteDriver -  ready to be clicked
[INFO ] 2018-03-05 11:22:55.141 [main] RFWebsiteDriver - CLICKED on 
[INFO ] 2018-03-05 11:22:55.142 [main] LSDHomePage - SubMenu Link : Customers clicked
[INFO ] 2018-03-05 11:22:55.167 [main] RFWebsiteDriver - Waiting for spin image to get disappear0
[INFO ] 2018-03-05 11:22:55.180 [main] RFWebsiteDriver - spin image disappears
[INFO ] 2018-03-05 11:22:59.182 [main] DBUtil - QUERY TRIGGERED IS DECLARE @AccountID INT = 1496 ;WITH PCAchievedOrders AS ( SELECT COUNT( ro.OrderID) Ocount , ro.ConsultantID FROM RFOperations.Hybris.orders (NOLOCK) ro JOIN RFOperations.RFO_Accounts.AccountBase ab ON ab.AccountID = ro.AccountID WHERE ro.ConsultantID = @AccountID AND ro.OrderStatusID IN ( 2, 4, 5 ) AND ab.AccountTypeID = 2 AND ro.CompletionDate BETWEEN CAST(DATEADD(DAY, 1, DATEADD(MONTH, -1, EOMONTH(GETDATE()))) AS DATE) AND GETDATE() AND ro.AutoShipID IS NOT NULL GROUP BY ro.ConsultantID ), PenddingPCTemplate AS ( SELECT COUNT( a.AutoshipID) PCount , a.ConsultantID FROM RFOperations.Hybris.Autoship (NOLOCK) a JOIN RFOperations.RFO_Accounts.AccountBase (NOLOCK) ab ON ab.AccountID = a.AccountID JOIN RFOperations.RFO_Accounts.AccountContacts ac ON ac.AccountId = ab.AccountID WHERE a.ConsultantID = @AccountID AND a.AutoshipTypeID = 1 AND ab.AccountTypeID = 2 AND a.Active = 1 AND CAST(a.NextRunDate AS DATE) BETWEEN CAST(DATEADD(DAY, 1, DATEADD(MONTH, -1, EOMONTH(GETDATE()))) AS DATE) AND EOMONTH(GETDATE()) GROUP BY a.ConsultantID ) SELECT ab.AccountID , ISNULL(p.PCount, 0) + ISNULL(o.Ocount, 0) AS [Totol PC Order Counts] FROM RFOperations.RFO_Accounts.AccountBase ab LEFT JOIN PCAchievedOrders o ON o.ConsultantID = ab.AccountID LEFT JOIN PenddingPCTemplate p ON p.ConsultantID = ab.AccountID WHERE ab.AccountID = @AccountID

[INFO ] 2018-03-05 11:22:59.308 [main] RFLSDWebsiteBaseTest - Data returned by query: 5
[INFO ] 2018-03-05 11:22:59.308 [main] RFWebsiteDriver - wait started for By.xpath: //div[@id='rf-nav-wrapper']/descendant::span[text()='Pulse'][1]
[INFO ] 2018-03-05 11:22:59.308 [main] RFWebsiteDriver - waiting for locator By.xpath: //div[@id='rf-nav-wrapper']/descendant::span[text()='Pulse'][1]
[INFO ] 2018-03-05 11:22:59.320 [main] RFWebsiteDriver - Element found
[INFO ] 2018-03-05 11:22:59.320 [main] RFWebsiteDriver -  ready to be clicked
[INFO ] 2018-03-05 11:22:59.383 [main] RFWebsiteDriver - CLICKED on 
[INFO ] 2018-03-05 11:22:59.383 [main] LSDHomePage - Clicked on Pulse Submenu from Top Navigation
[INFO ] 2018-03-05 11:22:59.421 [main] RFWebsiteDriver - wait started for By.xpath: //a[contains(text(),'Customers')]
[INFO ] 2018-03-05 11:22:59.422 [main] RFWebsiteDriver - waiting for locator By.xpath: //a[contains(text(),'Customers')]
[INFO ] 2018-03-05 11:22:59.446 [main] RFWebsiteDriver - Element found
[INFO ] 2018-03-05 11:22:59.447 [main] RFWebsiteDriver -  ready to be clicked
[INFO ] 2018-03-05 11:22:59.503 [main] RFWebsiteDriver - CLICKED on 
[INFO ] 2018-03-05 11:22:59.504 [main] LSDHomePage - SubMenu Link : Customers clicked
[INFO ] 2018-03-05 11:22:59.517 [main] RFWebsiteDriver - Waiting for spin image to get disappear1
[INFO ] 2018-03-05 11:23:00.527 [main] RFWebsiteDriver - waiting..
[INFO ] 2018-03-05 11:23:01.549 [main] RFWebsiteDriver - waiting..
[INFO ] 2018-03-05 11:23:02.562 [main] RFWebsiteDriver - waiting..
[INFO ] 2018-03-05 11:23:03.571 [main] RFWebsiteDriver - waiting..
[INFO ] 2018-03-05 11:23:04.580 [main] RFWebsiteDriver - waiting..
[INFO ] 2018-03-05 11:23:05.590 [main] RFWebsiteDriver - waiting..
[INFO ] 2018-03-05 11:23:06.601 [main] RFWebsiteDriver - waiting..
[INFO ] 2018-03-05 11:23:07.610 [main] RFWebsiteDriver - waiting..
[INFO ] 2018-03-05 11:23:08.621 [main] RFWebsiteDriver - waiting..
[INFO ] 2018-03-05 11:23:09.630 [main] RFWebsiteDriver - waiting..
[INFO ] 2018-03-05 11:23:13.649 [main] RFWebsiteDriver - Waiting for spin image to get disappear0
[INFO ] 2018-03-05 11:23:13.658 [main] RFWebsiteDriver - spin image disappears
[INFO ] 2018-03-05 11:23:13.658 [main] RFWebsiteDriver - waiting for locator By.xpath: //div[contains(@class,'white-fb')]/descendant::a[1]/descendant::span[2]
[INFO ] 2018-03-05 11:23:13.678 [main] RFWebsiteDriver - Element found
[INFO ] 2018-03-05 11:23:13.717 [main] RFWebsiteDriver - TEXT fetched for count of pc autoship orders for this month is=5
[INFO ] 2018-03-05 11:23:20.723 [main] RFWebsiteDriver - wait started for By.xpath: //div[contains(@class,'white-fb')]/descendant::a[1]/descendant::span[1]
[INFO ] 2018-03-05 11:23:20.723 [main] RFWebsiteDriver - waiting for locator By.xpath: //div[contains(@class,'white-fb')]/descendant::a[1]/descendant::span[1]
[INFO ] 2018-03-05 11:23:20.756 [main] RFWebsiteDriver - Element found
[INFO ] 2018-03-05 11:23:20.756 [main] RFWebsiteDriver - have orders for this month ready to be clicked
[INFO ] 2018-03-05 11:23:20.820 [main] RFWebsiteDriver - CLICKED on have orders for this month
[INFO ] 2018-03-05 11:23:20.934 [main] RFWebsiteDriver - CLICKED on 
[INFO ] 2018-03-05 11:23:20.935 [main] RFWebsiteDriver - wait started for By.xpath: //h1[contains(text(),'have orders this month')]/preceding::span[1]
[INFO ] 2018-03-05 11:23:20.935 [main] RFWebsiteDriver - waiting for locator By.xpath: //h1[contains(text(),'have orders this month')]/preceding::span[1]
[INFO ] 2018-03-05 11:23:21.482 [main] RFWebsiteDriver - Element found
[INFO ] 2018-03-05 11:23:21.483 [main] RFWebsiteDriver - waiting for locator By.xpath: //h1[contains(text(),'have orders this month')]/preceding::span[1]
[INFO ] 2018-03-05 11:23:21.499 [main] RFWebsiteDriver - Element found
[INFO ] 2018-03-05 11:23:21.534 [main] RFWebsiteDriver - TEXT fetched for count of pc autoship orders for this month at header is=5
[INFO ] 2018-03-05 11:23:21.535 [main] TestListner - [TEST IS SUCCESSFUL -------- Test case testTotalNumberOfPCsThisMonth_3013q has passed]
[INFO ] 2018-03-05 11:23:21.551 [main] RFWebsiteDriver - URL opened is https://skywalker.rodanandfields.com
[INFO ] 2018-03-05 11:23:22.113 [main] RFWebsiteDriver - Waiting for LSD loading image to get disappear
[INFO ] 2018-03-05 11:23:22.219 [main] RFWebsiteDriver - LSD Animation image disappears
[INFO ] 2018-03-05 11:23:22.220 [main] RFWebsiteDriver - Waiting for LSD loading image to get disappear
[INFO ] 2018-03-05 11:23:23.307 [main] RFWebsiteDriver - waiting..
[INFO ] 2018-03-05 11:23:24.326 [main] RFWebsiteDriver - waiting..
[INFO ] 2018-03-05 11:23:24.340 [main] RFWebsiteDriver - LSD loading image disappears
[INFO ] 2018-03-05 11:23:24.340 [main] RFWebsiteDriver - waiting for locator By.xpath: //div[@id='rf-nav-wrapper']/descendant::span[text()='Pulse'][1]
[INFO ] 2018-03-05 11:23:24.351 [main] RFWebsiteDriver - Element found
[INFO ] 2018-03-05 11:23:24.351 [main] RFWebsiteDriver - wait started for By.xpath: //div[@id='rf-nav-wrapper']/descendant::span[text()='Pulse'][1]
[INFO ] 2018-03-05 11:23:24.351 [main] RFWebsiteDriver - waiting for locator By.xpath: //div[@id='rf-nav-wrapper']/descendant::span[text()='Pulse'][1]
[INFO ] 2018-03-05 11:23:24.359 [main] RFWebsiteDriver - Element found
[INFO ] 2018-03-05 11:23:24.360 [main] RFWebsiteDriver - Pulse in top navigation ready to be clicked
[INFO ] 2018-03-05 11:23:24.437 [main] RFWebsiteDriver - CLICKED on Pulse in top navigation
[INFO ] 2018-03-05 11:23:24.438 [main] LSDRFWebsiteBasePage - Pulse in top navigation clicked
[INFO ] 2018-03-05 11:23:24.438 [main] LSDRFWebsiteBasePage - Logging out from pulse application
[INFO ] 2018-03-05 11:23:24.522 [main] RFWebsiteDriver - CLICKED on 
[INFO ] 2018-03-05 11:23:24.522 [main] RFWebsiteDriver - Waiting for LSD loading image to get disappear
[INFO ] 2018-03-05 11:23:24.538 [main] RFWebsiteDriver - LSD loading image disappears
