[DEBUG] 2018-02-28 15:47:38.691 [main] RFBaseTest - Started execution with  null
[INFO ] 2018-02-28 15:47:38.697 [main] RFBaseTest - Environment properties are not provided by the user ... loading the default properties
[INFO ] 2018-02-28 15:47:38.698 [main] RFBaseTest - Default Browser is  ------ chrome
[INFO ] 2018-02-28 15:47:38.698 [main] RFBaseTest - Default URL is  ------ https://skywalker.rodanandfields.com
[INFO ] 2018-02-28 15:47:38.698 [main] RFBaseTest - Default user password is  ------ 111Maiden$
[INFO ] 2018-02-28 15:47:38.698 [main] RFBaseTest - Default Country is  ------ us
[INFO ] 2018-02-28 15:47:38.698 [main] RFBaseTest - Default DB IP is  ------ 10.3.0.218
[INFO ] 2018-02-28 15:47:38.698 [main] RFBaseTest - Default DB Username is  ------ perftest
[INFO ] 2018-02-28 15:47:38.698 [main] RFBaseTest - Default DB Password is  ------ perftest
[INFO ] 2018-02-28 15:47:38.698 [main] RFBaseTest - Default DB Domain is  ------ RF
[INFO ] 2018-02-28 15:47:43.053 [main] RFWebsiteDriver - Window is maximized
[INFO ] 2018-02-28 15:47:43.053 [main] RFWebsiteDriver - All cookies deleted
[INFO ] 2018-02-28 15:47:43.053 [main] RFWebsiteDriver - URL opened is https://skywalker.rodanandfields.com
[INFO ] 2018-02-28 15:47:45.555 [main] RFLSDWebsiteBaseTest - Application loaded
[INFO ] 2018-02-28 15:47:45.570 [main] RFWebsiteDriver - DB connections are set
[INFO ] 2018-02-28 15:47:45.629 [main] DBUtil - QUERY TRIGGERED IS SELECT TOP 1 FROM    Commissions.calcs.vwQualificationSummary WHERE SV <> 0 AND PSQV <> 0  AND ECLegs > 2 AND L1L2 <> 0  AND L1L6 <> 0 AND PeriodID = LEFT(CONVERT(VARCHAR, GETDATE(), 112), 6) ORDER BY NEWID()

[INFO ] 2018-02-28 15:47:46.756 [main] TestListner - 
******************************************************************************************************************************
					TEST CASE NAME:                  testConsultantCardComponents_2876q
******************************************************************************************************************************
[INFO ] 2018-02-28 15:47:46.814 [main] TestListner - 
******************************************************************************************************************************
					TEST CASE NAME:                  testConsultantCardComponents_2876q
******************************************************************************************************************************
[INFO ] 2018-02-28 15:47:46.815 [main] TestListner - [TEST IS SKIPPED -------- Test case testConsultantCardComponents_2876q skipped]
[INFO ] 2018-02-28 15:47:46.924 [main] TestListner - [TEST IS SKIPPED -------- Test case testConsultantCardComponents_2876q skipped]
[INFO ] 2018-02-28 15:47:46.927 [main] TestListner - 
******************************************************************************************************************************
					TEST CASE NAME:                  testFAQNavigation_2953q
******************************************************************************************************************************
[INFO ] 2018-02-28 15:47:46.930 [main] TestListner - 
******************************************************************************************************************************
					TEST CASE NAME:                  testFAQNavigation_2953q
******************************************************************************************************************************
[INFO ] 2018-02-28 15:47:46.930 [main] TestListner - [TEST IS SKIPPED -------- Test case testFAQNavigation_2953q skipped]
[INFO ] 2018-02-28 15:47:46.934 [main] TestListner - [TEST IS SKIPPED -------- Test case testFAQNavigation_2953q skipped]
[INFO ] 2018-02-28 15:47:46.936 [main] TestListner - 
******************************************************************************************************************************
					TEST CASE NAME:                  testMainMenuLinks_2631q
******************************************************************************************************************************
[INFO ] 2018-02-28 15:47:46.939 [main] TestListner - 
******************************************************************************************************************************
					TEST CASE NAME:                  testMainMenuLinks_2631q
******************************************************************************************************************************
[INFO ] 2018-02-28 15:47:46.940 [main] TestListner - [TEST IS SKIPPED -------- Test case testMainMenuLinks_2631q skipped]
[INFO ] 2018-02-28 15:47:46.943 [main] TestListner - [TEST IS SKIPPED -------- Test case testMainMenuLinks_2631q skipped]
[INFO ] 2018-02-28 15:47:46.957 [main] TestListner - 
******************************************************************************************************************************
					TEST CASE NAME:                  testSortingMenuForViewAllConsultants_3328q
******************************************************************************************************************************
[INFO ] 2018-02-28 15:47:46.974 [main] TestListner - 
******************************************************************************************************************************
					TEST CASE NAME:                  testSortingMenuForViewAllConsultants_3328q
******************************************************************************************************************************
[INFO ] 2018-02-28 15:47:46.974 [main] TestListner - [TEST IS SKIPPED -------- Test case testSortingMenuForViewAllConsultants_3328q skipped]
[INFO ] 2018-02-28 15:47:46.983 [main] TestListner - [TEST IS SKIPPED -------- Test case testSortingMenuForViewAllConsultants_3328q skipped]
[INFO ] 2018-02-28 15:47:46.993 [main] TestListner - 
******************************************************************************************************************************
					TEST CASE NAME:                  testVerifyTabsWith6Level_3238q
******************************************************************************************************************************
[INFO ] 2018-02-28 15:47:46.997 [main] TestListner - 
******************************************************************************************************************************
					TEST CASE NAME:                  testVerifyTabsWith6Level_3238q
******************************************************************************************************************************
[INFO ] 2018-02-28 15:47:46.998 [main] TestListner - [TEST IS SKIPPED -------- Test case testVerifyTabsWith6Level_3238q skipped]
[INFO ] 2018-02-28 15:47:47.002 [main] TestListner - [TEST IS SKIPPED -------- Test case testVerifyTabsWith6Level_3238q skipped]
[INFO ] 2018-02-28 15:47:47.005 [main] TestListner - 
******************************************************************************************************************************
					TEST CASE NAME:                  testVerifyLeadTheWayLink_1455q
******************************************************************************************************************************
[INFO ] 2018-02-28 15:47:47.008 [main] TestListner - 
******************************************************************************************************************************
					TEST CASE NAME:                  testVerifyLeadTheWayLink_1455q
******************************************************************************************************************************
[INFO ] 2018-02-28 15:47:47.009 [main] TestListner - [TEST IS SKIPPED -------- Test case testVerifyLeadTheWayLink_1455q skipped]
[INFO ] 2018-02-28 15:47:47.021 [main] TestListner - [TEST IS SKIPPED -------- Test case testVerifyLeadTheWayLink_1455q skipped]
[INFO ] 2018-02-28 15:47:47.024 [main] TestListner - 
******************************************************************************************************************************
					TEST CASE NAME:                  testVerifyRFConnectionLink_1456q
******************************************************************************************************************************
[INFO ] 2018-02-28 15:47:47.027 [main] TestListner - 
******************************************************************************************************************************
					TEST CASE NAME:                  testVerifyRFConnectionLink_1456q
******************************************************************************************************************************
[INFO ] 2018-02-28 15:47:47.028 [main] TestListner - [TEST IS SKIPPED -------- Test case testVerifyRFConnectionLink_1456q skipped]
[INFO ] 2018-02-28 15:47:47.036 [main] TestListner - [TEST IS SKIPPED -------- Test case testVerifyRFConnectionLink_1456q skipped]
[INFO ] 2018-02-28 15:47:47.041 [main] TestListner - 
******************************************************************************************************************************
					TEST CASE NAME:                  testVerifyRFJourneyLink_1457q
******************************************************************************************************************************
[INFO ] 2018-02-28 15:47:47.043 [main] TestListner - 
******************************************************************************************************************************
					TEST CASE NAME:                  testVerifyRFJourneyLink_1457q
******************************************************************************************************************************
[INFO ] 2018-02-28 15:47:47.044 [main] TestListner - [TEST IS SKIPPED -------- Test case testVerifyRFJourneyLink_1457q skipped]
[INFO ] 2018-02-28 15:47:47.048 [main] TestListner - [TEST IS SKIPPED -------- Test case testVerifyRFJourneyLink_1457q skipped]
[INFO ] 2018-02-28 15:47:47.055 [main] TestListner - 
******************************************************************************************************************************
					TEST CASE NAME:                  testVerifyRFMallLink_1458q
******************************************************************************************************************************
[INFO ] 2018-02-28 15:47:47.064 [main] TestListner - 
******************************************************************************************************************************
					TEST CASE NAME:                  testVerifyRFMallLink_1458q
******************************************************************************************************************************
[INFO ] 2018-02-28 15:47:47.064 [main] TestListner - [TEST IS SKIPPED -------- Test case testVerifyRFMallLink_1458q skipped]
[INFO ] 2018-02-28 15:47:47.099 [main] TestListner - [TEST IS SKIPPED -------- Test case testVerifyRFMallLink_1458q skipped]
[INFO ] 2018-02-28 15:47:47.102 [main] TestListner - 
******************************************************************************************************************************
					TEST CASE NAME:                  testVerifyRFPaydayLink_1459q
******************************************************************************************************************************
[INFO ] 2018-02-28 15:47:47.109 [main] TestListner - 
******************************************************************************************************************************
					TEST CASE NAME:                  testVerifyRFPaydayLink_1459q
******************************************************************************************************************************
[INFO ] 2018-02-28 15:47:47.110 [main] TestListner - [TEST IS SKIPPED -------- Test case testVerifyRFPaydayLink_1459q skipped]
[INFO ] 2018-02-28 15:47:47.119 [main] TestListner - [TEST IS SKIPPED -------- Test case testVerifyRFPaydayLink_1459q skipped]
[INFO ] 2018-02-28 15:47:47.125 [main] TestListner - 
******************************************************************************************************************************
					TEST CASE NAME:                  testVerifyLinkCommsCorner_1447q
******************************************************************************************************************************
[INFO ] 2018-02-28 15:47:47.128 [main] TestListner - 
******************************************************************************************************************************
					TEST CASE NAME:                  testVerifyLinkCommsCorner_1447q
******************************************************************************************************************************
[INFO ] 2018-02-28 15:47:47.129 [main] TestListner - [TEST IS SKIPPED -------- Test case testVerifyLinkCommsCorner_1447q skipped]
[INFO ] 2018-02-28 15:47:47.133 [main] TestListner - [TEST IS SKIPPED -------- Test case testVerifyLinkCommsCorner_1447q skipped]
[INFO ] 2018-02-28 15:47:47.137 [main] TestListner - 
******************************************************************************************************************************
					TEST CASE NAME:                  testVerifyLinkConsultantLEDEvents_1448
******************************************************************************************************************************
[INFO ] 2018-02-28 15:47:47.141 [main] TestListner - 
******************************************************************************************************************************
					TEST CASE NAME:                  testVerifyLinkConsultantLEDEvents_1448
******************************************************************************************************************************
[INFO ] 2018-02-28 15:47:47.142 [main] TestListner - [TEST IS SKIPPED -------- Test case testVerifyLinkConsultantLEDEvents_1448 skipped]
[INFO ] 2018-02-28 15:47:47.146 [main] TestListner - [TEST IS SKIPPED -------- Test case testVerifyLinkConsultantLEDEvents_1448 skipped]
[INFO ] 2018-02-28 15:47:47.155 [main] TestListner - 
******************************************************************************************************************************
					TEST CASE NAME:                  testVerifyLinkCorporateEvents_1449q
******************************************************************************************************************************
[INFO ] 2018-02-28 15:47:47.163 [main] TestListner - 
******************************************************************************************************************************
					TEST CASE NAME:                  testVerifyLinkCorporateEvents_1449q
******************************************************************************************************************************
[INFO ] 2018-02-28 15:47:47.163 [main] TestListner - [TEST IS SKIPPED -------- Test case testVerifyLinkCorporateEvents_1449q skipped]
[INFO ] 2018-02-28 15:47:47.177 [main] TestListner - [TEST IS SKIPPED -------- Test case testVerifyLinkCorporateEvents_1449q skipped]
[INFO ] 2018-02-28 15:47:47.182 [main] TestListner - 
******************************************************************************************************************************
					TEST CASE NAME:                  testVerifyLinkGettingStarted_1450q
******************************************************************************************************************************
[INFO ] 2018-02-28 15:47:47.185 [main] TestListner - 
******************************************************************************************************************************
					TEST CASE NAME:                  testVerifyLinkGettingStarted_1450q
******************************************************************************************************************************
[INFO ] 2018-02-28 15:47:47.186 [main] TestListner - [TEST IS SKIPPED -------- Test case testVerifyLinkGettingStarted_1450q skipped]
[INFO ] 2018-02-28 15:47:47.190 [main] TestListner - [TEST IS SKIPPED -------- Test case testVerifyLinkGettingStarted_1450q skipped]
[INFO ] 2018-02-28 15:47:47.198 [main] TestListner - 
******************************************************************************************************************************
					TEST CASE NAME:                  test2InitialIcon_2547q
******************************************************************************************************************************
[INFO ] 2018-02-28 15:47:47.202 [main] TestListner - 
******************************************************************************************************************************
					TEST CASE NAME:                  test2InitialIcon_2547q
******************************************************************************************************************************
[INFO ] 2018-02-28 15:47:47.203 [main] TestListner - [TEST IS SKIPPED -------- Test case test2InitialIcon_2547q skipped]
[INFO ] 2018-02-28 15:47:47.215 [main] TestListner - [TEST IS SKIPPED -------- Test case test2InitialIcon_2547q skipped]
[INFO ] 2018-02-28 15:47:47.221 [main] TestListner - 
******************************************************************************************************************************
					TEST CASE NAME:                  testCRPAutoshipProcessedInPastForThismonth_2522q
******************************************************************************************************************************
[INFO ] 2018-02-28 15:47:47.226 [main] TestListner - 
******************************************************************************************************************************
					TEST CASE NAME:                  testCRPAutoshipProcessedInPastForThismonth_2522q
******************************************************************************************************************************
[INFO ] 2018-02-28 15:47:47.227 [main] TestListner - [TEST IS SKIPPED -------- Test case testCRPAutoshipProcessedInPastForThismonth_2522q skipped]
[INFO ] 2018-02-28 15:47:47.230 [main] TestListner - [TEST IS SKIPPED -------- Test case testCRPAutoshipProcessedInPastForThismonth_2522q skipped]
[INFO ] 2018-02-28 15:47:47.232 [main] TestListner - 
******************************************************************************************************************************
					TEST CASE NAME:                  testColorOfPSQVValueAndPSQVRingEqualsTo0_2470q
******************************************************************************************************************************
[INFO ] 2018-02-28 15:47:47.234 [main] TestListner - 
******************************************************************************************************************************
					TEST CASE NAME:                  testColorOfPSQVValueAndPSQVRingEqualsTo0_2470q
******************************************************************************************************************************
[INFO ] 2018-02-28 15:47:47.235 [main] TestListner - [TEST IS SKIPPED -------- Test case testColorOfPSQVValueAndPSQVRingEqualsTo0_2470q skipped]
[INFO ] 2018-02-28 15:47:47.239 [main] TestListner - [TEST IS SKIPPED -------- Test case testColorOfPSQVValueAndPSQVRingEqualsTo0_2470q skipped]
[INFO ] 2018-02-28 15:47:47.254 [main] TestListner - 
******************************************************************************************************************************
					TEST CASE NAME:                  testColorOfPSQVValueAndPSQVRingGreaterThan600_3128q
******************************************************************************************************************************
[INFO ] 2018-02-28 15:47:47.257 [main] TestListner - 
******************************************************************************************************************************
					TEST CASE NAME:                  testColorOfPSQVValueAndPSQVRingGreaterThan600_3128q
******************************************************************************************************************************
[INFO ] 2018-02-28 15:47:47.258 [main] TestListner - [TEST IS SKIPPED -------- Test case testColorOfPSQVValueAndPSQVRingGreaterThan600_3128q skipped]
[INFO ] 2018-02-28 15:47:47.272 [main] TestListner - [TEST IS SKIPPED -------- Test case testColorOfPSQVValueAndPSQVRingGreaterThan600_3128q skipped]
[INFO ] 2018-02-28 15:47:47.279 [main] TestListner - 
******************************************************************************************************************************
					TEST CASE NAME:                  testColorOfPSQVValueAndPSQVRingLessThan600_3127q
******************************************************************************************************************************
[INFO ] 2018-02-28 15:47:47.282 [main] TestListner - 
******************************************************************************************************************************
					TEST CASE NAME:                  testColorOfPSQVValueAndPSQVRingLessThan600_3127q
******************************************************************************************************************************
[INFO ] 2018-02-28 15:47:47.282 [main] TestListner - [TEST IS SKIPPED -------- Test case testColorOfPSQVValueAndPSQVRingLessThan600_3127q skipped]
[INFO ] 2018-02-28 15:47:47.301 [main] TestListner - [TEST IS SKIPPED -------- Test case testColorOfPSQVValueAndPSQVRingLessThan600_3127q skipped]
[INFO ] 2018-02-28 15:47:47.308 [main] TestListner - 
******************************************************************************************************************************
					TEST CASE NAME:                  testColorOfSVValueAndSVRingForEqualsTo0_2469q
******************************************************************************************************************************
[INFO ] 2018-02-28 15:47:47.312 [main] TestListner - 
******************************************************************************************************************************
					TEST CASE NAME:                  testColorOfSVValueAndSVRingForEqualsTo0_2469q
******************************************************************************************************************************
[INFO ] 2018-02-28 15:47:47.312 [main] TestListner - [TEST IS SKIPPED -------- Test case testColorOfSVValueAndSVRingForEqualsTo0_2469q skipped]
[INFO ] 2018-02-28 15:47:47.315 [main] TestListner - [TEST IS SKIPPED -------- Test case testColorOfSVValueAndSVRingForEqualsTo0_2469q skipped]
[INFO ] 2018-02-28 15:47:47.317 [main] TestListner - 
******************************************************************************************************************************
					TEST CASE NAME:                  testColorOfSVValueAndSVRingGreaterThan100_3125q
******************************************************************************************************************************
[INFO ] 2018-02-28 15:47:47.319 [main] TestListner - 
******************************************************************************************************************************
					TEST CASE NAME:                  testColorOfSVValueAndSVRingGreaterThan100_3125q
******************************************************************************************************************************
[INFO ] 2018-02-28 15:47:47.320 [main] TestListner - [TEST IS SKIPPED -------- Test case testColorOfSVValueAndSVRingGreaterThan100_3125q skipped]
[INFO ] 2018-02-28 15:47:47.322 [main] TestListner - [TEST IS SKIPPED -------- Test case testColorOfSVValueAndSVRingGreaterThan100_3125q skipped]
[INFO ] 2018-02-28 15:47:47.324 [main] TestListner - 
******************************************************************************************************************************
					TEST CASE NAME:                  testColorOfSVValueAndSVRingLessThan100_3126q
******************************************************************************************************************************
[INFO ] 2018-02-28 15:47:47.327 [main] TestListner - 
******************************************************************************************************************************
					TEST CASE NAME:                  testColorOfSVValueAndSVRingLessThan100_3126q
******************************************************************************************************************************
[INFO ] 2018-02-28 15:47:47.327 [main] TestListner - [TEST IS SKIPPED -------- Test case testColorOfSVValueAndSVRingLessThan100_3126q skipped]
[INFO ] 2018-02-28 15:47:47.330 [main] TestListner - [TEST IS SKIPPED -------- Test case testColorOfSVValueAndSVRingLessThan100_3126q skipped]
[INFO ] 2018-02-28 15:47:47.333 [main] TestListner - 
******************************************************************************************************************************
					TEST CASE NAME:                  testConsultantOverviewDetails_2420q
******************************************************************************************************************************
[INFO ] 2018-02-28 15:47:47.336 [main] TestListner - 
******************************************************************************************************************************
					TEST CASE NAME:                  testConsultantOverviewDetails_2420q
******************************************************************************************************************************
[INFO ] 2018-02-28 15:47:47.336 [main] TestListner - [TEST IS SKIPPED -------- Test case testConsultantOverviewDetails_2420q skipped]
[INFO ] 2018-02-28 15:47:47.342 [main] TestListner - [TEST IS SKIPPED -------- Test case testConsultantOverviewDetails_2420q skipped]
[INFO ] 2018-02-28 15:47:47.346 [main] TestListner - 
******************************************************************************************************************************
					TEST CASE NAME:                  testConsultantsOnMyLevel1Value_2539q
******************************************************************************************************************************
[INFO ] 2018-02-28 15:47:47.351 [main] TestListner - 
******************************************************************************************************************************
					TEST CASE NAME:                  testConsultantsOnMyLevel1Value_2539q
******************************************************************************************************************************
[INFO ] 2018-02-28 15:47:47.351 [main] TestListner - [TEST IS SKIPPED -------- Test case testConsultantsOnMyLevel1Value_2539q skipped]
[INFO ] 2018-02-28 15:47:47.358 [main] TestListner - [TEST IS SKIPPED -------- Test case testConsultantsOnMyLevel1Value_2539q skipped]
[INFO ] 2018-02-28 15:47:47.360 [main] TestListner - 
******************************************************************************************************************************
					TEST CASE NAME:                  testCurrentProgressEstSVValue_2467q
******************************************************************************************************************************
[INFO ] 2018-02-28 15:47:47.366 [main] TestListner - 
******************************************************************************************************************************
					TEST CASE NAME:                  testCurrentProgressEstSVValue_2467q
******************************************************************************************************************************
[INFO ] 2018-02-28 15:47:47.367 [main] TestListner - [TEST IS SKIPPED -------- Test case testCurrentProgressEstSVValue_2467q skipped]
[INFO ] 2018-02-28 15:47:47.372 [main] TestListner - [TEST IS SKIPPED -------- Test case testCurrentProgressEstSVValue_2467q skipped]
[INFO ] 2018-02-28 15:47:47.374 [main] TestListner - 
******************************************************************************************************************************
					TEST CASE NAME:                  testDeactivatedPCCardDetails_2988q
******************************************************************************************************************************
[INFO ] 2018-02-28 15:47:47.380 [main] TestListner - 
******************************************************************************************************************************
					TEST CASE NAME:                  testDeactivatedPCCardDetails_2988q
******************************************************************************************************************************
[INFO ] 2018-02-28 15:47:47.381 [main] TestListner - [TEST IS SKIPPED -------- Test case testDeactivatedPCCardDetails_2988q skipped]
[INFO ] 2018-02-28 15:47:47.387 [main] TestListner - [TEST IS SKIPPED -------- Test case testDeactivatedPCCardDetails_2988q skipped]
[INFO ] 2018-02-28 15:47:47.390 [main] TestListner - 
******************************************************************************************************************************
					TEST CASE NAME:                  testDownlineReportLink_2561q
******************************************************************************************************************************
[INFO ] 2018-02-28 15:47:47.392 [main] TestListner - 
******************************************************************************************************************************
					TEST CASE NAME:                  testDownlineReportLink_2561q
******************************************************************************************************************************
[INFO ] 2018-02-28 15:47:47.393 [main] TestListner - [TEST IS SKIPPED -------- Test case testDownlineReportLink_2561q skipped]
[INFO ] 2018-02-28 15:47:47.396 [main] TestListner - [TEST IS SKIPPED -------- Test case testDownlineReportLink_2561q skipped]
[INFO ] 2018-02-28 15:47:47.398 [main] TestListner - 
******************************************************************************************************************************
					TEST CASE NAME:                  testECLegsValue_2476q
******************************************************************************************************************************
[INFO ] 2018-02-28 15:47:47.399 [main] TestListner - 
******************************************************************************************************************************
					TEST CASE NAME:                  testECLegsValue_2476q
******************************************************************************************************************************
[INFO ] 2018-02-28 15:47:47.400 [main] TestListner - [TEST IS SKIPPED -------- Test case testECLegsValue_2476q skipped]
[INFO ] 2018-02-28 15:47:47.403 [main] TestListner - [TEST IS SKIPPED -------- Test case testECLegsValue_2476q skipped]
[INFO ] 2018-02-28 15:47:47.406 [main] TestListner - 
******************************************************************************************************************************
					TEST CASE NAME:                  testEarningsStatementsReportLink_2562q
******************************************************************************************************************************
[INFO ] 2018-02-28 15:47:47.409 [main] TestListner - 
******************************************************************************************************************************
					TEST CASE NAME:                  testEarningsStatementsReportLink_2562q
******************************************************************************************************************************
[INFO ] 2018-02-28 15:47:47.410 [main] TestListner - [TEST IS SKIPPED -------- Test case testEarningsStatementsReportLink_2562q skipped]
[INFO ] 2018-02-28 15:47:47.412 [main] TestListner - [TEST IS SKIPPED -------- Test case testEarningsStatementsReportLink_2562q skipped]
[INFO ] 2018-02-28 15:47:47.414 [main] TestListner - 
******************************************************************************************************************************
					TEST CASE NAME:                  testEnrollmentDate_2545q_2626q
******************************************************************************************************************************
[INFO ] 2018-02-28 15:47:47.417 [main] TestListner - 
******************************************************************************************************************************
					TEST CASE NAME:                  testEnrollmentDate_2545q_2626q
******************************************************************************************************************************
[INFO ] 2018-02-28 15:47:47.417 [main] TestListner - [TEST IS SKIPPED -------- Test case testEnrollmentDate_2545q_2626q skipped]
[INFO ] 2018-02-28 15:47:47.421 [main] TestListner - [TEST IS SKIPPED -------- Test case testEnrollmentDate_2545q_2626q skipped]
[INFO ] 2018-02-28 15:47:47.425 [main] TestListner - 
******************************************************************************************************************************
					TEST CASE NAME:                  testEnrollmentSponsor_2535q
******************************************************************************************************************************
[INFO ] 2018-02-28 15:47:47.428 [main] TestListner - 
******************************************************************************************************************************
					TEST CASE NAME:                  testEnrollmentSponsor_2535q
******************************************************************************************************************************
[INFO ] 2018-02-28 15:47:47.428 [main] TestListner - [TEST IS SKIPPED -------- Test case testEnrollmentSponsor_2535q skipped]
[INFO ] 2018-02-28 15:47:47.431 [main] TestListner - [TEST IS SKIPPED -------- Test case testEnrollmentSponsor_2535q skipped]
[INFO ] 2018-02-28 15:47:47.432 [main] TestListner - 
******************************************************************************************************************************
					TEST CASE NAME:                  testEstPSQVValue_2468q
******************************************************************************************************************************
[INFO ] 2018-02-28 15:47:47.435 [main] TestListner - 
******************************************************************************************************************************
					TEST CASE NAME:                  testEstPSQVValue_2468q
******************************************************************************************************************************
[INFO ] 2018-02-28 15:47:47.435 [main] TestListner - [TEST IS SKIPPED -------- Test case testEstPSQVValue_2468q skipped]
[INFO ] 2018-02-28 15:47:47.440 [main] TestListner - [TEST IS SKIPPED -------- Test case testEstPSQVValue_2468q skipped]
[INFO ] 2018-02-28 15:47:47.442 [main] TestListner - 
******************************************************************************************************************************
					TEST CASE NAME:                  testFullNameFromCard_2634q
******************************************************************************************************************************
[INFO ] 2018-02-28 15:47:47.443 [main] TestListner - 
******************************************************************************************************************************
					TEST CASE NAME:                  testFullNameFromCard_2634q
******************************************************************************************************************************
[INFO ] 2018-02-28 15:47:47.444 [main] TestListner - [TEST IS SKIPPED -------- Test case testFullNameFromCard_2634q skipped]
[INFO ] 2018-02-28 15:47:47.446 [main] TestListner - [TEST IS SKIPPED -------- Test case testFullNameFromCard_2634q skipped]
[INFO ] 2018-02-28 15:47:47.447 [main] TestListner - 
******************************************************************************************************************************
					TEST CASE NAME:                  testGreetingAndFirstName_2546q
******************************************************************************************************************************
[INFO ] 2018-02-28 15:47:47.449 [main] TestListner - 
******************************************************************************************************************************
					TEST CASE NAME:                  testGreetingAndFirstName_2546q
******************************************************************************************************************************
[INFO ] 2018-02-28 15:47:47.450 [main] TestListner - [TEST IS SKIPPED -------- Test case testGreetingAndFirstName_2546q skipped]
[INFO ] 2018-02-28 15:47:47.452 [main] TestListner - [TEST IS SKIPPED -------- Test case testGreetingAndFirstName_2546q skipped]
[INFO ] 2018-02-28 15:47:47.457 [main] TestListner - 
******************************************************************************************************************************
					TEST CASE NAME:                  testL1L2QualifyingVolumeValue_2418q
******************************************************************************************************************************
[INFO ] 2018-02-28 15:47:47.467 [main] TestListner - 
******************************************************************************************************************************
					TEST CASE NAME:                  testL1L2QualifyingVolumeValue_2418q
******************************************************************************************************************************
[INFO ] 2018-02-28 15:47:47.467 [main] TestListner - [TEST IS SKIPPED -------- Test case testL1L2QualifyingVolumeValue_2418q skipped]
[INFO ] 2018-02-28 15:47:47.469 [main] TestListner - [TEST IS SKIPPED -------- Test case testL1L2QualifyingVolumeValue_2418q skipped]
[INFO ] 2018-02-28 15:47:47.473 [main] TestListner - 
******************************************************************************************************************************
					TEST CASE NAME:                  testL1L2QualifyingVolumeValue_2541q
******************************************************************************************************************************
[INFO ] 2018-02-28 15:47:47.476 [main] TestListner - 
******************************************************************************************************************************
					TEST CASE NAME:                  testL1L2QualifyingVolumeValue_2541q
******************************************************************************************************************************
[INFO ] 2018-02-28 15:47:47.476 [main] TestListner - [TEST IS SKIPPED -------- Test case testL1L2QualifyingVolumeValue_2541q skipped]
[INFO ] 2018-02-28 15:47:47.486 [main] TestListner - [TEST IS SKIPPED -------- Test case testL1L2QualifyingVolumeValue_2541q skipped]
[INFO ] 2018-02-28 15:47:47.491 [main] TestListner - 
******************************************************************************************************************************
					TEST CASE NAME:                  testL1L6QualifyingVolumeValue_2419q
******************************************************************************************************************************
[INFO ] 2018-02-28 15:47:47.492 [main] TestListner - 
******************************************************************************************************************************
					TEST CASE NAME:                  testL1L6QualifyingVolumeValue_2419q
******************************************************************************************************************************
[INFO ] 2018-02-28 15:47:47.493 [main] TestListner - [TEST IS SKIPPED -------- Test case testL1L6QualifyingVolumeValue_2419q skipped]
[INFO ] 2018-02-28 15:47:47.496 [main] TestListner - [TEST IS SKIPPED -------- Test case testL1L6QualifyingVolumeValue_2419q skipped]
[INFO ] 2018-02-28 15:47:47.501 [main] TestListner - 
******************************************************************************************************************************
					TEST CASE NAME:                  testL1L6QualifyingVolumeValue_2542q
******************************************************************************************************************************
[INFO ] 2018-02-28 15:47:47.503 [main] TestListner - 
******************************************************************************************************************************
					TEST CASE NAME:                  testL1L6QualifyingVolumeValue_2542q
******************************************************************************************************************************
[INFO ] 2018-02-28 15:47:47.503 [main] TestListner - [TEST IS SKIPPED -------- Test case testL1L6QualifyingVolumeValue_2542q skipped]
[INFO ] 2018-02-28 15:47:47.506 [main] TestListner - [TEST IS SKIPPED -------- Test case testL1L6QualifyingVolumeValue_2542q skipped]
[INFO ] 2018-02-28 15:47:47.507 [main] TestListner - 
******************************************************************************************************************************
					TEST CASE NAME:                  testPCAutoshipsThisMonthValue_2537q
******************************************************************************************************************************
[INFO ] 2018-02-28 15:47:47.525 [main] TestListner - 
******************************************************************************************************************************
					TEST CASE NAME:                  testPCAutoshipsThisMonthValue_2537q
******************************************************************************************************************************
[INFO ] 2018-02-28 15:47:47.526 [main] TestListner - [TEST IS SKIPPED -------- Test case testPCAutoshipsThisMonthValue_2537q skipped]
[INFO ] 2018-02-28 15:47:47.532 [main] TestListner - [TEST IS SKIPPED -------- Test case testPCAutoshipsThisMonthValue_2537q skipped]
[INFO ] 2018-02-28 15:47:47.538 [main] TestListner - 
******************************************************************************************************************************
					TEST CASE NAME:                  testPCWithOrdersValue_2536q
******************************************************************************************************************************
[INFO ] 2018-02-28 15:47:47.540 [main] TestListner - 
******************************************************************************************************************************
					TEST CASE NAME:                  testPCWithOrdersValue_2536q
******************************************************************************************************************************
[INFO ] 2018-02-28 15:47:47.540 [main] TestListner - [TEST IS SKIPPED -------- Test case testPCWithOrdersValue_2536q skipped]
[INFO ] 2018-02-28 15:47:47.555 [main] TestListner - [TEST IS SKIPPED -------- Test case testPCWithOrdersValue_2536q skipped]
[INFO ] 2018-02-28 15:47:47.564 [main] TestListner - 
******************************************************************************************************************************
					TEST CASE NAME:                  testPSQVValueFromCard_2635q
******************************************************************************************************************************
[INFO ] 2018-02-28 15:47:47.567 [main] TestListner - 
******************************************************************************************************************************
					TEST CASE NAME:                  testPSQVValueFromCard_2635q
******************************************************************************************************************************
[INFO ] 2018-02-28 15:47:47.568 [main] TestListner - [TEST IS SKIPPED -------- Test case testPSQVValueFromCard_2635q skipped]
[INFO ] 2018-02-28 15:47:47.572 [main] TestListner - [TEST IS SKIPPED -------- Test case testPSQVValueFromCard_2635q skipped]
[INFO ] 2018-02-28 15:47:47.575 [main] TestListner - 
******************************************************************************************************************************
					TEST CASE NAME:                  testPSQVValue_2395q
******************************************************************************************************************************
[INFO ] 2018-02-28 15:47:47.583 [main] TestListner - 
******************************************************************************************************************************
					TEST CASE NAME:                  testPSQVValue_2395q
******************************************************************************************************************************
[INFO ] 2018-02-28 15:47:47.584 [main] TestListner - [TEST IS SKIPPED -------- Test case testPSQVValue_2395q skipped]
[INFO ] 2018-02-28 15:47:47.587 [main] TestListner - [TEST IS SKIPPED -------- Test case testPSQVValue_2395q skipped]
[INFO ] 2018-02-28 15:47:47.589 [main] TestListner - 
******************************************************************************************************************************
					TEST CASE NAME:                  testPendingPCAutoships_3017q
******************************************************************************************************************************
[INFO ] 2018-02-28 15:47:47.592 [main] TestListner - 
******************************************************************************************************************************
					TEST CASE NAME:                  testPendingPCAutoships_3017q
******************************************************************************************************************************
[INFO ] 2018-02-28 15:47:47.592 [main] TestListner - [TEST IS SKIPPED -------- Test case testPendingPCAutoships_3017q skipped]
[INFO ] 2018-02-28 15:47:47.595 [main] TestListner - [TEST IS SKIPPED -------- Test case testPendingPCAutoships_3017q skipped]
[INFO ] 2018-02-28 15:47:47.600 [main] TestListner - 
******************************************************************************************************************************
					TEST CASE NAME:                  testPendingPCAutoships_3017q_3353q
******************************************************************************************************************************
[INFO ] 2018-02-28 15:47:47.601 [main] TestListner - 
******************************************************************************************************************************
					TEST CASE NAME:                  testPendingPCAutoships_3017q_3353q
******************************************************************************************************************************
[INFO ] 2018-02-28 15:47:47.602 [main] TestListner - [TEST IS SKIPPED -------- Test case testPendingPCAutoships_3017q_3353q skipped]
[INFO ] 2018-02-28 15:47:47.609 [main] TestListner - [TEST IS SKIPPED -------- Test case testPendingPCAutoships_3017q_3353q skipped]
[INFO ] 2018-02-28 15:47:47.612 [main] TestListner - 
******************************************************************************************************************************
					TEST CASE NAME:                  testPerformanceSponsorDetails_2534q
******************************************************************************************************************************
[INFO ] 2018-02-28 15:47:47.616 [main] TestListner - 
******************************************************************************************************************************
					TEST CASE NAME:                  testPerformanceSponsorDetails_2534q
******************************************************************************************************************************
[INFO ] 2018-02-28 15:47:47.616 [main] TestListner - [TEST IS SKIPPED -------- Test case testPerformanceSponsorDetails_2534q skipped]
[INFO ] 2018-02-28 15:47:47.619 [main] TestListner - [TEST IS SKIPPED -------- Test case testPerformanceSponsorDetails_2534q skipped]
[INFO ] 2018-02-28 15:47:47.620 [main] TestListner - 
******************************************************************************************************************************
					TEST CASE NAME:                  testProcessedPCAutoships_3015q_3351q
******************************************************************************************************************************
[INFO ] 2018-02-28 15:47:47.622 [main] TestListner - 
******************************************************************************************************************************
					TEST CASE NAME:                  testProcessedPCAutoships_3015q_3351q
******************************************************************************************************************************
[INFO ] 2018-02-28 15:47:47.623 [main] TestListner - [TEST IS SKIPPED -------- Test case testProcessedPCAutoships_3015q_3351q skipped]
[INFO ] 2018-02-28 15:47:47.625 [main] TestListner - [TEST IS SKIPPED -------- Test case testProcessedPCAutoships_3015q_3351q skipped]
[INFO ] 2018-02-28 15:47:47.630 [main] TestListner - 
******************************************************************************************************************************
					TEST CASE NAME:                  testPulseProAutoshipProcessedInPastForThisMonth_2530q_2529q
******************************************************************************************************************************
[INFO ] 2018-02-28 15:47:47.631 [main] TestListner - 
******************************************************************************************************************************
					TEST CASE NAME:                  testPulseProAutoshipProcessedInPastForThisMonth_2530q_2529q
******************************************************************************************************************************
[INFO ] 2018-02-28 15:47:47.632 [main] TestListner - [TEST IS SKIPPED -------- Test case testPulseProAutoshipProcessedInPastForThisMonth_2530q_2529q skipped]
[INFO ] 2018-02-28 15:47:47.634 [main] TestListner - [TEST IS SKIPPED -------- Test case testPulseProAutoshipProcessedInPastForThisMonth_2530q_2529q skipped]
[INFO ] 2018-02-28 15:47:47.637 [main] TestListner - 
******************************************************************************************************************************
					TEST CASE NAME:                  testQualificationTitleC_3217q
******************************************************************************************************************************
[INFO ] 2018-02-28 15:47:47.638 [main] TestListner - 
******************************************************************************************************************************
					TEST CASE NAME:                  testQualificationTitleC_3217q
******************************************************************************************************************************
[INFO ] 2018-02-28 15:47:47.639 [main] TestListner - [TEST IS SKIPPED -------- Test case testQualificationTitleC_3217q skipped]
[INFO ] 2018-02-28 15:47:47.642 [main] TestListner - [TEST IS SKIPPED -------- Test case testQualificationTitleC_3217q skipped]
[INFO ] 2018-02-28 15:47:47.644 [main] TestListner - 
******************************************************************************************************************************
					TEST CASE NAME:                  testQualificationTitleEC_3218q
******************************************************************************************************************************
[INFO ] 2018-02-28 15:47:47.646 [main] TestListner - 
******************************************************************************************************************************
					TEST CASE NAME:                  testQualificationTitleEC_3218q
******************************************************************************************************************************
[INFO ] 2018-02-28 15:47:47.646 [main] TestListner - [TEST IS SKIPPED -------- Test case testQualificationTitleEC_3218q skipped]
[INFO ] 2018-02-28 15:47:47.650 [main] TestListner - [TEST IS SKIPPED -------- Test case testQualificationTitleEC_3218q skipped]
[INFO ] 2018-02-28 15:47:47.651 [main] TestListner - 
******************************************************************************************************************************
					TEST CASE NAME:                  testSVValueFromCard_2634q
******************************************************************************************************************************
[INFO ] 2018-02-28 15:47:47.653 [main] TestListner - 
******************************************************************************************************************************
					TEST CASE NAME:                  testSVValueFromCard_2634q
******************************************************************************************************************************
[INFO ] 2018-02-28 15:47:47.653 [main] TestListner - [TEST IS SKIPPED -------- Test case testSVValueFromCard_2634q skipped]
[INFO ] 2018-02-28 15:47:47.656 [main] TestListner - [TEST IS SKIPPED -------- Test case testSVValueFromCard_2634q skipped]
[INFO ] 2018-02-28 15:47:47.657 [main] TestListner - 
******************************************************************************************************************************
					TEST CASE NAME:                  testSVValue_2394q
******************************************************************************************************************************
[INFO ] 2018-02-28 15:47:47.659 [main] TestListner - 
******************************************************************************************************************************
					TEST CASE NAME:                  testSVValue_2394q
******************************************************************************************************************************
[INFO ] 2018-02-28 15:47:47.659 [main] TestListner - [TEST IS SKIPPED -------- Test case testSVValue_2394q skipped]
[INFO ] 2018-02-28 15:47:47.662 [main] TestListner - [TEST IS SKIPPED -------- Test case testSVValue_2394q skipped]
[INFO ] 2018-02-28 15:47:47.664 [main] TestListner - 
******************************************************************************************************************************
					TEST CASE NAME:                  testSolutionToolReportLink_2563q
******************************************************************************************************************************
[INFO ] 2018-02-28 15:47:47.666 [main] TestListner - 
******************************************************************************************************************************
					TEST CASE NAME:                  testSolutionToolReportLink_2563q
******************************************************************************************************************************
[INFO ] 2018-02-28 15:47:47.666 [main] TestListner - [TEST IS SKIPPED -------- Test case testSolutionToolReportLink_2563q skipped]
[INFO ] 2018-02-28 15:47:47.669 [main] TestListner - [TEST IS SKIPPED -------- Test case testSolutionToolReportLink_2563q skipped]
[INFO ] 2018-02-28 15:47:47.670 [main] TestListner - 
******************************************************************************************************************************
					TEST CASE NAME:                  testTitleHistoryPage_2479q
******************************************************************************************************************************
[INFO ] 2018-02-28 15:47:47.673 [main] TestListner - 
******************************************************************************************************************************
					TEST CASE NAME:                  testTitleHistoryPage_2479q
******************************************************************************************************************************
[INFO ] 2018-02-28 15:47:47.673 [main] TestListner - [TEST IS SKIPPED -------- Test case testTitleHistoryPage_2479q skipped]
[INFO ] 2018-02-28 15:47:47.677 [main] TestListner - [TEST IS SKIPPED -------- Test case testTitleHistoryPage_2479q skipped]
[INFO ] 2018-02-28 15:47:47.678 [main] TestListner - 
******************************************************************************************************************************
					TEST CASE NAME:                  testUpcomingOrdersPendingAutoships_2531q
******************************************************************************************************************************
[INFO ] 2018-02-28 15:47:47.679 [main] TestListner - 
******************************************************************************************************************************
					TEST CASE NAME:                  testUpcomingOrdersPendingAutoships_2531q
******************************************************************************************************************************
[INFO ] 2018-02-28 15:47:47.680 [main] TestListner - [TEST IS SKIPPED -------- Test case testUpcomingOrdersPendingAutoships_2531q skipped]
[INFO ] 2018-02-28 15:47:47.683 [main] TestListner - [TEST IS SKIPPED -------- Test case testUpcomingOrdersPendingAutoships_2531q skipped]
[INFO ] 2018-02-28 15:47:47.684 [main] TestListner - 
******************************************************************************************************************************
					TEST CASE NAME:                  testVerifyRFLinkForLevelECIVOrMore_2956q
******************************************************************************************************************************
[INFO ] 2018-02-28 15:47:47.685 [main] TestListner - 
******************************************************************************************************************************
					TEST CASE NAME:                  testVerifyRFLinkForLevelECIVOrMore_2956q
******************************************************************************************************************************
[INFO ] 2018-02-28 15:47:47.685 [main] TestListner - [TEST IS SKIPPED -------- Test case testVerifyRFLinkForLevelECIVOrMore_2956q skipped]
[INFO ] 2018-02-28 15:47:47.688 [main] TestListner - [TEST IS SKIPPED -------- Test case testVerifyRFLinkForLevelECIVOrMore_2956q skipped]
[INFO ] 2018-02-28 15:47:47.689 [main] TestListner - 
******************************************************************************************************************************
					TEST CASE NAME:                  testVerifyRFLinkForPaidAsTitleLevelECIIIOrLess_3103q
******************************************************************************************************************************
[INFO ] 2018-02-28 15:47:47.691 [main] TestListner - 
******************************************************************************************************************************
					TEST CASE NAME:                  testVerifyRFLinkForPaidAsTitleLevelECIIIOrLess_3103q
******************************************************************************************************************************
[INFO ] 2018-02-28 15:47:47.691 [main] TestListner - [TEST IS SKIPPED -------- Test case testVerifyRFLinkForPaidAsTitleLevelECIIIOrLess_3103q skipped]
[INFO ] 2018-02-28 15:47:47.694 [main] TestListner - [TEST IS SKIPPED -------- Test case testVerifyRFLinkForPaidAsTitleLevelECIIIOrLess_3103q skipped]
[INFO ] 2018-02-28 15:47:47.695 [main] TestListner - 
******************************************************************************************************************************
					TEST CASE NAME:                  testViewPastOrderDetails_2895q
******************************************************************************************************************************
[INFO ] 2018-02-28 15:47:47.696 [main] TestListner - 
******************************************************************************************************************************
					TEST CASE NAME:                  testViewPastOrderDetails_2895q
******************************************************************************************************************************
[INFO ] 2018-02-28 15:47:47.696 [main] TestListner - [TEST IS SKIPPED -------- Test case testViewPastOrderDetails_2895q skipped]
[INFO ] 2018-02-28 15:47:47.699 [main] TestListner - [TEST IS SKIPPED -------- Test case testViewPastOrderDetails_2895q skipped]
[INFO ] 2018-02-28 15:47:47.700 [main] TestListner - 
******************************************************************************************************************************
					TEST CASE NAME:                  testVitalSignsPageNavigation_2560q
******************************************************************************************************************************
[INFO ] 2018-02-28 15:47:47.701 [main] TestListner - 
******************************************************************************************************************************
					TEST CASE NAME:                  testVitalSignsPageNavigation_2560q
******************************************************************************************************************************
[INFO ] 2018-02-28 15:47:47.701 [main] TestListner - [TEST IS SKIPPED -------- Test case testVitalSignsPageNavigation_2560q skipped]
[INFO ] 2018-02-28 15:47:47.704 [main] TestListner - [TEST IS SKIPPED -------- Test case testVitalSignsPageNavigation_2560q skipped]
[INFO ] 2018-02-28 15:47:47.707 [main] TestListner - 
******************************************************************************************************************************
					TEST CASE NAME:                  TotalNumberOfAllPCs_3349q
******************************************************************************************************************************
[INFO ] 2018-02-28 15:47:47.708 [main] TestListner - 
******************************************************************************************************************************
					TEST CASE NAME:                  TotalNumberOfAllPCs_3349q
******************************************************************************************************************************
[INFO ] 2018-02-28 15:47:47.708 [main] TestListner - [TEST IS SKIPPED -------- Test case TotalNumberOfAllPCs_3349q skipped]
[INFO ] 2018-02-28 15:47:47.711 [main] TestListner - [TEST IS SKIPPED -------- Test case TotalNumberOfAllPCs_3349q skipped]
[INFO ] 2018-02-28 15:47:47.713 [main] TestListner - 
******************************************************************************************************************************
					TEST CASE NAME:                  testPCCardComponents_3240q
******************************************************************************************************************************
[INFO ] 2018-02-28 15:47:47.714 [main] TestListner - 
******************************************************************************************************************************
					TEST CASE NAME:                  testPCCardComponents_3240q
******************************************************************************************************************************
[INFO ] 2018-02-28 15:47:47.715 [main] TestListner - [TEST IS SKIPPED -------- Test case testPCCardComponents_3240q skipped]
[INFO ] 2018-02-28 15:47:47.719 [main] TestListner - [TEST IS SKIPPED -------- Test case testPCCardComponents_3240q skipped]
[INFO ] 2018-02-28 15:47:47.722 [main] TestListner - 
******************************************************************************************************************************
					TEST CASE NAME:                  testSortingByQVLowTohigh_3011q
******************************************************************************************************************************
[INFO ] 2018-02-28 15:47:47.725 [main] TestListner - 
******************************************************************************************************************************
					TEST CASE NAME:                  testSortingByQVLowTohigh_3011q
******************************************************************************************************************************
[INFO ] 2018-02-28 15:47:47.725 [main] TestListner - [TEST IS SKIPPED -------- Test case testSortingByQVLowTohigh_3011q skipped]
[INFO ] 2018-02-28 15:47:47.728 [main] TestListner - [TEST IS SKIPPED -------- Test case testSortingByQVLowTohigh_3011q skipped]
[INFO ] 2018-02-28 15:47:47.732 [main] TestListner - 
******************************************************************************************************************************
					TEST CASE NAME:                  testSortingMenuForNextMonth_2999q
******************************************************************************************************************************
[INFO ] 2018-02-28 15:47:47.734 [main] TestListner - 
******************************************************************************************************************************
					TEST CASE NAME:                  testSortingMenuForNextMonth_2999q
******************************************************************************************************************************
[INFO ] 2018-02-28 15:47:47.734 [main] TestListner - [TEST IS SKIPPED -------- Test case testSortingMenuForNextMonth_2999q skipped]
[INFO ] 2018-02-28 15:47:47.740 [main] TestListner - [TEST IS SKIPPED -------- Test case testSortingMenuForNextMonth_2999q skipped]
[INFO ] 2018-02-28 15:47:47.744 [main] TestListner - 
******************************************************************************************************************************
					TEST CASE NAME:                  testSortingMenuForThisMonth_3000q
******************************************************************************************************************************
[INFO ] 2018-02-28 15:47:47.746 [main] TestListner - 
******************************************************************************************************************************
					TEST CASE NAME:                  testSortingMenuForThisMonth_3000q
******************************************************************************************************************************
[INFO ] 2018-02-28 15:47:47.747 [main] TestListner - [TEST IS SKIPPED -------- Test case testSortingMenuForThisMonth_3000q skipped]
[INFO ] 2018-02-28 15:47:47.750 [main] TestListner - [TEST IS SKIPPED -------- Test case testSortingMenuForThisMonth_3000q skipped]
[INFO ] 2018-02-28 15:47:47.752 [main] TestListner - 
******************************************************************************************************************************
					TEST CASE NAME:                  testTotalNumberOfDeactivatedPCs_2985q
******************************************************************************************************************************
[INFO ] 2018-02-28 15:47:47.754 [main] TestListner - 
******************************************************************************************************************************
					TEST CASE NAME:                  testTotalNumberOfDeactivatedPCs_2985q
******************************************************************************************************************************
[INFO ] 2018-02-28 15:47:47.755 [main] TestListner - [TEST IS SKIPPED -------- Test case testTotalNumberOfDeactivatedPCs_2985q skipped]
[INFO ] 2018-02-28 15:47:47.758 [main] TestListner - [TEST IS SKIPPED -------- Test case testTotalNumberOfDeactivatedPCs_2985q skipped]
[INFO ] 2018-02-28 15:47:47.759 [main] TestListner - 
******************************************************************************************************************************
					TEST CASE NAME:                  testTotalNumberOfPCsThisMonth_3013q
******************************************************************************************************************************
[INFO ] 2018-02-28 15:47:47.761 [main] TestListner - 
******************************************************************************************************************************
					TEST CASE NAME:                  testTotalNumberOfPCsThisMonth_3013q
******************************************************************************************************************************
[INFO ] 2018-02-28 15:47:47.761 [main] TestListner - [TEST IS SKIPPED -------- Test case testTotalNumberOfPCsThisMonth_3013q skipped]
[INFO ] 2018-02-28 15:47:47.764 [main] TestListner - [TEST IS SKIPPED -------- Test case testTotalNumberOfPCsThisMonth_3013q skipped]
[INFO ] 2018-02-28 15:47:47.767 [main] TestListner - 
******************************************************************************************************************************
					TEST CASE NAME:                  testConsultantAdhocOrderDetailsOnOrderCards_2848q
******************************************************************************************************************************
[INFO ] 2018-02-28 15:47:47.768 [main] TestListner - 
******************************************************************************************************************************
					TEST CASE NAME:                  testConsultantAdhocOrderDetailsOnOrderCards_2848q
******************************************************************************************************************************
[INFO ] 2018-02-28 15:47:47.771 [main] TestListner - [TEST IS SKIPPED -------- Test case testConsultantAdhocOrderDetailsOnOrderCards_2848q skipped]
[INFO ] 2018-02-28 15:47:47.774 [main] TestListner - [TEST IS SKIPPED -------- Test case testConsultantAdhocOrderDetailsOnOrderCards_2848q skipped]
[INFO ] 2018-02-28 15:47:47.775 [main] TestListner - 
******************************************************************************************************************************
					TEST CASE NAME:                  testLoadingOrdersScreen_2821q_2820q
******************************************************************************************************************************
[INFO ] 2018-02-28 15:47:47.777 [main] TestListner - 
******************************************************************************************************************************
					TEST CASE NAME:                  testLoadingOrdersScreen_2821q_2820q
******************************************************************************************************************************
[INFO ] 2018-02-28 15:47:47.777 [main] TestListner - [TEST IS SKIPPED -------- Test case testLoadingOrdersScreen_2821q_2820q skipped]
[INFO ] 2018-02-28 15:47:47.780 [main] TestListner - [TEST IS SKIPPED -------- Test case testLoadingOrdersScreen_2821q_2820q skipped]
[INFO ] 2018-02-28 15:47:47.781 [main] TestListner - 
******************************************************************************************************************************
					TEST CASE NAME:                  testOrderStatusOrderResultsBasedOnOrderFilter_2835q
******************************************************************************************************************************
[INFO ] 2018-02-28 15:47:47.782 [main] TestListner - 
******************************************************************************************************************************
					TEST CASE NAME:                  testOrderStatusOrderResultsBasedOnOrderFilter_2835q
******************************************************************************************************************************
[INFO ] 2018-02-28 15:47:47.782 [main] TestListner - [TEST IS SKIPPED -------- Test case testOrderStatusOrderResultsBasedOnOrderFilter_2835q skipped]
[INFO ] 2018-02-28 15:47:47.785 [main] TestListner - [TEST IS SKIPPED -------- Test case testOrderStatusOrderResultsBasedOnOrderFilter_2835q skipped]
[INFO ] 2018-02-28 15:47:47.786 [main] TestListner - 
******************************************************************************************************************************
					TEST CASE NAME:                  testOrderTypeOrderResultsBasedOnOrderFilter_2834q
******************************************************************************************************************************
[INFO ] 2018-02-28 15:47:47.786 [main] TestListner - 
******************************************************************************************************************************
					TEST CASE NAME:                  testOrderTypeOrderResultsBasedOnOrderFilter_2834q
******************************************************************************************************************************
[INFO ] 2018-02-28 15:47:47.787 [main] TestListner - [TEST IS SKIPPED -------- Test case testOrderTypeOrderResultsBasedOnOrderFilter_2834q skipped]
[INFO ] 2018-02-28 15:47:47.789 [main] TestListner - [TEST IS SKIPPED -------- Test case testOrderTypeOrderResultsBasedOnOrderFilter_2834q skipped]
[INFO ] 2018-02-28 15:47:47.789 [main] TestListner - 
******************************************************************************************************************************
					TEST CASE NAME:                  testPCAdhocOrderDetailsOnOrderCards_2844q
******************************************************************************************************************************
[INFO ] 2018-02-28 15:47:47.791 [main] TestListner - 
******************************************************************************************************************************
					TEST CASE NAME:                  testPCAdhocOrderDetailsOnOrderCards_2844q
******************************************************************************************************************************
[INFO ] 2018-02-28 15:47:47.792 [main] TestListner - [TEST IS SKIPPED -------- Test case testPCAdhocOrderDetailsOnOrderCards_2844q skipped]
[INFO ] 2018-02-28 15:47:47.794 [main] TestListner - [TEST IS SKIPPED -------- Test case testPCAdhocOrderDetailsOnOrderCards_2844q skipped]
[INFO ] 2018-02-28 15:47:47.795 [main] TestListner - 
******************************************************************************************************************************
					TEST CASE NAME:                  testPulseSubscriptionOrderDetailsOnOrderCards_2843q
******************************************************************************************************************************
[INFO ] 2018-02-28 15:47:47.796 [main] TestListner - 
******************************************************************************************************************************
					TEST CASE NAME:                  testPulseSubscriptionOrderDetailsOnOrderCards_2843q
******************************************************************************************************************************
[INFO ] 2018-02-28 15:47:47.796 [main] TestListner - [TEST IS SKIPPED -------- Test case testPulseSubscriptionOrderDetailsOnOrderCards_2843q skipped]
[INFO ] 2018-02-28 15:47:47.798 [main] TestListner - [TEST IS SKIPPED -------- Test case testPulseSubscriptionOrderDetailsOnOrderCards_2843q skipped]
[INFO ] 2018-02-28 15:47:47.799 [main] TestListner - 
******************************************************************************************************************************
					TEST CASE NAME:                  testRetailAdhocOrderDetailsOnOrderCards_2841q
******************************************************************************************************************************
[INFO ] 2018-02-28 15:47:47.800 [main] TestListner - 
******************************************************************************************************************************
					TEST CASE NAME:                  testRetailAdhocOrderDetailsOnOrderCards_2841q
******************************************************************************************************************************
[INFO ] 2018-02-28 15:47:47.800 [main] TestListner - [TEST IS SKIPPED -------- Test case testRetailAdhocOrderDetailsOnOrderCards_2841q skipped]
[INFO ] 2018-02-28 15:47:47.803 [main] TestListner - [TEST IS SKIPPED -------- Test case testRetailAdhocOrderDetailsOnOrderCards_2841q skipped]
[INFO ] 2018-02-28 15:47:47.804 [main] TestListner - 
******************************************************************************************************************************
					TEST CASE NAME:                  testVerifyCRPOrderDetailsOnOrderCards_2838q
******************************************************************************************************************************
[INFO ] 2018-02-28 15:47:47.805 [main] TestListner - 
******************************************************************************************************************************
					TEST CASE NAME:                  testVerifyCRPOrderDetailsOnOrderCards_2838q
******************************************************************************************************************************
[INFO ] 2018-02-28 15:47:47.805 [main] TestListner - [TEST IS SKIPPED -------- Test case testVerifyCRPOrderDetailsOnOrderCards_2838q skipped]
[INFO ] 2018-02-28 15:47:47.808 [main] TestListner - [TEST IS SKIPPED -------- Test case testVerifyCRPOrderDetailsOnOrderCards_2838q skipped]
[INFO ] 2018-02-28 15:47:47.809 [main] TestListner - 
******************************************************************************************************************************
					TEST CASE NAME:                  testVerifyCRPOrderDetailsWithConsultantPersonalOnOrderCards_2855q
******************************************************************************************************************************
[INFO ] 2018-02-28 15:47:47.811 [main] TestListner - 
******************************************************************************************************************************
					TEST CASE NAME:                  testVerifyCRPOrderDetailsWithConsultantPersonalOnOrderCards_2855q
******************************************************************************************************************************
[INFO ] 2018-02-28 15:47:47.811 [main] TestListner - [TEST IS SKIPPED -------- Test case testVerifyCRPOrderDetailsWithConsultantPersonalOnOrderCards_2855q skipped]
[INFO ] 2018-02-28 15:47:47.813 [main] TestListner - [TEST IS SKIPPED -------- Test case testVerifyCRPOrderDetailsWithConsultantPersonalOnOrderCards_2855q skipped]
[INFO ] 2018-02-28 15:47:47.814 [main] TestListner - 
******************************************************************************************************************************
					TEST CASE NAME:                  testVerifyOrderReceiptForFailedPCOrders_3430q
******************************************************************************************************************************
[INFO ] 2018-02-28 15:47:47.815 [main] TestListner - 
******************************************************************************************************************************
					TEST CASE NAME:                  testVerifyOrderReceiptForFailedPCOrders_3430q
******************************************************************************************************************************
[INFO ] 2018-02-28 15:47:47.815 [main] TestListner - [TEST IS SKIPPED -------- Test case testVerifyOrderReceiptForFailedPCOrders_3430q skipped]
[INFO ] 2018-02-28 15:47:47.817 [main] TestListner - [TEST IS SKIPPED -------- Test case testVerifyOrderReceiptForFailedPCOrders_3430q skipped]
[INFO ] 2018-02-28 15:47:47.818 [main] TestListner - 
******************************************************************************************************************************
					TEST CASE NAME:                  testVerifyOrderReceiptForProcessedPersonalAdhocOrders_3425q
******************************************************************************************************************************
[INFO ] 2018-02-28 15:47:47.819 [main] TestListner - 
******************************************************************************************************************************
					TEST CASE NAME:                  testVerifyOrderReceiptForProcessedPersonalAdhocOrders_3425q
******************************************************************************************************************************
[INFO ] 2018-02-28 15:47:47.819 [main] TestListner - [TEST IS SKIPPED -------- Test case testVerifyOrderReceiptForProcessedPersonalAdhocOrders_3425q skipped]
[INFO ] 2018-02-28 15:47:47.822 [main] TestListner - [TEST IS SKIPPED -------- Test case testVerifyOrderReceiptForProcessedPersonalAdhocOrders_3425q skipped]
[INFO ] 2018-02-28 15:47:47.825 [main] TestListner - 
******************************************************************************************************************************
					TEST CASE NAME:                  testSortingMenuForNewConsultant_3329q
******************************************************************************************************************************
[INFO ] 2018-02-28 15:47:47.826 [main] TestListner - 
******************************************************************************************************************************
					TEST CASE NAME:                  testSortingMenuForNewConsultant_3329q
******************************************************************************************************************************
[INFO ] 2018-02-28 15:47:47.827 [main] TestListner - [TEST IS SKIPPED -------- Test case testSortingMenuForNewConsultant_3329q skipped]
[INFO ] 2018-02-28 15:47:47.829 [main] TestListner - [TEST IS SKIPPED -------- Test case testSortingMenuForNewConsultant_3329q skipped]
