[DEBUG] 2018-03-24 19:55:21.213 [main] RFBaseTest - Started execution with  null
[INFO ] 2018-03-24 19:55:21.218 [main] RFBaseTest - Environment properties are not provided by the user ... loading the default properties
[INFO ] 2018-03-24 19:55:21.218 [main] RFBaseTest - Default Browser is  ------ chrome
[INFO ] 2018-03-24 19:55:21.219 [main] RFBaseTest - Default URL is  ------ https://skywalker.rodanandfields.com
[INFO ] 2018-03-24 19:55:21.219 [main] RFBaseTest - Default user password is  ------ null
[INFO ] 2018-03-24 19:55:21.219 [main] RFBaseTest - Default Country is  ------ us
[INFO ] 2018-03-24 19:55:21.219 [main] RFBaseTest - Default DB IP is  ------ 10.3.0.218
[INFO ] 2018-03-24 19:55:21.219 [main] RFBaseTest - Default DB Username is  ------ perftest
[INFO ] 2018-03-24 19:55:21.219 [main] RFBaseTest - Default DB Password is  ------ perftest
[INFO ] 2018-03-24 19:55:21.219 [main] RFBaseTest - Default DB Domain is  ------ RF
[INFO ] 2018-03-24 19:55:25.723 [main] RFWebsiteDriver - URL opened is https://skywalker.rodanandfields.com
[INFO ] 2018-03-24 19:55:28.802 [main] RFLSDWebsiteBaseTest - Application loaded
[INFO ] 2018-03-24 19:55:28.813 [main] RFWebsiteDriver - DB connections are set
[INFO ] 2018-03-24 19:55:28.861 [main] DBUtil - QUERY TRIGGERED IS DECLARE @CurrentOpenPeriod INT = ( SELECT TOP 1    PeriodID FROM     Commissions.reference.Periods WHERE    ClosedDate IS NULL   ORDER BY PeriodID ASC ) ,  @AccountID INT , @UserName NVARCHAR(225) , @Country NVARCHAR(225), @FirstName nvarchar(255), @LastName nvarchar(255) SELECT TOP 1 @AccountID = ab.AccountID , @UserName = ac.Username , @Country = co.Alpha2Code, @firstname=act.FirstName, @LastName= act. LAstName  FROM    RFOperations.RFO_Accounts.AccountBase (NOLOCK) ab JOIN RFOperations.RFO_Accounts.AccountRF (NOLOCK) rf ON rf.AccountID = ab.AccountID  JOIN RFOperations.Security.AccountSecurity (NOLOCK) ac ON ac.AccountID = ab.AccountID    JOIN RFOperations.RFO_Accounts.AccountContacts (NOLOCK) act ON act.AccountID = ab.AccountID  JOIN RFOperations.RFO_Reference.Countries (NOLOCK) co ON co.CountryID = ab.CountryID WHERE   ab.AccountTypeID = 1 AND ab.AccountStatusID = 1 AND co.Alpha2Code = 'US' AND rf.Active = 1  AND EXISTS ( SELECT 1 FROM   RFOperations.Hybris.Autoship (NOLOCK) a WHERE  a.AccountID = ab.AccountID  AND a.AutoshipTypeID = 3  AND a.Active = 1 )  AND EXISTS ( SELECT 1 FROM   Commissions.calcs.vwQualificationSummary v WHERE  ab.AccountID = v.AccountID  AND v.PeriodID = @CurrentOpenPeriod AND v.SV >= 100 AND v.PSQV >= 600 ) ORDER BY NEWID() SELECT  ISNULL(@AccountID, 1496) AccountID , ISNULL(@UserName, 'skincareconsultants@gmail.com') UserName , Isnull(@FirstName,'Sarah') [FirstName], Isnull(@LastName,'Robbins') [LastName], ISNULL(@Country, 'US') Country ,  @CurrentOpenPeriod CurrentOpenPeriod

[INFO ] 2018-03-24 19:55:31.926 [main] RFLSDWebsiteBaseTest - randomConsultantDetailsList:[{AccountID=2080181, UserName=LaraGottfried58@gmail.com, FirstName=Lara, LastName=Gottfried, Country=US, CurrentOpenPeriod=201710}]
[INFO ] 2018-03-24 19:55:31.926 [main] RFLSDWebsiteBaseTest - Data returned by query: 2080181
[INFO ] 2018-03-24 19:55:31.926 [main] RFLSDWebsiteBaseTest - Data returned by query: LaraGottfried58@gmail.com
[INFO ] 2018-03-24 19:55:31.926 [main] RFLSDWebsiteBaseTest - userName:[{AccountID=2080181, UserName=LaraGottfried58@gmail.com, FirstName=Lara, LastName=Gottfried, Country=US, CurrentOpenPeriod=201710}]
[INFO ] 2018-03-24 19:55:31.926 [main] RFWebsiteDriver - Waiting for LSD loading image to get disappear
[INFO ] 2018-03-24 19:55:31.949 [main] RFWebsiteDriver - LSD loading image disappears
[INFO ] 2018-03-24 19:55:31.989 [main] RFWebsiteDriver - waiting for locator By.id: username
[INFO ] 2018-03-24 19:55:31.999 [main] RFWebsiteDriver - Element found
[INFO ] 2018-03-24 19:55:31.999 [main] RFWebsiteDriver - wait started for By.id: username
[INFO ] 2018-03-24 19:55:31.999 [main] RFWebsiteDriver - waiting for locator By.id: username
[INFO ] 2018-03-24 19:55:32.009 [main] RFWebsiteDriver - Element found
[INFO ] 2018-03-24 19:55:32.163 [main] RFWebsiteDriver - TYPED text as = LaraGottfried58@gmail.com in  text field
[INFO ] 2018-03-24 19:55:32.163 [main] LSDLoginPage - username is LaraGottfried58@gmail.com
[INFO ] 2018-03-24 19:55:32.163 [main] RFWebsiteDriver - wait started for By.id: password
[INFO ] 2018-03-24 19:55:32.163 [main] RFWebsiteDriver - waiting for locator By.id: password
[INFO ] 2018-03-24 19:55:32.179 [main] RFWebsiteDriver - Element found
[INFO ] 2018-03-24 19:55:32.275 [main] RFWebsiteDriver - TYPED text as = 111Maiden$ in  text field
[INFO ] 2018-03-24 19:55:32.275 [main] LSDLoginPage - password is 111Maiden$
[INFO ] 2018-03-24 19:55:32.308 [main] RFWebsiteDriver -  ready to be clicked
[INFO ] 2018-03-24 19:55:32.374 [main] RFWebsiteDriver - CLICKED on 
[INFO ] 2018-03-24 19:55:41.523 [main] RFLSDWebsiteBaseTest - Total windows opened are 1
[INFO ] 2018-03-24 19:55:41.530 [main] RFWebsiteDriver - URL opened is https://skywalker.rodanandfields.com#/Home
[INFO ] 2018-03-24 20:00:41.695 [main] TestListner - 
******************************************************************************************************************************
					TEST CASE NAME:                  testPCCardComponents_3240q
******************************************************************************************************************************
[INFO ] 2018-03-24 20:00:41.729 [main] TestListner - [TEST IS SKIPPED -------- Test case testPCCardComponents_3240q skipped]
