[DEBUG] 2018-03-06 20:08:59.618 [main] RFBaseTest - Started execution with  null
[INFO ] 2018-03-06 20:08:59.624 [main] RFBaseTest - Environment properties are not provided by the user ... loading the default properties
[INFO ] 2018-03-06 20:08:59.624 [main] RFBaseTest - Default Browser is  ------ chrome
[INFO ] 2018-03-06 20:08:59.625 [main] RFBaseTest - Default URL is  ------ https://skywalker.rodanandfields.com
[INFO ] 2018-03-06 20:08:59.625 [main] RFBaseTest - Default user password is  ------ 111Maiden$
[INFO ] 2018-03-06 20:08:59.625 [main] RFBaseTest - Default Country is  ------ us
[INFO ] 2018-03-06 20:08:59.625 [main] RFBaseTest - Default DB IP is  ------ 10.3.0.218
[INFO ] 2018-03-06 20:08:59.625 [main] RFBaseTest - Default DB Username is  ------ perftest
[INFO ] 2018-03-06 20:08:59.625 [main] RFBaseTest - Default DB Password is  ------ perftest
[INFO ] 2018-03-06 20:08:59.625 [main] RFBaseTest - Default DB Domain is  ------ RF
[INFO ] 2018-03-06 20:09:04.276 [main] RFWebsiteDriver - Window is maximized
[INFO ] 2018-03-06 20:09:04.277 [main] RFWebsiteDriver - All cookies deleted
[INFO ] 2018-03-06 20:09:04.277 [main] RFWebsiteDriver - URL opened is https://skywalker.rodanandfields.com
[INFO ] 2018-03-06 20:09:06.408 [main] RFLSDWebsiteBaseTest - Application loaded
[INFO ] 2018-03-06 20:09:06.424 [main] RFWebsiteDriver - DB connections are set
[INFO ] 2018-03-06 20:09:06.497 [main] DBUtil - QUERY TRIGGERED IS SELECT top 1 * FROM Commissions.[calcs].[vwQualificationSummary] where SV!=0 and PSQV!=0 and L1L2!=0 and L1L6!=0 and ECLegs > 0 and periodid= LEFT(CONVERT(varchar, GetDate(),112),6)  order by NewID() desc

[INFO ] 2018-03-06 20:09:07.268 [main] RFLSDWebsiteBaseTest - Data returned by query: 75000950
[INFO ] 2018-03-06 20:09:07.270 [main] DBUtil - QUERY TRIGGERED IS SELECT  ab.AccountID ,ac.FirstName ,ac.LastName ,acs.Username FROM  RFOperations.RFO_Accounts.AccountBase ab JOIN RFOperations.RFO_Accounts.AccountRF rf ON rf.AccountID = ab.AccountID JOIN RFOperations.RFO_Accounts.AccountContacts ac ON ac.AccountId = ab.AccountID LEFT JOIN RFOperations.Security.AccountSecurity acs ON acs.AccountID = ab.AccountID LEFT JOIN RFOperations.RFO_Reference.AccountType t ON t.AccountTypeID = ab.AccountTypeID LEFT JOIN RFOperations.RFO_Reference.AccountStatus s ON s.AccountStatusID = ab.AccountStatusID LEFT JOIN RFOperations.RFO_Reference.Countries c ON c.CountryID = ab.CountryID WHERE   ab.AccountID = 6925217

[INFO ] 2018-03-06 20:09:07.443 [main] RFLSDWebsiteBaseTest - Data returned by query: sybilasner@gmail.com
[INFO ] 2018-03-06 20:09:07.444 [main] DBUtil - QUERY TRIGGERED IS select EmailAddress from RFO_Accounts.AccountContacts acTB INNER JOIN RFO_Accounts.AccountEmails aeTB  on acTB.AccountContactId=aeTB.AccountContactId INNER JOIN RFO_Accounts.EmailAddresses aEMTB on aeTB.EmailAddressID=aEMTB.EmailAddressID WHERE acTB.AccountID='6925217' and aEMTB.EmailAddressTypeID=1 

[INFO ] 2018-03-06 20:09:07.599 [main] RFLSDWebsiteBaseTest - Data returned by query: sybilasner@gmail.com
[INFO ] 2018-03-06 20:09:07.600 [main] RFWebsiteDriver - Waiting for LSD loading image to get disappear
[INFO ] 2018-03-06 20:09:08.636 [main] RFWebsiteDriver - waiting..
[INFO ] 2018-03-06 20:09:08.647 [main] RFWebsiteDriver - LSD loading image disappears
[INFO ] 2018-03-06 20:09:08.704 [main] RFWebsiteDriver - waiting for locator By.id: username
[INFO ] 2018-03-06 20:09:08.714 [main] RFWebsiteDriver - Element found
[INFO ] 2018-03-06 20:09:08.714 [main] RFWebsiteDriver - Taking Screenshot
[INFO ] 2018-03-06 20:09:09.109 [main] RFWebsiteDriver - wait started for By.id: username
[INFO ] 2018-03-06 20:09:09.110 [main] RFWebsiteDriver - waiting for locator By.id: username
[INFO ] 2018-03-06 20:09:09.132 [main] RFWebsiteDriver - Element found
[INFO ] 2018-03-06 20:09:09.325 [main] RFWebsiteDriver - TYPED text as = sybilasner@gmail.com in  text field
[INFO ] 2018-03-06 20:09:09.326 [main] LSDLoginPage - username is sybilasner@gmail.com
[INFO ] 2018-03-06 20:09:09.326 [main] RFWebsiteDriver - wait started for By.id: password
[INFO ] 2018-03-06 20:09:09.326 [main] RFWebsiteDriver - waiting for locator By.id: password
[INFO ] 2018-03-06 20:09:09.347 [main] RFWebsiteDriver - Element found
[INFO ] 2018-03-06 20:09:09.499 [main] RFWebsiteDriver - TYPED text as = 111Maiden$ in  text field
[INFO ] 2018-03-06 20:09:09.499 [main] LSDLoginPage - password is 111Maiden$
[INFO ] 2018-03-06 20:09:09.499 [main] RFWebsiteDriver - wait started for By.id: button-login
[INFO ] 2018-03-06 20:09:09.499 [main] RFWebsiteDriver - waiting for locator By.id: button-login
[INFO ] 2018-03-06 20:09:09.523 [main] RFWebsiteDriver - Element found
[INFO ] 2018-03-06 20:09:09.523 [main] RFWebsiteDriver -  ready to be clicked
[INFO ] 2018-03-06 20:09:09.613 [main] RFWebsiteDriver - CLICKED on 
[INFO ] 2018-03-06 20:09:22.460 [main] RFWebsiteDriver - URL opened is https://skywalker.rodanandfields.com
[INFO ] 2018-03-06 20:09:23.187 [main] RFWebsiteDriver - Waiting for LSD loading image to get disappear
[INFO ] 2018-03-06 20:09:23.313 [main] RFWebsiteDriver - LSD Animation image disappears
[INFO ] 2018-03-06 20:09:23.313 [main] RFWebsiteDriver - waiting for locator By.id: button-login
[INFO ] 2018-03-06 20:09:28.525 [main] RFWebsiteDriver - waiting for locator By.xpath: //div[text()='Hello,']/following-sibling::div[contains(@class,'text-uppercase')]
[INFO ] 2018-03-06 20:09:28.535 [main] RFWebsiteDriver - Element found
[INFO ] 2018-03-06 20:09:28.545 [main] RFWebsiteDriver - waiting for locator By.xpath: //div[text()='Hello,']/following-sibling::div[contains(@class,'text-uppercase')]
[INFO ] 2018-03-06 20:09:28.556 [main] RFWebsiteDriver - Element found
[INFO ] 2018-03-06 20:09:28.590 [main] RFWebsiteDriver - TEXT fetched for First name in overview section is=SYBIL
[INFO ] 2018-03-06 20:09:28.590 [main] RFLSDWebsiteBaseTest - Data returned by query: Sybil
[INFO ] 2018-03-06 20:09:28.596 [main] RFWebsiteDriver - wait started for By.xpath: //div[@id='rf-nav-wrapper']/descendant::img[2]
[INFO ] 2018-03-06 20:09:28.596 [main] RFWebsiteDriver - waiting for locator By.xpath: //div[@id='rf-nav-wrapper']/descendant::img[2]
[INFO ] 2018-03-06 20:09:28.617 [main] RFWebsiteDriver - Element found
[INFO ] 2018-03-06 20:09:28.617 [main] RFWebsiteDriver - R+F logo ready to be clicked
[INFO ] 2018-03-06 20:09:28.698 [main] RFWebsiteDriver - CLICKED on R+F logo
[INFO ] 2018-03-06 20:09:28.801 [main] TestListner - 
******************************************************************************************************************************
					TEST CASE NAME:                  testTotalNumberOfPCsThisMonth_3013q
******************************************************************************************************************************
[INFO ] 2018-03-06 20:09:28.848 [main] DBUtil - QUERY TRIGGERED IS DECLARE @AccountID INT = 6925217 ;WITH PCAchievedOrders AS ( SELECT COUNT( ro.OrderID) Ocount , ro.ConsultantID FROM RFOperations.Hybris.orders (NOLOCK) ro JOIN RFOperations.RFO_Accounts.AccountBase ab ON ab.AccountID = ro.AccountID WHERE ro.ConsultantID = @AccountID AND ro.OrderStatusID IN ( 2, 4, 5 ) AND ab.AccountTypeID = 2 AND ro.CompletionDate BETWEEN CAST(DATEADD(DAY, 1, DATEADD(MONTH, -1, EOMONTH(GETDATE()))) AS DATE) AND GETDATE() AND ro.AutoShipID IS NOT NULL GROUP BY ro.ConsultantID ), PenddingPCTemplate AS ( SELECT COUNT( a.AutoshipID) PCount , a.ConsultantID FROM RFOperations.Hybris.Autoship (NOLOCK) a JOIN RFOperations.RFO_Accounts.AccountBase (NOLOCK) ab ON ab.AccountID = a.AccountID JOIN RFOperations.RFO_Accounts.AccountContacts ac ON ac.AccountId = ab.AccountID WHERE a.ConsultantID = @AccountID AND a.AutoshipTypeID = 1 AND ab.AccountTypeID = 2 AND a.Active = 1 AND CAST(a.NextRunDate AS DATE) BETWEEN CAST(DATEADD(DAY, 1, DATEADD(MONTH, -1, EOMONTH(GETDATE()))) AS DATE) AND EOMONTH(GETDATE()) GROUP BY a.ConsultantID ) SELECT ab.AccountID , ISNULL(p.PCount, 0) + ISNULL(o.Ocount, 0) AS [Totol PC Order Counts] FROM RFOperations.RFO_Accounts.AccountBase ab LEFT JOIN PCAchievedOrders o ON o.ConsultantID = ab.AccountID LEFT JOIN PenddingPCTemplate p ON p.ConsultantID = ab.AccountID WHERE ab.AccountID = @AccountID

[INFO ] 2018-03-06 20:09:30.073 [main] RFLSDWebsiteBaseTest - Data returned by query: 3
[INFO ] 2018-03-06 20:09:30.075 [main] RFWebsiteDriver - wait started for By.xpath: //div[@id='rf-nav-wrapper']/descendant::span[text()='Pulse'][1]
[INFO ] 2018-03-06 20:09:30.075 [main] RFWebsiteDriver - waiting for locator By.xpath: //div[@id='rf-nav-wrapper']/descendant::span[text()='Pulse'][1]
[INFO ] 2018-03-06 20:09:30.127 [main] RFWebsiteDriver - Element found
[INFO ] 2018-03-06 20:09:30.127 [main] RFWebsiteDriver -  ready to be clicked
[INFO ] 2018-03-06 20:09:30.272 [main] RFWebsiteDriver - CLICKED on 
[INFO ] 2018-03-06 20:09:30.273 [main] LSDHomePage - Clicked on Pulse Submenu from Top Navigation
[INFO ] 2018-03-06 20:09:30.339 [main] RFWebsiteDriver - wait started for By.xpath: //a[contains(text(),'Customers')]
[INFO ] 2018-03-06 20:09:30.339 [main] RFWebsiteDriver - waiting for locator By.xpath: //a[contains(text(),'Customers')]
[INFO ] 2018-03-06 20:09:30.352 [main] RFWebsiteDriver - Element found
[INFO ] 2018-03-06 20:09:30.352 [main] RFWebsiteDriver -  ready to be clicked
[INFO ] 2018-03-06 20:09:30.437 [main] RFWebsiteDriver - CLICKED on 
[INFO ] 2018-03-06 20:09:30.438 [main] LSDHomePage - SubMenu Link : Customers clicked
[INFO ] 2018-03-06 20:09:30.465 [main] RFWebsiteDriver - Waiting for spin image to get disappear0
[INFO ] 2018-03-06 20:09:30.475 [main] RFWebsiteDriver - spin image disappears
[INFO ] 2018-03-06 20:09:34.507 [main] RFWebsiteDriver - Waiting for spin image to get disappear0
[INFO ] 2018-03-06 20:09:34.516 [main] RFWebsiteDriver - spin image disappears
[INFO ] 2018-03-06 20:09:34.517 [main] RFWebsiteDriver - waiting for locator By.xpath: //div[contains(@class,'white-fb')]/descendant::a[1]/descendant::span[2]
[INFO ] 2018-03-06 20:09:34.533 [main] RFWebsiteDriver - Element found
[INFO ] 2018-03-06 20:09:34.573 [main] RFWebsiteDriver - TEXT fetched for count of pc autoship orders for this month is=3
[INFO ] 2018-03-06 20:09:43.576 [main] RFWebsiteDriver - wait started for By.xpath: //div[contains(@class,'white-fb')]/descendant::a[1]/descendant::span[1]
[INFO ] 2018-03-06 20:09:43.576 [main] RFWebsiteDriver - waiting for locator By.xpath: //div[contains(@class,'white-fb')]/descendant::a[1]/descendant::span[1]
[INFO ] 2018-03-06 20:09:43.596 [main] RFWebsiteDriver - Element found
[INFO ] 2018-03-06 20:09:43.596 [main] RFWebsiteDriver - have orders for this month ready to be clicked
[INFO ] 2018-03-06 20:09:43.668 [main] RFWebsiteDriver - CLICKED on have orders for this month
[INFO ] 2018-03-06 20:09:43.814 [main] RFWebsiteDriver - CLICKED on 
[INFO ] 2018-03-06 20:09:43.814 [main] RFWebsiteDriver - wait started for By.xpath: //h1[contains(text(),'have orders this month')]/preceding::span[1]
[INFO ] 2018-03-06 20:09:43.814 [main] RFWebsiteDriver - waiting for locator By.xpath: //h1[contains(text(),'have orders this month')]/preceding::span[1]
[INFO ] 2018-03-06 20:09:44.353 [main] RFWebsiteDriver - Element found
[INFO ] 2018-03-06 20:09:44.354 [main] RFWebsiteDriver - waiting for locator By.xpath: //h1[contains(text(),'have orders this month')]/preceding::span[1]
[INFO ] 2018-03-06 20:09:44.378 [main] RFWebsiteDriver - Element found
[INFO ] 2018-03-06 20:09:44.454 [main] RFWebsiteDriver - TEXT fetched for count of pc autoship orders for this month at header is=3
[INFO ] 2018-03-06 20:09:44.455 [main] TestListner - [TEST IS SUCCESSFUL -------- Test case testTotalNumberOfPCsThisMonth_3013q has passed]
[INFO ] 2018-03-06 20:09:44.472 [main] RFWebsiteDriver - URL opened is https://skywalker.rodanandfields.com
[INFO ] 2018-03-06 20:09:45.013 [main] RFWebsiteDriver - Waiting for LSD loading image to get disappear
[INFO ] 2018-03-06 20:09:45.118 [main] RFWebsiteDriver - LSD Animation image disappears
[INFO ] 2018-03-06 20:09:45.119 [main] RFWebsiteDriver - Waiting for LSD loading image to get disappear
[INFO ] 2018-03-06 20:09:46.223 [main] RFWebsiteDriver - waiting..
[INFO ] 2018-03-06 20:09:47.264 [main] RFWebsiteDriver - waiting..
[INFO ] 2018-03-06 20:09:47.274 [main] RFWebsiteDriver - LSD loading image disappears
[INFO ] 2018-03-06 20:09:47.274 [main] RFWebsiteDriver - waiting for locator By.xpath: //div[@id='rf-nav-wrapper']/descendant::span[text()='Pulse'][1]
[INFO ] 2018-03-06 20:09:47.816 [main] RFWebsiteDriver - Element found
[INFO ] 2018-03-06 20:09:47.816 [main] RFWebsiteDriver - wait started for By.xpath: //div[@id='rf-nav-wrapper']/descendant::span[text()='Pulse'][1]
[INFO ] 2018-03-06 20:09:47.817 [main] RFWebsiteDriver - waiting for locator By.xpath: //div[@id='rf-nav-wrapper']/descendant::span[text()='Pulse'][1]
[INFO ] 2018-03-06 20:09:47.829 [main] RFWebsiteDriver - Element found
[INFO ] 2018-03-06 20:09:47.829 [main] RFWebsiteDriver - Pulse in top navigation ready to be clicked
[INFO ] 2018-03-06 20:09:47.940 [main] RFWebsiteDriver - CLICKED on Pulse in top navigation
[INFO ] 2018-03-06 20:09:47.940 [main] LSDRFWebsiteBasePage - Pulse in top navigation clicked
[INFO ] 2018-03-06 20:09:47.940 [main] LSDRFWebsiteBasePage - Logging out from pulse application
[INFO ] 2018-03-06 20:09:48.080 [main] RFWebsiteDriver - CLICKED on 
[INFO ] 2018-03-06 20:09:48.081 [main] RFWebsiteDriver - Waiting for LSD loading image to get disappear
[INFO ] 2018-03-06 20:09:48.106 [main] RFWebsiteDriver - LSD loading image disappears
