[DEBUG] 2018-03-14 15:26:27.161 [main] RFBaseTest - Started execution with  null
[INFO ] 2018-03-14 15:26:27.168 [main] RFBaseTest - Environment properties are not provided by the user ... loading the default properties
[INFO ] 2018-03-14 15:26:27.169 [main] RFBaseTest - Default Browser is  ------ chrome
[INFO ] 2018-03-14 15:26:27.169 [main] RFBaseTest - Default URL is  ------ https://skywalker.rodanandfields.com
[INFO ] 2018-03-14 15:26:27.169 [main] RFBaseTest - Default user password is  ------ 111Maiden$
[INFO ] 2018-03-14 15:26:27.169 [main] RFBaseTest - Default Country is  ------ us
[INFO ] 2018-03-14 15:26:27.169 [main] RFBaseTest - Default DB IP is  ------ 10.3.0.218
[INFO ] 2018-03-14 15:26:27.169 [main] RFBaseTest - Default DB Username is  ------ perftest
[INFO ] 2018-03-14 15:26:27.169 [main] RFBaseTest - Default DB Password is  ------ perftest
[INFO ] 2018-03-14 15:26:27.169 [main] RFBaseTest - Default DB Domain is  ------ RF
[INFO ] 2018-03-14 15:26:27.239 [main] RFWebsiteDriver - DB connections are set
[INFO ] 2018-03-14 15:26:27.355 [main] DBUtil - QUERY TRIGGERED IS DECLARE @CurrentOpenPeriod INT = ( SELECT TOP 1
                                            PeriodID
                                   FROM     Commissions.reference.Periods
                                   WHERE    ClosedDate IS NULL
                                   ORDER BY PeriodID ASC
                                 ) ,
    @AccountID INT ,
    @UserName NVARCHAR(225) ,
    @Country NVARCHAR(225)

SELECT TOP 1
        @AccountID = ab.AccountID ,
        @UserName = ac.Username ,
        @Country = co.Alpha2Code
FROM    RFOperations.RFO_Accounts.AccountBase (NOLOCK) ab
        JOIN RFOperations.RFO_Accounts.AccountRF (NOLOCK) rf ON rf.AccountID = ab.AccountID
        JOIN RFOperations.Security.AccountSecurity (NOLOCK) ac ON ac.AccountID = ab.AccountID
        JOIN RFOperations.RFO_Reference.Countries (NOLOCK) co ON co.CountryID = ab.CountryID
WHERE   ab.AccountTypeID = 1
        AND ab.AccountStatusID = 1
        AND co.Alpha2Code = 'US'
        AND rf.Active = 1
        AND EXISTS ( SELECT 1
                     FROM   RFOperations.Hybris.Autoship (NOLOCK) a
                     WHERE  a.AccountID = ab.AccountID
                            AND a.AutoshipTypeID = 3
                            AND a.Active = 1 )
        AND EXISTS ( SELECT 1
                     FROM   Commissions.calcs.vwQualificationSummary v
                     WHERE  ab.AccountID = v.AccountID
                            AND v.PeriodID = @CurrentOpenPeriod
                            AND v.SV >= 100
                            AND v.PSQV >= 600 )
ORDER BY NEWID()

SELECT  ISNULL(@AccountID, 1496) AccountID ,
        ISNULL(@UserName, 'skincareconsultants@gmail.com') UserName ,
        ISNULL(@Country, 'US') Country ,
        @CurrentOpenPeriod CurrentOpenPeriod

[INFO ] 2018-03-14 15:26:30.467 [main] RFLSDWebsiteBaseTest - randomConsultantDetailsList:[{AccountID=1764557, UserName=hetricksarahe@gmail.com, Country=US, CurrentOpenPeriod=201710}]
[INFO ] 2018-03-14 15:26:30.467 [main] RFLSDWebsiteBaseTest - Data returned by query: 1764557
[INFO ] 2018-03-14 15:26:30.467 [main] RFLSDWebsiteBaseTest - Data returned by query: hetricksarahe@gmail.com
[INFO ] 2018-03-14 15:26:30.467 [main] RFLSDWebsiteBaseTest - userName:[{AccountID=1764557, UserName=hetricksarahe@gmail.com, Country=US, CurrentOpenPeriod=201710}]
[INFO ] 2018-03-14 15:26:30.468 [main] RFWebsiteDriver - Waiting for LSD loading image to get disappear
[INFO ] 2018-03-14 15:26:30.484 [main] RFWebsiteDriver - Taking Screenshot
[INFO ] 2018-03-14 15:26:30.486 [main] RFWebsiteDriver - wait started for By.id: username
[INFO ] 2018-03-14 15:26:30.515 [main] TestListner - 
******************************************************************************************************************************
					TEST CASE NAME:                  TotalNumberOfAllPCs_3349q
******************************************************************************************************************************
[INFO ] 2018-03-14 15:26:30.685 [main] TestListner - [TEST IS SKIPPED -------- Test case TotalNumberOfAllPCs_3349q skipped]
