[INFO ] 2018-03-06 15:14:15.322 [main] RFBaseTest - Environment properties are not provided by the user ... loading the default properties
[INFO ] 2018-03-06 15:14:15.323 [main] RFBaseTest - Default Browser is  ------ chrome
[INFO ] 2018-03-06 15:14:15.323 [main] RFBaseTest - Default URL is  ------ https://skywalker.rodanandfields.com
[INFO ] 2018-03-06 15:14:15.323 [main] RFBaseTest - Default user password is  ------ 111Maiden$
[INFO ] 2018-03-06 15:14:15.324 [main] RFBaseTest - Default Country is  ------ us
[INFO ] 2018-03-06 15:14:15.324 [main] RFBaseTest - Default DB IP is  ------ 10.3.0.218
[INFO ] 2018-03-06 15:14:15.324 [main] RFBaseTest - Default DB Username is  ------ perftest
[INFO ] 2018-03-06 15:14:15.324 [main] RFBaseTest - Default DB Password is  ------ perftest
[INFO ] 2018-03-06 15:14:15.324 [main] RFBaseTest - Default DB Domain is  ------ RF
[INFO ] 2018-03-06 15:14:23.087 [main] RFWebsiteDriver - Window is maximized
[INFO ] 2018-03-06 15:14:23.088 [main] RFWebsiteDriver - All cookies deleted
[INFO ] 2018-03-06 15:14:23.088 [main] RFWebsiteDriver - URL opened is https://skywalker.rodanandfields.com
[INFO ] 2018-03-06 15:14:24.902 [main] RFLSDWebsiteBaseTest - Application loaded
[INFO ] 2018-03-06 15:14:24.913 [main] RFWebsiteDriver - DB connections are set
[INFO ] 2018-03-06 15:14:24.973 [main] DBUtil - QUERY TRIGGERED IS SELECT top 1 * FROM Commissions.[calcs].[vwQualificationSummary] where SV!=0 and PSQV!=0 and L1L2!=0 and L1L6!=0 and ECLegs > 0 and periodid= LEFT(CONVERT(varchar, GetDate(),112),6)  order by NewID() desc

[INFO ] 2018-03-06 15:14:25.614 [main] RFLSDWebsiteBaseTest - Data returned by query: 6866903
[INFO ] 2018-03-06 15:14:35.383 [main] DBUtil - QUERY TRIGGERED IS SELECT  ab.AccountID ,ac.FirstName ,ac.LastName ,acs.Username FROM  RFOperations.RFO_Accounts.AccountBase ab JOIN RFOperations.RFO_Accounts.AccountRF rf ON rf.AccountID = ab.AccountID JOIN RFOperations.RFO_Accounts.AccountContacts ac ON ac.AccountId = ab.AccountID LEFT JOIN RFOperations.Security.AccountSecurity acs ON acs.AccountID = ab.AccountID LEFT JOIN RFOperations.RFO_Reference.AccountType t ON t.AccountTypeID = ab.AccountTypeID LEFT JOIN RFOperations.RFO_Reference.AccountStatus s ON s.AccountStatusID = ab.AccountStatusID LEFT JOIN RFOperations.RFO_Reference.Countries c ON c.CountryID = ab.CountryID WHERE   ab.AccountID = 6925217

[INFO ] 2018-03-06 15:14:36.411 [main] RFLSDWebsiteBaseTest - Data returned by query: sybilasner@gmail.com
[INFO ] 2018-03-06 15:14:36.412 [main] DBUtil - QUERY TRIGGERED IS select EmailAddress from RFO_Accounts.AccountContacts acTB INNER JOIN RFO_Accounts.AccountEmails aeTB  on acTB.AccountContactId=aeTB.AccountContactId INNER JOIN RFO_Accounts.EmailAddresses aEMTB on aeTB.EmailAddressID=aEMTB.EmailAddressID WHERE acTB.AccountID='6925217' and aEMTB.EmailAddressTypeID=1 

[INFO ] 2018-03-06 15:14:36.620 [main] RFLSDWebsiteBaseTest - Data returned by query: sybilasner@gmail.com
[INFO ] 2018-03-06 15:14:36.621 [main] RFWebsiteDriver - Waiting for LSD loading image to get disappear
[INFO ] 2018-03-06 15:14:36.654 [main] RFWebsiteDriver - LSD loading image disappears
[INFO ] 2018-03-06 15:14:36.710 [main] RFWebsiteDriver - waiting for locator By.id: username
[INFO ] 2018-03-06 15:14:36.719 [main] RFWebsiteDriver - Element found
[INFO ] 2018-03-06 15:14:36.720 [main] RFWebsiteDriver - Taking Screenshot
[INFO ] 2018-03-06 15:14:38.667 [main] RFWebsiteDriver - wait started for By.id: username
[INFO ] 2018-03-06 15:14:38.667 [main] RFWebsiteDriver - waiting for locator By.id: username
[INFO ] 2018-03-06 15:14:38.707 [main] RFWebsiteDriver - Element found
[INFO ] 2018-03-06 15:14:38.898 [main] RFWebsiteDriver - TYPED text as = sybilasner@gmail.com in  text field
[INFO ] 2018-03-06 15:14:38.899 [main] LSDLoginPage - username is sybilasner@gmail.com
[INFO ] 2018-03-06 15:14:38.899 [main] RFWebsiteDriver - wait started for By.id: password
[INFO ] 2018-03-06 15:14:38.899 [main] RFWebsiteDriver - waiting for locator By.id: password
[INFO ] 2018-03-06 15:14:38.923 [main] RFWebsiteDriver - Element found
[INFO ] 2018-03-06 15:14:39.067 [main] RFWebsiteDriver - TYPED text as = 111Maiden$ in  text field
[INFO ] 2018-03-06 15:14:39.067 [main] LSDLoginPage - password is 111Maiden$
[INFO ] 2018-03-06 15:14:39.067 [main] RFWebsiteDriver - wait started for By.id: button-login
[INFO ] 2018-03-06 15:14:39.067 [main] RFWebsiteDriver - waiting for locator By.id: button-login
[INFO ] 2018-03-06 15:14:39.089 [main] RFWebsiteDriver - Element found
[INFO ] 2018-03-06 15:14:39.090 [main] RFWebsiteDriver -  ready to be clicked
[INFO ] 2018-03-06 15:14:39.190 [main] RFWebsiteDriver - CLICKED on 
[INFO ] 2018-03-06 15:15:01.227 [main] RFWebsiteDriver - URL opened is https://skywalker.rodanandfields.com
[INFO ] 2018-03-06 15:15:01.809 [main] RFWebsiteDriver - Waiting for LSD loading image to get disappear
[INFO ] 2018-03-06 15:15:01.937 [main] RFWebsiteDriver - LSD Animation image disappears
[INFO ] 2018-03-06 15:15:01.937 [main] RFWebsiteDriver - waiting for locator By.id: button-login
[INFO ] 2018-03-06 15:15:07.315 [main] RFWebsiteDriver - waiting for locator By.xpath: //div[text()='Hello,']/following-sibling::div[contains(@class,'text-uppercase')]
[INFO ] 2018-03-06 15:15:07.325 [main] RFWebsiteDriver - Element found
[INFO ] 2018-03-06 15:15:07.336 [main] RFWebsiteDriver - waiting for locator By.xpath: //div[text()='Hello,']/following-sibling::div[contains(@class,'text-uppercase')]
[INFO ] 2018-03-06 15:15:07.347 [main] RFWebsiteDriver - Element found
[INFO ] 2018-03-06 15:15:07.390 [main] RFWebsiteDriver - TEXT fetched for First name in overview section is=SYBIL
[INFO ] 2018-03-06 15:15:07.391 [main] RFLSDWebsiteBaseTest - Data returned by query: Sybil
[INFO ] 2018-03-06 15:15:07.397 [main] RFWebsiteDriver - wait started for By.xpath: //div[@id='rf-nav-wrapper']/descendant::img[2]
[INFO ] 2018-03-06 15:15:07.397 [main] RFWebsiteDriver - waiting for locator By.xpath: //div[@id='rf-nav-wrapper']/descendant::img[2]
[INFO ] 2018-03-06 15:15:07.415 [main] RFWebsiteDriver - Element found
[INFO ] 2018-03-06 15:15:07.415 [main] RFWebsiteDriver - R+F logo ready to be clicked
[INFO ] 2018-03-06 15:15:07.495 [main] RFWebsiteDriver - CLICKED on R+F logo
[INFO ] 2018-03-06 15:15:07.587 [main] TestListner - 
******************************************************************************************************************************
					TEST CASE NAME:                  testTotalNumberOfDeactivatedPCs_2985q
******************************************************************************************************************************
[INFO ] 2018-03-06 15:15:12.230 [main] RFWebsiteDriver - Waiting for LSD loading image to get disappear
[INFO ] 2018-03-06 15:15:12.263 [main] RFWebsiteDriver - LSD loading image disappears
[INFO ] 2018-03-06 15:15:12.264 [main] RFWebsiteDriver - waiting for locator By.xpath: //div[@id='rf-nav-wrapper']/descendant::span[text()='Pulse'][1]
[INFO ] 2018-03-06 15:15:12.283 [main] RFWebsiteDriver - Element found
[INFO ] 2018-03-06 15:15:12.283 [main] RFWebsiteDriver - wait started for By.xpath: //div[@id='rf-nav-wrapper']/descendant::span[text()='Pulse'][1]
[INFO ] 2018-03-06 15:15:12.283 [main] RFWebsiteDriver - waiting for locator By.xpath: //div[@id='rf-nav-wrapper']/descendant::span[text()='Pulse'][1]
[INFO ] 2018-03-06 15:15:12.293 [main] RFWebsiteDriver - Element found
[INFO ] 2018-03-06 15:15:12.293 [main] RFWebsiteDriver - Pulse in top navigation ready to be clicked
[INFO ] 2018-03-06 15:15:12.376 [main] RFWebsiteDriver - CLICKED on Pulse in top navigation
[INFO ] 2018-03-06 15:15:12.376 [main] LSDRFWebsiteBasePage - Pulse in top navigation clicked
[INFO ] 2018-03-06 15:15:12.376 [main] LSDRFWebsiteBasePage - Logging out from pulse application
[INFO ] 2018-03-06 15:15:12.482 [main] RFWebsiteDriver - CLICKED on 
[INFO ] 2018-03-06 15:15:12.482 [main] RFWebsiteDriver - Waiting for LSD loading image to get disappear
[INFO ] 2018-03-06 15:15:12.496 [main] RFWebsiteDriver - LSD loading image disappears
[INFO ] 2018-03-06 15:15:12.497 [main] DBUtil - QUERY TRIGGERED IS DECLARE @AccountID INT = ( SELECT TOP 1 a.accountID FROM     RFOperations.RFO_Accounts.AccountBase (NOLOCK) a WHERE    a.AccountTypeID = 1 AND a.AccountStatusID = 1 AND EXISTS ( SELECT 1 FROM   RFOperations.Hybris.Autoship (NOLOCK) aa WHERE  aa.AccountID = a.AccountID AND aa.AutoshipTypeID = 3 AND aa.Active = 1 ) AND EXISTS ( SELECT 1 FROM   RFOperations.RFO_Accounts.AccountBase (NOLOCK) ab JOIN RFOperations.RFO_Accounts.AccountRF (NOLOCK) rf ON rf.AccountID = ab.AccountID WHERE  rf.SponsorId = a.AccountID AND ab.AccountTypeID = 2 AND CAST(rf.SoftTerminationDate AS DATE) > CAST(DATEADD(DAY, -60, GETDATE()) AS DATE) AND rf.Active = 0 ) ORDER BY NEWID() ) SELECT  COUNT(1) PCTerm60DaysCount , rf.SponsorId [Consultant] , ac.Username FROM    RFOperations.RFO_Accounts.AccountBase (NOLOCK) ab JOIN RFOperations.RFO_Accounts.AccountRF (NOLOCK) rf ON rf.AccountID = ab.AccountID JOIN RFOperations.RFO_Accounts.AccountBase (NOLOCK) sb ON sb.AccountID = rf.SponsorId JOIN RFOperations.Security.AccountSecurity (NOLOCK) ac ON ac.AccountID = sb.AccountID JOIN RFOperations.RFO_Accounts.AccountContacts c ON c.AccountId = ab.AccountID WHERE   rf.SponsorId = @AccountID AND ab.AccountTypeID = 2 AND CAST(rf.SoftTerminationDate AS DATE) > CAST(DATEADD(DAY, -60, GETDATE()) AS DATE) AND rf.Active = 0 GROUP BY rf.SponsorId , ac.Username 

[INFO ] 2018-03-06 15:19:45.730 [main] RFLSDWebsiteBaseTest - Data returned by query: null
[INFO ] 2018-03-06 15:19:47.187 [main] RFLSDWebsiteBaseTest - Data returned by query: carriesingh22@gmail.com
[INFO ] 2018-03-06 15:19:48.332 [main] RFLSDWebsiteBaseTest - Data returned by query: 1
[INFO ] 2018-03-06 15:19:50.525 [main] RFWebsiteDriver - waiting for locator By.id: username
[INFO ] 2018-03-06 15:19:50.620 [main] RFWebsiteDriver - Element found
[INFO ] 2018-03-06 15:19:50.627 [main] RFWebsiteDriver - Taking Screenshot
[INFO ] 2018-03-06 15:19:51.528 [main] RFWebsiteDriver - wait started for By.id: username
[INFO ] 2018-03-06 15:19:51.534 [main] RFWebsiteDriver - waiting for locator By.id: username
[INFO ] 2018-03-06 15:19:51.606 [main] RFWebsiteDriver - Element found
[INFO ] 2018-03-06 15:19:51.968 [main] RFWebsiteDriver - TYPED text as = carriesingh22@gmail.com in  text field
[INFO ] 2018-03-06 15:19:51.974 [main] LSDLoginPage - username is carriesingh22@gmail.com
[INFO ] 2018-03-06 15:19:51.982 [main] RFWebsiteDriver - wait started for By.id: password
[INFO ] 2018-03-06 15:19:51.988 [main] RFWebsiteDriver - waiting for locator By.id: password
[INFO ] 2018-03-06 15:19:52.064 [main] RFWebsiteDriver - Element found
[INFO ] 2018-03-06 15:19:52.367 [main] RFWebsiteDriver - TYPED text as = 111Maiden$ in  text field
[INFO ] 2018-03-06 15:19:52.372 [main] LSDLoginPage - password is 111Maiden$
[INFO ] 2018-03-06 15:19:52.377 [main] RFWebsiteDriver - wait started for By.id: button-login
[INFO ] 2018-03-06 15:19:52.381 [main] RFWebsiteDriver - waiting for locator By.id: button-login
[INFO ] 2018-03-06 15:19:52.453 [main] RFWebsiteDriver - Element found
[INFO ] 2018-03-06 15:19:52.458 [main] RFWebsiteDriver -  ready to be clicked
[INFO ] 2018-03-06 15:19:52.620 [main] RFWebsiteDriver - CLICKED on 
[INFO ] 2018-03-06 15:20:03.882 [main] RFWebsiteDriver - Waiting for login button to get disappear
[INFO ] 2018-03-06 15:20:03.965 [main] RFWebsiteDriver - login button disappears
[INFO ] 2018-03-06 15:20:04.198 [main] RFWebsiteDriver - waiting for locator By.xpath: //div[text()='Hello,']/following-sibling::div[contains(@class,'text-uppercase')]
[INFO ] 2018-03-06 15:20:04.264 [main] RFWebsiteDriver - Element found
[INFO ] 2018-03-06 15:20:29.113 [main] RFWebsiteDriver - wait started for By.xpath: //div[@id='rf-nav-wrapper']/descendant::span[text()='Pulse'][1]
[INFO ] 2018-03-06 15:20:29.127 [main] RFWebsiteDriver - waiting for locator By.xpath: //div[@id='rf-nav-wrapper']/descendant::span[text()='Pulse'][1]
[INFO ] 2018-03-06 15:20:30.168 [main] RFWebsiteDriver - Element found
[INFO ] 2018-03-06 15:20:30.173 [main] RFWebsiteDriver -  ready to be clicked
[INFO ] 2018-03-06 15:20:30.338 [main] RFWebsiteDriver - CLICKED on 
[INFO ] 2018-03-06 15:20:30.343 [main] LSDHomePage - Clicked on Pulse Submenu from Top Navigation
[INFO ] 2018-03-06 15:20:30.540 [main] RFWebsiteDriver - wait started for By.xpath: //a[contains(text(),'Customers')]
[INFO ] 2018-03-06 15:20:30.545 [main] RFWebsiteDriver - waiting for locator By.xpath: //a[contains(text(),'Customers')]
[INFO ] 2018-03-06 15:20:30.613 [main] RFWebsiteDriver - Element found
[INFO ] 2018-03-06 15:20:30.618 [main] RFWebsiteDriver -  ready to be clicked
[INFO ] 2018-03-06 15:20:30.791 [main] RFWebsiteDriver - CLICKED on 
[INFO ] 2018-03-06 15:20:30.796 [main] LSDHomePage - SubMenu Link : Customers clicked
[INFO ] 2018-03-06 15:20:30.866 [main] RFWebsiteDriver - Waiting for spin image to get disappear0
[INFO ] 2018-03-06 15:20:30.926 [main] RFWebsiteDriver - spin image disappears
[INFO ] 2018-03-06 15:22:43.582 [main] RFWebsiteDriver - Waiting for spin image to get disappear0
[INFO ] 2018-03-06 15:22:43.639 [main] RFWebsiteDriver - spin image disappears
[INFO ] 2018-03-06 15:23:39.098 [main] RFWebsiteDriver - waiting for locator By.xpath: //h1[contains(text(),'View Your Customers')]/following::span[4]
[INFO ] 2018-03-06 15:23:39.193 [main] RFWebsiteDriver - Element found
[INFO ] 2018-03-06 15:23:53.500 [main] RFWebsiteDriver - TEXT fetched for count of deactivated pcs is=1
[INFO ] 2018-03-06 15:43:11.237 [main] RFWebsiteDriver - wait started for By.xpath: //h1[contains(text(),'View Your Customers')]/following::span[3]
[INFO ] 2018-03-06 15:43:11.245 [main] RFWebsiteDriver - waiting for locator By.xpath: //h1[contains(text(),'View Your Customers')]/following::span[3]
[INFO ] 2018-03-06 15:43:11.314 [main] RFWebsiteDriver - Element found
[INFO ] 2018-03-06 15:43:11.319 [main] RFWebsiteDriver - 3 category clicked ready to be clicked
[INFO ] 2018-03-06 15:43:11.515 [main] RFWebsiteDriver - CLICKED on 3 category clicked
[INFO ] 2018-03-06 15:43:17.274 [main] RFWebsiteDriver - wait started for By.xpath: //h1[contains(text(),'Deactivated PC')]/../descendant::span[1]
[INFO ] 2018-03-06 15:43:17.290 [main] RFWebsiteDriver - waiting for locator By.xpath: //h1[contains(text(),'Deactivated PC')]/../descendant::span[1]
[INFO ] 2018-03-06 15:43:17.369 [main] RFWebsiteDriver - Element found
[INFO ] 2018-03-06 15:43:17.374 [main] RFWebsiteDriver - waiting for locator By.xpath: //h1[contains(text(),'Deactivated PC')]/../descendant::span[1]
[INFO ] 2018-03-06 15:43:17.436 [main] RFWebsiteDriver - Element found
[INFO ] 2018-03-06 15:43:17.561 [main] RFWebsiteDriver - TEXT fetched for count of deactivated pc at header is=1
[INFO ] 2018-03-06 15:43:38.034 [main] TestListner - [TEST IS SUCCESSFUL -------- Test case testTotalNumberOfDeactivatedPCs_2985q has passed]
[INFO ] 2018-03-06 15:43:38.062 [main] RFWebsiteDriver - URL opened is https://skywalker.rodanandfields.com
[INFO ] 2018-03-06 15:43:39.564 [main] RFWebsiteDriver - Waiting for LSD loading image to get disappear
[INFO ] 2018-03-06 15:43:39.704 [main] RFWebsiteDriver - LSD Animation image disappears
[INFO ] 2018-03-06 15:43:39.704 [main] RFWebsiteDriver - Waiting for LSD loading image to get disappear
[INFO ] 2018-03-06 15:43:40.757 [main] RFWebsiteDriver - waiting..
[INFO ] 2018-03-06 15:43:41.767 [main] RFWebsiteDriver - waiting..
[INFO ] 2018-03-06 15:43:42.782 [main] RFWebsiteDriver - waiting..
[INFO ] 2018-03-06 15:43:43.794 [main] RFWebsiteDriver - waiting..
[INFO ] 2018-03-06 15:43:44.809 [main] RFWebsiteDriver - waiting..
[INFO ] 2018-03-06 15:43:45.822 [main] RFWebsiteDriver - waiting..
[INFO ] 2018-03-06 15:43:46.835 [main] RFWebsiteDriver - waiting..
[INFO ] 2018-03-06 15:43:47.860 [main] RFWebsiteDriver - waiting..
[INFO ] 2018-03-06 15:43:48.869 [main] RFWebsiteDriver - waiting..
[INFO ] 2018-03-06 15:43:48.882 [main] RFWebsiteDriver - LSD loading image disappears
[INFO ] 2018-03-06 15:43:48.882 [main] RFWebsiteDriver - waiting for locator By.xpath: //div[@id='rf-nav-wrapper']/descendant::span[text()='Pulse'][1]
[INFO ] 2018-03-06 15:43:48.899 [main] RFWebsiteDriver - Element found
[INFO ] 2018-03-06 15:43:48.899 [main] RFWebsiteDriver - wait started for By.xpath: //div[@id='rf-nav-wrapper']/descendant::span[text()='Pulse'][1]
[INFO ] 2018-03-06 15:43:48.899 [main] RFWebsiteDriver - waiting for locator By.xpath: //div[@id='rf-nav-wrapper']/descendant::span[text()='Pulse'][1]
[INFO ] 2018-03-06 15:43:48.908 [main] RFWebsiteDriver - Element found
[INFO ] 2018-03-06 15:43:48.908 [main] RFWebsiteDriver - Pulse in top navigation ready to be clicked
[INFO ] 2018-03-06 15:43:48.985 [main] RFWebsiteDriver - CLICKED on Pulse in top navigation
[INFO ] 2018-03-06 15:43:48.985 [main] LSDRFWebsiteBasePage - Pulse in top navigation clicked
[INFO ] 2018-03-06 15:43:48.985 [main] LSDRFWebsiteBasePage - Logging out from pulse application
[INFO ] 2018-03-06 15:43:49.075 [main] RFWebsiteDriver - CLICKED on 
[INFO ] 2018-03-06 15:43:49.075 [main] RFWebsiteDriver - Waiting for LSD loading image to get disappear
[INFO ] 2018-03-06 15:43:49.098 [main] RFWebsiteDriver - LSD loading image disappears
