[DEBUG] 2018-03-15 14:41:55.077 [main] RFBaseTest - Started execution with  null
[INFO ] 2018-03-15 14:41:55.083 [main] RFBaseTest - Environment properties are not provided by the user ... loading the default properties
[INFO ] 2018-03-15 14:41:55.084 [main] RFBaseTest - Default Browser is  ------ chrome
[INFO ] 2018-03-15 14:41:55.084 [main] RFBaseTest - Default URL is  ------ https://skywalker.rodanandfields.com
[INFO ] 2018-03-15 14:41:55.084 [main] RFBaseTest - Default user password is  ------ 111Maiden$
[INFO ] 2018-03-15 14:41:55.084 [main] RFBaseTest - Default Country is  ------ us
[INFO ] 2018-03-15 14:41:55.084 [main] RFBaseTest - Default DB IP is  ------ 172.16.15.41
[INFO ] 2018-03-15 14:41:55.084 [main] RFBaseTest - Default DB Username is  ------ perftest
[INFO ] 2018-03-15 14:41:55.084 [main] RFBaseTest - Default DB Password is  ------ perftest
[INFO ] 2018-03-15 14:41:55.084 [main] RFBaseTest - Default DB Domain is  ------ RF
[INFO ] 2018-03-15 14:41:59.627 [main] RFWebsiteDriver - Window is maximized
[INFO ] 2018-03-15 14:41:59.628 [main] RFWebsiteDriver - All cookies deleted
[INFO ] 2018-03-15 14:41:59.628 [main] RFWebsiteDriver - URL opened is https://skywalker.rodanandfields.com
[INFO ] 2018-03-15 14:42:01.244 [main] RFLSDWebsiteBaseTest - Application loaded
[INFO ] 2018-03-15 14:42:01.263 [main] RFWebsiteDriver - DB connections are set
[INFO ] 2018-03-15 14:42:01.336 [main] DBUtil - QUERY TRIGGERED IS DECLARE @CurrentOpenPeriod INT = ( SELECT TOP 1
                                            PeriodID
                                   FROM     Commissions.reference.Periods
                                   WHERE    ClosedDate IS NULL
                                   ORDER BY PeriodID ASC
                                 ) ,
    @AccountID INT ,
    @UserName NVARCHAR(225) ,
    @Country NVARCHAR(225)

SELECT TOP 1
        @AccountID = ab.AccountID ,
        @UserName = ac.Username ,
        @Country = co.Alpha2Code
FROM    RFOperations.RFO_Accounts.AccountBase (NOLOCK) ab
        JOIN RFOperations.RFO_Accounts.AccountRF (NOLOCK) rf ON rf.AccountID = ab.AccountID
        JOIN RFOperations.Security.AccountSecurity (NOLOCK) ac ON ac.AccountID = ab.AccountID
        JOIN RFOperations.RFO_Reference.Countries (NOLOCK) co ON co.CountryID = ab.CountryID
WHERE   ab.AccountTypeID = 1
        AND ab.AccountStatusID = 1
        AND co.Alpha2Code = 'US'
        AND rf.Active = 1
        AND EXISTS ( SELECT 1
                     FROM   RFOperations.Hybris.Autoship (NOLOCK) a
                     WHERE  a.AccountID = ab.AccountID
                            AND a.AutoshipTypeID = 3
                            AND a.Active = 1 )
        AND EXISTS ( SELECT 1
                     FROM   Commissions.calcs.vwQualificationSummary v
                     WHERE  ab.AccountID = v.AccountID
                            AND v.PeriodID = @CurrentOpenPeriod
                            AND v.SV >= 100
                            AND v.PSQV >= 600 )
ORDER BY NEWID()

SELECT  ISNULL(@AccountID, 1496) AccountID ,
        ISNULL(@UserName, 'skincareconsultants@gmail.com') UserName ,
        ISNULL(@Country, 'US') Country ,
        @CurrentOpenPeriod CurrentOpenPeriod

[INFO ] 2018-03-15 14:42:07.710 [main] RFLSDWebsiteBaseTest - randomConsultantDetailsList:[{AccountID=1496, UserName=skincareconsultants@gmail.com, Country=US, CurrentOpenPeriod=201802}]
[INFO ] 2018-03-15 14:42:07.711 [main] RFLSDWebsiteBaseTest - Data returned by query: 1496
[INFO ] 2018-03-15 14:42:07.711 [main] RFLSDWebsiteBaseTest - Data returned by query: skincareconsultants@gmail.com
[INFO ] 2018-03-15 14:42:07.711 [main] RFLSDWebsiteBaseTest - userName:[{AccountID=1496, UserName=skincareconsultants@gmail.com, Country=US, CurrentOpenPeriod=201802}]
[INFO ] 2018-03-15 14:42:07.712 [main] RFWebsiteDriver - Waiting for LSD loading image to get disappear
[INFO ] 2018-03-15 14:42:07.735 [main] RFWebsiteDriver - LSD loading image disappears
[INFO ] 2018-03-15 14:42:07.789 [main] RFWebsiteDriver - waiting for locator By.id: username
[INFO ] 2018-03-15 14:42:07.805 [main] RFWebsiteDriver - Element found
[INFO ] 2018-03-15 14:42:07.805 [main] RFWebsiteDriver - Taking Screenshot
[INFO ] 2018-03-15 14:42:08.414 [main] RFWebsiteDriver - wait started for By.id: username
[INFO ] 2018-03-15 14:42:08.415 [main] RFWebsiteDriver - waiting for locator By.id: username
[INFO ] 2018-03-15 14:42:08.427 [main] RFWebsiteDriver - Element found
[INFO ] 2018-03-15 14:42:08.651 [main] RFWebsiteDriver - TYPED text as = skincareconsultants@gmail.com in  text field
[INFO ] 2018-03-15 14:42:08.651 [main] LSDLoginPage - username is skincareconsultants@gmail.com
[INFO ] 2018-03-15 14:42:08.652 [main] RFWebsiteDriver - wait started for By.id: password
[INFO ] 2018-03-15 14:42:08.652 [main] RFWebsiteDriver - waiting for locator By.id: password
[INFO ] 2018-03-15 14:42:08.678 [main] RFWebsiteDriver - Element found
[INFO ] 2018-03-15 14:42:08.817 [main] RFWebsiteDriver - TYPED text as = 111Maiden$ in  text field
[INFO ] 2018-03-15 14:42:08.818 [main] LSDLoginPage - password is 111Maiden$
[INFO ] 2018-03-15 14:42:08.818 [main] RFWebsiteDriver - wait started for By.id: button-login
[INFO ] 2018-03-15 14:42:08.818 [main] RFWebsiteDriver - waiting for locator By.id: button-login
[INFO ] 2018-03-15 14:42:08.839 [main] RFWebsiteDriver - Element found
[INFO ] 2018-03-15 14:42:08.839 [main] RFWebsiteDriver -  ready to be clicked
[INFO ] 2018-03-15 14:42:08.935 [main] RFWebsiteDriver - CLICKED on 
[INFO ] 2018-03-15 14:42:27.035 [main] RFWebsiteDriver - URL opened is https://skywalker.rodanandfields.com
[INFO ] 2018-03-15 14:42:27.525 [main] RFWebsiteDriver - Waiting for LSD loading image to get disappear
[INFO ] 2018-03-15 14:42:27.652 [main] RFWebsiteDriver - LSD Animation image disappears
[INFO ] 2018-03-15 14:42:27.653 [main] RFWebsiteDriver - waiting for locator By.id: button-login
[INFO ] 2018-03-15 14:42:33.049 [main] RFWebsiteDriver - waiting for locator By.xpath: //div[text()='Hello,']/following-sibling::div[contains(@class,'text-uppercase')]
[INFO ] 2018-03-15 14:42:33.058 [main] RFWebsiteDriver - Element found
[INFO ] 2018-03-15 14:42:33.073 [main] RFWebsiteDriver - waiting for locator By.xpath: //div[text()='Hello,']/following-sibling::div[contains(@class,'text-uppercase')]
[INFO ] 2018-03-15 14:42:33.086 [main] RFWebsiteDriver - Element found
[INFO ] 2018-03-15 14:42:33.119 [main] RFWebsiteDriver - TEXT fetched for First name in overview section is=SARAH
[INFO ] 2018-03-15 14:42:33.119 [main] RFLSDWebsiteBaseTest - Data returned by query: null
[INFO ] 2018-03-15 14:42:33.124 [main] RFWebsiteDriver - wait started for By.xpath: //div[@id='rf-nav-wrapper']/descendant::img[2]
[INFO ] 2018-03-15 14:42:33.125 [main] RFWebsiteDriver - waiting for locator By.xpath: //div[@id='rf-nav-wrapper']/descendant::img[2]
[INFO ] 2018-03-15 14:42:33.140 [main] RFWebsiteDriver - Element found
[INFO ] 2018-03-15 14:42:33.140 [main] RFWebsiteDriver - R+F logo ready to be clicked
[INFO ] 2018-03-15 14:42:33.218 [main] RFWebsiteDriver - CLICKED on R+F logo
[INFO ] 2018-03-15 14:42:33.316 [main] TestListner - 
******************************************************************************************************************************
					TEST CASE NAME:                  testTotalNumberOfPCsThisMonth_3013q
******************************************************************************************************************************
[INFO ] 2018-03-15 14:42:33.354 [main] RFWebsiteDriver - wait started for By.xpath: //div[@id='rf-nav-wrapper']/descendant::span[text()='Pulse'][1]
[INFO ] 2018-03-15 14:42:33.354 [main] RFWebsiteDriver - waiting for locator By.xpath: //div[@id='rf-nav-wrapper']/descendant::span[text()='Pulse'][1]
[INFO ] 2018-03-15 14:42:33.370 [main] RFWebsiteDriver - Element found
[INFO ] 2018-03-15 14:42:33.371 [main] RFWebsiteDriver -  ready to be clicked
[INFO ] 2018-03-15 14:42:33.447 [main] RFWebsiteDriver - CLICKED on 
[INFO ] 2018-03-15 14:42:33.448 [main] LSDHomePage - Clicked on Pulse Submenu from Top Navigation
[INFO ] 2018-03-15 14:42:33.557 [main] RFWebsiteDriver - wait started for By.xpath: //a[contains(text(),'Customers')]
[INFO ] 2018-03-15 14:42:33.557 [main] RFWebsiteDriver - waiting for locator By.xpath: //a[contains(text(),'Customers')]
[INFO ] 2018-03-15 14:42:33.570 [main] RFWebsiteDriver - Element found
[INFO ] 2018-03-15 14:42:33.571 [main] RFWebsiteDriver -  ready to be clicked
[INFO ] 2018-03-15 14:42:33.660 [main] RFWebsiteDriver - CLICKED on 
[INFO ] 2018-03-15 14:42:33.660 [main] LSDHomePage - SubMenu Link : Customers clicked
[INFO ] 2018-03-15 14:42:33.692 [main] RFWebsiteDriver - Waiting for spin image to get disappear0
[INFO ] 2018-03-15 14:42:33.704 [main] RFWebsiteDriver - spin image disappears
[INFO ] 2018-03-15 14:42:37.705 [main] DBUtil - QUERY TRIGGERED IS 
        DECLARE @AccountID INT= 1496   -- You Just need to Pass Consultant's AccountID here . 


        
		
		  DECLARE  @PeriodID INT= NULL ,
            @View_All_Customer INT ,
            @Cust_have_Order INT ,
            @Cust_Sch_OrderNext_Month INT ,
            @Cust_Further_Out INT ,
            @New_Pcs INT ,
            @Deactivated_Pcs INT

          

        SET @PeriodID = ISNULL(@PeriodID,
                               ( SELECT MAX(PERIODID)
                                 FROM   commissions.reference.PERIODS
                                 WHERE  CLOSEDDATE IS NULL
                                        AND STARTDATE <= GETDATE()
                               ))
  
  
        SELECT  @View_All_Customer = COUNT(DISTINCT ab.AccountID)
        FROM    Commissions.calcs.vwPlacementTreePermutated AS v WITH ( NOEXPAND )
                JOIN RFOperations.RFO_Accounts.AccountBase(NOLOCK)  ab ON ab.AccountID = v.AccountID
                JOIN RFOperations.RFO_Accounts.AccountRF (NOLOCK)  rf ON rf.AccountID = ab.AccountID
                JOIN RFOperations.RFO_Accounts.AccountContacts (NOLOCK)  ac ON ac.AccountId = ab.AccountID
        WHERE   1 = 1
                AND rf.Active = 1
                AND ab.AccountTypeID = 2
                AND v.[SponsorID] = @AccountID
                AND v.DirectSponsorID = @AccountID
                AND v.[PeriodID] = @PeriodID
      
				
				
				
        SELECT  @Cust_have_Order = COUNT(DISTINCT ab.AccountID)
        FROM    Commissions.calcs.vwPlacementTreePermutated AS v WITH ( NOEXPAND )
                JOIN RFOperations.RFO_Accounts.AccountBase(NOLOCK)  ab ON ab.AccountID = v.AccountID
                JOIN RFOperations.RFO_Accounts.AccountRF (NOLOCK)  rf ON rf.AccountID = ab.AccountID
                JOIN RFOperations.RFO_Accounts.AccountContacts (NOLOCK)  ac ON ac.AccountId = ab.AccountID
        WHERE   1 = 1
                AND rf.Active = 1
                AND ab.AccountTypeID = 2
                AND v.[SponsorID] = @AccountID
                AND v.DirectSponsorID = @AccountID
                AND v.[PeriodID] = @PeriodID
                AND EXISTS ( SELECT 1
                             FROM   RFOperations.Hybris.orders (NOLOCK)  ro
                             WHERE  ro.AccountID = ab.AccountID
                                    AND ro.OrderTypeID = 9
                                    AND ro.OrderStatusID IN ( 2, 4 )
                                    AND LEFT(CONVERT(NVARCHAR(25), ro.CompletionDate, 112),
                                             6) = @PeriodID )
     
				
        SELECT  @Cust_Sch_OrderNext_Month = COUNT(1)
        FROM    Commissions.calcs.vwPlacementTreePermutated AS v WITH ( NOEXPAND )
                JOIN RFOperations.RFO_Accounts.AccountBase(NOLOCK)  ab ON ab.AccountID = v.AccountID
                JOIN RFOperations.RFO_Accounts.AccountRF (NOLOCK)  rf ON rf.AccountID = ab.AccountID
                JOIN RFOperations.RFO_Accounts.AccountContacts (NOLOCK)  ac ON ac.AccountId = ab.AccountID
        WHERE   1 = 1
                AND rf.Active = 1
                AND ab.AccountTypeID = 2
                AND v.[SponsorID] = @AccountID
                AND v.DirectSponsorID = @AccountID
                AND v.[PeriodID] = @PeriodID
                AND EXISTS ( SELECT 1
                             FROM   RFOperations.Hybris.Autoship(NOLOCK)  AU
                             WHERE  AU.AccountID = ab.AccountID
                                    AND AU.AutoshipTypeID = 1
                                    AND AU.Active = 1
                                    AND LEFT(CONVERT(NVARCHAR(25), DATEADD(MONTH,
                                                              -1,
                                                              Au.NextRunDate), 112),
                                             6) = @PeriodID )			
				 


        SELECT  @Cust_Further_Out = COUNT(1)
        FROM    Commissions.calcs.vwPlacementTreePermutated AS v WITH ( NOEXPAND )
                JOIN RFOperations.RFO_Accounts.AccountBase(NOLOCK)  ab ON ab.AccountID = v.AccountID
                JOIN RFOperations.RFO_Accounts.AccountRF (NOLOCK)  rf ON rf.AccountID = ab.AccountID
                JOIN RFOperations.RFO_Accounts.AccountContacts (NOLOCK)  ac ON ac.AccountId = ab.AccountID
        WHERE   1 = 1
                AND rf.Active = 1
                AND ab.AccountTypeID = 2
                AND v.[SponsorID] = @AccountID
                AND v.DirectSponsorID = @AccountID
                AND v.[PeriodID] = @PeriodID
                AND EXISTS ( SELECT 1
                             FROM   RFOperations.Hybris.Autoship(NOLOCK)  AU
                             WHERE  AU.AccountID = ab.AccountID
                                    AND AU.AutoshipTypeID = 1
                                    AND AU.Active = 1
                                    AND LEFT(CONVERT(NVARCHAR(25), DATEADD(MONTH,
                                                              -1,
                                                              Au.NextRunDate), 112),
                                             6) > @PeriodID )			
		
		
	
        SELECT  @Deactivated_Pcs = COUNT(1)
        FROM    Commissions.calcs.vwPlacementTreePermutated AS v WITH ( NOEXPAND )
                JOIN RFOperations.RFO_Accounts.AccountBase(NOLOCK)  ab ON ab.AccountID = v.AccountID
                JOIN RFOperations.RFO_Accounts.AccountRF (NOLOCK)  rf ON rf.AccountID = ab.AccountID
                JOIN RFOperations.RFO_Accounts.AccountContacts (NOLOCK)  ac ON ac.AccountId = ab.AccountID
        WHERE   1 = 1
                AND rf.Active = 0
                AND ab.AccountTypeID = 2
                AND v.[SponsorID] = @AccountID
                AND v.DirectSponsorID = @AccountID
                AND v.[PeriodID] = @PeriodID
                AND  rf.SoftTerminationDate > DATEADD( DAY,-60,GETDATE())



        SELECT  @New_Pcs = COUNT(1)
        FROM    commissions.calcs.vwPlacementTreePermutated AS v WITH ( NOEXPAND )
                JOIN RFOperations.RFO_Accounts.AccountBase(NOLOCK)  ab ON ab.AccountID = v.AccountID
                JOIN RFOperations.RFO_Accounts.AccountRF (NOLOCK)  rf ON rf.AccountID = ab.AccountID
                JOIN RFOperations.RFO_Accounts.AccountContacts (NOLOCK)  ac ON ac.AccountId = ab.AccountID
        WHERE   1 = 1
                AND rf.Active = 1
                AND ab.AccountTypeID = 2
                AND v.[SponsorID] = @AccountID
                AND v.DirectSponsorID = @AccountID
                AND v.[PeriodID] = @PeriodID
                AND rf.EnrollmentDate > DATEADD( DAY,-60,GETDATE())
				
        SELECT  @AccountID [AccountID] ,
                @View_All_Customer [TotalPCCustomersUnderLevel1] ,
                @Cust_have_Order [CustomersHaveOrdersThisMonth] ,
                @Cust_Sch_OrderNext_Month [CustomersHaveOrdersNextMonth] ,
                @Cust_Further_Out [Customer Further Out] ,
                @New_Pcs [NewPcs] ,
                @Deactivated_Pcs [DeActivatedPC] ,
                @PeriodID [Period]
				


[INFO ] 2018-03-15 14:42:51.404 [main] RFLSDWebsiteBaseTest - Data returned by query: 0
[INFO ] 2018-03-15 14:42:51.428 [main] RFWebsiteDriver - Waiting for spin image to get disappear0
[INFO ] 2018-03-15 14:42:51.442 [main] RFWebsiteDriver - spin image disappears
[INFO ] 2018-03-15 14:42:51.442 [main] RFWebsiteDriver - waiting for locator By.xpath: //div[contains(@class,'white-fb')]/descendant::a[1]/descendant::span[2]
[INFO ] 2018-03-15 14:42:51.458 [main] RFWebsiteDriver - Element found
[INFO ] 2018-03-15 14:42:51.490 [main] RFWebsiteDriver - TEXT fetched for count of pc autoship orders for this month is=5
[INFO ] 2018-03-15 14:42:51.494 [main] SoftAssert - VERIFICATION FAILED: Expected count of order is 0 actual on UI is 5 expected [true] but found [false]
[INFO ] 2018-03-15 14:42:51.494 [main] SoftAssert - Expected: true
[INFO ] 2018-03-15 14:42:51.494 [main] SoftAssert - Actual: false
[INFO ] 2018-03-15 14:42:51.495 [main] RFWebsiteDriver - Taking Screenshot
[INFO ] 2018-03-15 14:42:51.925 [main] SoftAssert - Snapshot Path :<a href='C:\Users\bpkotamahanti\Bindu\Automation\qa-automation\output\Screenshots\testTotalNumberOfPCsThisMonth_3013q\Expected count of order is 0 actual on UI is 5 expected [true] but found [false].png'>C:\Users\bpkotamahanti\Bindu\Automation\qa-automation\output\Screenshots\testTotalNumberOfPCsThisMonth_3013q\Expected count of order is 0 actual on UI is 5 expected [true] but found [false].png</a>

[INFO ] 2018-03-15 14:43:00.926 [main] RFWebsiteDriver - wait started for By.xpath: //div[contains(@class,'white-fb')]/descendant::a[1]/descendant::span[1]
[INFO ] 2018-03-15 14:43:00.926 [main] RFWebsiteDriver - waiting for locator By.xpath: //div[contains(@class,'white-fb')]/descendant::a[1]/descendant::span[1]
[INFO ] 2018-03-15 14:43:00.950 [main] RFWebsiteDriver - Element found
[INFO ] 2018-03-15 14:43:00.950 [main] RFWebsiteDriver - have orders for this month ready to be clicked
[INFO ] 2018-03-15 14:43:01.020 [main] RFWebsiteDriver - CLICKED on have orders for this month
[INFO ] 2018-03-15 14:43:01.137 [main] RFWebsiteDriver - CLICKED on 
[INFO ] 2018-03-15 14:43:01.137 [main] RFWebsiteDriver - wait started for By.xpath: //h1[contains(text(),'have orders this month')]/preceding::span[1]
[INFO ] 2018-03-15 14:43:01.137 [main] RFWebsiteDriver - waiting for locator By.xpath: //h1[contains(text(),'have orders this month')]/preceding::span[1]
[INFO ] 2018-03-15 14:43:01.677 [main] RFWebsiteDriver - Element found
[INFO ] 2018-03-15 14:43:01.677 [main] RFWebsiteDriver - waiting for locator By.xpath: //h1[contains(text(),'have orders this month')]/preceding::span[1]
[INFO ] 2018-03-15 14:43:01.687 [main] RFWebsiteDriver - Element found
[INFO ] 2018-03-15 14:43:01.722 [main] RFWebsiteDriver - TEXT fetched for count of pc autoship orders for this month at header is=5
[INFO ] 2018-03-15 14:43:01.722 [main] SoftAssert - VERIFICATION FAILED: Expected count of order at header is 0 actual on UI is 5 expected [true] but found [false]
[INFO ] 2018-03-15 14:43:01.722 [main] SoftAssert - Expected: true
[INFO ] 2018-03-15 14:43:01.722 [main] SoftAssert - Actual: false
[INFO ] 2018-03-15 14:43:01.722 [main] RFWebsiteDriver - Taking Screenshot
[INFO ] 2018-03-15 14:43:02.178 [main] SoftAssert - Snapshot Path :<a href='C:\Users\bpkotamahanti\Bindu\Automation\qa-automation\output\Screenshots\testTotalNumberOfPCsThisMonth_3013q\Expected count of order at header is 0 actual on UI is 5 expected [true] but found [false].png'>C:\Users\bpkotamahanti\Bindu\Automation\qa-automation\output\Screenshots\testTotalNumberOfPCsThisMonth_3013q\Expected count of order at header is 0 actual on UI is 5 expected [true] but found [false].png</a>

[INFO ] 2018-03-15 14:43:02.179 [main] TestListner - [TEST HAS FAILED-------- Test case testTotalNumberOfPCsThisMonth_3013q has failed] due to reason:-<br>  java.lang.AssertionError: 1.Expected count of order is 0 actual on UI is 5

 1.Expected count of order at header is 0 actual on UI is 5

[INFO ] 2018-03-15 14:43:02.213 [main] RFWebsiteDriver - URL opened is https://skywalker.rodanandfields.com
[INFO ] 2018-03-15 14:43:02.619 [main] RFWebsiteDriver - Waiting for LSD loading image to get disappear
[INFO ] 2018-03-15 14:43:02.829 [main] RFWebsiteDriver - LSD Animation image disappears
[INFO ] 2018-03-15 14:43:02.829 [main] RFWebsiteDriver - Waiting for LSD loading image to get disappear
[INFO ] 2018-03-15 14:43:03.916 [main] RFWebsiteDriver - waiting..
[INFO ] 2018-03-15 14:43:04.949 [main] RFWebsiteDriver - waiting..
[INFO ] 2018-03-15 14:43:04.969 [main] RFWebsiteDriver - LSD loading image disappears
[INFO ] 2018-03-15 14:43:04.969 [main] RFWebsiteDriver - waiting for locator By.xpath: //div[@id='rf-nav-wrapper']/descendant::span[text()='Pulse'][1]
[INFO ] 2018-03-15 14:43:04.987 [main] RFWebsiteDriver - Element found
[INFO ] 2018-03-15 14:43:04.988 [main] RFWebsiteDriver - wait started for By.xpath: //div[@id='rf-nav-wrapper']/descendant::span[text()='Pulse'][1]
[INFO ] 2018-03-15 14:43:04.988 [main] RFWebsiteDriver - waiting for locator By.xpath: //div[@id='rf-nav-wrapper']/descendant::span[text()='Pulse'][1]
[INFO ] 2018-03-15 14:43:04.999 [main] RFWebsiteDriver - Element found
[INFO ] 2018-03-15 14:43:05.000 [main] RFWebsiteDriver - Pulse in top navigation ready to be clicked
[INFO ] 2018-03-15 14:43:05.088 [main] RFWebsiteDriver - CLICKED on Pulse in top navigation
[INFO ] 2018-03-15 14:43:05.089 [main] LSDRFWebsiteBasePage - Pulse in top navigation clicked
[INFO ] 2018-03-15 14:43:05.089 [main] LSDRFWebsiteBasePage - Logging out from pulse application
[INFO ] 2018-03-15 14:43:05.189 [main] RFWebsiteDriver - CLICKED on 
[INFO ] 2018-03-15 14:43:05.189 [main] RFWebsiteDriver - Waiting for LSD loading image to get disappear
[INFO ] 2018-03-15 14:43:05.201 [main] RFWebsiteDriver - LSD loading image disappears
