[INFO ] 2018-03-07 13:36:58.309 [main] RFBaseTest - Environment properties are not provided by the user ... loading the default properties
[INFO ] 2018-03-07 13:36:58.310 [main] RFBaseTest - Default Browser is  ------ chrome
[INFO ] 2018-03-07 13:36:58.310 [main] RFBaseTest - Default URL is  ------ https://skywalker.rodanandfields.com
[INFO ] 2018-03-07 13:36:58.310 [main] RFBaseTest - Default user password is  ------ 111Maiden$
[INFO ] 2018-03-07 13:36:58.310 [main] RFBaseTest - Default Country is  ------ us
[INFO ] 2018-03-07 13:36:58.310 [main] RFBaseTest - Default DB IP is  ------ 10.3.0.218
[INFO ] 2018-03-07 13:36:58.310 [main] RFBaseTest - Default DB Username is  ------ perftest
[INFO ] 2018-03-07 13:36:58.310 [main] RFBaseTest - Default DB Password is  ------ perftest
[INFO ] 2018-03-07 13:36:58.310 [main] RFBaseTest - Default DB Domain is  ------ RF
[INFO ] 2018-03-07 13:37:04.261 [main] RFWebsiteDriver - Window is maximized
[INFO ] 2018-03-07 13:37:04.261 [main] RFWebsiteDriver - All cookies deleted
[INFO ] 2018-03-07 13:37:04.261 [main] RFWebsiteDriver - URL opened is https://skywalker.rodanandfields.com
[INFO ] 2018-03-07 13:37:05.885 [main] RFLSDWebsiteBaseTest - Application loaded
[INFO ] 2018-03-07 13:37:05.901 [main] RFWebsiteDriver - DB connections are set
[INFO ] 2018-03-07 13:37:05.951 [main] DBUtil - QUERY TRIGGERED IS SELECT top 1 * FROM Commissions.[calcs].[vwQualificationSummary] where SV!=0 and PSQV!=0 and L1L2!=0 and L1L6!=0 and ECLegs > 0 and periodid= LEFT(CONVERT(varchar, GetDate(),112),6)  order by NewID() desc

[INFO ] 2018-03-07 13:37:06.681 [main] RFLSDWebsiteBaseTest - Data returned by query: 75001531
[INFO ] 2018-03-07 13:37:06.682 [main] DBUtil - QUERY TRIGGERED IS SELECT  ab.AccountID ,ac.FirstName ,ac.LastName ,acs.Username FROM  RFOperations.RFO_Accounts.AccountBase ab JOIN RFOperations.RFO_Accounts.AccountRF rf ON rf.AccountID = ab.AccountID JOIN RFOperations.RFO_Accounts.AccountContacts ac ON ac.AccountId = ab.AccountID LEFT JOIN RFOperations.Security.AccountSecurity acs ON acs.AccountID = ab.AccountID LEFT JOIN RFOperations.RFO_Reference.AccountType t ON t.AccountTypeID = ab.AccountTypeID LEFT JOIN RFOperations.RFO_Reference.AccountStatus s ON s.AccountStatusID = ab.AccountStatusID LEFT JOIN RFOperations.RFO_Reference.Countries c ON c.CountryID = ab.CountryID WHERE   ab.AccountID = 75000497

[INFO ] 2018-03-07 13:37:06.885 [main] RFLSDWebsiteBaseTest - Data returned by query: kira.randf@gmail.com
[INFO ] 2018-03-07 13:37:06.886 [main] DBUtil - QUERY TRIGGERED IS select EmailAddress from RFO_Accounts.AccountContacts acTB INNER JOIN RFO_Accounts.AccountEmails aeTB  on acTB.AccountContactId=aeTB.AccountContactId INNER JOIN RFO_Accounts.EmailAddresses aEMTB on aeTB.EmailAddressID=aEMTB.EmailAddressID WHERE acTB.AccountID='75000497' and aEMTB.EmailAddressTypeID=1 

[INFO ] 2018-03-07 13:37:07.083 [main] RFLSDWebsiteBaseTest - Data returned by query: kira.randf@gmail.com
[INFO ] 2018-03-07 13:37:07.084 [main] RFWebsiteDriver - Waiting for LSD loading image to get disappear
[INFO ] 2018-03-07 13:37:07.105 [main] RFWebsiteDriver - LSD loading image disappears
[INFO ] 2018-03-07 13:37:07.697 [main] RFWebsiteDriver - waiting for locator By.id: username
[INFO ] 2018-03-07 13:37:07.707 [main] RFWebsiteDriver - Element found
[INFO ] 2018-03-07 13:37:07.707 [main] RFWebsiteDriver - Taking Screenshot
[INFO ] 2018-03-07 13:37:08.238 [main] RFWebsiteDriver - wait started for By.id: username
[INFO ] 2018-03-07 13:37:08.238 [main] RFWebsiteDriver - waiting for locator By.id: username
[INFO ] 2018-03-07 13:37:08.249 [main] RFWebsiteDriver - Element found
[INFO ] 2018-03-07 13:37:08.403 [main] RFWebsiteDriver - TYPED text as = kira.randf@gmail.com in  text field
[INFO ] 2018-03-07 13:37:08.404 [main] LSDLoginPage - username is kira.randf@gmail.com
[INFO ] 2018-03-07 13:37:08.404 [main] RFWebsiteDriver - wait started for By.id: password
[INFO ] 2018-03-07 13:37:08.404 [main] RFWebsiteDriver - waiting for locator By.id: password
[INFO ] 2018-03-07 13:37:08.424 [main] RFWebsiteDriver - Element found
[INFO ] 2018-03-07 13:37:08.537 [main] RFWebsiteDriver - TYPED text as = 111Maiden$ in  text field
[INFO ] 2018-03-07 13:37:08.537 [main] LSDLoginPage - password is 111Maiden$
[INFO ] 2018-03-07 13:37:08.537 [main] RFWebsiteDriver - wait started for By.id: button-login
[INFO ] 2018-03-07 13:37:08.538 [main] RFWebsiteDriver - waiting for locator By.id: button-login
[INFO ] 2018-03-07 13:37:08.556 [main] RFWebsiteDriver - Element found
[INFO ] 2018-03-07 13:37:08.557 [main] RFWebsiteDriver -  ready to be clicked
[INFO ] 2018-03-07 13:37:08.639 [main] RFWebsiteDriver - CLICKED on 
[INFO ] 2018-03-07 13:37:22.175 [main] RFWebsiteDriver - URL opened is https://skywalker.rodanandfields.com
[INFO ] 2018-03-07 13:37:22.710 [main] RFWebsiteDriver - Waiting for LSD loading image to get disappear
[INFO ] 2018-03-07 13:37:22.939 [main] RFWebsiteDriver - LSD Animation image disappears
[INFO ] 2018-03-07 13:37:22.939 [main] RFWebsiteDriver - waiting for locator By.id: button-login
[INFO ] 2018-03-07 13:37:28.301 [main] RFWebsiteDriver - waiting for locator By.xpath: //div[text()='Hello,']/following-sibling::div[contains(@class,'text-uppercase')]
[INFO ] 2018-03-07 13:37:28.311 [main] RFWebsiteDriver - Element found
[INFO ] 2018-03-07 13:37:28.321 [main] RFWebsiteDriver - waiting for locator By.xpath: //div[text()='Hello,']/following-sibling::div[contains(@class,'text-uppercase')]
[INFO ] 2018-03-07 13:37:28.330 [main] RFWebsiteDriver - Element found
[INFO ] 2018-03-07 13:37:28.367 [main] RFWebsiteDriver - TEXT fetched for First name in overview section is=KIRA
[INFO ] 2018-03-07 13:37:28.367 [main] RFLSDWebsiteBaseTest - Data returned by query: Kira
[INFO ] 2018-03-07 13:37:28.373 [main] RFWebsiteDriver - wait started for By.xpath: //div[@id='rf-nav-wrapper']/descendant::img[2]
[INFO ] 2018-03-07 13:37:28.373 [main] RFWebsiteDriver - waiting for locator By.xpath: //div[@id='rf-nav-wrapper']/descendant::img[2]
[INFO ] 2018-03-07 13:37:28.392 [main] RFWebsiteDriver - Element found
[INFO ] 2018-03-07 13:37:28.393 [main] RFWebsiteDriver - R+F logo ready to be clicked
[INFO ] 2018-03-07 13:37:28.483 [main] RFWebsiteDriver - CLICKED on R+F logo
[INFO ] 2018-03-07 13:37:28.567 [main] TestListner - 
******************************************************************************************************************************
					TEST CASE NAME:                  TotalNumberOfAllPCs_3349q
******************************************************************************************************************************
[INFO ] 2018-03-07 13:37:28.620 [main] RFWebsiteDriver - wait started for By.xpath: //div[@id='rf-nav-wrapper']/descendant::span[text()='Pulse'][1]
[INFO ] 2018-03-07 13:37:28.620 [main] RFWebsiteDriver - waiting for locator By.xpath: //div[@id='rf-nav-wrapper']/descendant::span[text()='Pulse'][1]
[INFO ] 2018-03-07 13:37:28.640 [main] RFWebsiteDriver - Element found
[INFO ] 2018-03-07 13:37:28.640 [main] RFWebsiteDriver -  ready to be clicked
[INFO ] 2018-03-07 13:37:28.709 [main] RFWebsiteDriver - CLICKED on 
[INFO ] 2018-03-07 13:37:28.709 [main] LSDHomePage - Clicked on Pulse Submenu from Top Navigation
[INFO ] 2018-03-07 13:37:28.759 [main] RFWebsiteDriver - wait started for By.xpath: //a[contains(text(),'Customers')]
[INFO ] 2018-03-07 13:37:28.759 [main] RFWebsiteDriver - waiting for locator By.xpath: //a[contains(text(),'Customers')]
[INFO ] 2018-03-07 13:37:28.768 [main] RFWebsiteDriver - Element found
[INFO ] 2018-03-07 13:37:28.768 [main] RFWebsiteDriver -  ready to be clicked
[INFO ] 2018-03-07 13:37:28.848 [main] RFWebsiteDriver - CLICKED on 
[INFO ] 2018-03-07 13:37:28.848 [main] LSDHomePage - SubMenu Link : Customers clicked
[INFO ] 2018-03-07 13:37:28.867 [main] RFWebsiteDriver - Waiting for spin image to get disappear0
[INFO ] 2018-03-07 13:37:28.878 [main] RFWebsiteDriver - spin image disappears
[INFO ] 2018-03-07 13:37:32.889 [main] RFWebsiteDriver - Waiting for spin image to get disappear1
[INFO ] 2018-03-07 13:37:33.900 [main] RFWebsiteDriver - waiting..
[INFO ] 2018-03-07 13:37:34.920 [main] RFWebsiteDriver - waiting..
[INFO ] 2018-03-07 13:37:35.938 [main] RFWebsiteDriver - waiting..
[INFO ] 2018-03-07 13:37:36.960 [main] RFWebsiteDriver - waiting..
[INFO ] 2018-03-07 13:37:37.987 [main] RFWebsiteDriver - waiting..
[INFO ] 2018-03-07 13:37:39.006 [main] RFWebsiteDriver - waiting..
[INFO ] 2018-03-07 13:37:40.028 [main] RFWebsiteDriver - waiting..
[INFO ] 2018-03-07 13:37:41.043 [main] RFWebsiteDriver - waiting..
[INFO ] 2018-03-07 13:37:42.054 [main] RFWebsiteDriver - waiting..
[INFO ] 2018-03-07 13:37:42.062 [main] RFWebsiteDriver - spin image disappears
[INFO ] 2018-03-07 13:37:46.062 [main] RFWebsiteDriver - wait started for By.xpath: //h1[contains(text(),'Build Customer Loyalty')]/../preceding::span[1]
[INFO ] 2018-03-07 13:37:46.062 [main] RFWebsiteDriver - waiting for locator By.xpath: //h1[contains(text(),'Build Customer Loyalty')]/../preceding::span[1]
[INFO ] 2018-03-07 13:37:46.111 [main] RFWebsiteDriver - Element found
[INFO ] 2018-03-07 13:37:46.112 [main] RFWebsiteDriver - wait started for By.xpath: //h1[contains(text(),'Build Customer Loyalty')]/../preceding::span[1]
[INFO ] 2018-03-07 13:37:46.112 [main] RFWebsiteDriver - waiting for locator By.xpath: //h1[contains(text(),'Build Customer Loyalty')]/../preceding::span[1]
[INFO ] 2018-03-07 13:37:46.121 [main] RFWebsiteDriver - Element found
[INFO ] 2018-03-07 13:37:46.122 [main] RFWebsiteDriver - count of all pc customers ready to be clicked
[INFO ] 2018-03-07 13:37:46.185 [main] RFWebsiteDriver - CLICKED on count of all pc customers
[INFO ] 2018-03-07 13:37:46.185 [main] LSDCustomerPage - clicked in view PC customer link
[INFO ] 2018-03-07 13:37:46.186 [main] DBUtil - QUERY TRIGGERED IS  DECLARE @AccountId INT = 75000497 SELECT COUNT(DISTINCT sb.AccountID)[TotalPC] FROM RFOperations.RFO_Accounts.AccountBase ab JOIN RFOperations.RFO_Accounts.AccountRF rf ON rf.SponsorId = ab.AccountID AND ab.AccountID=@AccountId JOIN RFOperations.RFO_Accounts.AccountBase sb ON rf.AccountID = sb.AccountID WHERE sb.AccountTypeID = 2 AND rf.Active = 1 AND sb.AccountStatusID = 1 AND EXISTS (SELECT 1 FROM RFOperations.Hybris.Autoship a WHERE a.AccountID = sb.AccountID AND a.Active = 1 AND a.AutoshipTypeID = 1 AND CAST(a.NextRunDate AS DATE) BETWEEN DATEADD(DAY, 1, EOMONTH(DATEADD(MONTH,-1, GETDATE()))) AND EOMONTH(DATEADD(MONTH, 1, GETDATE())) ) GROUP BY ab.AccountID

[INFO ] 2018-03-07 13:37:46.401 [main] RFLSDWebsiteBaseTest - Data returned by query: 1
[INFO ] 2018-03-07 13:37:46.443 [main] RFWebsiteDriver - Waiting for spin image to get disappear0
[INFO ] 2018-03-07 13:37:46.452 [main] RFWebsiteDriver - spin image disappears
[INFO ] 2018-03-07 13:37:50.453 [main] RFWebsiteDriver - waiting for locator By.xpath: //h1[contains(text(),'All Customers')]//preceding::span[1]
[INFO ] 2018-03-07 13:37:50.473 [main] RFWebsiteDriver - Element found
[INFO ] 2018-03-07 13:37:50.521 [main] RFWebsiteDriver - TEXT fetched for count of all PC customer for this month and next month is=1
[INFO ] 2018-03-07 13:37:50.525 [main] TestListner - [TEST IS SUCCESSFUL -------- Test case TotalNumberOfAllPCs_3349q has passed]
[INFO ] 2018-03-07 13:37:50.540 [main] RFWebsiteDriver - URL opened is https://skywalker.rodanandfields.com
[INFO ] 2018-03-07 13:37:51.139 [main] RFWebsiteDriver - Waiting for LSD loading image to get disappear
[INFO ] 2018-03-07 13:37:51.333 [main] RFWebsiteDriver - LSD Animation image disappears
[INFO ] 2018-03-07 13:37:51.333 [main] RFWebsiteDriver - waiting for locator By.id: button-login
[INFO ] 2018-03-07 13:37:56.704 [main] RFWebsiteDriver - waiting for locator By.xpath: //div[text()='Hello,']/following-sibling::div[contains(@class,'text-uppercase')]
[INFO ] 2018-03-07 13:37:56.713 [main] RFWebsiteDriver - Element found
[INFO ] 2018-03-07 13:37:56.725 [main] RFWebsiteDriver - waiting for locator By.xpath: //div[text()='Hello,']/following-sibling::div[contains(@class,'text-uppercase')]
[INFO ] 2018-03-07 13:37:56.736 [main] RFWebsiteDriver - Element found
[INFO ] 2018-03-07 13:37:56.769 [main] RFWebsiteDriver - TEXT fetched for First name in overview section is=KIRA
[INFO ] 2018-03-07 13:37:56.770 [main] RFLSDWebsiteBaseTest - Data returned by query: Kira
[INFO ] 2018-03-07 13:37:56.776 [main] RFWebsiteDriver - wait started for By.xpath: //div[@id='rf-nav-wrapper']/descendant::img[2]
[INFO ] 2018-03-07 13:37:56.777 [main] RFWebsiteDriver - waiting for locator By.xpath: //div[@id='rf-nav-wrapper']/descendant::img[2]
[INFO ] 2018-03-07 13:37:56.793 [main] RFWebsiteDriver - Element found
[INFO ] 2018-03-07 13:37:56.793 [main] RFWebsiteDriver - R+F logo ready to be clicked
[INFO ] 2018-03-07 13:37:56.852 [main] RFWebsiteDriver - CLICKED on R+F logo
[INFO ] 2018-03-07 13:37:56.858 [main] TestListner - 
******************************************************************************************************************************
					TEST CASE NAME:                  testPCCardComponents_3240q
******************************************************************************************************************************
[INFO ] 2018-03-07 13:37:56.861 [main] RFWebsiteDriver - wait started for By.xpath: //div[@id='rf-nav-wrapper']/descendant::span[text()='Pulse'][1]
[INFO ] 2018-03-07 13:37:56.862 [main] RFWebsiteDriver - waiting for locator By.xpath: //div[@id='rf-nav-wrapper']/descendant::span[text()='Pulse'][1]
[INFO ] 2018-03-07 13:37:56.883 [main] RFWebsiteDriver - Element found
[INFO ] 2018-03-07 13:37:56.883 [main] RFWebsiteDriver -  ready to be clicked
[INFO ] 2018-03-07 13:37:56.956 [main] RFWebsiteDriver - CLICKED on 
[INFO ] 2018-03-07 13:37:56.956 [main] LSDHomePage - Clicked on Pulse Submenu from Top Navigation
[INFO ] 2018-03-07 13:37:56.999 [main] RFWebsiteDriver - wait started for By.xpath: //a[contains(text(),'Customers')]
[INFO ] 2018-03-07 13:37:56.999 [main] RFWebsiteDriver - waiting for locator By.xpath: //a[contains(text(),'Customers')]
[INFO ] 2018-03-07 13:37:57.008 [main] RFWebsiteDriver - Element found
[INFO ] 2018-03-07 13:37:57.009 [main] RFWebsiteDriver -  ready to be clicked
[INFO ] 2018-03-07 13:37:57.103 [main] RFWebsiteDriver - CLICKED on 
[INFO ] 2018-03-07 13:37:57.104 [main] LSDHomePage - SubMenu Link : Customers clicked
[INFO ] 2018-03-07 13:37:57.149 [main] RFWebsiteDriver - Waiting for spin image to get disappear1
[INFO ] 2018-03-07 13:37:58.162 [main] RFWebsiteDriver - waiting..
[INFO ] 2018-03-07 13:37:58.172 [main] RFWebsiteDriver - spin image disappears
[INFO ] 2018-03-07 13:38:11.173 [main] RFWebsiteDriver - wait started for By.xpath: //div[contains(@class,'white-fb')]/descendant::a[1]/descendant::span[1]
[INFO ] 2018-03-07 13:38:11.173 [main] RFWebsiteDriver - waiting for locator By.xpath: //div[contains(@class,'white-fb')]/descendant::a[1]/descendant::span[1]
[INFO ] 2018-03-07 13:38:11.205 [main] RFWebsiteDriver - Element found
[INFO ] 2018-03-07 13:38:11.205 [main] RFWebsiteDriver - have orders for this month ready to be clicked
[INFO ] 2018-03-07 13:38:11.285 [main] RFWebsiteDriver - CLICKED on have orders for this month
[INFO ] 2018-03-07 13:38:21.742 [main] RFWebsiteDriver - wait started for By.xpath: //div[@id='sub-stage']/descendant::a[1]/descendant::span[1]
[INFO ] 2018-03-07 13:38:21.742 [main] RFWebsiteDriver - waiting for locator By.xpath: //div[@id='sub-stage']/descendant::a[1]/descendant::span[1]
[INFO ] 2018-03-07 13:38:42.048 [main] TestListner - [TEST HAS FAILED-------- Test case testPCCardComponents_3240q has failed] due to reason:-<br>  org.openqa.selenium.NoSuchElementException: no such element: Unable to locate element: {"method":"xpath","selector":"//div[@id='sub-stage']/descendant::a[1]/descendant::span[1]"}
  (Session info: chrome=64.0.3282.186)
  (Driver info: chromedriver=2.33.506120 (e3e53437346286c0bc2d2dc9aa4915ba81d9023f),platform=Windows NT 10.0.10586 x86_64) (WARNING: The server did not provide any stacktrace information)
Command duration or timeout: 0 milliseconds
For documentation on this error, please visit: http://seleniumhq.org/exceptions/no_such_element.html
Build info: version: '3.7.1', revision: '8a0099a', time: '2017-11-06T21:01:39.354Z'
System info: host: 'LD-4V2P3G2', ip: '10.6.64.240', os.name: 'Windows 10', os.arch: 'amd64', os.version: '10.0', java.version: '1.8.0_161'
Driver info: org.openqa.selenium.chrome.ChromeDriver
Capabilities {acceptSslCerts: true, applicationCacheEnabled: false, browserConnectionEnabled: false, browserName: chrome, chrome: {chromedriverVersion: 2.33.506120 (e3e53437346286..., userDataDir: C:\Users\BPKOTA~1\AppData\L...}, cssSelectorsEnabled: true, databaseEnabled: false, handlesAlerts: true, hasTouchScreen: false, javascriptEnabled: true, locationContextEnabled: true, mobileEmulationEnabled: false, nativeEvents: true, networkConnectionEnabled: false, pageLoadStrategy: normal, platform: XP, platformName: XP, rotatable: false, setWindowRect: true, takesHeapSnapshot: true, takesScreenshot: true, unexpectedAlertBehaviour: , unhandledPromptBehavior: , version: 64.0.3282.186, webStorageEnabled: true}
Session ID: b7463bcde3121ec65b86eefffb5b8d56
*** Element info: {Using=xpath, value=//div[@id='sub-stage']/descendant::a[1]/descendant::span[1]}
[INFO ] 2018-03-07 13:38:42.049 [main] RFWebsiteDriver - Taking Screenshot
[INFO ] 2018-03-07 13:38:42.407 [main] TestListner - Snapshot Path :<a href='C:\Users\bpkotamahanti\Bindu\Automation\qa-automation\output\Screenshots\testPCCardComponents_3240q\testPCCardComponents_3240q.png'>C:\Users\bpkotamahanti\Bindu\Automation\qa-automation\output\Screenshots\testPCCardComponents_3240q\testPCCardComponents_3240q.png</a>

[INFO ] 2018-03-07 13:38:42.421 [main] RFWebsiteDriver - URL opened is https://skywalker.rodanandfields.com
[INFO ] 2018-03-07 13:38:43.019 [main] RFWebsiteDriver - Waiting for LSD loading image to get disappear
[INFO ] 2018-03-07 13:38:43.453 [main] RFWebsiteDriver - LSD Animation image disappears
[INFO ] 2018-03-07 13:38:43.454 [main] RFWebsiteDriver - waiting for locator By.id: button-login
[INFO ] 2018-03-07 13:38:48.726 [main] RFWebsiteDriver - waiting for locator By.xpath: //div[text()='Hello,']/following-sibling::div[contains(@class,'text-uppercase')]
[INFO ] 2018-03-07 13:38:48.735 [main] RFWebsiteDriver - Element found
[INFO ] 2018-03-07 13:38:48.745 [main] RFWebsiteDriver - waiting for locator By.xpath: //div[text()='Hello,']/following-sibling::div[contains(@class,'text-uppercase')]
[INFO ] 2018-03-07 13:38:48.753 [main] RFWebsiteDriver - Element found
[INFO ] 2018-03-07 13:38:48.785 [main] RFWebsiteDriver - TEXT fetched for First name in overview section is=KIRA
[INFO ] 2018-03-07 13:38:48.785 [main] RFLSDWebsiteBaseTest - Data returned by query: Kira
[INFO ] 2018-03-07 13:38:48.791 [main] RFWebsiteDriver - wait started for By.xpath: //div[@id='rf-nav-wrapper']/descendant::img[2]
[INFO ] 2018-03-07 13:38:48.791 [main] RFWebsiteDriver - waiting for locator By.xpath: //div[@id='rf-nav-wrapper']/descendant::img[2]
[INFO ] 2018-03-07 13:38:48.810 [main] RFWebsiteDriver - Element found
[INFO ] 2018-03-07 13:38:48.810 [main] RFWebsiteDriver - R+F logo ready to be clicked
[INFO ] 2018-03-07 13:38:48.888 [main] RFWebsiteDriver - CLICKED on R+F logo
[INFO ] 2018-03-07 13:38:48.891 [main] TestListner - 
******************************************************************************************************************************
					TEST CASE NAME:                  testSortingByQVLowTohigh_3011q
******************************************************************************************************************************
[INFO ] 2018-03-07 13:38:48.894 [main] RFWebsiteDriver - wait started for By.xpath: //div[@id='rf-nav-wrapper']/descendant::span[text()='Pulse'][1]
[INFO ] 2018-03-07 13:38:48.895 [main] RFWebsiteDriver - waiting for locator By.xpath: //div[@id='rf-nav-wrapper']/descendant::span[text()='Pulse'][1]
[INFO ] 2018-03-07 13:38:48.918 [main] RFWebsiteDriver - Element found
[INFO ] 2018-03-07 13:38:48.919 [main] RFWebsiteDriver -  ready to be clicked
[INFO ] 2018-03-07 13:38:48.993 [main] RFWebsiteDriver - CLICKED on 
[INFO ] 2018-03-07 13:38:48.993 [main] LSDHomePage - Clicked on Pulse Submenu from Top Navigation
[INFO ] 2018-03-07 13:38:49.035 [main] RFWebsiteDriver - wait started for By.xpath: //a[contains(text(),'Customers')]
[INFO ] 2018-03-07 13:38:49.035 [main] RFWebsiteDriver - waiting for locator By.xpath: //a[contains(text(),'Customers')]
[INFO ] 2018-03-07 13:38:49.044 [main] RFWebsiteDriver - Element found
[INFO ] 2018-03-07 13:38:49.044 [main] RFWebsiteDriver -  ready to be clicked
[INFO ] 2018-03-07 13:38:49.130 [main] RFWebsiteDriver - CLICKED on 
[INFO ] 2018-03-07 13:38:49.130 [main] LSDHomePage - SubMenu Link : Customers clicked
[INFO ] 2018-03-07 13:38:49.178 [main] RFWebsiteDriver - Waiting for spin image to get disappear1
[INFO ] 2018-03-07 13:38:50.193 [main] RFWebsiteDriver - waiting..
[INFO ] 2018-03-07 13:38:50.221 [main] RFWebsiteDriver - spin image disappears
[INFO ] 2018-03-07 13:38:54.251 [main] RFWebsiteDriver - Waiting for spin image to get disappear0
[INFO ] 2018-03-07 13:38:54.265 [main] RFWebsiteDriver - spin image disappears
[INFO ] 2018-03-07 13:38:54.265 [main] RFWebsiteDriver - waiting for locator By.xpath: //div[contains(@class,'white-fb')]/descendant::a[1]/descendant::span[2]
[INFO ] 2018-03-07 13:38:54.284 [main] RFWebsiteDriver - Element found
[INFO ] 2018-03-07 13:38:54.318 [main] RFWebsiteDriver - TEXT fetched for count of pc autoship orders for this month is=0
[INFO ] 2018-03-07 13:38:54.326 [main] RFWebsiteDriver - Waiting for spin image to get disappear0
[INFO ] 2018-03-07 13:38:54.337 [main] RFWebsiteDriver - spin image disappears
[INFO ] 2018-03-07 13:38:54.337 [main] RFWebsiteDriver - waiting for locator By.xpath: //div[contains(@class,'white-fb')]/descendant::a[2]/descendant::span[2]
[INFO ] 2018-03-07 13:38:54.359 [main] RFWebsiteDriver - Element found
[INFO ] 2018-03-07 13:38:54.389 [main] RFWebsiteDriver - TEXT fetched for count of pc autoship orders for next month is=1
[INFO ] 2018-03-07 13:38:54.401 [main] RFWebsiteDriver - Waiting for spin image to get disappear0
[INFO ] 2018-03-07 13:38:54.409 [main] RFWebsiteDriver - spin image disappears
[INFO ] 2018-03-07 13:38:54.409 [main] RFWebsiteDriver - waiting for locator By.xpath: //div[contains(@class,'white-fb')]/descendant::a[3]/descendant::span[2]
[INFO ] 2018-03-07 13:38:54.422 [main] RFWebsiteDriver - Element found
[INFO ] 2018-03-07 13:38:54.451 [main] RFWebsiteDriver - TEXT fetched for count of pc autoship orders for further out is=0
[INFO ] 2018-03-07 13:38:54.451 [main] TestListner - [TEST IS SUCCESSFUL -------- Test case testSortingByQVLowTohigh_3011q has passed]
[INFO ] 2018-03-07 13:38:54.460 [main] RFWebsiteDriver - URL opened is https://skywalker.rodanandfields.com
[INFO ] 2018-03-07 13:38:54.986 [main] RFWebsiteDriver - Waiting for LSD loading image to get disappear
[INFO ] 2018-03-07 13:38:55.101 [main] RFWebsiteDriver - LSD Animation image disappears
[INFO ] 2018-03-07 13:38:55.102 [main] RFWebsiteDriver - waiting for locator By.id: button-login
[INFO ] 2018-03-07 13:39:00.358 [main] RFWebsiteDriver - waiting for locator By.xpath: //div[text()='Hello,']/following-sibling::div[contains(@class,'text-uppercase')]
[INFO ] 2018-03-07 13:39:00.366 [main] RFWebsiteDriver - Element found
[INFO ] 2018-03-07 13:39:00.375 [main] RFWebsiteDriver - waiting for locator By.xpath: //div[text()='Hello,']/following-sibling::div[contains(@class,'text-uppercase')]
[INFO ] 2018-03-07 13:39:00.384 [main] RFWebsiteDriver - Element found
[INFO ] 2018-03-07 13:39:00.408 [main] RFWebsiteDriver - TEXT fetched for First name in overview section is=KIRA
[INFO ] 2018-03-07 13:39:00.408 [main] RFLSDWebsiteBaseTest - Data returned by query: Kira
[INFO ] 2018-03-07 13:39:00.412 [main] RFWebsiteDriver - wait started for By.xpath: //div[@id='rf-nav-wrapper']/descendant::img[2]
[INFO ] 2018-03-07 13:39:00.412 [main] RFWebsiteDriver - waiting for locator By.xpath: //div[@id='rf-nav-wrapper']/descendant::img[2]
[INFO ] 2018-03-07 13:39:00.421 [main] RFWebsiteDriver - Element found
[INFO ] 2018-03-07 13:39:00.421 [main] RFWebsiteDriver - R+F logo ready to be clicked
[INFO ] 2018-03-07 13:39:00.488 [main] RFWebsiteDriver - CLICKED on R+F logo
[INFO ] 2018-03-07 13:39:00.494 [main] TestListner - 
******************************************************************************************************************************
					TEST CASE NAME:                  testSortingMenuForNextMonth_2999q
******************************************************************************************************************************
[INFO ] 2018-03-07 13:39:00.497 [main] RFWebsiteDriver - wait started for By.xpath: //div[@id='rf-nav-wrapper']/descendant::span[text()='Pulse'][1]
[INFO ] 2018-03-07 13:39:00.498 [main] RFWebsiteDriver - waiting for locator By.xpath: //div[@id='rf-nav-wrapper']/descendant::span[text()='Pulse'][1]
[INFO ] 2018-03-07 13:39:00.513 [main] RFWebsiteDriver - Element found
[INFO ] 2018-03-07 13:39:00.514 [main] RFWebsiteDriver -  ready to be clicked
[INFO ] 2018-03-07 13:39:00.597 [main] RFWebsiteDriver - CLICKED on 
[INFO ] 2018-03-07 13:39:00.597 [main] LSDHomePage - Clicked on Pulse Submenu from Top Navigation
[INFO ] 2018-03-07 13:39:00.633 [main] RFWebsiteDriver - wait started for By.xpath: //a[contains(text(),'Customers')]
[INFO ] 2018-03-07 13:39:00.634 [main] RFWebsiteDriver - waiting for locator By.xpath: //a[contains(text(),'Customers')]
[INFO ] 2018-03-07 13:39:00.644 [main] RFWebsiteDriver - Element found
[INFO ] 2018-03-07 13:39:00.644 [main] RFWebsiteDriver -  ready to be clicked
[INFO ] 2018-03-07 13:39:00.715 [main] RFWebsiteDriver - CLICKED on 
[INFO ] 2018-03-07 13:39:00.715 [main] LSDHomePage - SubMenu Link : Customers clicked
[INFO ] 2018-03-07 13:39:00.762 [main] RFWebsiteDriver - Waiting for spin image to get disappear1
[INFO ] 2018-03-07 13:39:01.779 [main] RFWebsiteDriver - waiting..
[INFO ] 2018-03-07 13:39:01.787 [main] RFWebsiteDriver - spin image disappears
[INFO ] 2018-03-07 13:39:05.814 [main] RFWebsiteDriver - Waiting for spin image to get disappear0
[INFO ] 2018-03-07 13:39:05.826 [main] RFWebsiteDriver - spin image disappears
[INFO ] 2018-03-07 13:39:05.826 [main] RFWebsiteDriver - wait started for By.xpath: //div[contains(@class,'white-fb')]/descendant::a[2]/descendant::span[1]
[INFO ] 2018-03-07 13:39:05.826 [main] RFWebsiteDriver - waiting for locator By.xpath: //div[contains(@class,'white-fb')]/descendant::a[2]/descendant::span[1]
[INFO ] 2018-03-07 13:39:05.843 [main] RFWebsiteDriver - Element found
[INFO ] 2018-03-07 13:39:05.844 [main] RFWebsiteDriver - have orders for this month ready to be clicked
[INFO ] 2018-03-07 13:39:05.906 [main] RFWebsiteDriver - CLICKED on have orders for this month
[INFO ] 2018-03-07 13:39:05.907 [main] RFWebsiteDriver - Waiting for LSD loading image to get disappear
[INFO ] 2018-03-07 13:39:06.965 [main] RFWebsiteDriver - waiting..
[INFO ] 2018-03-07 13:39:07.993 [main] RFWebsiteDriver - waiting..
[INFO ] 2018-03-07 13:39:09.010 [main] RFWebsiteDriver - waiting..
[INFO ] 2018-03-07 13:39:10.036 [main] RFWebsiteDriver - waiting..
[INFO ] 2018-03-07 13:39:11.045 [main] RFWebsiteDriver - waiting..
[INFO ] 2018-03-07 13:39:12.052 [main] RFWebsiteDriver - waiting..
[INFO ] 2018-03-07 13:39:13.062 [main] RFWebsiteDriver - waiting..
[INFO ] 2018-03-07 13:39:14.072 [main] RFWebsiteDriver - waiting..
[INFO ] 2018-03-07 13:39:15.089 [main] RFWebsiteDriver - waiting..
[INFO ] 2018-03-07 13:39:16.098 [main] RFWebsiteDriver - waiting..
[INFO ] 2018-03-07 13:39:17.132 [main] RFWebsiteDriver - waiting..
[INFO ] 2018-03-07 13:39:18.147 [main] RFWebsiteDriver - waiting..
[INFO ] 2018-03-07 13:39:19.161 [main] RFWebsiteDriver - waiting..
[INFO ] 2018-03-07 13:39:20.181 [main] RFWebsiteDriver - waiting..
[INFO ] 2018-03-07 13:39:21.210 [main] RFWebsiteDriver - waiting..
[INFO ] 2018-03-07 13:39:22.237 [main] RFWebsiteDriver - waiting..
[INFO ] 2018-03-07 13:39:23.261 [main] RFWebsiteDriver - waiting..
[INFO ] 2018-03-07 13:39:24.277 [main] RFWebsiteDriver - waiting..
[INFO ] 2018-03-07 13:39:25.305 [main] RFWebsiteDriver - waiting..
[INFO ] 2018-03-07 13:39:26.314 [main] RFWebsiteDriver - waiting..
[INFO ] 2018-03-07 13:39:26.326 [main] RFWebsiteDriver - current URL is https://skywalker.rodanandfields.com/#/pcs/will-order
[INFO ] 2018-03-07 13:39:26.327 [main] RFWebsiteDriver - wait started for By.xpath: //span[contains(text(),'Sorted by')]
[INFO ] 2018-03-07 13:39:26.327 [main] RFWebsiteDriver - waiting for locator By.xpath: //span[contains(text(),'Sorted by')]
[INFO ] 2018-03-07 13:39:26.355 [main] RFWebsiteDriver - Element found
[INFO ] 2018-03-07 13:39:26.355 [main] RFWebsiteDriver - filter ready to be clicked
[INFO ] 2018-03-07 13:39:26.417 [main] RFWebsiteDriver - CLICKED on filter
[INFO ] 2018-03-07 13:39:26.938 [main] TestListner - [TEST IS SUCCESSFUL -------- Test case testSortingMenuForNextMonth_2999q has passed]
[INFO ] 2018-03-07 13:39:26.947 [main] RFWebsiteDriver - URL opened is https://skywalker.rodanandfields.com
[INFO ] 2018-03-07 13:39:27.525 [main] RFWebsiteDriver - Waiting for LSD loading image to get disappear
[INFO ] 2018-03-07 13:39:27.616 [main] RFWebsiteDriver - LSD Animation image disappears
[INFO ] 2018-03-07 13:39:27.617 [main] RFWebsiteDriver - waiting for locator By.id: button-login
[INFO ] 2018-03-07 13:39:32.927 [main] RFWebsiteDriver - waiting for locator By.xpath: //div[text()='Hello,']/following-sibling::div[contains(@class,'text-uppercase')]
[INFO ] 2018-03-07 13:39:32.943 [main] RFWebsiteDriver - Element found
[INFO ] 2018-03-07 13:39:32.957 [main] RFWebsiteDriver - waiting for locator By.xpath: //div[text()='Hello,']/following-sibling::div[contains(@class,'text-uppercase')]
[INFO ] 2018-03-07 13:39:32.975 [main] RFWebsiteDriver - Element found
[INFO ] 2018-03-07 13:39:33.018 [main] RFWebsiteDriver - TEXT fetched for First name in overview section is=KIRA
[INFO ] 2018-03-07 13:39:33.018 [main] RFLSDWebsiteBaseTest - Data returned by query: Kira
[INFO ] 2018-03-07 13:39:33.023 [main] RFWebsiteDriver - wait started for By.xpath: //div[@id='rf-nav-wrapper']/descendant::img[2]
[INFO ] 2018-03-07 13:39:33.023 [main] RFWebsiteDriver - waiting for locator By.xpath: //div[@id='rf-nav-wrapper']/descendant::img[2]
[INFO ] 2018-03-07 13:39:33.049 [main] RFWebsiteDriver - Element found
[INFO ] 2018-03-07 13:39:33.049 [main] RFWebsiteDriver - R+F logo ready to be clicked
[INFO ] 2018-03-07 13:39:33.139 [main] RFWebsiteDriver - CLICKED on R+F logo
[INFO ] 2018-03-07 13:39:33.145 [main] TestListner - 
******************************************************************************************************************************
					TEST CASE NAME:                  testSortingMenuForThisMonth_3000q
******************************************************************************************************************************
[INFO ] 2018-03-07 13:39:33.149 [main] RFWebsiteDriver - wait started for By.xpath: //div[@id='rf-nav-wrapper']/descendant::span[text()='Pulse'][1]
[INFO ] 2018-03-07 13:39:33.149 [main] RFWebsiteDriver - waiting for locator By.xpath: //div[@id='rf-nav-wrapper']/descendant::span[text()='Pulse'][1]
[INFO ] 2018-03-07 13:39:33.180 [main] RFWebsiteDriver - Element found
[INFO ] 2018-03-07 13:39:33.181 [main] RFWebsiteDriver -  ready to be clicked
[INFO ] 2018-03-07 13:39:33.264 [main] RFWebsiteDriver - CLICKED on 
[INFO ] 2018-03-07 13:39:33.264 [main] LSDHomePage - Clicked on Pulse Submenu from Top Navigation
[INFO ] 2018-03-07 13:39:33.317 [main] RFWebsiteDriver - wait started for By.xpath: //a[contains(text(),'Customers')]
[INFO ] 2018-03-07 13:39:33.317 [main] RFWebsiteDriver - waiting for locator By.xpath: //a[contains(text(),'Customers')]
[INFO ] 2018-03-07 13:39:33.326 [main] RFWebsiteDriver - Element found
[INFO ] 2018-03-07 13:39:33.327 [main] RFWebsiteDriver -  ready to be clicked
[INFO ] 2018-03-07 13:39:33.424 [main] RFWebsiteDriver - CLICKED on 
[INFO ] 2018-03-07 13:39:33.425 [main] LSDHomePage - SubMenu Link : Customers clicked
[INFO ] 2018-03-07 13:39:33.493 [main] RFWebsiteDriver - Waiting for spin image to get disappear1
[INFO ] 2018-03-07 13:39:34.516 [main] RFWebsiteDriver - waiting..
[INFO ] 2018-03-07 13:39:34.534 [main] RFWebsiteDriver - spin image disappears
[INFO ] 2018-03-07 13:39:47.535 [main] RFWebsiteDriver - wait started for By.xpath: //div[contains(@class,'white-fb')]/descendant::a[1]/descendant::span[1]
[INFO ] 2018-03-07 13:39:47.535 [main] RFWebsiteDriver - waiting for locator By.xpath: //div[contains(@class,'white-fb')]/descendant::a[1]/descendant::span[1]
[INFO ] 2018-03-07 13:39:47.566 [main] RFWebsiteDriver - Element found
[INFO ] 2018-03-07 13:39:47.566 [main] RFWebsiteDriver - have orders for this month ready to be clicked
[INFO ] 2018-03-07 13:39:47.642 [main] RFWebsiteDriver - CLICKED on have orders for this month
[INFO ] 2018-03-07 13:39:58.040 [main] RFWebsiteDriver - current URL is https://skywalker.rodanandfields.com/#/pcs/have-orders
[INFO ] 2018-03-07 13:39:58.040 [main] RFWebsiteDriver - wait started for By.xpath: //span[contains(text(),'Sorted by')]
[INFO ] 2018-03-07 13:39:58.040 [main] RFWebsiteDriver - waiting for locator By.xpath: //span[contains(text(),'Sorted by')]
[INFO ] 2018-03-07 13:39:58.063 [main] RFWebsiteDriver - Element found
[INFO ] 2018-03-07 13:39:58.063 [main] RFWebsiteDriver - filter ready to be clicked
[INFO ] 2018-03-07 13:39:58.116 [main] RFWebsiteDriver - CLICKED on filter
[INFO ] 2018-03-07 13:39:58.856 [main] TestListner - [TEST IS SUCCESSFUL -------- Test case testSortingMenuForThisMonth_3000q has passed]
[INFO ] 2018-03-07 13:39:58.865 [main] RFWebsiteDriver - URL opened is https://skywalker.rodanandfields.com
[INFO ] 2018-03-07 13:39:59.401 [main] RFWebsiteDriver - Waiting for LSD loading image to get disappear
[INFO ] 2018-03-07 13:39:59.587 [main] RFWebsiteDriver - LSD Animation image disappears
[INFO ] 2018-03-07 13:39:59.587 [main] RFWebsiteDriver - waiting for locator By.id: button-login
[INFO ] 2018-03-07 13:40:04.976 [main] RFWebsiteDriver - waiting for locator By.xpath: //div[text()='Hello,']/following-sibling::div[contains(@class,'text-uppercase')]
[INFO ] 2018-03-07 13:40:04.985 [main] RFWebsiteDriver - Element found
[INFO ] 2018-03-07 13:40:04.992 [main] RFWebsiteDriver - waiting for locator By.xpath: //div[text()='Hello,']/following-sibling::div[contains(@class,'text-uppercase')]
[INFO ] 2018-03-07 13:40:05.005 [main] RFWebsiteDriver - Element found
[INFO ] 2018-03-07 13:40:05.043 [main] RFWebsiteDriver - TEXT fetched for First name in overview section is=KIRA
[INFO ] 2018-03-07 13:40:05.043 [main] RFLSDWebsiteBaseTest - Data returned by query: Kira
[INFO ] 2018-03-07 13:40:05.047 [main] RFWebsiteDriver - wait started for By.xpath: //div[@id='rf-nav-wrapper']/descendant::img[2]
[INFO ] 2018-03-07 13:40:05.047 [main] RFWebsiteDriver - waiting for locator By.xpath: //div[@id='rf-nav-wrapper']/descendant::img[2]
[INFO ] 2018-03-07 13:40:05.064 [main] RFWebsiteDriver - Element found
[INFO ] 2018-03-07 13:40:05.064 [main] RFWebsiteDriver - R+F logo ready to be clicked
[INFO ] 2018-03-07 13:40:05.144 [main] RFWebsiteDriver - CLICKED on R+F logo
[INFO ] 2018-03-07 13:40:05.146 [main] TestListner - 
******************************************************************************************************************************
					TEST CASE NAME:                  testTotalNumberOfDeactivatedPCs_2985q
******************************************************************************************************************************
[INFO ] 2018-03-07 13:40:05.148 [main] RFWebsiteDriver - Waiting for LSD loading image to get disappear
[INFO ] 2018-03-07 13:40:05.166 [main] RFWebsiteDriver - LSD loading image disappears
[INFO ] 2018-03-07 13:40:05.166 [main] RFWebsiteDriver - waiting for locator By.xpath: //div[@id='rf-nav-wrapper']/descendant::span[text()='Pulse'][1]
[INFO ] 2018-03-07 13:40:05.193 [main] RFWebsiteDriver - Element found
[INFO ] 2018-03-07 13:40:05.193 [main] RFWebsiteDriver - wait started for By.xpath: //div[@id='rf-nav-wrapper']/descendant::span[text()='Pulse'][1]
[INFO ] 2018-03-07 13:40:05.193 [main] RFWebsiteDriver - waiting for locator By.xpath: //div[@id='rf-nav-wrapper']/descendant::span[text()='Pulse'][1]
[INFO ] 2018-03-07 13:40:05.202 [main] RFWebsiteDriver - Element found
[INFO ] 2018-03-07 13:40:05.202 [main] RFWebsiteDriver - Pulse in top navigation ready to be clicked
[INFO ] 2018-03-07 13:40:05.270 [main] RFWebsiteDriver - CLICKED on Pulse in top navigation
[INFO ] 2018-03-07 13:40:05.271 [main] LSDRFWebsiteBasePage - Pulse in top navigation clicked
[INFO ] 2018-03-07 13:40:05.271 [main] LSDRFWebsiteBasePage - Logging out from pulse application
[INFO ] 2018-03-07 13:40:05.350 [main] RFWebsiteDriver - CLICKED on 
[INFO ] 2018-03-07 13:40:05.350 [main] RFWebsiteDriver - Waiting for LSD loading image to get disappear
[INFO ] 2018-03-07 13:40:05.364 [main] RFWebsiteDriver - LSD loading image disappears
[INFO ] 2018-03-07 13:40:05.365 [main] DBUtil - QUERY TRIGGERED IS DECLARE @AccountID INT = ( SELECT TOP 1 a.accountID FROM     RFOperations.RFO_Accounts.AccountBase (NOLOCK) a WHERE    a.AccountTypeID = 1 AND a.AccountStatusID = 1 AND EXISTS ( SELECT 1 FROM   RFOperations.Hybris.Autoship (NOLOCK) aa WHERE  aa.AccountID = a.AccountID AND aa.AutoshipTypeID = 3 AND aa.Active = 1 ) AND EXISTS ( SELECT 1 FROM   RFOperations.RFO_Accounts.AccountBase (NOLOCK) ab JOIN RFOperations.RFO_Accounts.AccountRF (NOLOCK) rf ON rf.AccountID = ab.AccountID WHERE  rf.SponsorId = a.AccountID AND ab.AccountTypeID = 2 AND CAST(rf.SoftTerminationDate AS DATE) > CAST(DATEADD(DAY, -60, GETDATE()) AS DATE) AND rf.Active = 0 ) ORDER BY NEWID() ) SELECT  COUNT(1) PCTerm60DaysCount , rf.SponsorId [Consultant] , ac.Username FROM    RFOperations.RFO_Accounts.AccountBase (NOLOCK) ab JOIN RFOperations.RFO_Accounts.AccountRF (NOLOCK) rf ON rf.AccountID = ab.AccountID JOIN RFOperations.RFO_Accounts.AccountBase (NOLOCK) sb ON sb.AccountID = rf.SponsorId JOIN RFOperations.Security.AccountSecurity (NOLOCK) ac ON ac.AccountID = sb.AccountID JOIN RFOperations.RFO_Accounts.AccountContacts c ON c.AccountId = ab.AccountID WHERE   rf.SponsorId = @AccountID AND ab.AccountTypeID = 2 AND CAST(rf.SoftTerminationDate AS DATE) > CAST(DATEADD(DAY, -60, GETDATE()) AS DATE) AND rf.Active = 0 GROUP BY rf.SponsorId , ac.Username 

[INFO ] 2018-03-07 13:40:06.892 [main] RFLSDWebsiteBaseTest - Data returned by query: null
[INFO ] 2018-03-07 13:40:06.892 [main] RFLSDWebsiteBaseTest - Data returned by query: feliciamavalall@gmail.com
[INFO ] 2018-03-07 13:40:06.892 [main] RFLSDWebsiteBaseTest - Data returned by query: 1
[INFO ] 2018-03-07 13:40:06.892 [main] RFWebsiteDriver - waiting for locator By.id: username
[INFO ] 2018-03-07 13:40:06.917 [main] RFWebsiteDriver - Element found
[INFO ] 2018-03-07 13:40:06.917 [main] RFWebsiteDriver - Taking Screenshot
[INFO ] 2018-03-07 13:40:07.343 [main] RFWebsiteDriver - wait started for By.id: username
[INFO ] 2018-03-07 13:40:07.344 [main] RFWebsiteDriver - waiting for locator By.id: username
[INFO ] 2018-03-07 13:40:07.354 [main] RFWebsiteDriver - Element found
[INFO ] 2018-03-07 13:40:07.535 [main] RFWebsiteDriver - TYPED text as = feliciamavalall@gmail.com in  text field
[INFO ] 2018-03-07 13:40:07.535 [main] LSDLoginPage - username is feliciamavalall@gmail.com
[INFO ] 2018-03-07 13:40:07.535 [main] RFWebsiteDriver - wait started for By.id: password
[INFO ] 2018-03-07 13:40:07.535 [main] RFWebsiteDriver - waiting for locator By.id: password
[INFO ] 2018-03-07 13:40:07.553 [main] RFWebsiteDriver - Element found
[INFO ] 2018-03-07 13:40:07.682 [main] RFWebsiteDriver - TYPED text as = 111Maiden$ in  text field
[INFO ] 2018-03-07 13:40:07.682 [main] LSDLoginPage - password is 111Maiden$
[INFO ] 2018-03-07 13:40:07.682 [main] RFWebsiteDriver - wait started for By.id: button-login
[INFO ] 2018-03-07 13:40:07.682 [main] RFWebsiteDriver - waiting for locator By.id: button-login
[INFO ] 2018-03-07 13:40:07.690 [main] RFWebsiteDriver - Element found
[INFO ] 2018-03-07 13:40:07.691 [main] RFWebsiteDriver -  ready to be clicked
[INFO ] 2018-03-07 13:40:07.788 [main] RFWebsiteDriver - CLICKED on 
[INFO ] 2018-03-07 13:40:15.608 [main] RFWebsiteDriver - Waiting for login button to get disappear
[INFO ] 2018-03-07 13:40:15.626 [main] RFWebsiteDriver - login button disappears
[INFO ] 2018-03-07 13:40:15.657 [main] RFWebsiteDriver - waiting for locator By.xpath: //div[text()='Hello,']/following-sibling::div[contains(@class,'text-uppercase')]
[INFO ] 2018-03-07 13:40:15.667 [main] RFWebsiteDriver - Element found
[INFO ] 2018-03-07 13:40:15.675 [main] RFWebsiteDriver - wait started for By.xpath: //div[@id='rf-nav-wrapper']/descendant::span[text()='Pulse'][1]
[INFO ] 2018-03-07 13:40:15.675 [main] RFWebsiteDriver - waiting for locator By.xpath: //div[@id='rf-nav-wrapper']/descendant::span[text()='Pulse'][1]
[INFO ] 2018-03-07 13:40:15.685 [main] RFWebsiteDriver - Element found
[INFO ] 2018-03-07 13:40:15.685 [main] RFWebsiteDriver -  ready to be clicked
[INFO ] 2018-03-07 13:40:15.754 [main] RFWebsiteDriver - CLICKED on 
[INFO ] 2018-03-07 13:40:15.754 [main] LSDHomePage - Clicked on Pulse Submenu from Top Navigation
[INFO ] 2018-03-07 13:40:15.794 [main] RFWebsiteDriver - wait started for By.xpath: //a[contains(text(),'Customers')]
[INFO ] 2018-03-07 13:40:15.795 [main] RFWebsiteDriver - waiting for locator By.xpath: //a[contains(text(),'Customers')]
[INFO ] 2018-03-07 13:40:15.806 [main] RFWebsiteDriver - Element found
[INFO ] 2018-03-07 13:40:15.806 [main] RFWebsiteDriver -  ready to be clicked
[INFO ] 2018-03-07 13:40:15.896 [main] RFWebsiteDriver - CLICKED on 
[INFO ] 2018-03-07 13:40:15.896 [main] LSDHomePage - SubMenu Link : Customers clicked
[INFO ] 2018-03-07 13:40:15.953 [main] RFWebsiteDriver - Waiting for spin image to get disappear1
[INFO ] 2018-03-07 13:40:16.966 [main] RFWebsiteDriver - waiting..
[INFO ] 2018-03-07 13:40:17.992 [main] RFWebsiteDriver - waiting..
[INFO ] 2018-03-07 13:40:19.013 [main] RFWebsiteDriver - waiting..
[INFO ] 2018-03-07 13:40:20.031 [main] RFWebsiteDriver - waiting..
[INFO ] 2018-03-07 13:40:21.040 [main] RFWebsiteDriver - waiting..
[INFO ] 2018-03-07 13:40:22.069 [main] RFWebsiteDriver - waiting..
[INFO ] 2018-03-07 13:40:23.078 [main] RFWebsiteDriver - waiting..
[INFO ] 2018-03-07 13:40:24.098 [main] RFWebsiteDriver - waiting..
[INFO ] 2018-03-07 13:40:25.128 [main] RFWebsiteDriver - waiting..
[INFO ] 2018-03-07 13:40:26.153 [main] RFWebsiteDriver - waiting..
[INFO ] 2018-03-07 13:40:30.183 [main] RFWebsiteDriver - Waiting for spin image to get disappear1
[INFO ] 2018-03-07 13:40:31.197 [main] RFWebsiteDriver - waiting..
[INFO ] 2018-03-07 13:40:32.224 [main] RFWebsiteDriver - waiting..
[INFO ] 2018-03-07 13:40:33.252 [main] RFWebsiteDriver - waiting..
[INFO ] 2018-03-07 13:40:34.280 [main] RFWebsiteDriver - waiting..
[INFO ] 2018-03-07 13:40:35.307 [main] RFWebsiteDriver - waiting..
[INFO ] 2018-03-07 13:40:36.317 [main] RFWebsiteDriver - waiting..
[INFO ] 2018-03-07 13:40:37.340 [main] RFWebsiteDriver - waiting..
[INFO ] 2018-03-07 13:40:37.359 [main] RFWebsiteDriver - spin image disappears
[INFO ] 2018-03-07 13:40:41.359 [main] RFWebsiteDriver - waiting for locator By.xpath: //h1[contains(text(),'View Your Customers')]/following::span[4]
[INFO ] 2018-03-07 13:40:41.387 [main] RFWebsiteDriver - Element found
[INFO ] 2018-03-07 13:40:41.427 [main] RFWebsiteDriver - TEXT fetched for count of deactivated pcs is=0
[INFO ] 2018-03-07 13:40:41.428 [main] SoftAssert - VERIFICATION FAILED: Expected count of deactivate PCs are1but actual on UI is 0 expected [true] but found [false]
[INFO ] 2018-03-07 13:40:41.428 [main] SoftAssert - Expected: true
[INFO ] 2018-03-07 13:40:41.428 [main] SoftAssert - Actual: false
[INFO ] 2018-03-07 13:40:41.428 [main] RFWebsiteDriver - Taking Screenshot
[INFO ] 2018-03-07 13:40:41.733 [main] SoftAssert - Snapshot Path :<a href='C:\Users\bpkotamahanti\Bindu\Automation\qa-automation\output\Screenshots\testTotalNumberOfDeactivatedPCs_2985q\Expected count of deactivate PCs are1but actual on UI is 0 expected [true] but found [false].png'>C:\Users\bpkotamahanti\Bindu\Automation\qa-automation\output\Screenshots\testTotalNumberOfDeactivatedPCs_2985q\Expected count of deactivate PCs are1but actual on UI is 0 expected [true] but found [false].png</a>

[INFO ] 2018-03-07 13:40:41.770 [main] RFWebsiteDriver - wait started for By.xpath: //h1[contains(text(),'View Your Customers')]/following::span[3]
[INFO ] 2018-03-07 13:40:41.770 [main] RFWebsiteDriver - waiting for locator By.xpath: //h1[contains(text(),'View Your Customers')]/following::span[3]
[INFO ] 2018-03-07 13:40:41.778 [main] RFWebsiteDriver - Element found
[INFO ] 2018-03-07 13:40:41.778 [main] RFWebsiteDriver - 3 category clicked ready to be clicked
[INFO ] 2018-03-07 13:40:41.840 [main] RFWebsiteDriver - CLICKED on 3 category clicked
[INFO ] 2018-03-07 13:40:41.840 [main] RFWebsiteDriver - wait started for By.xpath: //h1[contains(text(),'Deactivated PC')]/../descendant::span[1]
[INFO ] 2018-03-07 13:40:41.840 [main] RFWebsiteDriver - waiting for locator By.xpath: //h1[contains(text(),'Deactivated PC')]/../descendant::span[1]
[INFO ] 2018-03-07 13:40:42.369 [main] RFWebsiteDriver - Element found
[INFO ] 2018-03-07 13:40:42.369 [main] RFWebsiteDriver - waiting for locator By.xpath: //h1[contains(text(),'Deactivated PC')]/../descendant::span[1]
[INFO ] 2018-03-07 13:40:42.376 [main] RFWebsiteDriver - Element found
[INFO ] 2018-03-07 13:40:42.408 [main] RFWebsiteDriver - TEXT fetched for count of deactivated pc at header is=0
[INFO ] 2018-03-07 13:40:42.409 [main] SoftAssert - VERIFICATION FAILED: Expected count of deactivate PCs are1but actual on header is 0 expected [true] but found [false]
[INFO ] 2018-03-07 13:40:42.409 [main] SoftAssert - Expected: true
[INFO ] 2018-03-07 13:40:42.409 [main] SoftAssert - Actual: false
[INFO ] 2018-03-07 13:40:42.409 [main] RFWebsiteDriver - Taking Screenshot
[INFO ] 2018-03-07 13:40:42.729 [main] SoftAssert - Snapshot Path :<a href='C:\Users\bpkotamahanti\Bindu\Automation\qa-automation\output\Screenshots\testTotalNumberOfDeactivatedPCs_2985q\Expected count of deactivate PCs are1but actual on header is 0 expected [true] but found [false].png'>C:\Users\bpkotamahanti\Bindu\Automation\qa-automation\output\Screenshots\testTotalNumberOfDeactivatedPCs_2985q\Expected count of deactivate PCs are1but actual on header is 0 expected [true] but found [false].png</a>

[INFO ] 2018-03-07 13:40:42.730 [main] TestListner - [TEST HAS FAILED-------- Test case testTotalNumberOfDeactivatedPCs_2985q has failed] due to reason:-<br>  java.lang.AssertionError: 1.Expected count of deactivate PCs are1but actual on UI is 0

 1.Expected count of deactivate PCs are1but actual on header is 0

[INFO ] 2018-03-07 13:40:42.739 [main] RFWebsiteDriver - URL opened is https://skywalker.rodanandfields.com
[INFO ] 2018-03-07 13:40:43.132 [main] RFWebsiteDriver - Waiting for LSD loading image to get disappear
[INFO ] 2018-03-07 13:40:43.244 [main] RFWebsiteDriver - LSD Animation image disappears
[INFO ] 2018-03-07 13:40:43.244 [main] RFWebsiteDriver - waiting for locator By.id: button-login
[INFO ] 2018-03-07 13:40:48.584 [main] RFWebsiteDriver - waiting for locator By.xpath: //div[text()='Hello,']/following-sibling::div[contains(@class,'text-uppercase')]
[INFO ] 2018-03-07 13:40:48.592 [main] RFWebsiteDriver - Element found
[INFO ] 2018-03-07 13:40:48.601 [main] RFWebsiteDriver - waiting for locator By.xpath: //div[text()='Hello,']/following-sibling::div[contains(@class,'text-uppercase')]
[INFO ] 2018-03-07 13:40:48.609 [main] RFWebsiteDriver - Element found
[INFO ] 2018-03-07 13:40:48.643 [main] RFWebsiteDriver - TEXT fetched for First name in overview section is=FELICIA
[INFO ] 2018-03-07 13:40:48.643 [main] RFLSDWebsiteBaseTest - Data returned by query: Kira
[INFO ] 2018-03-07 13:40:48.643 [main] RFWebsiteDriver - Waiting for LSD loading image to get disappear
[INFO ] 2018-03-07 13:40:48.660 [main] RFWebsiteDriver - LSD loading image disappears
[INFO ] 2018-03-07 13:40:48.660 [main] RFWebsiteDriver - waiting for locator By.xpath: //div[@id='rf-nav-wrapper']/descendant::span[text()='Pulse'][1]
[INFO ] 2018-03-07 13:40:48.670 [main] RFWebsiteDriver - Element found
[INFO ] 2018-03-07 13:40:48.670 [main] RFWebsiteDriver - wait started for By.xpath: //div[@id='rf-nav-wrapper']/descendant::span[text()='Pulse'][1]
[INFO ] 2018-03-07 13:40:48.670 [main] RFWebsiteDriver - waiting for locator By.xpath: //div[@id='rf-nav-wrapper']/descendant::span[text()='Pulse'][1]
[INFO ] 2018-03-07 13:40:48.679 [main] RFWebsiteDriver - Element found
[INFO ] 2018-03-07 13:40:48.679 [main] RFWebsiteDriver - Pulse in top navigation ready to be clicked
[INFO ] 2018-03-07 13:40:48.744 [main] RFWebsiteDriver - CLICKED on Pulse in top navigation
[INFO ] 2018-03-07 13:40:48.744 [main] LSDRFWebsiteBasePage - Pulse in top navigation clicked
[INFO ] 2018-03-07 13:40:48.744 [main] LSDRFWebsiteBasePage - Logging out from pulse application
[INFO ] 2018-03-07 13:40:48.823 [main] RFWebsiteDriver - CLICKED on 
[INFO ] 2018-03-07 13:40:48.823 [main] RFWebsiteDriver - Waiting for LSD loading image to get disappear
[INFO ] 2018-03-07 13:40:48.839 [main] RFWebsiteDriver - LSD loading image disappears
[INFO ] 2018-03-07 13:40:48.839 [main] RFWebsiteDriver - waiting for locator By.id: username
[INFO ] 2018-03-07 13:40:49.383 [main] RFWebsiteDriver - Element found
[INFO ] 2018-03-07 13:40:49.383 [main] RFWebsiteDriver - Taking Screenshot
[INFO ] 2018-03-07 13:40:49.795 [main] RFWebsiteDriver - wait started for By.id: username
[INFO ] 2018-03-07 13:40:49.795 [main] RFWebsiteDriver - waiting for locator By.id: username
[INFO ] 2018-03-07 13:40:49.803 [main] RFWebsiteDriver - Element found
[INFO ] 2018-03-07 13:40:49.927 [main] RFWebsiteDriver - TYPED text as = kira.randf@gmail.com in  text field
[INFO ] 2018-03-07 13:40:49.928 [main] LSDLoginPage - username is kira.randf@gmail.com
[INFO ] 2018-03-07 13:40:49.928 [main] RFWebsiteDriver - wait started for By.id: password
[INFO ] 2018-03-07 13:40:49.928 [main] RFWebsiteDriver - waiting for locator By.id: password
[INFO ] 2018-03-07 13:40:49.945 [main] RFWebsiteDriver - Element found
[INFO ] 2018-03-07 13:40:50.043 [main] RFWebsiteDriver - TYPED text as = 111Maiden$ in  text field
[INFO ] 2018-03-07 13:40:50.043 [main] LSDLoginPage - password is 111Maiden$
[INFO ] 2018-03-07 13:40:50.043 [main] RFWebsiteDriver - wait started for By.id: button-login
[INFO ] 2018-03-07 13:40:50.043 [main] RFWebsiteDriver - waiting for locator By.id: button-login
[INFO ] 2018-03-07 13:40:50.052 [main] RFWebsiteDriver - Element found
[INFO ] 2018-03-07 13:40:50.052 [main] RFWebsiteDriver -  ready to be clicked
[INFO ] 2018-03-07 13:40:50.115 [main] RFWebsiteDriver - CLICKED on 
[INFO ] 2018-03-07 13:40:58.306 [main] RFWebsiteDriver - wait started for By.xpath: //div[@id='rf-nav-wrapper']/descendant::img[2]
[INFO ] 2018-03-07 13:40:58.306 [main] RFWebsiteDriver - waiting for locator By.xpath: //div[@id='rf-nav-wrapper']/descendant::img[2]
[INFO ] 2018-03-07 13:40:58.323 [main] RFWebsiteDriver - Element found
[INFO ] 2018-03-07 13:40:58.323 [main] RFWebsiteDriver - R+F logo ready to be clicked
[INFO ] 2018-03-07 13:40:58.399 [main] RFWebsiteDriver - CLICKED on R+F logo
[INFO ] 2018-03-07 13:40:58.405 [main] TestListner - 
******************************************************************************************************************************
					TEST CASE NAME:                  testTotalNumberOfPCsThisMonth_3013q
******************************************************************************************************************************
[INFO ] 2018-03-07 13:40:58.407 [main] DBUtil - QUERY TRIGGERED IS DECLARE @AccountID INT = null ;WITH PCAchievedOrders AS ( SELECT COUNT( ro.OrderID) Ocount , ro.ConsultantID FROM RFOperations.Hybris.orders (NOLOCK) ro JOIN RFOperations.RFO_Accounts.AccountBase ab ON ab.AccountID = ro.AccountID WHERE ro.ConsultantID = @AccountID AND ro.OrderStatusID IN ( 2, 4, 5 ) AND ab.AccountTypeID = 2 AND ro.CompletionDate BETWEEN CAST(DATEADD(DAY, 1, DATEADD(MONTH, -1, EOMONTH(GETDATE()))) AS DATE) AND GETDATE() AND ro.AutoShipID IS NOT NULL GROUP BY ro.ConsultantID ), PenddingPCTemplate AS ( SELECT COUNT( a.AutoshipID) PCount , a.ConsultantID FROM RFOperations.Hybris.Autoship (NOLOCK) a JOIN RFOperations.RFO_Accounts.AccountBase (NOLOCK) ab ON ab.AccountID = a.AccountID JOIN RFOperations.RFO_Accounts.AccountContacts ac ON ac.AccountId = ab.AccountID WHERE a.ConsultantID = @AccountID AND a.AutoshipTypeID = 1 AND ab.AccountTypeID = 2 AND a.Active = 1 AND CAST(a.NextRunDate AS DATE) BETWEEN CAST(DATEADD(DAY, 1, DATEADD(MONTH, -1, EOMONTH(GETDATE()))) AS DATE) AND EOMONTH(GETDATE()) GROUP BY a.ConsultantID ) SELECT ab.AccountID , ISNULL(p.PCount, 0) + ISNULL(o.Ocount, 0) AS [Totol PC Order Counts] FROM RFOperations.RFO_Accounts.AccountBase ab LEFT JOIN PCAchievedOrders o ON o.ConsultantID = ab.AccountID LEFT JOIN PenddingPCTemplate p ON p.ConsultantID = ab.AccountID WHERE ab.AccountID = @AccountID

[INFO ] 2018-03-07 13:40:58.604 [main] RFLSDWebsiteBaseTest - Data returned by query: null
[INFO ] 2018-03-07 13:40:58.604 [main] RFWebsiteDriver - wait started for By.xpath: //div[@id='rf-nav-wrapper']/descendant::span[text()='Pulse'][1]
[INFO ] 2018-03-07 13:40:58.604 [main] RFWebsiteDriver - waiting for locator By.xpath: //div[@id='rf-nav-wrapper']/descendant::span[text()='Pulse'][1]
[INFO ] 2018-03-07 13:40:58.621 [main] RFWebsiteDriver - Element found
[INFO ] 2018-03-07 13:40:58.621 [main] RFWebsiteDriver -  ready to be clicked
[INFO ] 2018-03-07 13:40:58.708 [main] RFWebsiteDriver - CLICKED on 
[INFO ] 2018-03-07 13:40:58.709 [main] LSDHomePage - Clicked on Pulse Submenu from Top Navigation
[INFO ] 2018-03-07 13:40:58.760 [main] RFWebsiteDriver - wait started for By.xpath: //a[contains(text(),'Customers')]
[INFO ] 2018-03-07 13:40:58.760 [main] RFWebsiteDriver - waiting for locator By.xpath: //a[contains(text(),'Customers')]
[INFO ] 2018-03-07 13:40:58.767 [main] RFWebsiteDriver - Element found
[INFO ] 2018-03-07 13:40:58.768 [main] RFWebsiteDriver -  ready to be clicked
[INFO ] 2018-03-07 13:40:58.846 [main] RFWebsiteDriver - CLICKED on 
[INFO ] 2018-03-07 13:40:58.846 [main] LSDHomePage - SubMenu Link : Customers clicked
[INFO ] 2018-03-07 13:40:58.902 [main] RFWebsiteDriver - Waiting for spin image to get disappear0
[INFO ] 2018-03-07 13:40:59.911 [main] RFWebsiteDriver - waiting..
[INFO ] 2018-03-07 13:40:59.920 [main] RFWebsiteDriver - spin image disappears
[INFO ] 2018-03-07 13:41:03.965 [main] RFWebsiteDriver - Waiting for spin image to get disappear0
[INFO ] 2018-03-07 13:41:03.976 [main] RFWebsiteDriver - spin image disappears
[INFO ] 2018-03-07 13:41:03.976 [main] RFWebsiteDriver - waiting for locator By.xpath: //div[contains(@class,'white-fb')]/descendant::a[1]/descendant::span[2]
[INFO ] 2018-03-07 13:41:03.998 [main] RFWebsiteDriver - Element found
[INFO ] 2018-03-07 13:41:04.030 [main] RFWebsiteDriver - TEXT fetched for count of pc autoship orders for this month is=0
[INFO ] 2018-03-07 13:41:04.030 [main] SoftAssert - VERIFICATION FAILED: Expected count of order is null actual on UI is 0 expected [true] but found [false]
[INFO ] 2018-03-07 13:41:04.030 [main] SoftAssert - Expected: true
[INFO ] 2018-03-07 13:41:04.030 [main] SoftAssert - Actual: false
[INFO ] 2018-03-07 13:41:04.030 [main] RFWebsiteDriver - Taking Screenshot
[INFO ] 2018-03-07 13:41:04.343 [main] SoftAssert - Snapshot Path :<a href='C:\Users\bpkotamahanti\Bindu\Automation\qa-automation\output\Screenshots\testTotalNumberOfPCsThisMonth_3013q\Expected count of order is null actual on UI is 0 expected [true] but found [false].png'>C:\Users\bpkotamahanti\Bindu\Automation\qa-automation\output\Screenshots\testTotalNumberOfPCsThisMonth_3013q\Expected count of order is null actual on UI is 0 expected [true] but found [false].png</a>

[INFO ] 2018-03-07 13:41:13.344 [main] RFWebsiteDriver - wait started for By.xpath: //div[contains(@class,'white-fb')]/descendant::a[1]/descendant::span[1]
[INFO ] 2018-03-07 13:41:13.344 [main] RFWebsiteDriver - waiting for locator By.xpath: //div[contains(@class,'white-fb')]/descendant::a[1]/descendant::span[1]
[INFO ] 2018-03-07 13:41:13.373 [main] RFWebsiteDriver - Element found
[INFO ] 2018-03-07 13:41:13.373 [main] RFWebsiteDriver - have orders for this month ready to be clicked
[INFO ] 2018-03-07 13:41:13.459 [main] RFWebsiteDriver - CLICKED on have orders for this month
[INFO ] 2018-03-07 13:41:23.525 [main] RFWebsiteDriver - wait started for By.xpath: //h1[contains(text(),'have orders this month')]/preceding::span[1]
[INFO ] 2018-03-07 13:41:23.525 [main] RFWebsiteDriver - waiting for locator By.xpath: //h1[contains(text(),'have orders this month')]/preceding::span[1]
[INFO ] 2018-03-07 13:41:23.543 [main] RFWebsiteDriver - Element found
[INFO ] 2018-03-07 13:41:23.543 [main] RFWebsiteDriver - waiting for locator By.xpath: //h1[contains(text(),'have orders this month')]/preceding::span[1]
[INFO ] 2018-03-07 13:41:23.552 [main] RFWebsiteDriver - Element found
[INFO ] 2018-03-07 13:41:23.595 [main] RFWebsiteDriver - TEXT fetched for count of pc autoship orders for this month at header is=0
[INFO ] 2018-03-07 13:41:23.596 [main] SoftAssert - VERIFICATION FAILED: Expected count of order at header is null actual on UI is 0 expected [true] but found [false]
[INFO ] 2018-03-07 13:41:23.596 [main] SoftAssert - Expected: true
[INFO ] 2018-03-07 13:41:23.596 [main] SoftAssert - Actual: false
[INFO ] 2018-03-07 13:41:23.596 [main] RFWebsiteDriver - Taking Screenshot
[INFO ] 2018-03-07 13:41:23.955 [main] SoftAssert - Snapshot Path :<a href='C:\Users\bpkotamahanti\Bindu\Automation\qa-automation\output\Screenshots\testTotalNumberOfPCsThisMonth_3013q\Expected count of order at header is null actual on UI is 0 expected [true] but found [false].png'>C:\Users\bpkotamahanti\Bindu\Automation\qa-automation\output\Screenshots\testTotalNumberOfPCsThisMonth_3013q\Expected count of order at header is null actual on UI is 0 expected [true] but found [false].png</a>

[INFO ] 2018-03-07 13:41:23.956 [main] TestListner - [TEST HAS FAILED-------- Test case testTotalNumberOfPCsThisMonth_3013q has failed] due to reason:-<br>  java.lang.AssertionError: 1.Expected count of order is null actual on UI is 0

 1.Expected count of order at header is null actual on UI is 0

[INFO ] 2018-03-07 13:41:23.964 [main] RFWebsiteDriver - URL opened is https://skywalker.rodanandfields.com
[INFO ] 2018-03-07 13:41:24.592 [main] RFWebsiteDriver - Waiting for LSD loading image to get disappear
[INFO ] 2018-03-07 13:41:24.735 [main] RFWebsiteDriver - LSD Animation image disappears
[INFO ] 2018-03-07 13:41:24.735 [main] RFWebsiteDriver - Waiting for LSD loading image to get disappear
[INFO ] 2018-03-07 13:41:25.835 [main] RFWebsiteDriver - waiting..
[INFO ] 2018-03-07 13:41:26.848 [main] RFWebsiteDriver - waiting..
[INFO ] 2018-03-07 13:41:26.856 [main] RFWebsiteDriver - LSD loading image disappears
[INFO ] 2018-03-07 13:41:26.856 [main] RFWebsiteDriver - waiting for locator By.xpath: //div[@id='rf-nav-wrapper']/descendant::span[text()='Pulse'][1]
[INFO ] 2018-03-07 13:41:26.870 [main] RFWebsiteDriver - Element found
[INFO ] 2018-03-07 13:41:26.870 [main] RFWebsiteDriver - wait started for By.xpath: //div[@id='rf-nav-wrapper']/descendant::span[text()='Pulse'][1]
[INFO ] 2018-03-07 13:41:26.870 [main] RFWebsiteDriver - waiting for locator By.xpath: //div[@id='rf-nav-wrapper']/descendant::span[text()='Pulse'][1]
[INFO ] 2018-03-07 13:41:26.878 [main] RFWebsiteDriver - Element found
[INFO ] 2018-03-07 13:41:26.878 [main] RFWebsiteDriver - Pulse in top navigation ready to be clicked
[INFO ] 2018-03-07 13:41:26.950 [main] RFWebsiteDriver - CLICKED on Pulse in top navigation
[INFO ] 2018-03-07 13:41:26.951 [main] LSDRFWebsiteBasePage - Pulse in top navigation clicked
[INFO ] 2018-03-07 13:41:26.951 [main] LSDRFWebsiteBasePage - Logging out from pulse application
[INFO ] 2018-03-07 13:41:27.137 [main] RFWebsiteDriver - CLICKED on 
[INFO ] 2018-03-07 13:41:27.137 [main] RFWebsiteDriver - Waiting for LSD loading image to get disappear
[INFO ] 2018-03-07 13:41:27.157 [main] RFWebsiteDriver - LSD loading image disappears
