[INFO ] 2018-03-03 18:09:01.389 [main] RFBaseTest - Environment properties are not provided by the user ... loading the default properties
[INFO ] 2018-03-03 18:09:01.389 [main] RFBaseTest - Default Browser is  ------ chrome
[INFO ] 2018-03-03 18:09:01.390 [main] RFBaseTest - Default URL is  ------ https://skywalker.rodanandfields.com
[INFO ] 2018-03-03 18:09:01.390 [main] RFBaseTest - Default user password is  ------ 111Maiden$
[INFO ] 2018-03-03 18:09:01.390 [main] RFBaseTest - Default Country is  ------ us
[INFO ] 2018-03-03 18:09:01.390 [main] RFBaseTest - Default DB IP is  ------ 172.16.15.41
[INFO ] 2018-03-03 18:09:01.390 [main] RFBaseTest - Default DB Username is  ------ perftest
[INFO ] 2018-03-03 18:09:01.390 [main] RFBaseTest - Default DB Password is  ------ perftest
[INFO ] 2018-03-03 18:09:01.390 [main] RFBaseTest - Default DB Domain is  ------ RF
[INFO ] 2018-03-03 18:09:06.436 [main] RFWebsiteDriver - Window is maximized
[INFO ] 2018-03-03 18:09:06.437 [main] RFWebsiteDriver - All cookies deleted
[INFO ] 2018-03-03 18:09:06.437 [main] RFWebsiteDriver - URL opened is https://skywalker.rodanandfields.com
[INFO ] 2018-03-03 18:09:08.352 [main] RFLSDWebsiteBaseTest - Application loaded
[INFO ] 2018-03-03 18:09:08.377 [main] RFWebsiteDriver - DB connections are set
[INFO ] 2018-03-03 18:09:08.444 [main] DBUtil - QUERY TRIGGERED IS SELECT top 1 * FROM Commissions.[calcs].[vwQualificationSummary] where SV!=0 and PSQV!=0 and L1L2!=0 and L1L6!=0 and ECLegs > 0 and periodid= LEFT(CONVERT(varchar, GetDate(),112),6)  order by NewID() desc

[INFO ] 2018-03-03 18:09:09.299 [main] RFLSDWebsiteBaseTest - Data returned by query: 6840537
[INFO ] 2018-03-03 18:09:09.300 [main] DBUtil - QUERY TRIGGERED IS SELECT  ab.AccountID ,ac.FirstName ,ac.LastName ,acs.Username FROM  RFOperations.RFO_Accounts.AccountBase ab JOIN RFOperations.RFO_Accounts.AccountRF rf ON rf.AccountID = ab.AccountID JOIN RFOperations.RFO_Accounts.AccountContacts ac ON ac.AccountId = ab.AccountID LEFT JOIN RFOperations.Security.AccountSecurity acs ON acs.AccountID = ab.AccountID LEFT JOIN RFOperations.RFO_Reference.AccountType t ON t.AccountTypeID = ab.AccountTypeID LEFT JOIN RFOperations.RFO_Reference.AccountStatus s ON s.AccountStatusID = ab.AccountStatusID LEFT JOIN RFOperations.RFO_Reference.Countries c ON c.CountryID = ab.CountryID WHERE   ab.AccountID = 6840537

[INFO ] 2018-03-03 18:09:09.987 [main] RFLSDWebsiteBaseTest - Data returned by query: bottum5@hotmail.com
[INFO ] 2018-03-03 18:09:09.989 [main] DBUtil - QUERY TRIGGERED IS select EmailAddress from RFO_Accounts.AccountContacts acTB INNER JOIN RFO_Accounts.AccountEmails aeTB  on acTB.AccountContactId=aeTB.AccountContactId INNER JOIN RFO_Accounts.EmailAddresses aEMTB on aeTB.EmailAddressID=aEMTB.EmailAddressID WHERE acTB.AccountID='6840537' and aEMTB.EmailAddressTypeID=1 

[INFO ] 2018-03-03 18:09:10.656 [main] RFLSDWebsiteBaseTest - Data returned by query: bottum5@hotmail.com
[INFO ] 2018-03-03 18:09:10.657 [main] RFWebsiteDriver - Waiting for LSD loading image to get disappear
[INFO ] 2018-03-03 18:09:10.717 [main] RFWebsiteDriver - LSD loading image disappears
[INFO ] 2018-03-03 18:09:10.778 [main] RFWebsiteDriver - waiting for locator By.id: username
[INFO ] 2018-03-03 18:09:10.786 [main] RFWebsiteDriver - Element found
[INFO ] 2018-03-03 18:09:10.787 [main] RFWebsiteDriver - Taking Screenshot
[INFO ] 2018-03-03 18:09:11.188 [main] RFWebsiteDriver - wait started for By.id: username
[INFO ] 2018-03-03 18:09:11.188 [main] RFWebsiteDriver - waiting for locator By.id: username
[INFO ] 2018-03-03 18:09:11.197 [main] RFWebsiteDriver - Element found
[INFO ] 2018-03-03 18:09:11.338 [main] RFWebsiteDriver - TYPED text as = bottum5@hotmail.com in  text field
[INFO ] 2018-03-03 18:09:11.338 [main] LSDLoginPage - username is bottum5@hotmail.com
[INFO ] 2018-03-03 18:09:11.338 [main] RFWebsiteDriver - wait started for By.id: password
[INFO ] 2018-03-03 18:09:11.338 [main] RFWebsiteDriver - waiting for locator By.id: password
[INFO ] 2018-03-03 18:09:11.353 [main] RFWebsiteDriver - Element found
[INFO ] 2018-03-03 18:09:11.464 [main] RFWebsiteDriver - TYPED text as = 111Maiden$ in  text field
[INFO ] 2018-03-03 18:09:11.464 [main] LSDLoginPage - password is 111Maiden$
[INFO ] 2018-03-03 18:09:11.464 [main] RFWebsiteDriver - wait started for By.id: button-login
[INFO ] 2018-03-03 18:09:11.464 [main] RFWebsiteDriver - waiting for locator By.id: button-login
[INFO ] 2018-03-03 18:09:11.480 [main] RFWebsiteDriver - Element found
[INFO ] 2018-03-03 18:09:11.481 [main] RFWebsiteDriver -  ready to be clicked
[INFO ] 2018-03-03 18:09:11.558 [main] RFWebsiteDriver - CLICKED on 
[INFO ] 2018-03-03 18:09:35.024 [main] RFWebsiteDriver - URL opened is https://skywalker.rodanandfields.com
[INFO ] 2018-03-03 18:09:35.660 [main] RFWebsiteDriver - Waiting for LSD loading image to get disappear
[INFO ] 2018-03-03 18:09:35.752 [main] RFWebsiteDriver - LSD Animation image disappears
[INFO ] 2018-03-03 18:09:35.752 [main] RFWebsiteDriver - waiting for locator By.id: button-login
[INFO ] 2018-03-03 18:09:41.202 [main] RFWebsiteDriver - waiting for locator By.xpath: //div[text()='Hello,']/following-sibling::div[contains(@class,'text-uppercase')]
[INFO ] 2018-03-03 18:09:41.210 [main] RFWebsiteDriver - Element found
[INFO ] 2018-03-03 18:09:41.220 [main] RFWebsiteDriver - waiting for locator By.xpath: //div[text()='Hello,']/following-sibling::div[contains(@class,'text-uppercase')]
[INFO ] 2018-03-03 18:09:41.228 [main] RFWebsiteDriver - Element found
[INFO ] 2018-03-03 18:09:41.257 [main] RFWebsiteDriver - TEXT fetched for First name in overview section is=JANET
[INFO ] 2018-03-03 18:09:41.257 [main] RFLSDWebsiteBaseTest - Data returned by query: Janet
[INFO ] 2018-03-03 18:09:41.263 [main] RFWebsiteDriver - wait started for By.xpath: //div[@id='rf-nav-wrapper']/descendant::img[2]
[INFO ] 2018-03-03 18:09:41.264 [main] RFWebsiteDriver - waiting for locator By.xpath: //div[@id='rf-nav-wrapper']/descendant::img[2]
[INFO ] 2018-03-03 18:09:41.279 [main] RFWebsiteDriver - Element found
[INFO ] 2018-03-03 18:09:41.280 [main] RFWebsiteDriver - R+F logo ready to be clicked
[INFO ] 2018-03-03 18:09:41.335 [main] RFWebsiteDriver - CLICKED on R+F logo
[INFO ] 2018-03-03 18:09:41.420 [main] TestListner - 
******************************************************************************************************************************
					TEST CASE NAME:                  testTotalNumberOfPCsThisMonth_3013q
******************************************************************************************************************************
[INFO ] 2018-03-03 18:09:41.465 [main] RFWebsiteDriver - wait started for By.xpath: //div[@id='rf-nav-wrapper']/descendant::span[text()='Pulse'][1]
[INFO ] 2018-03-03 18:09:41.465 [main] RFWebsiteDriver - waiting for locator By.xpath: //div[@id='rf-nav-wrapper']/descendant::span[text()='Pulse'][1]
[INFO ] 2018-03-03 18:09:41.486 [main] RFWebsiteDriver - Element found
[INFO ] 2018-03-03 18:09:41.487 [main] RFWebsiteDriver -  ready to be clicked
[INFO ] 2018-03-03 18:09:41.580 [main] RFWebsiteDriver - CLICKED on 
[INFO ] 2018-03-03 18:09:41.580 [main] LSDHomePage - Clicked on Pulse Submenu from Top Navigation
[INFO ] 2018-03-03 18:09:41.632 [main] RFWebsiteDriver - wait started for By.xpath: //a[contains(text(),'Customers')]
[INFO ] 2018-03-03 18:09:41.632 [main] RFWebsiteDriver - waiting for locator By.xpath: //a[contains(text(),'Customers')]
[INFO ] 2018-03-03 18:09:41.640 [main] RFWebsiteDriver - Element found
[INFO ] 2018-03-03 18:09:41.641 [main] RFWebsiteDriver -  ready to be clicked
[INFO ] 2018-03-03 18:09:41.741 [main] RFWebsiteDriver - CLICKED on 
[INFO ] 2018-03-03 18:09:41.741 [main] LSDHomePage - SubMenu Link : Customers clicked
[INFO ] 2018-03-03 18:09:41.769 [main] RFWebsiteDriver - Waiting for spin image to get disappear0
[INFO ] 2018-03-03 18:09:41.780 [main] RFWebsiteDriver - spin image disappears
[INFO ] 2018-03-03 18:09:45.779 [main] DBUtil - QUERY TRIGGERED IS DECLARE @AccountID INT = 6840537 ;WITH PCAchievedOrders AS ( SELECT COUNT( ro.OrderID) Ocount , ro.ConsultantID FROM RFOperations.Hybris.orders (NOLOCK) ro JOIN RFOperations.RFO_Accounts.AccountBase ab ON ab.AccountID = ro.AccountID WHERE ro.ConsultantID = @AccountID AND ro.OrderStatusID IN ( 2, 4, 5 ) AND ab.AccountTypeID = 2 AND ro.CompletionDate BETWEEN CAST(DATEADD(DAY, 1, DATEADD(MONTH, -1, EOMONTH(GETDATE()))) AS DATE) AND GETDATE() AND ro.AutoShipID IS NOT NULL GROUP BY ro.ConsultantID ), PenddingPCTemplate AS ( SELECT COUNT( a.AutoshipID) PCount , a.ConsultantID FROM RFOperations.Hybris.Autoship (NOLOCK) a JOIN RFOperations.RFO_Accounts.AccountBase (NOLOCK) ab ON ab.AccountID = a.AccountID JOIN RFOperations.RFO_Accounts.AccountContacts ac ON ac.AccountId = ab.AccountID WHERE a.ConsultantID = @AccountID AND a.AutoshipTypeID = 1 AND ab.AccountTypeID = 2 AND a.Active = 1 AND CAST(a.NextRunDate AS DATE) BETWEEN CAST(DATEADD(DAY, 1, DATEADD(MONTH, -1, EOMONTH(GETDATE()))) AS DATE) AND EOMONTH(GETDATE()) GROUP BY a.ConsultantID ) SELECT ab.AccountID , ISNULL(p.PCount, 0) + ISNULL(o.Ocount, 0) AS [Totol PC Order Counts] FROM RFOperations.RFO_Accounts.AccountBase ab LEFT JOIN PCAchievedOrders o ON o.ConsultantID = ab.AccountID LEFT JOIN PenddingPCTemplate p ON p.ConsultantID = ab.AccountID WHERE ab.AccountID = @AccountID

[INFO ] 2018-03-03 18:09:47.674 [main] RFLSDWebsiteBaseTest - Data returned by query: 9
[INFO ] 2018-03-03 18:09:47.675 [main] RFWebsiteDriver - wait started for By.xpath: //div[@id='rf-nav-wrapper']/descendant::span[text()='Pulse'][1]
[INFO ] 2018-03-03 18:09:47.675 [main] RFWebsiteDriver - waiting for locator By.xpath: //div[@id='rf-nav-wrapper']/descendant::span[text()='Pulse'][1]
[INFO ] 2018-03-03 18:09:47.709 [main] RFWebsiteDriver - Element found
[INFO ] 2018-03-03 18:09:47.709 [main] RFWebsiteDriver -  ready to be clicked
[INFO ] 2018-03-03 18:09:47.778 [main] RFWebsiteDriver - CLICKED on 
[INFO ] 2018-03-03 18:09:47.778 [main] LSDHomePage - Clicked on Pulse Submenu from Top Navigation
[INFO ] 2018-03-03 18:09:47.829 [main] RFWebsiteDriver - wait started for By.xpath: //a[contains(text(),'Customers')]
[INFO ] 2018-03-03 18:09:47.830 [main] RFWebsiteDriver - waiting for locator By.xpath: //a[contains(text(),'Customers')]
[INFO ] 2018-03-03 18:09:47.840 [main] RFWebsiteDriver - Element found
[INFO ] 2018-03-03 18:09:47.841 [main] RFWebsiteDriver -  ready to be clicked
[INFO ] 2018-03-03 18:09:47.911 [main] RFWebsiteDriver - CLICKED on 
[INFO ] 2018-03-03 18:09:47.912 [main] LSDHomePage - SubMenu Link : Customers clicked
[INFO ] 2018-03-03 18:09:47.930 [main] RFWebsiteDriver - Waiting for spin image to get disappear1
[INFO ] 2018-03-03 18:09:48.941 [main] RFWebsiteDriver - waiting..
[INFO ] 2018-03-03 18:09:49.952 [main] RFWebsiteDriver - waiting..
[INFO ] 2018-03-03 18:09:50.961 [main] RFWebsiteDriver - waiting..
[INFO ] 2018-03-03 18:09:51.981 [main] RFWebsiteDriver - waiting..
[INFO ] 2018-03-03 18:09:53.011 [main] RFWebsiteDriver - waiting..
[INFO ] 2018-03-03 18:09:54.043 [main] RFWebsiteDriver - waiting..
[INFO ] 2018-03-03 18:09:55.059 [main] RFWebsiteDriver - waiting..
[INFO ] 2018-03-03 18:09:56.076 [main] RFWebsiteDriver - waiting..
[INFO ] 2018-03-03 18:09:56.100 [main] RFWebsiteDriver - spin image disappears
[INFO ] 2018-03-03 18:10:00.148 [main] RFWebsiteDriver - Waiting for spin image to get disappear0
[INFO ] 2018-03-03 18:10:00.164 [main] RFWebsiteDriver - spin image disappears
[INFO ] 2018-03-03 18:10:00.165 [main] RFWebsiteDriver - waiting for locator By.xpath: //div[contains(@class,'white-fb')]/descendant::a[1]/descendant::span[2]
[INFO ] 2018-03-03 18:10:00.188 [main] RFWebsiteDriver - Element found
[INFO ] 2018-03-03 18:10:00.232 [main] RFWebsiteDriver - TEXT fetched for count of pc autoship orders for this month is=1
[INFO ] 2018-03-03 18:10:00.235 [main] SoftAssert - VERIFICATION FAILED: Expected count of order is 9 actual on UI is 1 expected [true] but found [false]
[INFO ] 2018-03-03 18:10:00.235 [main] SoftAssert - Expected: true
[INFO ] 2018-03-03 18:10:00.235 [main] SoftAssert - Actual: false
[INFO ] 2018-03-03 18:10:00.235 [main] RFWebsiteDriver - Taking Screenshot
[INFO ] 2018-03-03 18:10:00.549 [main] SoftAssert - Snapshot Path :<a href='C:\Users\bpkotamahanti\Bindu\Automation\qa-automation\output\Screenshots\testTotalNumberOfPCsThisMonth_3013q\Expected count of order is 9 actual on UI is 1 expected [true] but found [false].png'>C:\Users\bpkotamahanti\Bindu\Automation\qa-automation\output\Screenshots\testTotalNumberOfPCsThisMonth_3013q\Expected count of order is 9 actual on UI is 1 expected [true] but found [false].png</a>

[INFO ] 2018-03-03 18:10:07.547 [main] RFWebsiteDriver - wait started for By.xpath: //div[contains(@class,'white-fb')]/descendant::a[1]/descendant::span[1]
[INFO ] 2018-03-03 18:10:07.547 [main] RFWebsiteDriver - waiting for locator By.xpath: //div[contains(@class,'white-fb')]/descendant::a[1]/descendant::span[1]
[INFO ] 2018-03-03 18:10:07.594 [main] RFWebsiteDriver - Element found
[INFO ] 2018-03-03 18:10:07.595 [main] RFWebsiteDriver - have orders for this month ready to be clicked
[INFO ] 2018-03-03 18:10:07.664 [main] RFWebsiteDriver - CLICKED on have orders for this month
[INFO ] 2018-03-03 18:10:07.761 [main] RFWebsiteDriver - CLICKED on 
[INFO ] 2018-03-03 18:10:07.762 [main] RFWebsiteDriver - wait started for By.xpath: //h1[contains(text(),'have orders this month')]/preceding::span[1]
[INFO ] 2018-03-03 18:10:07.762 [main] RFWebsiteDriver - waiting for locator By.xpath: //h1[contains(text(),'have orders this month')]/preceding::span[1]
[INFO ] 2018-03-03 18:10:08.303 [main] RFWebsiteDriver - Element found
[INFO ] 2018-03-03 18:10:08.303 [main] RFWebsiteDriver - waiting for locator By.xpath: //h1[contains(text(),'have orders this month')]/preceding::span[1]
[INFO ] 2018-03-03 18:10:08.318 [main] RFWebsiteDriver - Element found
[INFO ] 2018-03-03 18:10:08.357 [main] RFWebsiteDriver - TEXT fetched for count of pc autoship orders for this month at header is=1
[INFO ] 2018-03-03 18:10:08.357 [main] SoftAssert - VERIFICATION FAILED: Expected count of order at header is 9 actual on UI is 1 expected [true] but found [false]
[INFO ] 2018-03-03 18:10:08.357 [main] SoftAssert - Expected: true
[INFO ] 2018-03-03 18:10:08.357 [main] SoftAssert - Actual: false
[INFO ] 2018-03-03 18:10:08.357 [main] RFWebsiteDriver - Taking Screenshot
[INFO ] 2018-03-03 18:10:08.685 [main] SoftAssert - Snapshot Path :<a href='C:\Users\bpkotamahanti\Bindu\Automation\qa-automation\output\Screenshots\testTotalNumberOfPCsThisMonth_3013q\Expected count of order at header is 9 actual on UI is 1 expected [true] but found [false].png'>C:\Users\bpkotamahanti\Bindu\Automation\qa-automation\output\Screenshots\testTotalNumberOfPCsThisMonth_3013q\Expected count of order at header is 9 actual on UI is 1 expected [true] but found [false].png</a>

[INFO ] 2018-03-03 18:10:08.686 [main] TestListner - [TEST HAS FAILED-------- Test case testTotalNumberOfPCsThisMonth_3013q has failed] due to reason:-<br>  java.lang.AssertionError: 1.Expected count of order is 9 actual on UI is 1

 1.Expected count of order at header is 9 actual on UI is 1

[INFO ] 2018-03-03 18:10:08.716 [main] RFWebsiteDriver - URL opened is https://skywalker.rodanandfields.com
[INFO ] 2018-03-03 18:10:09.236 [main] RFWebsiteDriver - Waiting for LSD loading image to get disappear
[INFO ] 2018-03-03 18:10:09.345 [main] RFWebsiteDriver - LSD Animation image disappears
[INFO ] 2018-03-03 18:10:09.345 [main] RFWebsiteDriver - Waiting for LSD loading image to get disappear
[INFO ] 2018-03-03 18:10:10.479 [main] RFWebsiteDriver - waiting..
[INFO ] 2018-03-03 18:10:11.512 [main] RFWebsiteDriver - waiting..
[INFO ] 2018-03-03 18:10:11.545 [main] RFWebsiteDriver - LSD loading image disappears
[INFO ] 2018-03-03 18:10:11.545 [main] RFWebsiteDriver - waiting for locator By.xpath: //div[@id='rf-nav-wrapper']/descendant::span[text()='Pulse'][1]
[INFO ] 2018-03-03 18:10:12.074 [main] RFWebsiteDriver - Element found
[INFO ] 2018-03-03 18:10:12.074 [main] RFWebsiteDriver - wait started for By.xpath: //div[@id='rf-nav-wrapper']/descendant::span[text()='Pulse'][1]
[INFO ] 2018-03-03 18:10:12.074 [main] RFWebsiteDriver - waiting for locator By.xpath: //div[@id='rf-nav-wrapper']/descendant::span[text()='Pulse'][1]
[INFO ] 2018-03-03 18:10:12.087 [main] RFWebsiteDriver - Element found
[INFO ] 2018-03-03 18:10:12.087 [main] RFWebsiteDriver - Pulse in top navigation ready to be clicked
[INFO ] 2018-03-03 18:10:12.158 [main] RFWebsiteDriver - CLICKED on Pulse in top navigation
[INFO ] 2018-03-03 18:10:12.158 [main] LSDRFWebsiteBasePage - Pulse in top navigation clicked
[INFO ] 2018-03-03 18:10:12.158 [main] LSDRFWebsiteBasePage - Logging out from pulse application
[INFO ] 2018-03-03 18:10:12.240 [main] RFWebsiteDriver - CLICKED on 
[INFO ] 2018-03-03 18:10:12.240 [main] RFWebsiteDriver - Waiting for LSD loading image to get disappear
[INFO ] 2018-03-03 18:10:12.250 [main] RFWebsiteDriver - LSD loading image disappears
