[DEBUG] 2018-03-05 11:54:00.547 [main] RFBaseTest - Started execution with  null
[INFO ] 2018-03-05 11:54:00.555 [main] RFBaseTest - Environment properties are not provided by the user ... loading the default properties
[INFO ] 2018-03-05 11:54:00.556 [main] RFBaseTest - Default Browser is  ------ chrome
[INFO ] 2018-03-05 11:54:00.556 [main] RFBaseTest - Default URL is  ------ https://skywalker.rodanandfields.com
[INFO ] 2018-03-05 11:54:00.556 [main] RFBaseTest - Default user password is  ------ 111Maiden$
[INFO ] 2018-03-05 11:54:00.556 [main] RFBaseTest - Default Country is  ------ us
[INFO ] 2018-03-05 11:54:00.556 [main] RFBaseTest - Default DB IP is  ------ 10.3.0.218
[INFO ] 2018-03-05 11:54:00.557 [main] RFBaseTest - Default DB Username is  ------ perftest
[INFO ] 2018-03-05 11:54:00.557 [main] RFBaseTest - Default DB Password is  ------ perftest
[INFO ] 2018-03-05 11:54:00.557 [main] RFBaseTest - Default DB Domain is  ------ RF
[INFO ] 2018-03-05 11:54:09.252 [main] RFWebsiteDriver - Window is maximized
[INFO ] 2018-03-05 11:54:09.252 [main] RFWebsiteDriver - All cookies deleted
[INFO ] 2018-03-05 11:54:09.253 [main] RFWebsiteDriver - URL opened is https://skywalker.rodanandfields.com
[INFO ] 2018-03-05 11:54:10.959 [main] RFLSDWebsiteBaseTest - Application loaded
[INFO ] 2018-03-05 11:54:10.979 [main] RFWebsiteDriver - DB connections are set
[INFO ] 2018-03-05 11:54:11.071 [main] DBUtil - QUERY TRIGGERED IS SELECT top 1 * FROM Commissions.[calcs].[vwQualificationSummary] where SV!=0 and PSQV!=0 and L1L2!=0 and L1L6!=0 and ECLegs > 0 and periodid= LEFT(CONVERT(varchar, GetDate(),112),6)  order by NewID() desc

[INFO ] 2018-03-05 11:54:11.819 [main] RFLSDWebsiteBaseTest - Data returned by query: 6816233
[INFO ] 2018-03-05 11:54:17.916 [main] DBUtil - QUERY TRIGGERED IS SELECT  ab.AccountID ,ac.FirstName ,ac.LastName ,acs.Username FROM  RFOperations.RFO_Accounts.AccountBase ab JOIN RFOperations.RFO_Accounts.AccountRF rf ON rf.AccountID = ab.AccountID JOIN RFOperations.RFO_Accounts.AccountContacts ac ON ac.AccountId = ab.AccountID LEFT JOIN RFOperations.Security.AccountSecurity acs ON acs.AccountID = ab.AccountID LEFT JOIN RFOperations.RFO_Reference.AccountType t ON t.AccountTypeID = ab.AccountTypeID LEFT JOIN RFOperations.RFO_Reference.AccountStatus s ON s.AccountStatusID = ab.AccountStatusID LEFT JOIN RFOperations.RFO_Reference.Countries c ON c.CountryID = ab.CountryID WHERE   ab.AccountID = 6816233

[INFO ] 2018-03-05 11:54:18.128 [main] RFLSDWebsiteBaseTest - Data returned by query: janna@kirkup.ca
[INFO ] 2018-03-05 11:54:18.129 [main] DBUtil - QUERY TRIGGERED IS select EmailAddress from RFO_Accounts.AccountContacts acTB INNER JOIN RFO_Accounts.AccountEmails aeTB  on acTB.AccountContactId=aeTB.AccountContactId INNER JOIN RFO_Accounts.EmailAddresses aEMTB on aeTB.EmailAddressID=aEMTB.EmailAddressID WHERE acTB.AccountID='6816233' and aEMTB.EmailAddressTypeID=1 

[INFO ] 2018-03-05 11:54:18.342 [main] RFLSDWebsiteBaseTest - Data returned by query: janna@kirkup.ca
[INFO ] 2018-03-05 11:54:18.342 [main] RFWebsiteDriver - Waiting for LSD loading image to get disappear
[INFO ] 2018-03-05 11:54:18.373 [main] RFWebsiteDriver - LSD loading image disappears
[INFO ] 2018-03-05 11:54:18.433 [main] RFWebsiteDriver - waiting for locator By.id: username
[INFO ] 2018-03-05 11:54:18.444 [main] RFWebsiteDriver - Element found
[INFO ] 2018-03-05 11:54:18.445 [main] RFWebsiteDriver - Taking Screenshot
[INFO ] 2018-03-05 11:54:19.050 [main] RFWebsiteDriver - wait started for By.id: username
[INFO ] 2018-03-05 11:54:19.051 [main] RFWebsiteDriver - waiting for locator By.id: username
[INFO ] 2018-03-05 11:54:19.072 [main] RFWebsiteDriver - Element found
[INFO ] 2018-03-05 11:54:19.260 [main] RFWebsiteDriver - TYPED text as = janna@kirkup.ca in  text field
[INFO ] 2018-03-05 11:54:19.260 [main] LSDLoginPage - username is janna@kirkup.ca
[INFO ] 2018-03-05 11:54:19.261 [main] RFWebsiteDriver - wait started for By.id: password
[INFO ] 2018-03-05 11:54:19.261 [main] RFWebsiteDriver - waiting for locator By.id: password
[INFO ] 2018-03-05 11:54:19.282 [main] RFWebsiteDriver - Element found
[INFO ] 2018-03-05 11:54:19.423 [main] RFWebsiteDriver - TYPED text as = 111Maiden$ in  text field
[INFO ] 2018-03-05 11:54:19.424 [main] LSDLoginPage - password is 111Maiden$
[INFO ] 2018-03-05 11:54:19.424 [main] RFWebsiteDriver - wait started for By.id: button-login
[INFO ] 2018-03-05 11:54:19.424 [main] RFWebsiteDriver - waiting for locator By.id: button-login
[INFO ] 2018-03-05 11:54:19.441 [main] RFWebsiteDriver - Element found
[INFO ] 2018-03-05 11:54:19.442 [main] RFWebsiteDriver -  ready to be clicked
[INFO ] 2018-03-05 11:54:19.534 [main] RFWebsiteDriver - CLICKED on 
[INFO ] 2018-03-05 11:54:33.968 [main] RFWebsiteDriver - URL opened is https://skywalker.rodanandfields.com
[INFO ] 2018-03-05 11:54:34.447 [main] RFWebsiteDriver - Waiting for LSD loading image to get disappear
[INFO ] 2018-03-05 11:54:34.682 [main] RFWebsiteDriver - LSD Animation image disappears
[INFO ] 2018-03-05 11:54:34.684 [main] RFWebsiteDriver - waiting for locator By.id: button-login
[INFO ] 2018-03-05 11:54:40.023 [main] RFWebsiteDriver - waiting for locator By.xpath: //div[text()='Hello,']/following-sibling::div[contains(@class,'text-uppercase')]
[INFO ] 2018-03-05 11:54:40.038 [main] RFWebsiteDriver - Element found
[INFO ] 2018-03-05 11:54:40.048 [main] RFWebsiteDriver - waiting for locator By.xpath: //div[text()='Hello,']/following-sibling::div[contains(@class,'text-uppercase')]
[INFO ] 2018-03-05 11:54:40.068 [main] RFWebsiteDriver - Element found
[INFO ] 2018-03-05 11:54:40.115 [main] RFWebsiteDriver - TEXT fetched for First name in overview section is=JANNA
[INFO ] 2018-03-05 11:54:40.115 [main] RFLSDWebsiteBaseTest - Data returned by query: Janna
[INFO ] 2018-03-05 11:54:40.122 [main] RFWebsiteDriver - wait started for By.xpath: //div[@id='rf-nav-wrapper']/descendant::img[2]
[INFO ] 2018-03-05 11:54:40.122 [main] RFWebsiteDriver - waiting for locator By.xpath: //div[@id='rf-nav-wrapper']/descendant::img[2]
[INFO ] 2018-03-05 11:54:40.141 [main] RFWebsiteDriver - Element found
[INFO ] 2018-03-05 11:54:40.142 [main] RFWebsiteDriver - R+F logo ready to be clicked
[INFO ] 2018-03-05 11:54:40.260 [main] RFWebsiteDriver - CLICKED on R+F logo
[INFO ] 2018-03-05 11:54:40.375 [main] TestListner - 
******************************************************************************************************************************
					TEST CASE NAME:                  testTotalNumberOfPCsThisMonth_3013q
******************************************************************************************************************************
[INFO ] 2018-03-05 11:54:44.517 [main] RFWebsiteDriver - wait started for By.xpath: //div[@id='rf-nav-wrapper']/descendant::span[text()='Pulse'][1]
[INFO ] 2018-03-05 11:54:44.521 [main] RFWebsiteDriver - waiting for locator By.xpath: //div[@id='rf-nav-wrapper']/descendant::span[text()='Pulse'][1]
[INFO ] 2018-03-05 11:54:44.608 [main] RFWebsiteDriver - Element found
[INFO ] 2018-03-05 11:54:44.614 [main] RFWebsiteDriver -  ready to be clicked
[INFO ] 2018-03-05 11:54:44.802 [main] RFWebsiteDriver - CLICKED on 
[INFO ] 2018-03-05 11:54:44.810 [main] LSDHomePage - Clicked on Pulse Submenu from Top Navigation
[INFO ] 2018-03-05 11:54:45.040 [main] RFWebsiteDriver - wait started for By.xpath: //a[contains(text(),'Customers')]
[INFO ] 2018-03-05 11:54:45.045 [main] RFWebsiteDriver - waiting for locator By.xpath: //a[contains(text(),'Customers')]
[INFO ] 2018-03-05 11:54:45.124 [main] RFWebsiteDriver - Element found
[INFO ] 2018-03-05 11:54:45.128 [main] RFWebsiteDriver -  ready to be clicked
[INFO ] 2018-03-05 11:54:45.321 [main] RFWebsiteDriver - CLICKED on 
[INFO ] 2018-03-05 11:54:45.326 [main] LSDHomePage - SubMenu Link : Customers clicked
[INFO ] 2018-03-05 11:54:45.402 [main] RFWebsiteDriver - Waiting for spin image to get disappear0
[INFO ] 2018-03-05 11:54:45.466 [main] RFWebsiteDriver - spin image disappears
[INFO ] 2018-03-05 11:54:52.113 [main] DBUtil - QUERY TRIGGERED IS DECLARE @AccountID INT = 6816233 ;WITH PCAchievedOrders AS ( SELECT COUNT( ro.OrderID) Ocount , ro.ConsultantID FROM RFOperations.Hybris.orders (NOLOCK) ro JOIN RFOperations.RFO_Accounts.AccountBase ab ON ab.AccountID = ro.AccountID WHERE ro.ConsultantID = @AccountID AND ro.OrderStatusID IN ( 2, 4, 5 ) AND ab.AccountTypeID = 2 AND ro.CompletionDate BETWEEN CAST(DATEADD(DAY, 1, DATEADD(MONTH, -1, EOMONTH(GETDATE()))) AS DATE) AND GETDATE() AND ro.AutoShipID IS NOT NULL GROUP BY ro.ConsultantID ), PenddingPCTemplate AS ( SELECT COUNT( a.AutoshipID) PCount , a.ConsultantID FROM RFOperations.Hybris.Autoship (NOLOCK) a JOIN RFOperations.RFO_Accounts.AccountBase (NOLOCK) ab ON ab.AccountID = a.AccountID JOIN RFOperations.RFO_Accounts.AccountContacts ac ON ac.AccountId = ab.AccountID WHERE a.ConsultantID = @AccountID AND a.AutoshipTypeID = 1 AND ab.AccountTypeID = 2 AND a.Active = 1 AND CAST(a.NextRunDate AS DATE) BETWEEN CAST(DATEADD(DAY, 1, DATEADD(MONTH, -1, EOMONTH(GETDATE()))) AS DATE) AND EOMONTH(GETDATE()) GROUP BY a.ConsultantID ) SELECT ab.AccountID , ISNULL(p.PCount, 0) + ISNULL(o.Ocount, 0) AS [Totol PC Order Counts] FROM RFOperations.RFO_Accounts.AccountBase ab LEFT JOIN PCAchievedOrders o ON o.ConsultantID = ab.AccountID LEFT JOIN PenddingPCTemplate p ON p.ConsultantID = ab.AccountID WHERE ab.AccountID = @AccountID

[INFO ] 2018-03-05 11:54:55.355 [main] RFLSDWebsiteBaseTest - Data returned by query: 1
[INFO ] 2018-03-05 11:56:23.716 [main] RFWebsiteDriver - wait started for By.xpath: //div[@id='rf-nav-wrapper']/descendant::span[text()='Pulse'][1]
[INFO ] 2018-03-05 11:56:23.725 [main] RFWebsiteDriver - waiting for locator By.xpath: //div[@id='rf-nav-wrapper']/descendant::span[text()='Pulse'][1]
[INFO ] 2018-03-05 11:56:23.796 [main] RFWebsiteDriver - Element found
[INFO ] 2018-03-05 11:56:23.800 [main] RFWebsiteDriver -  ready to be clicked
[INFO ] 2018-03-05 11:56:23.962 [main] RFWebsiteDriver - CLICKED on 
[INFO ] 2018-03-05 11:56:23.966 [main] LSDHomePage - Clicked on Pulse Submenu from Top Navigation
[INFO ] 2018-03-05 11:56:24.146 [main] RFWebsiteDriver - wait started for By.xpath: //a[contains(text(),'Customers')]
[INFO ] 2018-03-05 11:56:24.151 [main] RFWebsiteDriver - waiting for locator By.xpath: //a[contains(text(),'Customers')]
[INFO ] 2018-03-05 11:56:24.212 [main] RFWebsiteDriver - Element found
[INFO ] 2018-03-05 11:56:24.218 [main] RFWebsiteDriver -  ready to be clicked
[INFO ] 2018-03-05 11:56:24.380 [main] RFWebsiteDriver - CLICKED on 
[INFO ] 2018-03-05 11:56:24.386 [main] LSDHomePage - SubMenu Link : Customers clicked
[INFO ] 2018-03-05 11:56:24.449 [main] RFWebsiteDriver - Waiting for spin image to get disappear0
[INFO ] 2018-03-05 11:56:24.506 [main] RFWebsiteDriver - spin image disappears
[INFO ] 2018-03-05 11:57:34.280 [main] RFWebsiteDriver - Waiting for spin image to get disappear0
[INFO ] 2018-03-05 11:57:34.338 [main] RFWebsiteDriver - spin image disappears
[INFO ] 2018-03-05 11:57:34.343 [main] RFWebsiteDriver - waiting for locator By.xpath: //div[contains(@class,'white-fb')]/descendant::a[1]/descendant::span[2]
[INFO ] 2018-03-05 11:57:34.412 [main] RFWebsiteDriver - Element found
[INFO ] 2018-03-05 11:57:34.546 [main] RFWebsiteDriver - TEXT fetched for count of pc autoship orders for this month is=1
[INFO ] 2018-03-05 11:57:54.755 [main] RFWebsiteDriver - wait started for By.xpath: //div[contains(@class,'white-fb')]/descendant::a[1]/descendant::span[1]
[INFO ] 2018-03-05 11:57:54.768 [main] RFWebsiteDriver - waiting for locator By.xpath: //div[contains(@class,'white-fb')]/descendant::a[1]/descendant::span[1]
[INFO ] 2018-03-05 11:57:54.871 [main] RFWebsiteDriver - Element found
[INFO ] 2018-03-05 11:57:54.875 [main] RFWebsiteDriver - have orders for this month ready to be clicked
[INFO ] 2018-03-05 11:58:00.054 [main] RFWebsiteDriver - CLICKED on have orders for this month
[INFO ] 2018-03-05 11:58:00.705 [main] RFWebsiteDriver - CLICKED on 
[INFO ] 2018-03-05 11:58:40.937 [main] RFWebsiteDriver - wait started for By.xpath: //h1[contains(text(),'have orders this month')]/preceding::span[1]
[INFO ] 2018-03-05 11:58:40.952 [main] RFWebsiteDriver - waiting for locator By.xpath: //h1[contains(text(),'have orders this month')]/preceding::span[1]
[INFO ] 2018-03-05 11:58:41.031 [main] RFWebsiteDriver - Element found
[INFO ] 2018-03-05 11:58:41.035 [main] RFWebsiteDriver - waiting for locator By.xpath: //h1[contains(text(),'have orders this month')]/preceding::span[1]
[INFO ] 2018-03-05 11:58:41.100 [main] RFWebsiteDriver - Element found
[INFO ] 2018-03-05 11:58:41.230 [main] RFWebsiteDriver - TEXT fetched for count of pc autoship orders for this month at header is=1
[INFO ] 2018-03-05 11:58:48.821 [main] TestListner - [TEST IS SUCCESSFUL -------- Test case testTotalNumberOfPCsThisMonth_3013q has passed]
[INFO ] 2018-03-05 11:58:48.840 [main] RFWebsiteDriver - URL opened is https://skywalker.rodanandfields.com
[INFO ] 2018-03-05 11:58:49.443 [main] RFWebsiteDriver - Waiting for LSD loading image to get disappear
[INFO ] 2018-03-05 11:58:49.472 [main] RFWebsiteDriver - LSD Animation image disappears
[INFO ] 2018-03-05 11:58:49.472 [main] RFWebsiteDriver - Waiting for LSD loading image to get disappear
[INFO ] 2018-03-05 11:58:50.603 [main] RFWebsiteDriver - waiting..
[INFO ] 2018-03-05 11:58:51.627 [main] RFWebsiteDriver - waiting..
[INFO ] 2018-03-05 11:58:51.636 [main] RFWebsiteDriver - LSD loading image disappears
[INFO ] 2018-03-05 11:58:51.637 [main] RFWebsiteDriver - waiting for locator By.xpath: //div[@id='rf-nav-wrapper']/descendant::span[text()='Pulse'][1]
[INFO ] 2018-03-05 11:58:51.654 [main] RFWebsiteDriver - Element found
[INFO ] 2018-03-05 11:58:51.654 [main] RFWebsiteDriver - wait started for By.xpath: //div[@id='rf-nav-wrapper']/descendant::span[text()='Pulse'][1]
[INFO ] 2018-03-05 11:58:51.654 [main] RFWebsiteDriver - waiting for locator By.xpath: //div[@id='rf-nav-wrapper']/descendant::span[text()='Pulse'][1]
[INFO ] 2018-03-05 11:58:51.664 [main] RFWebsiteDriver - Element found
[INFO ] 2018-03-05 11:58:51.665 [main] RFWebsiteDriver - Pulse in top navigation ready to be clicked
[INFO ] 2018-03-05 11:58:51.736 [main] RFWebsiteDriver - CLICKED on Pulse in top navigation
[INFO ] 2018-03-05 11:58:51.737 [main] LSDRFWebsiteBasePage - Pulse in top navigation clicked
[INFO ] 2018-03-05 11:58:51.737 [main] LSDRFWebsiteBasePage - Logging out from pulse application
[INFO ] 2018-03-05 11:58:51.817 [main] RFWebsiteDriver - CLICKED on 
[INFO ] 2018-03-05 11:58:51.817 [main] RFWebsiteDriver - Waiting for LSD loading image to get disappear
[INFO ] 2018-03-05 11:58:51.835 [main] RFWebsiteDriver - LSD loading image disappears
