[DEBUG] 2018-03-04 19:47:44.790 [main] RFBaseTest - Started execution with  null
[INFO ] 2018-03-04 19:47:44.796 [main] RFBaseTest - Environment properties are not provided by the user ... loading the default properties
[INFO ] 2018-03-04 19:47:44.796 [main] RFBaseTest - Default Browser is  ------ chrome
[INFO ] 2018-03-04 19:47:44.796 [main] RFBaseTest - Default URL is  ------ https://skywalker.rodanandfields.com
[INFO ] 2018-03-04 19:47:44.797 [main] RFBaseTest - Default user password is  ------ 111Maiden$
[INFO ] 2018-03-04 19:47:44.797 [main] RFBaseTest - Default Country is  ------ us
[INFO ] 2018-03-04 19:47:44.797 [main] RFBaseTest - Default DB IP is  ------ 10.3.0.218
[INFO ] 2018-03-04 19:47:44.797 [main] RFBaseTest - Default DB Username is  ------ perftest
[INFO ] 2018-03-04 19:47:44.797 [main] RFBaseTest - Default DB Password is  ------ perftest
[INFO ] 2018-03-04 19:47:44.797 [main] RFBaseTest - Default DB Domain is  ------ RF
[INFO ] 2018-03-04 19:47:49.997 [main] RFWebsiteDriver - Window is maximized
[INFO ] 2018-03-04 19:47:49.998 [main] RFWebsiteDriver - All cookies deleted
[INFO ] 2018-03-04 19:47:49.998 [main] RFWebsiteDriver - URL opened is https://skywalker.rodanandfields.com
[INFO ] 2018-03-04 19:47:52.448 [main] RFLSDWebsiteBaseTest - Application loaded
[INFO ] 2018-03-04 19:47:52.465 [main] RFWebsiteDriver - DB connections are set
[INFO ] 2018-03-04 19:47:52.528 [main] DBUtil - QUERY TRIGGERED IS SELECT top 1 * FROM Commissions.[calcs].[vwQualificationSummary] where SV!=0 and PSQV!=0 and L1L2!=0 and L1L6!=0 and ECLegs > 0 and periodid= LEFT(CONVERT(varchar, GetDate(),112),6)  order by NewID() desc

[INFO ] 2018-03-04 19:47:53.170 [main] RFLSDWebsiteBaseTest - Data returned by query: 1496
[INFO ] 2018-03-04 19:47:53.171 [main] DBUtil - QUERY TRIGGERED IS SELECT  ab.AccountID ,ac.FirstName ,ac.LastName ,acs.Username FROM  RFOperations.RFO_Accounts.AccountBase ab JOIN RFOperations.RFO_Accounts.AccountRF rf ON rf.AccountID = ab.AccountID JOIN RFOperations.RFO_Accounts.AccountContacts ac ON ac.AccountId = ab.AccountID LEFT JOIN RFOperations.Security.AccountSecurity acs ON acs.AccountID = ab.AccountID LEFT JOIN RFOperations.RFO_Reference.AccountType t ON t.AccountTypeID = ab.AccountTypeID LEFT JOIN RFOperations.RFO_Reference.AccountStatus s ON s.AccountStatusID = ab.AccountStatusID LEFT JOIN RFOperations.RFO_Reference.Countries c ON c.CountryID = ab.CountryID WHERE   ab.AccountID = 1496

[INFO ] 2018-03-04 19:47:53.343 [main] RFLSDWebsiteBaseTest - Data returned by query: skincareconsultants@gmail.com
[INFO ] 2018-03-04 19:47:53.344 [main] DBUtil - QUERY TRIGGERED IS select EmailAddress from RFO_Accounts.AccountContacts acTB INNER JOIN RFO_Accounts.AccountEmails aeTB  on acTB.AccountContactId=aeTB.AccountContactId INNER JOIN RFO_Accounts.EmailAddresses aEMTB on aeTB.EmailAddressID=aEMTB.EmailAddressID WHERE acTB.AccountID='1496' and aEMTB.EmailAddressTypeID=1 

[INFO ] 2018-03-04 19:47:53.575 [main] RFLSDWebsiteBaseTest - Data returned by query: skincareconsultants@gmail.com
[INFO ] 2018-03-04 19:47:53.575 [main] RFWebsiteDriver - Waiting for LSD loading image to get disappear
[INFO ] 2018-03-04 19:47:54.607 [main] RFWebsiteDriver - waiting..
[INFO ] 2018-03-04 19:47:54.618 [main] RFWebsiteDriver - LSD loading image disappears
[INFO ] 2018-03-04 19:47:54.684 [main] RFWebsiteDriver - waiting for locator By.id: username
[INFO ] 2018-03-04 19:47:54.694 [main] RFWebsiteDriver - Element found
[INFO ] 2018-03-04 19:47:54.695 [main] RFWebsiteDriver - Taking Screenshot
[INFO ] 2018-03-04 19:47:55.065 [main] RFWebsiteDriver - wait started for By.id: username
[INFO ] 2018-03-04 19:47:55.065 [main] RFWebsiteDriver - waiting for locator By.id: username
[INFO ] 2018-03-04 19:47:55.076 [main] RFWebsiteDriver - Element found
[INFO ] 2018-03-04 19:47:55.283 [main] RFWebsiteDriver - TYPED text as = skincareconsultants@gmail.com in  text field
[INFO ] 2018-03-04 19:47:55.284 [main] LSDLoginPage - username is skincareconsultants@gmail.com
[INFO ] 2018-03-04 19:47:55.284 [main] RFWebsiteDriver - wait started for By.id: password
[INFO ] 2018-03-04 19:47:55.284 [main] RFWebsiteDriver - waiting for locator By.id: password
[INFO ] 2018-03-04 19:47:55.303 [main] RFWebsiteDriver - Element found
[INFO ] 2018-03-04 19:47:55.442 [main] RFWebsiteDriver - TYPED text as = 111Maiden$ in  text field
[INFO ] 2018-03-04 19:47:55.442 [main] LSDLoginPage - password is 111Maiden$
[INFO ] 2018-03-04 19:47:55.443 [main] RFWebsiteDriver - wait started for By.id: button-login
[INFO ] 2018-03-04 19:47:55.443 [main] RFWebsiteDriver - waiting for locator By.id: button-login
[INFO ] 2018-03-04 19:47:55.463 [main] RFWebsiteDriver - Element found
[INFO ] 2018-03-04 19:47:55.464 [main] RFWebsiteDriver -  ready to be clicked
[INFO ] 2018-03-04 19:47:55.555 [main] RFWebsiteDriver - CLICKED on 
[INFO ] 2018-03-04 19:48:13.671 [main] RFWebsiteDriver - URL opened is https://skywalker.rodanandfields.com
[INFO ] 2018-03-04 19:48:14.396 [main] RFWebsiteDriver - Waiting for LSD loading image to get disappear
[INFO ] 2018-03-04 19:48:14.503 [main] RFWebsiteDriver - LSD Animation image disappears
[INFO ] 2018-03-04 19:48:14.504 [main] RFWebsiteDriver - waiting for locator By.id: button-login
[INFO ] 2018-03-04 19:48:20.082 [main] RFWebsiteDriver - waiting for locator By.xpath: //div[text()='Hello,']/following-sibling::div[contains(@class,'text-uppercase')]
[INFO ] 2018-03-04 19:48:20.097 [main] RFWebsiteDriver - Element found
[INFO ] 2018-03-04 19:48:20.114 [main] RFWebsiteDriver - waiting for locator By.xpath: //div[text()='Hello,']/following-sibling::div[contains(@class,'text-uppercase')]
[INFO ] 2018-03-04 19:48:20.126 [main] RFWebsiteDriver - Element found
[INFO ] 2018-03-04 19:48:20.170 [main] RFWebsiteDriver - TEXT fetched for First name in overview section is=SARAH
[INFO ] 2018-03-04 19:48:20.170 [main] RFLSDWebsiteBaseTest - Data returned by query: Sarah
[INFO ] 2018-03-04 19:48:20.178 [main] RFWebsiteDriver - wait started for By.xpath: //div[@id='rf-nav-wrapper']/descendant::img[2]
[INFO ] 2018-03-04 19:48:20.178 [main] RFWebsiteDriver - waiting for locator By.xpath: //div[@id='rf-nav-wrapper']/descendant::img[2]
[INFO ] 2018-03-04 19:48:20.197 [main] RFWebsiteDriver - Element found
[INFO ] 2018-03-04 19:48:20.197 [main] RFWebsiteDriver - R+F logo ready to be clicked
[INFO ] 2018-03-04 19:48:20.267 [main] RFWebsiteDriver - CLICKED on R+F logo
[INFO ] 2018-03-04 19:48:20.366 [main] TestListner - 
******************************************************************************************************************************
					TEST CASE NAME:                  TotalNumberOfAllPCs_3349q
******************************************************************************************************************************
[INFO ] 2018-03-04 19:48:20.411 [main] RFWebsiteDriver - wait started for By.xpath: //div[@id='rf-nav-wrapper']/descendant::span[text()='Pulse'][1]
[INFO ] 2018-03-04 19:48:20.411 [main] RFWebsiteDriver - waiting for locator By.xpath: //div[@id='rf-nav-wrapper']/descendant::span[text()='Pulse'][1]
[INFO ] 2018-03-04 19:48:20.428 [main] RFWebsiteDriver - Element found
[INFO ] 2018-03-04 19:48:20.428 [main] RFWebsiteDriver -  ready to be clicked
[INFO ] 2018-03-04 19:48:20.502 [main] RFWebsiteDriver - CLICKED on 
[INFO ] 2018-03-04 19:48:20.502 [main] LSDHomePage - Clicked on Pulse Submenu from Top Navigation
[INFO ] 2018-03-04 19:48:20.551 [main] RFWebsiteDriver - wait started for By.xpath: //a[contains(text(),'Customers')]
[INFO ] 2018-03-04 19:48:20.552 [main] RFWebsiteDriver - waiting for locator By.xpath: //a[contains(text(),'Customers')]
[INFO ] 2018-03-04 19:48:20.561 [main] RFWebsiteDriver - Element found
[INFO ] 2018-03-04 19:48:20.561 [main] RFWebsiteDriver -  ready to be clicked
[INFO ] 2018-03-04 19:48:20.644 [main] RFWebsiteDriver - CLICKED on 
[INFO ] 2018-03-04 19:48:20.645 [main] LSDHomePage - SubMenu Link : Customers clicked
[INFO ] 2018-03-04 19:48:20.670 [main] RFWebsiteDriver - Waiting for spin image to get disappear0
[INFO ] 2018-03-04 19:48:20.680 [main] RFWebsiteDriver - spin image disappears
[INFO ] 2018-03-04 19:48:24.694 [main] RFWebsiteDriver - Waiting for spin image to get disappear1
[INFO ] 2018-03-04 19:48:25.708 [main] RFWebsiteDriver - waiting..
[INFO ] 2018-03-04 19:48:26.754 [main] RFWebsiteDriver - waiting..
[INFO ] 2018-03-04 19:48:27.808 [main] RFWebsiteDriver - waiting..
[INFO ] 2018-03-04 19:48:28.861 [main] RFWebsiteDriver - waiting..
[INFO ] 2018-03-04 19:48:29.914 [main] RFWebsiteDriver - waiting..
[INFO ] 2018-03-04 19:48:30.963 [main] RFWebsiteDriver - waiting..
[INFO ] 2018-03-04 19:48:31.990 [main] RFWebsiteDriver - waiting..
[INFO ] 2018-03-04 19:48:33.017 [main] RFWebsiteDriver - waiting..
[INFO ] 2018-03-04 19:48:34.062 [main] RFWebsiteDriver - waiting..
[INFO ] 2018-03-04 19:48:35.075 [main] RFWebsiteDriver - waiting..
[INFO ] 2018-03-04 19:48:36.084 [main] RFWebsiteDriver - waiting..
[INFO ] 2018-03-04 19:48:37.097 [main] RFWebsiteDriver - waiting..
[INFO ] 2018-03-04 19:48:38.114 [main] RFWebsiteDriver - waiting..
[INFO ] 2018-03-04 19:48:39.127 [main] RFWebsiteDriver - waiting..
[INFO ] 2018-03-04 19:48:39.153 [main] RFWebsiteDriver - spin image disappears
[INFO ] 2018-03-04 19:48:43.154 [main] RFWebsiteDriver - wait started for By.xpath: //h1[contains(text(),'Build Customer Loyalty')]/../preceding::span[1]
[INFO ] 2018-03-04 19:48:43.155 [main] RFWebsiteDriver - waiting for locator By.xpath: //h1[contains(text(),'Build Customer Loyalty')]/../preceding::span[1]
[INFO ] 2018-03-04 19:48:43.206 [main] RFWebsiteDriver - Element found
[INFO ] 2018-03-04 19:48:43.207 [main] RFWebsiteDriver - wait started for By.xpath: //h1[contains(text(),'Build Customer Loyalty')]/../preceding::span[1]
[INFO ] 2018-03-04 19:48:43.207 [main] RFWebsiteDriver - waiting for locator By.xpath: //h1[contains(text(),'Build Customer Loyalty')]/../preceding::span[1]
[INFO ] 2018-03-04 19:48:43.237 [main] RFWebsiteDriver - Element found
[INFO ] 2018-03-04 19:48:43.237 [main] RFWebsiteDriver - count of all pc customers ready to be clicked
[INFO ] 2018-03-04 19:48:43.412 [main] RFWebsiteDriver - CLICKED on count of all pc customers
[INFO ] 2018-03-04 19:48:43.412 [main] LSDCustomerPage - clicked in view PC customer link
[INFO ] 2018-03-04 19:48:43.414 [main] DBUtil - QUERY TRIGGERED IS  DECLARE @AccountId INT = 1496 SELECT COUNT(DISTINCT sb.AccountID)[TotalPC] FROM RFOperations.RFO_Accounts.AccountBase ab JOIN RFOperations.RFO_Accounts.AccountRF rf ON rf.SponsorId = ab.AccountID AND ab.AccountID=@AccountId JOIN RFOperations.RFO_Accounts.AccountBase sb ON rf.AccountID = sb.AccountID WHERE sb.AccountTypeID = 2 AND rf.Active = 1 AND sb.AccountStatusID = 1 AND EXISTS (SELECT 1 FROM RFOperations.Hybris.Autoship a WHERE a.AccountID = sb.AccountID AND a.Active = 1 AND a.AutoshipTypeID = 1 AND CAST(a.NextRunDate AS DATE) BETWEEN DATEADD(DAY, 1, EOMONTH(DATEADD(MONTH,-1, GETDATE()))) AND EOMONTH(DATEADD(MONTH, 1, GETDATE())) ) GROUP BY ab.AccountID

[INFO ] 2018-03-04 19:48:43.823 [main] RFLSDWebsiteBaseTest - Data returned by query: 12
[INFO ] 2018-03-04 19:48:43.910 [main] RFWebsiteDriver - Waiting for spin image to get disappear0
[INFO ] 2018-03-04 19:48:43.925 [main] RFWebsiteDriver - spin image disappears
[INFO ] 2018-03-04 19:48:47.927 [main] RFWebsiteDriver - waiting for locator By.xpath: //h1[contains(text(),'All Customers')]//preceding::span[1]
[INFO ] 2018-03-04 19:48:47.985 [main] RFWebsiteDriver - Element found
[INFO ] 2018-03-04 19:48:48.052 [main] RFWebsiteDriver - TEXT fetched for count of all PC customer for this month and next month is=12
[INFO ] 2018-03-04 19:48:48.060 [main] TestListner - [TEST IS SUCCESSFUL -------- Test case TotalNumberOfAllPCs_3349q has passed]
[INFO ] 2018-03-04 19:48:48.087 [main] RFWebsiteDriver - URL opened is https://skywalker.rodanandfields.com
[INFO ] 2018-03-04 19:48:48.548 [main] RFWebsiteDriver - Waiting for LSD loading image to get disappear
[INFO ] 2018-03-04 19:48:48.677 [main] RFWebsiteDriver - LSD Animation image disappears
[INFO ] 2018-03-04 19:48:48.677 [main] RFWebsiteDriver - waiting for locator By.id: button-login
[INFO ] 2018-03-04 19:48:54.282 [main] RFWebsiteDriver - waiting for locator By.xpath: //div[text()='Hello,']/following-sibling::div[contains(@class,'text-uppercase')]
[INFO ] 2018-03-04 19:48:54.296 [main] RFWebsiteDriver - Element found
[INFO ] 2018-03-04 19:48:54.309 [main] RFWebsiteDriver - waiting for locator By.xpath: //div[text()='Hello,']/following-sibling::div[contains(@class,'text-uppercase')]
[INFO ] 2018-03-04 19:48:54.322 [main] RFWebsiteDriver - Element found
[INFO ] 2018-03-04 19:48:54.367 [main] RFWebsiteDriver - TEXT fetched for First name in overview section is=SARAH
[INFO ] 2018-03-04 19:48:54.367 [main] RFLSDWebsiteBaseTest - Data returned by query: Sarah
[INFO ] 2018-03-04 19:48:54.372 [main] RFWebsiteDriver - wait started for By.xpath: //div[@id='rf-nav-wrapper']/descendant::img[2]
[INFO ] 2018-03-04 19:48:54.372 [main] RFWebsiteDriver - waiting for locator By.xpath: //div[@id='rf-nav-wrapper']/descendant::img[2]
[INFO ] 2018-03-04 19:48:54.387 [main] RFWebsiteDriver - Element found
[INFO ] 2018-03-04 19:48:54.387 [main] RFWebsiteDriver - R+F logo ready to be clicked
[INFO ] 2018-03-04 19:48:54.470 [main] RFWebsiteDriver - CLICKED on R+F logo
[INFO ] 2018-03-04 19:48:54.472 [main] TestListner - 
******************************************************************************************************************************
					TEST CASE NAME:                  testPCCardComponents_3240q
******************************************************************************************************************************
[INFO ] 2018-03-04 19:48:54.476 [main] RFWebsiteDriver - wait started for By.xpath: //div[@id='rf-nav-wrapper']/descendant::span[text()='Pulse'][1]
[INFO ] 2018-03-04 19:48:54.476 [main] RFWebsiteDriver - waiting for locator By.xpath: //div[@id='rf-nav-wrapper']/descendant::span[text()='Pulse'][1]
[INFO ] 2018-03-04 19:48:54.498 [main] RFWebsiteDriver - Element found
[INFO ] 2018-03-04 19:48:54.499 [main] RFWebsiteDriver -  ready to be clicked
[INFO ] 2018-03-04 19:48:54.581 [main] RFWebsiteDriver - CLICKED on 
[INFO ] 2018-03-04 19:48:54.581 [main] LSDHomePage - Clicked on Pulse Submenu from Top Navigation
[INFO ] 2018-03-04 19:48:54.628 [main] RFWebsiteDriver - wait started for By.xpath: //a[contains(text(),'Customers')]
[INFO ] 2018-03-04 19:48:54.629 [main] RFWebsiteDriver - waiting for locator By.xpath: //a[contains(text(),'Customers')]
[INFO ] 2018-03-04 19:48:54.637 [main] RFWebsiteDriver - Element found
[INFO ] 2018-03-04 19:48:54.638 [main] RFWebsiteDriver -  ready to be clicked
[INFO ] 2018-03-04 19:48:54.713 [main] RFWebsiteDriver - CLICKED on 
[INFO ] 2018-03-04 19:48:54.714 [main] LSDHomePage - SubMenu Link : Customers clicked
[INFO ] 2018-03-04 19:48:54.762 [main] RFWebsiteDriver - Waiting for spin image to get disappear1
[INFO ] 2018-03-04 19:48:55.780 [main] RFWebsiteDriver - waiting..
[INFO ] 2018-03-04 19:48:56.840 [main] RFWebsiteDriver - waiting..
[INFO ] 2018-03-04 19:48:56.849 [main] RFWebsiteDriver - spin image disappears
[INFO ] 2018-03-04 19:49:07.850 [main] RFWebsiteDriver - wait started for By.xpath: //div[contains(@class,'white-fb')]/descendant::a[1]/descendant::span[1]
[INFO ] 2018-03-04 19:49:07.850 [main] RFWebsiteDriver - waiting for locator By.xpath: //div[contains(@class,'white-fb')]/descendant::a[1]/descendant::span[1]
[INFO ] 2018-03-04 19:49:07.912 [main] RFWebsiteDriver - Element found
[INFO ] 2018-03-04 19:49:07.913 [main] RFWebsiteDriver - have orders for this month ready to be clicked
[INFO ] 2018-03-04 19:49:08.021 [main] RFWebsiteDriver - CLICKED on have orders for this month
[INFO ] 2018-03-04 19:49:18.084 [main] RFWebsiteDriver - wait started for By.xpath: //div[@id='sub-stage']/descendant::a[1]/descendant::span[1]
[INFO ] 2018-03-04 19:49:18.085 [main] RFWebsiteDriver - waiting for locator By.xpath: //div[@id='sub-stage']/descendant::a[1]/descendant::span[1]
[INFO ] 2018-03-04 19:49:18.119 [main] RFWebsiteDriver - Element found
[INFO ] 2018-03-04 19:49:18.191 [main] RFWebsiteDriver - wait started for By.xpath: //div[@id='sub-stage']/descendant::a[1]/descendant::span[2]
[INFO ] 2018-03-04 19:49:18.192 [main] RFWebsiteDriver - waiting for locator By.xpath: //div[@id='sub-stage']/descendant::a[1]/descendant::span[2]
[INFO ] 2018-03-04 19:49:18.219 [main] RFWebsiteDriver - Element found
[INFO ] 2018-03-04 19:49:18.265 [main] RFWebsiteDriver - wait started for By.xpath: //div[@id='sub-stage']/descendant::a[1]/descendant::span[3]
[INFO ] 2018-03-04 19:49:18.265 [main] RFWebsiteDriver - waiting for locator By.xpath: //div[@id='sub-stage']/descendant::a[1]/descendant::span[3]
[INFO ] 2018-03-04 19:49:18.289 [main] RFWebsiteDriver - Element found
[INFO ] 2018-03-04 19:49:18.324 [main] RFWebsiteDriver - wait started for By.xpath: //div[@id='sub-stage']/descendant::a[1]/descendant::span[4]
[INFO ] 2018-03-04 19:49:18.325 [main] RFWebsiteDriver - waiting for locator By.xpath: //div[@id='sub-stage']/descendant::a[1]/descendant::span[4]
[INFO ] 2018-03-04 19:49:18.339 [main] RFWebsiteDriver - Element found
[INFO ] 2018-03-04 19:49:18.375 [main] RFWebsiteDriver - wait started for By.xpath: //div[@id='sub-stage']/descendant::a[1]/descendant::span[5]
[INFO ] 2018-03-04 19:49:18.375 [main] RFWebsiteDriver - waiting for locator By.xpath: //div[@id='sub-stage']/descendant::a[1]/descendant::span[5]
[INFO ] 2018-03-04 19:49:18.389 [main] RFWebsiteDriver - Element found
[INFO ] 2018-03-04 19:49:18.426 [main] RFWebsiteDriver - wait started for By.xpath: //div[@id='sub-stage']/descendant::a[1]/descendant::span[6]
[INFO ] 2018-03-04 19:49:18.427 [main] RFWebsiteDriver - waiting for locator By.xpath: //div[@id='sub-stage']/descendant::a[1]/descendant::span[6]
[INFO ] 2018-03-04 19:49:18.441 [main] RFWebsiteDriver - Element found
[INFO ] 2018-03-04 19:49:18.474 [main] RFWebsiteDriver - waiting for locator By.xpath: //div[@id='sub-stage']/descendant::section[contains(@id,'pc-card')][1]//span[contains(@class,'icon-contact')]
[INFO ] 2018-03-04 19:49:18.493 [main] RFWebsiteDriver - Element found
[INFO ] 2018-03-04 19:49:18.501 [main] RFWebsiteDriver - wait started for By.xpath: //div[@id='sub-stage']/descendant::section[contains(@id,'pc-card')][1]//div[contains(@class,'rf-circle-bg-active')]
[INFO ] 2018-03-04 19:49:18.501 [main] RFWebsiteDriver - waiting for locator By.xpath: //div[@id='sub-stage']/descendant::section[contains(@id,'pc-card')][1]//div[contains(@class,'rf-circle-bg-active')]
[INFO ] 2018-03-04 19:49:18.522 [main] RFWebsiteDriver - Element found
[INFO ] 2018-03-04 19:49:18.563 [main] TestListner - [TEST IS SUCCESSFUL -------- Test case testPCCardComponents_3240q has passed]
[INFO ] 2018-03-04 19:49:18.569 [main] RFWebsiteDriver - URL opened is https://skywalker.rodanandfields.com
[INFO ] 2018-03-04 19:49:19.165 [main] RFWebsiteDriver - Waiting for LSD loading image to get disappear
[INFO ] 2018-03-04 19:49:19.270 [main] RFWebsiteDriver - LSD Animation image disappears
[INFO ] 2018-03-04 19:49:19.270 [main] RFWebsiteDriver - waiting for locator By.id: button-login
[INFO ] 2018-03-04 19:49:24.682 [main] RFWebsiteDriver - waiting for locator By.xpath: //div[text()='Hello,']/following-sibling::div[contains(@class,'text-uppercase')]
[INFO ] 2018-03-04 19:49:24.692 [main] RFWebsiteDriver - Element found
[INFO ] 2018-03-04 19:49:24.701 [main] RFWebsiteDriver - waiting for locator By.xpath: //div[text()='Hello,']/following-sibling::div[contains(@class,'text-uppercase')]
[INFO ] 2018-03-04 19:49:24.715 [main] RFWebsiteDriver - Element found
[INFO ] 2018-03-04 19:49:24.760 [main] RFWebsiteDriver - TEXT fetched for First name in overview section is=SARAH
[INFO ] 2018-03-04 19:49:24.761 [main] RFLSDWebsiteBaseTest - Data returned by query: Sarah
[INFO ] 2018-03-04 19:49:24.766 [main] RFWebsiteDriver - wait started for By.xpath: //div[@id='rf-nav-wrapper']/descendant::img[2]
[INFO ] 2018-03-04 19:49:24.766 [main] RFWebsiteDriver - waiting for locator By.xpath: //div[@id='rf-nav-wrapper']/descendant::img[2]
[INFO ] 2018-03-04 19:49:24.785 [main] RFWebsiteDriver - Element found
[INFO ] 2018-03-04 19:49:24.786 [main] RFWebsiteDriver - R+F logo ready to be clicked
[INFO ] 2018-03-04 19:49:24.873 [main] RFWebsiteDriver - CLICKED on R+F logo
[INFO ] 2018-03-04 19:49:24.875 [main] TestListner - 
******************************************************************************************************************************
					TEST CASE NAME:                  testSortingByQVLowTohigh_3011q
******************************************************************************************************************************
[INFO ] 2018-03-04 19:49:24.879 [main] RFWebsiteDriver - wait started for By.xpath: //div[@id='rf-nav-wrapper']/descendant::span[text()='Pulse'][1]
[INFO ] 2018-03-04 19:49:24.879 [main] RFWebsiteDriver - waiting for locator By.xpath: //div[@id='rf-nav-wrapper']/descendant::span[text()='Pulse'][1]
[INFO ] 2018-03-04 19:49:24.908 [main] RFWebsiteDriver - Element found
[INFO ] 2018-03-04 19:49:24.909 [main] RFWebsiteDriver -  ready to be clicked
[INFO ] 2018-03-04 19:49:25.005 [main] RFWebsiteDriver - CLICKED on 
[INFO ] 2018-03-04 19:49:25.005 [main] LSDHomePage - Clicked on Pulse Submenu from Top Navigation
[INFO ] 2018-03-04 19:49:25.067 [main] RFWebsiteDriver - wait started for By.xpath: //a[contains(text(),'Customers')]
[INFO ] 2018-03-04 19:49:25.067 [main] RFWebsiteDriver - waiting for locator By.xpath: //a[contains(text(),'Customers')]
[INFO ] 2018-03-04 19:49:25.078 [main] RFWebsiteDriver - Element found
[INFO ] 2018-03-04 19:49:25.079 [main] RFWebsiteDriver -  ready to be clicked
[INFO ] 2018-03-04 19:49:25.173 [main] RFWebsiteDriver - CLICKED on 
[INFO ] 2018-03-04 19:49:25.173 [main] LSDHomePage - SubMenu Link : Customers clicked
[INFO ] 2018-03-04 19:49:25.238 [main] RFWebsiteDriver - Waiting for spin image to get disappear1
[INFO ] 2018-03-04 19:49:26.251 [main] RFWebsiteDriver - waiting..
[INFO ] 2018-03-04 19:49:26.259 [main] RFWebsiteDriver - spin image disappears
[INFO ] 2018-03-04 19:49:30.304 [main] RFWebsiteDriver - Waiting for spin image to get disappear0
[INFO ] 2018-03-04 19:49:30.322 [main] RFWebsiteDriver - spin image disappears
[INFO ] 2018-03-04 19:49:30.323 [main] RFWebsiteDriver - waiting for locator By.xpath: //div[contains(@class,'white-fb')]/descendant::a[1]/descendant::span[2]
[INFO ] 2018-03-04 19:49:30.352 [main] RFWebsiteDriver - Element found
[INFO ] 2018-03-04 19:49:30.411 [main] RFWebsiteDriver - TEXT fetched for count of pc autoship orders for this month is=5
[INFO ] 2018-03-04 19:49:30.423 [main] RFWebsiteDriver - Waiting for spin image to get disappear0
[INFO ] 2018-03-04 19:49:30.435 [main] RFWebsiteDriver - spin image disappears
[INFO ] 2018-03-04 19:49:30.435 [main] RFWebsiteDriver - waiting for locator By.xpath: //div[contains(@class,'white-fb')]/descendant::a[2]/descendant::span[2]
[INFO ] 2018-03-04 19:49:30.449 [main] RFWebsiteDriver - Element found
[INFO ] 2018-03-04 19:49:30.483 [main] RFWebsiteDriver - TEXT fetched for count of pc autoship orders for next month is=7
[INFO ] 2018-03-04 19:49:30.491 [main] RFWebsiteDriver - Waiting for spin image to get disappear0
[INFO ] 2018-03-04 19:49:30.500 [main] RFWebsiteDriver - spin image disappears
[INFO ] 2018-03-04 19:49:30.500 [main] RFWebsiteDriver - waiting for locator By.xpath: //div[contains(@class,'white-fb')]/descendant::a[3]/descendant::span[2]
[INFO ] 2018-03-04 19:49:30.522 [main] RFWebsiteDriver - Element found
[INFO ] 2018-03-04 19:49:30.556 [main] RFWebsiteDriver - TEXT fetched for count of pc autoship orders for further out is=0
[INFO ] 2018-03-04 19:49:37.557 [main] RFWebsiteDriver - wait started for By.xpath: //div[contains(@class,'white-fb')]/descendant::a[1]/descendant::span[1]
[INFO ] 2018-03-04 19:49:37.557 [main] RFWebsiteDriver - waiting for locator By.xpath: //div[contains(@class,'white-fb')]/descendant::a[1]/descendant::span[1]
[INFO ] 2018-03-04 19:49:37.608 [main] RFWebsiteDriver - Element found
[INFO ] 2018-03-04 19:49:37.609 [main] RFWebsiteDriver - have orders for this month ready to be clicked
[INFO ] 2018-03-04 19:49:37.738 [main] RFWebsiteDriver - CLICKED on have orders for this month
[INFO ] 2018-03-04 19:49:47.828 [main] RFWebsiteDriver - wait started for By.xpath: //span[contains(text(),'Sorted by')]
[INFO ] 2018-03-04 19:49:47.828 [main] RFWebsiteDriver - waiting for locator By.xpath: //span[contains(text(),'Sorted by')]
[INFO ] 2018-03-04 19:49:47.880 [main] RFWebsiteDriver - Element found
[INFO ] 2018-03-04 19:49:47.880 [main] RFWebsiteDriver - filter ready to be clicked
[INFO ] 2018-03-04 19:49:47.973 [main] RFWebsiteDriver - CLICKED on filter
[INFO ] 2018-03-04 19:49:47.973 [main] RFWebsiteDriver - wait started for By.xpath: //span[contains(text(),'QV: Low to High')]
[INFO ] 2018-03-04 19:49:47.973 [main] RFWebsiteDriver - waiting for locator By.xpath: //span[contains(text(),'QV: Low to High')]
[INFO ] 2018-03-04 19:49:48.006 [main] RFWebsiteDriver - Element found
[INFO ] 2018-03-04 19:49:48.006 [main] RFWebsiteDriver - filter selected ready to be clicked
[INFO ] 2018-03-04 19:49:48.071 [main] RFWebsiteDriver - CLICKED on filter selected
[INFO ] 2018-03-04 19:49:48.272 [main] RFWebsiteDriver - Waiting For Page load via JS
[INFO ] 2018-03-04 19:49:48.291 [main] RFWebsiteDriver - page load complete..
[INFO ] 2018-03-04 19:49:48.307 [main] RFWebsiteDriver - Waiting for spin image to get disappear0
[INFO ] 2018-03-04 19:49:48.316 [main] RFWebsiteDriver - spin image disappears
[INFO ] 2018-03-04 19:49:48.316 [main] RFWebsiteDriver - wait started for By.xpath: //div[contains(@class,'white-fb')]/descendant::a[2]/descendant::span[1]
[INFO ] 2018-03-04 19:49:48.316 [main] RFWebsiteDriver - waiting for locator By.xpath: //div[contains(@class,'white-fb')]/descendant::a[2]/descendant::span[1]
[INFO ] 2018-03-04 19:49:48.330 [main] RFWebsiteDriver - Element found
[INFO ] 2018-03-04 19:49:48.330 [main] RFWebsiteDriver - have orders for this month ready to be clicked
[INFO ] 2018-03-04 19:49:48.431 [main] RFWebsiteDriver - CLICKED on have orders for this month
[INFO ] 2018-03-04 19:49:48.431 [main] RFWebsiteDriver - Waiting for LSD loading image to get disappear
[INFO ] 2018-03-04 19:49:49.457 [main] RFWebsiteDriver - waiting..
[INFO ] 2018-03-04 19:49:50.486 [main] RFWebsiteDriver - waiting..
[INFO ] 2018-03-04 19:49:51.511 [main] RFWebsiteDriver - waiting..
[INFO ] 2018-03-04 19:49:52.520 [main] RFWebsiteDriver - waiting..
[INFO ] 2018-03-04 19:49:53.545 [main] RFWebsiteDriver - waiting..
[INFO ] 2018-03-04 19:49:54.572 [main] RFWebsiteDriver - waiting..
[INFO ] 2018-03-04 19:49:55.599 [main] RFWebsiteDriver - waiting..
[INFO ] 2018-03-04 19:49:56.624 [main] RFWebsiteDriver - waiting..
[INFO ] 2018-03-04 19:49:57.652 [main] RFWebsiteDriver - waiting..
[INFO ] 2018-03-04 19:49:58.671 [main] RFWebsiteDriver - waiting..
[INFO ] 2018-03-04 19:49:59.681 [main] RFWebsiteDriver - waiting..
[INFO ] 2018-03-04 19:50:00.693 [main] RFWebsiteDriver - waiting..
[INFO ] 2018-03-04 19:50:01.715 [main] RFWebsiteDriver - waiting..
[INFO ] 2018-03-04 19:50:02.742 [main] RFWebsiteDriver - waiting..
[INFO ] 2018-03-04 19:50:03.768 [main] RFWebsiteDriver - waiting..
[INFO ] 2018-03-04 19:50:04.807 [main] RFWebsiteDriver - waiting..
[INFO ] 2018-03-04 19:50:05.834 [main] RFWebsiteDriver - waiting..
[INFO ] 2018-03-04 19:50:06.868 [main] RFWebsiteDriver - waiting..
[INFO ] 2018-03-04 19:50:07.895 [main] RFWebsiteDriver - waiting..
[INFO ] 2018-03-04 19:50:08.930 [main] RFWebsiteDriver - waiting..
[INFO ] 2018-03-04 19:50:08.931 [main] RFWebsiteDriver - wait started for By.xpath: //span[contains(text(),'Sorted by')]
[INFO ] 2018-03-04 19:50:08.931 [main] RFWebsiteDriver - waiting for locator By.xpath: //span[contains(text(),'Sorted by')]
[INFO ] 2018-03-04 19:50:08.955 [main] RFWebsiteDriver - Element found
[INFO ] 2018-03-04 19:50:08.956 [main] RFWebsiteDriver - filter ready to be clicked
[INFO ] 2018-03-04 19:50:09.101 [main] RFWebsiteDriver - CLICKED on filter
[INFO ] 2018-03-04 19:50:09.101 [main] RFWebsiteDriver - wait started for By.xpath: //span[contains(text(),'QV: Low to High')]
[INFO ] 2018-03-04 19:50:09.101 [main] RFWebsiteDriver - waiting for locator By.xpath: //span[contains(text(),'QV: Low to High')]
[INFO ] 2018-03-04 19:50:09.117 [main] RFWebsiteDriver - Element found
[INFO ] 2018-03-04 19:50:09.117 [main] RFWebsiteDriver - filter selected ready to be clicked
[INFO ] 2018-03-04 19:50:09.186 [main] RFWebsiteDriver - CLICKED on filter selected
[INFO ] 2018-03-04 19:50:09.446 [main] RFWebsiteDriver - Waiting For Page load via JS
[INFO ] 2018-03-04 19:50:09.456 [main] RFWebsiteDriver - page load complete..
[INFO ] 2018-03-04 19:50:09.456 [main] TestListner - [TEST IS SUCCESSFUL -------- Test case testSortingByQVLowTohigh_3011q has passed]
[INFO ] 2018-03-04 19:50:09.463 [main] RFWebsiteDriver - URL opened is https://skywalker.rodanandfields.com
[INFO ] 2018-03-04 19:50:10.060 [main] RFWebsiteDriver - Waiting for LSD loading image to get disappear
[INFO ] 2018-03-04 19:50:10.172 [main] RFWebsiteDriver - LSD Animation image disappears
[INFO ] 2018-03-04 19:50:10.172 [main] RFWebsiteDriver - waiting for locator By.id: button-login
[INFO ] 2018-03-04 19:50:15.728 [main] RFWebsiteDriver - waiting for locator By.xpath: //div[text()='Hello,']/following-sibling::div[contains(@class,'text-uppercase')]
[INFO ] 2018-03-04 19:50:15.746 [main] RFWebsiteDriver - Element found
[INFO ] 2018-03-04 19:50:15.763 [main] RFWebsiteDriver - waiting for locator By.xpath: //div[text()='Hello,']/following-sibling::div[contains(@class,'text-uppercase')]
[INFO ] 2018-03-04 19:50:15.781 [main] RFWebsiteDriver - Element found
[INFO ] 2018-03-04 19:50:15.846 [main] RFWebsiteDriver - TEXT fetched for First name in overview section is=SARAH
[INFO ] 2018-03-04 19:50:15.846 [main] RFLSDWebsiteBaseTest - Data returned by query: Sarah
[INFO ] 2018-03-04 19:50:15.855 [main] RFWebsiteDriver - wait started for By.xpath: //div[@id='rf-nav-wrapper']/descendant::img[2]
[INFO ] 2018-03-04 19:50:15.855 [main] RFWebsiteDriver - waiting for locator By.xpath: //div[@id='rf-nav-wrapper']/descendant::img[2]
[INFO ] 2018-03-04 19:50:15.880 [main] RFWebsiteDriver - Element found
[INFO ] 2018-03-04 19:50:15.880 [main] RFWebsiteDriver - R+F logo ready to be clicked
[INFO ] 2018-03-04 19:50:15.974 [main] RFWebsiteDriver - CLICKED on R+F logo
[INFO ] 2018-03-04 19:50:15.977 [main] TestListner - 
******************************************************************************************************************************
					TEST CASE NAME:                  testSortingMenuForNextMonth_2999q
******************************************************************************************************************************
[INFO ] 2018-03-04 19:50:15.981 [main] RFWebsiteDriver - wait started for By.xpath: //div[@id='rf-nav-wrapper']/descendant::span[text()='Pulse'][1]
[INFO ] 2018-03-04 19:50:15.981 [main] RFWebsiteDriver - waiting for locator By.xpath: //div[@id='rf-nav-wrapper']/descendant::span[text()='Pulse'][1]
[INFO ] 2018-03-04 19:50:16.013 [main] RFWebsiteDriver - Element found
[INFO ] 2018-03-04 19:50:16.013 [main] RFWebsiteDriver -  ready to be clicked
[INFO ] 2018-03-04 19:50:16.085 [main] RFWebsiteDriver - CLICKED on 
[INFO ] 2018-03-04 19:50:16.085 [main] LSDHomePage - Clicked on Pulse Submenu from Top Navigation
[INFO ] 2018-03-04 19:50:16.137 [main] RFWebsiteDriver - wait started for By.xpath: //a[contains(text(),'Customers')]
[INFO ] 2018-03-04 19:50:16.137 [main] RFWebsiteDriver - waiting for locator By.xpath: //a[contains(text(),'Customers')]
[INFO ] 2018-03-04 19:50:16.145 [main] RFWebsiteDriver - Element found
[INFO ] 2018-03-04 19:50:16.145 [main] RFWebsiteDriver -  ready to be clicked
[INFO ] 2018-03-04 19:50:16.230 [main] RFWebsiteDriver - CLICKED on 
[INFO ] 2018-03-04 19:50:16.230 [main] LSDHomePage - SubMenu Link : Customers clicked
[INFO ] 2018-03-04 19:50:16.283 [main] RFWebsiteDriver - Waiting for spin image to get disappear1
[INFO ] 2018-03-04 19:50:17.297 [main] RFWebsiteDriver - waiting..
[INFO ] 2018-03-04 19:50:17.322 [main] RFWebsiteDriver - spin image disappears
[INFO ] 2018-03-04 19:50:21.344 [main] RFWebsiteDriver - Waiting for spin image to get disappear0
[INFO ] 2018-03-04 19:50:21.369 [main] RFWebsiteDriver - spin image disappears
[INFO ] 2018-03-04 19:50:21.369 [main] RFWebsiteDriver - wait started for By.xpath: //div[contains(@class,'white-fb')]/descendant::a[2]/descendant::span[1]
[INFO ] 2018-03-04 19:50:21.370 [main] RFWebsiteDriver - waiting for locator By.xpath: //div[contains(@class,'white-fb')]/descendant::a[2]/descendant::span[1]
[INFO ] 2018-03-04 19:50:21.393 [main] RFWebsiteDriver - Element found
[INFO ] 2018-03-04 19:50:21.393 [main] RFWebsiteDriver - have orders for this month ready to be clicked
[INFO ] 2018-03-04 19:50:21.498 [main] RFWebsiteDriver - CLICKED on have orders for this month
[INFO ] 2018-03-04 19:50:21.498 [main] RFWebsiteDriver - Waiting for LSD loading image to get disappear
[INFO ] 2018-03-04 19:50:22.584 [main] RFWebsiteDriver - waiting..
[INFO ] 2018-03-04 19:50:23.603 [main] RFWebsiteDriver - waiting..
[INFO ] 2018-03-04 19:50:24.626 [main] RFWebsiteDriver - waiting..
[INFO ] 2018-03-04 19:50:25.650 [main] RFWebsiteDriver - waiting..
[INFO ] 2018-03-04 19:50:26.673 [main] RFWebsiteDriver - waiting..
[INFO ] 2018-03-04 19:50:27.731 [main] RFWebsiteDriver - waiting..
[INFO ] 2018-03-04 19:50:28.756 [main] RFWebsiteDriver - waiting..
[INFO ] 2018-03-04 19:50:29.781 [main] RFWebsiteDriver - waiting..
[INFO ] 2018-03-04 19:50:30.804 [main] RFWebsiteDriver - waiting..
[INFO ] 2018-03-04 19:50:31.829 [main] RFWebsiteDriver - waiting..
[INFO ] 2018-03-04 19:50:32.855 [main] RFWebsiteDriver - waiting..
[INFO ] 2018-03-04 19:50:33.880 [main] RFWebsiteDriver - waiting..
[INFO ] 2018-03-04 19:50:34.907 [main] RFWebsiteDriver - waiting..
[INFO ] 2018-03-04 19:50:35.932 [main] RFWebsiteDriver - waiting..
[INFO ] 2018-03-04 19:50:36.961 [main] RFWebsiteDriver - waiting..
[INFO ] 2018-03-04 19:50:37.985 [main] RFWebsiteDriver - waiting..
[INFO ] 2018-03-04 19:50:39.007 [main] RFWebsiteDriver - waiting..
[INFO ] 2018-03-04 19:50:40.033 [main] RFWebsiteDriver - waiting..
[INFO ] 2018-03-04 19:50:41.056 [main] RFWebsiteDriver - waiting..
[INFO ] 2018-03-04 19:50:42.083 [main] RFWebsiteDriver - waiting..
[INFO ] 2018-03-04 19:50:42.099 [main] RFWebsiteDriver - current URL is https://skywalker.rodanandfields.com/#/pcs/will-order
[INFO ] 2018-03-04 19:50:42.099 [main] RFWebsiteDriver - wait started for By.xpath: //span[contains(text(),'Sorted by')]
[INFO ] 2018-03-04 19:50:42.100 [main] RFWebsiteDriver - waiting for locator By.xpath: //span[contains(text(),'Sorted by')]
[INFO ] 2018-03-04 19:50:42.138 [main] RFWebsiteDriver - Element found
[INFO ] 2018-03-04 19:50:42.139 [main] RFWebsiteDriver - filter ready to be clicked
[INFO ] 2018-03-04 19:50:42.246 [main] RFWebsiteDriver - CLICKED on filter
[INFO ] 2018-03-04 19:50:42.848 [main] TestListner - [TEST IS SUCCESSFUL -------- Test case testSortingMenuForNextMonth_2999q has passed]
[INFO ] 2018-03-04 19:50:42.854 [main] RFWebsiteDriver - URL opened is https://skywalker.rodanandfields.com
[INFO ] 2018-03-04 19:50:43.606 [main] RFWebsiteDriver - Waiting for LSD loading image to get disappear
[INFO ] 2018-03-04 19:50:43.795 [main] RFWebsiteDriver - LSD Animation image disappears
[INFO ] 2018-03-04 19:50:43.795 [main] RFWebsiteDriver - waiting for locator By.id: button-login
[INFO ] 2018-03-04 19:50:49.447 [main] RFWebsiteDriver - waiting for locator By.xpath: //div[text()='Hello,']/following-sibling::div[contains(@class,'text-uppercase')]
[INFO ] 2018-03-04 19:50:49.464 [main] RFWebsiteDriver - Element found
[INFO ] 2018-03-04 19:50:49.477 [main] RFWebsiteDriver - waiting for locator By.xpath: //div[text()='Hello,']/following-sibling::div[contains(@class,'text-uppercase')]
[INFO ] 2018-03-04 19:50:49.489 [main] RFWebsiteDriver - Element found
[INFO ] 2018-03-04 19:50:49.542 [main] RFWebsiteDriver - TEXT fetched for First name in overview section is=SARAH
[INFO ] 2018-03-04 19:50:49.543 [main] RFLSDWebsiteBaseTest - Data returned by query: Sarah
[INFO ] 2018-03-04 19:50:49.549 [main] RFWebsiteDriver - wait started for By.xpath: //div[@id='rf-nav-wrapper']/descendant::img[2]
[INFO ] 2018-03-04 19:50:49.549 [main] RFWebsiteDriver - waiting for locator By.xpath: //div[@id='rf-nav-wrapper']/descendant::img[2]
[INFO ] 2018-03-04 19:50:49.572 [main] RFWebsiteDriver - Element found
[INFO ] 2018-03-04 19:50:49.573 [main] RFWebsiteDriver - R+F logo ready to be clicked
[INFO ] 2018-03-04 19:50:49.681 [main] RFWebsiteDriver - CLICKED on R+F logo
[INFO ] 2018-03-04 19:50:49.684 [main] TestListner - 
******************************************************************************************************************************
					TEST CASE NAME:                  testSortingMenuForThisMonth_3000q
******************************************************************************************************************************
[INFO ] 2018-03-04 19:50:49.689 [main] RFWebsiteDriver - wait started for By.xpath: //div[@id='rf-nav-wrapper']/descendant::span[text()='Pulse'][1]
[INFO ] 2018-03-04 19:50:49.689 [main] RFWebsiteDriver - waiting for locator By.xpath: //div[@id='rf-nav-wrapper']/descendant::span[text()='Pulse'][1]
[INFO ] 2018-03-04 19:50:49.714 [main] RFWebsiteDriver - Element found
[INFO ] 2018-03-04 19:50:49.714 [main] RFWebsiteDriver -  ready to be clicked
[INFO ] 2018-03-04 19:50:49.790 [main] RFWebsiteDriver - CLICKED on 
[INFO ] 2018-03-04 19:50:49.791 [main] LSDHomePage - Clicked on Pulse Submenu from Top Navigation
[INFO ] 2018-03-04 19:50:49.834 [main] RFWebsiteDriver - wait started for By.xpath: //a[contains(text(),'Customers')]
[INFO ] 2018-03-04 19:50:49.834 [main] RFWebsiteDriver - waiting for locator By.xpath: //a[contains(text(),'Customers')]
[INFO ] 2018-03-04 19:50:49.842 [main] RFWebsiteDriver - Element found
[INFO ] 2018-03-04 19:50:49.842 [main] RFWebsiteDriver -  ready to be clicked
[INFO ] 2018-03-04 19:50:49.916 [main] RFWebsiteDriver - CLICKED on 
[INFO ] 2018-03-04 19:50:49.917 [main] LSDHomePage - SubMenu Link : Customers clicked
[INFO ] 2018-03-04 19:50:49.970 [main] RFWebsiteDriver - Waiting for spin image to get disappear1
[INFO ] 2018-03-04 19:50:50.983 [main] RFWebsiteDriver - waiting..
[INFO ] 2018-03-04 19:50:51.007 [main] RFWebsiteDriver - spin image disappears
[INFO ] 2018-03-04 19:51:02.010 [main] RFWebsiteDriver - wait started for By.xpath: //div[contains(@class,'white-fb')]/descendant::a[1]/descendant::span[1]
[INFO ] 2018-03-04 19:51:02.010 [main] RFWebsiteDriver - waiting for locator By.xpath: //div[contains(@class,'white-fb')]/descendant::a[1]/descendant::span[1]
[INFO ] 2018-03-04 19:51:02.063 [main] RFWebsiteDriver - Element found
[INFO ] 2018-03-04 19:51:02.063 [main] RFWebsiteDriver - have orders for this month ready to be clicked
[INFO ] 2018-03-04 19:51:02.193 [main] RFWebsiteDriver - CLICKED on have orders for this month
[INFO ] 2018-03-04 19:51:12.289 [main] RFWebsiteDriver - current URL is https://skywalker.rodanandfields.com/#/pcs/have-orders
[INFO ] 2018-03-04 19:51:12.289 [main] RFWebsiteDriver - wait started for By.xpath: //span[contains(text(),'Sorted by')]
[INFO ] 2018-03-04 19:51:12.289 [main] RFWebsiteDriver - waiting for locator By.xpath: //span[contains(text(),'Sorted by')]
[INFO ] 2018-03-04 19:51:12.314 [main] RFWebsiteDriver - Element found
[INFO ] 2018-03-04 19:51:12.314 [main] RFWebsiteDriver - filter ready to be clicked
[INFO ] 2018-03-04 19:51:12.368 [main] RFWebsiteDriver - CLICKED on filter
[INFO ] 2018-03-04 19:51:13.007 [main] TestListner - [TEST IS SUCCESSFUL -------- Test case testSortingMenuForThisMonth_3000q has passed]
[INFO ] 2018-03-04 19:51:13.012 [main] RFWebsiteDriver - URL opened is https://skywalker.rodanandfields.com
[INFO ] 2018-03-04 19:51:13.485 [main] RFWebsiteDriver - Waiting for LSD loading image to get disappear
[INFO ] 2018-03-04 19:51:13.590 [main] RFWebsiteDriver - LSD Animation image disappears
[INFO ] 2018-03-04 19:51:13.591 [main] RFWebsiteDriver - waiting for locator By.id: button-login
[INFO ] 2018-03-04 19:51:19.216 [main] RFWebsiteDriver - waiting for locator By.xpath: //div[text()='Hello,']/following-sibling::div[contains(@class,'text-uppercase')]
[INFO ] 2018-03-04 19:51:19.234 [main] RFWebsiteDriver - Element found
[INFO ] 2018-03-04 19:51:19.245 [main] RFWebsiteDriver - waiting for locator By.xpath: //div[text()='Hello,']/following-sibling::div[contains(@class,'text-uppercase')]
[INFO ] 2018-03-04 19:51:19.258 [main] RFWebsiteDriver - Element found
[INFO ] 2018-03-04 19:51:19.301 [main] RFWebsiteDriver - TEXT fetched for First name in overview section is=SARAH
[INFO ] 2018-03-04 19:51:19.301 [main] RFLSDWebsiteBaseTest - Data returned by query: Sarah
[INFO ] 2018-03-04 19:51:19.308 [main] RFWebsiteDriver - wait started for By.xpath: //div[@id='rf-nav-wrapper']/descendant::img[2]
[INFO ] 2018-03-04 19:51:19.308 [main] RFWebsiteDriver - waiting for locator By.xpath: //div[@id='rf-nav-wrapper']/descendant::img[2]
[INFO ] 2018-03-04 19:51:19.325 [main] RFWebsiteDriver - Element found
[INFO ] 2018-03-04 19:51:19.325 [main] RFWebsiteDriver - R+F logo ready to be clicked
[INFO ] 2018-03-04 19:51:19.395 [main] RFWebsiteDriver - CLICKED on R+F logo
[INFO ] 2018-03-04 19:51:19.398 [main] TestListner - 
******************************************************************************************************************************
					TEST CASE NAME:                  testTotalNumberOfDeactivatedPCs_2985q
******************************************************************************************************************************
[INFO ] 2018-03-04 19:51:19.400 [main] RFWebsiteDriver - Waiting for LSD loading image to get disappear
[INFO ] 2018-03-04 19:51:19.419 [main] RFWebsiteDriver - LSD loading image disappears
[INFO ] 2018-03-04 19:51:19.420 [main] RFWebsiteDriver - waiting for locator By.xpath: //div[@id='rf-nav-wrapper']/descendant::span[text()='Pulse'][1]
[INFO ] 2018-03-04 19:51:19.434 [main] RFWebsiteDriver - Element found
[INFO ] 2018-03-04 19:51:19.434 [main] RFWebsiteDriver - wait started for By.xpath: //div[@id='rf-nav-wrapper']/descendant::span[text()='Pulse'][1]
[INFO ] 2018-03-04 19:51:19.434 [main] RFWebsiteDriver - waiting for locator By.xpath: //div[@id='rf-nav-wrapper']/descendant::span[text()='Pulse'][1]
[INFO ] 2018-03-04 19:51:19.442 [main] RFWebsiteDriver - Element found
[INFO ] 2018-03-04 19:51:19.442 [main] RFWebsiteDriver - Pulse in top navigation ready to be clicked
[INFO ] 2018-03-04 19:51:19.523 [main] RFWebsiteDriver - CLICKED on Pulse in top navigation
[INFO ] 2018-03-04 19:51:19.524 [main] LSDRFWebsiteBasePage - Pulse in top navigation clicked
[INFO ] 2018-03-04 19:51:19.524 [main] LSDRFWebsiteBasePage - Logging out from pulse application
[INFO ] 2018-03-04 19:51:19.607 [main] RFWebsiteDriver - CLICKED on 
[INFO ] 2018-03-04 19:51:19.607 [main] RFWebsiteDriver - Waiting for LSD loading image to get disappear
[INFO ] 2018-03-04 19:51:19.622 [main] RFWebsiteDriver - LSD loading image disappears
[INFO ] 2018-03-04 19:51:19.623 [main] DBUtil - QUERY TRIGGERED IS DECLARE @AccountID INT = ( SELECT TOP 1 a.accountID FROM     RFOperations.RFO_Accounts.AccountBase (NOLOCK) a WHERE    a.AccountTypeID = 1 AND a.AccountStatusID = 1 AND EXISTS ( SELECT 1 FROM   RFOperations.Hybris.Autoship (NOLOCK) aa WHERE  aa.AccountID = a.AccountID AND aa.AutoshipTypeID = 3 AND aa.Active = 1 ) AND EXISTS ( SELECT 1 FROM   RFOperations.RFO_Accounts.AccountBase (NOLOCK) ab JOIN RFOperations.RFO_Accounts.AccountRF (NOLOCK) rf ON rf.AccountID = ab.AccountID WHERE  rf.SponsorId = a.AccountID AND ab.AccountTypeID = 2 AND CAST(rf.SoftTerminationDate AS DATE) > CAST(DATEADD(DAY, -60, GETDATE()) AS DATE) AND rf.Active = 0 ) ORDER BY NEWID() ) SELECT  COUNT(1) PCTerm60DaysCount , rf.SponsorId [Consultant] , ac.Username FROM    RFOperations.RFO_Accounts.AccountBase (NOLOCK) ab JOIN RFOperations.RFO_Accounts.AccountRF (NOLOCK) rf ON rf.AccountID = ab.AccountID JOIN RFOperations.RFO_Accounts.AccountBase (NOLOCK) sb ON sb.AccountID = rf.SponsorId JOIN RFOperations.Security.AccountSecurity (NOLOCK) ac ON ac.AccountID = sb.AccountID JOIN RFOperations.RFO_Accounts.AccountContacts c ON c.AccountId = ab.AccountID WHERE   rf.SponsorId = @AccountID AND ab.AccountTypeID = 2 AND CAST(rf.SoftTerminationDate AS DATE) > CAST(DATEADD(DAY, -60, GETDATE()) AS DATE) AND rf.Active = 0 GROUP BY rf.SponsorId , ac.Username 

[INFO ] 2018-03-04 19:51:21.374 [main] RFLSDWebsiteBaseTest - Data returned by query: null
[INFO ] 2018-03-04 19:51:21.374 [main] RFLSDWebsiteBaseTest - Data returned by query: teamprosper123@gmail.com
[INFO ] 2018-03-04 19:51:21.374 [main] RFLSDWebsiteBaseTest - Data returned by query: 1
[INFO ] 2018-03-04 19:51:21.375 [main] RFWebsiteDriver - waiting for locator By.id: username
[INFO ] 2018-03-04 19:51:21.421 [main] RFWebsiteDriver - Element found
[INFO ] 2018-03-04 19:51:21.421 [main] RFWebsiteDriver - Taking Screenshot
[INFO ] 2018-03-04 19:51:21.844 [main] RFWebsiteDriver - wait started for By.id: username
[INFO ] 2018-03-04 19:51:21.844 [main] RFWebsiteDriver - waiting for locator By.id: username
[INFO ] 2018-03-04 19:51:21.852 [main] RFWebsiteDriver - Element found
[INFO ] 2018-03-04 19:51:22.016 [main] RFWebsiteDriver - TYPED text as = teamprosper123@gmail.com in  text field
[INFO ] 2018-03-04 19:51:22.016 [main] LSDLoginPage - username is teamprosper123@gmail.com
[INFO ] 2018-03-04 19:51:22.016 [main] RFWebsiteDriver - wait started for By.id: password
[INFO ] 2018-03-04 19:51:22.016 [main] RFWebsiteDriver - waiting for locator By.id: password
[INFO ] 2018-03-04 19:51:22.031 [main] RFWebsiteDriver - Element found
[INFO ] 2018-03-04 19:51:22.138 [main] RFWebsiteDriver - TYPED text as = 111Maiden$ in  text field
[INFO ] 2018-03-04 19:51:22.138 [main] LSDLoginPage - password is 111Maiden$
[INFO ] 2018-03-04 19:51:22.138 [main] RFWebsiteDriver - wait started for By.id: button-login
[INFO ] 2018-03-04 19:51:22.138 [main] RFWebsiteDriver - waiting for locator By.id: button-login
[INFO ] 2018-03-04 19:51:22.147 [main] RFWebsiteDriver - Element found
[INFO ] 2018-03-04 19:51:22.147 [main] RFWebsiteDriver -  ready to be clicked
[INFO ] 2018-03-04 19:51:22.227 [main] RFWebsiteDriver - CLICKED on 
[INFO ] 2018-03-04 19:51:34.390 [main] RFWebsiteDriver - Waiting for login button to get disappear
[INFO ] 2018-03-04 19:51:34.416 [main] RFWebsiteDriver - login button disappears
[INFO ] 2018-03-04 19:51:34.460 [main] RFWebsiteDriver - waiting for locator By.xpath: //div[text()='Hello,']/following-sibling::div[contains(@class,'text-uppercase')]
[INFO ] 2018-03-04 19:51:34.473 [main] RFWebsiteDriver - Element found
[INFO ] 2018-03-04 19:51:34.481 [main] RFWebsiteDriver - wait started for By.xpath: //div[@id='rf-nav-wrapper']/descendant::span[text()='Pulse'][1]
[INFO ] 2018-03-04 19:51:34.481 [main] RFWebsiteDriver - waiting for locator By.xpath: //div[@id='rf-nav-wrapper']/descendant::span[text()='Pulse'][1]
[INFO ] 2018-03-04 19:51:34.496 [main] RFWebsiteDriver - Element found
[INFO ] 2018-03-04 19:51:34.496 [main] RFWebsiteDriver -  ready to be clicked
[INFO ] 2018-03-04 19:51:34.567 [main] RFWebsiteDriver - CLICKED on 
[INFO ] 2018-03-04 19:51:34.567 [main] LSDHomePage - Clicked on Pulse Submenu from Top Navigation
[INFO ] 2018-03-04 19:51:34.612 [main] RFWebsiteDriver - wait started for By.xpath: //a[contains(text(),'Customers')]
[INFO ] 2018-03-04 19:51:34.612 [main] RFWebsiteDriver - waiting for locator By.xpath: //a[contains(text(),'Customers')]
[INFO ] 2018-03-04 19:51:34.620 [main] RFWebsiteDriver - Element found
[INFO ] 2018-03-04 19:51:34.620 [main] RFWebsiteDriver -  ready to be clicked
[INFO ] 2018-03-04 19:51:34.704 [main] RFWebsiteDriver - CLICKED on 
[INFO ] 2018-03-04 19:51:34.704 [main] LSDHomePage - SubMenu Link : Customers clicked
[INFO ] 2018-03-04 19:51:34.758 [main] RFWebsiteDriver - Waiting for spin image to get disappear1
[INFO ] 2018-03-04 19:51:35.766 [main] RFWebsiteDriver - waiting..
[INFO ] 2018-03-04 19:51:36.824 [main] RFWebsiteDriver - waiting..
[INFO ] 2018-03-04 19:51:37.867 [main] RFWebsiteDriver - waiting..
[INFO ] 2018-03-04 19:51:38.921 [main] RFWebsiteDriver - waiting..
[INFO ] 2018-03-04 19:51:39.965 [main] RFWebsiteDriver - waiting..
[INFO ] 2018-03-04 19:51:41.012 [main] RFWebsiteDriver - waiting..
[INFO ] 2018-03-04 19:51:42.060 [main] RFWebsiteDriver - waiting..
[INFO ] 2018-03-04 19:51:43.111 [main] RFWebsiteDriver - waiting..
[INFO ] 2018-03-04 19:51:44.160 [main] RFWebsiteDriver - waiting..
[INFO ] 2018-03-04 19:51:45.218 [main] RFWebsiteDriver - waiting..
[INFO ] 2018-03-04 19:51:49.244 [main] RFWebsiteDriver - Waiting for spin image to get disappear0
[INFO ] 2018-03-04 19:51:49.271 [main] RFWebsiteDriver - spin image disappears
[INFO ] 2018-03-04 19:51:53.273 [main] RFWebsiteDriver - waiting for locator By.xpath: //h1[contains(text(),'View Your Customers')]/following::span[4]
[INFO ] 2018-03-04 19:51:53.317 [main] RFWebsiteDriver - Element found
[INFO ] 2018-03-04 19:51:53.438 [main] RFWebsiteDriver - TEXT fetched for count of deactivated pcs is=1
[INFO ] 2018-03-04 19:51:53.517 [main] RFWebsiteDriver - wait started for By.xpath: //h1[contains(text(),'View Your Customers')]/following::span[3]
[INFO ] 2018-03-04 19:51:53.517 [main] RFWebsiteDriver - waiting for locator By.xpath: //h1[contains(text(),'View Your Customers')]/following::span[3]
[INFO ] 2018-03-04 19:51:53.527 [main] RFWebsiteDriver - Element found
[INFO ] 2018-03-04 19:51:53.529 [main] RFWebsiteDriver - 3 category clicked ready to be clicked
[INFO ] 2018-03-04 19:51:53.634 [main] RFWebsiteDriver - CLICKED on 3 category clicked
[INFO ] 2018-03-04 19:51:53.634 [main] RFWebsiteDriver - wait started for By.xpath: //h1[contains(text(),'Deactivated PC')]/../descendant::span[1]
[INFO ] 2018-03-04 19:51:53.634 [main] RFWebsiteDriver - waiting for locator By.xpath: //h1[contains(text(),'Deactivated PC')]/../descendant::span[1]
[INFO ] 2018-03-04 19:51:54.185 [main] RFWebsiteDriver - Element found
[INFO ] 2018-03-04 19:51:54.185 [main] RFWebsiteDriver - waiting for locator By.xpath: //h1[contains(text(),'Deactivated PC')]/../descendant::span[1]
[INFO ] 2018-03-04 19:51:54.216 [main] RFWebsiteDriver - Element found
[INFO ] 2018-03-04 19:51:54.308 [main] RFWebsiteDriver - TEXT fetched for count of deactivated pc at header is=1
[INFO ] 2018-03-04 19:51:54.308 [main] TestListner - [TEST IS SUCCESSFUL -------- Test case testTotalNumberOfDeactivatedPCs_2985q has passed]
[INFO ] 2018-03-04 19:51:54.321 [main] RFWebsiteDriver - URL opened is https://skywalker.rodanandfields.com
[INFO ] 2018-03-04 19:51:54.820 [main] RFWebsiteDriver - Waiting for LSD loading image to get disappear
[INFO ] 2018-03-04 19:51:54.919 [main] RFWebsiteDriver - LSD Animation image disappears
[INFO ] 2018-03-04 19:51:54.920 [main] RFWebsiteDriver - waiting for locator By.id: button-login
[INFO ] 2018-03-04 19:52:00.390 [main] RFWebsiteDriver - waiting for locator By.xpath: //div[text()='Hello,']/following-sibling::div[contains(@class,'text-uppercase')]
[INFO ] 2018-03-04 19:52:00.399 [main] RFWebsiteDriver - Element found
[INFO ] 2018-03-04 19:52:00.410 [main] RFWebsiteDriver - waiting for locator By.xpath: //div[text()='Hello,']/following-sibling::div[contains(@class,'text-uppercase')]
[INFO ] 2018-03-04 19:52:00.419 [main] RFWebsiteDriver - Element found
[INFO ] 2018-03-04 19:52:00.458 [main] RFWebsiteDriver - TEXT fetched for First name in overview section is=ZELJKA
[INFO ] 2018-03-04 19:52:00.458 [main] RFLSDWebsiteBaseTest - Data returned by query: Sarah
[INFO ] 2018-03-04 19:52:00.458 [main] RFWebsiteDriver - Waiting for LSD loading image to get disappear
[INFO ] 2018-03-04 19:52:00.475 [main] RFWebsiteDriver - LSD loading image disappears
[INFO ] 2018-03-04 19:52:00.475 [main] RFWebsiteDriver - waiting for locator By.xpath: //div[@id='rf-nav-wrapper']/descendant::span[text()='Pulse'][1]
[INFO ] 2018-03-04 19:52:00.485 [main] RFWebsiteDriver - Element found
[INFO ] 2018-03-04 19:52:00.485 [main] RFWebsiteDriver - wait started for By.xpath: //div[@id='rf-nav-wrapper']/descendant::span[text()='Pulse'][1]
[INFO ] 2018-03-04 19:52:00.485 [main] RFWebsiteDriver - waiting for locator By.xpath: //div[@id='rf-nav-wrapper']/descendant::span[text()='Pulse'][1]
[INFO ] 2018-03-04 19:52:00.495 [main] RFWebsiteDriver - Element found
[INFO ] 2018-03-04 19:52:00.496 [main] RFWebsiteDriver - Pulse in top navigation ready to be clicked
[INFO ] 2018-03-04 19:52:00.579 [main] RFWebsiteDriver - CLICKED on Pulse in top navigation
[INFO ] 2018-03-04 19:52:00.579 [main] LSDRFWebsiteBasePage - Pulse in top navigation clicked
[INFO ] 2018-03-04 19:52:00.579 [main] LSDRFWebsiteBasePage - Logging out from pulse application
[INFO ] 2018-03-04 19:52:00.692 [main] RFWebsiteDriver - CLICKED on 
[INFO ] 2018-03-04 19:52:00.692 [main] RFWebsiteDriver - Waiting for LSD loading image to get disappear
[INFO ] 2018-03-04 19:52:00.708 [main] RFWebsiteDriver - LSD loading image disappears
[INFO ] 2018-03-04 19:52:00.708 [main] RFWebsiteDriver - waiting for locator By.id: username
[INFO ] 2018-03-04 19:52:01.242 [main] RFWebsiteDriver - Element found
[INFO ] 2018-03-04 19:52:01.242 [main] RFWebsiteDriver - Taking Screenshot
[INFO ] 2018-03-04 19:52:01.580 [main] RFWebsiteDriver - wait started for By.id: username
[INFO ] 2018-03-04 19:52:01.580 [main] RFWebsiteDriver - waiting for locator By.id: username
[INFO ] 2018-03-04 19:52:01.591 [main] RFWebsiteDriver - Element found
[INFO ] 2018-03-04 19:52:01.767 [main] RFWebsiteDriver - TYPED text as = skincareconsultants@gmail.com in  text field
[INFO ] 2018-03-04 19:52:01.767 [main] LSDLoginPage - username is skincareconsultants@gmail.com
[INFO ] 2018-03-04 19:52:01.767 [main] RFWebsiteDriver - wait started for By.id: password
[INFO ] 2018-03-04 19:52:01.767 [main] RFWebsiteDriver - waiting for locator By.id: password
[INFO ] 2018-03-04 19:52:01.786 [main] RFWebsiteDriver - Element found
[INFO ] 2018-03-04 19:52:01.930 [main] RFWebsiteDriver - TYPED text as = 111Maiden$ in  text field
[INFO ] 2018-03-04 19:52:01.930 [main] LSDLoginPage - password is 111Maiden$
[INFO ] 2018-03-04 19:52:01.930 [main] RFWebsiteDriver - wait started for By.id: button-login
[INFO ] 2018-03-04 19:52:01.930 [main] RFWebsiteDriver - waiting for locator By.id: button-login
[INFO ] 2018-03-04 19:52:01.947 [main] RFWebsiteDriver - Element found
[INFO ] 2018-03-04 19:52:01.947 [main] RFWebsiteDriver -  ready to be clicked
[INFO ] 2018-03-04 19:52:02.037 [main] RFWebsiteDriver - CLICKED on 
[INFO ] 2018-03-04 19:52:16.592 [main] RFWebsiteDriver - wait started for By.xpath: //div[@id='rf-nav-wrapper']/descendant::img[2]
[INFO ] 2018-03-04 19:52:16.592 [main] RFWebsiteDriver - waiting for locator By.xpath: //div[@id='rf-nav-wrapper']/descendant::img[2]
[INFO ] 2018-03-04 19:52:16.640 [main] RFWebsiteDriver - Element found
[INFO ] 2018-03-04 19:52:16.641 [main] RFWebsiteDriver - R+F logo ready to be clicked
[INFO ] 2018-03-04 19:52:16.799 [main] RFWebsiteDriver - CLICKED on R+F logo
[INFO ] 2018-03-04 19:52:16.803 [main] TestListner - 
******************************************************************************************************************************
					TEST CASE NAME:                  testTotalNumberOfPCsThisMonth_3013q
******************************************************************************************************************************
[INFO ] 2018-03-04 19:52:16.807 [main] RFWebsiteDriver - wait started for By.xpath: //div[@id='rf-nav-wrapper']/descendant::span[text()='Pulse'][1]
[INFO ] 2018-03-04 19:52:16.808 [main] RFWebsiteDriver - waiting for locator By.xpath: //div[@id='rf-nav-wrapper']/descendant::span[text()='Pulse'][1]
[INFO ] 2018-03-04 19:52:16.826 [main] RFWebsiteDriver - Element found
[INFO ] 2018-03-04 19:52:16.826 [main] RFWebsiteDriver -  ready to be clicked
[INFO ] 2018-03-04 19:52:16.888 [main] RFWebsiteDriver - CLICKED on 
[INFO ] 2018-03-04 19:52:16.888 [main] LSDHomePage - Clicked on Pulse Submenu from Top Navigation
[INFO ] 2018-03-04 19:52:16.936 [main] RFWebsiteDriver - wait started for By.xpath: //a[contains(text(),'Customers')]
[INFO ] 2018-03-04 19:52:16.937 [main] RFWebsiteDriver - waiting for locator By.xpath: //a[contains(text(),'Customers')]
[INFO ] 2018-03-04 19:52:16.945 [main] RFWebsiteDriver - Element found
[INFO ] 2018-03-04 19:52:16.945 [main] RFWebsiteDriver -  ready to be clicked
[INFO ] 2018-03-04 19:52:17.025 [main] RFWebsiteDriver - CLICKED on 
[INFO ] 2018-03-04 19:52:17.026 [main] LSDHomePage - SubMenu Link : Customers clicked
[INFO ] 2018-03-04 19:52:17.075 [main] RFWebsiteDriver - Waiting for spin image to get disappear1
[INFO ] 2018-03-04 19:52:18.088 [main] RFWebsiteDriver - waiting..
[INFO ] 2018-03-04 19:52:19.117 [main] RFWebsiteDriver - waiting..
[INFO ] 2018-03-04 19:52:19.141 [main] RFWebsiteDriver - spin image disappears
[INFO ] 2018-03-04 19:52:23.142 [main] DBUtil - QUERY TRIGGERED IS DECLARE @AccountID INT = null ;WITH PCAchievedOrders AS ( SELECT COUNT( ro.OrderID) Ocount , ro.ConsultantID FROM RFOperations.Hybris.orders (NOLOCK) ro JOIN RFOperations.RFO_Accounts.AccountBase ab ON ab.AccountID = ro.AccountID WHERE ro.ConsultantID = @AccountID AND ro.OrderStatusID IN ( 2, 4, 5 ) AND ab.AccountTypeID = 2 AND ro.CompletionDate BETWEEN CAST(DATEADD(DAY, 1, DATEADD(MONTH, -1, EOMONTH(GETDATE()))) AS DATE) AND GETDATE() AND ro.AutoShipID IS NOT NULL GROUP BY ro.ConsultantID ), PenddingPCTemplate AS ( SELECT COUNT( a.AutoshipID) PCount , a.ConsultantID FROM RFOperations.Hybris.Autoship (NOLOCK) a JOIN RFOperations.RFO_Accounts.AccountBase (NOLOCK) ab ON ab.AccountID = a.AccountID JOIN RFOperations.RFO_Accounts.AccountContacts ac ON ac.AccountId = ab.AccountID WHERE a.ConsultantID = @AccountID AND a.AutoshipTypeID = 1 AND ab.AccountTypeID = 2 AND a.Active = 1 AND CAST(a.NextRunDate AS DATE) BETWEEN CAST(DATEADD(DAY, 1, DATEADD(MONTH, -1, EOMONTH(GETDATE()))) AS DATE) AND EOMONTH(GETDATE()) GROUP BY a.ConsultantID ) SELECT ab.AccountID , ISNULL(p.PCount, 0) + ISNULL(o.Ocount, 0) AS [Totol PC Order Counts] FROM RFOperations.RFO_Accounts.AccountBase ab LEFT JOIN PCAchievedOrders o ON o.ConsultantID = ab.AccountID LEFT JOIN PenddingPCTemplate p ON p.ConsultantID = ab.AccountID WHERE ab.AccountID = @AccountID

[INFO ] 2018-03-04 19:52:23.345 [main] RFLSDWebsiteBaseTest - Data returned by query: null
[INFO ] 2018-03-04 19:52:23.346 [main] RFWebsiteDriver - wait started for By.xpath: //div[@id='rf-nav-wrapper']/descendant::span[text()='Pulse'][1]
[INFO ] 2018-03-04 19:52:23.346 [main] RFWebsiteDriver - waiting for locator By.xpath: //div[@id='rf-nav-wrapper']/descendant::span[text()='Pulse'][1]
[INFO ] 2018-03-04 19:52:23.355 [main] RFWebsiteDriver - Element found
[INFO ] 2018-03-04 19:52:23.355 [main] RFWebsiteDriver -  ready to be clicked
[INFO ] 2018-03-04 19:52:23.427 [main] RFWebsiteDriver - CLICKED on 
[INFO ] 2018-03-04 19:52:23.427 [main] LSDHomePage - Clicked on Pulse Submenu from Top Navigation
[INFO ] 2018-03-04 19:52:23.456 [main] RFWebsiteDriver - wait started for By.xpath: //a[contains(text(),'Customers')]
[INFO ] 2018-03-04 19:52:23.457 [main] RFWebsiteDriver - waiting for locator By.xpath: //a[contains(text(),'Customers')]
[INFO ] 2018-03-04 19:52:23.466 [main] RFWebsiteDriver - Element found
[INFO ] 2018-03-04 19:52:23.466 [main] RFWebsiteDriver -  ready to be clicked
[INFO ] 2018-03-04 19:52:23.501 [main] RFWebsiteDriver - CLICKED on 
[INFO ] 2018-03-04 19:52:23.501 [main] LSDHomePage - SubMenu Link : Customers clicked
[INFO ] 2018-03-04 19:52:23.513 [main] RFWebsiteDriver - Waiting for spin image to get disappear0
[INFO ] 2018-03-04 19:52:23.524 [main] RFWebsiteDriver - spin image disappears
[INFO ] 2018-03-04 19:52:27.568 [main] RFWebsiteDriver - Waiting for spin image to get disappear0
[INFO ] 2018-03-04 19:52:27.594 [main] RFWebsiteDriver - spin image disappears
[INFO ] 2018-03-04 19:52:27.594 [main] RFWebsiteDriver - waiting for locator By.xpath: //div[contains(@class,'white-fb')]/descendant::a[1]/descendant::span[2]
[INFO ] 2018-03-04 19:52:27.649 [main] RFWebsiteDriver - Element found
[INFO ] 2018-03-04 19:52:27.694 [main] RFWebsiteDriver - TEXT fetched for count of pc autoship orders for this month is=5
[INFO ] 2018-03-04 19:52:27.695 [main] SoftAssert - VERIFICATION FAILED: Expected count of order is null actual on UI is 5 expected [true] but found [false]
[INFO ] 2018-03-04 19:52:27.695 [main] SoftAssert - Expected: true
[INFO ] 2018-03-04 19:52:27.695 [main] SoftAssert - Actual: false
[INFO ] 2018-03-04 19:52:27.695 [main] RFWebsiteDriver - Taking Screenshot
[INFO ] 2018-03-04 19:52:28.066 [main] SoftAssert - Snapshot Path :<a href='C:\Users\bpkotamahanti\Bindu\Automation\qa-automation\output\Screenshots\testTotalNumberOfPCsThisMonth_3013q\Expected count of order is null actual on UI is 5 expected [true] but found [false].png'>C:\Users\bpkotamahanti\Bindu\Automation\qa-automation\output\Screenshots\testTotalNumberOfPCsThisMonth_3013q\Expected count of order is null actual on UI is 5 expected [true] but found [false].png</a>

[INFO ] 2018-03-04 19:52:35.067 [main] RFWebsiteDriver - wait started for By.xpath: //div[contains(@class,'white-fb')]/descendant::a[1]/descendant::span[1]
[INFO ] 2018-03-04 19:52:35.067 [main] RFWebsiteDriver - waiting for locator By.xpath: //div[contains(@class,'white-fb')]/descendant::a[1]/descendant::span[1]
[INFO ] 2018-03-04 19:52:35.114 [main] RFWebsiteDriver - Element found
[INFO ] 2018-03-04 19:52:35.114 [main] RFWebsiteDriver - have orders for this month ready to be clicked
[INFO ] 2018-03-04 19:52:35.301 [main] RFWebsiteDriver - CLICKED on have orders for this month
[INFO ] 2018-03-04 19:52:35.448 [main] RFWebsiteDriver - CLICKED on 
[INFO ] 2018-03-04 19:52:35.448 [main] RFWebsiteDriver - wait started for By.xpath: //h1[contains(text(),'have orders this month')]/preceding::span[1]
[INFO ] 2018-03-04 19:52:35.448 [main] RFWebsiteDriver - waiting for locator By.xpath: //h1[contains(text(),'have orders this month')]/preceding::span[1]
[INFO ] 2018-03-04 19:52:35.995 [main] RFWebsiteDriver - Element found
[INFO ] 2018-03-04 19:52:35.995 [main] RFWebsiteDriver - waiting for locator By.xpath: //h1[contains(text(),'have orders this month')]/preceding::span[1]
[INFO ] 2018-03-04 19:52:36.028 [main] RFWebsiteDriver - Element found
[INFO ] 2018-03-04 19:52:36.139 [main] RFWebsiteDriver - TEXT fetched for count of pc autoship orders for this month at header is=5
[INFO ] 2018-03-04 19:52:36.140 [main] SoftAssert - VERIFICATION FAILED: Expected count of order at header is null actual on UI is 5 expected [true] but found [false]
[INFO ] 2018-03-04 19:52:36.140 [main] SoftAssert - Expected: true
[INFO ] 2018-03-04 19:52:36.140 [main] SoftAssert - Actual: false
[INFO ] 2018-03-04 19:52:36.140 [main] RFWebsiteDriver - Taking Screenshot
[INFO ] 2018-03-04 19:52:36.557 [main] SoftAssert - Snapshot Path :<a href='C:\Users\bpkotamahanti\Bindu\Automation\qa-automation\output\Screenshots\testTotalNumberOfPCsThisMonth_3013q\Expected count of order at header is null actual on UI is 5 expected [true] but found [false].png'>C:\Users\bpkotamahanti\Bindu\Automation\qa-automation\output\Screenshots\testTotalNumberOfPCsThisMonth_3013q\Expected count of order at header is null actual on UI is 5 expected [true] but found [false].png</a>

[INFO ] 2018-03-04 19:52:36.557 [main] TestListner - [TEST HAS FAILED-------- Test case testTotalNumberOfPCsThisMonth_3013q has failed] due to reason:-<br>  java.lang.AssertionError: 1.Expected count of order is null actual on UI is 5

 1.Expected count of order at header is null actual on UI is 5

[INFO ] 2018-03-04 19:52:36.570 [main] RFWebsiteDriver - URL opened is https://skywalker.rodanandfields.com
[INFO ] 2018-03-04 19:52:37.357 [main] RFWebsiteDriver - Waiting for LSD loading image to get disappear
[INFO ] 2018-03-04 19:52:37.629 [main] RFWebsiteDriver - LSD Animation image disappears
[INFO ] 2018-03-04 19:52:37.629 [main] RFWebsiteDriver - Waiting for LSD loading image to get disappear
[INFO ] 2018-03-04 19:52:38.643 [main] RFWebsiteDriver - waiting..
[INFO ] 2018-03-04 19:52:38.665 [main] RFWebsiteDriver - LSD loading image disappears
[INFO ] 2018-03-04 19:52:38.666 [main] RFWebsiteDriver - waiting for locator By.xpath: //div[@id='rf-nav-wrapper']/descendant::span[text()='Pulse'][1]
[INFO ] 2018-03-04 19:52:39.282 [main] RFWebsiteDriver - Element found
[INFO ] 2018-03-04 19:52:39.283 [main] RFWebsiteDriver - wait started for By.xpath: //div[@id='rf-nav-wrapper']/descendant::span[text()='Pulse'][1]
[INFO ] 2018-03-04 19:52:39.283 [main] RFWebsiteDriver - waiting for locator By.xpath: //div[@id='rf-nav-wrapper']/descendant::span[text()='Pulse'][1]
[INFO ] 2018-03-04 19:52:39.296 [main] RFWebsiteDriver - Element found
[INFO ] 2018-03-04 19:52:39.296 [main] RFWebsiteDriver - Pulse in top navigation ready to be clicked
[INFO ] 2018-03-04 19:52:39.405 [main] RFWebsiteDriver - CLICKED on Pulse in top navigation
[INFO ] 2018-03-04 19:52:39.405 [main] LSDRFWebsiteBasePage - Pulse in top navigation clicked
[INFO ] 2018-03-04 19:52:39.405 [main] LSDRFWebsiteBasePage - Logging out from pulse application
[INFO ] 2018-03-04 19:52:39.520 [main] RFWebsiteDriver - CLICKED on 
[INFO ] 2018-03-04 19:52:39.520 [main] RFWebsiteDriver - Waiting for LSD loading image to get disappear
[INFO ] 2018-03-04 19:52:39.542 [main] RFWebsiteDriver - LSD loading image disappears
