[INFO ] 2018-03-05 11:23:35.988 [main] RFBaseTest - Environment properties are not provided by the user ... loading the default properties
[INFO ] 2018-03-05 11:23:35.988 [main] RFBaseTest - Default Browser is  ------ chrome
[INFO ] 2018-03-05 11:23:35.988 [main] RFBaseTest - Default URL is  ------ https://skywalker.rodanandfields.com
[INFO ] 2018-03-05 11:23:35.988 [main] RFBaseTest - Default user password is  ------ 111Maiden$
[INFO ] 2018-03-05 11:23:35.988 [main] RFBaseTest - Default Country is  ------ us
[INFO ] 2018-03-05 11:23:35.988 [main] RFBaseTest - Default DB IP is  ------ 10.3.0.218
[INFO ] 2018-03-05 11:23:35.988 [main] RFBaseTest - Default DB Username is  ------ perftest
[INFO ] 2018-03-05 11:23:35.988 [main] RFBaseTest - Default DB Password is  ------ perftest
[INFO ] 2018-03-05 11:23:35.988 [main] RFBaseTest - Default DB Domain is  ------ RF
[INFO ] 2018-03-05 11:23:40.301 [main] RFWebsiteDriver - Window is maximized
[INFO ] 2018-03-05 11:23:40.301 [main] RFWebsiteDriver - All cookies deleted
[INFO ] 2018-03-05 11:23:40.301 [main] RFWebsiteDriver - URL opened is https://skywalker.rodanandfields.com
[INFO ] 2018-03-05 11:23:41.777 [main] RFLSDWebsiteBaseTest - Application loaded
[INFO ] 2018-03-05 11:23:41.789 [main] RFWebsiteDriver - DB connections are set
[INFO ] 2018-03-05 11:23:41.849 [main] DBUtil - QUERY TRIGGERED IS SELECT top 1 * FROM Commissions.[calcs].[vwQualificationSummary] where SV!=0 and PSQV!=0 and L1L2!=0 and L1L6!=0 and ECLegs > 0 and periodid= LEFT(CONVERT(varchar, GetDate(),112),6)  order by NewID() desc

[INFO ] 2018-03-05 11:23:42.308 [main] RFLSDWebsiteBaseTest - Data returned by query: 2
[INFO ] 2018-03-05 11:23:42.309 [main] DBUtil - QUERY TRIGGERED IS SELECT top 1 * FROM Commissions.[calcs].[vwQualificationSummary] where SV!=0 and PSQV!=0 and L1L2!=0 and L1L6!=0 and ECLegs > 0 and periodid= LEFT(CONVERT(varchar, GetDate(),112),6)  order by NewID() desc

[INFO ] 2018-03-05 11:23:42.490 [main] RFLSDWebsiteBaseTest - Data returned by query: 6812515
[INFO ] 2018-03-05 11:23:42.491 [main] DBUtil - QUERY TRIGGERED IS SELECT  ab.AccountID ,ac.FirstName ,ac.LastName ,acs.Username FROM  RFOperations.RFO_Accounts.AccountBase ab JOIN RFOperations.RFO_Accounts.AccountRF rf ON rf.AccountID = ab.AccountID JOIN RFOperations.RFO_Accounts.AccountContacts ac ON ac.AccountId = ab.AccountID LEFT JOIN RFOperations.Security.AccountSecurity acs ON acs.AccountID = ab.AccountID LEFT JOIN RFOperations.RFO_Reference.AccountType t ON t.AccountTypeID = ab.AccountTypeID LEFT JOIN RFOperations.RFO_Reference.AccountStatus s ON s.AccountStatusID = ab.AccountStatusID LEFT JOIN RFOperations.RFO_Reference.Countries c ON c.CountryID = ab.CountryID WHERE   ab.AccountID = 6812515

[INFO ] 2018-03-05 11:23:42.582 [main] RFLSDWebsiteBaseTest - Data returned by query: smagence@gmail.com
[INFO ] 2018-03-05 11:23:42.584 [main] DBUtil - QUERY TRIGGERED IS select EmailAddress from RFO_Accounts.AccountContacts acTB INNER JOIN RFO_Accounts.AccountEmails aeTB  on acTB.AccountContactId=aeTB.AccountContactId INNER JOIN RFO_Accounts.EmailAddresses aEMTB on aeTB.EmailAddressID=aEMTB.EmailAddressID WHERE acTB.AccountID='6812515' and aEMTB.EmailAddressTypeID=1 

[INFO ] 2018-03-05 11:23:42.669 [main] RFLSDWebsiteBaseTest - Data returned by query: smagence@gmail.com
[INFO ] 2018-03-05 11:23:42.669 [main] RFWebsiteDriver - Waiting for LSD loading image to get disappear
[INFO ] 2018-03-05 11:23:43.699 [main] RFWebsiteDriver - waiting..
[INFO ] 2018-03-05 11:23:43.711 [main] RFWebsiteDriver - LSD loading image disappears
[INFO ] 2018-03-05 11:23:43.765 [main] RFWebsiteDriver - waiting for locator By.id: username
[INFO ] 2018-03-05 11:23:43.775 [main] RFWebsiteDriver - Element found
[INFO ] 2018-03-05 11:23:43.776 [main] RFWebsiteDriver - Taking Screenshot
[INFO ] 2018-03-05 11:23:44.327 [main] RFWebsiteDriver - wait started for By.id: username
[INFO ] 2018-03-05 11:23:44.330 [main] RFWebsiteDriver - waiting for locator By.id: username
[INFO ] 2018-03-05 11:23:44.343 [main] RFWebsiteDriver - Element found
[INFO ] 2018-03-05 11:23:44.485 [main] RFWebsiteDriver - TYPED text as = smagence@gmail.com in  text field
[INFO ] 2018-03-05 11:23:44.485 [main] LSDLoginPage - username is smagence@gmail.com
[INFO ] 2018-03-05 11:23:44.485 [main] RFWebsiteDriver - wait started for By.id: password
[INFO ] 2018-03-05 11:23:44.485 [main] RFWebsiteDriver - waiting for locator By.id: password
[INFO ] 2018-03-05 11:23:44.502 [main] RFWebsiteDriver - Element found
[INFO ] 2018-03-05 11:23:44.614 [main] RFWebsiteDriver - TYPED text as = 111Maiden$ in  text field
[INFO ] 2018-03-05 11:23:44.615 [main] LSDLoginPage - password is 111Maiden$
[INFO ] 2018-03-05 11:23:44.615 [main] RFWebsiteDriver - wait started for By.id: button-login
[INFO ] 2018-03-05 11:23:44.615 [main] RFWebsiteDriver - waiting for locator By.id: button-login
[INFO ] 2018-03-05 11:23:44.628 [main] RFWebsiteDriver - Element found
[INFO ] 2018-03-05 11:23:44.628 [main] RFWebsiteDriver -  ready to be clicked
[INFO ] 2018-03-05 11:23:44.701 [main] RFWebsiteDriver - CLICKED on 
[INFO ] 2018-03-05 11:23:55.582 [main] RFWebsiteDriver - URL opened is https://skywalker.rodanandfields.com
[INFO ] 2018-03-05 11:23:56.062 [main] RFWebsiteDriver - Waiting for LSD loading image to get disappear
[INFO ] 2018-03-05 11:23:56.187 [main] RFWebsiteDriver - LSD Animation image disappears
[INFO ] 2018-03-05 11:23:56.188 [main] RFWebsiteDriver - waiting for locator By.id: button-login
[INFO ] 2018-03-05 11:24:01.542 [main] RFWebsiteDriver - waiting for locator By.xpath: //div[text()='Hello,']/following-sibling::div[contains(@class,'text-uppercase')]
[INFO ] 2018-03-05 11:24:01.552 [main] RFWebsiteDriver - Element found
[INFO ] 2018-03-05 11:24:01.562 [main] RFWebsiteDriver - waiting for locator By.xpath: //div[text()='Hello,']/following-sibling::div[contains(@class,'text-uppercase')]
[INFO ] 2018-03-05 11:24:01.571 [main] RFWebsiteDriver - Element found
[INFO ] 2018-03-05 11:24:01.602 [main] RFWebsiteDriver - TEXT fetched for First name in overview section is=SHAWNA
[INFO ] 2018-03-05 11:24:01.602 [main] RFLSDWebsiteBaseTest - Data returned by query: Shawna
[INFO ] 2018-03-05 11:24:01.608 [main] RFWebsiteDriver - wait started for By.xpath: //div[@id='rf-nav-wrapper']/descendant::img[2]
[INFO ] 2018-03-05 11:24:01.608 [main] RFWebsiteDriver - waiting for locator By.xpath: //div[@id='rf-nav-wrapper']/descendant::img[2]
[INFO ] 2018-03-05 11:24:01.624 [main] RFWebsiteDriver - Element found
[INFO ] 2018-03-05 11:24:01.624 [main] RFWebsiteDriver - R+F logo ready to be clicked
[INFO ] 2018-03-05 11:24:01.706 [main] RFWebsiteDriver - CLICKED on R+F logo
[INFO ] 2018-03-05 11:24:01.805 [main] TestListner - 
******************************************************************************************************************************
					TEST CASE NAME:                  testTotalNumberOfPCsThisMonth_3013q
******************************************************************************************************************************
[INFO ] 2018-03-05 11:24:01.860 [main] RFWebsiteDriver - wait started for By.xpath: //div[@id='rf-nav-wrapper']/descendant::span[text()='Pulse'][1]
[INFO ] 2018-03-05 11:24:01.861 [main] RFWebsiteDriver - waiting for locator By.xpath: //div[@id='rf-nav-wrapper']/descendant::span[text()='Pulse'][1]
[INFO ] 2018-03-05 11:24:01.881 [main] RFWebsiteDriver - Element found
[INFO ] 2018-03-05 11:24:01.881 [main] RFWebsiteDriver -  ready to be clicked
[INFO ] 2018-03-05 11:24:01.972 [main] RFWebsiteDriver - CLICKED on 
[INFO ] 2018-03-05 11:24:01.972 [main] LSDHomePage - Clicked on Pulse Submenu from Top Navigation
[INFO ] 2018-03-05 11:24:02.021 [main] RFWebsiteDriver - wait started for By.xpath: //a[contains(text(),'Customers')]
[INFO ] 2018-03-05 11:24:02.022 [main] RFWebsiteDriver - waiting for locator By.xpath: //a[contains(text(),'Customers')]
[INFO ] 2018-03-05 11:24:02.030 [main] RFWebsiteDriver - Element found
[INFO ] 2018-03-05 11:24:02.030 [main] RFWebsiteDriver -  ready to be clicked
[INFO ] 2018-03-05 11:24:02.108 [main] RFWebsiteDriver - CLICKED on 
[INFO ] 2018-03-05 11:24:02.109 [main] LSDHomePage - SubMenu Link : Customers clicked
[INFO ] 2018-03-05 11:24:02.131 [main] RFWebsiteDriver - Waiting for spin image to get disappear0
[INFO ] 2018-03-05 11:24:02.145 [main] RFWebsiteDriver - spin image disappears
[INFO ] 2018-03-05 11:24:06.148 [main] DBUtil - QUERY TRIGGERED IS DECLARE @AccountID INT = 6812515 ;WITH PCAchievedOrders AS ( SELECT COUNT( ro.OrderID) Ocount , ro.ConsultantID FROM RFOperations.Hybris.orders (NOLOCK) ro JOIN RFOperations.RFO_Accounts.AccountBase ab ON ab.AccountID = ro.AccountID WHERE ro.ConsultantID = @AccountID AND ro.OrderStatusID IN ( 2, 4, 5 ) AND ab.AccountTypeID = 2 AND ro.CompletionDate BETWEEN CAST(DATEADD(DAY, 1, DATEADD(MONTH, -1, EOMONTH(GETDATE()))) AS DATE) AND GETDATE() AND ro.AutoShipID IS NOT NULL GROUP BY ro.ConsultantID ), PenddingPCTemplate AS ( SELECT COUNT( a.AutoshipID) PCount , a.ConsultantID FROM RFOperations.Hybris.Autoship (NOLOCK) a JOIN RFOperations.RFO_Accounts.AccountBase (NOLOCK) ab ON ab.AccountID = a.AccountID JOIN RFOperations.RFO_Accounts.AccountContacts ac ON ac.AccountId = ab.AccountID WHERE a.ConsultantID = @AccountID AND a.AutoshipTypeID = 1 AND ab.AccountTypeID = 2 AND a.Active = 1 AND CAST(a.NextRunDate AS DATE) BETWEEN CAST(DATEADD(DAY, 1, DATEADD(MONTH, -1, EOMONTH(GETDATE()))) AS DATE) AND EOMONTH(GETDATE()) GROUP BY a.ConsultantID ) SELECT ab.AccountID , ISNULL(p.PCount, 0) + ISNULL(o.Ocount, 0) AS [Totol PC Order Counts] FROM RFOperations.RFO_Accounts.AccountBase ab LEFT JOIN PCAchievedOrders o ON o.ConsultantID = ab.AccountID LEFT JOIN PenddingPCTemplate p ON p.ConsultantID = ab.AccountID WHERE ab.AccountID = @AccountID

[INFO ] 2018-03-05 11:24:06.406 [main] RFLSDWebsiteBaseTest - Data returned by query: 0
[INFO ] 2018-03-05 11:24:06.406 [main] RFWebsiteDriver - wait started for By.xpath: //div[@id='rf-nav-wrapper']/descendant::span[text()='Pulse'][1]
[INFO ] 2018-03-05 11:24:06.406 [main] RFWebsiteDriver - waiting for locator By.xpath: //div[@id='rf-nav-wrapper']/descendant::span[text()='Pulse'][1]
[INFO ] 2018-03-05 11:24:06.425 [main] RFWebsiteDriver - Element found
[INFO ] 2018-03-05 11:24:06.426 [main] RFWebsiteDriver -  ready to be clicked
[INFO ] 2018-03-05 11:24:06.509 [main] RFWebsiteDriver - CLICKED on 
[INFO ] 2018-03-05 11:24:06.509 [main] LSDHomePage - Clicked on Pulse Submenu from Top Navigation
[INFO ] 2018-03-05 11:24:06.541 [main] RFWebsiteDriver - wait started for By.xpath: //a[contains(text(),'Customers')]
[INFO ] 2018-03-05 11:24:06.541 [main] RFWebsiteDriver - waiting for locator By.xpath: //a[contains(text(),'Customers')]
[INFO ] 2018-03-05 11:24:06.552 [main] RFWebsiteDriver - Element found
[INFO ] 2018-03-05 11:24:06.552 [main] RFWebsiteDriver -  ready to be clicked
[INFO ] 2018-03-05 11:24:06.608 [main] RFWebsiteDriver - CLICKED on 
[INFO ] 2018-03-05 11:24:06.608 [main] LSDHomePage - SubMenu Link : Customers clicked
[INFO ] 2018-03-05 11:24:06.617 [main] RFWebsiteDriver - Waiting for spin image to get disappear1
[INFO ] 2018-03-05 11:24:07.629 [main] RFWebsiteDriver - waiting..
[INFO ] 2018-03-05 11:24:08.638 [main] RFWebsiteDriver - waiting..
[INFO ] 2018-03-05 11:24:09.651 [main] RFWebsiteDriver - waiting..
[INFO ] 2018-03-05 11:24:09.672 [main] RFWebsiteDriver - spin image disappears
[INFO ] 2018-03-05 11:24:13.716 [main] RFWebsiteDriver - Waiting for spin image to get disappear0
[INFO ] 2018-03-05 11:24:13.731 [main] RFWebsiteDriver - spin image disappears
[INFO ] 2018-03-05 11:24:13.731 [main] RFWebsiteDriver - waiting for locator By.xpath: //div[contains(@class,'white-fb')]/descendant::a[1]/descendant::span[2]
[INFO ] 2018-03-05 11:24:13.750 [main] RFWebsiteDriver - Element found
[INFO ] 2018-03-05 11:24:13.785 [main] RFWebsiteDriver - TEXT fetched for count of pc autoship orders for this month is=0
[INFO ] 2018-03-05 11:24:20.790 [main] RFWebsiteDriver - wait started for By.xpath: //div[contains(@class,'white-fb')]/descendant::a[1]/descendant::span[1]
[INFO ] 2018-03-05 11:24:20.791 [main] RFWebsiteDriver - waiting for locator By.xpath: //div[contains(@class,'white-fb')]/descendant::a[1]/descendant::span[1]
[INFO ] 2018-03-05 11:24:20.823 [main] RFWebsiteDriver - Element found
[INFO ] 2018-03-05 11:24:20.823 [main] RFWebsiteDriver - have orders for this month ready to be clicked
[INFO ] 2018-03-05 11:24:20.886 [main] RFWebsiteDriver - CLICKED on have orders for this month
[INFO ] 2018-03-05 11:24:21.000 [main] RFWebsiteDriver - CLICKED on 
[INFO ] 2018-03-05 11:24:21.000 [main] RFWebsiteDriver - wait started for By.xpath: //h1[contains(text(),'have orders this month')]/preceding::span[1]
[INFO ] 2018-03-05 11:24:21.000 [main] RFWebsiteDriver - waiting for locator By.xpath: //h1[contains(text(),'have orders this month')]/preceding::span[1]
[INFO ] 2018-03-05 11:24:21.527 [main] RFWebsiteDriver - Element found
[INFO ] 2018-03-05 11:24:21.527 [main] RFWebsiteDriver - waiting for locator By.xpath: //h1[contains(text(),'have orders this month')]/preceding::span[1]
[INFO ] 2018-03-05 11:24:21.537 [main] RFWebsiteDriver - Element found
[INFO ] 2018-03-05 11:24:21.570 [main] RFWebsiteDriver - TEXT fetched for count of pc autoship orders for this month at header is=0
[INFO ] 2018-03-05 11:24:21.571 [main] TestListner - [TEST IS SUCCESSFUL -------- Test case testTotalNumberOfPCsThisMonth_3013q has passed]
[INFO ] 2018-03-05 11:24:21.590 [main] RFWebsiteDriver - URL opened is https://skywalker.rodanandfields.com
[INFO ] 2018-03-05 11:24:22.100 [main] RFWebsiteDriver - Waiting for LSD loading image to get disappear
[INFO ] 2018-03-05 11:24:22.229 [main] RFWebsiteDriver - LSD Animation image disappears
[INFO ] 2018-03-05 11:24:22.229 [main] RFWebsiteDriver - Waiting for LSD loading image to get disappear
[INFO ] 2018-03-05 11:24:23.382 [main] RFWebsiteDriver - waiting..
[INFO ] 2018-03-05 11:24:23.407 [main] RFWebsiteDriver - LSD loading image disappears
[INFO ] 2018-03-05 11:24:23.408 [main] RFWebsiteDriver - waiting for locator By.xpath: //div[@id='rf-nav-wrapper']/descendant::span[text()='Pulse'][1]
[INFO ] 2018-03-05 11:24:23.982 [main] RFWebsiteDriver - Element found
[INFO ] 2018-03-05 11:24:23.982 [main] RFWebsiteDriver - wait started for By.xpath: //div[@id='rf-nav-wrapper']/descendant::span[text()='Pulse'][1]
[INFO ] 2018-03-05 11:24:23.983 [main] RFWebsiteDriver - waiting for locator By.xpath: //div[@id='rf-nav-wrapper']/descendant::span[text()='Pulse'][1]
[INFO ] 2018-03-05 11:24:23.996 [main] RFWebsiteDriver - Element found
[INFO ] 2018-03-05 11:24:23.996 [main] RFWebsiteDriver - Pulse in top navigation ready to be clicked
[INFO ] 2018-03-05 11:24:24.086 [main] RFWebsiteDriver - CLICKED on Pulse in top navigation
[INFO ] 2018-03-05 11:24:24.086 [main] LSDRFWebsiteBasePage - Pulse in top navigation clicked
[INFO ] 2018-03-05 11:24:24.086 [main] LSDRFWebsiteBasePage - Logging out from pulse application
[INFO ] 2018-03-05 11:24:24.185 [main] RFWebsiteDriver - CLICKED on 
[INFO ] 2018-03-05 11:24:24.185 [main] RFWebsiteDriver - Waiting for LSD loading image to get disappear
[INFO ] 2018-03-05 11:24:24.205 [main] RFWebsiteDriver - LSD loading image disappears
