[INFO ] 2018-03-05 11:24:39.816 [main] RFBaseTest - Environment properties are not provided by the user ... loading the default properties
[INFO ] 2018-03-05 11:24:39.816 [main] RFBaseTest - Default Browser is  ------ chrome
[INFO ] 2018-03-05 11:24:39.816 [main] RFBaseTest - Default URL is  ------ https://skywalker.rodanandfields.com
[INFO ] 2018-03-05 11:24:39.816 [main] RFBaseTest - Default user password is  ------ 111Maiden$
[INFO ] 2018-03-05 11:24:39.816 [main] RFBaseTest - Default Country is  ------ us
[INFO ] 2018-03-05 11:24:39.816 [main] RFBaseTest - Default DB IP is  ------ 10.3.0.218
[INFO ] 2018-03-05 11:24:39.816 [main] RFBaseTest - Default DB Username is  ------ perftest
[INFO ] 2018-03-05 11:24:39.816 [main] RFBaseTest - Default DB Password is  ------ perftest
[INFO ] 2018-03-05 11:24:39.817 [main] RFBaseTest - Default DB Domain is  ------ RF
[INFO ] 2018-03-05 11:24:44.229 [main] RFWebsiteDriver - Window is maximized
[INFO ] 2018-03-05 11:24:44.229 [main] RFWebsiteDriver - All cookies deleted
[INFO ] 2018-03-05 11:24:44.229 [main] RFWebsiteDriver - URL opened is https://skywalker.rodanandfields.com
[INFO ] 2018-03-05 11:24:45.902 [main] RFLSDWebsiteBaseTest - Application loaded
[INFO ] 2018-03-05 11:24:45.916 [main] RFWebsiteDriver - DB connections are set
[INFO ] 2018-03-05 11:24:45.982 [main] DBUtil - QUERY TRIGGERED IS SELECT top 1 * FROM Commissions.[calcs].[vwQualificationSummary] where SV!=0 and PSQV!=0 and L1L2!=0 and L1L6!=0 and ECLegs > 0 and periodid= LEFT(CONVERT(varchar, GetDate(),112),6)  order by NewID() desc

[INFO ] 2018-03-05 11:24:46.420 [main] RFLSDWebsiteBaseTest - Data returned by query: 6816233
[INFO ] 2018-03-05 11:24:46.423 [main] DBUtil - QUERY TRIGGERED IS SELECT  ab.AccountID ,ac.FirstName ,ac.LastName ,acs.Username FROM  RFOperations.RFO_Accounts.AccountBase ab JOIN RFOperations.RFO_Accounts.AccountRF rf ON rf.AccountID = ab.AccountID JOIN RFOperations.RFO_Accounts.AccountContacts ac ON ac.AccountId = ab.AccountID LEFT JOIN RFOperations.Security.AccountSecurity acs ON acs.AccountID = ab.AccountID LEFT JOIN RFOperations.RFO_Reference.AccountType t ON t.AccountTypeID = ab.AccountTypeID LEFT JOIN RFOperations.RFO_Reference.AccountStatus s ON s.AccountStatusID = ab.AccountStatusID LEFT JOIN RFOperations.RFO_Reference.Countries c ON c.CountryID = ab.CountryID WHERE   ab.AccountID = 6816233

[INFO ] 2018-03-05 11:24:46.520 [main] RFLSDWebsiteBaseTest - Data returned by query: janna@kirkup.ca
[INFO ] 2018-03-05 11:24:46.521 [main] DBUtil - QUERY TRIGGERED IS select EmailAddress from RFO_Accounts.AccountContacts acTB INNER JOIN RFO_Accounts.AccountEmails aeTB  on acTB.AccountContactId=aeTB.AccountContactId INNER JOIN RFO_Accounts.EmailAddresses aEMTB on aeTB.EmailAddressID=aEMTB.EmailAddressID WHERE acTB.AccountID='6816233' and aEMTB.EmailAddressTypeID=1 

[INFO ] 2018-03-05 11:24:46.615 [main] RFLSDWebsiteBaseTest - Data returned by query: janna@kirkup.ca
[INFO ] 2018-03-05 11:24:46.616 [main] RFWebsiteDriver - Waiting for LSD loading image to get disappear
[INFO ] 2018-03-05 11:24:47.638 [main] RFWebsiteDriver - waiting..
[INFO ] 2018-03-05 11:24:47.650 [main] RFWebsiteDriver - LSD loading image disappears
[INFO ] 2018-03-05 11:24:47.705 [main] RFWebsiteDriver - waiting for locator By.id: username
[INFO ] 2018-03-05 11:24:47.714 [main] RFWebsiteDriver - Element found
[INFO ] 2018-03-05 11:24:47.715 [main] RFWebsiteDriver - Taking Screenshot
[INFO ] 2018-03-05 11:24:48.233 [main] RFWebsiteDriver - wait started for By.id: username
[INFO ] 2018-03-05 11:24:48.233 [main] RFWebsiteDriver - waiting for locator By.id: username
[INFO ] 2018-03-05 11:24:48.250 [main] RFWebsiteDriver - Element found
[INFO ] 2018-03-05 11:24:48.390 [main] RFWebsiteDriver - TYPED text as = janna@kirkup.ca in  text field
[INFO ] 2018-03-05 11:24:48.390 [main] LSDLoginPage - username is janna@kirkup.ca
[INFO ] 2018-03-05 11:24:48.390 [main] RFWebsiteDriver - wait started for By.id: password
[INFO ] 2018-03-05 11:24:48.390 [main] RFWebsiteDriver - waiting for locator By.id: password
[INFO ] 2018-03-05 11:24:48.405 [main] RFWebsiteDriver - Element found
[INFO ] 2018-03-05 11:24:48.516 [main] RFWebsiteDriver - TYPED text as = 111Maiden$ in  text field
[INFO ] 2018-03-05 11:24:48.517 [main] LSDLoginPage - password is 111Maiden$
[INFO ] 2018-03-05 11:24:48.517 [main] RFWebsiteDriver - wait started for By.id: button-login
[INFO ] 2018-03-05 11:24:48.517 [main] RFWebsiteDriver - waiting for locator By.id: button-login
[INFO ] 2018-03-05 11:24:48.531 [main] RFWebsiteDriver - Element found
[INFO ] 2018-03-05 11:24:48.532 [main] RFWebsiteDriver -  ready to be clicked
[INFO ] 2018-03-05 11:24:48.605 [main] RFWebsiteDriver - CLICKED on 
[INFO ] 2018-03-05 11:24:58.406 [main] RFWebsiteDriver - URL opened is https://skywalker.rodanandfields.com
[INFO ] 2018-03-05 11:24:58.814 [main] RFWebsiteDriver - Waiting for LSD loading image to get disappear
[INFO ] 2018-03-05 11:24:58.934 [main] RFWebsiteDriver - LSD Animation image disappears
[INFO ] 2018-03-05 11:24:58.934 [main] RFWebsiteDriver - waiting for locator By.id: button-login
[INFO ] 2018-03-05 11:25:04.328 [main] RFWebsiteDriver - waiting for locator By.xpath: //div[text()='Hello,']/following-sibling::div[contains(@class,'text-uppercase')]
[INFO ] 2018-03-05 11:25:04.336 [main] RFWebsiteDriver - Element found
[INFO ] 2018-03-05 11:25:04.345 [main] RFWebsiteDriver - waiting for locator By.xpath: //div[text()='Hello,']/following-sibling::div[contains(@class,'text-uppercase')]
[INFO ] 2018-03-05 11:25:04.355 [main] RFWebsiteDriver - Element found
[INFO ] 2018-03-05 11:25:04.389 [main] RFWebsiteDriver - TEXT fetched for First name in overview section is=JANNA
[INFO ] 2018-03-05 11:25:04.390 [main] RFLSDWebsiteBaseTest - Data returned by query: Janna
[INFO ] 2018-03-05 11:25:04.396 [main] RFWebsiteDriver - wait started for By.xpath: //div[@id='rf-nav-wrapper']/descendant::img[2]
[INFO ] 2018-03-05 11:25:04.396 [main] RFWebsiteDriver - waiting for locator By.xpath: //div[@id='rf-nav-wrapper']/descendant::img[2]
[INFO ] 2018-03-05 11:25:04.412 [main] RFWebsiteDriver - Element found
[INFO ] 2018-03-05 11:25:04.412 [main] RFWebsiteDriver - R+F logo ready to be clicked
[INFO ] 2018-03-05 11:25:04.489 [main] RFWebsiteDriver - CLICKED on R+F logo
[INFO ] 2018-03-05 11:25:04.588 [main] TestListner - 
******************************************************************************************************************************
					TEST CASE NAME:                  testTotalNumberOfPCsThisMonth_3013q
******************************************************************************************************************************
[INFO ] 2018-03-05 11:25:04.628 [main] RFWebsiteDriver - wait started for By.xpath: //div[@id='rf-nav-wrapper']/descendant::span[text()='Pulse'][1]
[INFO ] 2018-03-05 11:25:04.628 [main] RFWebsiteDriver - waiting for locator By.xpath: //div[@id='rf-nav-wrapper']/descendant::span[text()='Pulse'][1]
[INFO ] 2018-03-05 11:25:04.643 [main] RFWebsiteDriver - Element found
[INFO ] 2018-03-05 11:25:04.643 [main] RFWebsiteDriver -  ready to be clicked
[INFO ] 2018-03-05 11:25:04.722 [main] RFWebsiteDriver - CLICKED on 
[INFO ] 2018-03-05 11:25:04.723 [main] LSDHomePage - Clicked on Pulse Submenu from Top Navigation
[INFO ] 2018-03-05 11:25:04.772 [main] RFWebsiteDriver - wait started for By.xpath: //a[contains(text(),'Customers')]
[INFO ] 2018-03-05 11:25:04.772 [main] RFWebsiteDriver - waiting for locator By.xpath: //a[contains(text(),'Customers')]
[INFO ] 2018-03-05 11:25:04.781 [main] RFWebsiteDriver - Element found
[INFO ] 2018-03-05 11:25:04.781 [main] RFWebsiteDriver -  ready to be clicked
[INFO ] 2018-03-05 11:25:04.873 [main] RFWebsiteDriver - CLICKED on 
[INFO ] 2018-03-05 11:25:04.874 [main] LSDHomePage - SubMenu Link : Customers clicked
[INFO ] 2018-03-05 11:25:04.895 [main] RFWebsiteDriver - Waiting for spin image to get disappear0
[INFO ] 2018-03-05 11:25:04.908 [main] RFWebsiteDriver - spin image disappears
[INFO ] 2018-03-05 11:25:08.910 [main] DBUtil - QUERY TRIGGERED IS DECLARE @AccountID INT = 6816233 ;WITH PCAchievedOrders AS ( SELECT COUNT( ro.OrderID) Ocount , ro.ConsultantID FROM RFOperations.Hybris.orders (NOLOCK) ro JOIN RFOperations.RFO_Accounts.AccountBase ab ON ab.AccountID = ro.AccountID WHERE ro.ConsultantID = @AccountID AND ro.OrderStatusID IN ( 2, 4, 5 ) AND ab.AccountTypeID = 2 AND ro.CompletionDate BETWEEN CAST(DATEADD(DAY, 1, DATEADD(MONTH, -1, EOMONTH(GETDATE()))) AS DATE) AND GETDATE() AND ro.AutoShipID IS NOT NULL GROUP BY ro.ConsultantID ), PenddingPCTemplate AS ( SELECT COUNT( a.AutoshipID) PCount , a.ConsultantID FROM RFOperations.Hybris.Autoship (NOLOCK) a JOIN RFOperations.RFO_Accounts.AccountBase (NOLOCK) ab ON ab.AccountID = a.AccountID JOIN RFOperations.RFO_Accounts.AccountContacts ac ON ac.AccountId = ab.AccountID WHERE a.ConsultantID = @AccountID AND a.AutoshipTypeID = 1 AND ab.AccountTypeID = 2 AND a.Active = 1 AND CAST(a.NextRunDate AS DATE) BETWEEN CAST(DATEADD(DAY, 1, DATEADD(MONTH, -1, EOMONTH(GETDATE()))) AS DATE) AND EOMONTH(GETDATE()) GROUP BY a.ConsultantID ) SELECT ab.AccountID , ISNULL(p.PCount, 0) + ISNULL(o.Ocount, 0) AS [Totol PC Order Counts] FROM RFOperations.RFO_Accounts.AccountBase ab LEFT JOIN PCAchievedOrders o ON o.ConsultantID = ab.AccountID LEFT JOIN PenddingPCTemplate p ON p.ConsultantID = ab.AccountID WHERE ab.AccountID = @AccountID

[INFO ] 2018-03-05 11:25:09.064 [main] RFLSDWebsiteBaseTest - Data returned by query: 1
[INFO ] 2018-03-05 11:25:09.064 [main] RFWebsiteDriver - wait started for By.xpath: //div[@id='rf-nav-wrapper']/descendant::span[text()='Pulse'][1]
[INFO ] 2018-03-05 11:25:09.065 [main] RFWebsiteDriver - waiting for locator By.xpath: //div[@id='rf-nav-wrapper']/descendant::span[text()='Pulse'][1]
[INFO ] 2018-03-05 11:25:09.081 [main] RFWebsiteDriver - Element found
[INFO ] 2018-03-05 11:25:09.081 [main] RFWebsiteDriver -  ready to be clicked
[INFO ] 2018-03-05 11:25:09.135 [main] RFWebsiteDriver - CLICKED on 
[INFO ] 2018-03-05 11:25:09.135 [main] LSDHomePage - Clicked on Pulse Submenu from Top Navigation
[INFO ] 2018-03-05 11:25:09.171 [main] RFWebsiteDriver - wait started for By.xpath: //a[contains(text(),'Customers')]
[INFO ] 2018-03-05 11:25:09.172 [main] RFWebsiteDriver - waiting for locator By.xpath: //a[contains(text(),'Customers')]
[INFO ] 2018-03-05 11:25:09.181 [main] RFWebsiteDriver - Element found
[INFO ] 2018-03-05 11:25:09.181 [main] RFWebsiteDriver -  ready to be clicked
[INFO ] 2018-03-05 11:25:09.236 [main] RFWebsiteDriver - CLICKED on 
[INFO ] 2018-03-05 11:25:09.236 [main] LSDHomePage - SubMenu Link : Customers clicked
[INFO ] 2018-03-05 11:25:09.255 [main] RFWebsiteDriver - Waiting for spin image to get disappear1
[INFO ] 2018-03-05 11:25:10.272 [main] RFWebsiteDriver - waiting..
[INFO ] 2018-03-05 11:25:11.292 [main] RFWebsiteDriver - waiting..
[INFO ] 2018-03-05 11:25:12.302 [main] RFWebsiteDriver - waiting..
[INFO ] 2018-03-05 11:25:13.323 [main] RFWebsiteDriver - waiting..
[INFO ] 2018-03-05 11:25:14.337 [main] RFWebsiteDriver - waiting..
[INFO ] 2018-03-05 11:25:15.345 [main] RFWebsiteDriver - waiting..
[INFO ] 2018-03-05 11:25:16.367 [main] RFWebsiteDriver - waiting..
[INFO ] 2018-03-05 11:25:17.380 [main] RFWebsiteDriver - waiting..
[INFO ] 2018-03-05 11:25:18.407 [main] RFWebsiteDriver - waiting..
[INFO ] 2018-03-05 11:25:19.419 [main] RFWebsiteDriver - waiting..
[INFO ] 2018-03-05 11:25:23.438 [main] RFWebsiteDriver - Waiting for spin image to get disappear1
[INFO ] 2018-03-05 11:25:24.447 [main] RFWebsiteDriver - waiting..
[INFO ] 2018-03-05 11:25:25.463 [main] RFWebsiteDriver - waiting..
[INFO ] 2018-03-05 11:25:26.473 [main] RFWebsiteDriver - waiting..
[INFO ] 2018-03-05 11:25:26.482 [main] RFWebsiteDriver - spin image disappears
[INFO ] 2018-03-05 11:25:26.482 [main] RFWebsiteDriver - waiting for locator By.xpath: //div[contains(@class,'white-fb')]/descendant::a[1]/descendant::span[2]
[INFO ] 2018-03-05 11:25:26.500 [main] RFWebsiteDriver - Element found
[INFO ] 2018-03-05 11:25:26.530 [main] RFWebsiteDriver - TEXT fetched for count of pc autoship orders for this month is=1
[INFO ] 2018-03-05 11:25:33.535 [main] RFWebsiteDriver - wait started for By.xpath: //div[contains(@class,'white-fb')]/descendant::a[1]/descendant::span[1]
[INFO ] 2018-03-05 11:25:33.535 [main] RFWebsiteDriver - waiting for locator By.xpath: //div[contains(@class,'white-fb')]/descendant::a[1]/descendant::span[1]
[INFO ] 2018-03-05 11:25:33.589 [main] RFWebsiteDriver - Element found
[INFO ] 2018-03-05 11:25:33.589 [main] RFWebsiteDriver - have orders for this month ready to be clicked
[INFO ] 2018-03-05 11:25:33.666 [main] RFWebsiteDriver - CLICKED on have orders for this month
[INFO ] 2018-03-05 11:25:33.768 [main] RFWebsiteDriver - CLICKED on 
[INFO ] 2018-03-05 11:25:33.768 [main] RFWebsiteDriver - wait started for By.xpath: //h1[contains(text(),'have orders this month')]/preceding::span[1]
[INFO ] 2018-03-05 11:25:33.768 [main] RFWebsiteDriver - waiting for locator By.xpath: //h1[contains(text(),'have orders this month')]/preceding::span[1]
[INFO ] 2018-03-05 11:25:34.295 [main] RFWebsiteDriver - Element found
[INFO ] 2018-03-05 11:25:34.296 [main] RFWebsiteDriver - waiting for locator By.xpath: //h1[contains(text(),'have orders this month')]/preceding::span[1]
[INFO ] 2018-03-05 11:25:34.305 [main] RFWebsiteDriver - Element found
[INFO ] 2018-03-05 11:25:34.343 [main] RFWebsiteDriver - TEXT fetched for count of pc autoship orders for this month at header is=1
[INFO ] 2018-03-05 11:25:34.343 [main] TestListner - [TEST IS SUCCESSFUL -------- Test case testTotalNumberOfPCsThisMonth_3013q has passed]
[INFO ] 2018-03-05 11:25:34.360 [main] RFWebsiteDriver - URL opened is https://skywalker.rodanandfields.com
[INFO ] 2018-03-05 11:25:34.816 [main] RFWebsiteDriver - Waiting for LSD loading image to get disappear
[INFO ] 2018-03-05 11:25:34.961 [main] RFWebsiteDriver - LSD Animation image disappears
[INFO ] 2018-03-05 11:25:34.961 [main] RFWebsiteDriver - Waiting for LSD loading image to get disappear
[INFO ] 2018-03-05 11:25:36.027 [main] RFWebsiteDriver - waiting..
[INFO ] 2018-03-05 11:25:36.037 [main] RFWebsiteDriver - LSD loading image disappears
[INFO ] 2018-03-05 11:25:36.037 [main] RFWebsiteDriver - waiting for locator By.xpath: //div[@id='rf-nav-wrapper']/descendant::span[text()='Pulse'][1]
[INFO ] 2018-03-05 11:25:36.591 [main] RFWebsiteDriver - Element found
[INFO ] 2018-03-05 11:25:36.591 [main] RFWebsiteDriver - wait started for By.xpath: //div[@id='rf-nav-wrapper']/descendant::span[text()='Pulse'][1]
[INFO ] 2018-03-05 11:25:36.591 [main] RFWebsiteDriver - waiting for locator By.xpath: //div[@id='rf-nav-wrapper']/descendant::span[text()='Pulse'][1]
[INFO ] 2018-03-05 11:25:36.604 [main] RFWebsiteDriver - Element found
[INFO ] 2018-03-05 11:25:36.604 [main] RFWebsiteDriver - Pulse in top navigation ready to be clicked
[INFO ] 2018-03-05 11:25:36.674 [main] RFWebsiteDriver - CLICKED on Pulse in top navigation
[INFO ] 2018-03-05 11:25:36.675 [main] LSDRFWebsiteBasePage - Pulse in top navigation clicked
[INFO ] 2018-03-05 11:25:36.675 [main] LSDRFWebsiteBasePage - Logging out from pulse application
[INFO ] 2018-03-05 11:25:36.768 [main] RFWebsiteDriver - CLICKED on 
[INFO ] 2018-03-05 11:25:36.768 [main] RFWebsiteDriver - Waiting for LSD loading image to get disappear
[INFO ] 2018-03-05 11:25:36.779 [main] RFWebsiteDriver - LSD loading image disappears
