[INFO ] 2018-03-02 20:00:41.738 [main] RFBaseTest - Environment properties are not provided by the user ... loading the default properties
[INFO ] 2018-03-02 20:00:41.739 [main] RFBaseTest - Default Browser is  ------ chrome
[INFO ] 2018-03-02 20:00:41.739 [main] RFBaseTest - Default URL is  ------ https://skywalker.rodanandfields.com
[INFO ] 2018-03-02 20:00:41.739 [main] RFBaseTest - Default user password is  ------ 111Maiden$
[INFO ] 2018-03-02 20:00:41.739 [main] RFBaseTest - Default Country is  ------ us
[INFO ] 2018-03-02 20:00:41.739 [main] RFBaseTest - Default DB IP is  ------ 10.3.0.218
[INFO ] 2018-03-02 20:00:41.739 [main] RFBaseTest - Default DB Username is  ------ perftest
[INFO ] 2018-03-02 20:00:41.739 [main] RFBaseTest - Default DB Password is  ------ perftest
[INFO ] 2018-03-02 20:00:41.739 [main] RFBaseTest - Default DB Domain is  ------ RF
[INFO ] 2018-03-02 20:00:46.926 [main] RFWebsiteDriver - Window is maximized
[INFO ] 2018-03-02 20:00:46.926 [main] RFWebsiteDriver - All cookies deleted
[INFO ] 2018-03-02 20:00:46.926 [main] RFWebsiteDriver - URL opened is https://skywalker.rodanandfields.com
[INFO ] 2018-03-02 20:00:49.944 [main] RFLSDWebsiteBaseTest - Application loaded
[INFO ] 2018-03-02 20:00:49.959 [main] RFWebsiteDriver - DB connections are set
[INFO ] 2018-03-02 20:00:50.012 [main] DBUtil - QUERY TRIGGERED IS SELECT top 1 * FROM Commissions.[calcs].[vwQualificationSummary] where SV!=0 and PSQV!=0 and L1L2!=0 and L1L6!=0 and ECLegs > 0 and periodid= LEFT(CONVERT(varchar, GetDate(),112),6)  order by NewID() desc

[INFO ] 2018-03-02 20:01:05.091 [main] TestListner - 
******************************************************************************************************************************
					TEST CASE NAME:                  testTotalNumberOfPCsThisMonth_3013q
******************************************************************************************************************************
[INFO ] 2018-03-02 20:01:05.168 [main] TestListner - [TEST IS SKIPPED -------- Test case testTotalNumberOfPCsThisMonth_3013q skipped]
