[DEBUG] 2018-03-06 20:16:47.307 [main] RFBaseTest - Started execution with  null
[INFO ] 2018-03-06 20:16:47.314 [main] RFBaseTest - Environment properties are not provided by the user ... loading the default properties
[INFO ] 2018-03-06 20:16:47.315 [main] RFBaseTest - Default Browser is  ------ chrome
[INFO ] 2018-03-06 20:16:47.315 [main] RFBaseTest - Default URL is  ------ https://skywalker.rodanandfields.com
[INFO ] 2018-03-06 20:16:47.315 [main] RFBaseTest - Default user password is  ------ 111Maiden$
[INFO ] 2018-03-06 20:16:47.315 [main] RFBaseTest - Default Country is  ------ us
[INFO ] 2018-03-06 20:16:47.315 [main] RFBaseTest - Default DB IP is  ------ 10.3.0.218
[INFO ] 2018-03-06 20:16:47.315 [main] RFBaseTest - Default DB Username is  ------ perftest
[INFO ] 2018-03-06 20:16:47.315 [main] RFBaseTest - Default DB Password is  ------ perftest
[INFO ] 2018-03-06 20:16:47.315 [main] RFBaseTest - Default DB Domain is  ------ RF
[INFO ] 2018-03-06 20:16:52.060 [main] RFWebsiteDriver - Window is maximized
[INFO ] 2018-03-06 20:16:52.061 [main] RFWebsiteDriver - All cookies deleted
[INFO ] 2018-03-06 20:16:52.061 [main] RFWebsiteDriver - URL opened is https://skywalker.rodanandfields.com
[INFO ] 2018-03-06 20:16:54.529 [main] RFLSDWebsiteBaseTest - Application loaded
[INFO ] 2018-03-06 20:16:54.557 [main] RFWebsiteDriver - DB connections are set
[INFO ] 2018-03-06 20:16:54.626 [main] DBUtil - QUERY TRIGGERED IS SELECT top 1 * FROM Commissions.[calcs].[vwQualificationSummary] where SV!=0 and PSQV!=0 and L1L2!=0 and L1L6!=0 and ECLegs > 0 and periodid= LEFT(CONVERT(varchar, GetDate(),112),6)  order by NewID() desc

[INFO ] 2018-03-06 20:16:55.254 [main] RFLSDWebsiteBaseTest - Data returned by query: 75002378
[INFO ] 2018-03-06 20:16:55.256 [main] DBUtil - QUERY TRIGGERED IS SELECT  ab.AccountID ,ac.FirstName ,ac.LastName ,acs.Username FROM  RFOperations.RFO_Accounts.AccountBase ab JOIN RFOperations.RFO_Accounts.AccountRF rf ON rf.AccountID = ab.AccountID JOIN RFOperations.RFO_Accounts.AccountContacts ac ON ac.AccountId = ab.AccountID LEFT JOIN RFOperations.Security.AccountSecurity acs ON acs.AccountID = ab.AccountID LEFT JOIN RFOperations.RFO_Reference.AccountType t ON t.AccountTypeID = ab.AccountTypeID LEFT JOIN RFOperations.RFO_Reference.AccountStatus s ON s.AccountStatusID = ab.AccountStatusID LEFT JOIN RFOperations.RFO_Reference.Countries c ON c.CountryID = ab.CountryID WHERE   ab.AccountID = 6925217

[INFO ] 2018-03-06 20:16:55.438 [main] RFLSDWebsiteBaseTest - Data returned by query: sybilasner@gmail.com
[INFO ] 2018-03-06 20:16:55.439 [main] DBUtil - QUERY TRIGGERED IS select EmailAddress from RFO_Accounts.AccountContacts acTB INNER JOIN RFO_Accounts.AccountEmails aeTB  on acTB.AccountContactId=aeTB.AccountContactId INNER JOIN RFO_Accounts.EmailAddresses aEMTB on aeTB.EmailAddressID=aEMTB.EmailAddressID WHERE acTB.AccountID='6925217' and aEMTB.EmailAddressTypeID=1 

[INFO ] 2018-03-06 20:16:55.608 [main] RFLSDWebsiteBaseTest - Data returned by query: sybilasner@gmail.com
[INFO ] 2018-03-06 20:16:55.608 [main] RFWebsiteDriver - Waiting for LSD loading image to get disappear
[INFO ] 2018-03-06 20:16:56.664 [main] RFWebsiteDriver - waiting..
[INFO ] 2018-03-06 20:16:56.702 [main] RFWebsiteDriver - LSD loading image disappears
[INFO ] 2018-03-06 20:16:56.801 [main] RFWebsiteDriver - waiting for locator By.id: username
[INFO ] 2018-03-06 20:16:56.819 [main] RFWebsiteDriver - Element found
[INFO ] 2018-03-06 20:16:56.819 [main] RFWebsiteDriver - Taking Screenshot
[INFO ] 2018-03-06 20:16:57.369 [main] RFWebsiteDriver - wait started for By.id: username
[INFO ] 2018-03-06 20:16:57.370 [main] RFWebsiteDriver - waiting for locator By.id: username
[INFO ] 2018-03-06 20:16:57.387 [main] RFWebsiteDriver - Element found
[INFO ] 2018-03-06 20:16:57.578 [main] RFWebsiteDriver - TYPED text as = sybilasner@gmail.com in  text field
[INFO ] 2018-03-06 20:16:57.578 [main] LSDLoginPage - username is sybilasner@gmail.com
[INFO ] 2018-03-06 20:16:57.578 [main] RFWebsiteDriver - wait started for By.id: password
[INFO ] 2018-03-06 20:16:57.578 [main] RFWebsiteDriver - waiting for locator By.id: password
[INFO ] 2018-03-06 20:16:57.598 [main] RFWebsiteDriver - Element found
[INFO ] 2018-03-06 20:16:57.748 [main] RFWebsiteDriver - TYPED text as = 111Maiden$ in  text field
[INFO ] 2018-03-06 20:16:57.749 [main] LSDLoginPage - password is 111Maiden$
[INFO ] 2018-03-06 20:16:57.749 [main] RFWebsiteDriver - wait started for By.id: button-login
[INFO ] 2018-03-06 20:16:57.749 [main] RFWebsiteDriver - waiting for locator By.id: button-login
[INFO ] 2018-03-06 20:16:57.776 [main] RFWebsiteDriver - Element found
[INFO ] 2018-03-06 20:16:57.777 [main] RFWebsiteDriver -  ready to be clicked
[INFO ] 2018-03-06 20:16:57.878 [main] RFWebsiteDriver - CLICKED on 
[INFO ] 2018-03-06 20:17:09.527 [main] RFWebsiteDriver - URL opened is https://skywalker.rodanandfields.com
[INFO ] 2018-03-06 20:17:09.991 [main] RFWebsiteDriver - Waiting for LSD loading image to get disappear
[INFO ] 2018-03-06 20:17:10.223 [main] RFWebsiteDriver - LSD Animation image disappears
[INFO ] 2018-03-06 20:17:10.223 [main] RFWebsiteDriver - waiting for locator By.id: button-login
[INFO ] 2018-03-06 20:17:15.689 [main] RFWebsiteDriver - waiting for locator By.xpath: //div[text()='Hello,']/following-sibling::div[contains(@class,'text-uppercase')]
[INFO ] 2018-03-06 20:17:15.699 [main] RFWebsiteDriver - Element found
[INFO ] 2018-03-06 20:17:15.709 [main] RFWebsiteDriver - waiting for locator By.xpath: //div[text()='Hello,']/following-sibling::div[contains(@class,'text-uppercase')]
[INFO ] 2018-03-06 20:17:15.722 [main] RFWebsiteDriver - Element found
[INFO ] 2018-03-06 20:17:15.765 [main] RFWebsiteDriver - TEXT fetched for First name in overview section is=SYBIL
[INFO ] 2018-03-06 20:17:15.766 [main] RFLSDWebsiteBaseTest - Data returned by query: Sybil
[INFO ] 2018-03-06 20:17:15.783 [main] RFWebsiteDriver - wait started for By.xpath: //div[@id='rf-nav-wrapper']/descendant::img[2]
[INFO ] 2018-03-06 20:17:15.783 [main] RFWebsiteDriver - waiting for locator By.xpath: //div[@id='rf-nav-wrapper']/descendant::img[2]
[INFO ] 2018-03-06 20:17:15.812 [main] RFWebsiteDriver - Element found
[INFO ] 2018-03-06 20:17:15.813 [main] RFWebsiteDriver - R+F logo ready to be clicked
[INFO ] 2018-03-06 20:17:15.922 [main] RFWebsiteDriver - CLICKED on R+F logo
[INFO ] 2018-03-06 20:17:16.027 [main] TestListner - 
******************************************************************************************************************************
					TEST CASE NAME:                  TotalNumberOfAllPCs_3349q
******************************************************************************************************************************
[INFO ] 2018-03-06 20:17:16.073 [main] RFWebsiteDriver - wait started for By.xpath: //div[@id='rf-nav-wrapper']/descendant::span[text()='Pulse'][1]
[INFO ] 2018-03-06 20:17:16.074 [main] RFWebsiteDriver - waiting for locator By.xpath: //div[@id='rf-nav-wrapper']/descendant::span[text()='Pulse'][1]
[INFO ] 2018-03-06 20:17:16.092 [main] RFWebsiteDriver - Element found
[INFO ] 2018-03-06 20:17:16.092 [main] RFWebsiteDriver -  ready to be clicked
[INFO ] 2018-03-06 20:17:16.181 [main] RFWebsiteDriver - CLICKED on 
[INFO ] 2018-03-06 20:17:16.181 [main] LSDHomePage - Clicked on Pulse Submenu from Top Navigation
[INFO ] 2018-03-06 20:17:16.240 [main] RFWebsiteDriver - wait started for By.xpath: //a[contains(text(),'Customers')]
[INFO ] 2018-03-06 20:17:16.240 [main] RFWebsiteDriver - waiting for locator By.xpath: //a[contains(text(),'Customers')]
[INFO ] 2018-03-06 20:17:16.250 [main] RFWebsiteDriver - Element found
[INFO ] 2018-03-06 20:17:16.250 [main] RFWebsiteDriver -  ready to be clicked
[INFO ] 2018-03-06 20:17:16.347 [main] RFWebsiteDriver - CLICKED on 
[INFO ] 2018-03-06 20:17:16.347 [main] LSDHomePage - SubMenu Link : Customers clicked
[INFO ] 2018-03-06 20:17:16.378 [main] RFWebsiteDriver - Waiting for spin image to get disappear0
[INFO ] 2018-03-06 20:17:16.388 [main] RFWebsiteDriver - spin image disappears
[INFO ] 2018-03-06 20:17:20.411 [main] RFWebsiteDriver - Waiting for spin image to get disappear0
[INFO ] 2018-03-06 20:17:20.427 [main] RFWebsiteDriver - spin image disappears
[INFO ] 2018-03-06 20:17:24.427 [main] RFWebsiteDriver - wait started for By.xpath: //h1[contains(text(),'Build Customer Loyalty')]/../preceding::span[1]
[INFO ] 2018-03-06 20:17:24.428 [main] RFWebsiteDriver - waiting for locator By.xpath: //h1[contains(text(),'Build Customer Loyalty')]/../preceding::span[1]
[INFO ] 2018-03-06 20:17:24.495 [main] RFWebsiteDriver - Element found
[INFO ] 2018-03-06 20:17:24.495 [main] RFWebsiteDriver - wait started for By.xpath: //h1[contains(text(),'Build Customer Loyalty')]/../preceding::span[1]
[INFO ] 2018-03-06 20:17:24.495 [main] RFWebsiteDriver - waiting for locator By.xpath: //h1[contains(text(),'Build Customer Loyalty')]/../preceding::span[1]
[INFO ] 2018-03-06 20:17:24.509 [main] RFWebsiteDriver - Element found
[INFO ] 2018-03-06 20:17:24.509 [main] RFWebsiteDriver - count of all pc customers ready to be clicked
[INFO ] 2018-03-06 20:17:24.585 [main] RFWebsiteDriver - CLICKED on count of all pc customers
[INFO ] 2018-03-06 20:17:24.585 [main] LSDCustomerPage - clicked in view PC customer link
[INFO ] 2018-03-06 20:17:24.586 [main] DBUtil - QUERY TRIGGERED IS  DECLARE @AccountId INT = 6925217 SELECT COUNT(DISTINCT sb.AccountID)[TotalPC] FROM RFOperations.RFO_Accounts.AccountBase ab JOIN RFOperations.RFO_Accounts.AccountRF rf ON rf.SponsorId = ab.AccountID AND ab.AccountID=@AccountId JOIN RFOperations.RFO_Accounts.AccountBase sb ON rf.AccountID = sb.AccountID WHERE sb.AccountTypeID = 2 AND rf.Active = 1 AND sb.AccountStatusID = 1 AND EXISTS (SELECT 1 FROM RFOperations.Hybris.Autoship a WHERE a.AccountID = sb.AccountID AND a.Active = 1 AND a.AutoshipTypeID = 1 AND CAST(a.NextRunDate AS DATE) BETWEEN DATEADD(DAY, 1, EOMONTH(DATEADD(MONTH,-1, GETDATE()))) AND EOMONTH(DATEADD(MONTH, 1, GETDATE())) ) GROUP BY ab.AccountID

[INFO ] 2018-03-06 20:17:24.765 [main] RFLSDWebsiteBaseTest - Data returned by query: 10
[INFO ] 2018-03-06 20:17:24.814 [main] RFWebsiteDriver - Waiting for spin image to get disappear0
[INFO ] 2018-03-06 20:17:24.923 [main] RFWebsiteDriver - spin image disappears
[INFO ] 2018-03-06 20:17:28.924 [main] RFWebsiteDriver - waiting for locator By.xpath: //h1[contains(text(),'All Customers')]//preceding::span[1]
[INFO ] 2018-03-06 20:17:28.984 [main] RFWebsiteDriver - Element found
[INFO ] 2018-03-06 20:17:29.039 [main] RFWebsiteDriver - TEXT fetched for count of all PC customer for this month and next month is=20
[INFO ] 2018-03-06 20:17:29.043 [main] SoftAssert - VERIFICATION FAILED: Expected count of PC users are 10 actual on UI are 20 expected [true] but found [false]
[INFO ] 2018-03-06 20:17:29.043 [main] SoftAssert - Expected: true
[INFO ] 2018-03-06 20:17:29.043 [main] SoftAssert - Actual: false
[INFO ] 2018-03-06 20:17:29.043 [main] RFWebsiteDriver - Taking Screenshot
[INFO ] 2018-03-06 20:17:29.374 [main] SoftAssert - Snapshot Path :<a href='C:\Users\bpkotamahanti\Bindu\Automation\qa-automation\output\Screenshots\TotalNumberOfAllPCs_3349q\Expected count of PC users are 10 actual on UI are 20 expected [true] but found [false].png'>C:\Users\bpkotamahanti\Bindu\Automation\qa-automation\output\Screenshots\TotalNumberOfAllPCs_3349q\Expected count of PC users are 10 actual on UI are 20 expected [true] but found [false].png</a>

[INFO ] 2018-03-06 20:17:29.375 [main] TestListner - [TEST HAS FAILED-------- Test case TotalNumberOfAllPCs_3349q has failed] due to reason:-<br>  java.lang.AssertionError: 1.Expected count of PC users are 10 actual on UI are 20

[INFO ] 2018-03-06 20:17:29.424 [main] RFWebsiteDriver - URL opened is https://skywalker.rodanandfields.com
[INFO ] 2018-03-06 20:17:29.932 [main] RFWebsiteDriver - Waiting for LSD loading image to get disappear
[INFO ] 2018-03-06 20:17:30.135 [main] RFWebsiteDriver - LSD Animation image disappears
[INFO ] 2018-03-06 20:17:30.135 [main] RFWebsiteDriver - waiting for locator By.id: button-login
[INFO ] 2018-03-06 20:17:35.496 [main] RFWebsiteDriver - waiting for locator By.xpath: //div[text()='Hello,']/following-sibling::div[contains(@class,'text-uppercase')]
[INFO ] 2018-03-06 20:17:35.507 [main] RFWebsiteDriver - Element found
[INFO ] 2018-03-06 20:17:35.521 [main] RFWebsiteDriver - waiting for locator By.xpath: //div[text()='Hello,']/following-sibling::div[contains(@class,'text-uppercase')]
[INFO ] 2018-03-06 20:17:35.533 [main] RFWebsiteDriver - Element found
[INFO ] 2018-03-06 20:17:35.585 [main] RFWebsiteDriver - TEXT fetched for First name in overview section is=SYBIL
[INFO ] 2018-03-06 20:17:35.585 [main] RFLSDWebsiteBaseTest - Data returned by query: Sybil
[INFO ] 2018-03-06 20:17:35.595 [main] RFWebsiteDriver - wait started for By.xpath: //div[@id='rf-nav-wrapper']/descendant::img[2]
[INFO ] 2018-03-06 20:17:35.595 [main] RFWebsiteDriver - waiting for locator By.xpath: //div[@id='rf-nav-wrapper']/descendant::img[2]
[INFO ] 2018-03-06 20:17:35.615 [main] RFWebsiteDriver - Element found
[INFO ] 2018-03-06 20:17:35.615 [main] RFWebsiteDriver - R+F logo ready to be clicked
[INFO ] 2018-03-06 20:17:35.715 [main] RFWebsiteDriver - CLICKED on R+F logo
[INFO ] 2018-03-06 20:17:35.721 [main] TestListner - 
******************************************************************************************************************************
					TEST CASE NAME:                  testPCCardComponents_3240q
******************************************************************************************************************************
[INFO ] 2018-03-06 20:17:35.724 [main] RFWebsiteDriver - wait started for By.xpath: //div[@id='rf-nav-wrapper']/descendant::span[text()='Pulse'][1]
[INFO ] 2018-03-06 20:17:35.724 [main] RFWebsiteDriver - waiting for locator By.xpath: //div[@id='rf-nav-wrapper']/descendant::span[text()='Pulse'][1]
[INFO ] 2018-03-06 20:17:35.758 [main] RFWebsiteDriver - Element found
[INFO ] 2018-03-06 20:17:35.759 [main] RFWebsiteDriver -  ready to be clicked
[INFO ] 2018-03-06 20:17:35.889 [main] RFWebsiteDriver - CLICKED on 
[INFO ] 2018-03-06 20:17:35.889 [main] LSDHomePage - Clicked on Pulse Submenu from Top Navigation
[INFO ] 2018-03-06 20:17:35.972 [main] RFWebsiteDriver - wait started for By.xpath: //a[contains(text(),'Customers')]
[INFO ] 2018-03-06 20:17:35.973 [main] RFWebsiteDriver - waiting for locator By.xpath: //a[contains(text(),'Customers')]
[INFO ] 2018-03-06 20:17:35.994 [main] RFWebsiteDriver - Element found
[INFO ] 2018-03-06 20:17:35.995 [main] RFWebsiteDriver -  ready to be clicked
[INFO ] 2018-03-06 20:17:36.104 [main] RFWebsiteDriver - CLICKED on 
[INFO ] 2018-03-06 20:17:36.104 [main] LSDHomePage - SubMenu Link : Customers clicked
[INFO ] 2018-03-06 20:17:36.164 [main] RFWebsiteDriver - Waiting for spin image to get disappear1
[INFO ] 2018-03-06 20:17:37.182 [main] RFWebsiteDriver - waiting..
[INFO ] 2018-03-06 20:17:38.198 [main] RFWebsiteDriver - waiting..
[INFO ] 2018-03-06 20:17:38.245 [main] RFWebsiteDriver - spin image disappears
[INFO ] 2018-03-06 20:17:51.245 [main] RFWebsiteDriver - wait started for By.xpath: //div[contains(@class,'white-fb')]/descendant::a[1]/descendant::span[1]
[INFO ] 2018-03-06 20:17:51.246 [main] RFWebsiteDriver - waiting for locator By.xpath: //div[contains(@class,'white-fb')]/descendant::a[1]/descendant::span[1]
[INFO ] 2018-03-06 20:17:51.304 [main] RFWebsiteDriver - Element found
[INFO ] 2018-03-06 20:17:51.304 [main] RFWebsiteDriver - have orders for this month ready to be clicked
[INFO ] 2018-03-06 20:17:51.411 [main] RFWebsiteDriver - CLICKED on have orders for this month
[INFO ] 2018-03-06 20:18:01.527 [main] RFWebsiteDriver - wait started for By.xpath: //div[@id='sub-stage']/descendant::a[1]/descendant::span[1]
[INFO ] 2018-03-06 20:18:01.527 [main] RFWebsiteDriver - waiting for locator By.xpath: //div[@id='sub-stage']/descendant::a[1]/descendant::span[1]
[INFO ] 2018-03-06 20:18:01.552 [main] RFWebsiteDriver - Element found
[INFO ] 2018-03-06 20:18:01.591 [main] RFWebsiteDriver - wait started for By.xpath: //div[@id='sub-stage']/descendant::a[1]/descendant::span[2]
[INFO ] 2018-03-06 20:18:01.591 [main] RFWebsiteDriver - waiting for locator By.xpath: //div[@id='sub-stage']/descendant::a[1]/descendant::span[2]
[INFO ] 2018-03-06 20:18:01.606 [main] RFWebsiteDriver - Element found
[INFO ] 2018-03-06 20:18:01.646 [main] RFWebsiteDriver - wait started for By.xpath: //div[@id='sub-stage']/descendant::a[1]/descendant::span[3]
[INFO ] 2018-03-06 20:18:01.646 [main] RFWebsiteDriver - waiting for locator By.xpath: //div[@id='sub-stage']/descendant::a[1]/descendant::span[3]
[INFO ] 2018-03-06 20:18:01.663 [main] RFWebsiteDriver - Element found
[INFO ] 2018-03-06 20:18:01.699 [main] RFWebsiteDriver - wait started for By.xpath: //div[@id='sub-stage']/descendant::a[1]/descendant::span[4]
[INFO ] 2018-03-06 20:18:01.700 [main] RFWebsiteDriver - waiting for locator By.xpath: //div[@id='sub-stage']/descendant::a[1]/descendant::span[4]
[INFO ] 2018-03-06 20:18:01.719 [main] RFWebsiteDriver - Element found
[INFO ] 2018-03-06 20:18:01.755 [main] RFWebsiteDriver - wait started for By.xpath: //div[@id='sub-stage']/descendant::a[1]/descendant::span[5]
[INFO ] 2018-03-06 20:18:01.755 [main] RFWebsiteDriver - waiting for locator By.xpath: //div[@id='sub-stage']/descendant::a[1]/descendant::span[5]
[INFO ] 2018-03-06 20:18:01.770 [main] RFWebsiteDriver - Element found
[INFO ] 2018-03-06 20:18:01.842 [main] RFWebsiteDriver - wait started for By.xpath: //div[@id='sub-stage']/descendant::a[1]/descendant::span[6]
[INFO ] 2018-03-06 20:18:01.842 [main] RFWebsiteDriver - waiting for locator By.xpath: //div[@id='sub-stage']/descendant::a[1]/descendant::span[6]
[INFO ] 2018-03-06 20:18:01.874 [main] RFWebsiteDriver - Element found
[INFO ] 2018-03-06 20:18:01.919 [main] RFWebsiteDriver - waiting for locator By.xpath: //div[@id='sub-stage']/descendant::section[contains(@id,'pc-card')][1]//span[contains(@class,'icon-contact')]
[INFO ] 2018-03-06 20:18:01.939 [main] RFWebsiteDriver - Element found
[INFO ] 2018-03-06 20:18:01.951 [main] RFWebsiteDriver - wait started for By.xpath: //div[@id='sub-stage']/descendant::section[contains(@id,'pc-card')][1]//div[contains(@class,'rf-circle-bg-active')]
[INFO ] 2018-03-06 20:18:01.952 [main] RFWebsiteDriver - waiting for locator By.xpath: //div[@id='sub-stage']/descendant::section[contains(@id,'pc-card')][1]//div[contains(@class,'rf-circle-bg-active')]
[INFO ] 2018-03-06 20:18:01.974 [main] RFWebsiteDriver - Element found
[INFO ] 2018-03-06 20:18:02.018 [main] TestListner - [TEST IS SUCCESSFUL -------- Test case testPCCardComponents_3240q has passed]
[INFO ] 2018-03-06 20:18:02.025 [main] RFWebsiteDriver - URL opened is https://skywalker.rodanandfields.com
[INFO ] 2018-03-06 20:18:02.590 [main] RFWebsiteDriver - Waiting for LSD loading image to get disappear
[INFO ] 2018-03-06 20:18:02.746 [main] RFWebsiteDriver - LSD Animation image disappears
[INFO ] 2018-03-06 20:18:02.747 [main] RFWebsiteDriver - waiting for locator By.id: button-login
[INFO ] 2018-03-06 20:18:08.234 [main] RFWebsiteDriver - waiting for locator By.xpath: //div[text()='Hello,']/following-sibling::div[contains(@class,'text-uppercase')]
[INFO ] 2018-03-06 20:18:08.254 [main] RFWebsiteDriver - Element found
[INFO ] 2018-03-06 20:18:08.270 [main] RFWebsiteDriver - waiting for locator By.xpath: //div[text()='Hello,']/following-sibling::div[contains(@class,'text-uppercase')]
[INFO ] 2018-03-06 20:18:08.282 [main] RFWebsiteDriver - Element found
[INFO ] 2018-03-06 20:18:08.317 [main] RFWebsiteDriver - TEXT fetched for First name in overview section is=SYBIL
[INFO ] 2018-03-06 20:18:08.317 [main] RFLSDWebsiteBaseTest - Data returned by query: Sybil
[INFO ] 2018-03-06 20:18:08.322 [main] RFWebsiteDriver - wait started for By.xpath: //div[@id='rf-nav-wrapper']/descendant::img[2]
[INFO ] 2018-03-06 20:18:08.322 [main] RFWebsiteDriver - waiting for locator By.xpath: //div[@id='rf-nav-wrapper']/descendant::img[2]
[INFO ] 2018-03-06 20:18:08.340 [main] RFWebsiteDriver - Element found
[INFO ] 2018-03-06 20:18:08.340 [main] RFWebsiteDriver - R+F logo ready to be clicked
[INFO ] 2018-03-06 20:18:08.419 [main] RFWebsiteDriver - CLICKED on R+F logo
[INFO ] 2018-03-06 20:18:08.425 [main] TestListner - 
******************************************************************************************************************************
					TEST CASE NAME:                  testSortingByQVLowTohigh_3011q
******************************************************************************************************************************
[INFO ] 2018-03-06 20:18:08.429 [main] RFWebsiteDriver - wait started for By.xpath: //div[@id='rf-nav-wrapper']/descendant::span[text()='Pulse'][1]
[INFO ] 2018-03-06 20:18:08.429 [main] RFWebsiteDriver - waiting for locator By.xpath: //div[@id='rf-nav-wrapper']/descendant::span[text()='Pulse'][1]
[INFO ] 2018-03-06 20:18:08.454 [main] RFWebsiteDriver - Element found
[INFO ] 2018-03-06 20:18:08.454 [main] RFWebsiteDriver -  ready to be clicked
[INFO ] 2018-03-06 20:18:08.541 [main] RFWebsiteDriver - CLICKED on 
[INFO ] 2018-03-06 20:18:08.541 [main] LSDHomePage - Clicked on Pulse Submenu from Top Navigation
[INFO ] 2018-03-06 20:18:08.595 [main] RFWebsiteDriver - wait started for By.xpath: //a[contains(text(),'Customers')]
[INFO ] 2018-03-06 20:18:08.595 [main] RFWebsiteDriver - waiting for locator By.xpath: //a[contains(text(),'Customers')]
[INFO ] 2018-03-06 20:18:08.606 [main] RFWebsiteDriver - Element found
[INFO ] 2018-03-06 20:18:08.606 [main] RFWebsiteDriver -  ready to be clicked
[INFO ] 2018-03-06 20:18:08.687 [main] RFWebsiteDriver - CLICKED on 
[INFO ] 2018-03-06 20:18:08.687 [main] LSDHomePage - SubMenu Link : Customers clicked
[INFO ] 2018-03-06 20:18:08.744 [main] RFWebsiteDriver - Waiting for spin image to get disappear1
[INFO ] 2018-03-06 20:18:09.757 [main] RFWebsiteDriver - waiting..
[INFO ] 2018-03-06 20:18:10.767 [main] RFWebsiteDriver - waiting..
[INFO ] 2018-03-06 20:18:10.803 [main] RFWebsiteDriver - spin image disappears
[INFO ] 2018-03-06 20:18:14.835 [main] RFWebsiteDriver - Waiting for spin image to get disappear0
[INFO ] 2018-03-06 20:18:14.844 [main] RFWebsiteDriver - spin image disappears
[INFO ] 2018-03-06 20:18:14.844 [main] RFWebsiteDriver - waiting for locator By.xpath: //div[contains(@class,'white-fb')]/descendant::a[1]/descendant::span[2]
[INFO ] 2018-03-06 20:18:14.862 [main] RFWebsiteDriver - Element found
[INFO ] 2018-03-06 20:18:14.894 [main] RFWebsiteDriver - TEXT fetched for count of pc autoship orders for this month is=3
[INFO ] 2018-03-06 20:18:14.903 [main] RFWebsiteDriver - Waiting for spin image to get disappear0
[INFO ] 2018-03-06 20:18:14.913 [main] RFWebsiteDriver - spin image disappears
[INFO ] 2018-03-06 20:18:14.913 [main] RFWebsiteDriver - waiting for locator By.xpath: //div[contains(@class,'white-fb')]/descendant::a[2]/descendant::span[2]
[INFO ] 2018-03-06 20:18:14.928 [main] RFWebsiteDriver - Element found
[INFO ] 2018-03-06 20:18:14.971 [main] RFWebsiteDriver - TEXT fetched for count of pc autoship orders for next month is=9
[INFO ] 2018-03-06 20:18:14.980 [main] RFWebsiteDriver - Waiting for spin image to get disappear0
[INFO ] 2018-03-06 20:18:14.990 [main] RFWebsiteDriver - spin image disappears
[INFO ] 2018-03-06 20:18:14.990 [main] RFWebsiteDriver - waiting for locator By.xpath: //div[contains(@class,'white-fb')]/descendant::a[3]/descendant::span[2]
[INFO ] 2018-03-06 20:18:15.006 [main] RFWebsiteDriver - Element found
[INFO ] 2018-03-06 20:18:15.039 [main] RFWebsiteDriver - TEXT fetched for count of pc autoship orders for further out is=8
[INFO ] 2018-03-06 20:18:24.039 [main] RFWebsiteDriver - wait started for By.xpath: //div[contains(@class,'white-fb')]/descendant::a[1]/descendant::span[1]
[INFO ] 2018-03-06 20:18:24.039 [main] RFWebsiteDriver - waiting for locator By.xpath: //div[contains(@class,'white-fb')]/descendant::a[1]/descendant::span[1]
[INFO ] 2018-03-06 20:18:24.093 [main] RFWebsiteDriver - Element found
[INFO ] 2018-03-06 20:18:24.093 [main] RFWebsiteDriver - have orders for this month ready to be clicked
[INFO ] 2018-03-06 20:18:24.214 [main] RFWebsiteDriver - CLICKED on have orders for this month
[INFO ] 2018-03-06 20:18:34.316 [main] RFWebsiteDriver - wait started for By.xpath: //span[contains(text(),'Sorted by')]
[INFO ] 2018-03-06 20:18:34.316 [main] RFWebsiteDriver - waiting for locator By.xpath: //span[contains(text(),'Sorted by')]
[INFO ] 2018-03-06 20:18:34.333 [main] RFWebsiteDriver - Element found
[INFO ] 2018-03-06 20:18:34.333 [main] RFWebsiteDriver - filter ready to be clicked
[INFO ] 2018-03-06 20:18:34.415 [main] RFWebsiteDriver - CLICKED on filter
[INFO ] 2018-03-06 20:18:34.416 [main] RFWebsiteDriver - wait started for By.xpath: //span[contains(text(),'QV: Low to High')]
[INFO ] 2018-03-06 20:18:34.416 [main] RFWebsiteDriver - waiting for locator By.xpath: //span[contains(text(),'QV: Low to High')]
[INFO ] 2018-03-06 20:18:34.442 [main] RFWebsiteDriver - Element found
[INFO ] 2018-03-06 20:18:34.443 [main] RFWebsiteDriver - filter selected ready to be clicked
[INFO ] 2018-03-06 20:18:34.519 [main] RFWebsiteDriver - CLICKED on filter selected
[INFO ] 2018-03-06 20:18:34.600 [main] RFWebsiteDriver - Waiting For Page load via JS
[INFO ] 2018-03-06 20:18:34.613 [main] RFWebsiteDriver - page load complete..
[INFO ] 2018-03-06 20:18:34.633 [main] RFWebsiteDriver - Waiting for spin image to get disappear0
[INFO ] 2018-03-06 20:18:34.644 [main] RFWebsiteDriver - spin image disappears
[INFO ] 2018-03-06 20:18:34.645 [main] RFWebsiteDriver - wait started for By.xpath: //div[contains(@class,'white-fb')]/descendant::a[2]/descendant::span[1]
[INFO ] 2018-03-06 20:18:34.645 [main] RFWebsiteDriver - waiting for locator By.xpath: //div[contains(@class,'white-fb')]/descendant::a[2]/descendant::span[1]
[INFO ] 2018-03-06 20:18:34.665 [main] RFWebsiteDriver - Element found
[INFO ] 2018-03-06 20:18:34.665 [main] RFWebsiteDriver - have orders for this month ready to be clicked
[INFO ] 2018-03-06 20:18:34.813 [main] RFWebsiteDriver - CLICKED on have orders for this month
[INFO ] 2018-03-06 20:18:34.813 [main] RFWebsiteDriver - Waiting for LSD loading image to get disappear
[INFO ] 2018-03-06 20:18:35.848 [main] RFWebsiteDriver - waiting..
[INFO ] 2018-03-06 20:18:36.870 [main] RFWebsiteDriver - waiting..
[INFO ] 2018-03-06 20:18:37.909 [main] RFWebsiteDriver - waiting..
[INFO ] 2018-03-06 20:18:38.919 [main] RFWebsiteDriver - waiting..
[INFO ] 2018-03-06 20:18:39.953 [main] RFWebsiteDriver - waiting..
[INFO ] 2018-03-06 20:18:40.979 [main] RFWebsiteDriver - waiting..
[INFO ] 2018-03-06 20:18:42.001 [main] RFWebsiteDriver - waiting..
[INFO ] 2018-03-06 20:18:43.019 [main] RFWebsiteDriver - waiting..
[INFO ] 2018-03-06 20:18:44.054 [main] RFWebsiteDriver - waiting..
[INFO ] 2018-03-06 20:18:45.085 [main] RFWebsiteDriver - waiting..
[INFO ] 2018-03-06 20:18:46.112 [main] RFWebsiteDriver - waiting..
[INFO ] 2018-03-06 20:18:47.146 [main] RFWebsiteDriver - waiting..
[INFO ] 2018-03-06 20:18:48.168 [main] RFWebsiteDriver - waiting..
[INFO ] 2018-03-06 20:18:49.198 [main] RFWebsiteDriver - waiting..
[INFO ] 2018-03-06 20:18:50.219 [main] RFWebsiteDriver - waiting..
[INFO ] 2018-03-06 20:18:51.246 [main] RFWebsiteDriver - waiting..
[INFO ] 2018-03-06 20:18:52.276 [main] RFWebsiteDriver - waiting..
[INFO ] 2018-03-06 20:18:53.298 [main] RFWebsiteDriver - waiting..
[INFO ] 2018-03-06 20:18:54.330 [main] RFWebsiteDriver - waiting..
[INFO ] 2018-03-06 20:18:55.360 [main] RFWebsiteDriver - waiting..
[INFO ] 2018-03-06 20:18:55.361 [main] RFWebsiteDriver - wait started for By.xpath: //span[contains(text(),'Sorted by')]
[INFO ] 2018-03-06 20:18:55.361 [main] RFWebsiteDriver - waiting for locator By.xpath: //span[contains(text(),'Sorted by')]
[INFO ] 2018-03-06 20:18:55.392 [main] RFWebsiteDriver - Element found
[INFO ] 2018-03-06 20:18:55.393 [main] RFWebsiteDriver - filter ready to be clicked
[INFO ] 2018-03-06 20:18:55.498 [main] RFWebsiteDriver - CLICKED on filter
[INFO ] 2018-03-06 20:18:55.499 [main] RFWebsiteDriver - wait started for By.xpath: //span[contains(text(),'QV: Low to High')]
[INFO ] 2018-03-06 20:18:55.499 [main] RFWebsiteDriver - waiting for locator By.xpath: //span[contains(text(),'QV: Low to High')]
[INFO ] 2018-03-06 20:18:55.521 [main] RFWebsiteDriver - Element found
[INFO ] 2018-03-06 20:18:55.522 [main] RFWebsiteDriver - filter selected ready to be clicked
[INFO ] 2018-03-06 20:18:55.586 [main] RFWebsiteDriver - CLICKED on filter selected
[INFO ] 2018-03-06 20:18:56.002 [main] RFWebsiteDriver - Waiting For Page load via JS
[INFO ] 2018-03-06 20:18:56.012 [main] RFWebsiteDriver - page load complete..
[INFO ] 2018-03-06 20:19:05.013 [main] RFWebsiteDriver - wait started for By.xpath: //div[contains(@class,'white-fb')]/descendant::a[1]/descendant::span[1]
[INFO ] 2018-03-06 20:19:05.013 [main] RFWebsiteDriver - waiting for locator By.xpath: //div[contains(@class,'white-fb')]/descendant::a[1]/descendant::span[1]
[INFO ] 2018-03-06 20:19:05.035 [main] RFWebsiteDriver - Element found
[INFO ] 2018-03-06 20:19:05.035 [main] RFWebsiteDriver - have orders for this month ready to be clicked
[INFO ] 2018-03-06 20:19:05.116 [main] RFWebsiteDriver - CLICKED on have orders for this month
[INFO ] 2018-03-06 20:19:15.602 [main] RFWebsiteDriver - wait started for By.xpath: //span[contains(text(),'Sorted by')]
[INFO ] 2018-03-06 20:19:15.602 [main] RFWebsiteDriver - waiting for locator By.xpath: //span[contains(text(),'Sorted by')]
[INFO ] 2018-03-06 20:19:15.620 [main] RFWebsiteDriver - Element found
[INFO ] 2018-03-06 20:19:15.620 [main] RFWebsiteDriver - filter ready to be clicked
[INFO ] 2018-03-06 20:19:15.702 [main] RFWebsiteDriver - CLICKED on filter
[INFO ] 2018-03-06 20:19:15.702 [main] RFWebsiteDriver - wait started for By.xpath: //span[contains(text(),'QV: Low to High')]
[INFO ] 2018-03-06 20:19:15.702 [main] RFWebsiteDriver - waiting for locator By.xpath: //span[contains(text(),'QV: Low to High')]
[INFO ] 2018-03-06 20:19:15.714 [main] RFWebsiteDriver - Element found
[INFO ] 2018-03-06 20:19:15.715 [main] RFWebsiteDriver - filter selected ready to be clicked
[INFO ] 2018-03-06 20:19:15.779 [main] RFWebsiteDriver - CLICKED on filter selected
[INFO ] 2018-03-06 20:19:15.788 [main] TestListner - [TEST IS SUCCESSFUL -------- Test case testSortingByQVLowTohigh_3011q has passed]
[INFO ] 2018-03-06 20:19:15.794 [main] RFWebsiteDriver - URL opened is https://skywalker.rodanandfields.com
[INFO ] 2018-03-06 20:19:16.480 [main] RFWebsiteDriver - Waiting for LSD loading image to get disappear
[INFO ] 2018-03-06 20:19:16.616 [main] RFWebsiteDriver - LSD Animation image disappears
[INFO ] 2018-03-06 20:19:16.616 [main] RFWebsiteDriver - waiting for locator By.id: button-login
[INFO ] 2018-03-06 20:19:22.158 [main] RFWebsiteDriver - waiting for locator By.xpath: //div[text()='Hello,']/following-sibling::div[contains(@class,'text-uppercase')]
[INFO ] 2018-03-06 20:19:22.167 [main] RFWebsiteDriver - Element found
[INFO ] 2018-03-06 20:19:22.181 [main] RFWebsiteDriver - waiting for locator By.xpath: //div[text()='Hello,']/following-sibling::div[contains(@class,'text-uppercase')]
[INFO ] 2018-03-06 20:19:22.195 [main] RFWebsiteDriver - Element found
[INFO ] 2018-03-06 20:19:22.235 [main] RFWebsiteDriver - TEXT fetched for First name in overview section is=SYBIL
[INFO ] 2018-03-06 20:19:22.235 [main] RFLSDWebsiteBaseTest - Data returned by query: Sybil
[INFO ] 2018-03-06 20:19:22.240 [main] RFWebsiteDriver - wait started for By.xpath: //div[@id='rf-nav-wrapper']/descendant::img[2]
[INFO ] 2018-03-06 20:19:22.240 [main] RFWebsiteDriver - waiting for locator By.xpath: //div[@id='rf-nav-wrapper']/descendant::img[2]
[INFO ] 2018-03-06 20:19:22.259 [main] RFWebsiteDriver - Element found
[INFO ] 2018-03-06 20:19:22.259 [main] RFWebsiteDriver - R+F logo ready to be clicked
[INFO ] 2018-03-06 20:19:22.333 [main] RFWebsiteDriver - CLICKED on R+F logo
[INFO ] 2018-03-06 20:19:22.339 [main] TestListner - 
******************************************************************************************************************************
					TEST CASE NAME:                  testSortingMenuForNextMonth_2999q
******************************************************************************************************************************
[INFO ] 2018-03-06 20:19:22.343 [main] RFWebsiteDriver - wait started for By.xpath: //div[@id='rf-nav-wrapper']/descendant::span[text()='Pulse'][1]
[INFO ] 2018-03-06 20:19:22.344 [main] RFWebsiteDriver - waiting for locator By.xpath: //div[@id='rf-nav-wrapper']/descendant::span[text()='Pulse'][1]
[INFO ] 2018-03-06 20:19:22.366 [main] RFWebsiteDriver - Element found
[INFO ] 2018-03-06 20:19:22.366 [main] RFWebsiteDriver -  ready to be clicked
[INFO ] 2018-03-06 20:19:22.458 [main] RFWebsiteDriver - CLICKED on 
[INFO ] 2018-03-06 20:19:22.458 [main] LSDHomePage - Clicked on Pulse Submenu from Top Navigation
[INFO ] 2018-03-06 20:19:22.514 [main] RFWebsiteDriver - wait started for By.xpath: //a[contains(text(),'Customers')]
[INFO ] 2018-03-06 20:19:22.514 [main] RFWebsiteDriver - waiting for locator By.xpath: //a[contains(text(),'Customers')]
[INFO ] 2018-03-06 20:19:22.522 [main] RFWebsiteDriver - Element found
[INFO ] 2018-03-06 20:19:22.522 [main] RFWebsiteDriver -  ready to be clicked
[INFO ] 2018-03-06 20:19:22.604 [main] RFWebsiteDriver - CLICKED on 
[INFO ] 2018-03-06 20:19:22.605 [main] LSDHomePage - SubMenu Link : Customers clicked
[INFO ] 2018-03-06 20:19:22.671 [main] RFWebsiteDriver - Waiting for spin image to get disappear1
[INFO ] 2018-03-06 20:19:23.690 [main] RFWebsiteDriver - waiting..
[INFO ] 2018-03-06 20:19:23.709 [main] RFWebsiteDriver - spin image disappears
[INFO ] 2018-03-06 20:19:27.766 [main] RFWebsiteDriver - Waiting for spin image to get disappear0
[INFO ] 2018-03-06 20:19:27.787 [main] RFWebsiteDriver - spin image disappears
[INFO ] 2018-03-06 20:19:27.787 [main] RFWebsiteDriver - wait started for By.xpath: //div[contains(@class,'white-fb')]/descendant::a[2]/descendant::span[1]
[INFO ] 2018-03-06 20:19:27.787 [main] RFWebsiteDriver - waiting for locator By.xpath: //div[contains(@class,'white-fb')]/descendant::a[2]/descendant::span[1]
[INFO ] 2018-03-06 20:19:27.814 [main] RFWebsiteDriver - Element found
[INFO ] 2018-03-06 20:19:27.814 [main] RFWebsiteDriver - have orders for this month ready to be clicked
[INFO ] 2018-03-06 20:19:27.913 [main] RFWebsiteDriver - CLICKED on have orders for this month
[INFO ] 2018-03-06 20:19:27.913 [main] RFWebsiteDriver - Waiting for LSD loading image to get disappear
[INFO ] 2018-03-06 20:19:29.000 [main] RFWebsiteDriver - waiting..
[INFO ] 2018-03-06 20:19:30.024 [main] RFWebsiteDriver - waiting..
[INFO ] 2018-03-06 20:19:31.039 [main] RFWebsiteDriver - waiting..
[INFO ] 2018-03-06 20:19:32.068 [main] RFWebsiteDriver - waiting..
[INFO ] 2018-03-06 20:19:33.101 [main] RFWebsiteDriver - waiting..
[INFO ] 2018-03-06 20:19:34.118 [main] RFWebsiteDriver - waiting..
[INFO ] 2018-03-06 20:19:35.148 [main] RFWebsiteDriver - waiting..
[INFO ] 2018-03-06 20:19:36.176 [main] RFWebsiteDriver - waiting..
[INFO ] 2018-03-06 20:19:37.185 [main] RFWebsiteDriver - waiting..
[INFO ] 2018-03-06 20:19:38.196 [main] RFWebsiteDriver - waiting..
[INFO ] 2018-03-06 20:19:39.223 [main] RFWebsiteDriver - waiting..
[INFO ] 2018-03-06 20:19:40.249 [main] RFWebsiteDriver - waiting..
[INFO ] 2018-03-06 20:19:41.272 [main] RFWebsiteDriver - waiting..
[INFO ] 2018-03-06 20:19:42.300 [main] RFWebsiteDriver - waiting..
[INFO ] 2018-03-06 20:19:43.335 [main] RFWebsiteDriver - waiting..
[INFO ] 2018-03-06 20:19:44.366 [main] RFWebsiteDriver - waiting..
[INFO ] 2018-03-06 20:19:45.397 [main] RFWebsiteDriver - waiting..
[INFO ] 2018-03-06 20:19:46.422 [main] RFWebsiteDriver - waiting..
[INFO ] 2018-03-06 20:19:47.460 [main] RFWebsiteDriver - waiting..
[INFO ] 2018-03-06 20:19:48.490 [main] RFWebsiteDriver - waiting..
[INFO ] 2018-03-06 20:19:48.508 [main] RFWebsiteDriver - current URL is https://skywalker.rodanandfields.com/#/pcs/will-order
[INFO ] 2018-03-06 20:19:48.509 [main] RFWebsiteDriver - wait started for By.xpath: //span[contains(text(),'Sorted by')]
[INFO ] 2018-03-06 20:19:48.509 [main] RFWebsiteDriver - waiting for locator By.xpath: //span[contains(text(),'Sorted by')]
[INFO ] 2018-03-06 20:19:48.557 [main] RFWebsiteDriver - Element found
[INFO ] 2018-03-06 20:19:48.558 [main] RFWebsiteDriver - filter ready to be clicked
[INFO ] 2018-03-06 20:19:48.655 [main] RFWebsiteDriver - CLICKED on filter
[INFO ] 2018-03-06 20:19:49.263 [main] TestListner - [TEST IS SUCCESSFUL -------- Test case testSortingMenuForNextMonth_2999q has passed]
[INFO ] 2018-03-06 20:19:49.276 [main] RFWebsiteDriver - URL opened is https://skywalker.rodanandfields.com
[INFO ] 2018-03-06 20:19:49.708 [main] RFWebsiteDriver - Waiting for LSD loading image to get disappear
[INFO ] 2018-03-06 20:19:49.838 [main] RFWebsiteDriver - LSD Animation image disappears
[INFO ] 2018-03-06 20:19:49.838 [main] RFWebsiteDriver - waiting for locator By.id: button-login
[INFO ] 2018-03-06 20:19:55.028 [main] RFWebsiteDriver - waiting for locator By.xpath: //div[text()='Hello,']/following-sibling::div[contains(@class,'text-uppercase')]
[INFO ] 2018-03-06 20:19:55.037 [main] RFWebsiteDriver - Element found
[INFO ] 2018-03-06 20:19:55.046 [main] RFWebsiteDriver - waiting for locator By.xpath: //div[text()='Hello,']/following-sibling::div[contains(@class,'text-uppercase')]
[INFO ] 2018-03-06 20:19:55.055 [main] RFWebsiteDriver - Element found
[INFO ] 2018-03-06 20:19:55.091 [main] RFWebsiteDriver - TEXT fetched for First name in overview section is=SYBIL
[INFO ] 2018-03-06 20:19:55.091 [main] RFLSDWebsiteBaseTest - Data returned by query: Sybil
[INFO ] 2018-03-06 20:19:55.096 [main] RFWebsiteDriver - wait started for By.xpath: //div[@id='rf-nav-wrapper']/descendant::img[2]
[INFO ] 2018-03-06 20:19:55.096 [main] RFWebsiteDriver - waiting for locator By.xpath: //div[@id='rf-nav-wrapper']/descendant::img[2]
[INFO ] 2018-03-06 20:19:55.113 [main] RFWebsiteDriver - Element found
[INFO ] 2018-03-06 20:19:55.113 [main] RFWebsiteDriver - R+F logo ready to be clicked
[INFO ] 2018-03-06 20:19:55.188 [main] RFWebsiteDriver - CLICKED on R+F logo
[INFO ] 2018-03-06 20:19:55.191 [main] TestListner - 
******************************************************************************************************************************
					TEST CASE NAME:                  testSortingMenuForThisMonth_3000q
******************************************************************************************************************************
[INFO ] 2018-03-06 20:19:55.194 [main] RFWebsiteDriver - wait started for By.xpath: //div[@id='rf-nav-wrapper']/descendant::span[text()='Pulse'][1]
[INFO ] 2018-03-06 20:19:55.194 [main] RFWebsiteDriver - waiting for locator By.xpath: //div[@id='rf-nav-wrapper']/descendant::span[text()='Pulse'][1]
[INFO ] 2018-03-06 20:19:55.214 [main] RFWebsiteDriver - Element found
[INFO ] 2018-03-06 20:19:55.214 [main] RFWebsiteDriver -  ready to be clicked
[INFO ] 2018-03-06 20:19:55.284 [main] RFWebsiteDriver - CLICKED on 
[INFO ] 2018-03-06 20:19:55.284 [main] LSDHomePage - Clicked on Pulse Submenu from Top Navigation
[INFO ] 2018-03-06 20:19:55.326 [main] RFWebsiteDriver - wait started for By.xpath: //a[contains(text(),'Customers')]
[INFO ] 2018-03-06 20:19:55.326 [main] RFWebsiteDriver - waiting for locator By.xpath: //a[contains(text(),'Customers')]
[INFO ] 2018-03-06 20:19:55.334 [main] RFWebsiteDriver - Element found
[INFO ] 2018-03-06 20:19:55.334 [main] RFWebsiteDriver -  ready to be clicked
[INFO ] 2018-03-06 20:19:55.414 [main] RFWebsiteDriver - CLICKED on 
[INFO ] 2018-03-06 20:19:55.415 [main] LSDHomePage - SubMenu Link : Customers clicked
[INFO ] 2018-03-06 20:19:55.472 [main] RFWebsiteDriver - Waiting for spin image to get disappear1
[INFO ] 2018-03-06 20:19:56.487 [main] RFWebsiteDriver - waiting..
[INFO ] 2018-03-06 20:19:57.496 [main] RFWebsiteDriver - waiting..
[INFO ] 2018-03-06 20:19:57.508 [main] RFWebsiteDriver - spin image disappears
[INFO ] 2018-03-06 20:20:10.509 [main] RFWebsiteDriver - wait started for By.xpath: //div[contains(@class,'white-fb')]/descendant::a[1]/descendant::span[1]
[INFO ] 2018-03-06 20:20:10.509 [main] RFWebsiteDriver - waiting for locator By.xpath: //div[contains(@class,'white-fb')]/descendant::a[1]/descendant::span[1]
[INFO ] 2018-03-06 20:20:10.573 [main] RFWebsiteDriver - Element found
[INFO ] 2018-03-06 20:20:10.573 [main] RFWebsiteDriver - have orders for this month ready to be clicked
[INFO ] 2018-03-06 20:20:10.676 [main] RFWebsiteDriver - CLICKED on have orders for this month
[INFO ] 2018-03-06 20:20:20.771 [main] RFWebsiteDriver - current URL is https://skywalker.rodanandfields.com/#/pcs/have-orders
[INFO ] 2018-03-06 20:20:20.772 [main] RFWebsiteDriver - wait started for By.xpath: //span[contains(text(),'Sorted by')]
[INFO ] 2018-03-06 20:20:20.772 [main] RFWebsiteDriver - waiting for locator By.xpath: //span[contains(text(),'Sorted by')]
[INFO ] 2018-03-06 20:20:20.806 [main] RFWebsiteDriver - Element found
[INFO ] 2018-03-06 20:20:20.806 [main] RFWebsiteDriver - filter ready to be clicked
[INFO ] 2018-03-06 20:20:20.877 [main] RFWebsiteDriver - CLICKED on filter
[INFO ] 2018-03-06 20:20:21.539 [main] TestListner - [TEST IS SUCCESSFUL -------- Test case testSortingMenuForThisMonth_3000q has passed]
[INFO ] 2018-03-06 20:20:21.544 [main] RFWebsiteDriver - URL opened is https://skywalker.rodanandfields.com
[INFO ] 2018-03-06 20:20:22.229 [main] RFWebsiteDriver - Waiting for LSD loading image to get disappear
[INFO ] 2018-03-06 20:20:22.367 [main] RFWebsiteDriver - LSD Animation image disappears
[INFO ] 2018-03-06 20:20:22.367 [main] RFWebsiteDriver - waiting for locator By.id: button-login
[INFO ] 2018-03-06 20:20:27.878 [main] RFWebsiteDriver - waiting for locator By.xpath: //div[text()='Hello,']/following-sibling::div[contains(@class,'text-uppercase')]
[INFO ] 2018-03-06 20:20:27.887 [main] RFWebsiteDriver - Element found
[INFO ] 2018-03-06 20:20:27.900 [main] RFWebsiteDriver - waiting for locator By.xpath: //div[text()='Hello,']/following-sibling::div[contains(@class,'text-uppercase')]
[INFO ] 2018-03-06 20:20:27.909 [main] RFWebsiteDriver - Element found
[INFO ] 2018-03-06 20:20:27.942 [main] RFWebsiteDriver - TEXT fetched for First name in overview section is=SYBIL
[INFO ] 2018-03-06 20:20:27.942 [main] RFLSDWebsiteBaseTest - Data returned by query: Sybil
[INFO ] 2018-03-06 20:20:27.946 [main] RFWebsiteDriver - wait started for By.xpath: //div[@id='rf-nav-wrapper']/descendant::img[2]
[INFO ] 2018-03-06 20:20:27.946 [main] RFWebsiteDriver - waiting for locator By.xpath: //div[@id='rf-nav-wrapper']/descendant::img[2]
[INFO ] 2018-03-06 20:20:27.961 [main] RFWebsiteDriver - Element found
[INFO ] 2018-03-06 20:20:27.961 [main] RFWebsiteDriver - R+F logo ready to be clicked
[INFO ] 2018-03-06 20:20:28.024 [main] RFWebsiteDriver - CLICKED on R+F logo
[INFO ] 2018-03-06 20:20:28.026 [main] TestListner - 
******************************************************************************************************************************
					TEST CASE NAME:                  testTotalNumberOfDeactivatedPCs_2985q
******************************************************************************************************************************
[INFO ] 2018-03-06 20:20:28.029 [main] RFWebsiteDriver - Waiting for LSD loading image to get disappear
[INFO ] 2018-03-06 20:20:28.053 [main] RFWebsiteDriver - LSD loading image disappears
[INFO ] 2018-03-06 20:20:28.053 [main] RFWebsiteDriver - waiting for locator By.xpath: //div[@id='rf-nav-wrapper']/descendant::span[text()='Pulse'][1]
[INFO ] 2018-03-06 20:20:28.071 [main] RFWebsiteDriver - Element found
[INFO ] 2018-03-06 20:20:28.071 [main] RFWebsiteDriver - wait started for By.xpath: //div[@id='rf-nav-wrapper']/descendant::span[text()='Pulse'][1]
[INFO ] 2018-03-06 20:20:28.071 [main] RFWebsiteDriver - waiting for locator By.xpath: //div[@id='rf-nav-wrapper']/descendant::span[text()='Pulse'][1]
[INFO ] 2018-03-06 20:20:28.078 [main] RFWebsiteDriver - Element found
[INFO ] 2018-03-06 20:20:28.078 [main] RFWebsiteDriver - Pulse in top navigation ready to be clicked
[INFO ] 2018-03-06 20:20:28.161 [main] RFWebsiteDriver - CLICKED on Pulse in top navigation
[INFO ] 2018-03-06 20:20:28.161 [main] LSDRFWebsiteBasePage - Pulse in top navigation clicked
[INFO ] 2018-03-06 20:20:28.161 [main] LSDRFWebsiteBasePage - Logging out from pulse application
[INFO ] 2018-03-06 20:20:28.251 [main] RFWebsiteDriver - CLICKED on 
[INFO ] 2018-03-06 20:20:28.251 [main] RFWebsiteDriver - Waiting for LSD loading image to get disappear
[INFO ] 2018-03-06 20:20:28.262 [main] RFWebsiteDriver - LSD loading image disappears
[INFO ] 2018-03-06 20:20:28.263 [main] DBUtil - QUERY TRIGGERED IS DECLARE @AccountID INT = ( SELECT TOP 1 a.accountID FROM     RFOperations.RFO_Accounts.AccountBase (NOLOCK) a WHERE    a.AccountTypeID = 1 AND a.AccountStatusID = 1 AND EXISTS ( SELECT 1 FROM   RFOperations.Hybris.Autoship (NOLOCK) aa WHERE  aa.AccountID = a.AccountID AND aa.AutoshipTypeID = 3 AND aa.Active = 1 ) AND EXISTS ( SELECT 1 FROM   RFOperations.RFO_Accounts.AccountBase (NOLOCK) ab JOIN RFOperations.RFO_Accounts.AccountRF (NOLOCK) rf ON rf.AccountID = ab.AccountID WHERE  rf.SponsorId = a.AccountID AND ab.AccountTypeID = 2 AND CAST(rf.SoftTerminationDate AS DATE) > CAST(DATEADD(DAY, -60, GETDATE()) AS DATE) AND rf.Active = 0 ) ORDER BY NEWID() ) SELECT  COUNT(1) PCTerm60DaysCount , rf.SponsorId [Consultant] , ac.Username FROM    RFOperations.RFO_Accounts.AccountBase (NOLOCK) ab JOIN RFOperations.RFO_Accounts.AccountRF (NOLOCK) rf ON rf.AccountID = ab.AccountID JOIN RFOperations.RFO_Accounts.AccountBase (NOLOCK) sb ON sb.AccountID = rf.SponsorId JOIN RFOperations.Security.AccountSecurity (NOLOCK) ac ON ac.AccountID = sb.AccountID JOIN RFOperations.RFO_Accounts.AccountContacts c ON c.AccountId = ab.AccountID WHERE   rf.SponsorId = @AccountID AND ab.AccountTypeID = 2 AND CAST(rf.SoftTerminationDate AS DATE) > CAST(DATEADD(DAY, -60, GETDATE()) AS DATE) AND rf.Active = 0 GROUP BY rf.SponsorId , ac.Username 

[INFO ] 2018-03-06 20:20:29.269 [main] RFLSDWebsiteBaseTest - Data returned by query: null
[INFO ] 2018-03-06 20:20:29.269 [main] RFLSDWebsiteBaseTest - Data returned by query: mbrick@telusplanet.net
[INFO ] 2018-03-06 20:20:29.270 [main] RFLSDWebsiteBaseTest - Data returned by query: 1
[INFO ] 2018-03-06 20:20:29.270 [main] RFWebsiteDriver - waiting for locator By.id: username
[INFO ] 2018-03-06 20:20:29.323 [main] RFWebsiteDriver - Element found
[INFO ] 2018-03-06 20:20:29.323 [main] RFWebsiteDriver - Taking Screenshot
[INFO ] 2018-03-06 20:20:29.797 [main] RFWebsiteDriver - wait started for By.id: username
[INFO ] 2018-03-06 20:20:29.797 [main] RFWebsiteDriver - waiting for locator By.id: username
[INFO ] 2018-03-06 20:20:29.805 [main] RFWebsiteDriver - Element found
[INFO ] 2018-03-06 20:20:29.954 [main] RFWebsiteDriver - TYPED text as = mbrick@telusplanet.net in  text field
[INFO ] 2018-03-06 20:20:29.954 [main] LSDLoginPage - username is mbrick@telusplanet.net
[INFO ] 2018-03-06 20:20:29.954 [main] RFWebsiteDriver - wait started for By.id: password
[INFO ] 2018-03-06 20:20:29.954 [main] RFWebsiteDriver - waiting for locator By.id: password
[INFO ] 2018-03-06 20:20:29.971 [main] RFWebsiteDriver - Element found
[INFO ] 2018-03-06 20:20:30.088 [main] RFWebsiteDriver - TYPED text as = 111Maiden$ in  text field
[INFO ] 2018-03-06 20:20:30.088 [main] LSDLoginPage - password is 111Maiden$
[INFO ] 2018-03-06 20:20:30.089 [main] RFWebsiteDriver - wait started for By.id: button-login
[INFO ] 2018-03-06 20:20:30.089 [main] RFWebsiteDriver - waiting for locator By.id: button-login
[INFO ] 2018-03-06 20:20:30.097 [main] RFWebsiteDriver - Element found
[INFO ] 2018-03-06 20:20:30.097 [main] RFWebsiteDriver -  ready to be clicked
[INFO ] 2018-03-06 20:20:30.175 [main] RFWebsiteDriver - CLICKED on 
[INFO ] 2018-03-06 20:20:37.032 [main] RFWebsiteDriver - Waiting for login button to get disappear
[INFO ] 2018-03-06 20:20:37.049 [main] RFWebsiteDriver - login button disappears
[INFO ] 2018-03-06 20:20:37.092 [main] RFWebsiteDriver - waiting for locator By.xpath: //div[text()='Hello,']/following-sibling::div[contains(@class,'text-uppercase')]
[INFO ] 2018-03-06 20:20:37.101 [main] RFWebsiteDriver - Element found
[INFO ] 2018-03-06 20:20:37.114 [main] RFWebsiteDriver - wait started for By.xpath: //div[@id='rf-nav-wrapper']/descendant::span[text()='Pulse'][1]
[INFO ] 2018-03-06 20:20:37.114 [main] RFWebsiteDriver - waiting for locator By.xpath: //div[@id='rf-nav-wrapper']/descendant::span[text()='Pulse'][1]
[INFO ] 2018-03-06 20:20:37.125 [main] RFWebsiteDriver - Element found
[INFO ] 2018-03-06 20:20:37.125 [main] RFWebsiteDriver -  ready to be clicked
[INFO ] 2018-03-06 20:20:37.215 [main] RFWebsiteDriver - CLICKED on 
[INFO ] 2018-03-06 20:20:37.216 [main] LSDHomePage - Clicked on Pulse Submenu from Top Navigation
[INFO ] 2018-03-06 20:20:37.277 [main] RFWebsiteDriver - wait started for By.xpath: //a[contains(text(),'Customers')]
[INFO ] 2018-03-06 20:20:37.277 [main] RFWebsiteDriver - waiting for locator By.xpath: //a[contains(text(),'Customers')]
[INFO ] 2018-03-06 20:20:37.288 [main] RFWebsiteDriver - Element found
[INFO ] 2018-03-06 20:20:37.288 [main] RFWebsiteDriver -  ready to be clicked
[INFO ] 2018-03-06 20:20:37.398 [main] RFWebsiteDriver - CLICKED on 
[INFO ] 2018-03-06 20:20:37.398 [main] LSDHomePage - SubMenu Link : Customers clicked
[INFO ] 2018-03-06 20:20:37.465 [main] RFWebsiteDriver - Waiting for spin image to get disappear1
[INFO ] 2018-03-06 20:20:38.483 [main] RFWebsiteDriver - waiting..
[INFO ] 2018-03-06 20:20:39.494 [main] RFWebsiteDriver - waiting..
[INFO ] 2018-03-06 20:20:40.504 [main] RFWebsiteDriver - waiting..
[INFO ] 2018-03-06 20:20:41.527 [main] RFWebsiteDriver - waiting..
[INFO ] 2018-03-06 20:20:42.551 [main] RFWebsiteDriver - waiting..
[INFO ] 2018-03-06 20:20:43.562 [main] RFWebsiteDriver - waiting..
[INFO ] 2018-03-06 20:20:44.595 [main] RFWebsiteDriver - waiting..
[INFO ] 2018-03-06 20:20:45.630 [main] RFWebsiteDriver - waiting..
[INFO ] 2018-03-06 20:20:46.662 [main] RFWebsiteDriver - waiting..
[INFO ] 2018-03-06 20:20:47.693 [main] RFWebsiteDriver - waiting..
[INFO ] 2018-03-06 20:20:51.725 [main] RFWebsiteDriver - Waiting for spin image to get disappear1
[INFO ] 2018-03-06 20:20:52.746 [main] RFWebsiteDriver - waiting..
[INFO ] 2018-03-06 20:20:53.785 [main] RFWebsiteDriver - waiting..
[INFO ] 2018-03-06 20:20:54.815 [main] RFWebsiteDriver - waiting..
[INFO ] 2018-03-06 20:20:54.838 [main] RFWebsiteDriver - spin image disappears
[INFO ] 2018-03-06 20:20:58.839 [main] RFWebsiteDriver - waiting for locator By.xpath: //h1[contains(text(),'View Your Customers')]/following::span[4]
[INFO ] 2018-03-06 20:20:58.890 [main] RFWebsiteDriver - Element found
[INFO ] 2018-03-06 20:20:58.947 [main] RFWebsiteDriver - TEXT fetched for count of deactivated pcs is=1
[INFO ] 2018-03-06 20:20:59.006 [main] RFWebsiteDriver - wait started for By.xpath: //h1[contains(text(),'View Your Customers')]/following::span[3]
[INFO ] 2018-03-06 20:20:59.006 [main] RFWebsiteDriver - waiting for locator By.xpath: //h1[contains(text(),'View Your Customers')]/following::span[3]
[INFO ] 2018-03-06 20:20:59.021 [main] RFWebsiteDriver - Element found
[INFO ] 2018-03-06 20:20:59.021 [main] RFWebsiteDriver - 3 category clicked ready to be clicked
[INFO ] 2018-03-06 20:20:59.108 [main] RFWebsiteDriver - CLICKED on 3 category clicked
[INFO ] 2018-03-06 20:20:59.108 [main] RFWebsiteDriver - wait started for By.xpath: //h1[contains(text(),'Deactivated PC')]/../descendant::span[1]
[INFO ] 2018-03-06 20:20:59.108 [main] RFWebsiteDriver - waiting for locator By.xpath: //h1[contains(text(),'Deactivated PC')]/../descendant::span[1]
[INFO ] 2018-03-06 20:20:59.662 [main] RFWebsiteDriver - Element found
[INFO ] 2018-03-06 20:20:59.663 [main] RFWebsiteDriver - waiting for locator By.xpath: //h1[contains(text(),'Deactivated PC')]/../descendant::span[1]
[INFO ] 2018-03-06 20:20:59.687 [main] RFWebsiteDriver - Element found
[INFO ] 2018-03-06 20:20:59.769 [main] RFWebsiteDriver - TEXT fetched for count of deactivated pc at header is=1
[INFO ] 2018-03-06 20:20:59.770 [main] TestListner - [TEST IS SUCCESSFUL -------- Test case testTotalNumberOfDeactivatedPCs_2985q has passed]
[INFO ] 2018-03-06 20:20:59.776 [main] RFWebsiteDriver - URL opened is https://skywalker.rodanandfields.com
[INFO ] 2018-03-06 20:21:00.274 [main] RFWebsiteDriver - Waiting for LSD loading image to get disappear
[INFO ] 2018-03-06 20:21:00.373 [main] RFWebsiteDriver - LSD Animation image disappears
[INFO ] 2018-03-06 20:21:00.374 [main] RFWebsiteDriver - waiting for locator By.id: button-login
[INFO ] 2018-03-06 20:21:05.926 [main] RFWebsiteDriver - waiting for locator By.xpath: //div[text()='Hello,']/following-sibling::div[contains(@class,'text-uppercase')]
[INFO ] 2018-03-06 20:21:05.934 [main] RFWebsiteDriver - Element found
[INFO ] 2018-03-06 20:21:05.942 [main] RFWebsiteDriver - waiting for locator By.xpath: //div[text()='Hello,']/following-sibling::div[contains(@class,'text-uppercase')]
[INFO ] 2018-03-06 20:21:05.949 [main] RFWebsiteDriver - Element found
[INFO ] 2018-03-06 20:21:05.984 [main] RFWebsiteDriver - TEXT fetched for First name in overview section is=MICHELLE
[INFO ] 2018-03-06 20:21:05.984 [main] RFLSDWebsiteBaseTest - Data returned by query: Sybil
[INFO ] 2018-03-06 20:21:05.984 [main] RFWebsiteDriver - Waiting for LSD loading image to get disappear
[INFO ] 2018-03-06 20:21:05.997 [main] RFWebsiteDriver - LSD loading image disappears
[INFO ] 2018-03-06 20:21:05.997 [main] RFWebsiteDriver - waiting for locator By.xpath: //div[@id='rf-nav-wrapper']/descendant::span[text()='Pulse'][1]
[INFO ] 2018-03-06 20:21:06.011 [main] RFWebsiteDriver - Element found
[INFO ] 2018-03-06 20:21:06.011 [main] RFWebsiteDriver - wait started for By.xpath: //div[@id='rf-nav-wrapper']/descendant::span[text()='Pulse'][1]
[INFO ] 2018-03-06 20:21:06.011 [main] RFWebsiteDriver - waiting for locator By.xpath: //div[@id='rf-nav-wrapper']/descendant::span[text()='Pulse'][1]
[INFO ] 2018-03-06 20:21:06.019 [main] RFWebsiteDriver - Element found
[INFO ] 2018-03-06 20:21:06.019 [main] RFWebsiteDriver - Pulse in top navigation ready to be clicked
[INFO ] 2018-03-06 20:21:06.094 [main] RFWebsiteDriver - CLICKED on Pulse in top navigation
[INFO ] 2018-03-06 20:21:06.095 [main] LSDRFWebsiteBasePage - Pulse in top navigation clicked
[INFO ] 2018-03-06 20:21:06.095 [main] LSDRFWebsiteBasePage - Logging out from pulse application
[INFO ] 2018-03-06 20:21:06.750 [main] RFWebsiteDriver - CLICKED on 
[INFO ] 2018-03-06 20:21:06.750 [main] RFWebsiteDriver - Waiting for LSD loading image to get disappear
[INFO ] 2018-03-06 20:21:06.774 [main] RFWebsiteDriver - LSD loading image disappears
[INFO ] 2018-03-06 20:21:06.774 [main] RFWebsiteDriver - waiting for locator By.id: username
[INFO ] 2018-03-06 20:21:07.346 [main] RFWebsiteDriver - Element found
[INFO ] 2018-03-06 20:21:07.346 [main] RFWebsiteDriver - Taking Screenshot
[INFO ] 2018-03-06 20:21:07.715 [main] RFWebsiteDriver - wait started for By.id: username
[INFO ] 2018-03-06 20:21:07.715 [main] RFWebsiteDriver - waiting for locator By.id: username
[INFO ] 2018-03-06 20:21:07.725 [main] RFWebsiteDriver - Element found
[INFO ] 2018-03-06 20:21:07.882 [main] RFWebsiteDriver - TYPED text as = sybilasner@gmail.com in  text field
[INFO ] 2018-03-06 20:21:07.882 [main] LSDLoginPage - username is sybilasner@gmail.com
[INFO ] 2018-03-06 20:21:07.882 [main] RFWebsiteDriver - wait started for By.id: password
[INFO ] 2018-03-06 20:21:07.882 [main] RFWebsiteDriver - waiting for locator By.id: password
[INFO ] 2018-03-06 20:21:07.902 [main] RFWebsiteDriver - Element found
[INFO ] 2018-03-06 20:21:08.022 [main] RFWebsiteDriver - TYPED text as = 111Maiden$ in  text field
[INFO ] 2018-03-06 20:21:08.022 [main] LSDLoginPage - password is 111Maiden$
[INFO ] 2018-03-06 20:21:08.022 [main] RFWebsiteDriver - wait started for By.id: button-login
[INFO ] 2018-03-06 20:21:08.022 [main] RFWebsiteDriver - waiting for locator By.id: button-login
[INFO ] 2018-03-06 20:21:08.032 [main] RFWebsiteDriver - Element found
[INFO ] 2018-03-06 20:21:08.032 [main] RFWebsiteDriver -  ready to be clicked
[INFO ] 2018-03-06 20:21:08.216 [main] RFWebsiteDriver - CLICKED on 
[INFO ] 2018-03-06 20:21:08.216 [main] RFWebsiteDriver - CLICKED on 
[INFO ] 2018-03-06 20:21:17.023 [main] RFWebsiteDriver - wait started for By.xpath: //div[@id='rf-nav-wrapper']/descendant::img[2]
[INFO ] 2018-03-06 20:21:17.024 [main] RFWebsiteDriver - waiting for locator By.xpath: //div[@id='rf-nav-wrapper']/descendant::img[2]
[INFO ] 2018-03-06 20:21:17.050 [main] RFWebsiteDriver - Element found
[INFO ] 2018-03-06 20:21:17.050 [main] RFWebsiteDriver - R+F logo ready to be clicked
[INFO ] 2018-03-06 20:21:17.162 [main] RFWebsiteDriver - CLICKED on R+F logo
[INFO ] 2018-03-06 20:21:17.164 [main] TestListner - 
******************************************************************************************************************************
					TEST CASE NAME:                  testTotalNumberOfPCsThisMonth_3013q
******************************************************************************************************************************
[INFO ] 2018-03-06 20:21:17.168 [main] DBUtil - QUERY TRIGGERED IS DECLARE @AccountID INT = null ;WITH PCAchievedOrders AS ( SELECT COUNT( ro.OrderID) Ocount , ro.ConsultantID FROM RFOperations.Hybris.orders (NOLOCK) ro JOIN RFOperations.RFO_Accounts.AccountBase ab ON ab.AccountID = ro.AccountID WHERE ro.ConsultantID = @AccountID AND ro.OrderStatusID IN ( 2, 4, 5 ) AND ab.AccountTypeID = 2 AND ro.CompletionDate BETWEEN CAST(DATEADD(DAY, 1, DATEADD(MONTH, -1, EOMONTH(GETDATE()))) AS DATE) AND GETDATE() AND ro.AutoShipID IS NOT NULL GROUP BY ro.ConsultantID ), PenddingPCTemplate AS ( SELECT COUNT( a.AutoshipID) PCount , a.ConsultantID FROM RFOperations.Hybris.Autoship (NOLOCK) a JOIN RFOperations.RFO_Accounts.AccountBase (NOLOCK) ab ON ab.AccountID = a.AccountID JOIN RFOperations.RFO_Accounts.AccountContacts ac ON ac.AccountId = ab.AccountID WHERE a.ConsultantID = @AccountID AND a.AutoshipTypeID = 1 AND ab.AccountTypeID = 2 AND a.Active = 1 AND CAST(a.NextRunDate AS DATE) BETWEEN CAST(DATEADD(DAY, 1, DATEADD(MONTH, -1, EOMONTH(GETDATE()))) AS DATE) AND EOMONTH(GETDATE()) GROUP BY a.ConsultantID ) SELECT ab.AccountID , ISNULL(p.PCount, 0) + ISNULL(o.Ocount, 0) AS [Totol PC Order Counts] FROM RFOperations.RFO_Accounts.AccountBase ab LEFT JOIN PCAchievedOrders o ON o.ConsultantID = ab.AccountID LEFT JOIN PenddingPCTemplate p ON p.ConsultantID = ab.AccountID WHERE ab.AccountID = @AccountID

[INFO ] 2018-03-06 20:21:17.347 [main] RFLSDWebsiteBaseTest - Data returned by query: null
[INFO ] 2018-03-06 20:21:17.347 [main] RFWebsiteDriver - wait started for By.xpath: //div[@id='rf-nav-wrapper']/descendant::span[text()='Pulse'][1]
[INFO ] 2018-03-06 20:21:17.347 [main] RFWebsiteDriver - waiting for locator By.xpath: //div[@id='rf-nav-wrapper']/descendant::span[text()='Pulse'][1]
[INFO ] 2018-03-06 20:21:17.368 [main] RFWebsiteDriver - Element found
[INFO ] 2018-03-06 20:21:17.368 [main] RFWebsiteDriver -  ready to be clicked
[INFO ] 2018-03-06 20:21:17.452 [main] RFWebsiteDriver - CLICKED on 
[INFO ] 2018-03-06 20:21:17.452 [main] LSDHomePage - Clicked on Pulse Submenu from Top Navigation
[INFO ] 2018-03-06 20:21:17.511 [main] RFWebsiteDriver - wait started for By.xpath: //a[contains(text(),'Customers')]
[INFO ] 2018-03-06 20:21:17.511 [main] RFWebsiteDriver - waiting for locator By.xpath: //a[contains(text(),'Customers')]
[INFO ] 2018-03-06 20:21:17.520 [main] RFWebsiteDriver - Element found
[INFO ] 2018-03-06 20:21:17.520 [main] RFWebsiteDriver -  ready to be clicked
[INFO ] 2018-03-06 20:21:17.608 [main] RFWebsiteDriver - CLICKED on 
[INFO ] 2018-03-06 20:21:17.608 [main] LSDHomePage - SubMenu Link : Customers clicked
[INFO ] 2018-03-06 20:21:17.669 [main] RFWebsiteDriver - Waiting for spin image to get disappear1
[INFO ] 2018-03-06 20:21:18.680 [main] RFWebsiteDriver - waiting..
[INFO ] 2018-03-06 20:21:18.735 [main] RFWebsiteDriver - spin image disappears
[INFO ] 2018-03-06 20:21:22.775 [main] RFWebsiteDriver - Waiting for spin image to get disappear0
[INFO ] 2018-03-06 20:21:22.792 [main] RFWebsiteDriver - spin image disappears
[INFO ] 2018-03-06 20:21:22.793 [main] RFWebsiteDriver - waiting for locator By.xpath: //div[contains(@class,'white-fb')]/descendant::a[1]/descendant::span[2]
[INFO ] 2018-03-06 20:21:22.831 [main] RFWebsiteDriver - Element found
[INFO ] 2018-03-06 20:21:22.876 [main] RFWebsiteDriver - TEXT fetched for count of pc autoship orders for this month is=3
[INFO ] 2018-03-06 20:21:22.876 [main] SoftAssert - VERIFICATION FAILED: Expected count of order is null actual on UI is 3 expected [true] but found [false]
[INFO ] 2018-03-06 20:21:22.876 [main] SoftAssert - Expected: true
[INFO ] 2018-03-06 20:21:22.876 [main] SoftAssert - Actual: false
[INFO ] 2018-03-06 20:21:22.876 [main] RFWebsiteDriver - Taking Screenshot
[INFO ] 2018-03-06 20:21:23.240 [main] SoftAssert - Snapshot Path :<a href='C:\Users\bpkotamahanti\Bindu\Automation\qa-automation\output\Screenshots\testTotalNumberOfPCsThisMonth_3013q\Expected count of order is null actual on UI is 3 expected [true] but found [false].png'>C:\Users\bpkotamahanti\Bindu\Automation\qa-automation\output\Screenshots\testTotalNumberOfPCsThisMonth_3013q\Expected count of order is null actual on UI is 3 expected [true] but found [false].png</a>

[INFO ] 2018-03-06 20:21:32.241 [main] RFWebsiteDriver - wait started for By.xpath: //div[contains(@class,'white-fb')]/descendant::a[1]/descendant::span[1]
[INFO ] 2018-03-06 20:21:32.241 [main] RFWebsiteDriver - waiting for locator By.xpath: //div[contains(@class,'white-fb')]/descendant::a[1]/descendant::span[1]
[INFO ] 2018-03-06 20:21:32.305 [main] RFWebsiteDriver - Element found
[INFO ] 2018-03-06 20:21:32.306 [main] RFWebsiteDriver - have orders for this month ready to be clicked
[INFO ] 2018-03-06 20:21:32.412 [main] RFWebsiteDriver - CLICKED on have orders for this month
[INFO ] 2018-03-06 20:21:42.492 [main] RFWebsiteDriver - wait started for By.xpath: //h1[contains(text(),'have orders this month')]/preceding::span[1]
[INFO ] 2018-03-06 20:21:42.492 [main] RFWebsiteDriver - waiting for locator By.xpath: //h1[contains(text(),'have orders this month')]/preceding::span[1]
[INFO ] 2018-03-06 20:21:42.516 [main] RFWebsiteDriver - Element found
[INFO ] 2018-03-06 20:21:42.517 [main] RFWebsiteDriver - waiting for locator By.xpath: //h1[contains(text(),'have orders this month')]/preceding::span[1]
[INFO ] 2018-03-06 20:21:42.526 [main] RFWebsiteDriver - Element found
[INFO ] 2018-03-06 20:21:42.564 [main] RFWebsiteDriver - TEXT fetched for count of pc autoship orders for this month at header is=3
[INFO ] 2018-03-06 20:21:42.564 [main] SoftAssert - VERIFICATION FAILED: Expected count of order at header is null actual on UI is 3 expected [true] but found [false]
[INFO ] 2018-03-06 20:21:42.564 [main] SoftAssert - Expected: true
[INFO ] 2018-03-06 20:21:42.564 [main] SoftAssert - Actual: false
[INFO ] 2018-03-06 20:21:42.564 [main] RFWebsiteDriver - Taking Screenshot
[INFO ] 2018-03-06 20:21:42.882 [main] SoftAssert - Snapshot Path :<a href='C:\Users\bpkotamahanti\Bindu\Automation\qa-automation\output\Screenshots\testTotalNumberOfPCsThisMonth_3013q\Expected count of order at header is null actual on UI is 3 expected [true] but found [false].png'>C:\Users\bpkotamahanti\Bindu\Automation\qa-automation\output\Screenshots\testTotalNumberOfPCsThisMonth_3013q\Expected count of order at header is null actual on UI is 3 expected [true] but found [false].png</a>

[INFO ] 2018-03-06 20:21:42.883 [main] TestListner - [TEST HAS FAILED-------- Test case testTotalNumberOfPCsThisMonth_3013q has failed] due to reason:-<br>  java.lang.AssertionError: 1.Expected count of order at header is null actual on UI is 3

 1.Expected count of order is null actual on UI is 3

[INFO ] 2018-03-06 20:21:42.892 [main] RFWebsiteDriver - URL opened is https://skywalker.rodanandfields.com
[INFO ] 2018-03-06 20:21:43.467 [main] RFWebsiteDriver - Waiting for LSD loading image to get disappear
[INFO ] 2018-03-06 20:21:43.599 [main] RFWebsiteDriver - LSD Animation image disappears
[INFO ] 2018-03-06 20:21:43.599 [main] RFWebsiteDriver - Waiting for LSD loading image to get disappear
[INFO ] 2018-03-06 20:21:44.687 [main] RFWebsiteDriver - waiting..
[INFO ] 2018-03-06 20:21:45.721 [main] RFWebsiteDriver - waiting..
[INFO ] 2018-03-06 20:21:45.835 [main] RFWebsiteDriver - LSD loading image disappears
[INFO ] 2018-03-06 20:21:45.836 [main] RFWebsiteDriver - waiting for locator By.xpath: //div[@id='rf-nav-wrapper']/descendant::span[text()='Pulse'][1]
[INFO ] 2018-03-06 20:21:45.856 [main] RFWebsiteDriver - Element found
[INFO ] 2018-03-06 20:21:45.856 [main] RFWebsiteDriver - wait started for By.xpath: //div[@id='rf-nav-wrapper']/descendant::span[text()='Pulse'][1]
[INFO ] 2018-03-06 20:21:45.856 [main] RFWebsiteDriver - waiting for locator By.xpath: //div[@id='rf-nav-wrapper']/descendant::span[text()='Pulse'][1]
[INFO ] 2018-03-06 20:21:45.870 [main] RFWebsiteDriver - Element found
[INFO ] 2018-03-06 20:21:45.870 [main] RFWebsiteDriver - Pulse in top navigation ready to be clicked
[INFO ] 2018-03-06 20:21:45.936 [main] RFWebsiteDriver - CLICKED on Pulse in top navigation
[INFO ] 2018-03-06 20:21:45.936 [main] LSDRFWebsiteBasePage - Pulse in top navigation clicked
[INFO ] 2018-03-06 20:21:45.936 [main] LSDRFWebsiteBasePage - Logging out from pulse application
[INFO ] 2018-03-06 20:21:46.141 [main] RFWebsiteDriver - CLICKED on 
[INFO ] 2018-03-06 20:21:46.141 [main] RFWebsiteDriver - Waiting for LSD loading image to get disappear
[INFO ] 2018-03-06 20:21:46.155 [main] RFWebsiteDriver - LSD loading image disappears
