[DEBUG] 2018-02-27 20:02:25.033 [main] RFBaseTest - Started execution with  null
[INFO ] 2018-02-27 20:02:28.646 [main] RFBaseTest - Environment properties are not provided by the user ... loading the default properties
[INFO ] 2018-02-27 20:02:29.066 [main] RFBaseTest - Default Browser is  ------ chrome
[INFO ] 2018-02-27 20:02:29.574 [main] RFBaseTest - Default URL is  ------ https://skywalker.rodanandfields.com
[INFO ] 2018-02-27 20:02:30.181 [main] RFBaseTest - Default user password is  ------ 111Maiden$
[INFO ] 2018-02-27 20:02:43.437 [main] RFBaseTest - Default Country is  ------ us
[INFO ] 2018-02-27 20:02:45.951 [main] RFBaseTest - Default DB IP is  ------ 10.3.0.218
[INFO ] 2018-02-27 20:02:46.523 [main] RFBaseTest - Default DB Username is  ------ perftest
[INFO ] 2018-02-27 20:02:47.222 [main] RFBaseTest - Default DB Password is  ------ perftest
[INFO ] 2018-02-27 20:02:48.338 [main] RFBaseTest - Default DB Domain is  ------ RF
[INFO ] 2018-02-27 20:03:42.175 [main] RFWebsiteDriver - Window is maximized
[INFO ] 2018-02-27 20:03:42.182 [main] RFWebsiteDriver - All cookies deleted
[INFO ] 2018-02-27 20:04:01.990 [main] RFWebsiteDriver - URL opened is https://skywalker.rodanandfields.com
[INFO ] 2018-02-27 20:04:08.264 [main] RFLSDWebsiteBaseTest - Application loaded
[INFO ] 2018-02-27 20:05:14.449 [main] RFWebsiteDriver - DB connections are set
[INFO ] 2018-02-27 22:20:41.834 [main] DBUtil - QUERY TRIGGERED IS SELECT top 1 * FROM Commissions.[calcs].[vwQualificationSummary] where SV!=0 and PSQV!=0 and EClegs>2 and L1L2!=0 and L1L6!=0  and periodid= LEFT(CONVERT(varchar, GetDate(),112),6)  order by PeriodID desc

[INFO ] 2018-02-27 22:20:57.615 [main] RFLSDWebsiteBaseTest - Data returned by query: 2
[INFO ] 2018-02-27 22:21:00.165 [main] DBUtil - QUERY TRIGGERED IS SELECT  ab.AccountID ,ac.FirstName ,ac.LastName ,acs.Username FROM  RFOperations.RFO_Accounts.AccountBase ab JOIN RFOperations.RFO_Accounts.AccountRF rf ON rf.AccountID = ab.AccountID JOIN RFOperations.RFO_Accounts.AccountContacts ac ON ac.AccountId = ab.AccountID LEFT JOIN RFOperations.Security.AccountSecurity acs ON acs.AccountID = ab.AccountID LEFT JOIN RFOperations.RFO_Reference.AccountType t ON t.AccountTypeID = ab.AccountTypeID LEFT JOIN RFOperations.RFO_Reference.AccountStatus s ON s.AccountStatusID = ab.AccountStatusID LEFT JOIN RFOperations.RFO_Reference.Countries c ON c.CountryID = ab.CountryID WHERE   ab.AccountID = 2

[INFO ] 2018-02-27 22:21:02.351 [main] RFLSDWebsiteBaseTest - Data returned by query: 0
[INFO ] 2018-02-27 22:21:06.923 [main] DBUtil - QUERY TRIGGERED IS select EmailAddress from RFO_Accounts.AccountContacts acTB INNER JOIN RFO_Accounts.AccountEmails aeTB  on acTB.AccountContactId=aeTB.AccountContactId INNER JOIN RFO_Accounts.EmailAddresses aEMTB on aeTB.EmailAddressID=aEMTB.EmailAddressID WHERE acTB.AccountID='2' and aEMTB.EmailAddressTypeID=1 

[INFO ] 2018-02-27 22:22:48.806 [main] RFLSDWebsiteBaseTest - Data returned by query: noreply@rodanandfields.com
[INFO ] 2018-02-27 22:22:50.431 [main] RFWebsiteDriver - Waiting for LSD loading image to get disappear
[INFO ] 2018-02-27 22:22:50.750 [main] RFWebsiteDriver - LSD loading image disappears
[INFO ] 2018-02-27 22:22:53.264 [main] RFWebsiteDriver - waiting for locator By.id: username
[INFO ] 2018-02-27 22:22:53.537 [main] RFWebsiteDriver - Element found
[INFO ] 2018-02-27 22:22:53.543 [main] RFWebsiteDriver - Taking Screenshot
[INFO ] 2018-02-27 22:22:55.009 [main] RFWebsiteDriver - wait started for By.id: username
[INFO ] 2018-02-27 22:22:55.016 [main] RFWebsiteDriver - waiting for locator By.id: username
[INFO ] 2018-02-27 22:22:55.117 [main] RFWebsiteDriver - Element found
[INFO ] 2018-02-27 22:22:55.690 [main] RFWebsiteDriver - TYPED text as = noreply@rodanandfields.com in  text field
[INFO ] 2018-02-27 22:22:55.696 [main] LSDLoginPage - username is noreply@rodanandfields.com
[INFO ] 2018-02-27 22:23:06.480 [main] RFWebsiteDriver - wait started for By.id: password
[INFO ] 2018-02-27 22:23:06.487 [main] RFWebsiteDriver - waiting for locator By.id: password
[INFO ] 2018-02-27 22:23:06.596 [main] RFWebsiteDriver - Element found
[INFO ] 2018-02-27 22:23:07.017 [main] RFWebsiteDriver - TYPED text as = 111Maiden$ in  text field
[INFO ] 2018-02-27 22:23:07.027 [main] LSDLoginPage - password is 111Maiden$
[INFO ] 2018-02-27 22:23:09.133 [main] RFWebsiteDriver - wait started for By.id: button-login
[INFO ] 2018-02-27 22:23:09.140 [main] RFWebsiteDriver - waiting for locator By.id: button-login
[INFO ] 2018-02-27 22:23:09.248 [main] RFWebsiteDriver - Element found
[INFO ] 2018-02-27 22:23:09.256 [main] RFWebsiteDriver -  ready to be clicked
[INFO ] 2018-02-27 22:23:09.489 [main] RFWebsiteDriver - CLICKED on 
[INFO ] 2018-02-27 22:23:51.368 [main] RFWebsiteDriver - URL opened is https://skywalker.rodanandfields.com
[INFO ] 2018-02-27 22:23:52.001 [main] RFWebsiteDriver - Waiting for LSD loading image to get disappear
[INFO ] 2018-02-27 22:23:52.043 [main] RFWebsiteDriver - LSD Animation image disappears
[INFO ] 2018-02-27 22:23:52.043 [main] RFWebsiteDriver - waiting for locator By.id: button-login
[INFO ] 2018-02-27 22:23:57.524 [main] RFWebsiteDriver - waiting for locator By.xpath: //div[text()='Hello,']/following-sibling::div[contains(@class,'text-uppercase')]
[INFO ] 2018-02-27 22:23:57.534 [main] RFWebsiteDriver - Element found
[INFO ] 2018-02-27 22:23:57.546 [main] RFWebsiteDriver - waiting for locator By.xpath: //div[text()='Hello,']/following-sibling::div[contains(@class,'text-uppercase')]
[INFO ] 2018-02-27 22:23:57.564 [main] RFWebsiteDriver - Element found
[INFO ] 2018-02-27 22:23:57.605 [main] RFWebsiteDriver - TEXT fetched for First name in overview section is=RF
[INFO ] 2018-02-27 22:23:57.606 [main] RFLSDWebsiteBaseTest - Data returned by query: RF
[INFO ] 2018-02-27 22:23:57.613 [main] RFWebsiteDriver - wait started for By.xpath: //div[@id='rf-nav-wrapper']/descendant::img[2]
[INFO ] 2018-02-27 22:23:57.614 [main] RFWebsiteDriver - waiting for locator By.xpath: //div[@id='rf-nav-wrapper']/descendant::img[2]
[INFO ] 2018-02-27 22:23:57.632 [main] RFWebsiteDriver - Element found
[INFO ] 2018-02-27 22:23:57.632 [main] RFWebsiteDriver - R+F logo ready to be clicked
[INFO ] 2018-02-27 22:23:57.714 [main] RFWebsiteDriver - CLICKED on R+F logo
[INFO ] 2018-02-27 22:23:57.896 [main] TestListner - 
******************************************************************************************************************************
					TEST CASE NAME:                  TotalNumberOfAllPCs_3349q
******************************************************************************************************************************
[INFO ] 2018-02-27 22:23:57.979 [main] RFWebsiteDriver - wait started for By.xpath: //div[@id='rf-nav-wrapper']/descendant::span[text()='Pulse'][1]
[INFO ] 2018-02-27 22:23:57.980 [main] RFWebsiteDriver - waiting for locator By.xpath: //div[@id='rf-nav-wrapper']/descendant::span[text()='Pulse'][1]
[INFO ] 2018-02-27 22:23:58.007 [main] RFWebsiteDriver - Element found
[INFO ] 2018-02-27 22:23:58.008 [main] RFWebsiteDriver -  ready to be clicked
[INFO ] 2018-02-27 22:23:58.104 [main] RFWebsiteDriver - CLICKED on 
[INFO ] 2018-02-27 22:23:58.105 [main] LSDHomePage - Clicked on Pulse Submenu from Top Navigation
[INFO ] 2018-02-27 22:23:58.161 [main] RFWebsiteDriver - wait started for By.xpath: //a[contains(text(),'Customers')]
[INFO ] 2018-02-27 22:23:58.161 [main] RFWebsiteDriver - waiting for locator By.xpath: //a[contains(text(),'Customers')]
[INFO ] 2018-02-27 22:23:58.172 [main] RFWebsiteDriver - Element found
[INFO ] 2018-02-27 22:23:58.173 [main] RFWebsiteDriver -  ready to be clicked
[INFO ] 2018-02-27 22:23:58.262 [main] RFWebsiteDriver - CLICKED on 
[INFO ] 2018-02-27 22:23:58.263 [main] LSDHomePage - SubMenu Link : Customers clicked
[INFO ] 2018-02-27 22:23:58.294 [main] RFWebsiteDriver - Waiting for spin image to get disappear1
[INFO ] 2018-02-27 22:23:59.308 [main] RFWebsiteDriver - waiting..
[INFO ] 2018-02-27 22:24:00.346 [main] RFWebsiteDriver - waiting..
[INFO ] 2018-02-27 22:24:01.406 [main] RFWebsiteDriver - waiting..
[INFO ] 2018-02-27 22:24:02.467 [main] RFWebsiteDriver - waiting..
[INFO ] 2018-02-27 22:24:03.495 [main] RFWebsiteDriver - waiting..
[INFO ] 2018-02-27 22:24:04.508 [main] RFWebsiteDriver - waiting..
[INFO ] 2018-02-27 22:24:05.564 [main] RFWebsiteDriver - waiting..
[INFO ] 2018-02-27 22:24:06.625 [main] RFWebsiteDriver - waiting..
[INFO ] 2018-02-27 22:24:07.670 [main] RFWebsiteDriver - waiting..
[INFO ] 2018-02-27 22:24:08.700 [main] RFWebsiteDriver - waiting..
[INFO ] 2018-02-27 22:24:08.732 [main] RFWebsiteDriver - Waiting for spin image to get disappear6
[INFO ] 2018-02-27 22:24:09.753 [main] RFWebsiteDriver - waiting..
[INFO ] 2018-02-27 22:24:10.815 [main] RFWebsiteDriver - waiting..
[INFO ] 2018-02-27 22:24:11.863 [main] RFWebsiteDriver - waiting..
[INFO ] 2018-02-27 22:24:12.916 [main] RFWebsiteDriver - waiting..
[INFO ] 2018-02-27 22:24:13.966 [main] RFWebsiteDriver - waiting..
[INFO ] 2018-02-27 22:24:15.013 [main] RFWebsiteDriver - waiting..
[INFO ] 2018-02-27 22:24:16.068 [main] RFWebsiteDriver - waiting..
[INFO ] 2018-02-27 22:24:17.124 [main] RFWebsiteDriver - waiting..
[INFO ] 2018-02-27 22:24:18.178 [main] RFWebsiteDriver - waiting..
[INFO ] 2018-02-27 22:24:19.238 [main] RFWebsiteDriver - waiting..
[INFO ] 2018-02-27 22:24:20.281 [main] RFWebsiteDriver - waiting..
[INFO ] 2018-02-27 22:24:21.364 [main] RFWebsiteDriver - waiting..
[INFO ] 2018-02-27 22:24:22.404 [main] RFWebsiteDriver - waiting..
[INFO ] 2018-02-27 22:24:23.467 [main] RFWebsiteDriver - waiting..
[INFO ] 2018-02-27 22:24:24.501 [main] RFWebsiteDriver - waiting..
[INFO ] 2018-02-27 22:24:25.547 [main] RFWebsiteDriver - waiting..
[INFO ] 2018-02-27 22:24:26.568 [main] RFWebsiteDriver - waiting..
[INFO ] 2018-02-27 22:24:27.622 [main] RFWebsiteDriver - waiting..
[INFO ] 2018-02-27 22:24:28.646 [main] RFWebsiteDriver - waiting..
[INFO ] 2018-02-27 22:24:29.703 [main] RFWebsiteDriver - waiting..
[INFO ] 2018-02-27 22:24:29.704 [main] RFWebsiteDriver - wait started for By.xpath: //h1[contains(text(),'Build Customer Loyalty')]/../preceding::span[1]
[INFO ] 2018-02-27 22:24:29.706 [main] RFWebsiteDriver - waiting for locator By.xpath: //h1[contains(text(),'Build Customer Loyalty')]/../preceding::span[1]
[INFO ] 2018-02-27 22:24:29.784 [main] RFWebsiteDriver - Element found
[INFO ] 2018-02-27 22:24:29.784 [main] RFWebsiteDriver - wait started for By.xpath: //h1[contains(text(),'Build Customer Loyalty')]/../preceding::span[1]
[INFO ] 2018-02-27 22:24:29.784 [main] RFWebsiteDriver - waiting for locator By.xpath: //h1[contains(text(),'Build Customer Loyalty')]/../preceding::span[1]
[INFO ] 2018-02-27 22:24:29.807 [main] RFWebsiteDriver - Element found
[INFO ] 2018-02-27 22:24:29.808 [main] RFWebsiteDriver - count of all pc customers ready to be clicked
[INFO ] 2018-02-27 22:24:29.893 [main] RFWebsiteDriver - CLICKED on count of all pc customers
[INFO ] 2018-02-27 22:24:29.894 [main] LSDCustomerPage - clicked in view PC customer link
[INFO ] 2018-02-27 22:24:29.895 [main] DBUtil - QUERY TRIGGERED IS  DECLARE @AccountId INT = 2 SELECT COUNT(DISTINCT sb.AccountID)[TotalPC] FROM RFOperations.RFO_Accounts.AccountBase ab JOIN RFOperations.RFO_Accounts.AccountRF rf ON rf.SponsorId = ab.AccountID AND ab.AccountID=@AccountId JOIN RFOperations.RFO_Accounts.AccountBase sb ON rf.AccountID = sb.AccountID WHERE sb.AccountTypeID = 2 AND rf.Active = 1 AND sb.AccountStatusID = 1 AND EXISTS (SELECT 1 FROM RFOperations.Hybris.Autoship a WHERE a.AccountID = sb.AccountID AND a.Active = 1 AND a.AutoshipTypeID = 1 AND CAST(a.NextRunDate AS DATE) BETWEEN DATEADD(DAY, 1, EOMONTH(DATEADD(MONTH,-1, GETDATE()))) AND EOMONTH(DATEADD(MONTH, 1, GETDATE())) ) GROUP BY ab.AccountID

[INFO ] 2018-02-27 22:24:37.195 [main] RFLSDWebsiteBaseTest - Data returned by query: 1239
[INFO ] 2018-02-27 22:24:37.222 [main] RFWebsiteDriver - Waiting for spin image to get disappear3
[INFO ] 2018-02-27 22:24:38.250 [main] RFWebsiteDriver - waiting..
[INFO ] 2018-02-27 22:24:39.278 [main] RFWebsiteDriver - waiting..
[INFO ] 2018-02-27 22:24:40.301 [main] RFWebsiteDriver - waiting..
[INFO ] 2018-02-27 22:24:41.347 [main] RFWebsiteDriver - waiting..
[INFO ] 2018-02-27 22:24:42.396 [main] RFWebsiteDriver - waiting..
[INFO ] 2018-02-27 22:24:43.440 [main] RFWebsiteDriver - waiting..
[INFO ] 2018-02-27 22:24:44.490 [main] RFWebsiteDriver - waiting..
[INFO ] 2018-02-27 22:24:45.538 [main] RFWebsiteDriver - waiting..
[INFO ] 2018-02-27 22:24:46.594 [main] RFWebsiteDriver - waiting..
[INFO ] 2018-02-27 22:24:47.643 [main] RFWebsiteDriver - waiting..
[INFO ] 2018-02-27 22:24:48.692 [main] RFWebsiteDriver - waiting..
[INFO ] 2018-02-27 22:24:49.735 [main] RFWebsiteDriver - waiting..
[INFO ] 2018-02-27 22:24:50.789 [main] RFWebsiteDriver - waiting..
[INFO ] 2018-02-27 22:24:51.832 [main] RFWebsiteDriver - waiting..
[INFO ] 2018-02-27 22:24:52.877 [main] RFWebsiteDriver - waiting..
[INFO ] 2018-02-27 22:24:53.923 [main] RFWebsiteDriver - waiting..
[INFO ] 2018-02-27 22:24:54.971 [main] RFWebsiteDriver - waiting..
[INFO ] 2018-02-27 22:24:56.019 [main] RFWebsiteDriver - waiting..
[INFO ] 2018-02-27 22:24:57.062 [main] RFWebsiteDriver - waiting..
[INFO ] 2018-02-27 22:24:58.110 [main] RFWebsiteDriver - waiting..
[INFO ] 2018-02-27 22:24:58.112 [main] RFWebsiteDriver - waiting for locator By.xpath: //h1[contains(text(),'All Customers')]//preceding::span[1]
[INFO ] 2018-02-27 22:25:08.259 [main] TestListner - [TEST HAS FAILED-------- Test case TotalNumberOfAllPCs_3349q has failed] due to reason:-<br>  org.openqa.selenium.NoSuchElementException: no such element: Unable to locate element: {"method":"xpath","selector":"//h1[contains(text(),'All Customers')]//preceding::span[1]"}
  (Session info: chrome=64.0.3282.186)
  (Driver info: chromedriver=2.33.506120 (e3e53437346286c0bc2d2dc9aa4915ba81d9023f),platform=Windows NT 10.0.10586 x86_64) (WARNING: The server did not provide any stacktrace information)
Command duration or timeout: 0 milliseconds
For documentation on this error, please visit: http://seleniumhq.org/exceptions/no_such_element.html
Build info: version: '3.7.1', revision: '8a0099a', time: '2017-11-06T21:01:39.354Z'
System info: host: 'LD-4V2P3G2', ip: '192.168.121.40', os.name: 'Windows 10', os.arch: 'amd64', os.version: '10.0', java.version: '1.8.0_161'
Driver info: org.openqa.selenium.chrome.ChromeDriver
Capabilities {acceptSslCerts: true, applicationCacheEnabled: false, browserConnectionEnabled: false, browserName: chrome, chrome: {chromedriverVersion: 2.33.506120 (e3e53437346286..., userDataDir: C:\Users\BPKOTA~1\AppData\L...}, cssSelectorsEnabled: true, databaseEnabled: false, handlesAlerts: true, hasTouchScreen: false, javascriptEnabled: true, locationContextEnabled: true, mobileEmulationEnabled: false, nativeEvents: true, networkConnectionEnabled: false, pageLoadStrategy: normal, platform: XP, platformName: XP, rotatable: false, setWindowRect: true, takesHeapSnapshot: true, takesScreenshot: true, unexpectedAlertBehaviour: , unhandledPromptBehavior: , version: 64.0.3282.186, webStorageEnabled: true}
Session ID: 50a074ccea0316b0618b5b1e18afae05
*** Element info: {Using=xpath, value=//h1[contains(text(),'All Customers')]//preceding::span[1]}
[INFO ] 2018-02-27 22:25:08.260 [main] RFWebsiteDriver - Taking Screenshot
[INFO ] 2018-02-27 22:25:08.675 [main] TestListner - Snapshot Path :<a href='C:\Users\bpkotamahanti\Bindu\Automation\qa-automation\output\Screenshots\TotalNumberOfAllPCs_3349q\TotalNumberOfAllPCs_3349q.png'>C:\Users\bpkotamahanti\Bindu\Automation\qa-automation\output\Screenshots\TotalNumberOfAllPCs_3349q\TotalNumberOfAllPCs_3349q.png</a>

[INFO ] 2018-02-27 22:25:08.707 [main] RFWebsiteDriver - URL opened is https://skywalker.rodanandfields.com
[INFO ] 2018-02-27 22:25:09.312 [main] RFWebsiteDriver - Waiting for LSD loading image to get disappear
[INFO ] 2018-02-27 22:25:09.541 [main] RFWebsiteDriver - LSD Animation image disappears
[INFO ] 2018-02-27 22:25:09.541 [main] RFWebsiteDriver - Waiting for LSD loading image to get disappear
[INFO ] 2018-02-27 22:25:10.626 [main] RFWebsiteDriver - waiting..
[INFO ] 2018-02-27 22:25:11.671 [main] RFWebsiteDriver - waiting..
[INFO ] 2018-02-27 22:25:12.709 [main] RFWebsiteDriver - waiting..
[INFO ] 2018-02-27 22:25:13.755 [main] RFWebsiteDriver - waiting..
[INFO ] 2018-02-27 22:25:14.798 [main] RFWebsiteDriver - waiting..
[INFO ] 2018-02-27 22:25:15.844 [main] RFWebsiteDriver - waiting..
[INFO ] 2018-02-27 22:25:16.860 [main] RFWebsiteDriver - waiting..
[INFO ] 2018-02-27 22:25:17.876 [main] RFWebsiteDriver - waiting..
[INFO ] 2018-02-27 22:25:18.893 [main] RFWebsiteDriver - waiting..
[INFO ] 2018-02-27 22:25:18.920 [main] RFWebsiteDriver - LSD loading image disappears
[INFO ] 2018-02-27 22:25:18.921 [main] RFWebsiteDriver - waiting for locator By.xpath: //div[@id='rf-nav-wrapper']/descendant::span[text()='Pulse'][1]
[INFO ] 2018-02-27 22:25:19.625 [main] RFWebsiteDriver - Element found
[INFO ] 2018-02-27 22:25:19.625 [main] RFWebsiteDriver - wait started for By.xpath: //div[@id='rf-nav-wrapper']/descendant::span[text()='Pulse'][1]
[INFO ] 2018-02-27 22:25:19.626 [main] RFWebsiteDriver - waiting for locator By.xpath: //div[@id='rf-nav-wrapper']/descendant::span[text()='Pulse'][1]
[INFO ] 2018-02-27 22:25:19.647 [main] RFWebsiteDriver - Element found
[INFO ] 2018-02-27 22:25:19.647 [main] RFWebsiteDriver - Pulse in top navigation ready to be clicked
[INFO ] 2018-02-27 22:25:19.756 [main] RFWebsiteDriver - CLICKED on Pulse in top navigation
[INFO ] 2018-02-27 22:25:19.757 [main] LSDRFWebsiteBasePage - Pulse in top navigation clicked
[INFO ] 2018-02-27 22:25:19.757 [main] LSDRFWebsiteBasePage - Logging out from pulse application
[INFO ] 2018-02-27 22:25:19.847 [main] RFWebsiteDriver - CLICKED on 
[INFO ] 2018-02-27 22:25:19.847 [main] RFWebsiteDriver - Waiting for LSD loading image to get disappear
[INFO ] 2018-02-27 22:25:19.866 [main] RFWebsiteDriver - LSD loading image disappears
