[DEBUG] 2018-03-15 19:59:14.584 [main] RFBaseTest - Started execution with  null
[INFO ] 2018-03-15 19:59:14.589 [main] RFBaseTest - Environment properties are not provided by the user ... loading the default properties
[INFO ] 2018-03-15 19:59:14.590 [main] RFBaseTest - Default Browser is  ------ chrome
[INFO ] 2018-03-15 19:59:14.590 [main] RFBaseTest - Default URL is  ------ https://skywalker.rodanandfields.com
[INFO ] 2018-03-15 19:59:14.590 [main] RFBaseTest - Default user password is  ------ 111Maiden$
[INFO ] 2018-03-15 19:59:14.590 [main] RFBaseTest - Default Country is  ------ us
[INFO ] 2018-03-15 19:59:14.590 [main] RFBaseTest - Default DB IP is  ------ 172.16.15.41
[INFO ] 2018-03-15 19:59:14.590 [main] RFBaseTest - Default DB Username is  ------ perftest
[INFO ] 2018-03-15 19:59:14.591 [main] RFBaseTest - Default DB Password is  ------ perftest
[INFO ] 2018-03-15 19:59:14.591 [main] RFBaseTest - Default DB Domain is  ------ RF
[INFO ] 2018-03-15 19:59:19.393 [main] RFWebsiteDriver - Window is maximized
[INFO ] 2018-03-15 19:59:19.394 [main] RFWebsiteDriver - All cookies deleted
[INFO ] 2018-03-15 19:59:19.394 [main] RFWebsiteDriver - URL opened is https://skywalker.rodanandfields.com
[INFO ] 2018-03-15 19:59:22.251 [main] RFLSDWebsiteBaseTest - Application loaded
[INFO ] 2018-03-15 19:59:22.267 [main] RFWebsiteDriver - DB connections are set
[INFO ] 2018-03-15 19:59:22.333 [main] DBUtil - QUERY TRIGGERED IS DECLARE @CurrentOpenPeriod INT = ( SELECT TOP 1
                                            PeriodID
                                   FROM     Commissions.reference.Periods
                                   WHERE    ClosedDate IS NULL
                                   ORDER BY PeriodID ASC
                                 ) ,
    @AccountID INT ,
    @UserName NVARCHAR(225) ,
    @Country NVARCHAR(225)

SELECT TOP 1
        @AccountID = ab.AccountID ,
        @UserName = ac.Username ,
        @Country = co.Alpha2Code
FROM    RFOperations.RFO_Accounts.AccountBase (NOLOCK) ab
        JOIN RFOperations.RFO_Accounts.AccountRF (NOLOCK) rf ON rf.AccountID = ab.AccountID
        JOIN RFOperations.Security.AccountSecurity (NOLOCK) ac ON ac.AccountID = ab.AccountID
        JOIN RFOperations.RFO_Reference.Countries (NOLOCK) co ON co.CountryID = ab.CountryID
WHERE   ab.AccountTypeID = 1
        AND ab.AccountStatusID = 1
        AND co.Alpha2Code = 'US'
        AND rf.Active = 1
        AND EXISTS ( SELECT 1
                     FROM   RFOperations.Hybris.Autoship (NOLOCK) a
                     WHERE  a.AccountID = ab.AccountID
                            AND a.AutoshipTypeID = 3
                            AND a.Active = 1 )
        AND EXISTS ( SELECT 1
                     FROM   Commissions.calcs.vwQualificationSummary v
                     WHERE  ab.AccountID = v.AccountID
                            AND v.PeriodID = @CurrentOpenPeriod
                            AND v.SV >= 100
                            AND v.PSQV >= 600 )
ORDER BY NEWID()

SELECT  ISNULL(@AccountID, 1496) AccountID ,
        ISNULL(@UserName, 'skincareconsultants@gmail.com') UserName ,
        ISNULL(@Country, 'US') Country ,
        @CurrentOpenPeriod CurrentOpenPeriod

[INFO ] 2018-03-15 19:59:23.872 [main] RFLSDWebsiteBaseTest - randomConsultantDetailsList:[{AccountID=1496, UserName=skincareconsultants@gmail.com, Country=US, CurrentOpenPeriod=201802}]
[INFO ] 2018-03-15 19:59:23.872 [main] RFLSDWebsiteBaseTest - Data returned by query: 1496
[INFO ] 2018-03-15 19:59:23.872 [main] RFLSDWebsiteBaseTest - Data returned by query: skincareconsultants@gmail.com
[INFO ] 2018-03-15 19:59:23.872 [main] RFLSDWebsiteBaseTest - userName:[{AccountID=1496, UserName=skincareconsultants@gmail.com, Country=US, CurrentOpenPeriod=201802}]
[INFO ] 2018-03-15 19:59:23.872 [main] RFWebsiteDriver - Waiting for LSD loading image to get disappear
[INFO ] 2018-03-15 19:59:23.972 [main] RFWebsiteDriver - LSD loading image disappears
[INFO ] 2018-03-15 19:59:24.634 [main] RFWebsiteDriver - waiting for locator By.id: username
[INFO ] 2018-03-15 19:59:24.663 [main] RFWebsiteDriver - Element found
[INFO ] 2018-03-15 19:59:24.664 [main] RFWebsiteDriver - Taking Screenshot
[INFO ] 2018-03-15 19:59:25.198 [main] RFWebsiteDriver - wait started for By.id: username
[INFO ] 2018-03-15 19:59:25.198 [main] RFWebsiteDriver - waiting for locator By.id: username
[INFO ] 2018-03-15 19:59:25.211 [main] RFWebsiteDriver - Element found
[INFO ] 2018-03-15 19:59:25.408 [main] RFWebsiteDriver - TYPED text as = skincareconsultants@gmail.com in  text field
[INFO ] 2018-03-15 19:59:25.408 [main] LSDLoginPage - username is skincareconsultants@gmail.com
[INFO ] 2018-03-15 19:59:25.408 [main] RFWebsiteDriver - wait started for By.id: password
[INFO ] 2018-03-15 19:59:25.409 [main] RFWebsiteDriver - waiting for locator By.id: password
[INFO ] 2018-03-15 19:59:25.432 [main] RFWebsiteDriver - Element found
[INFO ] 2018-03-15 19:59:25.558 [main] RFWebsiteDriver - TYPED text as = 111Maiden$ in  text field
[INFO ] 2018-03-15 19:59:25.558 [main] LSDLoginPage - password is 111Maiden$
[INFO ] 2018-03-15 19:59:25.558 [main] RFWebsiteDriver - wait started for By.id: button-login
[INFO ] 2018-03-15 19:59:25.559 [main] RFWebsiteDriver - waiting for locator By.id: button-login
[INFO ] 2018-03-15 19:59:25.579 [main] RFWebsiteDriver - Element found
[INFO ] 2018-03-15 19:59:25.579 [main] RFWebsiteDriver -  ready to be clicked
[INFO ] 2018-03-15 19:59:25.670 [main] RFWebsiteDriver - CLICKED on 
[INFO ] 2018-03-15 19:59:48.916 [main] RFWebsiteDriver - URL opened is https://skywalker.rodanandfields.com
[INFO ] 2018-03-15 19:59:49.577 [main] RFWebsiteDriver - Waiting for LSD loading image to get disappear
[INFO ] 2018-03-15 19:59:49.683 [main] RFWebsiteDriver - LSD Animation image disappears
[INFO ] 2018-03-15 19:59:49.684 [main] RFWebsiteDriver - waiting for locator By.id: button-login
[INFO ] 2018-03-15 19:59:55.236 [main] RFWebsiteDriver - waiting for locator By.xpath: //div[text()='Hello,']/following-sibling::div[contains(@class,'text-uppercase')]
[INFO ] 2018-03-15 19:59:55.247 [main] RFWebsiteDriver - Element found
[INFO ] 2018-03-15 19:59:55.261 [main] RFWebsiteDriver - waiting for locator By.xpath: //div[text()='Hello,']/following-sibling::div[contains(@class,'text-uppercase')]
[INFO ] 2018-03-15 19:59:55.278 [main] RFWebsiteDriver - Element found
[INFO ] 2018-03-15 19:59:55.325 [main] RFWebsiteDriver - TEXT fetched for First name in overview section is=SARAH
[INFO ] 2018-03-15 19:59:55.325 [main] RFLSDWebsiteBaseTest - Data returned by query: null
[INFO ] 2018-03-15 19:59:55.332 [main] RFWebsiteDriver - wait started for By.xpath: //div[@id='rf-nav-wrapper']/descendant::img[2]
[INFO ] 2018-03-15 19:59:55.332 [main] RFWebsiteDriver - waiting for locator By.xpath: //div[@id='rf-nav-wrapper']/descendant::img[2]
[INFO ] 2018-03-15 19:59:55.354 [main] RFWebsiteDriver - Element found
[INFO ] 2018-03-15 19:59:55.355 [main] RFWebsiteDriver - R+F logo ready to be clicked
[INFO ] 2018-03-15 19:59:55.456 [main] RFWebsiteDriver - CLICKED on R+F logo
[INFO ] 2018-03-15 19:59:55.556 [main] TestListner - 
******************************************************************************************************************************
					TEST CASE NAME:                  testTotalNumberOfPCsNextMonth_3021q
******************************************************************************************************************************
[INFO ] 2018-03-15 19:59:55.605 [main] RFWebsiteDriver - wait started for By.xpath: //div[@id='rf-nav-wrapper']/descendant::span[text()='Pulse'][1]
[INFO ] 2018-03-15 19:59:55.606 [main] RFWebsiteDriver - waiting for locator By.xpath: //div[@id='rf-nav-wrapper']/descendant::span[text()='Pulse'][1]
[INFO ] 2018-03-15 19:59:55.632 [main] RFWebsiteDriver - Element found
[INFO ] 2018-03-15 19:59:55.632 [main] RFWebsiteDriver -  ready to be clicked
[INFO ] 2018-03-15 19:59:55.734 [main] RFWebsiteDriver - CLICKED on 
[INFO ] 2018-03-15 19:59:55.734 [main] LSDHomePage - Clicked on Pulse Submenu from Top Navigation
[INFO ] 2018-03-15 19:59:55.792 [main] RFWebsiteDriver - wait started for By.xpath: //a[contains(text(),'Customers')]
[INFO ] 2018-03-15 19:59:55.793 [main] RFWebsiteDriver - waiting for locator By.xpath: //a[contains(text(),'Customers')]
[INFO ] 2018-03-15 19:59:55.804 [main] RFWebsiteDriver - Element found
[INFO ] 2018-03-15 19:59:55.804 [main] RFWebsiteDriver -  ready to be clicked
[INFO ] 2018-03-15 19:59:55.910 [main] RFWebsiteDriver - CLICKED on 
[INFO ] 2018-03-15 19:59:55.911 [main] LSDHomePage - SubMenu Link : Customers clicked
[INFO ] 2018-03-15 19:59:55.952 [main] RFWebsiteDriver - Waiting for spin image to get disappear0
[INFO ] 2018-03-15 19:59:55.971 [main] RFWebsiteDriver - spin image disappears
[INFO ] 2018-03-15 19:59:59.981 [main] DBUtil - QUERY TRIGGERED IS 
        DECLARE @AccountID INT= 1496   -- You Just need to Pass Consultant's AccountID here . 


        
		
		  DECLARE  @PeriodID INT= NULL ,
            @View_All_Customer INT ,
            @Cust_have_Order INT ,
            @Cust_Sch_OrderNext_Month INT ,
            @Cust_Further_Out INT ,
            @New_Pcs INT ,
            @Deactivated_Pcs INT

          

        SET @PeriodID = ISNULL(@PeriodID,
                               ( SELECT MAX(PERIODID)
                                 FROM   commissions.reference.PERIODS
                                 WHERE  CLOSEDDATE IS NULL
                                        AND STARTDATE <= GETDATE()
                               ))
  
  
        SELECT  @View_All_Customer = COUNT(DISTINCT ab.AccountID)
        FROM    Commissions.calcs.vwPlacementTreePermutated AS v WITH ( NOEXPAND )
                JOIN RFOperations.RFO_Accounts.AccountBase(NOLOCK)  ab ON ab.AccountID = v.AccountID
                JOIN RFOperations.RFO_Accounts.AccountRF (NOLOCK)  rf ON rf.AccountID = ab.AccountID
                JOIN RFOperations.RFO_Accounts.AccountContacts (NOLOCK)  ac ON ac.AccountId = ab.AccountID
        WHERE   1 = 1
                AND rf.Active = 1
                AND ab.AccountTypeID = 2
                AND v.[SponsorID] = @AccountID
                AND v.DirectSponsorID = @AccountID
                AND v.[PeriodID] = @PeriodID
      
				
				
				
        SELECT  @Cust_have_Order = COUNT(DISTINCT ab.AccountID)
        FROM    Commissions.calcs.vwPlacementTreePermutated AS v WITH ( NOEXPAND )
                JOIN RFOperations.RFO_Accounts.AccountBase(NOLOCK)  ab ON ab.AccountID = v.AccountID
                JOIN RFOperations.RFO_Accounts.AccountRF (NOLOCK)  rf ON rf.AccountID = ab.AccountID
                JOIN RFOperations.RFO_Accounts.AccountContacts (NOLOCK)  ac ON ac.AccountId = ab.AccountID
        WHERE   1 = 1
                AND rf.Active = 1
                AND ab.AccountTypeID = 2
                AND v.[SponsorID] = @AccountID
                AND v.DirectSponsorID = @AccountID
                AND v.[PeriodID] = @PeriodID
                AND EXISTS ( SELECT 1
                             FROM   RFOperations.Hybris.orders (NOLOCK)  ro
                             WHERE  ro.AccountID = ab.AccountID
                                    AND ro.OrderTypeID = 9
                                    AND ro.OrderStatusID IN ( 2, 4 )
                                    AND LEFT(CONVERT(NVARCHAR(25), ro.CompletionDate, 112),
                                             6) = @PeriodID )
     
				
        SELECT  @Cust_Sch_OrderNext_Month = COUNT(1)
        FROM    Commissions.calcs.vwPlacementTreePermutated AS v WITH ( NOEXPAND )
                JOIN RFOperations.RFO_Accounts.AccountBase(NOLOCK)  ab ON ab.AccountID = v.AccountID
                JOIN RFOperations.RFO_Accounts.AccountRF (NOLOCK)  rf ON rf.AccountID = ab.AccountID
                JOIN RFOperations.RFO_Accounts.AccountContacts (NOLOCK)  ac ON ac.AccountId = ab.AccountID
        WHERE   1 = 1
                AND rf.Active = 1
                AND ab.AccountTypeID = 2
                AND v.[SponsorID] = @AccountID
                AND v.DirectSponsorID = @AccountID
                AND v.[PeriodID] = @PeriodID
                AND EXISTS ( SELECT 1
                             FROM   RFOperations.Hybris.Autoship(NOLOCK)  AU
                             WHERE  AU.AccountID = ab.AccountID
                                    AND AU.AutoshipTypeID = 1
                                    AND AU.Active = 1
                                    AND LEFT(CONVERT(NVARCHAR(25), DATEADD(MONTH,
                                                              -1,
                                                              Au.NextRunDate), 112),
                                             6) = @PeriodID )			
				 


        SELECT  @Cust_Further_Out = COUNT(1)
        FROM    Commissions.calcs.vwPlacementTreePermutated AS v WITH ( NOEXPAND )
                JOIN RFOperations.RFO_Accounts.AccountBase(NOLOCK)  ab ON ab.AccountID = v.AccountID
                JOIN RFOperations.RFO_Accounts.AccountRF (NOLOCK)  rf ON rf.AccountID = ab.AccountID
                JOIN RFOperations.RFO_Accounts.AccountContacts (NOLOCK)  ac ON ac.AccountId = ab.AccountID
        WHERE   1 = 1
                AND rf.Active = 1
                AND ab.AccountTypeID = 2
                AND v.[SponsorID] = @AccountID
                AND v.DirectSponsorID = @AccountID
                AND v.[PeriodID] = @PeriodID
                AND EXISTS ( SELECT 1
                             FROM   RFOperations.Hybris.Autoship(NOLOCK)  AU
                             WHERE  AU.AccountID = ab.AccountID
                                    AND AU.AutoshipTypeID = 1
                                    AND AU.Active = 1
                                    AND LEFT(CONVERT(NVARCHAR(25), DATEADD(MONTH,
                                                              -1,
                                                              Au.NextRunDate), 112),
                                             6) > @PeriodID )			
		
		
	
        SELECT  @Deactivated_Pcs = COUNT(1)
        FROM    Commissions.calcs.vwPlacementTreePermutated AS v WITH ( NOEXPAND )
                JOIN RFOperations.RFO_Accounts.AccountBase(NOLOCK)  ab ON ab.AccountID = v.AccountID
                JOIN RFOperations.RFO_Accounts.AccountRF (NOLOCK)  rf ON rf.AccountID = ab.AccountID
                JOIN RFOperations.RFO_Accounts.AccountContacts (NOLOCK)  ac ON ac.AccountId = ab.AccountID
        WHERE   1 = 1
                AND rf.Active = 0
                AND ab.AccountTypeID = 2
                AND v.[SponsorID] = @AccountID
                AND v.DirectSponsorID = @AccountID
                AND v.[PeriodID] = @PeriodID
                AND  rf.SoftTerminationDate > DATEADD( DAY,-60,GETDATE())



        SELECT  @New_Pcs = COUNT(1)
        FROM    commissions.calcs.vwPlacementTreePermutated AS v WITH ( NOEXPAND )
                JOIN RFOperations.RFO_Accounts.AccountBase(NOLOCK)  ab ON ab.AccountID = v.AccountID
                JOIN RFOperations.RFO_Accounts.AccountRF (NOLOCK)  rf ON rf.AccountID = ab.AccountID
                JOIN RFOperations.RFO_Accounts.AccountContacts (NOLOCK)  ac ON ac.AccountId = ab.AccountID
        WHERE   1 = 1
                AND rf.Active = 1
                AND ab.AccountTypeID = 2
                AND v.[SponsorID] = @AccountID
                AND v.DirectSponsorID = @AccountID
                AND v.[PeriodID] = @PeriodID
                AND rf.EnrollmentDate > DATEADD( DAY,-60,GETDATE())
				
        SELECT  @AccountID [AccountID] ,
                @View_All_Customer [TotalPCCustomersUnderLevel1] ,
                @Cust_have_Order [CustomersHaveOrdersThisMonth] ,
                @Cust_Sch_OrderNext_Month [CustomersHaveOrdersNextMonth] ,
                @Cust_Further_Out [CustomersHaveOrdersFurtherOut] ,
                @New_Pcs [NewPcs] ,
                @Deactivated_Pcs [DeActivatedPC] ,
                @PeriodID [Period]
				


[INFO ] 2018-03-15 20:00:16.910 [main] RFLSDWebsiteBaseTest - Data returned by query: 3
[INFO ] 2018-03-15 20:00:16.954 [main] RFWebsiteDriver - Waiting for spin image to get disappear2
[INFO ] 2018-03-15 20:00:17.977 [main] RFWebsiteDriver - waiting..
[INFO ] 2018-03-15 20:00:19.021 [main] RFWebsiteDriver - waiting..
[INFO ] 2018-03-15 20:00:20.059 [main] RFWebsiteDriver - waiting..
[INFO ] 2018-03-15 20:00:21.099 [main] RFWebsiteDriver - waiting..
[INFO ] 2018-03-15 20:00:22.120 [main] RFWebsiteDriver - waiting..
[INFO ] 2018-03-15 20:00:23.154 [main] RFWebsiteDriver - waiting..
[INFO ] 2018-03-15 20:00:24.179 [main] RFWebsiteDriver - waiting..
[INFO ] 2018-03-15 20:00:25.222 [main] RFWebsiteDriver - waiting..
[INFO ] 2018-03-15 20:00:25.247 [main] RFWebsiteDriver - spin image disappears
[INFO ] 2018-03-15 20:00:25.248 [main] RFWebsiteDriver - waiting for locator By.xpath: //div[contains(@class,'white-fb')]/descendant::a[2]/descendant::span[2]
[INFO ] 2018-03-15 20:00:25.271 [main] RFWebsiteDriver - Element found
[INFO ] 2018-03-15 20:00:25.311 [main] RFWebsiteDriver - TEXT fetched for count of pc autoship orders for next month is=7
[INFO ] 2018-03-15 20:00:25.314 [main] SoftAssert - VERIFICATION FAILED: Expected count of order is 3 actual on UI is 7 expected [true] but found [false]
[INFO ] 2018-03-15 20:00:25.314 [main] SoftAssert - Expected: true
[INFO ] 2018-03-15 20:00:25.314 [main] SoftAssert - Actual: false
[INFO ] 2018-03-15 20:00:25.315 [main] RFWebsiteDriver - Taking Screenshot
[INFO ] 2018-03-15 20:00:25.736 [main] SoftAssert - Snapshot Path :<a href='C:\Users\bpkotamahanti\Bindu\Automation\qa-automation\output\Screenshots\testTotalNumberOfPCsNextMonth_3021q\Expected count of order is 3 actual on UI is 7 expected [true] but found [false].png'>C:\Users\bpkotamahanti\Bindu\Automation\qa-automation\output\Screenshots\testTotalNumberOfPCsNextMonth_3021q\Expected count of order is 3 actual on UI is 7 expected [true] but found [false].png</a>

[INFO ] 2018-03-15 20:00:25.753 [main] RFWebsiteDriver - Waiting for spin image to get disappear0
[INFO ] 2018-03-15 20:00:25.765 [main] RFWebsiteDriver - spin image disappears
[INFO ] 2018-03-15 20:00:25.765 [main] RFWebsiteDriver - wait started for By.xpath: //div[contains(@class,'white-fb')]/descendant::a[2]/descendant::span[1]
[INFO ] 2018-03-15 20:00:25.765 [main] RFWebsiteDriver - waiting for locator By.xpath: //div[contains(@class,'white-fb')]/descendant::a[2]/descendant::span[1]
[INFO ] 2018-03-15 20:00:25.784 [main] RFWebsiteDriver - Element found
[INFO ] 2018-03-15 20:00:25.784 [main] RFWebsiteDriver - have orders for this month ready to be clicked
[INFO ] 2018-03-15 20:00:25.860 [main] RFWebsiteDriver - CLICKED on have orders for this month
[INFO ] 2018-03-15 20:00:25.861 [main] RFWebsiteDriver - Waiting for LSD loading image to get disappear
[INFO ] 2018-03-15 20:00:26.885 [main] RFWebsiteDriver - waiting..
[INFO ] 2018-03-15 20:00:27.934 [main] RFWebsiteDriver - waiting..
[INFO ] 2018-03-15 20:00:28.979 [main] RFWebsiteDriver - waiting..
[INFO ] 2018-03-15 20:00:30.012 [main] RFWebsiteDriver - waiting..
[INFO ] 2018-03-15 20:00:31.040 [main] RFWebsiteDriver - waiting..
[INFO ] 2018-03-15 20:00:32.079 [main] RFWebsiteDriver - waiting..
[INFO ] 2018-03-15 20:00:33.135 [main] RFWebsiteDriver - waiting..
[INFO ] 2018-03-15 20:00:34.172 [main] RFWebsiteDriver - waiting..
[INFO ] 2018-03-15 20:00:35.229 [main] RFWebsiteDriver - waiting..
[INFO ] 2018-03-15 20:00:36.262 [main] RFWebsiteDriver - waiting..
[INFO ] 2018-03-15 20:00:37.297 [main] RFWebsiteDriver - waiting..
[INFO ] 2018-03-15 20:00:38.331 [main] RFWebsiteDriver - waiting..
[INFO ] 2018-03-15 20:00:39.366 [main] RFWebsiteDriver - waiting..
[INFO ] 2018-03-15 20:00:40.401 [main] RFWebsiteDriver - waiting..
[INFO ] 2018-03-15 20:00:41.444 [main] RFWebsiteDriver - waiting..
[INFO ] 2018-03-15 20:00:42.478 [main] RFWebsiteDriver - waiting..
[INFO ] 2018-03-15 20:00:43.508 [main] RFWebsiteDriver - waiting..
[INFO ] 2018-03-15 20:00:44.532 [main] RFWebsiteDriver - waiting..
[INFO ] 2018-03-15 20:00:45.567 [main] RFWebsiteDriver - waiting..
[INFO ] 2018-03-15 20:00:46.600 [main] RFWebsiteDriver - waiting..
[INFO ] 2018-03-15 20:00:46.601 [main] RFWebsiteDriver - wait started for By.xpath: //h1[contains(text(),'orders next month')]/preceding::span[1]
[INFO ] 2018-03-15 20:00:46.601 [main] RFWebsiteDriver - waiting for locator By.xpath: //h1[contains(text(),'orders next month')]/preceding::span[1]
[INFO ] 2018-03-15 20:00:46.659 [main] RFWebsiteDriver - Element found
[INFO ] 2018-03-15 20:00:46.660 [main] RFWebsiteDriver - waiting for locator By.xpath: //h1[contains(text(),'orders next month')]/preceding::span[1]
[INFO ] 2018-03-15 20:00:46.682 [main] RFWebsiteDriver - Element found
[INFO ] 2018-03-15 20:00:46.737 [main] RFWebsiteDriver - TEXT fetched for count of pc orders for next month at header is=7
[INFO ] 2018-03-15 20:00:46.737 [main] SoftAssert - VERIFICATION FAILED: Expected count of order at header is 3 actual on UI is 7 expected [true] but found [false]
[INFO ] 2018-03-15 20:00:46.737 [main] SoftAssert - Expected: true
[INFO ] 2018-03-15 20:00:46.737 [main] SoftAssert - Actual: false
[INFO ] 2018-03-15 20:00:46.737 [main] RFWebsiteDriver - Taking Screenshot
[INFO ] 2018-03-15 20:00:47.120 [main] SoftAssert - Snapshot Path :<a href='C:\Users\bpkotamahanti\Bindu\Automation\qa-automation\output\Screenshots\testTotalNumberOfPCsNextMonth_3021q\Expected count of order at header is 3 actual on UI is 7 expected [true] but found [false].png'>C:\Users\bpkotamahanti\Bindu\Automation\qa-automation\output\Screenshots\testTotalNumberOfPCsNextMonth_3021q\Expected count of order at header is 3 actual on UI is 7 expected [true] but found [false].png</a>

[INFO ] 2018-03-15 20:00:47.121 [main] TestListner - [TEST HAS FAILED-------- Test case testTotalNumberOfPCsNextMonth_3021q has failed] due to reason:-<br>  java.lang.AssertionError: 1.Expected count of order at header is 3 actual on UI is 7

 1.Expected count of order is 3 actual on UI is 7

[INFO ] 2018-03-15 20:00:47.151 [main] RFWebsiteDriver - URL opened is https://skywalker.rodanandfields.com
[INFO ] 2018-03-15 20:00:47.704 [main] RFWebsiteDriver - Waiting for LSD loading image to get disappear
[INFO ] 2018-03-15 20:00:47.845 [main] RFWebsiteDriver - LSD Animation image disappears
[INFO ] 2018-03-15 20:00:47.846 [main] RFWebsiteDriver - Waiting for LSD loading image to get disappear
[INFO ] 2018-03-15 20:00:49.004 [main] RFWebsiteDriver - waiting..
[INFO ] 2018-03-15 20:00:50.034 [main] RFWebsiteDriver - waiting..
[INFO ] 2018-03-15 20:00:50.045 [main] RFWebsiteDriver - LSD loading image disappears
[INFO ] 2018-03-15 20:00:50.045 [main] RFWebsiteDriver - waiting for locator By.xpath: //div[@id='rf-nav-wrapper']/descendant::span[text()='Pulse'][1]
[INFO ] 2018-03-15 20:00:50.064 [main] RFWebsiteDriver - Element found
[INFO ] 2018-03-15 20:00:50.064 [main] RFWebsiteDriver - wait started for By.xpath: //div[@id='rf-nav-wrapper']/descendant::span[text()='Pulse'][1]
[INFO ] 2018-03-15 20:00:50.064 [main] RFWebsiteDriver - waiting for locator By.xpath: //div[@id='rf-nav-wrapper']/descendant::span[text()='Pulse'][1]
[INFO ] 2018-03-15 20:00:50.073 [main] RFWebsiteDriver - Element found
[INFO ] 2018-03-15 20:00:50.073 [main] RFWebsiteDriver - Pulse in top navigation ready to be clicked
[INFO ] 2018-03-15 20:00:50.157 [main] RFWebsiteDriver - CLICKED on Pulse in top navigation
[INFO ] 2018-03-15 20:00:50.158 [main] LSDRFWebsiteBasePage - Pulse in top navigation clicked
[INFO ] 2018-03-15 20:00:50.158 [main] LSDRFWebsiteBasePage - Logging out from pulse application
[INFO ] 2018-03-15 20:00:50.252 [main] RFWebsiteDriver - CLICKED on 
[INFO ] 2018-03-15 20:00:50.252 [main] RFWebsiteDriver - Waiting for LSD loading image to get disappear
[INFO ] 2018-03-15 20:00:50.264 [main] RFWebsiteDriver - LSD loading image disappears
