[DEBUG] 2018-03-24 18:51:54.156 [main] RFBaseTest - Started execution with  null
[INFO ] 2018-03-24 18:51:54.161 [main] RFBaseTest - Environment properties are not provided by the user ... loading the default properties
[INFO ] 2018-03-24 18:51:54.161 [main] RFBaseTest - Default Browser is  ------ chrome
[INFO ] 2018-03-24 18:51:54.161 [main] RFBaseTest - Default URL is  ------ https://skywalker.rodanandfields.com
[INFO ] 2018-03-24 18:51:54.161 [main] RFBaseTest - Default user password is  ------ null
[INFO ] 2018-03-24 18:51:54.161 [main] RFBaseTest - Default Country is  ------ us
[INFO ] 2018-03-24 18:51:54.162 [main] RFBaseTest - Default DB IP is  ------ 10.3.0.218
[INFO ] 2018-03-24 18:51:54.162 [main] RFBaseTest - Default DB Username is  ------ perftest
[INFO ] 2018-03-24 18:51:54.162 [main] RFBaseTest - Default DB Password is  ------ perftest
[INFO ] 2018-03-24 18:51:54.162 [main] RFBaseTest - Default DB Domain is  ------ RF
[INFO ] 2018-03-24 18:51:58.582 [main] RFWebsiteDriver - URL opened is https://skywalker.rodanandfields.com
[INFO ] 2018-03-24 18:52:00.474 [main] RFLSDWebsiteBaseTest - Application loaded
[INFO ] 2018-03-24 18:52:00.489 [main] RFWebsiteDriver - DB connections are set
[INFO ] 2018-03-24 18:52:00.536 [main] DBUtil - QUERY TRIGGERED IS DECLARE @CurrentOpenPeriod INT = ( SELECT TOP 1    PeriodID FROM     Commissions.reference.Periods WHERE    ClosedDate IS NULL   ORDER BY PeriodID ASC ) ,  @AccountID INT , @UserName NVARCHAR(225) , @Country NVARCHAR(225), @FirstName nvarchar(255), @LastName nvarchar(255) SELECT TOP 1 @AccountID = ab.AccountID , @UserName = ac.Username , @Country = co.Alpha2Code, @firstname=act.FirstName, @LastName= act. LAstName  FROM    RFOperations.RFO_Accounts.AccountBase (NOLOCK) ab JOIN RFOperations.RFO_Accounts.AccountRF (NOLOCK) rf ON rf.AccountID = ab.AccountID  JOIN RFOperations.Security.AccountSecurity (NOLOCK) ac ON ac.AccountID = ab.AccountID    JOIN RFOperations.RFO_Accounts.AccountContacts (NOLOCK) act ON act.AccountID = ab.AccountID  JOIN RFOperations.RFO_Reference.Countries (NOLOCK) co ON co.CountryID = ab.CountryID WHERE   ab.AccountTypeID = 1 AND ab.AccountStatusID = 1 AND co.Alpha2Code = 'US' AND rf.Active = 1  AND EXISTS ( SELECT 1 FROM   RFOperations.Hybris.Autoship (NOLOCK) a WHERE  a.AccountID = ab.AccountID  AND a.AutoshipTypeID = 3  AND a.Active = 1 )  AND EXISTS ( SELECT 1 FROM   Commissions.calcs.vwQualificationSummary v WHERE  ab.AccountID = v.AccountID  AND v.PeriodID = @CurrentOpenPeriod AND v.SV >= 100 AND v.PSQV >= 600 ) ORDER BY NEWID() SELECT  ISNULL(@AccountID, 1496) AccountID , ISNULL(@UserName, 'skincareconsultants@gmail.com') UserName , Isnull(@FirstName,'Sarah') [FirstName], Isnull(@LastName,'Robbins') [LastName], ISNULL(@Country, 'US') Country ,  @CurrentOpenPeriod CurrentOpenPeriod

[INFO ] 2018-03-24 18:52:05.772 [main] RFLSDWebsiteBaseTest - randomConsultantDetailsList:[{AccountID=2814570, UserName=hadeacon@yahoo.com, FirstName=Hillary, LastName=Deacon, Country=US, CurrentOpenPeriod=201710}]
[INFO ] 2018-03-24 18:52:05.773 [main] RFLSDWebsiteBaseTest - Data returned by query: 2814570
[INFO ] 2018-03-24 18:52:05.773 [main] RFLSDWebsiteBaseTest - Data returned by query: hadeacon@yahoo.com
[INFO ] 2018-03-24 18:52:05.773 [main] RFLSDWebsiteBaseTest - userName:[{AccountID=2814570, UserName=hadeacon@yahoo.com, FirstName=Hillary, LastName=Deacon, Country=US, CurrentOpenPeriod=201710}]
[INFO ] 2018-03-24 18:52:05.773 [main] RFWebsiteDriver - Waiting for LSD loading image to get disappear
[INFO ] 2018-03-24 18:52:05.796 [main] RFWebsiteDriver - LSD loading image disappears
[INFO ] 2018-03-24 18:52:05.839 [main] RFWebsiteDriver - waiting for locator By.id: username
[INFO ] 2018-03-24 18:52:05.850 [main] RFWebsiteDriver - Element found
[INFO ] 2018-03-24 18:52:05.850 [main] RFWebsiteDriver - wait started for By.id: username
[INFO ] 2018-03-24 18:52:05.850 [main] RFWebsiteDriver - waiting for locator By.id: username
[INFO ] 2018-03-24 18:52:05.859 [main] RFWebsiteDriver - Element found
[INFO ] 2018-03-24 18:52:05.994 [main] RFWebsiteDriver - TYPED text as = hadeacon@yahoo.com in  text field
[INFO ] 2018-03-24 18:52:05.994 [main] LSDLoginPage - username is hadeacon@yahoo.com
[INFO ] 2018-03-24 18:52:05.994 [main] RFWebsiteDriver - wait started for By.id: password
[INFO ] 2018-03-24 18:52:05.994 [main] RFWebsiteDriver - waiting for locator By.id: password
[INFO ] 2018-03-24 18:52:06.009 [main] RFWebsiteDriver - Element found
[INFO ] 2018-03-24 18:52:06.107 [main] RFWebsiteDriver - TYPED text as = 111Maiden$ in  text field
[INFO ] 2018-03-24 18:52:06.107 [main] LSDLoginPage - password is 111Maiden$
[INFO ] 2018-03-24 18:52:06.137 [main] RFWebsiteDriver -  ready to be clicked
[INFO ] 2018-03-24 18:52:06.220 [main] RFWebsiteDriver - CLICKED on 
[INFO ] 2018-03-24 18:52:15.386 [main] RFLSDWebsiteBaseTest - Total windows opened are 1
[INFO ] 2018-03-24 18:52:15.392 [main] RFWebsiteDriver - URL opened is https://skywalker.rodanandfields.com#/Home
[INFO ] 2018-03-24 18:57:15.521 [main] TestListner - 
******************************************************************************************************************************
					TEST CASE NAME:                  testPCCardComponents_3240q
******************************************************************************************************************************
[INFO ] 2018-03-24 18:57:15.562 [main] TestListner - [TEST IS SKIPPED -------- Test case testPCCardComponents_3240q skipped]
