[INFO ] 2018-03-24 20:06:10.355 [main] RFBaseTest - Environment properties are not provided by the user ... loading the default properties
[INFO ] 2018-03-24 20:06:10.355 [main] RFBaseTest - Default Browser is  ------ chrome
[INFO ] 2018-03-24 20:06:10.355 [main] RFBaseTest - Default URL is  ------ https://skywalker.rodanandfields.com
[INFO ] 2018-03-24 20:06:10.355 [main] RFBaseTest - Default user password is  ------ null
[INFO ] 2018-03-24 20:06:10.355 [main] RFBaseTest - Default Country is  ------ us
[INFO ] 2018-03-24 20:06:10.356 [main] RFBaseTest - Default DB IP is  ------ 10.3.0.218
[INFO ] 2018-03-24 20:06:10.356 [main] RFBaseTest - Default DB Username is  ------ perftest
[INFO ] 2018-03-24 20:06:10.356 [main] RFBaseTest - Default DB Password is  ------ perftest
[INFO ] 2018-03-24 20:06:10.356 [main] RFBaseTest - Default DB Domain is  ------ RF
[INFO ] 2018-03-24 20:06:14.811 [main] RFWebsiteDriver - URL opened is https://skywalker.rodanandfields.com
[INFO ] 2018-03-24 20:06:17.757 [main] RFLSDWebsiteBaseTest - Application loaded
[INFO ] 2018-03-24 20:06:17.770 [main] RFWebsiteDriver - DB connections are set
[INFO ] 2018-03-24 20:06:17.815 [main] DBUtil - QUERY TRIGGERED IS DECLARE @CurrentOpenPeriod INT = ( SELECT TOP 1    PeriodID FROM     Commissions.reference.Periods WHERE    ClosedDate IS NULL   ORDER BY PeriodID ASC ) ,  @AccountID INT , @UserName NVARCHAR(225) , @Country NVARCHAR(225), @FirstName nvarchar(255), @LastName nvarchar(255) SELECT TOP 1 @AccountID = ab.AccountID , @UserName = ac.Username , @Country = co.Alpha2Code, @firstname=act.FirstName, @LastName= act. LAstName  FROM    RFOperations.RFO_Accounts.AccountBase (NOLOCK) ab JOIN RFOperations.RFO_Accounts.AccountRF (NOLOCK) rf ON rf.AccountID = ab.AccountID  JOIN RFOperations.Security.AccountSecurity (NOLOCK) ac ON ac.AccountID = ab.AccountID    JOIN RFOperations.RFO_Accounts.AccountContacts (NOLOCK) act ON act.AccountID = ab.AccountID  JOIN RFOperations.RFO_Reference.Countries (NOLOCK) co ON co.CountryID = ab.CountryID WHERE   ab.AccountTypeID = 1 AND ab.AccountStatusID = 1 AND co.Alpha2Code = 'US' AND rf.Active = 1  AND EXISTS ( SELECT 1 FROM   RFOperations.Hybris.Autoship (NOLOCK) a WHERE  a.AccountID = ab.AccountID  AND a.AutoshipTypeID = 3  AND a.Active = 1 )  AND EXISTS ( SELECT 1 FROM   Commissions.calcs.vwQualificationSummary v WHERE  ab.AccountID = v.AccountID  AND v.PeriodID = @CurrentOpenPeriod AND v.SV >= 100 AND v.PSQV >= 600 ) ORDER BY NEWID() SELECT  ISNULL(@AccountID, 1496) AccountID , ISNULL(@UserName, 'skincareconsultants@gmail.com') UserName , Isnull(@FirstName,'Sarah') [FirstName], Isnull(@LastName,'Robbins') [LastName], ISNULL(@Country, 'US') Country ,  @CurrentOpenPeriod CurrentOpenPeriod

[INFO ] 2018-03-24 20:06:21.117 [main] RFLSDWebsiteBaseTest - randomConsultantDetailsList:[{AccountID=2887167, UserName=k.henritzy@rcn.com, FirstName=Kristy, LastName=Henritzy, Country=US, CurrentOpenPeriod=201710}]
[INFO ] 2018-03-24 20:06:21.117 [main] RFLSDWebsiteBaseTest - Data returned by query: 2887167
[INFO ] 2018-03-24 20:06:21.117 [main] RFLSDWebsiteBaseTest - Data returned by query: k.henritzy@rcn.com
[INFO ] 2018-03-24 20:06:21.117 [main] RFLSDWebsiteBaseTest - userName:[{AccountID=2887167, UserName=k.henritzy@rcn.com, FirstName=Kristy, LastName=Henritzy, Country=US, CurrentOpenPeriod=201710}]
[INFO ] 2018-03-24 20:06:21.117 [main] RFWebsiteDriver - Waiting for LSD loading image to get disappear
[INFO ] 2018-03-24 20:06:21.138 [main] RFWebsiteDriver - LSD loading image disappears
[INFO ] 2018-03-24 20:06:21.179 [main] RFWebsiteDriver - waiting for locator By.id: username
[INFO ] 2018-03-24 20:06:21.191 [main] RFWebsiteDriver - Element found
[INFO ] 2018-03-24 20:06:21.191 [main] RFWebsiteDriver - wait started for By.id: username
[INFO ] 2018-03-24 20:06:21.191 [main] RFWebsiteDriver - waiting for locator By.id: username
[INFO ] 2018-03-24 20:06:21.201 [main] RFWebsiteDriver - Element found
[INFO ] 2018-03-24 20:06:21.352 [main] RFWebsiteDriver - TYPED text as = k.henritzy@rcn.com in  text field
[INFO ] 2018-03-24 20:06:21.353 [main] LSDLoginPage - username is k.henritzy@rcn.com
[INFO ] 2018-03-24 20:06:21.353 [main] RFWebsiteDriver - wait started for By.id: password
[INFO ] 2018-03-24 20:06:21.353 [main] RFWebsiteDriver - waiting for locator By.id: password
[INFO ] 2018-03-24 20:06:21.369 [main] RFWebsiteDriver - Element found
[INFO ] 2018-03-24 20:06:21.473 [main] RFWebsiteDriver - TYPED text as = 111Maiden$ in  text field
[INFO ] 2018-03-24 20:06:21.473 [main] LSDLoginPage - password is 111Maiden$
[INFO ] 2018-03-24 20:06:21.503 [main] RFWebsiteDriver -  ready to be clicked
[INFO ] 2018-03-24 20:06:21.570 [main] RFWebsiteDriver - CLICKED on 
[INFO ] 2018-03-24 20:06:30.786 [main] RFLSDWebsiteBaseTest - Total windows opened are 1
[INFO ] 2018-03-24 20:06:30.790 [main] RFWebsiteDriver - URL opened is https://skywalker.rodanandfields.com#/Home
[INFO ] 2018-03-24 20:06:35.758 [main] RFWebsiteDriver - Waiting for LSD loading image to get disappear
[INFO ] 2018-03-24 20:06:35.957 [main] RFWebsiteDriver - LSD Animation image disappears
[INFO ] 2018-03-24 20:06:37.970 [main] RFWebsiteDriver - waiting for locator By.id: username
[INFO ] 2018-03-24 20:06:58.081 [main] RFWebsiteDriver - wait started for By.id: username
[INFO ] 2018-03-24 20:06:58.082 [main] RFWebsiteDriver - waiting for locator By.id: username
[INFO ] 2018-03-24 20:07:24.057 [main] TestListner - 
******************************************************************************************************************************
					TEST CASE NAME:                  testPCCardComponents_3240q
******************************************************************************************************************************
[INFO ] 2018-03-24 20:07:24.124 [main] RFWebsiteDriver -  ready to be clicked
[INFO ] 2018-03-24 20:07:24.192 [main] RFWebsiteDriver - CLICKED on 
[INFO ] 2018-03-24 20:07:24.193 [main] LSDHomePage - Clicked on Pulse Submenu from Top Navigation
[INFO ] 2018-03-24 20:07:24.281 [main] RFWebsiteDriver -  ready to be clicked
[INFO ] 2018-03-24 20:07:24.362 [main] RFWebsiteDriver - CLICKED on 
[INFO ] 2018-03-24 20:07:24.362 [main] LSDHomePage - SubMenu Link : Customers clicked
[INFO ] 2018-03-24 20:07:24.384 [main] RFWebsiteDriver - Waiting for spin image to get disappear0
[INFO ] 2018-03-24 20:07:24.400 [main] RFWebsiteDriver - spin image disappears
[INFO ] 2018-03-24 20:07:28.438 [main] RFWebsiteDriver - Waiting for spin image to get disappear1
[INFO ] 2018-03-24 20:07:29.453 [main] RFWebsiteDriver - waiting..
[INFO ] 2018-03-24 20:07:30.469 [main] RFWebsiteDriver - waiting..
[INFO ] 2018-03-24 20:07:31.490 [main] RFWebsiteDriver - waiting..
[INFO ] 2018-03-24 20:07:32.519 [main] RFWebsiteDriver - waiting..
[INFO ] 2018-03-24 20:07:33.536 [main] RFWebsiteDriver - waiting..
[INFO ] 2018-03-24 20:07:34.554 [main] RFWebsiteDriver - waiting..
[INFO ] 2018-03-24 20:07:34.570 [main] RFWebsiteDriver - spin image disappears
[INFO ] 2018-03-24 20:07:34.634 [main] RFWebsiteDriver - TEXT fetched for count of pc autoship orders for this month is=0
[INFO ] 2018-03-24 20:07:34.634 [main] RFLSDWebsiteBaseTest - There are no PCs present in this month for the user: [{AccountID=2887167, UserName=k.henritzy@rcn.com, FirstName=Kristy, LastName=Henritzy, Country=US, CurrentOpenPeriod=201710}] Hence nothing to check in this test.
[INFO ] 2018-03-24 20:07:34.634 [main] TestListner - [TEST IS SUCCESSFUL -------- Test case testPCCardComponents_3240q has passed]
[INFO ] 2018-03-24 20:07:34.648 [main] RFWebsiteDriver - URL opened is https://skywalker.rodanandfields.com
[INFO ] 2018-03-24 20:07:35.170 [main] RFWebsiteDriver - Waiting for LSD loading image to get disappear
[INFO ] 2018-03-24 20:07:35.357 [main] RFWebsiteDriver - LSD Animation image disappears
[INFO ] 2018-03-24 20:07:35.357 [main] RFWebsiteDriver - Waiting for LSD loading image to get disappear
[INFO ] 2018-03-24 20:07:36.632 [main] RFWebsiteDriver - waiting..
[INFO ] 2018-03-24 20:07:36.656 [main] RFWebsiteDriver - LSD loading image disappears
[INFO ] 2018-03-24 20:07:36.656 [main] RFWebsiteDriver - waiting for locator By.xpath: //div[@id='rf-nav-wrapper']/descendant::span[text()='Pulse'][1]
[INFO ] 2018-03-24 20:07:37.390 [main] RFWebsiteDriver - Element found
[INFO ] 2018-03-24 20:07:37.423 [main] RFWebsiteDriver - Pulse in top navigation ready to be clicked
[INFO ] 2018-03-24 20:07:37.502 [main] RFWebsiteDriver - CLICKED on Pulse in top navigation
[INFO ] 2018-03-24 20:07:37.502 [main] LSDRFWebsiteBasePage - Pulse in top navigation clicked
[INFO ] 2018-03-24 20:07:37.502 [main] LSDRFWebsiteBasePage - Logging out from pulse application
[INFO ] 2018-03-24 20:07:37.571 [main] RFWebsiteDriver - CLICKED by JS on 
[INFO ] 2018-03-24 20:07:37.571 [main] RFWebsiteDriver - Waiting for LSD loading image to get disappear
[INFO ] 2018-03-24 20:07:37.589 [main] RFWebsiteDriver - LSD loading image disappears
