[INFO ] 2018-03-18 18:36:05.618 [main] RFBaseTest - Environment properties are not provided by the user ... loading the default properties
[INFO ] 2018-03-18 18:36:05.620 [main] RFBaseTest - Default Browser is  ------ chrome
[INFO ] 2018-03-18 18:36:05.620 [main] RFBaseTest - Default URL is  ------ https://skywalker.rodanandfields.com
[INFO ] 2018-03-18 18:36:05.621 [main] RFBaseTest - Default user password is  ------ 111Maiden$
[INFO ] 2018-03-18 18:36:05.622 [main] RFBaseTest - Default Country is  ------ us
[INFO ] 2018-03-18 18:36:05.623 [main] RFBaseTest - Default DB IP is  ------ 172.16.15.41
[INFO ] 2018-03-18 18:36:05.624 [main] RFBaseTest - Default DB Username is  ------ perftest
[INFO ] 2018-03-18 18:36:05.625 [main] RFBaseTest - Default DB Password is  ------ perftest
[INFO ] 2018-03-18 18:36:05.625 [main] RFBaseTest - Default DB Domain is  ------ RF
[INFO ] 2018-03-18 18:36:13.840 [main] RFWebsiteDriver - Window is maximized
[INFO ] 2018-03-18 18:36:13.841 [main] RFWebsiteDriver - All cookies deleted
[INFO ] 2018-03-18 18:36:13.843 [main] RFWebsiteDriver - URL opened is https://skywalker.rodanandfields.com
[INFO ] 2018-03-18 18:36:15.833 [main] RFLSDWebsiteBaseTest - Application loaded
[INFO ] 2018-03-18 18:36:19.174 [main] RFWebsiteDriver - DB connections are set
[INFO ] 2018-03-18 18:36:19.416 [main] DBUtil - QUERY TRIGGERED IS DECLARE @CurrentOpenPeriod INT = ( SELECT TOP 1
                                            PeriodID
                                   FROM     Commissions.reference.Periods
                                   WHERE    ClosedDate IS NULL
                                   ORDER BY PeriodID ASC
                                 ) ,
    @AccountID INT ,
    @UserName NVARCHAR(225) ,
    @Country NVARCHAR(225)

SELECT TOP 1
        @AccountID = ab.AccountID ,
        @UserName = ac.Username ,
        @Country = co.Alpha2Code
FROM    RFOperations.RFO_Accounts.AccountBase (NOLOCK) ab
        JOIN RFOperations.RFO_Accounts.AccountRF (NOLOCK) rf ON rf.AccountID = ab.AccountID
        JOIN RFOperations.Security.AccountSecurity (NOLOCK) ac ON ac.AccountID = ab.AccountID
        JOIN RFOperations.RFO_Reference.Countries (NOLOCK) co ON co.CountryID = ab.CountryID
WHERE   ab.AccountTypeID = 1
        AND ab.AccountStatusID = 1
        AND co.Alpha2Code = 'US'
        AND rf.Active = 1
        AND EXISTS ( SELECT 1
                     FROM   RFOperations.Hybris.Autoship (NOLOCK) a
                     WHERE  a.AccountID = ab.AccountID
                            AND a.AutoshipTypeID = 3
                            AND a.Active = 1 )
        AND EXISTS ( SELECT 1
                     FROM   Commissions.calcs.vwQualificationSummary v
                     WHERE  ab.AccountID = v.AccountID
                            AND v.PeriodID = @CurrentOpenPeriod
                            AND v.SV >= 100
                            AND v.PSQV >= 600 )
ORDER BY NEWID()

SELECT  ISNULL(@AccountID, 1496) AccountID ,
        ISNULL(@UserName, 'skincareconsultants@gmail.com') UserName ,
        ISNULL(@Country, 'US') Country ,
        @CurrentOpenPeriod CurrentOpenPeriod

[INFO ] 2018-03-18 18:36:23.714 [main] RFLSDWebsiteBaseTest - randomConsultantDetailsList:[{AccountID=1496, UserName=skincareconsultants@gmail.com, Country=US, CurrentOpenPeriod=201802}]
[INFO ] 2018-03-18 18:36:23.716 [main] RFLSDWebsiteBaseTest - Data returned by query: 1496
[INFO ] 2018-03-18 18:36:23.717 [main] RFLSDWebsiteBaseTest - Data returned by query: skincareconsultants@gmail.com
[INFO ] 2018-03-18 18:36:23.718 [main] RFLSDWebsiteBaseTest - userName:[{AccountID=1496, UserName=skincareconsultants@gmail.com, Country=US, CurrentOpenPeriod=201802}]
[INFO ] 2018-03-18 18:36:27.478 [main] RFWebsiteDriver - Waiting for LSD loading image to get disappear
[INFO ] 2018-03-18 18:36:27.519 [main] RFWebsiteDriver - LSD loading image disappears
[INFO ] 2018-03-18 18:36:27.609 [main] RFWebsiteDriver - waiting for locator By.id: username
[INFO ] 2018-03-18 18:36:27.626 [main] RFWebsiteDriver - Element found
[INFO ] 2018-03-18 18:36:27.627 [main] RFWebsiteDriver - Taking Screenshot
[INFO ] 2018-03-18 18:36:28.128 [main] RFWebsiteDriver - wait started for By.id: username
[INFO ] 2018-03-18 18:36:28.129 [main] RFWebsiteDriver - waiting for locator By.id: username
[INFO ] 2018-03-18 18:36:28.146 [main] RFWebsiteDriver - Element found
[INFO ] 2018-03-18 18:36:28.348 [main] RFWebsiteDriver - TYPED text as = skincareconsultants@gmail.com in  text field
[INFO ] 2018-03-18 18:36:28.349 [main] LSDLoginPage - username is skincareconsultants@gmail.com
[INFO ] 2018-03-18 18:36:30.724 [main] RFWebsiteDriver - wait started for By.id: password
[INFO ] 2018-03-18 18:36:30.726 [main] RFWebsiteDriver - waiting for locator By.id: password
[INFO ] 2018-03-18 18:36:30.757 [main] RFWebsiteDriver - Element found
[INFO ] 2018-03-18 18:36:30.902 [main] RFWebsiteDriver - TYPED text as = 111Maiden$ in  text field
[INFO ] 2018-03-18 18:36:30.903 [main] LSDLoginPage - password is 111Maiden$
[INFO ] 2018-03-18 18:36:30.905 [main] RFWebsiteDriver - wait started for By.id: button-login
[INFO ] 2018-03-18 18:36:30.906 [main] RFWebsiteDriver - waiting for locator By.id: button-login
[INFO ] 2018-03-18 18:36:30.934 [main] RFWebsiteDriver - Element found
[INFO ] 2018-03-18 18:36:30.935 [main] RFWebsiteDriver -  ready to be clicked
[INFO ] 2018-03-18 18:36:31.029 [main] RFWebsiteDriver - CLICKED on 
[INFO ] 2018-03-18 18:37:14.021 [main] RFWebsiteDriver - URL opened is https://skywalker.rodanandfields.com
[INFO ] 2018-03-18 18:37:14.647 [main] RFWebsiteDriver - Waiting for LSD loading image to get disappear
[INFO ] 2018-03-18 18:37:14.777 [main] RFWebsiteDriver - LSD Animation image disappears
[INFO ] 2018-03-18 18:37:14.778 [main] RFWebsiteDriver - waiting for locator By.id: button-login
[INFO ] 2018-03-18 18:37:20.337 [main] RFWebsiteDriver - waiting for locator By.xpath: //div[text()='Hello,']/following-sibling::div[contains(@class,'text-uppercase')]
[INFO ] 2018-03-18 18:37:20.353 [main] RFWebsiteDriver - Element found
[INFO ] 2018-03-18 18:37:20.370 [main] RFWebsiteDriver - waiting for locator By.xpath: //div[text()='Hello,']/following-sibling::div[contains(@class,'text-uppercase')]
[INFO ] 2018-03-18 18:37:20.386 [main] RFWebsiteDriver - Element found
[INFO ] 2018-03-18 18:37:20.433 [main] RFWebsiteDriver - TEXT fetched for First name in overview section is=SARAH
[INFO ] 2018-03-18 18:37:20.434 [main] RFLSDWebsiteBaseTest - Data returned by query: null
[INFO ] 2018-03-18 18:37:20.449 [main] RFWebsiteDriver - wait started for By.xpath: //div[@id='rf-nav-wrapper']/descendant::img[2]
[INFO ] 2018-03-18 18:37:20.450 [main] RFWebsiteDriver - waiting for locator By.xpath: //div[@id='rf-nav-wrapper']/descendant::img[2]
[INFO ] 2018-03-18 18:37:20.471 [main] RFWebsiteDriver - Element found
[INFO ] 2018-03-18 18:37:20.472 [main] RFWebsiteDriver - R+F logo ready to be clicked
[INFO ] 2018-03-18 18:37:20.565 [main] RFWebsiteDriver - CLICKED on R+F logo
[INFO ] 2018-03-18 18:37:20.848 [main] TestListner - 
******************************************************************************************************************************
					TEST CASE NAME:                  testPCCardComponents_3240q
******************************************************************************************************************************
[INFO ] 2018-03-18 18:38:14.819 [main] RFWebsiteDriver - wait started for By.xpath: //div[@id='rf-nav-wrapper']/descendant::span[text()='Pulse'][1]
[INFO ] 2018-03-18 18:38:14.828 [main] RFWebsiteDriver - waiting for locator By.xpath: //div[@id='rf-nav-wrapper']/descendant::span[text()='Pulse'][1]
[INFO ] 2018-03-18 18:38:14.919 [main] RFWebsiteDriver - Element found
[INFO ] 2018-03-18 18:38:14.924 [main] RFWebsiteDriver -  ready to be clicked
[INFO ] 2018-03-18 18:38:37.874 [main] RFWebsiteDriver - CLICKED on 
[INFO ] 2018-03-18 18:38:37.879 [main] RFWebsiteDriver - CLICKED on 
[INFO ] 2018-03-18 18:38:37.883 [main] LSDHomePage - Clicked on Pulse Submenu from Top Navigation
[INFO ] 2018-03-18 18:38:48.321 [main] RFWebsiteDriver - wait started for By.xpath: //a[contains(text(),'Customers')]
[INFO ] 2018-03-18 18:38:48.327 [main] RFWebsiteDriver - waiting for locator By.xpath: //a[contains(text(),'Customers')]
[INFO ] 2018-03-18 18:38:48.422 [main] RFWebsiteDriver - Element found
[INFO ] 2018-03-18 18:38:48.427 [main] RFWebsiteDriver -  ready to be clicked
[INFO ] 2018-03-18 18:39:02.627 [main] RFWebsiteDriver - CLICKED on 
[INFO ] 2018-03-18 18:39:02.631 [main] RFWebsiteDriver - CLICKED on 
[INFO ] 2018-03-18 18:39:02.635 [main] LSDHomePage - SubMenu Link : Customers clicked
[INFO ] 2018-03-18 18:39:02.705 [main] RFWebsiteDriver - Waiting for spin image to get disappear0
[INFO ] 2018-03-18 18:39:02.768 [main] RFWebsiteDriver - spin image disappears
[INFO ] 2018-03-18 18:39:22.912 [main] RFWebsiteDriver - wait started for By.xpath: //div[contains(@class,'white-fb')]/descendant::a[1]/descendant::span[1]
[INFO ] 2018-03-18 18:39:22.917 [main] RFWebsiteDriver - waiting for locator By.xpath: //div[contains(@class,'white-fb')]/descendant::a[1]/descendant::span[1]
[INFO ] 2018-03-18 18:39:22.994 [main] RFWebsiteDriver - Element found
[INFO ] 2018-03-18 18:39:22.999 [main] RFWebsiteDriver - have orders for this month ready to be clicked
[INFO ] 2018-03-18 18:39:23.164 [main] RFWebsiteDriver - CLICKED on have orders for this month
[INFO ] 2018-03-18 18:39:41.405 [main] RFWebsiteDriver - wait started for By.xpath: //div[@id='sub-stage']/descendant::a[1]/descendant::span[1]
[INFO ] 2018-03-18 18:39:41.418 [main] RFWebsiteDriver - waiting for locator By.xpath: //div[@id='sub-stage']/descendant::a[1]/descendant::span[1]
[INFO ] 2018-03-18 18:39:41.494 [main] RFWebsiteDriver - Element found
[INFO ] 2018-03-18 18:41:49.687 [main] RFWebsiteDriver - wait started for By.xpath: //div[@id='sub-stage']/descendant::a[1]/descendant::span[2]
[INFO ] 2018-03-18 18:41:49.703 [main] RFWebsiteDriver - waiting for locator By.xpath: //div[@id='sub-stage']/descendant::a[1]/descendant::span[2]
[INFO ] 2018-03-18 18:41:49.776 [main] RFWebsiteDriver - Element found
[INFO ] 2018-03-18 18:41:50.931 [main] RFWebsiteDriver - wait started for By.xpath: //div[@id='sub-stage']/descendant::a[1]/descendant::span[3]
[INFO ] 2018-03-18 18:41:50.944 [main] RFWebsiteDriver - waiting for locator By.xpath: //div[@id='sub-stage']/descendant::a[1]/descendant::span[3]
[INFO ] 2018-03-18 18:41:51.032 [main] RFWebsiteDriver - Element found
[INFO ] 2018-03-18 18:41:51.562 [main] RFWebsiteDriver - wait started for By.xpath: //div[@id='sub-stage']/descendant::a[1]/descendant::span[4]
[INFO ] 2018-03-18 18:41:51.576 [main] RFWebsiteDriver - waiting for locator By.xpath: //div[@id='sub-stage']/descendant::a[1]/descendant::span[4]
[INFO ] 2018-03-18 18:41:51.656 [main] RFWebsiteDriver - Element found
[INFO ] 2018-03-18 18:41:52.221 [main] RFWebsiteDriver - wait started for By.xpath: //div[@id='sub-stage']/descendant::a[1]/descendant::span[5]
[INFO ] 2018-03-18 18:41:52.234 [main] RFWebsiteDriver - waiting for locator By.xpath: //div[@id='sub-stage']/descendant::a[1]/descendant::span[5]
[INFO ] 2018-03-18 18:41:52.315 [main] RFWebsiteDriver - Element found
[INFO ] 2018-03-18 18:41:53.478 [main] RFWebsiteDriver - wait started for By.xpath: //div[@id='sub-stage']/descendant::a[1]/descendant::span[6]
[INFO ] 2018-03-18 18:41:53.490 [main] RFWebsiteDriver - waiting for locator By.xpath: //div[@id='sub-stage']/descendant::a[1]/descendant::span[6]
[INFO ] 2018-03-18 18:41:53.607 [main] RFWebsiteDriver - Element found
[INFO ] 2018-03-18 18:42:06.940 [main] RFWebsiteDriver - waiting for locator By.xpath: //div[@id='sub-stage']/descendant::section[contains(@id,'pc-card')][1]//span[contains(@class,'icon-contact')]
[INFO ] 2018-03-18 18:42:07.041 [main] RFWebsiteDriver - Element found
[INFO ] 2018-03-18 18:42:07.960 [main] RFWebsiteDriver - wait started for By.xpath: //div[@id='sub-stage']/descendant::section[contains(@id,'pc-card')][1]//div[contains(@class,'rf-circle-bg-active')]
[INFO ] 2018-03-18 18:42:07.970 [main] RFWebsiteDriver - waiting for locator By.xpath: //div[@id='sub-stage']/descendant::section[contains(@id,'pc-card')][1]//div[contains(@class,'rf-circle-bg-active')]
[INFO ] 2018-03-18 18:42:08.059 [main] RFWebsiteDriver - Element found
[INFO ] 2018-03-18 18:42:15.651 [main] TestListner - [TEST IS SUCCESSFUL -------- Test case testPCCardComponents_3240q has passed]
[INFO ] 2018-03-18 18:42:15.711 [main] RFWebsiteDriver - URL opened is https://skywalker.rodanandfields.com
[INFO ] 2018-03-18 18:42:16.709 [main] RFWebsiteDriver - Waiting for LSD loading image to get disappear
[INFO ] 2018-03-18 18:42:16.821 [main] RFWebsiteDriver - LSD Animation image disappears
[INFO ] 2018-03-18 18:42:16.822 [main] RFWebsiteDriver - Waiting for LSD loading image to get disappear
[INFO ] 2018-03-18 18:42:17.910 [main] RFWebsiteDriver - waiting..
[INFO ] 2018-03-18 18:42:18.938 [main] RFWebsiteDriver - waiting..
[INFO ] 2018-03-18 18:42:19.988 [main] RFWebsiteDriver - waiting..
[INFO ] 2018-03-18 18:42:21.034 [main] RFWebsiteDriver - waiting..
[INFO ] 2018-03-18 18:42:22.054 [main] RFWebsiteDriver - waiting..
[INFO ] 2018-03-18 18:42:23.070 [main] RFWebsiteDriver - waiting..
[INFO ] 2018-03-18 18:42:24.085 [main] RFWebsiteDriver - waiting..
[INFO ] 2018-03-18 18:42:25.100 [main] RFWebsiteDriver - waiting..
[INFO ] 2018-03-18 18:42:26.123 [main] RFWebsiteDriver - waiting..
[INFO ] 2018-03-18 18:42:27.140 [main] RFWebsiteDriver - waiting..
[INFO ] 2018-03-18 18:42:28.157 [main] RFWebsiteDriver - waiting..
[INFO ] 2018-03-18 18:42:29.180 [main] RFWebsiteDriver - waiting..
[INFO ] 2018-03-18 18:42:30.196 [main] RFWebsiteDriver - waiting..
[INFO ] 2018-03-18 18:42:31.234 [main] RFWebsiteDriver - waiting..
[INFO ] 2018-03-18 18:42:32.248 [main] RFWebsiteDriver - waiting..
[INFO ] 2018-03-18 18:42:33.268 [main] RFWebsiteDriver - waiting..
[INFO ] 2018-03-18 18:42:34.309 [main] RFWebsiteDriver - waiting..
[INFO ] 2018-03-18 18:42:34.325 [main] RFWebsiteDriver - LSD loading image disappears
[INFO ] 2018-03-18 18:42:34.326 [main] RFWebsiteDriver - waiting for locator By.xpath: //div[@id='rf-nav-wrapper']/descendant::span[text()='Pulse'][1]
[INFO ] 2018-03-18 18:42:34.350 [main] RFWebsiteDriver - Element found
[INFO ] 2018-03-18 18:42:34.351 [main] RFWebsiteDriver - wait started for By.xpath: //div[@id='rf-nav-wrapper']/descendant::span[text()='Pulse'][1]
[INFO ] 2018-03-18 18:42:34.351 [main] RFWebsiteDriver - waiting for locator By.xpath: //div[@id='rf-nav-wrapper']/descendant::span[text()='Pulse'][1]
[INFO ] 2018-03-18 18:42:34.366 [main] RFWebsiteDriver - Element found
[INFO ] 2018-03-18 18:42:34.366 [main] RFWebsiteDriver - Pulse in top navigation ready to be clicked
[INFO ] 2018-03-18 18:42:56.493 [main] RFWebsiteDriver - CLICKED on 
[INFO ] 2018-03-18 18:42:56.494 [main] RFWebsiteDriver - CLICKED on Pulse in top navigation
[INFO ] 2018-03-18 18:42:56.495 [main] LSDRFWebsiteBasePage - Pulse in top navigation clicked
[INFO ] 2018-03-18 18:42:56.495 [main] LSDRFWebsiteBasePage - Logging out from pulse application
[INFO ] 2018-03-18 18:43:06.803 [main] RFWebsiteDriver - CLICKED on 
[INFO ] 2018-03-18 18:43:06.804 [main] RFWebsiteDriver - Waiting for LSD loading image to get disappear
[INFO ] 2018-03-18 18:43:06.833 [main] RFWebsiteDriver - LSD loading image disappears
