[DEBUG] 2018-03-02 17:16:24.128 [main] RFBaseTest - Started execution with  null
[INFO ] 2018-03-02 17:16:24.133 [main] RFBaseTest - Environment properties are not provided by the user ... loading the default properties
[INFO ] 2018-03-02 17:16:24.133 [main] RFBaseTest - Default Browser is  ------ chrome
[INFO ] 2018-03-02 17:16:24.133 [main] RFBaseTest - Default URL is  ------ https://skywalker.rodanandfields.com
[INFO ] 2018-03-02 17:16:24.133 [main] RFBaseTest - Default user password is  ------ 111Maiden$
[INFO ] 2018-03-02 17:16:24.133 [main] RFBaseTest - Default Country is  ------ us
[INFO ] 2018-03-02 17:16:24.134 [main] RFBaseTest - Default DB IP is  ------ 10.3.0.218
[INFO ] 2018-03-02 17:16:24.134 [main] RFBaseTest - Default DB Username is  ------ perftest
[INFO ] 2018-03-02 17:16:24.134 [main] RFBaseTest - Default DB Password is  ------ perftest
[INFO ] 2018-03-02 17:16:24.134 [main] RFBaseTest - Default DB Domain is  ------ RF
[INFO ] 2018-03-02 17:16:30.113 [main] RFWebsiteDriver - Window is maximized
[INFO ] 2018-03-02 17:16:30.114 [main] RFWebsiteDriver - All cookies deleted
[INFO ] 2018-03-02 17:16:30.114 [main] RFWebsiteDriver - URL opened is https://skywalker.rodanandfields.com
[INFO ] 2018-03-02 17:16:31.322 [main] RFLSDWebsiteBaseTest - Application loaded
[INFO ] 2018-03-02 17:16:31.342 [main] RFWebsiteDriver - DB connections are set
[INFO ] 2018-03-02 17:16:31.418 [main] DBUtil - QUERY TRIGGERED IS SELECT top 1 * FROM Commissions.[calcs].[vwQualificationSummary] where SV!=0 and PSQV!=0 and L1L2!=0 and L1L6!=0 and ECLegs > 0 and periodid= LEFT(CONVERT(varchar, GetDate(),112),6)  order by NewID() desc

[INFO ] 2018-03-02 17:16:32.081 [main] RFLSDWebsiteBaseTest - Data returned by query: 2
[INFO ] 2018-03-02 17:16:32.082 [main] DBUtil - QUERY TRIGGERED IS SELECT  ab.AccountID ,ac.FirstName ,ac.LastName ,acs.Username FROM  RFOperations.RFO_Accounts.AccountBase ab JOIN RFOperations.RFO_Accounts.AccountRF rf ON rf.AccountID = ab.AccountID JOIN RFOperations.RFO_Accounts.AccountContacts ac ON ac.AccountId = ab.AccountID LEFT JOIN RFOperations.Security.AccountSecurity acs ON acs.AccountID = ab.AccountID LEFT JOIN RFOperations.RFO_Reference.AccountType t ON t.AccountTypeID = ab.AccountTypeID LEFT JOIN RFOperations.RFO_Reference.AccountStatus s ON s.AccountStatusID = ab.AccountStatusID LEFT JOIN RFOperations.RFO_Reference.Countries c ON c.CountryID = ab.CountryID WHERE   ab.AccountID = 2

[INFO ] 2018-03-02 17:16:32.293 [main] RFLSDWebsiteBaseTest - Data returned by query: 0
[INFO ] 2018-03-02 17:16:32.293 [main] DBUtil - QUERY TRIGGERED IS select EmailAddress from RFO_Accounts.AccountContacts acTB INNER JOIN RFO_Accounts.AccountEmails aeTB  on acTB.AccountContactId=aeTB.AccountContactId INNER JOIN RFO_Accounts.EmailAddresses aEMTB on aeTB.EmailAddressID=aEMTB.EmailAddressID WHERE acTB.AccountID='2' and aEMTB.EmailAddressTypeID=1 

[INFO ] 2018-03-02 17:16:32.495 [main] RFLSDWebsiteBaseTest - Data returned by query: noreply@rodanandfields.com
[INFO ] 2018-03-02 17:16:32.495 [main] RFWebsiteDriver - Waiting for LSD loading image to get disappear
[INFO ] 2018-03-02 17:16:33.523 [main] RFWebsiteDriver - waiting..
[INFO ] 2018-03-02 17:16:33.535 [main] RFWebsiteDriver - LSD loading image disappears
[INFO ] 2018-03-02 17:16:33.592 [main] RFWebsiteDriver - waiting for locator By.id: username
[INFO ] 2018-03-02 17:16:33.602 [main] RFWebsiteDriver - Element found
[INFO ] 2018-03-02 17:16:33.603 [main] RFWebsiteDriver - Taking Screenshot
[INFO ] 2018-03-02 17:16:34.137 [main] RFWebsiteDriver - wait started for By.id: username
[INFO ] 2018-03-02 17:16:34.137 [main] RFWebsiteDriver - waiting for locator By.id: username
[INFO ] 2018-03-02 17:16:34.147 [main] RFWebsiteDriver - Element found
[INFO ] 2018-03-02 17:16:34.343 [main] RFWebsiteDriver - TYPED text as = noreply@rodanandfields.com in  text field
[INFO ] 2018-03-02 17:16:34.344 [main] LSDLoginPage - username is noreply@rodanandfields.com
[INFO ] 2018-03-02 17:16:34.344 [main] RFWebsiteDriver - wait started for By.id: password
[INFO ] 2018-03-02 17:16:34.344 [main] RFWebsiteDriver - waiting for locator By.id: password
[INFO ] 2018-03-02 17:16:34.368 [main] RFWebsiteDriver - Element found
[INFO ] 2018-03-02 17:16:34.502 [main] RFWebsiteDriver - TYPED text as = 111Maiden$ in  text field
[INFO ] 2018-03-02 17:16:34.503 [main] LSDLoginPage - password is 111Maiden$
[INFO ] 2018-03-02 17:16:34.503 [main] RFWebsiteDriver - wait started for By.id: button-login
[INFO ] 2018-03-02 17:16:34.503 [main] RFWebsiteDriver - waiting for locator By.id: button-login
[INFO ] 2018-03-02 17:16:34.526 [main] RFWebsiteDriver - Element found
[INFO ] 2018-03-02 17:16:34.526 [main] RFWebsiteDriver -  ready to be clicked
[INFO ] 2018-03-02 17:16:34.613 [main] RFWebsiteDriver - CLICKED on 
[INFO ] 2018-03-02 17:16:57.829 [main] RFWebsiteDriver - URL opened is https://skywalker.rodanandfields.com
[INFO ] 2018-03-02 17:16:58.370 [main] RFWebsiteDriver - Waiting for LSD loading image to get disappear
[INFO ] 2018-03-02 17:16:58.489 [main] RFWebsiteDriver - LSD Animation image disappears
[INFO ] 2018-03-02 17:16:58.490 [main] RFWebsiteDriver - waiting for locator By.id: button-login
[INFO ] 2018-03-02 17:16:59.621 [main] RFWebsiteDriver - Element found
[INFO ] 2018-03-02 17:16:59.630 [main] RFWebsiteDriver - waiting for locator By.id: username
[INFO ] 2018-03-02 17:16:59.646 [main] RFWebsiteDriver - Element found
[INFO ] 2018-03-02 17:16:59.646 [main] RFWebsiteDriver - Taking Screenshot
[INFO ] 2018-03-02 17:17:00.116 [main] RFWebsiteDriver - wait started for By.id: username
[INFO ] 2018-03-02 17:17:00.117 [main] RFWebsiteDriver - waiting for locator By.id: username
[INFO ] 2018-03-02 17:17:00.132 [main] RFWebsiteDriver - Element found
[INFO ] 2018-03-02 17:17:00.283 [main] RFWebsiteDriver - TYPED text as = noreply@rodanandfields.com in  text field
[INFO ] 2018-03-02 17:17:00.284 [main] LSDLoginPage - username is noreply@rodanandfields.com
[INFO ] 2018-03-02 17:17:00.284 [main] RFWebsiteDriver - wait started for By.id: password
[INFO ] 2018-03-02 17:17:00.284 [main] RFWebsiteDriver - waiting for locator By.id: password
[INFO ] 2018-03-02 17:17:00.299 [main] RFWebsiteDriver - Element found
[INFO ] 2018-03-02 17:17:00.412 [main] RFWebsiteDriver - TYPED text as = 111Maiden$ in  text field
[INFO ] 2018-03-02 17:17:00.412 [main] LSDLoginPage - password is 111Maiden$
[INFO ] 2018-03-02 17:17:00.412 [main] RFWebsiteDriver - wait started for By.id: button-login
[INFO ] 2018-03-02 17:17:00.412 [main] RFWebsiteDriver - waiting for locator By.id: button-login
[INFO ] 2018-03-02 17:17:00.421 [main] RFWebsiteDriver - Element found
[INFO ] 2018-03-02 17:17:00.421 [main] RFWebsiteDriver -  ready to be clicked
[INFO ] 2018-03-02 17:17:00.500 [main] RFWebsiteDriver - CLICKED on 
[INFO ] 2018-03-02 17:17:23.663 [main] RFWebsiteDriver - wait started for By.xpath: //div[@id='rf-nav-wrapper']/descendant::img[2]
[INFO ] 2018-03-02 17:17:23.663 [main] RFWebsiteDriver - waiting for locator By.xpath: //div[@id='rf-nav-wrapper']/descendant::img[2]
[INFO ] 2018-03-02 17:17:23.694 [main] RFWebsiteDriver - Element found
[INFO ] 2018-03-02 17:17:23.694 [main] RFWebsiteDriver - R+F logo ready to be clicked
[INFO ] 2018-03-02 17:17:23.787 [main] RFWebsiteDriver - CLICKED on R+F logo
[INFO ] 2018-03-02 17:17:23.873 [main] TestListner - 
******************************************************************************************************************************
					TEST CASE NAME:                  testTotalNumberOfPCsThisMonth_3013q
******************************************************************************************************************************
[INFO ] 2018-03-02 17:17:23.922 [main] RFWebsiteDriver - wait started for By.xpath: //div[@id='rf-nav-wrapper']/descendant::span[text()='Pulse'][1]
[INFO ] 2018-03-02 17:17:23.922 [main] RFWebsiteDriver - waiting for locator By.xpath: //div[@id='rf-nav-wrapper']/descendant::span[text()='Pulse'][1]
[INFO ] 2018-03-02 17:17:23.941 [main] RFWebsiteDriver - Element found
[INFO ] 2018-03-02 17:17:23.942 [main] RFWebsiteDriver -  ready to be clicked
[INFO ] 2018-03-02 17:17:24.014 [main] RFWebsiteDriver - CLICKED on 
[INFO ] 2018-03-02 17:17:24.014 [main] LSDHomePage - Clicked on Pulse Submenu from Top Navigation
[INFO ] 2018-03-02 17:17:24.117 [main] RFWebsiteDriver - wait started for By.xpath: //a[contains(text(),'Customers')]
[INFO ] 2018-03-02 17:17:24.118 [main] RFWebsiteDriver - waiting for locator By.xpath: //a[contains(text(),'Customers')]
[INFO ] 2018-03-02 17:17:24.130 [main] RFWebsiteDriver - Element found
[INFO ] 2018-03-02 17:17:24.131 [main] RFWebsiteDriver -  ready to be clicked
[INFO ] 2018-03-02 17:17:24.209 [main] RFWebsiteDriver - CLICKED on 
[INFO ] 2018-03-02 17:17:24.209 [main] LSDHomePage - SubMenu Link : Customers clicked
[INFO ] 2018-03-02 17:17:24.230 [main] RFWebsiteDriver - Waiting for spin image to get disappear0
[INFO ] 2018-03-02 17:17:24.242 [main] RFWebsiteDriver - spin image disappears
[INFO ] 2018-03-02 17:17:28.243 [main] DBUtil - QUERY TRIGGERED IS DECLARE @AccountID INT = 2 ;WITH PCAchievedOrders AS ( SELECT COUNT( ro.OrderID) Ocount , ro.ConsultantID FROM RFOperations.Hybris.orders (NOLOCK) ro JOIN RFOperations.RFO_Accounts.AccountBase ab ON ab.AccountID = ro.AccountID WHERE ro.ConsultantID = @AccountID AND ro.OrderStatusID IN ( 2, 4, 5 ) AND ab.AccountTypeID = 2 AND ro.CompletionDate BETWEEN CAST(DATEADD(DAY, 1, DATEADD(MONTH, -1, EOMONTH(GETDATE()))) AS DATE) AND GETDATE() AND ro.AutoShipID IS NOT NULL GROUP BY ro.ConsultantID ), PenddingPCTemplate AS ( SELECT COUNT( a.AutoshipID) PCount , a.ConsultantID FROM RFOperations.Hybris.Autoship (NOLOCK) a JOIN RFOperations.RFO_Accounts.AccountBase (NOLOCK) ab ON ab.AccountID = a.AccountID JOIN RFOperations.RFO_Accounts.AccountContacts ac ON ac.AccountId = ab.AccountID WHERE a.ConsultantID = @AccountID AND a.AutoshipTypeID = 1 AND ab.AccountTypeID = 2 AND a.Active = 1 AND CAST(a.NextRunDate AS DATE) BETWEEN CAST(DATEADD(DAY, 1, DATEADD(MONTH, -1, EOMONTH(GETDATE()))) AS DATE) AND EOMONTH(GETDATE()) GROUP BY a.ConsultantID ) SELECT ab.AccountID , ISNULL(p.PCount, 0) + ISNULL(o.Ocount, 0) AS [Totol PC Order Counts] FROM RFOperations.RFO_Accounts.AccountBase ab LEFT JOIN PCAchievedOrders o ON o.ConsultantID = ab.AccountID LEFT JOIN PenddingPCTemplate p ON p.ConsultantID = ab.AccountID WHERE ab.AccountID = @AccountID

[INFO ] 2018-03-02 17:17:28.994 [main] RFLSDWebsiteBaseTest - Data returned by query: 73
[INFO ] 2018-03-02 17:17:28.994 [main] RFWebsiteDriver - wait started for By.xpath: //div[@id='rf-nav-wrapper']/descendant::span[text()='Pulse'][1]
[INFO ] 2018-03-02 17:17:28.995 [main] RFWebsiteDriver - waiting for locator By.xpath: //div[@id='rf-nav-wrapper']/descendant::span[text()='Pulse'][1]
[INFO ] 2018-03-02 17:17:29.004 [main] RFWebsiteDriver - Element found
[INFO ] 2018-03-02 17:17:29.004 [main] RFWebsiteDriver -  ready to be clicked
[INFO ] 2018-03-02 17:17:29.070 [main] RFWebsiteDriver - CLICKED on 
[INFO ] 2018-03-02 17:17:29.070 [main] LSDHomePage - Clicked on Pulse Submenu from Top Navigation
[INFO ] 2018-03-02 17:17:29.103 [main] RFWebsiteDriver - wait started for By.xpath: //a[contains(text(),'Customers')]
[INFO ] 2018-03-02 17:17:29.103 [main] RFWebsiteDriver - waiting for locator By.xpath: //a[contains(text(),'Customers')]
[INFO ] 2018-03-02 17:17:29.112 [main] RFWebsiteDriver - Element found
[INFO ] 2018-03-02 17:17:29.113 [main] RFWebsiteDriver -  ready to be clicked
[INFO ] 2018-03-02 17:17:29.170 [main] RFWebsiteDriver - CLICKED on 
[INFO ] 2018-03-02 17:17:29.171 [main] LSDHomePage - SubMenu Link : Customers clicked
[INFO ] 2018-03-02 17:17:29.187 [main] RFWebsiteDriver - Waiting for spin image to get disappear0
[INFO ] 2018-03-02 17:17:29.203 [main] RFWebsiteDriver - spin image disappears
[INFO ] 2018-03-02 17:17:33.244 [main] RFWebsiteDriver - Waiting for spin image to get disappear0
[INFO ] 2018-03-02 17:17:33.259 [main] RFWebsiteDriver - spin image disappears
[INFO ] 2018-03-02 17:17:33.260 [main] RFWebsiteDriver - waiting for locator By.xpath: //div[contains(@class,'white-fb')]/descendant::a[1]/descendant::span[2]
[INFO ] 2018-03-02 17:17:33.278 [main] RFWebsiteDriver - Element found
[INFO ] 2018-03-02 17:17:33.310 [main] RFWebsiteDriver - TEXT fetched for count of pc autoship orders for this month is=71
[INFO ] 2018-03-02 17:17:33.314 [main] SoftAssert - VERIFICATION FAILED: Expected count of order is 73 actual on UI is 71 expected [true] but found [false]
[INFO ] 2018-03-02 17:17:33.314 [main] SoftAssert - Expected: true
[INFO ] 2018-03-02 17:17:33.314 [main] SoftAssert - Actual: false
[INFO ] 2018-03-02 17:17:33.314 [main] RFWebsiteDriver - Taking Screenshot
[INFO ] 2018-03-02 17:17:33.737 [main] SoftAssert - Snapshot Path :<a href='C:\Users\bpkotamahanti\Bindu\Automation\qa-automation\output\Screenshots\testTotalNumberOfPCsThisMonth_3013q\Expected count of order is 73 actual on UI is 71 expected [true] but found [false].png'>C:\Users\bpkotamahanti\Bindu\Automation\qa-automation\output\Screenshots\testTotalNumberOfPCsThisMonth_3013q\Expected count of order is 73 actual on UI is 71 expected [true] but found [false].png</a>

[INFO ] 2018-03-02 17:17:40.737 [main] RFWebsiteDriver - wait started for By.xpath: //div[contains(@class,'white-fb')]/descendant::a[1]/descendant::span[1]
[INFO ] 2018-03-02 17:17:40.737 [main] RFWebsiteDriver - waiting for locator By.xpath: //div[contains(@class,'white-fb')]/descendant::a[1]/descendant::span[1]
[INFO ] 2018-03-02 17:17:40.758 [main] RFWebsiteDriver - Element found
[INFO ] 2018-03-02 17:17:40.758 [main] RFWebsiteDriver - have orders for this month ready to be clicked
[INFO ] 2018-03-02 17:17:40.820 [main] RFWebsiteDriver - CLICKED on have orders for this month
[INFO ] 2018-03-02 17:17:40.926 [main] RFWebsiteDriver - CLICKED on 
[INFO ] 2018-03-02 17:17:40.926 [main] RFWebsiteDriver - wait started for By.xpath: //h1[contains(text(),'have orders this month')]/preceding::span[1]
[INFO ] 2018-03-02 17:17:40.926 [main] RFWebsiteDriver - waiting for locator By.xpath: //h1[contains(text(),'have orders this month')]/preceding::span[1]
[INFO ] 2018-03-02 17:17:41.457 [main] RFWebsiteDriver - Element found
[INFO ] 2018-03-02 17:17:41.457 [main] RFWebsiteDriver - waiting for locator By.xpath: //h1[contains(text(),'have orders this month')]/preceding::span[1]
[INFO ] 2018-03-02 17:17:41.466 [main] RFWebsiteDriver - Element found
[INFO ] 2018-03-02 17:17:41.497 [main] RFWebsiteDriver - TEXT fetched for count of pc autoship orders for this month at header is=71
[INFO ] 2018-03-02 17:17:41.497 [main] SoftAssert - VERIFICATION FAILED: Expected count of order at header is 73 actual on UI is 71 expected [true] but found [false]
[INFO ] 2018-03-02 17:17:41.497 [main] SoftAssert - Expected: true
[INFO ] 2018-03-02 17:17:41.497 [main] SoftAssert - Actual: false
[INFO ] 2018-03-02 17:17:41.497 [main] RFWebsiteDriver - Taking Screenshot
[INFO ] 2018-03-02 17:17:41.941 [main] SoftAssert - Snapshot Path :<a href='C:\Users\bpkotamahanti\Bindu\Automation\qa-automation\output\Screenshots\testTotalNumberOfPCsThisMonth_3013q\Expected count of order at header is 73 actual on UI is 71 expected [true] but found [false].png'>C:\Users\bpkotamahanti\Bindu\Automation\qa-automation\output\Screenshots\testTotalNumberOfPCsThisMonth_3013q\Expected count of order at header is 73 actual on UI is 71 expected [true] but found [false].png</a>

[INFO ] 2018-03-02 17:17:41.942 [main] TestListner - [TEST HAS FAILED-------- Test case testTotalNumberOfPCsThisMonth_3013q has failed] due to reason:-<br>  java.lang.AssertionError: 1.Expected count of order is 73 actual on UI is 71

 1.Expected count of order at header is 73 actual on UI is 71

[INFO ] 2018-03-02 17:17:41.969 [main] RFWebsiteDriver - URL opened is https://skywalker.rodanandfields.com
[INFO ] 2018-03-02 17:17:42.374 [main] RFWebsiteDriver - Waiting for LSD loading image to get disappear
[INFO ] 2018-03-02 17:17:42.510 [main] RFWebsiteDriver - LSD Animation image disappears
[INFO ] 2018-03-02 17:17:42.511 [main] RFWebsiteDriver - Waiting for LSD loading image to get disappear
[INFO ] 2018-03-02 17:17:43.614 [main] RFWebsiteDriver - waiting..
[INFO ] 2018-03-02 17:17:44.625 [main] RFWebsiteDriver - waiting..
[INFO ] 2018-03-02 17:17:44.637 [main] RFWebsiteDriver - LSD loading image disappears
[INFO ] 2018-03-02 17:17:44.637 [main] RFWebsiteDriver - waiting for locator By.xpath: //div[@id='rf-nav-wrapper']/descendant::span[text()='Pulse'][1]
[INFO ] 2018-03-02 17:17:44.648 [main] RFWebsiteDriver - Element found
[INFO ] 2018-03-02 17:17:44.648 [main] RFWebsiteDriver - wait started for By.xpath: //div[@id='rf-nav-wrapper']/descendant::span[text()='Pulse'][1]
[INFO ] 2018-03-02 17:17:44.648 [main] RFWebsiteDriver - waiting for locator By.xpath: //div[@id='rf-nav-wrapper']/descendant::span[text()='Pulse'][1]
[INFO ] 2018-03-02 17:17:44.658 [main] RFWebsiteDriver - Element found
[INFO ] 2018-03-02 17:17:44.658 [main] RFWebsiteDriver - Pulse in top navigation ready to be clicked
[INFO ] 2018-03-02 17:17:44.743 [main] RFWebsiteDriver - CLICKED on Pulse in top navigation
[INFO ] 2018-03-02 17:17:44.744 [main] LSDRFWebsiteBasePage - Pulse in top navigation clicked
[INFO ] 2018-03-02 17:17:44.744 [main] LSDRFWebsiteBasePage - Logging out from pulse application
[INFO ] 2018-03-02 17:17:44.841 [main] RFWebsiteDriver - CLICKED on 
[INFO ] 2018-03-02 17:17:44.841 [main] RFWebsiteDriver - Waiting for LSD loading image to get disappear
[INFO ] 2018-03-02 17:17:44.860 [main] RFWebsiteDriver - LSD loading image disappears
