[INFO ] 2018-03-15 15:33:16.570 [main] RFBaseTest - Environment properties are not provided by the user ... loading the default properties
[INFO ] 2018-03-15 15:33:16.571 [main] RFBaseTest - Default Browser is  ------ chrome
[INFO ] 2018-03-15 15:33:16.572 [main] RFBaseTest - Default URL is  ------ https://skywalker.rodanandfields.com
[INFO ] 2018-03-15 15:33:16.572 [main] RFBaseTest - Default user password is  ------ 111Maiden$
[INFO ] 2018-03-15 15:33:16.572 [main] RFBaseTest - Default Country is  ------ us
[INFO ] 2018-03-15 15:33:16.572 [main] RFBaseTest - Default DB IP is  ------ 172.16.15.41
[INFO ] 2018-03-15 15:33:16.572 [main] RFBaseTest - Default DB Username is  ------ perftest
[INFO ] 2018-03-15 15:33:16.572 [main] RFBaseTest - Default DB Password is  ------ perftest
[INFO ] 2018-03-15 15:33:16.572 [main] RFBaseTest - Default DB Domain is  ------ RF
[INFO ] 2018-03-15 15:33:23.377 [main] RFWebsiteDriver - Window is maximized
[INFO ] 2018-03-15 15:33:23.378 [main] RFWebsiteDriver - All cookies deleted
[INFO ] 2018-03-15 15:33:23.379 [main] RFWebsiteDriver - URL opened is https://skywalker.rodanandfields.com
[INFO ] 2018-03-15 15:33:25.660 [main] RFLSDWebsiteBaseTest - Application loaded
[INFO ] 2018-03-15 15:33:25.681 [main] RFWebsiteDriver - DB connections are set
[INFO ] 2018-03-15 15:33:25.773 [main] DBUtil - QUERY TRIGGERED IS DECLARE @CurrentOpenPeriod INT = ( SELECT TOP 1
                                            PeriodID
                                   FROM     Commissions.reference.Periods
                                   WHERE    ClosedDate IS NULL
                                   ORDER BY PeriodID ASC
                                 ) ,
    @AccountID INT ,
    @UserName NVARCHAR(225) ,
    @Country NVARCHAR(225)

SELECT TOP 1
        @AccountID = ab.AccountID ,
        @UserName = ac.Username ,
        @Country = co.Alpha2Code
FROM    RFOperations.RFO_Accounts.AccountBase (NOLOCK) ab
        JOIN RFOperations.RFO_Accounts.AccountRF (NOLOCK) rf ON rf.AccountID = ab.AccountID
        JOIN RFOperations.Security.AccountSecurity (NOLOCK) ac ON ac.AccountID = ab.AccountID
        JOIN RFOperations.RFO_Reference.Countries (NOLOCK) co ON co.CountryID = ab.CountryID
WHERE   ab.AccountTypeID = 1
        AND ab.AccountStatusID = 1
        AND co.Alpha2Code = 'US'
        AND rf.Active = 1
        AND EXISTS ( SELECT 1
                     FROM   RFOperations.Hybris.Autoship (NOLOCK) a
                     WHERE  a.AccountID = ab.AccountID
                            AND a.AutoshipTypeID = 3
                            AND a.Active = 1 )
        AND EXISTS ( SELECT 1
                     FROM   Commissions.calcs.vwQualificationSummary v
                     WHERE  ab.AccountID = v.AccountID
                            AND v.PeriodID = @CurrentOpenPeriod
                            AND v.SV >= 100
                            AND v.PSQV >= 600 )
ORDER BY NEWID()

SELECT  ISNULL(@AccountID, 1496) AccountID ,
        ISNULL(@UserName, 'skincareconsultants@gmail.com') UserName ,
        ISNULL(@Country, 'US') Country ,
        @CurrentOpenPeriod CurrentOpenPeriod

[INFO ] 2018-03-15 15:33:29.112 [main] RFLSDWebsiteBaseTest - randomConsultantDetailsList:[{AccountID=1496, UserName=skincareconsultants@gmail.com, Country=US, CurrentOpenPeriod=201802}]
[INFO ] 2018-03-15 15:33:29.113 [main] RFLSDWebsiteBaseTest - Data returned by query: 1496
[INFO ] 2018-03-15 15:33:29.113 [main] RFLSDWebsiteBaseTest - Data returned by query: skincareconsultants@gmail.com
[INFO ] 2018-03-15 15:33:29.113 [main] RFLSDWebsiteBaseTest - userName:[{AccountID=1496, UserName=skincareconsultants@gmail.com, Country=US, CurrentOpenPeriod=201802}]
[INFO ] 2018-03-15 15:33:29.113 [main] RFWebsiteDriver - Waiting for LSD loading image to get disappear
[INFO ] 2018-03-15 15:33:29.143 [main] RFWebsiteDriver - LSD loading image disappears
[INFO ] 2018-03-15 15:33:29.217 [main] RFWebsiteDriver - waiting for locator By.id: username
[INFO ] 2018-03-15 15:33:29.232 [main] RFWebsiteDriver - Element found
[INFO ] 2018-03-15 15:33:29.232 [main] RFWebsiteDriver - Taking Screenshot
[INFO ] 2018-03-15 15:33:29.894 [main] RFWebsiteDriver - wait started for By.id: username
[INFO ] 2018-03-15 15:33:29.894 [main] RFWebsiteDriver - waiting for locator By.id: username
[INFO ] 2018-03-15 15:33:29.907 [main] RFWebsiteDriver - Element found
[INFO ] 2018-03-15 15:33:30.153 [main] RFWebsiteDriver - TYPED text as = skincareconsultants@gmail.com in  text field
[INFO ] 2018-03-15 15:33:30.153 [main] LSDLoginPage - username is skincareconsultants@gmail.com
[INFO ] 2018-03-15 15:33:30.153 [main] RFWebsiteDriver - wait started for By.id: password
[INFO ] 2018-03-15 15:33:30.153 [main] RFWebsiteDriver - waiting for locator By.id: password
[INFO ] 2018-03-15 15:33:30.178 [main] RFWebsiteDriver - Element found
[INFO ] 2018-03-15 15:33:30.343 [main] RFWebsiteDriver - TYPED text as = 111Maiden$ in  text field
[INFO ] 2018-03-15 15:33:30.343 [main] LSDLoginPage - password is 111Maiden$
[INFO ] 2018-03-15 15:33:30.344 [main] RFWebsiteDriver - wait started for By.id: button-login
[INFO ] 2018-03-15 15:33:30.344 [main] RFWebsiteDriver - waiting for locator By.id: button-login
[INFO ] 2018-03-15 15:33:30.368 [main] RFWebsiteDriver - Element found
[INFO ] 2018-03-15 15:33:30.369 [main] RFWebsiteDriver -  ready to be clicked
[INFO ] 2018-03-15 15:33:30.482 [main] RFWebsiteDriver - CLICKED on 
[INFO ] 2018-03-15 15:33:51.809 [main] RFWebsiteDriver - URL opened is https://skywalker.rodanandfields.com
[INFO ] 2018-03-15 15:33:52.215 [main] RFWebsiteDriver - Waiting for LSD loading image to get disappear
[INFO ] 2018-03-15 15:33:52.468 [main] RFWebsiteDriver - LSD Animation image disappears
[INFO ] 2018-03-15 15:33:52.469 [main] RFWebsiteDriver - waiting for locator By.id: button-login
[INFO ] 2018-03-15 15:33:58.057 [main] RFWebsiteDriver - waiting for locator By.xpath: //div[text()='Hello,']/following-sibling::div[contains(@class,'text-uppercase')]
[INFO ] 2018-03-15 15:33:58.070 [main] RFWebsiteDriver - Element found
[INFO ] 2018-03-15 15:33:58.081 [main] RFWebsiteDriver - waiting for locator By.xpath: //div[text()='Hello,']/following-sibling::div[contains(@class,'text-uppercase')]
[INFO ] 2018-03-15 15:33:58.091 [main] RFWebsiteDriver - Element found
[INFO ] 2018-03-15 15:33:58.137 [main] RFWebsiteDriver - TEXT fetched for First name in overview section is=SARAH
[INFO ] 2018-03-15 15:33:58.138 [main] RFLSDWebsiteBaseTest - Data returned by query: null
[INFO ] 2018-03-15 15:33:58.147 [main] RFWebsiteDriver - wait started for By.xpath: //div[@id='rf-nav-wrapper']/descendant::img[2]
[INFO ] 2018-03-15 15:33:58.147 [main] RFWebsiteDriver - waiting for locator By.xpath: //div[@id='rf-nav-wrapper']/descendant::img[2]
[INFO ] 2018-03-15 15:33:58.169 [main] RFWebsiteDriver - Element found
[INFO ] 2018-03-15 15:33:58.169 [main] RFWebsiteDriver - R+F logo ready to be clicked
[INFO ] 2018-03-15 15:33:58.249 [main] RFWebsiteDriver - CLICKED on R+F logo
[INFO ] 2018-03-15 15:33:58.363 [main] TestListner - 
******************************************************************************************************************************
					TEST CASE NAME:                  TotalNumberOfAllPCs_3349q
******************************************************************************************************************************
[INFO ] 2018-03-15 15:33:58.427 [main] RFWebsiteDriver - wait started for By.xpath: //div[@id='rf-nav-wrapper']/descendant::span[text()='Pulse'][1]
[INFO ] 2018-03-15 15:33:58.427 [main] RFWebsiteDriver - waiting for locator By.xpath: //div[@id='rf-nav-wrapper']/descendant::span[text()='Pulse'][1]
[INFO ] 2018-03-15 15:33:58.447 [main] RFWebsiteDriver - Element found
[INFO ] 2018-03-15 15:33:58.448 [main] RFWebsiteDriver -  ready to be clicked
[INFO ] 2018-03-15 15:33:58.536 [main] RFWebsiteDriver - CLICKED on 
[INFO ] 2018-03-15 15:33:58.536 [main] LSDHomePage - Clicked on Pulse Submenu from Top Navigation
[INFO ] 2018-03-15 15:33:58.599 [main] RFWebsiteDriver - wait started for By.xpath: //a[contains(text(),'Customers')]
[INFO ] 2018-03-15 15:33:58.599 [main] RFWebsiteDriver - waiting for locator By.xpath: //a[contains(text(),'Customers')]
[INFO ] 2018-03-15 15:33:58.609 [main] RFWebsiteDriver - Element found
[INFO ] 2018-03-15 15:33:58.609 [main] RFWebsiteDriver -  ready to be clicked
[INFO ] 2018-03-15 15:33:58.715 [main] RFWebsiteDriver - CLICKED on 
[INFO ] 2018-03-15 15:33:58.715 [main] LSDHomePage - SubMenu Link : Customers clicked
[INFO ] 2018-03-15 15:33:58.746 [main] RFWebsiteDriver - Waiting for spin image to get disappear0
[INFO ] 2018-03-15 15:33:58.757 [main] RFWebsiteDriver - spin image disappears
[INFO ] 2018-03-15 15:34:02.792 [main] RFWebsiteDriver - Waiting for spin image to get disappear1
[INFO ] 2018-03-15 15:34:03.828 [main] RFWebsiteDriver - waiting..
[INFO ] 2018-03-15 15:34:04.849 [main] RFWebsiteDriver - waiting..
[INFO ] 2018-03-15 15:34:05.879 [main] RFWebsiteDriver - waiting..
[INFO ] 2018-03-15 15:34:06.914 [main] RFWebsiteDriver - waiting..
[INFO ] 2018-03-15 15:34:07.932 [main] RFWebsiteDriver - waiting..
[INFO ] 2018-03-15 15:34:08.944 [main] RFWebsiteDriver - waiting..
[INFO ] 2018-03-15 15:34:09.971 [main] RFWebsiteDriver - waiting..
[INFO ] 2018-03-15 15:34:10.992 [main] RFWebsiteDriver - waiting..
[INFO ] 2018-03-15 15:34:12.021 [main] RFWebsiteDriver - waiting..
[INFO ] 2018-03-15 15:34:13.056 [main] RFWebsiteDriver - waiting..
[INFO ] 2018-03-15 15:34:14.070 [main] RFWebsiteDriver - waiting..
[INFO ] 2018-03-15 15:34:14.082 [main] RFWebsiteDriver - spin image disappears
[INFO ] 2018-03-15 15:34:18.083 [main] RFWebsiteDriver - wait started for By.xpath: //h1[contains(text(),'Build Customer Loyalty')]/../preceding::span[1]
[INFO ] 2018-03-15 15:34:18.083 [main] RFWebsiteDriver - waiting for locator By.xpath: //h1[contains(text(),'Build Customer Loyalty')]/../preceding::span[1]
[INFO ] 2018-03-15 15:34:18.125 [main] RFWebsiteDriver - Element found
[INFO ] 2018-03-15 15:34:18.125 [main] RFWebsiteDriver - wait started for By.xpath: //h1[contains(text(),'Build Customer Loyalty')]/../preceding::span[1]
[INFO ] 2018-03-15 15:34:18.125 [main] RFWebsiteDriver - waiting for locator By.xpath: //h1[contains(text(),'Build Customer Loyalty')]/../preceding::span[1]
[INFO ] 2018-03-15 15:34:18.139 [main] RFWebsiteDriver - Element found
[INFO ] 2018-03-15 15:34:18.139 [main] RFWebsiteDriver - count of all pc customers ready to be clicked
[INFO ] 2018-03-15 15:34:18.227 [main] RFWebsiteDriver - CLICKED on count of all pc customers
[INFO ] 2018-03-15 15:34:18.227 [main] LSDCustomerPage - clicked in view PC customer link
[INFO ] 2018-03-15 15:34:18.229 [main] DBUtil - QUERY TRIGGERED IS 
        DECLARE @AccountID INT= 1496   -- You Just need to Pass Consultant's AccountID here . 


        
		
		  DECLARE  @PeriodID INT= NULL ,
            @View_All_Customer INT ,
            @Cust_have_Order INT ,
            @Cust_Sch_OrderNext_Month INT ,
            @Cust_Further_Out INT ,
            @New_Pcs INT ,
            @Deactivated_Pcs INT

          

        SET @PeriodID = ISNULL(@PeriodID,
                               ( SELECT MAX(PERIODID)
                                 FROM   commissions.reference.PERIODS
                                 WHERE  CLOSEDDATE IS NULL
                                        AND STARTDATE <= GETDATE()
                               ))
  
  
        SELECT  @View_All_Customer = COUNT(DISTINCT ab.AccountID)
        FROM    Commissions.calcs.vwPlacementTreePermutated AS v WITH ( NOEXPAND )
                JOIN RFOperations.RFO_Accounts.AccountBase(NOLOCK)  ab ON ab.AccountID = v.AccountID
                JOIN RFOperations.RFO_Accounts.AccountRF (NOLOCK)  rf ON rf.AccountID = ab.AccountID
                JOIN RFOperations.RFO_Accounts.AccountContacts (NOLOCK)  ac ON ac.AccountId = ab.AccountID
        WHERE   1 = 1
                AND rf.Active = 1
                AND ab.AccountTypeID = 2
                AND v.[SponsorID] = @AccountID
                AND v.DirectSponsorID = @AccountID
                AND v.[PeriodID] = @PeriodID
      
				
				
				
        SELECT  @Cust_have_Order = COUNT(DISTINCT ab.AccountID)
        FROM    Commissions.calcs.vwPlacementTreePermutated AS v WITH ( NOEXPAND )
                JOIN RFOperations.RFO_Accounts.AccountBase(NOLOCK)  ab ON ab.AccountID = v.AccountID
                JOIN RFOperations.RFO_Accounts.AccountRF (NOLOCK)  rf ON rf.AccountID = ab.AccountID
                JOIN RFOperations.RFO_Accounts.AccountContacts (NOLOCK)  ac ON ac.AccountId = ab.AccountID
        WHERE   1 = 1
                AND rf.Active = 1
                AND ab.AccountTypeID = 2
                AND v.[SponsorID] = @AccountID
                AND v.DirectSponsorID = @AccountID
                AND v.[PeriodID] = @PeriodID
                AND EXISTS ( SELECT 1
                             FROM   RFOperations.Hybris.orders (NOLOCK)  ro
                             WHERE  ro.AccountID = ab.AccountID
                                    AND ro.OrderTypeID = 9
                                    AND ro.OrderStatusID IN ( 2, 4 )
                                    AND LEFT(CONVERT(NVARCHAR(25), ro.CompletionDate, 112),
                                             6) = @PeriodID )
     
				
        SELECT  @Cust_Sch_OrderNext_Month = COUNT(1)
        FROM    Commissions.calcs.vwPlacementTreePermutated AS v WITH ( NOEXPAND )
                JOIN RFOperations.RFO_Accounts.AccountBase(NOLOCK)  ab ON ab.AccountID = v.AccountID
                JOIN RFOperations.RFO_Accounts.AccountRF (NOLOCK)  rf ON rf.AccountID = ab.AccountID
                JOIN RFOperations.RFO_Accounts.AccountContacts (NOLOCK)  ac ON ac.AccountId = ab.AccountID
        WHERE   1 = 1
                AND rf.Active = 1
                AND ab.AccountTypeID = 2
                AND v.[SponsorID] = @AccountID
                AND v.DirectSponsorID = @AccountID
                AND v.[PeriodID] = @PeriodID
                AND EXISTS ( SELECT 1
                             FROM   RFOperations.Hybris.Autoship(NOLOCK)  AU
                             WHERE  AU.AccountID = ab.AccountID
                                    AND AU.AutoshipTypeID = 1
                                    AND AU.Active = 1
                                    AND LEFT(CONVERT(NVARCHAR(25), DATEADD(MONTH,
                                                              -1,
                                                              Au.NextRunDate), 112),
                                             6) = @PeriodID )			
				 


        SELECT  @Cust_Further_Out = COUNT(1)
        FROM    Commissions.calcs.vwPlacementTreePermutated AS v WITH ( NOEXPAND )
                JOIN RFOperations.RFO_Accounts.AccountBase(NOLOCK)  ab ON ab.AccountID = v.AccountID
                JOIN RFOperations.RFO_Accounts.AccountRF (NOLOCK)  rf ON rf.AccountID = ab.AccountID
                JOIN RFOperations.RFO_Accounts.AccountContacts (NOLOCK)  ac ON ac.AccountId = ab.AccountID
        WHERE   1 = 1
                AND rf.Active = 1
                AND ab.AccountTypeID = 2
                AND v.[SponsorID] = @AccountID
                AND v.DirectSponsorID = @AccountID
                AND v.[PeriodID] = @PeriodID
                AND EXISTS ( SELECT 1
                             FROM   RFOperations.Hybris.Autoship(NOLOCK)  AU
                             WHERE  AU.AccountID = ab.AccountID
                                    AND AU.AutoshipTypeID = 1
                                    AND AU.Active = 1
                                    AND LEFT(CONVERT(NVARCHAR(25), DATEADD(MONTH,
                                                              -1,
                                                              Au.NextRunDate), 112),
                                             6) > @PeriodID )			
		
		
	
        SELECT  @Deactivated_Pcs = COUNT(1)
        FROM    Commissions.calcs.vwPlacementTreePermutated AS v WITH ( NOEXPAND )
                JOIN RFOperations.RFO_Accounts.AccountBase(NOLOCK)  ab ON ab.AccountID = v.AccountID
                JOIN RFOperations.RFO_Accounts.AccountRF (NOLOCK)  rf ON rf.AccountID = ab.AccountID
                JOIN RFOperations.RFO_Accounts.AccountContacts (NOLOCK)  ac ON ac.AccountId = ab.AccountID
        WHERE   1 = 1
                AND rf.Active = 0
                AND ab.AccountTypeID = 2
                AND v.[SponsorID] = @AccountID
                AND v.DirectSponsorID = @AccountID
                AND v.[PeriodID] = @PeriodID
                AND  rf.SoftTerminationDate > DATEADD( DAY,-60,GETDATE())



        SELECT  @New_Pcs = COUNT(1)
        FROM    commissions.calcs.vwPlacementTreePermutated AS v WITH ( NOEXPAND )
                JOIN RFOperations.RFO_Accounts.AccountBase(NOLOCK)  ab ON ab.AccountID = v.AccountID
                JOIN RFOperations.RFO_Accounts.AccountRF (NOLOCK)  rf ON rf.AccountID = ab.AccountID
                JOIN RFOperations.RFO_Accounts.AccountContacts (NOLOCK)  ac ON ac.AccountId = ab.AccountID
        WHERE   1 = 1
                AND rf.Active = 1
                AND ab.AccountTypeID = 2
                AND v.[SponsorID] = @AccountID
                AND v.DirectSponsorID = @AccountID
                AND v.[PeriodID] = @PeriodID
                AND rf.EnrollmentDate > DATEADD( DAY,-60,GETDATE())
				
        SELECT  @AccountID [AccountID] ,
                @View_All_Customer [TotalPCCustomersUnderLevel1] ,
                @Cust_have_Order [CustomersHaveOrdersThisMonth] ,
                @Cust_Sch_OrderNext_Month [CustomersHaveOrdersNextMonth] ,
                @Cust_Further_Out [Customer Further Out] ,
                @New_Pcs [NewPcs] ,
                @Deactivated_Pcs [DeActivatedPC] ,
                @PeriodID [Period]
				


[INFO ] 2018-03-15 15:34:33.359 [main] RFLSDWebsiteBaseTest - Data returned by query: 133
[INFO ] 2018-03-15 15:34:33.387 [main] RFWebsiteDriver - Waiting for spin image to get disappear0
[INFO ] 2018-03-15 15:34:33.404 [main] RFWebsiteDriver - spin image disappears
[INFO ] 2018-03-15 15:34:37.405 [main] RFWebsiteDriver - waiting for locator By.xpath: //h1[contains(text(),'All Customers')]//preceding::span[1]
[INFO ] 2018-03-15 15:34:37.449 [main] RFWebsiteDriver - Element found
[INFO ] 2018-03-15 15:34:37.501 [main] RFWebsiteDriver - TEXT fetched for count of all PC customer for this month and next month is=12
[INFO ] 2018-03-15 15:34:37.505 [main] SoftAssert - VERIFICATION FAILED: Expected count of PC users are 133 actual on UI are 12 expected [true] but found [false]
[INFO ] 2018-03-15 15:34:37.505 [main] SoftAssert - Expected: true
[INFO ] 2018-03-15 15:34:37.505 [main] SoftAssert - Actual: false
[INFO ] 2018-03-15 15:34:37.505 [main] RFWebsiteDriver - Taking Screenshot
[INFO ] 2018-03-15 15:34:38.082 [main] SoftAssert - Snapshot Path :<a href='C:\Users\bpkotamahanti\Bindu\Automation\qa-automation\output\Screenshots\TotalNumberOfAllPCs_3349q\Expected count of PC users are 133 actual on UI are 12 expected [true] but found [false].png'>C:\Users\bpkotamahanti\Bindu\Automation\qa-automation\output\Screenshots\TotalNumberOfAllPCs_3349q\Expected count of PC users are 133 actual on UI are 12 expected [true] but found [false].png</a>

[INFO ] 2018-03-15 15:34:38.083 [main] TestListner - [TEST HAS FAILED-------- Test case TotalNumberOfAllPCs_3349q has failed] due to reason:-<br>  java.lang.AssertionError: 1.Expected count of PC users are 133 actual on UI are 12

[INFO ] 2018-03-15 15:34:38.116 [main] RFWebsiteDriver - URL opened is https://skywalker.rodanandfields.com
[INFO ] 2018-03-15 15:34:38.704 [main] RFWebsiteDriver - Waiting for LSD loading image to get disappear
[INFO ] 2018-03-15 15:34:38.902 [main] RFWebsiteDriver - LSD Animation image disappears
[INFO ] 2018-03-15 15:34:38.902 [main] RFWebsiteDriver - Waiting for LSD loading image to get disappear
[INFO ] 2018-03-15 15:34:40.097 [main] RFWebsiteDriver - waiting..
[INFO ] 2018-03-15 15:34:41.110 [main] RFWebsiteDriver - waiting..
[INFO ] 2018-03-15 15:34:42.128 [main] RFWebsiteDriver - waiting..
[INFO ] 2018-03-15 15:34:42.140 [main] RFWebsiteDriver - LSD loading image disappears
[INFO ] 2018-03-15 15:34:42.140 [main] RFWebsiteDriver - waiting for locator By.xpath: //div[@id='rf-nav-wrapper']/descendant::span[text()='Pulse'][1]
[INFO ] 2018-03-15 15:34:42.711 [main] RFWebsiteDriver - Element found
[INFO ] 2018-03-15 15:34:42.712 [main] RFWebsiteDriver - wait started for By.xpath: //div[@id='rf-nav-wrapper']/descendant::span[text()='Pulse'][1]
[INFO ] 2018-03-15 15:34:42.712 [main] RFWebsiteDriver - waiting for locator By.xpath: //div[@id='rf-nav-wrapper']/descendant::span[text()='Pulse'][1]
[INFO ] 2018-03-15 15:34:42.731 [main] RFWebsiteDriver - Element found
[INFO ] 2018-03-15 15:34:42.732 [main] RFWebsiteDriver - Pulse in top navigation ready to be clicked
[INFO ] 2018-03-15 15:34:42.875 [main] RFWebsiteDriver - CLICKED on Pulse in top navigation
[INFO ] 2018-03-15 15:34:42.875 [main] LSDRFWebsiteBasePage - Pulse in top navigation clicked
[INFO ] 2018-03-15 15:34:42.876 [main] LSDRFWebsiteBasePage - Logging out from pulse application
[INFO ] 2018-03-15 15:34:43.020 [main] RFWebsiteDriver - CLICKED on 
[INFO ] 2018-03-15 15:34:43.020 [main] RFWebsiteDriver - Waiting for LSD loading image to get disappear
[INFO ] 2018-03-15 15:34:43.041 [main] RFWebsiteDriver - LSD loading image disappears
