[INFO ] 2018-03-11 18:57:59.518 [main] RFBaseTest - Environment properties are not provided by the user ... loading the default properties
[INFO ] 2018-03-11 18:57:59.519 [main] RFBaseTest - Default Browser is  ------ chrome
[INFO ] 2018-03-11 18:57:59.519 [main] RFBaseTest - Default URL is  ------ http://www.corprfo.tst4.rodanandfields.com/ca
[INFO ] 2018-03-11 18:57:59.519 [main] RFBaseTest - Default user password is  ------ 111Maiden$
[INFO ] 2018-03-11 18:57:59.519 [main] RFBaseTest - Default Country is  ------ ca
[INFO ] 2018-03-11 18:57:59.519 [main] RFBaseTest - Default DB IP is  ------ 10.3.0.218
[INFO ] 2018-03-11 18:57:59.519 [main] RFBaseTest - Default DB Username is  ------ perftest
[INFO ] 2018-03-11 18:57:59.520 [main] RFBaseTest - Default DB Password is  ------ perftest
[INFO ] 2018-03-11 18:57:59.520 [main] RFBaseTest - Default DB Domain is  ------ RF
[INFO ] 2018-03-11 18:58:04.290 [main] RFWebsiteDriver - Window is maximized
[INFO ] 2018-03-11 18:58:04.290 [main] RFWebsiteDriver - All cookies deleted
[INFO ] 2018-03-11 18:58:04.290 [main] RFWebsiteBaseTest - Application loaded
[INFO ] 2018-03-11 18:58:04.293 [main] RFWebsiteDriver - DB connections are set
[INFO ] 2018-03-11 18:58:45.512 [main] DBUtil - QUERY TRIGGERED IS USE RFOperations SET TRANSACTION  ISOLATION LEVEL READ UNCOMMITTED; BEGIN TRANSACTION SELECT TOP 1 ab.AccountID , ab.AccountNumber , [as].Username FROM    RFO_Accounts.AccountBase AS ab JOIN    RFO_Accounts.AccountRF AS ar ON ar.AccountID = ab.AccountID JOIN    Security.AccountSecurity AS [as] ON ab.AccountID = [as].AccountID WHERE   ab.CountryID = 40 AND ab.AccountTypeID = 1 AND NOT EXISTS ( SELECT 1 FROM   RFO_Accounts.AccountRF AS ar WHERE  ar.Active = 0 AND ar.HardTerminationDate IS NOT NULL AND ar.AccountID = ab.AccountID ) AND EXISTS ( SELECT 1 FROM   Hybris.Orders AS o WHERE  o.OrderTypeID = 3 AND o.OrderStatusID = 2 ) AND EXISTS ( SELECT 1 FROM   Hybris.Autoship AS a WHERE  a.AccountID = ab.AccountID AND a.AutoshipTypeID = 2 AND a.Active = 1 ) ORDER BY NEWID()

[INFO ] 2018-03-11 18:58:54.194 [main] RFWebsiteBaseTest - The sie of map is 3
[INFO ] 2018-03-11 18:58:54.204 [main] RFWebsiteBaseTest - Data returned by query: 06468666
[INFO ] 2018-03-11 19:01:03.392 [main] RFWebsiteDriver - URL opened is http://www.corprfo.tst4.rodanandfields.com/ca/ca
[INFO ] 2018-03-11 19:01:41.897 [main] RFWebsiteBaseTest - Opened Base URL
[INFO ] 2018-03-11 19:02:22.562 [main] RFWebsiteDriver - current URL is https://www.corprfo.tst4.rodanandfields.com/ca/
[INFO ] 2018-03-11 19:02:30.838 [main] RFWebsiteDriver - current URL is https://www.corprfo.tst4.rodanandfields.com/ca/
[INFO ] 2018-03-11 19:02:41.234 [main] TestListner - 
******************************************************************************************************************************
					TEST CASE NAME:                  testLSDDataCreation
******************************************************************************************************************************
[INFO ] 2018-03-11 19:06:49.927 [main] RFWebsiteDriver - wait started for By.cssSelector: a[id='corp-opp']
[INFO ] 2018-03-11 19:06:50.031 [main] RFWebsiteDriver - waiting for locator By.cssSelector: a[id='corp-opp']
[INFO ] 2018-03-11 19:06:50.157 [main] RFWebsiteDriver - Element found
[INFO ] 2018-03-11 19:06:50.163 [main] RFWebsiteDriver - wait started for By.cssSelector: a[id='corp-opp']
[INFO ] 2018-03-11 19:06:50.169 [main] RFWebsiteDriver - waiting for locator By.cssSelector: a[id='corp-opp']
[INFO ] 2018-03-11 19:06:50.244 [main] RFWebsiteDriver - Element found
[INFO ] 2018-03-11 19:06:50.250 [main] RFWebsiteDriver -  ready to be clicked
[INFO ] 2018-03-11 19:06:50.456 [main] RFWebsiteDriver - CLICKED on 
[INFO ] 2018-03-11 19:06:50.464 [main] StoreFrontHomePage - Our business Link clicked
[INFO ] 2018-03-11 19:06:54.054 [main] RFWebsiteDriver - wait started for By.cssSelector: a[title='Enroll Now']
[INFO ] 2018-03-11 19:06:54.086 [main] RFWebsiteDriver - waiting for locator By.cssSelector: a[title='Enroll Now']
[INFO ] 2018-03-11 19:06:54.204 [main] RFWebsiteDriver - Element found
[INFO ] 2018-03-11 19:06:54.210 [main] RFWebsiteDriver - wait started for By.cssSelector: a[title='Enroll Now']
[INFO ] 2018-03-11 19:06:54.217 [main] RFWebsiteDriver - waiting for locator By.cssSelector: a[title='Enroll Now']
[INFO ] 2018-03-11 19:06:54.302 [main] RFWebsiteDriver - Element found
[INFO ] 2018-03-11 19:06:54.309 [main] RFWebsiteDriver -  ready to be clicked
[INFO ] 2018-03-11 19:07:00.235 [main] RFWebsiteDriver - CLICKED on 
[INFO ] 2018-03-11 19:07:00.241 [main] RFWebsiteDriver - CLICKED on 
[INFO ] 2018-03-11 19:07:00.251 [main] StoreFrontHomePage - Enroll Now Link clicked
[INFO ] 2018-03-11 19:07:12.574 [main] RFWebsiteDriver - wait started for By.xpath: //*[@id='sponserparam' or @id='sponsor-name-id']
[INFO ] 2018-03-11 19:07:12.583 [main] RFWebsiteDriver - waiting for locator By.xpath: //*[@id='sponserparam' or @id='sponsor-name-id']
[INFO ] 2018-03-11 19:07:12.662 [main] RFWebsiteDriver - Element found
[INFO ] 2018-03-11 19:07:12.958 [main] RFWebsiteDriver - TYPED text as = test in sponsor search text field
[INFO ] 2018-03-11 19:07:21.475 [main] RFWebsiteDriver - CLICKED on sponsor search button
[INFO ] 2018-03-11 19:07:35.436 [main] RFWebsiteDriver - CLICKED on first sponsor result
[INFO ] 2018-03-11 19:07:35.442 [main] RFWebsiteDriver - Waiting For Page load via JS
[INFO ] 2018-03-11 19:07:35.521 [main] RFWebsiteDriver - page load complete..
[INFO ] 2018-03-11 19:07:35.527 [main] RFWebsiteDriver - wait started for By.xpath: //div[@class='enrollment-kits row']/descendant::*[contains(text(),'RFx Express Business Kit')]
[INFO ] 2018-03-11 19:07:35.534 [main] RFWebsiteDriver - waiting for locator By.xpath: //div[@class='enrollment-kits row']/descendant::*[contains(text(),'RFx Express Business Kit')]
[INFO ] 2018-03-11 19:07:35.617 [main] RFWebsiteDriver - Element found
[INFO ] 2018-03-11 19:07:35.623 [main] RFWebsiteDriver - kitname= RFx Express Business Kit ready to be clicked
[INFO ] 2018-03-11 19:07:35.836 [main] RFWebsiteDriver - CLICKED on kitname= RFx Express Business Kit
[INFO ] 2018-03-11 19:07:35.844 [main] RFWebsiteDriver - wait started for By.xpath: //span[@id='regimen-name' and contains(text(),'REDEFINE')]
[INFO ] 2018-03-11 19:07:35.853 [main] RFWebsiteDriver - waiting for locator By.xpath: //span[@id='regimen-name' and contains(text(),'REDEFINE')]
[INFO ] 2018-03-11 19:07:37.111 [main] RFWebsiteDriver - Element found
[INFO ] 2018-03-11 19:07:37.116 [main] RFWebsiteDriver - regimen= REDEFINE ready to be clicked
[INFO ] 2018-03-11 19:07:37.280 [main] RFWebsiteDriver - CLICKED on regimen= REDEFINE
[INFO ] 2018-03-11 19:07:37.285 [main] RFWebsiteDriver - wait started for By.id: next-button
[INFO ] 2018-03-11 19:07:37.291 [main] RFWebsiteDriver - waiting for locator By.id: next-button
[INFO ] 2018-03-11 19:07:37.364 [main] RFWebsiteDriver - Element found
[INFO ] 2018-03-11 19:07:37.370 [main] RFWebsiteDriver - Next button after selecting regimen ready to be clicked
[INFO ] 2018-03-11 19:07:39.393 [main] RFWebsiteDriver - CLICKED on Next button after selecting regimen
[INFO ] 2018-03-11 19:07:39.399 [main] RFWebsiteDriver - wait started for By.id: standard-enrollment
[INFO ] 2018-03-11 19:07:39.405 [main] RFWebsiteDriver - waiting for locator By.id: standard-enrollment
[INFO ] 2018-03-11 19:07:39.481 [main] RFWebsiteDriver - Element found
[INFO ] 2018-03-11 19:07:39.487 [main] RFWebsiteDriver - STANDARD ENROLLMENT ready to be clicked
[INFO ] 2018-03-11 19:07:39.663 [main] RFWebsiteDriver - CLICKED on STANDARD ENROLLMENT
[INFO ] 2018-03-11 19:07:39.669 [main] RFWebsiteDriver - wait started for By.cssSelector: input[value='Next']
[INFO ] 2018-03-11 19:07:39.676 [main] RFWebsiteDriver - waiting for locator By.cssSelector: input[value='Next']
[INFO ] 2018-03-11 19:07:39.758 [main] RFWebsiteDriver - Element found
[INFO ] 2018-03-11 19:07:39.763 [main] RFWebsiteDriver - Next button after selecting enrolmnt type ready to be clicked
[INFO ] 2018-03-11 19:07:41.224 [main] RFWebsiteDriver - CLICKED on Next button after selecting enrolmnt type
[INFO ] 2018-03-11 19:07:41.231 [main] RFWebsiteDriver - wait started for By.id: first-name
[INFO ] 2018-03-11 19:07:41.237 [main] RFWebsiteDriver - waiting for locator By.id: first-name
[INFO ] 2018-03-11 19:07:41.314 [main] RFWebsiteDriver - Element found
[INFO ] 2018-03-11 19:07:41.643 [main] RFWebsiteDriver - TYPED text as = Mary in First Name text field
[INFO ] 2018-03-11 19:07:41.650 [main] RFWebsiteDriver - wait started for By.id: last-name
[INFO ] 2018-03-11 19:07:41.655 [main] RFWebsiteDriver - waiting for locator By.id: last-name
[INFO ] 2018-03-11 19:07:41.734 [main] RFWebsiteDriver - Element found
[INFO ] 2018-03-11 19:07:42.068 [main] RFWebsiteDriver - TYPED text as = McQueen in Last Name text field
[INFO ] 2018-03-11 19:07:42.074 [main] RFWebsiteDriver - wait started for By.id: email-account
[INFO ] 2018-03-11 19:07:42.081 [main] RFWebsiteDriver - waiting for locator By.id: email-account
[INFO ] 2018-03-11 19:07:42.157 [main] RFWebsiteDriver - Element found
[INFO ] 2018-03-11 19:07:42.602 [main] RFWebsiteDriver - TYPED text as = Mary@rodanandfields.com	 in Email Address text field
[INFO ] 2018-03-11 19:07:43.110 [main] RFWebsiteDriver - wait started for By.id: new-password-account
[INFO ] 2018-03-11 19:07:43.118 [main] RFWebsiteDriver - waiting for locator By.id: new-password-account
[INFO ] 2018-03-11 19:07:43.204 [main] RFWebsiteDriver - Element found
[INFO ] 2018-03-11 19:07:43.556 [main] RFWebsiteDriver - TYPED text as = 111Maiden$ in password text field
[INFO ] 2018-03-11 19:07:43.564 [main] RFWebsiteDriver - wait started for By.id: new-password-account2
[INFO ] 2018-03-11 19:07:43.571 [main] RFWebsiteDriver - waiting for locator By.id: new-password-account2
[INFO ] 2018-03-11 19:07:44.047 [main] RFWebsiteDriver - Element found
[INFO ] 2018-03-11 19:07:44.401 [main] RFWebsiteDriver - TYPED text as = 111Maiden$ in confirm password text field
[INFO ] 2018-03-11 19:07:44.408 [main] RFWebsiteDriver - wait started for By.id: address-1
[INFO ] 2018-03-11 19:07:44.413 [main] RFWebsiteDriver - waiting for locator By.id: address-1
[INFO ] 2018-03-11 19:07:44.488 [main] RFWebsiteDriver - Element found
[INFO ] 2018-03-11 19:07:44.852 [main] RFWebsiteDriver - TYPED text as = 5502 54 St in addressLine 1 text field
[INFO ] 2018-03-11 19:07:44.859 [main] RFWebsiteDriver - wait started for By.id: city
[INFO ] 2018-03-11 19:07:44.864 [main] RFWebsiteDriver - waiting for locator By.id: city
[INFO ] 2018-03-11 19:07:44.941 [main] RFWebsiteDriver - Element found
[INFO ] 2018-03-11 19:07:45.295 [main] RFWebsiteDriver - TYPED text as = Bonnyville in city text field
[INFO ] 2018-03-11 19:07:55.542 [main] RFWebsiteDriver - CLICKED on state dropdown
[INFO ] 2018-03-11 19:07:55.549 [main] RFWebsiteDriver - wait started for By.xpath: //*[@id='state']//option[contains(text(),'Alberta')]
[INFO ] 2018-03-11 19:07:55.555 [main] RFWebsiteDriver - waiting for locator By.xpath: //*[@id='state']//option[contains(text(),'Alberta')]
[INFO ] 2018-03-11 19:07:55.635 [main] RFWebsiteDriver - Element found
[INFO ] 2018-03-11 19:07:55.640 [main] RFWebsiteDriver - state= Alberta ready to be clicked
[INFO ] 2018-03-11 19:07:55.816 [main] RFWebsiteDriver - CLICKED on state= Alberta
[INFO ] 2018-03-11 19:07:55.822 [main] RFWebsiteDriver - wait started for By.id: postcode
[INFO ] 2018-03-11 19:07:55.828 [main] RFWebsiteDriver - waiting for locator By.id: postcode
[INFO ] 2018-03-11 19:07:55.911 [main] RFWebsiteDriver - Element found
[INFO ] 2018-03-11 19:07:56.257 [main] RFWebsiteDriver - TYPED text as = T9N 2N8 in postal code text field
[INFO ] 2018-03-11 19:07:56.264 [main] RFWebsiteDriver - wait started for By.id: phonenumber
[INFO ] 2018-03-11 19:07:56.270 [main] RFWebsiteDriver - waiting for locator By.id: phonenumber
[INFO ] 2018-03-11 19:07:56.345 [main] RFWebsiteDriver - Element found
[INFO ] 2018-03-11 19:07:56.699 [main] RFWebsiteDriver - TYPED text as = 8067736419 in Phone number text field
[INFO ] 2018-03-11 19:07:56.897 [main] RFWebsiteDriver - wait started for By.id: enrollment-next-button
[INFO ] 2018-03-11 19:07:56.903 [main] RFWebsiteDriver - waiting for locator By.id: enrollment-next-button
[INFO ] 2018-03-11 19:07:56.975 [main] RFWebsiteDriver - Element found
[INFO ] 2018-03-11 19:07:56.981 [main] RFWebsiteDriver - next button ready to be clicked
[INFO ] 2018-03-11 19:07:58.042 [main] RFWebsiteDriver - CLICKED on 
[INFO ] 2018-03-11 19:07:58.052 [main] RFWebsiteDriver - CLICKED on next button
[INFO ] 2018-03-11 19:07:59.144 [main] RFWebsiteDriver - Waiting for loading image to get disappear
[INFO ] 2018-03-11 19:08:00.231 [main] RFWebsiteDriver - waiting..
[INFO ] 2018-03-11 19:08:00.327 [main] RFWebsiteDriver - loading image disappears
[INFO ] 2018-03-11 19:08:00.334 [main] RFWebsiteDriver - quick wait started for By.xpath: //*[contains(@id,'_AcceptOriginal')]
[INFO ] 2018-03-11 19:08:00.412 [main] RFWebsiteDriver - wait over,element found
[INFO ] 2018-03-11 19:08:00.418 [main] RFWebsiteDriver - waiting for locator By.xpath: //*[contains(@id,'_AcceptOriginal')]
[INFO ] 2018-03-11 19:08:00.489 [main] RFWebsiteDriver - Element found
[INFO ] 2018-03-11 19:08:05.243 [main] RFWebsiteDriver - CLICKED on Use as entered button
[INFO ] 2018-03-11 19:08:06.360 [main] RFWebsiteDriver - Waiting For Page load via JS
[INFO ] 2018-03-11 19:08:06.434 [main] RFWebsiteDriver - page load complete..
[INFO ] 2018-03-11 19:08:06.440 [main] RFWebsiteDriver - wait started for By.id: card-nr
[INFO ] 2018-03-11 19:08:06.446 [main] RFWebsiteDriver - waiting for locator By.id: card-nr
[INFO ] 2018-03-11 19:08:06.532 [main] RFWebsiteDriver - Element found
[INFO ] 2018-03-11 19:08:06.995 [main] RFWebsiteDriver - TYPED text as = 4747474747474747 in card number text field
[INFO ] 2018-03-11 19:08:17.432 [main] RFWebsiteDriver - CLICKED on expiry year
[INFO ] 2018-03-11 19:08:17.438 [main] RFWebsiteDriver - wait started for By.id: security-code
[INFO ] 2018-03-11 19:08:17.444 [main] RFWebsiteDriver - waiting for locator By.id: security-code
[INFO ] 2018-03-11 19:08:17.519 [main] RFWebsiteDriver - Element found
[INFO ] 2018-03-11 19:08:17.882 [main] RFWebsiteDriver - TYPED text as = 123 in  text field
[INFO ] 2018-03-11 19:08:17.888 [main] RFWebsiteDriver - wait started for By.id: card-name
[INFO ] 2018-03-11 19:08:17.894 [main] RFWebsiteDriver - waiting for locator By.id: card-name
[INFO ] 2018-03-11 19:08:17.969 [main] RFWebsiteDriver - Element found
[INFO ] 2018-03-11 19:08:18.348 [main] RFWebsiteDriver - TYPED text as = auto125208 in name on card text field
[INFO ] 2018-03-11 19:08:19.492 [main] StoreFrontRFWebsiteBasePage - New billing card exp month selected
[INFO ] 2018-03-11 19:08:20.440 [main] StoreFrontRFWebsiteBasePage - New billing card exp Year selected
[INFO ] 2018-03-11 19:08:20.446 [main] RFWebsiteDriver - wait started for By.id: security-code
[INFO ] 2018-03-11 19:08:20.452 [main] RFWebsiteDriver - waiting for locator By.id: security-code
[INFO ] 2018-03-11 19:08:20.520 [main] RFWebsiteDriver - Element found
[INFO ] 2018-03-11 19:08:20.820 [main] RFWebsiteDriver - TYPED text as = 123 in CVV text field
[INFO ] 2018-03-11 19:08:20.826 [main] RFWebsiteDriver - wait started for By.id: S-S-N
[INFO ] 2018-03-11 19:08:20.832 [main] RFWebsiteDriver - waiting for locator By.id: S-S-N
[INFO ] 2018-03-11 19:08:20.906 [main] RFWebsiteDriver - Element found
[INFO ] 2018-03-11 19:08:21.287 [main] RFWebsiteDriver - TYPED text as = 710656114 in Social Insurance Number text field
[INFO ] 2018-03-11 19:08:21.826 [main] RFWebsiteDriver - wait started for By.id: name-on-card
[INFO ] 2018-03-11 19:08:21.835 [main] RFWebsiteDriver - waiting for locator By.id: name-on-card
[INFO ] 2018-03-11 19:08:21.941 [main] RFWebsiteDriver - Element found
[INFO ] 2018-03-11 19:08:22.422 [main] RFWebsiteDriver - TYPED text as = Mary last in name on card text field
[INFO ] 2018-03-11 19:08:22.637 [main] RFWebsiteDriver - wait started for By.id: enrollment-next-button
[INFO ] 2018-03-11 19:08:22.643 [main] RFWebsiteDriver - waiting for locator By.id: enrollment-next-button
[INFO ] 2018-03-11 19:08:22.722 [main] RFWebsiteDriver - Element found
[INFO ] 2018-03-11 19:08:22.730 [main] RFWebsiteDriver - next button ready to be clicked
[INFO ] 2018-03-11 19:08:28.122 [main] RFWebsiteDriver - CLICKED on next button
[INFO ] 2018-03-11 19:08:29.271 [main] RFWebsiteDriver - quick wait started for By.xpath: //*[contains(@id,'_AcceptOriginal')]
[INFO ] 2018-03-11 19:08:30.341 [main] RFWebsiteDriver - waiting...
[INFO ] 2018-03-11 19:08:32.486 [main] RFWebsiteDriver - waiting...
[INFO ] 2018-03-11 19:08:33.625 [main] RFWebsiteDriver - waiting...
[INFO ] 2018-03-11 19:08:34.725 [main] RFWebsiteDriver - waiting...
[INFO ] 2018-03-11 19:08:35.837 [main] RFWebsiteDriver - waiting...
[INFO ] 2018-03-11 19:08:36.950 [main] RFWebsiteDriver - waiting...
[INFO ] 2018-03-11 19:08:38.052 [main] RFWebsiteDriver - waiting...
[INFO ] 2018-03-11 19:08:39.144 [main] RFWebsiteDriver - waiting...
[INFO ] 2018-03-11 19:08:40.269 [main] RFWebsiteDriver - waiting...
[INFO ] 2018-03-11 19:08:41.367 [main] RFWebsiteDriver - waiting...
[INFO ] 2018-03-11 19:08:41.385 [main] RFWebsiteDriver - ELEMENT NOT FOUND
[INFO ] 2018-03-11 19:08:41.397 [main] RFWebsiteDriver - waiting for locator By.xpath: //*[contains(@id,'_AcceptOriginal')]
[INFO ] 2018-03-11 19:08:46.971 [main] StoreFrontRFWebsiteBasePage - QAS Popup NOT present
[INFO ] 2018-03-11 19:08:48.107 [main] RFWebsiteDriver - Waiting For Page load via JS
[INFO ] 2018-03-11 19:08:48.167 [main] RFWebsiteDriver - page load complete..
[INFO ] 2018-03-11 19:08:48.619 [main] RFWebsiteDriver - wait started for By.id: enrollment-next-button
[INFO ] 2018-03-11 19:08:48.625 [main] RFWebsiteDriver - waiting for locator By.id: enrollment-next-button
[INFO ] 2018-03-11 19:08:48.700 [main] RFWebsiteDriver - Element found
[INFO ] 2018-03-11 19:08:48.705 [main] RFWebsiteDriver - next button ready to be clicked
[INFO ] 2018-03-11 19:08:54.674 [main] RFWebsiteDriver - CLICKED on 
[INFO ] 2018-03-11 19:08:54.682 [main] RFWebsiteDriver - CLICKED on next button
[INFO ] 2018-03-11 19:08:55.786 [main] RFWebsiteDriver - quick wait started for By.xpath: //*[contains(@id,'_AcceptOriginal')]
[INFO ] 2018-03-11 19:08:56.898 [main] RFWebsiteDriver - waiting...
[INFO ] 2018-03-11 19:08:58.000 [main] RFWebsiteDriver - waiting...
[INFO ] 2018-03-11 19:08:59.333 [main] RFWebsiteDriver - waiting...
[INFO ] 2018-03-11 19:09:00.624 [main] RFWebsiteDriver - waiting...
[INFO ] 2018-03-11 19:09:01.909 [main] RFWebsiteDriver - waiting...
[INFO ] 2018-03-11 19:09:03.047 [main] RFWebsiteDriver - waiting...
[INFO ] 2018-03-11 19:09:04.508 [main] RFWebsiteDriver - waiting...
[INFO ] 2018-03-11 19:09:05.808 [main] RFWebsiteDriver - waiting...
[INFO ] 2018-03-11 19:09:07.248 [main] RFWebsiteDriver - waiting...
[INFO ] 2018-03-11 19:09:08.849 [main] RFWebsiteDriver - waiting...
[INFO ] 2018-03-11 19:09:08.854 [main] RFWebsiteDriver - ELEMENT NOT FOUND
[INFO ] 2018-03-11 19:09:08.862 [main] RFWebsiteDriver - waiting for locator By.xpath: //*[contains(@id,'_AcceptOriginal')]
[INFO ] 2018-03-11 19:09:14.070 [main] StoreFrontRFWebsiteBasePage - QAS Popup NOT present
[INFO ] 2018-03-11 19:09:15.135 [main] RFWebsiteDriver - Waiting For Page load via JS
[INFO ] 2018-03-11 19:09:15.198 [main] RFWebsiteDriver - page load complete..
[INFO ] 2018-03-11 19:09:17.321 [main] StoreFrontHomePage - filter done for high to low price
[INFO ] 2018-03-11 19:09:17.327 [main] RFWebsiteDriver - Waiting For Page load via JS
[INFO ] 2018-03-11 19:09:17.392 [main] RFWebsiteDriver - page load complete..
[INFO ] 2018-03-11 19:09:19.130 [main] RFWebsiteDriver - CLICKED on first product
[INFO ] 2018-03-11 19:09:20.233 [main] RFWebsiteDriver - Waiting for loading image to get disappear
[INFO ] 2018-03-11 19:09:21.307 [main] RFWebsiteDriver - waiting..
[INFO ] 2018-03-11 19:09:23.389 [main] RFWebsiteDriver - loading image disappears
[INFO ] 2018-03-11 19:09:23.397 [main] RFWebsiteDriver - waiting for locator By.xpath: //*[@value='OK']
[INFO ] 2018-03-11 19:09:28.965 [main] RFWebsiteDriver - Waiting For Page load via JS
[INFO ] 2018-03-11 19:09:29.024 [main] RFWebsiteDriver - page load complete..
[INFO ] 2018-03-11 19:09:29.029 [main] RFWebsiteDriver - quick wait started for By.id: quantity0
[INFO ] 2018-03-11 19:09:29.104 [main] RFWebsiteDriver - wait over,element found
[INFO ] 2018-03-11 19:09:29.243 [main] RFWebsiteDriver - wait started for By.id: quantity0
[INFO ] 2018-03-11 19:09:29.250 [main] RFWebsiteDriver - waiting for locator By.id: quantity0
[INFO ] 2018-03-11 19:09:29.322 [main] RFWebsiteDriver - Element found
[INFO ] 2018-03-11 19:09:29.581 [main] RFWebsiteDriver - TYPED text as = 5 in  text field
[INFO ] 2018-03-11 19:09:29.587 [main] StoreFrontRFWebsiteBasePage - quantity added is 5
[INFO ] 2018-03-11 19:09:29.592 [main] RFWebsiteDriver - wait started for By.xpath: //div[@id='left-shopping']/div//a[@class='updateLink']
[INFO ] 2018-03-11 19:09:29.600 [main] RFWebsiteDriver - waiting for locator By.xpath: //div[@id='left-shopping']/div//a[@class='updateLink']
[INFO ] 2018-03-11 19:09:29.678 [main] RFWebsiteDriver - Element found
[INFO ] 2018-03-11 19:09:29.684 [main] RFWebsiteDriver -  ready to be clicked
[INFO ] 2018-03-11 19:09:31.386 [main] RFWebsiteDriver - CLICKED on 
[INFO ] 2018-03-11 19:09:31.392 [main] StoreFrontRFWebsiteBasePage - Update button clicked after adding quantity
[INFO ] 2018-03-11 19:09:31.398 [main] RFWebsiteDriver - Waiting For Page load via JS
[INFO ] 2018-03-11 19:09:31.457 [main] RFWebsiteDriver - page load complete..
[INFO ] 2018-03-11 19:09:35.677 [main] RFWebsiteDriver - CLICKED on Next button after adding quantity
[INFO ] 2018-03-11 19:09:36.790 [main] RFWebsiteDriver - Waiting for loading image to get disappear
[INFO ] 2018-03-11 19:09:37.864 [main] RFWebsiteDriver - waiting..
[INFO ] 2018-03-11 19:09:37.940 [main] RFWebsiteDriver - loading image disappears
[INFO ] 2018-03-11 19:09:37.946 [main] RFWebsiteDriver - wait started for By.xpath: //input[@id='policies-check']/..
[INFO ] 2018-03-11 19:09:37.952 [main] RFWebsiteDriver - waiting for locator By.xpath: //input[@id='policies-check']/..
[INFO ] 2018-03-11 19:09:38.027 [main] RFWebsiteDriver - Element found
[INFO ] 2018-03-11 19:09:38.340 [main] RFWebsiteDriver - CLICKED on Policies And Procedures CheckBox
[INFO ] 2018-03-11 19:09:39.348 [main] RFWebsiteDriver - wait started for By.xpath: //input[@id='acknowledge-check']/..
[INFO ] 2018-03-11 19:09:39.374 [main] RFWebsiteDriver - waiting for locator By.xpath: //input[@id='acknowledge-check']/..
[INFO ] 2018-03-11 19:09:39.490 [main] RFWebsiteDriver - Element found
[INFO ] 2018-03-11 19:09:39.801 [main] RFWebsiteDriver - CLICKED on I Acknowledge CheckBox
[INFO ] 2018-03-11 19:09:41.134 [main] RFWebsiteDriver - CLICKED on I Agree checkbox
[INFO ] 2018-03-11 19:09:42.141 [main] RFWebsiteDriver - wait started for By.xpath: //input[@id='terms-check']/..
[INFO ] 2018-03-11 19:09:42.167 [main] RFWebsiteDriver - waiting for locator By.xpath: //input[@id='terms-check']/..
[INFO ] 2018-03-11 19:09:42.278 [main] RFWebsiteDriver - Element found
[INFO ] 2018-03-11 19:09:42.583 [main] RFWebsiteDriver - CLICKED on erms And Conditions CheckBox
[INFO ] 2018-03-11 19:09:43.966 [main] RFWebsiteDriver - CLICKED on Charge and Enroll me button
[INFO ] 2018-03-11 19:10:05.085 [main] RFWebsiteDriver - CLICKED on Automatic payment confirmation button
[INFO ] 2018-03-11 19:10:06.189 [main] RFWebsiteDriver - wait started for By.id: Congrats
[INFO ] 2018-03-11 19:10:06.195 [main] RFWebsiteDriver - waiting for locator By.id: Congrats
[INFO ] 2018-03-11 19:10:06.268 [main] RFWebsiteDriver - Element found
[INFO ] 2018-03-11 19:10:06.584 [main] DataCreationTest - Top level consultant email : Mary@rodanandfields.com
[INFO ] 2018-03-11 19:10:06.591 [main] RFWebsiteDriver - wait started for By.xpath: //*[@title='Rodan+Fields']
[INFO ] 2018-03-11 19:10:06.597 [main] RFWebsiteDriver - waiting for locator By.xpath: //*[@title='Rodan+Fields']
[INFO ] 2018-03-11 19:10:06.671 [main] RFWebsiteDriver - Element found
[INFO ] 2018-03-11 19:10:06.677 [main] RFWebsiteDriver - R+F logo ready to be clicked
[INFO ] 2018-03-11 19:10:10.909 [main] RFWebsiteDriver - CLICKED on R+F logo
[INFO ] 2018-03-11 19:10:12.002 [main] RFWebsiteDriver - wait started for By.xpath: //*[@title='Rodan+Fields']
[INFO ] 2018-03-11 19:10:12.008 [main] RFWebsiteDriver - waiting for locator By.xpath: //*[@title='Rodan+Fields']
[INFO ] 2018-03-11 19:10:12.079 [main] RFWebsiteDriver - Element found
[INFO ] 2018-03-11 19:10:12.084 [main] RFWebsiteDriver - R+F logo ready to be clicked
[INFO ] 2018-03-11 19:10:15.768 [main] RFWebsiteDriver - CLICKED on R+F logo
[INFO ] 2018-03-11 19:10:16.853 [main] RFWebsiteDriver - wait started for By.id: account-info-button
[INFO ] 2018-03-11 19:10:16.863 [main] RFWebsiteDriver - waiting for locator By.id: account-info-button
[INFO ] 2018-03-11 19:10:16.960 [main] RFWebsiteDriver - Element found
[INFO ] 2018-03-11 19:10:16.967 [main] RFWebsiteDriver - wait started for By.id: account-info-button
[INFO ] 2018-03-11 19:10:16.973 [main] RFWebsiteDriver - waiting for locator By.id: account-info-button
[INFO ] 2018-03-11 19:10:17.041 [main] RFWebsiteDriver - Element found
[INFO ] 2018-03-11 19:10:17.047 [main] RFWebsiteDriver - Your account info ready to be clicked
[INFO ] 2018-03-11 19:10:17.212 [main] RFWebsiteDriver - CLICKED on Your account info
[INFO ] 2018-03-11 19:10:17.218 [main] RFWebsiteDriver - wait started for By.linkText: Log out
[INFO ] 2018-03-11 19:10:17.224 [main] RFWebsiteDriver - waiting for locator By.linkText: Log out
[INFO ] 2018-03-11 19:10:17.328 [main] RFWebsiteDriver - Element found
[INFO ] 2018-03-11 19:10:17.335 [main] RFWebsiteDriver - wait started for By.linkText: Log out
[INFO ] 2018-03-11 19:10:17.341 [main] RFWebsiteDriver - waiting for locator By.linkText: Log out
[INFO ] 2018-03-11 19:10:17.433 [main] RFWebsiteDriver - Element found
[INFO ] 2018-03-11 19:10:17.439 [main] RFWebsiteDriver - logout ready to be clicked
[INFO ] 2018-03-11 19:10:19.826 [main] RFWebsiteDriver - CLICKED on logout
[INFO ] 2018-03-11 19:10:19.832 [main] RFWebsiteDriver - Waiting For Page load via JS
[INFO ] 2018-03-11 19:10:19.890 [main] RFWebsiteDriver - page load complete..
[INFO ] 2018-03-11 19:10:22.944 [main] DBUtil - QUERY TRIGGERED IS select * from RFO_Accounts.AccountBase join RFO_Accounts.AccountContacts ON RFO_Accounts.AccountContacts.AccountId = RFO_Accounts.AccountBase.AccountID join RFO_Accounts.AccountEmails ON RFO_Accounts.AccountEmails.AccountContactId = RFO_Accounts.AccountContacts.AccountContactId join RFO_Accounts.EmailAddresses ON RFO_Accounts.EmailAddresses.EmailAddressID = RFO_Accounts.AccountEmails.EmailAddressId where RFO_Accounts.EmailAddresses.EmailAddress like 'Mary@rodanandfields.com'

[INFO ] 2018-03-11 19:10:23.720 [main] RFWebsiteBaseTest - Data returned by query: null
[INFO ] 2018-03-11 19:10:23.726 [main] RFWebsiteDriver - URL opened is http://www.corprfo.tst4.rodanandfields.com/ca/ca
[INFO ] 2018-03-11 19:10:24.318 [main] RFWebsiteDriver - wait started for By.cssSelector: a[id='corp-opp']
[INFO ] 2018-03-11 19:10:24.325 [main] RFWebsiteDriver - waiting for locator By.cssSelector: a[id='corp-opp']
[INFO ] 2018-03-11 19:10:24.422 [main] RFWebsiteDriver - Element found
[INFO ] 2018-03-11 19:10:24.429 [main] RFWebsiteDriver - wait started for By.cssSelector: a[id='corp-opp']
[INFO ] 2018-03-11 19:10:24.436 [main] RFWebsiteDriver - waiting for locator By.cssSelector: a[id='corp-opp']
[INFO ] 2018-03-11 19:10:24.528 [main] RFWebsiteDriver - Element found
[INFO ] 2018-03-11 19:10:24.536 [main] RFWebsiteDriver -  ready to be clicked
[INFO ] 2018-03-11 19:10:24.748 [main] RFWebsiteDriver - CLICKED on 
[INFO ] 2018-03-11 19:10:24.754 [main] StoreFrontHomePage - Our business Link clicked
[INFO ] 2018-03-11 19:10:24.762 [main] RFWebsiteDriver - wait started for By.cssSelector: a[title='Enroll Now']
[INFO ] 2018-03-11 19:10:24.771 [main] RFWebsiteDriver - waiting for locator By.cssSelector: a[title='Enroll Now']
[INFO ] 2018-03-11 19:10:24.875 [main] RFWebsiteDriver - Element found
[INFO ] 2018-03-11 19:10:24.883 [main] RFWebsiteDriver - wait started for By.cssSelector: a[title='Enroll Now']
[INFO ] 2018-03-11 19:10:24.892 [main] RFWebsiteDriver - waiting for locator By.cssSelector: a[title='Enroll Now']
[INFO ] 2018-03-11 19:10:24.989 [main] RFWebsiteDriver - Element found
[INFO ] 2018-03-11 19:10:24.997 [main] RFWebsiteDriver -  ready to be clicked
[INFO ] 2018-03-11 19:10:25.606 [main] RFWebsiteDriver - CLICKED on 
[INFO ] 2018-03-11 19:10:25.612 [main] StoreFrontHomePage - Enroll Now Link clicked
[INFO ] 2018-03-11 19:10:26.987 [main] RFWebsiteDriver - wait started for By.xpath: //*[@id='sponserparam' or @id='sponsor-name-id']
[INFO ] 2018-03-11 19:10:26.995 [main] RFWebsiteDriver - waiting for locator By.xpath: //*[@id='sponserparam' or @id='sponsor-name-id']
[INFO ] 2018-03-11 19:10:27.079 [main] RFWebsiteDriver - Element found
[INFO ] 2018-03-11 19:10:27.365 [main] RFWebsiteDriver - TYPED text as = null in sponsor search text field
[INFO ] 2018-03-11 19:10:37.613 [main] RFWebsiteDriver - CLICKED on sponsor search button
[INFO ] 2018-03-11 19:10:54.517 [main] RFWebsiteDriver - CLICKED on first sponsor result
[INFO ] 2018-03-11 19:10:54.523 [main] RFWebsiteDriver - Waiting For Page load via JS
[INFO ] 2018-03-11 19:10:54.584 [main] RFWebsiteDriver - page load complete..
[INFO ] 2018-03-11 19:10:54.590 [main] RFWebsiteDriver - wait started for By.xpath: //div[@class='enrollment-kits row']/descendant::*[contains(text(),'RFx Express Business Kit')]
[INFO ] 2018-03-11 19:10:54.597 [main] RFWebsiteDriver - waiting for locator By.xpath: //div[@class='enrollment-kits row']/descendant::*[contains(text(),'RFx Express Business Kit')]
[INFO ] 2018-03-11 19:10:54.675 [main] RFWebsiteDriver - Element found
[INFO ] 2018-03-11 19:10:54.682 [main] RFWebsiteDriver - kitname= RFx Express Business Kit ready to be clicked
[INFO ] 2018-03-11 19:10:54.888 [main] RFWebsiteDriver - CLICKED on kitname= RFx Express Business Kit
[INFO ] 2018-03-11 19:10:54.894 [main] RFWebsiteDriver - wait started for By.xpath: //span[@id='regimen-name' and contains(text(),'REDEFINE')]
[INFO ] 2018-03-11 19:10:54.903 [main] RFWebsiteDriver - waiting for locator By.xpath: //span[@id='regimen-name' and contains(text(),'REDEFINE')]
[INFO ] 2018-03-11 19:10:55.566 [main] RFWebsiteDriver - Element found
[INFO ] 2018-03-11 19:10:55.574 [main] RFWebsiteDriver - regimen= REDEFINE ready to be clicked
[INFO ] 2018-03-11 19:10:55.760 [main] RFWebsiteDriver - CLICKED on regimen= REDEFINE
[INFO ] 2018-03-11 19:10:55.768 [main] RFWebsiteDriver - wait started for By.id: next-button
[INFO ] 2018-03-11 19:10:55.775 [main] RFWebsiteDriver - waiting for locator By.id: next-button
[INFO ] 2018-03-11 19:10:55.848 [main] RFWebsiteDriver - Element found
[INFO ] 2018-03-11 19:10:55.853 [main] RFWebsiteDriver - Next button after selecting regimen ready to be clicked
[INFO ] 2018-03-11 19:10:57.229 [main] RFWebsiteDriver - CLICKED on Next button after selecting regimen
[INFO ] 2018-03-11 19:10:57.241 [main] RFWebsiteDriver - wait started for By.id: standard-enrollment
[INFO ] 2018-03-11 19:10:57.247 [main] RFWebsiteDriver - waiting for locator By.id: standard-enrollment
[INFO ] 2018-03-11 19:10:57.320 [main] RFWebsiteDriver - Element found
[INFO ] 2018-03-11 19:10:57.326 [main] RFWebsiteDriver - STANDARD ENROLLMENT ready to be clicked
[INFO ] 2018-03-11 19:10:57.499 [main] RFWebsiteDriver - CLICKED on STANDARD ENROLLMENT
[INFO ] 2018-03-11 19:10:57.506 [main] RFWebsiteDriver - wait started for By.cssSelector: input[value='Next']
[INFO ] 2018-03-11 19:10:57.512 [main] RFWebsiteDriver - waiting for locator By.cssSelector: input[value='Next']
[INFO ] 2018-03-11 19:10:57.587 [main] RFWebsiteDriver - Element found
[INFO ] 2018-03-11 19:10:57.593 [main] RFWebsiteDriver - Next button after selecting enrolmnt type ready to be clicked
[INFO ] 2018-03-11 19:10:58.347 [main] RFWebsiteDriver - CLICKED on Next button after selecting enrolmnt type
[INFO ] 2018-03-11 19:10:58.353 [main] RFWebsiteDriver - wait started for By.id: first-name
[INFO ] 2018-03-11 19:10:58.359 [main] RFWebsiteDriver - waiting for locator By.id: first-name
[INFO ] 2018-03-11 19:10:58.434 [main] RFWebsiteDriver - Element found
[INFO ] 2018-03-11 19:10:58.770 [main] RFWebsiteDriver - TYPED text as = Ramone in First Name text field
[INFO ] 2018-03-11 19:10:58.778 [main] RFWebsiteDriver - wait started for By.id: last-name
[INFO ] 2018-03-11 19:10:58.784 [main] RFWebsiteDriver - waiting for locator By.id: last-name
[INFO ] 2018-03-11 19:10:58.861 [main] RFWebsiteDriver - Element found
[INFO ] 2018-03-11 19:10:59.212 [main] RFWebsiteDriver - TYPED text as = Marine in Last Name text field
[INFO ] 2018-03-11 19:10:59.219 [main] RFWebsiteDriver - wait started for By.id: email-account
[INFO ] 2018-03-11 19:10:59.224 [main] RFWebsiteDriver - waiting for locator By.id: email-account
[INFO ] 2018-03-11 19:10:59.302 [main] RFWebsiteDriver - Element found
[INFO ] 2018-03-11 19:10:59.796 [main] RFWebsiteDriver - TYPED text as = Ramone125208@rodanandfields.com	 in Email Address text field
[INFO ] 2018-03-11 19:11:00.304 [main] RFWebsiteDriver - wait started for By.id: new-password-account
[INFO ] 2018-03-11 19:11:00.312 [main] RFWebsiteDriver - waiting for locator By.id: new-password-account
[INFO ] 2018-03-11 19:11:00.806 [main] RFWebsiteDriver - Element found
[INFO ] 2018-03-11 19:11:01.177 [main] RFWebsiteDriver - TYPED text as = 111Maiden$ in password text field
[INFO ] 2018-03-11 19:11:01.184 [main] RFWebsiteDriver - wait started for By.id: new-password-account2
[INFO ] 2018-03-11 19:11:01.192 [main] RFWebsiteDriver - waiting for locator By.id: new-password-account2
[INFO ] 2018-03-11 19:11:01.277 [main] RFWebsiteDriver - Element found
[INFO ] 2018-03-11 19:11:01.644 [main] RFWebsiteDriver - TYPED text as = 111Maiden$ in confirm password text field
[INFO ] 2018-03-11 19:11:01.650 [main] RFWebsiteDriver - wait started for By.id: address-1
[INFO ] 2018-03-11 19:11:01.658 [main] RFWebsiteDriver - waiting for locator By.id: address-1
[INFO ] 2018-03-11 19:11:01.738 [main] RFWebsiteDriver - Element found
[INFO ] 2018-03-11 19:11:02.112 [main] RFWebsiteDriver - TYPED text as = 5502 54 St in addressLine 1 text field
[INFO ] 2018-03-11 19:11:02.118 [main] RFWebsiteDriver - wait started for By.id: city
[INFO ] 2018-03-11 19:11:02.124 [main] RFWebsiteDriver - waiting for locator By.id: city
[INFO ] 2018-03-11 19:11:02.208 [main] RFWebsiteDriver - Element found
[INFO ] 2018-03-11 19:11:02.595 [main] RFWebsiteDriver - TYPED text as = Bonnyville in city text field
[INFO ] 2018-03-11 19:11:13.214 [main] RFWebsiteDriver - CLICKED on state dropdown
[INFO ] 2018-03-11 19:11:13.222 [main] RFWebsiteDriver - wait started for By.xpath: //*[@id='state']//option[contains(text(),'Alberta')]
[INFO ] 2018-03-11 19:11:13.228 [main] RFWebsiteDriver - waiting for locator By.xpath: //*[@id='state']//option[contains(text(),'Alberta')]
[INFO ] 2018-03-11 19:11:13.306 [main] RFWebsiteDriver - Element found
[INFO ] 2018-03-11 19:11:13.311 [main] RFWebsiteDriver - state= Alberta ready to be clicked
[INFO ] 2018-03-11 19:11:13.476 [main] RFWebsiteDriver - CLICKED on state= Alberta
[INFO ] 2018-03-11 19:11:13.483 [main] RFWebsiteDriver - wait started for By.id: postcode
[INFO ] 2018-03-11 19:11:13.490 [main] RFWebsiteDriver - waiting for locator By.id: postcode
[INFO ] 2018-03-11 19:11:13.576 [main] RFWebsiteDriver - Element found
[INFO ] 2018-03-11 19:11:13.925 [main] RFWebsiteDriver - TYPED text as = T9N 2N8 in postal code text field
[INFO ] 2018-03-11 19:11:13.932 [main] RFWebsiteDriver - wait started for By.id: phonenumber
[INFO ] 2018-03-11 19:11:13.938 [main] RFWebsiteDriver - waiting for locator By.id: phonenumber
[INFO ] 2018-03-11 19:11:14.016 [main] RFWebsiteDriver - Element found
[INFO ] 2018-03-11 19:11:14.359 [main] RFWebsiteDriver - TYPED text as = 8067736419 in Phone number text field
[INFO ] 2018-03-11 19:11:14.563 [main] RFWebsiteDriver - wait started for By.id: enrollment-next-button
[INFO ] 2018-03-11 19:11:14.569 [main] RFWebsiteDriver - waiting for locator By.id: enrollment-next-button
[INFO ] 2018-03-11 19:11:14.646 [main] RFWebsiteDriver - Element found
[INFO ] 2018-03-11 19:11:14.652 [main] RFWebsiteDriver - next button ready to be clicked
[INFO ] 2018-03-11 19:11:15.674 [main] RFWebsiteDriver - CLICKED on 
[INFO ] 2018-03-11 19:11:15.680 [main] RFWebsiteDriver - CLICKED on next button
[INFO ] 2018-03-11 19:11:16.820 [main] RFWebsiteDriver - quick wait started for By.xpath: //*[contains(@id,'_AcceptOriginal')]
[INFO ] 2018-03-11 19:11:16.893 [main] RFWebsiteDriver - wait over,element found
[INFO ] 2018-03-11 19:11:16.899 [main] RFWebsiteDriver - waiting for locator By.xpath: //*[contains(@id,'_AcceptOriginal')]
[INFO ] 2018-03-11 19:11:16.970 [main] RFWebsiteDriver - Element found
[INFO ] 2018-03-11 19:13:18.893 [main] RFWebsiteDriver - CLICKED on Use as entered button
[INFO ] 2018-03-11 19:13:19.984 [main] RFWebsiteDriver - Waiting For Page load via JS
[INFO ] 2018-03-11 19:13:20.043 [main] RFWebsiteDriver - page load complete..
[INFO ] 2018-03-11 19:13:20.050 [main] RFWebsiteDriver - wait started for By.id: card-nr
[INFO ] 2018-03-11 19:13:20.056 [main] RFWebsiteDriver - waiting for locator By.id: card-nr
[INFO ] 2018-03-11 19:14:52.050 [main] TestListner - [TEST HAS FAILED-------- Test case testLSDDataCreation has failed] due to reason:-<br>  org.openqa.selenium.NoSuchElementException: no such element: Unable to locate element: {"method":"id","selector":"card-nr"}
  (Session info: chrome=64.0.3282.186)
  (Driver info: chromedriver=2.33.506120 (e3e53437346286c0bc2d2dc9aa4915ba81d9023f),platform=Windows NT 10.0.10586 x86_64) (WARNING: The server did not provide any stacktrace information)
Command duration or timeout: 0 milliseconds
For documentation on this error, please visit: http://seleniumhq.org/exceptions/no_such_element.html
Build info: version: '3.7.1', revision: '8a0099a', time: '2017-11-06T21:01:39.354Z'
System info: host: 'LD-4V2P3G2', ip: '192.168.121.113', os.name: 'Windows 10', os.arch: 'amd64', os.version: '10.0', java.version: '1.8.0_161'
Driver info: org.openqa.selenium.chrome.ChromeDriver
Capabilities {acceptSslCerts: true, applicationCacheEnabled: false, browserConnectionEnabled: false, browserName: chrome, chrome: {chromedriverVersion: 2.33.506120 (e3e53437346286..., userDataDir: C:\Users\BPKOTA~1\AppData\L...}, cssSelectorsEnabled: true, databaseEnabled: false, handlesAlerts: true, hasTouchScreen: false, javascriptEnabled: true, locationContextEnabled: true, mobileEmulationEnabled: false, nativeEvents: true, networkConnectionEnabled: false, pageLoadStrategy: normal, platform: XP, platformName: XP, rotatable: false, setWindowRect: true, takesHeapSnapshot: true, takesScreenshot: true, unexpectedAlertBehaviour: , unhandledPromptBehavior: , version: 64.0.3282.186, webStorageEnabled: true}
Session ID: 70c9baf2739a31cbdbc8f3121f94ca8a
*** Element info: {Using=id, value=card-nr}
[INFO ] 2018-03-11 19:14:52.050 [main] RFWebsiteDriver - Taking Screenshot
[INFO ] 2018-03-11 19:14:52.711 [main] TestListner - Snapshot Path :<a href='C:\Users\bpkotamahanti\Bindu\Automation\qa-automation\output\Screenshots\testLSDDataCreation\testLSDDataCreation.png'>C:\Users\bpkotamahanti\Bindu\Automation\qa-automation\output\Screenshots\testLSDDataCreation\testLSDDataCreation.png</a>

