[DEBUG] 2018-03-18 18:25:48.238 [main] RFBaseTest - Started execution with  null
[INFO ] 2018-03-18 18:25:48.243 [main] RFBaseTest - Environment properties are not provided by the user ... loading the default properties
[INFO ] 2018-03-18 18:25:48.243 [main] RFBaseTest - Default Browser is  ------ chrome
[INFO ] 2018-03-18 18:25:48.243 [main] RFBaseTest - Default URL is  ------ https://skywalker.rodanandfields.com
[INFO ] 2018-03-18 18:25:48.244 [main] RFBaseTest - Default user password is  ------ 111Maiden$
[INFO ] 2018-03-18 18:25:48.244 [main] RFBaseTest - Default Country is  ------ us
[INFO ] 2018-03-18 18:25:48.244 [main] RFBaseTest - Default DB IP is  ------ 172.16.15.41
[INFO ] 2018-03-18 18:25:48.244 [main] RFBaseTest - Default DB Username is  ------ perftest
[INFO ] 2018-03-18 18:25:48.244 [main] RFBaseTest - Default DB Password is  ------ perftest
[INFO ] 2018-03-18 18:25:48.244 [main] RFBaseTest - Default DB Domain is  ------ RF
[INFO ] 2018-03-18 18:25:53.093 [main] RFWebsiteDriver - Window is maximized
[INFO ] 2018-03-18 18:25:53.094 [main] RFWebsiteDriver - All cookies deleted
[INFO ] 2018-03-18 18:25:53.095 [main] RFWebsiteDriver - URL opened is https://skywalker.rodanandfields.com
[INFO ] 2018-03-18 18:25:57.988 [main] RFLSDWebsiteBaseTest - Application loaded
[INFO ] 2018-03-18 18:25:58.001 [main] RFWebsiteDriver - DB connections are set
[INFO ] 2018-03-18 18:25:58.063 [main] DBUtil - QUERY TRIGGERED IS DECLARE @CurrentOpenPeriod INT = ( SELECT TOP 1
                                            PeriodID
                                   FROM     Commissions.reference.Periods
                                   WHERE    ClosedDate IS NULL
                                   ORDER BY PeriodID ASC
                                 ) ,
    @AccountID INT ,
    @UserName NVARCHAR(225) ,
    @Country NVARCHAR(225)

SELECT TOP 1
        @AccountID = ab.AccountID ,
        @UserName = ac.Username ,
        @Country = co.Alpha2Code
FROM    RFOperations.RFO_Accounts.AccountBase (NOLOCK) ab
        JOIN RFOperations.RFO_Accounts.AccountRF (NOLOCK) rf ON rf.AccountID = ab.AccountID
        JOIN RFOperations.Security.AccountSecurity (NOLOCK) ac ON ac.AccountID = ab.AccountID
        JOIN RFOperations.RFO_Reference.Countries (NOLOCK) co ON co.CountryID = ab.CountryID
WHERE   ab.AccountTypeID = 1
        AND ab.AccountStatusID = 1
        AND co.Alpha2Code = 'US'
        AND rf.Active = 1
        AND EXISTS ( SELECT 1
                     FROM   RFOperations.Hybris.Autoship (NOLOCK) a
                     WHERE  a.AccountID = ab.AccountID
                            AND a.AutoshipTypeID = 3
                            AND a.Active = 1 )
        AND EXISTS ( SELECT 1
                     FROM   Commissions.calcs.vwQualificationSummary v
                     WHERE  ab.AccountID = v.AccountID
                            AND v.PeriodID = @CurrentOpenPeriod
                            AND v.SV >= 100
                            AND v.PSQV >= 600 )
ORDER BY NEWID()

SELECT  ISNULL(@AccountID, 1496) AccountID ,
        ISNULL(@UserName, 'skincareconsultants@gmail.com') UserName ,
        ISNULL(@Country, 'US') Country ,
        @CurrentOpenPeriod CurrentOpenPeriod

[INFO ] 2018-03-18 18:25:59.476 [main] RFLSDWebsiteBaseTest - randomConsultantDetailsList:[{AccountID=1496, UserName=skincareconsultants@gmail.com, Country=US, CurrentOpenPeriod=201802}]
[INFO ] 2018-03-18 18:25:59.477 [main] RFLSDWebsiteBaseTest - Data returned by query: 1496
[INFO ] 2018-03-18 18:25:59.477 [main] RFLSDWebsiteBaseTest - Data returned by query: skincareconsultants@gmail.com
[INFO ] 2018-03-18 18:25:59.477 [main] RFLSDWebsiteBaseTest - userName:[{AccountID=1496, UserName=skincareconsultants@gmail.com, Country=US, CurrentOpenPeriod=201802}]
[INFO ] 2018-03-18 18:25:59.477 [main] RFWebsiteDriver - Waiting for LSD loading image to get disappear
[INFO ] 2018-03-18 18:26:00.049 [main] RFWebsiteDriver - LSD loading image disappears
[INFO ] 2018-03-18 18:26:00.123 [main] RFWebsiteDriver - waiting for locator By.id: username
[INFO ] 2018-03-18 18:26:00.134 [main] RFWebsiteDriver - Element found
[INFO ] 2018-03-18 18:26:00.135 [main] RFWebsiteDriver - Taking Screenshot
[INFO ] 2018-03-18 18:26:00.501 [main] RFWebsiteDriver - wait started for By.id: username
[INFO ] 2018-03-18 18:26:00.501 [main] RFWebsiteDriver - waiting for locator By.id: username
[INFO ] 2018-03-18 18:26:00.516 [main] RFWebsiteDriver - Element found
[INFO ] 2018-03-18 18:26:00.701 [main] RFWebsiteDriver - TYPED text as = skincareconsultants@gmail.com in  text field
[INFO ] 2018-03-18 18:26:00.702 [main] LSDLoginPage - username is skincareconsultants@gmail.com
[INFO ] 2018-03-18 18:26:00.702 [main] RFWebsiteDriver - wait started for By.id: password
[INFO ] 2018-03-18 18:26:00.702 [main] RFWebsiteDriver - waiting for locator By.id: password
[INFO ] 2018-03-18 18:26:00.720 [main] RFWebsiteDriver - Element found
[INFO ] 2018-03-18 18:26:00.835 [main] RFWebsiteDriver - TYPED text as = 111Maiden$ in  text field
[INFO ] 2018-03-18 18:26:00.835 [main] LSDLoginPage - password is 111Maiden$
[INFO ] 2018-03-18 18:26:00.835 [main] RFWebsiteDriver - wait started for By.id: button-login
[INFO ] 2018-03-18 18:26:00.836 [main] RFWebsiteDriver - waiting for locator By.id: button-login
[INFO ] 2018-03-18 18:26:00.852 [main] RFWebsiteDriver - Element found
[INFO ] 2018-03-18 18:26:00.853 [main] RFWebsiteDriver -  ready to be clicked
[INFO ] 2018-03-18 18:26:00.939 [main] RFWebsiteDriver - CLICKED on 
[INFO ] 2018-03-18 18:26:24.203 [main] RFWebsiteDriver - URL opened is https://skywalker.rodanandfields.com
[INFO ] 2018-03-18 18:26:24.858 [main] RFWebsiteDriver - Waiting for LSD loading image to get disappear
[INFO ] 2018-03-18 18:26:24.972 [main] RFWebsiteDriver - LSD Animation image disappears
[INFO ] 2018-03-18 18:26:24.973 [main] RFWebsiteDriver - waiting for locator By.id: button-login
[INFO ] 2018-03-18 18:26:30.380 [main] RFWebsiteDriver - waiting for locator By.xpath: //div[text()='Hello,']/following-sibling::div[contains(@class,'text-uppercase')]
[INFO ] 2018-03-18 18:26:30.389 [main] RFWebsiteDriver - Element found
[INFO ] 2018-03-18 18:26:30.400 [main] RFWebsiteDriver - waiting for locator By.xpath: //div[text()='Hello,']/following-sibling::div[contains(@class,'text-uppercase')]
[INFO ] 2018-03-18 18:26:30.410 [main] RFWebsiteDriver - Element found
[INFO ] 2018-03-18 18:26:30.442 [main] RFWebsiteDriver - TEXT fetched for First name in overview section is=SARAH
[INFO ] 2018-03-18 18:26:30.442 [main] RFLSDWebsiteBaseTest - Data returned by query: null
[INFO ] 2018-03-18 18:26:30.449 [main] RFWebsiteDriver - wait started for By.xpath: //div[@id='rf-nav-wrapper']/descendant::img[2]
[INFO ] 2018-03-18 18:26:30.449 [main] RFWebsiteDriver - waiting for locator By.xpath: //div[@id='rf-nav-wrapper']/descendant::img[2]
[INFO ] 2018-03-18 18:26:30.465 [main] RFWebsiteDriver - Element found
[INFO ] 2018-03-18 18:26:30.466 [main] RFWebsiteDriver - R+F logo ready to be clicked
[INFO ] 2018-03-18 18:26:30.554 [main] RFWebsiteDriver - CLICKED on R+F logo
[INFO ] 2018-03-18 18:26:30.639 [main] TestListner - 
******************************************************************************************************************************
					TEST CASE NAME:                  testSortingByQVLowToHigh_3011q
******************************************************************************************************************************
[INFO ] 2018-03-18 18:26:30.686 [main] RFWebsiteDriver - wait started for By.xpath: //div[@id='rf-nav-wrapper']/descendant::span[text()='Pulse'][1]
[INFO ] 2018-03-18 18:26:30.686 [main] RFWebsiteDriver - waiting for locator By.xpath: //div[@id='rf-nav-wrapper']/descendant::span[text()='Pulse'][1]
[INFO ] 2018-03-18 18:26:30.703 [main] RFWebsiteDriver - Element found
[INFO ] 2018-03-18 18:26:30.704 [main] RFWebsiteDriver -  ready to be clicked
[INFO ] 2018-03-18 18:26:30.782 [main] RFWebsiteDriver - CLICKED on 
[INFO ] 2018-03-18 18:26:30.782 [main] LSDHomePage - Clicked on Pulse Submenu from Top Navigation
[INFO ] 2018-03-18 18:26:30.831 [main] RFWebsiteDriver - wait started for By.xpath: //a[contains(text(),'Customers')]
[INFO ] 2018-03-18 18:26:30.832 [main] RFWebsiteDriver - waiting for locator By.xpath: //a[contains(text(),'Customers')]
[INFO ] 2018-03-18 18:26:30.841 [main] RFWebsiteDriver - Element found
[INFO ] 2018-03-18 18:26:30.841 [main] RFWebsiteDriver -  ready to be clicked
[INFO ] 2018-03-18 18:26:30.924 [main] RFWebsiteDriver - CLICKED on 
[INFO ] 2018-03-18 18:26:30.924 [main] LSDHomePage - SubMenu Link : Customers clicked
[INFO ] 2018-03-18 18:26:30.948 [main] RFWebsiteDriver - Waiting for spin image to get disappear0
[INFO ] 2018-03-18 18:26:30.957 [main] RFWebsiteDriver - spin image disappears
[INFO ] 2018-03-18 18:26:34.991 [main] RFWebsiteDriver - Waiting for spin image to get disappear3
[INFO ] 2018-03-18 18:26:36.003 [main] RFWebsiteDriver - waiting..
[INFO ] 2018-03-18 18:26:37.015 [main] RFWebsiteDriver - waiting..
[INFO ] 2018-03-18 18:26:38.028 [main] RFWebsiteDriver - waiting..
[INFO ] 2018-03-18 18:26:39.054 [main] RFWebsiteDriver - waiting..
[INFO ] 2018-03-18 18:26:40.066 [main] RFWebsiteDriver - waiting..
[INFO ] 2018-03-18 18:26:41.089 [main] RFWebsiteDriver - waiting..
[INFO ] 2018-03-18 18:26:42.111 [main] RFWebsiteDriver - waiting..
[INFO ] 2018-03-18 18:26:43.132 [main] RFWebsiteDriver - waiting..
[INFO ] 2018-03-18 18:26:44.140 [main] RFWebsiteDriver - waiting..
[INFO ] 2018-03-18 18:26:45.151 [main] RFWebsiteDriver - waiting..
[INFO ] 2018-03-18 18:26:46.164 [main] RFWebsiteDriver - waiting..
[INFO ] 2018-03-18 18:26:47.207 [main] RFWebsiteDriver - waiting..
[INFO ] 2018-03-18 18:26:48.222 [main] RFWebsiteDriver - waiting..
[INFO ] 2018-03-18 18:26:49.251 [main] RFWebsiteDriver - waiting..
[INFO ] 2018-03-18 18:26:50.271 [main] RFWebsiteDriver - waiting..
[INFO ] 2018-03-18 18:26:51.296 [main] RFWebsiteDriver - waiting..
[INFO ] 2018-03-18 18:26:52.318 [main] RFWebsiteDriver - waiting..
[INFO ] 2018-03-18 18:26:53.336 [main] RFWebsiteDriver - waiting..
[INFO ] 2018-03-18 18:26:54.348 [main] RFWebsiteDriver - waiting..
[INFO ] 2018-03-18 18:26:55.359 [main] RFWebsiteDriver - waiting..
[INFO ] 2018-03-18 18:26:55.359 [main] RFWebsiteDriver - waiting for locator By.xpath: //div[contains(@class,'white-fb')]/descendant::a[1]/descendant::span[2]
[INFO ] 2018-03-18 18:26:55.381 [main] RFWebsiteDriver - Element found
[INFO ] 2018-03-18 18:26:55.415 [main] RFWebsiteDriver - TEXT fetched for count of pc autoship orders for this month is=12
[INFO ] 2018-03-18 18:26:55.425 [main] RFWebsiteDriver - Waiting for spin image to get disappear2
[INFO ] 2018-03-18 18:26:56.439 [main] RFWebsiteDriver - waiting..
[INFO ] 2018-03-18 18:26:57.469 [main] RFWebsiteDriver - waiting..
[INFO ] 2018-03-18 18:26:57.482 [main] RFWebsiteDriver - spin image disappears
[INFO ] 2018-03-18 18:26:57.483 [main] RFWebsiteDriver - waiting for locator By.xpath: //div[contains(@class,'white-fb')]/descendant::a[2]/descendant::span[2]
[INFO ] 2018-03-18 18:26:57.507 [main] RFWebsiteDriver - Element found
[INFO ] 2018-03-18 18:26:57.549 [main] RFWebsiteDriver - TEXT fetched for count of pc autoship orders for next month is=7
[INFO ] 2018-03-18 18:26:57.559 [main] RFWebsiteDriver - Waiting for spin image to get disappear0
[INFO ] 2018-03-18 18:26:57.569 [main] RFWebsiteDriver - spin image disappears
[INFO ] 2018-03-18 18:26:57.569 [main] RFWebsiteDriver - waiting for locator By.xpath: //div[contains(@class,'white-fb')]/descendant::a[3]/descendant::span[2]
[INFO ] 2018-03-18 18:26:57.590 [main] RFWebsiteDriver - Element found
[INFO ] 2018-03-18 18:26:57.632 [main] RFWebsiteDriver - TEXT fetched for count of pc autoship orders for further out is=0
[INFO ] 2018-03-18 18:27:06.633 [main] RFWebsiteDriver - wait started for By.xpath: //div[contains(@class,'white-fb')]/descendant::a[1]/descendant::span[1]
[INFO ] 2018-03-18 18:27:06.633 [main] RFWebsiteDriver - waiting for locator By.xpath: //div[contains(@class,'white-fb')]/descendant::a[1]/descendant::span[1]
[INFO ] 2018-03-18 18:27:06.647 [main] RFWebsiteDriver - Element found
[INFO ] 2018-03-18 18:27:06.647 [main] RFWebsiteDriver - have orders for this month ready to be clicked
[INFO ] 2018-03-18 18:27:06.710 [main] RFWebsiteDriver - CLICKED on have orders for this month
[INFO ] 2018-03-18 18:27:06.821 [main] RFWebsiteDriver - CLICKED on 
[INFO ] 2018-03-18 18:27:06.822 [main] RFWebsiteDriver - wait started for By.xpath: //span[contains(text(),'Sorted by')]
[INFO ] 2018-03-18 18:27:06.822 [main] RFWebsiteDriver - waiting for locator By.xpath: //span[contains(text(),'Sorted by')]
[INFO ] 2018-03-18 18:27:07.855 [main] RFWebsiteDriver - Element found
[INFO ] 2018-03-18 18:27:07.855 [main] RFWebsiteDriver - filter ready to be clicked
[INFO ] 2018-03-18 18:27:07.919 [main] RFWebsiteDriver - CLICKED on filter
[INFO ] 2018-03-18 18:27:07.919 [main] RFWebsiteDriver - wait started for By.xpath: //span[contains(text(),'QV: Low to High')]
[INFO ] 2018-03-18 18:27:07.919 [main] RFWebsiteDriver - waiting for locator By.xpath: //span[contains(text(),'QV: Low to High')]
[INFO ] 2018-03-18 18:27:07.952 [main] RFWebsiteDriver - Element found
[INFO ] 2018-03-18 18:27:07.952 [main] RFWebsiteDriver - filter selected ready to be clicked
[INFO ] 2018-03-18 18:27:08.025 [main] RFWebsiteDriver - CLICKED on filter selected
[INFO ] 2018-03-18 18:27:08.209 [main] RFWebsiteDriver - Waiting For Page load via JS
[INFO ] 2018-03-18 18:27:08.225 [main] RFWebsiteDriver - page load complete..
[INFO ] 2018-03-18 18:27:08.234 [main] RFWebsiteDriver - Waiting for spin image to get disappear0
[INFO ] 2018-03-18 18:27:08.248 [main] RFWebsiteDriver - spin image disappears
[INFO ] 2018-03-18 18:27:08.248 [main] RFWebsiteDriver - wait started for By.xpath: //div[contains(@class,'white-fb')]/descendant::a[2]/descendant::span[1]
[INFO ] 2018-03-18 18:27:08.248 [main] RFWebsiteDriver - waiting for locator By.xpath: //div[contains(@class,'white-fb')]/descendant::a[2]/descendant::span[1]
[INFO ] 2018-03-18 18:27:08.268 [main] RFWebsiteDriver - Element found
[INFO ] 2018-03-18 18:27:08.268 [main] RFWebsiteDriver - have orders for this month ready to be clicked
[INFO ] 2018-03-18 18:27:08.390 [main] RFWebsiteDriver - CLICKED on have orders for this month
[INFO ] 2018-03-18 18:27:08.390 [main] RFWebsiteDriver - Waiting for LSD loading image to get disappear
[INFO ] 2018-03-18 18:27:09.412 [main] RFWebsiteDriver - waiting..
[INFO ] 2018-03-18 18:27:10.424 [main] RFWebsiteDriver - waiting..
[INFO ] 2018-03-18 18:27:11.453 [main] RFWebsiteDriver - waiting..
[INFO ] 2018-03-18 18:27:12.471 [main] RFWebsiteDriver - waiting..
[INFO ] 2018-03-18 18:27:13.489 [main] RFWebsiteDriver - waiting..
[INFO ] 2018-03-18 18:27:14.520 [main] RFWebsiteDriver - waiting..
[INFO ] 2018-03-18 18:27:15.529 [main] RFWebsiteDriver - waiting..
[INFO ] 2018-03-18 18:27:16.539 [main] RFWebsiteDriver - waiting..
[INFO ] 2018-03-18 18:27:17.555 [main] RFWebsiteDriver - waiting..
[INFO ] 2018-03-18 18:27:18.566 [main] RFWebsiteDriver - waiting..
[INFO ] 2018-03-18 18:27:19.592 [main] RFWebsiteDriver - waiting..
[INFO ] 2018-03-18 18:27:20.602 [main] RFWebsiteDriver - waiting..
[INFO ] 2018-03-18 18:27:21.630 [main] RFWebsiteDriver - waiting..
[INFO ] 2018-03-18 18:27:22.658 [main] RFWebsiteDriver - waiting..
[INFO ] 2018-03-18 18:27:23.693 [main] RFWebsiteDriver - waiting..
[INFO ] 2018-03-18 18:27:24.711 [main] RFWebsiteDriver - waiting..
[INFO ] 2018-03-18 18:27:25.733 [main] RFWebsiteDriver - waiting..
[INFO ] 2018-03-18 18:27:26.746 [main] RFWebsiteDriver - waiting..
[INFO ] 2018-03-18 18:27:27.778 [main] RFWebsiteDriver - waiting..
[INFO ] 2018-03-18 18:27:28.793 [main] RFWebsiteDriver - waiting..
[INFO ] 2018-03-18 18:27:28.793 [main] RFWebsiteDriver - wait started for By.xpath: //span[contains(text(),'Sorted by')]
[INFO ] 2018-03-18 18:27:28.793 [main] RFWebsiteDriver - waiting for locator By.xpath: //span[contains(text(),'Sorted by')]
[INFO ] 2018-03-18 18:27:28.802 [main] RFWebsiteDriver - Element found
[INFO ] 2018-03-18 18:27:28.803 [main] RFWebsiteDriver - filter ready to be clicked
[INFO ] 2018-03-18 18:27:28.865 [main] RFWebsiteDriver - CLICKED on filter
[INFO ] 2018-03-18 18:27:28.866 [main] RFWebsiteDriver - wait started for By.xpath: //span[contains(text(),'QV: Low to High')]
[INFO ] 2018-03-18 18:27:28.866 [main] RFWebsiteDriver - waiting for locator By.xpath: //span[contains(text(),'QV: Low to High')]
[INFO ] 2018-03-18 18:27:28.877 [main] RFWebsiteDriver - Element found
[INFO ] 2018-03-18 18:27:28.877 [main] RFWebsiteDriver - filter selected ready to be clicked
[INFO ] 2018-03-18 18:27:28.951 [main] RFWebsiteDriver - CLICKED on filter selected
[INFO ] 2018-03-18 18:27:29.268 [main] RFWebsiteDriver - Waiting For Page load via JS
[INFO ] 2018-03-18 18:27:29.280 [main] RFWebsiteDriver - page load complete..
[INFO ] 2018-03-18 18:27:29.280 [main] TestListner - [TEST IS SUCCESSFUL -------- Test case testSortingByQVLowToHigh_3011q has passed]
[INFO ] 2018-03-18 18:27:29.294 [main] RFWebsiteDriver - URL opened is https://skywalker.rodanandfields.com
[INFO ] 2018-03-18 18:27:29.877 [main] RFWebsiteDriver - Waiting for LSD loading image to get disappear
[INFO ] 2018-03-18 18:27:30.124 [main] RFWebsiteDriver - LSD Animation image disappears
[INFO ] 2018-03-18 18:27:30.125 [main] RFWebsiteDriver - Waiting for LSD loading image to get disappear
[INFO ] 2018-03-18 18:27:31.205 [main] RFWebsiteDriver - waiting..
[INFO ] 2018-03-18 18:27:32.223 [main] RFWebsiteDriver - waiting..
[INFO ] 2018-03-18 18:27:32.249 [main] RFWebsiteDriver - LSD loading image disappears
[INFO ] 2018-03-18 18:27:32.250 [main] RFWebsiteDriver - waiting for locator By.xpath: //div[@id='rf-nav-wrapper']/descendant::span[text()='Pulse'][1]
[INFO ] 2018-03-18 18:27:32.265 [main] RFWebsiteDriver - Element found
[INFO ] 2018-03-18 18:27:32.265 [main] RFWebsiteDriver - wait started for By.xpath: //div[@id='rf-nav-wrapper']/descendant::span[text()='Pulse'][1]
[INFO ] 2018-03-18 18:27:32.265 [main] RFWebsiteDriver - waiting for locator By.xpath: //div[@id='rf-nav-wrapper']/descendant::span[text()='Pulse'][1]
[INFO ] 2018-03-18 18:27:32.274 [main] RFWebsiteDriver - Element found
[INFO ] 2018-03-18 18:27:32.274 [main] RFWebsiteDriver - Pulse in top navigation ready to be clicked
[INFO ] 2018-03-18 18:27:32.346 [main] RFWebsiteDriver - CLICKED on Pulse in top navigation
[INFO ] 2018-03-18 18:27:32.346 [main] LSDRFWebsiteBasePage - Pulse in top navigation clicked
[INFO ] 2018-03-18 18:27:32.346 [main] LSDRFWebsiteBasePage - Logging out from pulse application
[INFO ] 2018-03-18 18:27:32.429 [main] RFWebsiteDriver - CLICKED on 
[INFO ] 2018-03-18 18:27:32.429 [main] RFWebsiteDriver - Waiting for LSD loading image to get disappear
[INFO ] 2018-03-18 18:27:32.440 [main] RFWebsiteDriver - LSD loading image disappears
