[DEBUG] 2018-04-08 17:03:49.985 [main] RFBaseTest - Started execution with  null
[INFO ] 2018-04-08 17:03:49.991 [main] RFBaseTest - Environment properties are not provided by the user ... loading the default properties
[INFO ] 2018-04-08 17:03:49.991 [main] RFBaseTest - Default Browser is  ------ chrome
[INFO ] 2018-04-08 17:03:49.991 [main] RFBaseTest - Default URL is  ------ https://www.corprfo.ppd2.rodanandfields.com
[INFO ] 2018-04-08 17:03:49.991 [main] RFBaseTest - Default user password is  ------ null
[INFO ] 2018-04-08 17:03:49.992 [main] RFBaseTest - Default Country is  ------ ca
[INFO ] 2018-04-08 17:03:49.992 [main] RFBaseTest - Default DB IP is  ------ 10.3.0.218
[INFO ] 2018-04-08 17:03:49.992 [main] RFBaseTest - Default DB Username is  ------ perftest
[INFO ] 2018-04-08 17:03:49.992 [main] RFBaseTest - Default DB Password is  ------ perftest
[INFO ] 2018-04-08 17:03:49.992 [main] RFBaseTest - Default DB Domain is  ------ RF
[INFO ] 2018-04-08 17:03:55.143 [main] RFWebsiteBaseTest - Application loaded
[INFO ] 2018-04-08 17:03:55.146 [main] RFWebsiteDriver - DB connections are set
[INFO ] 2018-04-08 17:03:55.200 [main] DBUtil - QUERY TRIGGERED IS USE RFOperations SET TRANSACTION  ISOLATION LEVEL READ UNCOMMITTED; BEGIN TRANSACTION SELECT TOP 1 ab.AccountID , ab.AccountNumber , [as].Username FROM    RFO_Accounts.AccountBase AS ab JOIN    RFO_Accounts.AccountRF AS ar ON ar.AccountID = ab.AccountID JOIN    Security.AccountSecurity AS [as] ON ab.AccountID = [as].AccountID WHERE   ab.CountryID = 40 AND ab.AccountTypeID = 1 AND NOT EXISTS ( SELECT 1 FROM   RFO_Accounts.AccountRF AS ar WHERE  ar.Active = 0 AND ar.HardTerminationDate IS NOT NULL AND ar.AccountID = ab.AccountID ) AND EXISTS ( SELECT 1 FROM   Hybris.Orders AS o WHERE  o.OrderTypeID = 3 AND o.OrderStatusID = 2 ) AND EXISTS ( SELECT 1 FROM   Hybris.Autoship AS a WHERE  a.AccountID = ab.AccountID AND a.AutoshipTypeID = 2 AND a.Active = 1 ) ORDER BY NEWID()

[INFO ] 2018-04-08 17:03:58.140 [main] RFWebsiteBaseTest - The sie of map is 3
[INFO ] 2018-04-08 17:03:58.140 [main] RFWebsiteBaseTest - Data returned by query: 39546497
[INFO ] 2018-04-08 17:03:58.140 [main] RFWebsiteDriver - URL opened is https://www.corprfo.ppd2.rodanandfields.com/ca
[INFO ] 2018-04-08 17:04:03.485 [main] RFWebsiteDriver - Waiting For Page load via JS
[INFO ] 2018-04-08 17:04:03.510 [main] RFWebsiteDriver - page load complete..
[INFO ] 2018-04-08 17:04:05.512 [main] DBUtil - QUERY TRIGGERED IS USE RFOperations SET TRANSACTION  ISOLATION LEVEL READ UNCOMMITTED; BEGIN TRANSACTION SELECT TOP 1 ab.AccountID , ab.AccountNumber , [as].Username FROM    RFO_Accounts.AccountBase AS ab JOIN    RFO_Accounts.AccountRF AS ar ON ar.AccountID = ab.AccountID JOIN    Security.AccountSecurity AS [as] ON ab.AccountID = [as].AccountID WHERE   ab.CountryID = 40 AND ab.AccountTypeID = 1 AND NOT EXISTS ( SELECT 1 FROM   RFO_Accounts.AccountRF AS ar WHERE  ar.Active = 0 AND ar.HardTerminationDate IS NOT NULL AND ar.AccountID = ab.AccountID ) AND EXISTS ( SELECT 1 FROM   Hybris.Orders AS o WHERE  o.OrderTypeID = 3 AND o.OrderStatusID = 2 ) AND EXISTS ( SELECT 1 FROM   Hybris.Autoship AS a WHERE  a.AccountID = ab.AccountID AND a.AutoshipTypeID = 2 AND a.Active = 1 ) ORDER BY NEWID()

[INFO ] 2018-04-08 17:04:05.953 [main] RFWebsiteBaseTest - The sie of map is 3
[INFO ] 2018-04-08 17:04:05.953 [main] RFWebsiteBaseTest - Data returned by query: pmlsheeley@yahoo.com
[INFO ] 2018-04-08 17:04:05.953 [main] RFWebsiteBaseTest - The sie of map is 3
[INFO ] 2018-04-08 17:04:05.954 [main] RFWebsiteBaseTest - Data returned by query: 38281461
[INFO ] 2018-04-08 17:04:05.954 [main] AddEditBillingTest - Account Id of the user is 38281461
[INFO ] 2018-04-08 17:04:11.040 [main] RFWebsiteDriver - CLICKED by JS on login icon
[INFO ] 2018-04-08 17:04:11.040 [main] RFWebsiteDriver - wait started for By.id: username
[INFO ] 2018-04-08 17:04:11.040 [main] RFWebsiteDriver - waiting for locator By.id: username
[INFO ] 2018-04-08 17:04:11.061 [main] RFWebsiteDriver - Element found
[INFO ] 2018-04-08 17:04:11.207 [main] RFWebsiteDriver - TYPED text as = pmlsheeley@yahoo.com in username text field
[INFO ] 2018-04-08 17:04:11.208 [main] RFWebsiteDriver - wait started for By.id: password
[INFO ] 2018-04-08 17:04:11.208 [main] RFWebsiteDriver - waiting for locator By.id: password
[INFO ] 2018-04-08 17:04:11.224 [main] RFWebsiteDriver - Element found
[INFO ] 2018-04-08 17:04:11.349 [main] RFWebsiteDriver - TYPED text as = 111Maiden$ in password text field
[INFO ] 2018-04-08 17:04:11.383 [main] RFWebsiteDriver - login button ready to be clicked
[INFO ] 2018-04-08 17:04:12.666 [main] RFWebsiteDriver - CLICKED on login button
[INFO ] 2018-04-08 17:04:12.666 [main] RFWebsiteDriver - Waiting For Page load via JS
[INFO ] 2018-04-08 17:04:12.682 [main] RFWebsiteDriver - page load complete..
[INFO ] 2018-04-08 17:04:12.717 [main] RFWebsiteDriver - quick wait started for By.xpath: //div[contains(@class,'fancybox-overlay')]//input[@id='renewLater']
[INFO ] 2018-04-08 17:04:13.733 [main] RFWebsiteDriver - waiting...
[INFO ] 2018-04-08 17:04:14.753 [main] RFWebsiteDriver - waiting...
[INFO ] 2018-04-08 17:04:14.753 [main] RFWebsiteDriver - ELEMENT NOT FOUND
[INFO ] 2018-04-08 17:04:14.784 [main] RFWebsiteDriver - Waiting For Page load via JS
[INFO ] 2018-04-08 17:04:14.791 [main] RFWebsiteDriver - page load complete..
[INFO ] 2018-04-08 17:04:14.798 [main] RFWebsiteDriver - current URL is https://www.corprfo.ppd2.rodanandfields.com/ca/
[INFO ] 2018-04-08 17:04:14.857 [main] RFWebsiteDriver - CLICKED by JS on Welcome Dropdown
[INFO ] 2018-04-08 17:04:14.857 [main] RFWebsiteDriver - wait started for By.xpath: //div[@id='account-info-button']//a[contains(text(),'CRP')]
[INFO ] 2018-04-08 17:04:14.857 [main] RFWebsiteDriver - waiting for locator By.xpath: //div[@id='account-info-button']//a[contains(text(),'CRP')]
[INFO ] 2018-04-08 17:04:35.076 [main] RFWebsiteDriver - URL opened is https://www.corprfo.ppd2.rodanandfields.com/ca
[INFO ] 2018-04-08 17:04:37.826 [main] RFWebsiteDriver - Waiting For Page load via JS
[INFO ] 2018-04-08 17:04:37.835 [main] RFWebsiteDriver - page load complete..
[INFO ] 2018-04-08 17:04:39.836 [main] DBUtil - QUERY TRIGGERED IS USE RFOperations SET TRANSACTION  ISOLATION LEVEL READ UNCOMMITTED; BEGIN TRANSACTION SELECT TOP 1 ab.AccountID , ab.AccountNumber , [as].Username FROM    RFO_Accounts.AccountBase AS ab JOIN    RFO_Accounts.AccountRF AS ar ON ar.AccountID = ab.AccountID JOIN    Security.AccountSecurity AS [as] ON ab.AccountID = [as].AccountID WHERE   ab.CountryID = 40 AND ab.AccountTypeID = 1 AND NOT EXISTS ( SELECT 1 FROM   RFO_Accounts.AccountRF AS ar WHERE  ar.Active = 0 AND ar.HardTerminationDate IS NOT NULL AND ar.AccountID = ab.AccountID ) AND EXISTS ( SELECT 1 FROM   Hybris.Orders AS o WHERE  o.OrderTypeID = 3 AND o.OrderStatusID = 2 ) AND EXISTS ( SELECT 1 FROM   Hybris.Autoship AS a WHERE  a.AccountID = ab.AccountID AND a.AutoshipTypeID = 2 AND a.Active = 1 ) ORDER BY NEWID()

[INFO ] 2018-04-08 17:04:41.055 [main] RFWebsiteBaseTest - The sie of map is 3
[INFO ] 2018-04-08 17:04:41.055 [main] RFWebsiteBaseTest - Data returned by query: monique.daigle@hotmail.com
[INFO ] 2018-04-08 17:04:41.055 [main] RFWebsiteBaseTest - The sie of map is 3
[INFO ] 2018-04-08 17:04:41.055 [main] RFWebsiteBaseTest - Data returned by query: 6908609
[INFO ] 2018-04-08 17:04:41.055 [main] AddEditBillingTest - Account Id of the user is 6908609
[INFO ] 2018-04-08 17:04:56.363 [main] TestListner - 
******************************************************************************************************************************
					TEST CASE NAME:                  testAddAndEditBillingProfileDuringPCRegistration_2044_2050
******************************************************************************************************************************
[INFO ] 2018-04-08 17:04:56.405 [main] TestListner - [TEST IS SKIPPED -------- Test case testAddAndEditBillingProfileDuringPCRegistration_2044_2050 skipped]
